ptd-server 2021-08-12 21:59:20,403 [INFO] Got command from the client 'time'
ptd-server 2021-08-12 21:59:20,403 [INFO] Sending reply to client '1628801960.403939'
ptd-server 2021-08-12 21:59:20,406 [INFO] Got command from the client 'new,,d763772f-21d1-4e42-ab2e-bd84198f65c9'
ptd-server 2021-08-12 21:59:20,407 [INFO] Sending reply to client 'OK 2021-08-12_21-59-20,64d4a0c9-7137-40ab-99dc-f829d51fcf4e'
ptd-server 2021-08-12 21:59:20,465 [INFO] Got command from the client 'time'
ptd-server 2021-08-12 21:59:20,465 [INFO] Sending reply to client '1628801960.4653385'
ptd-server 2021-08-12 21:59:20,468 [INFO] Got command from the client 'session,2021-08-12_21-59-20,start,ranging'
ptd-server 2021-08-12 21:59:20,468 [INFO] Running PTDaemon: ['/home/anton/projects/mlperf/power/inference_v1.0/ptd-linux-x86', '-l', '/tmp/tmp69denxsv/ptd_logfile.txt', '-p', '8888', '49', '/dev/usbtmc0']
ptd-server 2021-08-12 21:59:37,642 [INFO] Sending to ptd: 'Hello'
ptd-server 2021-08-12 21:59:37,642 [INFO] Reply from ptd: 'Hello, PTDaemon here!'
ptd-server 2021-08-12 21:59:37,643 [INFO] Sending to ptd: 'Identify'
ptd-server 2021-08-12 21:59:37,643 [INFO] Reply from ptd: 'YokogawaWT310E,1000,1,1,1,1,0,1,1,version=1.9.2-e8c7a49a-20201208,OS=Linux 5.11.0-25-generic #27~20.04.1-Ubuntu SMP Tue Jul 13 17:41:23 UTC 2021 x86_64,mode=power,1,1,1,0,0,no_cal_date,YOKOGAWA;WT310E;C3XA04010E;F1.04'
ptd-server 2021-08-12 21:59:37,643 [INFO] Connected to PTDaemon
ptd-server 2021-08-12 21:59:37,643 [INFO] Sending to ptd: 'RR'
ptd-server 2021-08-12 21:59:37,643 [INFO] Reply from ptd: 'Ranges,0,0.500000,0,300.000000'
ptd-server 2021-08-12 21:59:37,644 [INFO] Initial range for Amps is 0.500000 for Volts is 300.000000
ptd-server 2021-08-12 21:59:37,644 [INFO] Sending to ptd: 'SR,V,Auto'
ptd-server 2021-08-12 21:59:38,146 [INFO] Reply from ptd: 'Range V changed'
ptd-server 2021-08-12 21:59:38,146 [INFO] Sending to ptd: 'SR,A,Auto'
ptd-server 2021-08-12 21:59:38,649 [INFO] Reply from ptd: 'Range A changed'
ptd-server 2021-08-12 21:59:48,659 [INFO] Starting ranging mode
ptd-server 2021-08-12 21:59:48,659 [INFO] Sending to ptd: 'Go,1000,0,2021-08-12_21-59-20_ranging'
ptd-server 2021-08-12 21:59:48,660 [INFO] Reply from ptd: 'Starting untimed measurement, maximum 500000 samples at 1000ms with 0 rampup samples'
ptd-server 2021-08-12 21:59:48,660 [INFO] Sending reply to client 'OK'
ptd-server 2021-08-12 22:10:23,184 [INFO] Got command from the client 'session,2021-08-12_21-59-20,stop,ranging'
ptd-server 2021-08-12 22:10:33,194 [INFO] Sending to ptd: 'Stop'
ptd-server 2021-08-12 22:10:33,195 [INFO] Reply from ptd: 'Stopping untimed measurement'
ptd-server 2021-08-12 22:10:33,227 [INFO] Sending reply to client 'OK'
ptd-server 2021-08-12 22:10:33,362 [INFO] Got command from the client 'time'
ptd-server 2021-08-12 22:10:33,362 [INFO] Sending reply to client '1628802633.3623753'
ptd-server 2021-08-12 22:10:33,366 [INFO] Got command from the client 'session,2021-08-12_21-59-20,start,testing'
ptd-server 2021-08-12 22:10:33,366 [INFO] Sending to ptd: 'SR,V,248.980000'
ptd-server 2021-08-12 22:10:35,161 [INFO] Reply from ptd: 'Range V changed'
ptd-server 2021-08-12 22:10:35,161 [INFO] Sending to ptd: 'SR,A,0.172070'
ptd-server 2021-08-12 22:10:36,663 [INFO] Reply from ptd: 'Range A changed'
ptd-server 2021-08-12 22:10:46,673 [INFO] Starting testing mode
ptd-server 2021-08-12 22:10:46,673 [INFO] Sending to ptd: 'Go,1000,0,2021-08-12_21-59-20_testing'
ptd-server 2021-08-12 22:10:46,673 [INFO] Reply from ptd: 'Starting untimed measurement, maximum 500000 samples at 1000ms with 0 rampup samples'
ptd-server 2021-08-12 22:10:46,674 [INFO] Sending reply to client 'OK'
ptd-server 2021-08-12 22:21:22,676 [INFO] Got command from the client 'session,2021-08-12_21-59-20,stop,testing'
ptd-server 2021-08-12 22:21:32,686 [INFO] Sending to ptd: 'Stop'
ptd-server 2021-08-12 22:21:32,687 [INFO] Reply from ptd: 'Stopping untimed measurement'
ptd-server 2021-08-12 22:21:32,703 [INFO] Sending reply to client 'OK'
ptd-server 2021-08-12 22:21:32,745 [INFO] Got command from the client 'session,2021-08-12_21-59-20,done'
ptd-server 2021-08-12 22:21:32,745 [INFO] Sending to ptd: 'Stop'
ptd-server 2021-08-12 22:21:33,673 [INFO] Reply from ptd: 'Error: no measurement to stop'
ptd-server 2021-08-12 22:21:33,673 [INFO] Sending to ptd: 'SR,V,300.000000'
ptd-server 2021-08-12 22:21:35,175 [INFO] Reply from ptd: 'Range V changed'
ptd-server 2021-08-12 22:21:35,175 [INFO] Sending to ptd: 'SR,A,0.500000'
ptd-server 2021-08-12 22:21:36,676 [INFO] Reply from ptd: 'Range A changed'
ptd-server 2021-08-12 22:21:36,676 [INFO] Set initial values for Amps 0.500000 and Volts 300.000000
ptd-server 2021-08-12 22:21:36,677 [INFO] Stopping ptd...
