ptd-server 2021-08-13 02:18:54,064 [INFO] Got command from the client 'stop'
ptd-server 2021-08-13 02:18:54,064 [INFO] The server will be stopped after processing this client
ptd-server 2021-08-13 02:18:54,065 [INFO] Sending reply to client 'OK'
ptd-server 2021-08-13 02:18:54,074 [INFO] Got command from the client 'time'
ptd-server 2021-08-13 02:18:54,075 [INFO] Sending reply to client '1628821134.075031'
ptd-server 2021-08-13 02:18:54,076 [INFO] Got command from the client 'new,,7363addf-a9ad-4b0b-9ce8-e87dd868f3c7'
ptd-server 2021-08-13 02:18:54,077 [INFO] Sending reply to client 'OK 2021-08-13_02-18-54,5c875476-dbb3-4eee-9e64-2579a6fd06e5'
ptd-server 2021-08-13 02:18:54,082 [INFO] Got command from the client 'time'
ptd-server 2021-08-13 02:18:54,083 [INFO] Sending reply to client '1628821134.083591'
ptd-server 2021-08-13 02:18:54,084 [INFO] Got command from the client 'session,2021-08-13_02-18-54,start,ranging'
ptd-server 2021-08-13 02:18:54,188 [INFO] Running PTDaemon: ['.\\ptd-windows-x86.exe', '-l', 'C:\\Users\\root\\AppData\\Local\\Temp\\tmpc14n1v5i\\ptd_logfile.txt', '-p', '8888', '-g', '8', '1']
ptd-server 2021-08-13 02:19:06,966 [INFO] Sending to ptd: 'Hello'
ptd-server 2021-08-13 02:19:06,967 [INFO] Reply from ptd: 'Hello, PTDaemon here!'
ptd-server 2021-08-13 02:19:06,968 [INFO] Sending to ptd: 'Identify'
ptd-server 2021-08-13 02:19:06,968 [INFO] Reply from ptd: 'YokogawaWT210,1000,1,1,1,1,0,0,1,version=1.9.2-3976349f-20201208,OS=Windows 8 / Server 2012,mode=power,1,1,1,0,0,no_cal_date,YOKOGAWA;760401;0;F1.12'
ptd-server 2021-08-13 02:19:06,969 [INFO] Connected to PTDaemon
ptd-server 2021-08-13 02:19:06,970 [INFO] Sending to ptd: 'RR'
ptd-server 2021-08-13 02:19:06,970 [INFO] Reply from ptd: 'Ranges,1,5.000000,1,150.000000'
ptd-server 2021-08-13 02:19:06,971 [INFO] Initial range for Amps is Auto for Volts is Auto
ptd-server 2021-08-13 02:19:06,971 [INFO] Sending to ptd: 'SR,V,Auto'
ptd-server 2021-08-13 02:19:07,494 [INFO] Reply from ptd: 'Range V changed'
ptd-server 2021-08-13 02:19:07,495 [INFO] Sending to ptd: 'SR,A,Auto'
ptd-server 2021-08-13 02:19:08,018 [INFO] Reply from ptd: 'Range A changed'
ptd-server 2021-08-13 02:19:18,032 [INFO] Starting ranging mode
ptd-server 2021-08-13 02:19:18,033 [INFO] Sending to ptd: 'Go,1000,0,2021-08-13_02-18-54_ranging'
ptd-server 2021-08-13 02:19:18,033 [INFO] Reply from ptd: 'Starting untimed measurement, maximum 500000 samples at 1000ms with 0 rampup samples'
ptd-server 2021-08-13 02:19:18,034 [INFO] Sending reply to client 'OK'
ptd-server 2021-08-13 02:32:05,782 [INFO] Got command from the client 'session,2021-08-13_02-18-54,stop,ranging'
ptd-server 2021-08-13 02:32:15,793 [INFO] Sending to ptd: 'Stop'
ptd-server 2021-08-13 02:32:15,794 [INFO] Reply from ptd: 'Stopping untimed measurement'
ptd-server 2021-08-13 02:32:15,815 [INFO] Sending reply to client 'OK'
ptd-server 2021-08-13 02:32:15,830 [INFO] Got command from the client 'time'
ptd-server 2021-08-13 02:32:15,831 [INFO] Sending reply to client '1628821935.8311646'
ptd-server 2021-08-13 02:32:15,832 [INFO] Got command from the client 'session,2021-08-13_02-18-54,start,testing'
ptd-server 2021-08-13 02:32:15,832 [INFO] Sending to ptd: 'SR,V,122.170000'
ptd-server 2021-08-13 02:32:17,578 [INFO] Reply from ptd: 'Range V changed'
ptd-server 2021-08-13 02:32:17,579 [INFO] Sending to ptd: 'SR,A,4.762000'
ptd-server 2021-08-13 02:32:19,108 [INFO] Reply from ptd: 'Range A changed'
ptd-server 2021-08-13 02:32:29,120 [INFO] Starting testing mode
ptd-server 2021-08-13 02:32:29,121 [INFO] Sending to ptd: 'Go,1000,0,2021-08-13_02-18-54_testing'
ptd-server 2021-08-13 02:32:29,122 [INFO] Reply from ptd: 'Starting untimed measurement, maximum 500000 samples at 1000ms with 0 rampup samples'
ptd-server 2021-08-13 02:32:29,123 [INFO] Sending reply to client 'OK'
ptd-server 2021-08-13 02:45:17,950 [INFO] Got command from the client 'session,2021-08-13_02-18-54,stop,testing'
ptd-server 2021-08-13 02:45:27,952 [INFO] Sending to ptd: 'Stop'
ptd-server 2021-08-13 02:45:27,953 [INFO] Reply from ptd: 'Stopping untimed measurement'
ptd-server 2021-08-13 02:45:27,971 [INFO] Sending reply to client 'OK'
ptd-server 2021-08-13 02:45:27,978 [INFO] Got command from the client 'session,2021-08-13_02-18-54,done'
ptd-server 2021-08-13 02:45:27,979 [INFO] Sending to ptd: 'Stop'
ptd-server 2021-08-13 02:45:28,127 [INFO] Reply from ptd: 'Error: no measurement to stop'
ptd-server 2021-08-13 02:45:28,128 [INFO] Sending to ptd: 'SR,V,Auto'
ptd-server 2021-08-13 02:45:28,656 [INFO] Reply from ptd: 'Range V changed'
ptd-server 2021-08-13 02:45:28,657 [INFO] Sending to ptd: 'SR,A,Auto'
ptd-server 2021-08-13 02:45:29,184 [INFO] Reply from ptd: 'Range A changed'
ptd-server 2021-08-13 02:45:29,185 [INFO] Set initial values for Amps Auto and Volts Auto
ptd-server 2021-08-13 02:45:29,186 [INFO] Stopping ptd...
