client 2021-08-12 22:55:47,134 [INFO] Sending command to the server: 'mlcommons/power client v3'
client 2021-08-12 22:55:47,136 [INFO] Got response: 'mlcommons/power server v3'
client 2021-08-12 22:55:47,136 [INFO] Sending command to the server: 'stop'
client 2021-08-12 22:55:47,138 [INFO] Got response: 'OK'
client 2021-08-12 22:55:47,139 [INFO] Synchronizing with the server and with 100.64.0.18...
client 2021-08-12 22:55:47,144 [INFO] NTP:offset = 0.000 s, delay = 0.001 s 
client 2021-08-12 22:55:47,144 [INFO] Sending command to the server: 'time'
client 2021-08-12 22:55:47,146 [INFO] Got response: '1628808947.067656'
client 2021-08-12 22:55:47,146 [INFO] The time difference between the client and the server is within range 77.041 ms..79.051 ms
client 2021-08-12 22:55:47,146 [INFO] Sending command to the server: 'new,,20a33f88-a8c9-4389-96e7-e22928d223d5'
client 2021-08-12 22:55:47,149 [INFO] Got response: 'OK 2021-08-12_22-55-47,22117607-f145-44bd-9d77-5af1bd5b0fde'
client 2021-08-12 22:55:47,149 [INFO] Session id is '2021-08-12_22-55-47'
client 2021-08-12 22:55:47,150 [INFO] Sources: {"sources": {"__init__.py": "da39a3ee5e6b4b0d3255bfef95601890afd80709", "client.py": "33ca4f26368777ac06e01f9567b714a4b8063886", "lib/__init__.py": "da39a3ee5e6b4b0d3255bfef95601890afd80709", "lib/client.py": "4c2b78fb4849a7e5b584ef792d82aaed20b17f57", "lib/common.py": "624d0c0acc7c39aaff3674f0b99d6a09da53d1dc", "lib/external/__init__.py": "da39a3ee5e6b4b0d3255bfef95601890afd80709", "lib/external/ntplib.py": "4da8f970656505a40483206ef2b5d3dd5e81711d", "lib/server.py": "59c9fb92908260d3e9f81a895c7aa009742275e4", "lib/source_hashes.py": "60a2e02193209e8d392803326208d5466342da18", "lib/summary.py": "aa92f0a3f975eecd44d3c0cd0236342ccc9f941d", "lib/time_sync.py": "3210db56eb0ff0df57bf4293dc4d4b03fffd46f1", "server.py": "c3f90f2f7eeb4db30727556d0c815ebc89b3d28b", "tests/unit/__init__.py": "da39a3ee5e6b4b0d3255bfef95601890afd80709", "tests/unit/test_server.py": "99ae15aef722f2000ee6ed1ae1523637bf1ae42b", "tests/unit/test_source_hashes.py": "00468a2907583c593e6574a1f6b404e4651c221a"}, "modules": {"ptd_client_server.lib.client": "lib/client.py", "ptd_client_server.lib.common": "lib/common.py", "ptd_client_server.lib.external.ntplib": "lib/external/ntplib.py", "ptd_client_server.lib.source_hashes": "lib/source_hashes.py", "ptd_client_server.lib.summary": "lib/summary.py", "ptd_client_server.lib.time_sync": "lib/time_sync.py"}}
client 2021-08-12 22:55:47,150 [INFO] Running workload in ranging mode
client 2021-08-12 22:55:47,150 [INFO] Synchronizing with the server and with 100.64.0.18...
client 2021-08-12 22:55:47,152 [INFO] NTP:offset = 0.000 s, delay = 0.001 s 
client 2021-08-12 22:55:47,152 [INFO] Sending command to the server: 'time'
client 2021-08-12 22:55:47,154 [INFO] Got response: '1628808947.067656'
client 2021-08-12 22:55:47,154 [INFO] The time difference between the client and the server is within range 84.999 ms..86.935 ms
client 2021-08-12 22:55:47,154 [INFO] Sending command to the server: 'session,2021-08-12_22-55-47,start,ranging'
client 2021-08-12 22:56:10,979 [INFO] Got response: 'OK'
client 2021-08-12 22:56:10,980 [INFO] Running the workload 'LOG_DIR=/work/build/power_logs_temp python3 code/main.py --benchmarks=bert --scenarios=Offline --config_ver=maxq--test_mode=PerformanceOnly --action="run_harness" \\\n\t\t&& if [ ! -d /work/build/power_logs/2021.08.12-22.55.41/ranging_tmp ]; \\\n\t\t\tthen mkdir /work/build/power_logs/2021.08.12-22.55.41/ranging_tmp \\\n\t\t\t\t&& mv /work/build/power_logs_temp/* /work/build/power_logs/2021.08.12-22.55.41/ranging_tmp/ \\\n\t\t\t\t&& cp -v /work/build/power_logs/2021.08.12-22.55.41/ranging_tmp/*/*/*/mlperf_log_detail.txt /work/build/power_logs_temp/ \\\n\t\t\t\t&& cp -v /work/build/power_logs/2021.08.12-22.55.41/ranging_tmp/*/*/*/mlperf_log_summary.txt /work/build/power_logs_temp/; \\\n\t\t\telse mkdir /work/build/power_logs/2021.08.12-22.55.41/testing_tmp \\\n\t\t\t\t&& mv /work/build/power_logs_temp/* /work/build/power_logs/2021.08.12-22.55.41/testing_tmp/ \\\n\t\t\t\t&& cp -v /work/build/power_logs/2021.08.12-22.55.41/testing_tmp/*/*/*/mlperf_log_detail.txt /work/build/power_logs_temp/ \\\n\t\t\t\t&& cp -v /work/build/power_logs/2021.08.12-22.55.41/testing_tmp/*/*/*/mlperf_log_summary.txt /work/build/power_logs_temp/; fi'
client 2021-08-12 23:08:17,235 [INFO] Sending command to the server: 'session,2021-08-12_22-55-47,stop,ranging'
client 2021-08-12 23:08:27,282 [INFO] Got response: 'OK'
client 2021-08-12 23:08:27,291 [INFO] Copying loadgen logs from '/work/build/power_logs_temp' to '/work/build/power_logs/2021.08.12-22.55.41/2021-08-12_22-55-47/ranging'
client 2021-08-12 23:08:27,292 [INFO] Running workload in testing mode
client 2021-08-12 23:08:27,292 [INFO] Synchronizing with the server and with 100.64.0.18...
client 2021-08-12 23:08:27,295 [INFO] NTP:offset = 0.001 s, delay = 0.001 s 
client 2021-08-12 23:08:27,295 [INFO] Sending command to the server: 'time'
client 2021-08-12 23:08:27,297 [INFO] Got response: '1628809707.2072463'
client 2021-08-12 23:08:27,297 [INFO] The time difference between the client and the server is within range 87.990 ms..90.069 ms
client 2021-08-12 23:08:27,297 [INFO] Sending command to the server: 'session,2021-08-12_22-55-47,start,testing'
client 2021-08-12 23:08:41,076 [INFO] Got response: 'OK'
client 2021-08-12 23:08:41,076 [INFO] Running the workload 'LOG_DIR=/work/build/power_logs_temp python3 code/main.py --benchmarks=bert --scenarios=Offline --config_ver=maxq--test_mode=PerformanceOnly --action="run_harness" \\\n\t\t&& if [ ! -d /work/build/power_logs/2021.08.12-22.55.41/ranging_tmp ]; \\\n\t\t\tthen mkdir /work/build/power_logs/2021.08.12-22.55.41/ranging_tmp \\\n\t\t\t\t&& mv /work/build/power_logs_temp/* /work/build/power_logs/2021.08.12-22.55.41/ranging_tmp/ \\\n\t\t\t\t&& cp -v /work/build/power_logs/2021.08.12-22.55.41/ranging_tmp/*/*/*/mlperf_log_detail.txt /work/build/power_logs_temp/ \\\n\t\t\t\t&& cp -v /work/build/power_logs/2021.08.12-22.55.41/ranging_tmp/*/*/*/mlperf_log_summary.txt /work/build/power_logs_temp/; \\\n\t\t\telse mkdir /work/build/power_logs/2021.08.12-22.55.41/testing_tmp \\\n\t\t\t\t&& mv /work/build/power_logs_temp/* /work/build/power_logs/2021.08.12-22.55.41/testing_tmp/ \\\n\t\t\t\t&& cp -v /work/build/power_logs/2021.08.12-22.55.41/testing_tmp/*/*/*/mlperf_log_detail.txt /work/build/power_logs_temp/ \\\n\t\t\t\t&& cp -v /work/build/power_logs/2021.08.12-22.55.41/testing_tmp/*/*/*/mlperf_log_summary.txt /work/build/power_logs_temp/; fi'
client 2021-08-12 23:20:47,364 [INFO] Sending command to the server: 'session,2021-08-12_22-55-47,stop,testing'
client 2021-08-12 23:20:57,397 [INFO] Got response: 'OK'
client 2021-08-12 23:20:57,399 [INFO] Copying loadgen logs from '/work/build/power_logs_temp' to '/work/build/power_logs/2021.08.12-22.55.41/2021-08-12_22-55-47/run_1'
client 2021-08-12 23:20:57,400 [INFO] Done runs
