ptd-server 2021-08-12 22:55:47,052 [INFO] Got command from the client 'stop'
ptd-server 2021-08-12 22:55:47,052 [INFO] The server will be stopped after processing this client
ptd-server 2021-08-12 22:55:47,052 [INFO] Sending reply to client 'OK'
ptd-server 2021-08-12 22:55:47,067 [INFO] Got command from the client 'time'
ptd-server 2021-08-12 22:55:47,067 [INFO] Sending reply to client '1628808947.067656'
ptd-server 2021-08-12 22:55:47,067 [INFO] Got command from the client 'new,,20a33f88-a8c9-4389-96e7-e22928d223d5'
ptd-server 2021-08-12 22:55:47,067 [INFO] Sending reply to client 'OK 2021-08-12_22-55-47,22117607-f145-44bd-9d77-5af1bd5b0fde'
ptd-server 2021-08-12 22:55:47,067 [INFO] Got command from the client 'time'
ptd-server 2021-08-12 22:55:47,067 [INFO] Sending reply to client '1628808947.067656'
ptd-server 2021-08-12 22:55:47,067 [INFO] Got command from the client 'session,2021-08-12_22-55-47,start,ranging'
ptd-server 2021-08-12 22:55:47,177 [INFO] Running PTDaemon: ['.\\ptd-windows-x86.exe', '-l', 'C:\\Users\\root\\AppData\\Local\\Temp\\tmpz_yrylur\\ptd_logfile.txt', '-p', '8888', '-g', '8', '1']
ptd-server 2021-08-12 22:55:59,856 [INFO] Sending to ptd: 'Hello'
ptd-server 2021-08-12 22:55:59,856 [INFO] Reply from ptd: 'Hello, PTDaemon here!'
ptd-server 2021-08-12 22:55:59,856 [INFO] Sending to ptd: 'Identify'
ptd-server 2021-08-12 22:55:59,856 [INFO] Reply from ptd: 'YokogawaWT210,1000,1,1,1,1,0,0,1,version=1.9.2-3976349f-20201208,OS=Windows 8 / Server 2012,mode=power,1,1,1,0,0,no_cal_date,YOKOGAWA;760401;0;F1.12'
ptd-server 2021-08-12 22:55:59,856 [INFO] Connected to PTDaemon
ptd-server 2021-08-12 22:55:59,856 [INFO] Sending to ptd: 'RR'
ptd-server 2021-08-12 22:55:59,856 [INFO] Reply from ptd: 'Ranges,0,5.000000,0,150.000000'
ptd-server 2021-08-12 22:55:59,856 [INFO] Initial range for Amps is 5.000000 for Volts is 150.000000
ptd-server 2021-08-12 22:55:59,856 [INFO] Sending to ptd: 'SR,V,Auto'
ptd-server 2021-08-12 22:56:00,381 [INFO] Reply from ptd: 'Range V changed'
ptd-server 2021-08-12 22:56:00,381 [INFO] Sending to ptd: 'SR,A,Auto'
ptd-server 2021-08-12 22:56:00,896 [INFO] Reply from ptd: 'Range A changed'
ptd-server 2021-08-12 22:56:10,898 [INFO] Starting ranging mode
ptd-server 2021-08-12 22:56:10,898 [INFO] Sending to ptd: 'Go,1000,0,2021-08-12_22-55-47_ranging'
ptd-server 2021-08-12 22:56:10,898 [INFO] Reply from ptd: 'Starting untimed measurement, maximum 500000 samples at 1000ms with 0 rampup samples'
ptd-server 2021-08-12 22:56:10,898 [INFO] Sending reply to client 'OK'
ptd-server 2021-08-12 23:08:17,156 [INFO] Got command from the client 'session,2021-08-12_22-55-47,stop,ranging'
ptd-server 2021-08-12 23:08:27,160 [INFO] Sending to ptd: 'Stop'
ptd-server 2021-08-12 23:08:27,160 [INFO] Reply from ptd: 'Stopping untimed measurement'
ptd-server 2021-08-12 23:08:27,191 [INFO] Sending reply to client 'OK'
ptd-server 2021-08-12 23:08:27,207 [INFO] Got command from the client 'time'
ptd-server 2021-08-12 23:08:27,207 [INFO] Sending reply to client '1628809707.2072463'
ptd-server 2021-08-12 23:08:27,207 [INFO] Got command from the client 'session,2021-08-12_22-55-47,start,testing'
ptd-server 2021-08-12 23:08:27,207 [INFO] Sending to ptd: 'SR,V,118.930000'
ptd-server 2021-08-12 23:08:29,457 [INFO] Reply from ptd: 'Range V changed'
ptd-server 2021-08-12 23:08:29,457 [INFO] Sending to ptd: 'SR,A,3.553000'
ptd-server 2021-08-12 23:08:30,979 [INFO] Reply from ptd: 'Range A changed'
ptd-server 2021-08-12 23:08:40,992 [INFO] Starting testing mode
ptd-server 2021-08-12 23:08:40,992 [INFO] Sending to ptd: 'Go,1000,0,2021-08-12_22-55-47_testing'
ptd-server 2021-08-12 23:08:40,992 [INFO] Reply from ptd: 'Starting untimed measurement, maximum 500000 samples at 1000ms with 0 rampup samples'
ptd-server 2021-08-12 23:08:40,992 [INFO] Sending reply to client 'OK'
ptd-server 2021-08-12 23:20:47,278 [INFO] Got command from the client 'session,2021-08-12_22-55-47,stop,testing'
ptd-server 2021-08-12 23:20:57,284 [INFO] Sending to ptd: 'Stop'
ptd-server 2021-08-12 23:20:57,284 [INFO] Reply from ptd: 'Stopping untimed measurement'
ptd-server 2021-08-12 23:20:57,300 [INFO] Sending reply to client 'OK'
ptd-server 2021-08-12 23:20:57,316 [INFO] Got command from the client 'session,2021-08-12_22-55-47,done'
ptd-server 2021-08-12 23:20:57,316 [INFO] Sending to ptd: 'Stop'
ptd-server 2021-08-12 23:20:58,004 [INFO] Reply from ptd: 'Error: no measurement to stop'
ptd-server 2021-08-12 23:20:58,004 [INFO] Sending to ptd: 'SR,V,150.000000'
ptd-server 2021-08-12 23:20:59,535 [INFO] Reply from ptd: 'Range V changed'
ptd-server 2021-08-12 23:20:59,535 [INFO] Sending to ptd: 'SR,A,5.000000'
ptd-server 2021-08-12 23:21:01,063 [INFO] Reply from ptd: 'Range A changed'
ptd-server 2021-08-12 23:21:01,063 [INFO] Set initial values for Amps 5.000000 and Volts 150.000000
ptd-server 2021-08-12 23:21:01,063 [INFO] Stopping ptd...
