ptd-server 2021-08-18 16:20:12,955 [INFO] Got command from the client 'stop'
ptd-server 2021-08-18 16:20:12,955 [INFO] The server will be stopped after processing this client
ptd-server 2021-08-18 16:20:12,955 [INFO] Sending reply to client 'OK'
ptd-server 2021-08-18 16:20:12,971 [INFO] Got command from the client 'time'
ptd-server 2021-08-18 16:20:12,971 [INFO] Sending reply to client '1629303612.9710495'
ptd-server 2021-08-18 16:20:12,971 [INFO] Got command from the client 'new,,8171c723-c70c-4b9e-8aeb-6a3631c7d629'
ptd-server 2021-08-18 16:20:12,971 [INFO] Sending reply to client 'OK 2021-08-18_16-20-12,2600cb3b-5250-444e-b29c-4caae300907f'
ptd-server 2021-08-18 16:20:12,971 [INFO] Got command from the client 'time'
ptd-server 2021-08-18 16:20:12,971 [INFO] Sending reply to client '1629303612.9710495'
ptd-server 2021-08-18 16:20:12,971 [INFO] Got command from the client 'session,2021-08-18_16-20-12,start,ranging'
ptd-server 2021-08-18 16:20:13,080 [INFO] Running PTDaemon: ['C:\\PTD\\ptd-windows-x86.exe', '-l', 'C:\\Users\\pa\\AppData\\Local\\Temp\\tmp_4flwhul\\ptd_logfile.txt', '-p', '8888', '-c', '1,2', '-y', '77', 'C2WL21005V']
ptd-server 2021-08-18 16:20:32,094 [INFO] Sending to ptd: 'Hello'
ptd-server 2021-08-18 16:20:32,094 [INFO] Reply from ptd: 'Hello, PTDaemon here!'
ptd-server 2021-08-18 16:20:32,094 [INFO] Sending to ptd: 'Identify'
ptd-server 2021-08-18 16:20:32,094 [INFO] Reply from ptd: 'YokogawaWT330_multichannel,1000,1,1,1,1,0,0,1,version=1.9.2-3976349f-20201208,OS=Windows 8 / Server 2012,mode=power,1,1,2,0,0,no_cal_date,YOKOGAWA;WT333E;C2WL21005V;F1.04'
ptd-server 2021-08-18 16:20:32,094 [INFO] Connected to PTDaemon
ptd-server 2021-08-18 16:20:32,094 [INFO] Sending to ptd: 'RR'
ptd-server 2021-08-18 16:20:32,094 [INFO] Reply from ptd: 'Ranges,-1,-1.000000,-1,-1.000000'
ptd-server 2021-08-18 16:20:32,094 [INFO] Initial range for Amps is Auto for Volts is Auto
ptd-server 2021-08-18 16:20:32,094 [INFO] Sending to ptd: 'SR,V,Auto'
ptd-server 2021-08-18 16:20:37,160 [INFO] Reply from ptd: 'Range V changed'
ptd-server 2021-08-18 16:20:37,160 [INFO] Sending to ptd: 'SR,A,20'
ptd-server 2021-08-18 16:20:42,747 [INFO] Reply from ptd: 'Range A changed'
ptd-server 2021-08-18 16:20:52,761 [INFO] Starting ranging mode
ptd-server 2021-08-18 16:20:52,761 [INFO] Sending to ptd: 'Go,1000,0,2021-08-18_16-20-12_ranging'
ptd-server 2021-08-18 16:20:52,761 [INFO] Reply from ptd: 'Starting untimed measurement, maximum 500000 samples at 1000ms with 0 rampup samples'
ptd-server 2021-08-18 16:20:52,761 [INFO] Sending reply to client 'OK'
ptd-server 2021-08-18 16:31:55,607 [INFO] Got command from the client 'session,2021-08-18_16-20-12,stop,ranging'
ptd-server 2021-08-18 16:32:05,608 [INFO] Sending to ptd: 'Stop'
ptd-server 2021-08-18 16:32:05,608 [INFO] Reply from ptd: 'Stopping untimed measurement'
ptd-server 2021-08-18 16:32:05,624 [INFO] Sending reply to client 'OK'
ptd-server 2021-08-18 16:32:05,655 [INFO] Got command from the client 'time'
ptd-server 2021-08-18 16:32:05,655 [INFO] Sending reply to client '1629304325.6552646'
ptd-server 2021-08-18 16:32:05,655 [INFO] Got command from the client 'session,2021-08-18_16-20-12,start,testing'
ptd-server 2021-08-18 16:32:05,655 [INFO] Sending to ptd: 'SR,V,118.600000'
ptd-server 2021-08-18 16:32:11,840 [INFO] Reply from ptd: 'Range V changed'
ptd-server 2021-08-18 16:32:11,840 [INFO] Sending to ptd: 'SR,A,7.162000'
ptd-server 2021-08-18 16:32:17,413 [INFO] Reply from ptd: 'Range A changed'
ptd-server 2021-08-18 16:32:27,418 [INFO] Starting testing mode
ptd-server 2021-08-18 16:32:27,418 [INFO] Sending to ptd: 'Go,1000,0,2021-08-18_16-20-12_testing'
ptd-server 2021-08-18 16:32:27,418 [INFO] Reply from ptd: 'Starting untimed measurement, maximum 500000 samples at 1000ms with 0 rampup samples'
ptd-server 2021-08-18 16:32:27,418 [INFO] Sending reply to client 'OK'
ptd-server 2021-08-18 16:43:27,958 [INFO] Got command from the client 'session,2021-08-18_16-20-12,stop,testing'
ptd-server 2021-08-18 16:43:37,963 [INFO] Sending to ptd: 'Stop'
ptd-server 2021-08-18 16:43:37,963 [INFO] Reply from ptd: 'Stopping untimed measurement'
ptd-server 2021-08-18 16:43:37,979 [INFO] Sending reply to client 'OK'
ptd-server 2021-08-18 16:43:37,994 [INFO] Got command from the client 'session,2021-08-18_16-20-12,done'
ptd-server 2021-08-18 16:43:37,994 [INFO] Sending to ptd: 'Stop'
ptd-server 2021-08-18 16:43:38,426 [INFO] Reply from ptd: 'Error: no measurement to stop'
ptd-server 2021-08-18 16:43:38,426 [INFO] Sending to ptd: 'SR,V,Auto'
ptd-server 2021-08-18 16:43:43,496 [INFO] Reply from ptd: 'Range V changed'
ptd-server 2021-08-18 16:43:43,496 [INFO] Sending to ptd: 'SR,A,Auto'
ptd-server 2021-08-18 16:43:48,564 [INFO] Reply from ptd: 'Range A changed'
ptd-server 2021-08-18 16:43:48,564 [INFO] Set initial values for Amps Auto and Volts Auto
ptd-server 2021-08-18 16:43:48,564 [INFO] Stopping ptd...
