ptd-server 2021-08-13 12:22:07,431 [INFO] Got command from the client 'time'
ptd-server 2021-08-13 12:22:07,431 [INFO] Sending reply to client '1628875327.4313016'
ptd-server 2021-08-13 12:22:07,432 [INFO] Got command from the client 'new,,ec512f74-4a39-44b1-979b-8d519abb354b'
ptd-server 2021-08-13 12:22:07,432 [INFO] Sending reply to client 'OK 2021-08-13_12-22-07,867fdec6-40bc-457a-873c-4b181eeac469'
ptd-server 2021-08-13 12:22:07,552 [INFO] Got command from the client 'time'
ptd-server 2021-08-13 12:22:07,552 [INFO] Sending reply to client '1628875327.5524604'
ptd-server 2021-08-13 12:22:07,553 [INFO] Got command from the client 'session,2021-08-13_12-22-07,start,ranging'
ptd-server 2021-08-13 12:22:07,553 [INFO] Running PTDaemon: ['/local/mnt/workspace/mlcommons/power-main/inference_v1.0/ptd-linux-x86', '-l', '/tmp/tmpa31brwsu/ptd_logfile.txt', '-p', '8888', '49', '/dev/usbtmc1']
ptd-server 2021-08-13 12:22:24,674 [INFO] Sending to ptd: 'Hello'
ptd-server 2021-08-13 12:22:24,675 [INFO] Reply from ptd: 'Hello, PTDaemon here!'
ptd-server 2021-08-13 12:22:24,676 [INFO] Sending to ptd: 'Identify'
ptd-server 2021-08-13 12:22:24,677 [INFO] Reply from ptd: 'YokogawaWT310E,1000,1,1,1,1,0,1,1,version=1.9.2-e8c7a49a-20201208,OS=Linux 4.15.0-64-generic #73-Ubuntu SMP Thu Sep 12 13:16:13 UTC 2019 x86_64,mode=power,1,1,1,0,0,no_cal_date,YOKOGAWA;WT310E;C2XF16030V;F1.04'
ptd-server 2021-08-13 12:22:24,677 [INFO] Connected to PTDaemon
ptd-server 2021-08-13 12:22:24,677 [INFO] Sending to ptd: 'RR'
ptd-server 2021-08-13 12:22:24,677 [INFO] Reply from ptd: 'Ranges,1,5.000000,1,150.000000'
ptd-server 2021-08-13 12:22:24,678 [INFO] Initial range for Amps is Auto for Volts is Auto
ptd-server 2021-08-13 12:22:24,678 [INFO] Sending to ptd: 'SR,V,Auto'
ptd-server 2021-08-13 12:22:25,181 [INFO] Reply from ptd: 'Range V changed'
ptd-server 2021-08-13 12:22:25,181 [INFO] Sending to ptd: 'SR,A,Auto'
ptd-server 2021-08-13 12:22:25,684 [INFO] Reply from ptd: 'Range A changed'
ptd-server 2021-08-13 12:22:35,695 [INFO] Starting ranging mode
ptd-server 2021-08-13 12:22:35,695 [INFO] Sending to ptd: 'Go,1000,0,2021-08-13_12-22-07_ranging'
ptd-server 2021-08-13 12:22:35,696 [INFO] Reply from ptd: 'Starting untimed measurement, maximum 500000 samples at 1000ms with 0 rampup samples'
ptd-server 2021-08-13 12:22:35,696 [INFO] Sending reply to client 'OK'
ptd-server 2021-08-13 12:33:54,919 [INFO] Got command from the client 'session,2021-08-13_12-22-07,stop,ranging'
ptd-server 2021-08-13 12:34:04,930 [INFO] Sending to ptd: 'Stop'
ptd-server 2021-08-13 12:34:04,931 [INFO] Reply from ptd: 'Stopping untimed measurement'
ptd-server 2021-08-13 12:34:04,953 [INFO] Sending reply to client 'OK'
ptd-server 2021-08-13 12:34:05,079 [INFO] Got command from the client 'time'
ptd-server 2021-08-13 12:34:05,079 [INFO] Sending reply to client '1628876045.0792766'
ptd-server 2021-08-13 12:34:05,079 [INFO] Got command from the client 'session,2021-08-13_12-22-07,start,testing'
ptd-server 2021-08-13 12:34:05,080 [INFO] Sending to ptd: 'SR,V,117.600000'
ptd-server 2021-08-13 12:34:07,198 [INFO] Reply from ptd: 'Range V changed'
ptd-server 2021-08-13 12:34:07,198 [INFO] Sending to ptd: 'SR,A,4.877100'
ptd-server 2021-08-13 12:34:08,700 [INFO] Reply from ptd: 'Range A changed'
ptd-server 2021-08-13 12:34:18,710 [INFO] Starting testing mode
ptd-server 2021-08-13 12:34:18,710 [INFO] Sending to ptd: 'Go,1000,0,2021-08-13_12-22-07_testing'
ptd-server 2021-08-13 12:34:18,711 [INFO] Reply from ptd: 'Starting untimed measurement, maximum 500000 samples at 1000ms with 0 rampup samples'
ptd-server 2021-08-13 12:34:18,711 [INFO] Sending reply to client 'OK'
ptd-server 2021-08-13 12:45:39,160 [INFO] Got command from the client 'session,2021-08-13_12-22-07,stop,testing'
ptd-server 2021-08-13 12:45:49,168 [INFO] Sending to ptd: 'Stop'
ptd-server 2021-08-13 12:45:49,169 [INFO] Reply from ptd: 'Stopping untimed measurement'
ptd-server 2021-08-13 12:45:49,173 [INFO] Sending reply to client 'OK'
ptd-server 2021-08-13 12:45:49,180 [INFO] Got command from the client 'session,2021-08-13_12-22-07,done'
ptd-server 2021-08-13 12:45:49,180 [INFO] Sending to ptd: 'Stop'
ptd-server 2021-08-13 12:45:49,712 [INFO] Reply from ptd: 'Error: no measurement to stop'
ptd-server 2021-08-13 12:45:49,712 [INFO] Sending to ptd: 'SR,V,Auto'
ptd-server 2021-08-13 12:45:50,215 [INFO] Reply from ptd: 'Range V changed'
ptd-server 2021-08-13 12:45:50,215 [INFO] Sending to ptd: 'SR,A,Auto'
ptd-server 2021-08-13 12:45:50,718 [INFO] Reply from ptd: 'Range A changed'
ptd-server 2021-08-13 12:45:50,718 [INFO] Set initial values for Amps Auto and Volts Auto
ptd-server 2021-08-13 12:45:50,719 [INFO] Stopping ptd...
