ptd-server 2021-08-10 21:59:08,199 [INFO] Got command from the client 'time'
ptd-server 2021-08-10 21:59:08,199 [INFO] Sending reply to client '1628629148.1992857'
ptd-server 2021-08-10 21:59:08,202 [INFO] Got command from the client 'new,,ddf88ba5-a7be-4069-98bb-52ee891d302f'
ptd-server 2021-08-10 21:59:08,202 [INFO] Sending reply to client 'OK 2021-08-10_21-59-08,20992d35-48cd-471b-aeb8-c62c834400dc'
ptd-server 2021-08-10 21:59:08,240 [INFO] Got command from the client 'time'
ptd-server 2021-08-10 21:59:08,240 [INFO] Sending reply to client '1628629148.2406747'
ptd-server 2021-08-10 21:59:08,242 [INFO] Got command from the client 'session,2021-08-10_21-59-08,start,ranging'
ptd-server 2021-08-10 21:59:08,243 [INFO] Running PTDaemon: ['/home/anton/projects/mlperf/power/inference_v1.0/ptd-linux-x86', '-l', '/tmp/tmpr3iqmcco/ptd_logfile.txt', '-p', '8888', '49', '/dev/usbtmc0']
ptd-server 2021-08-10 21:59:25,416 [INFO] Sending to ptd: 'Hello'
ptd-server 2021-08-10 21:59:25,417 [INFO] Reply from ptd: 'Hello, PTDaemon here!'
ptd-server 2021-08-10 21:59:25,417 [INFO] Sending to ptd: 'Identify'
ptd-server 2021-08-10 21:59:25,417 [INFO] Reply from ptd: 'YokogawaWT310E,1000,1,1,1,1,0,1,1,version=1.9.2-e8c7a49a-20201208,OS=Linux 5.8.0-63-generic #71~20.04.1-Ubuntu SMP Thu Jul 15 17:46:08 UTC 2021 x86_64,mode=power,1,1,1,0,0,no_cal_date,YOKOGAWA;WT310E;C3XA04010E;F1.04'
ptd-server 2021-08-10 21:59:25,417 [INFO] Connected to PTDaemon
ptd-server 2021-08-10 21:59:25,417 [INFO] Sending to ptd: 'RR'
ptd-server 2021-08-10 21:59:25,418 [INFO] Reply from ptd: 'Ranges,0,0.500000,0,300.000000'
ptd-server 2021-08-10 21:59:25,418 [INFO] Initial range for Amps is 0.500000 for Volts is 300.000000
ptd-server 2021-08-10 21:59:25,418 [INFO] Sending to ptd: 'SR,V,Auto'
ptd-server 2021-08-10 21:59:25,920 [INFO] Reply from ptd: 'Range V changed'
ptd-server 2021-08-10 21:59:25,921 [INFO] Sending to ptd: 'SR,A,Auto'
ptd-server 2021-08-10 21:59:26,423 [INFO] Reply from ptd: 'Range A changed'
ptd-server 2021-08-10 21:59:36,433 [INFO] Starting ranging mode
ptd-server 2021-08-10 21:59:36,434 [INFO] Sending to ptd: 'Go,1000,0,2021-08-10_21-59-08_ranging'
ptd-server 2021-08-10 21:59:36,434 [INFO] Reply from ptd: 'Starting untimed measurement, maximum 500000 samples at 1000ms with 0 rampup samples'
ptd-server 2021-08-10 21:59:36,434 [INFO] Sending reply to client 'OK'
ptd-server 2021-08-10 22:10:06,952 [INFO] Got command from the client 'session,2021-08-10_21-59-08,stop,ranging'
ptd-server 2021-08-10 22:10:16,962 [INFO] Sending to ptd: 'Stop'
ptd-server 2021-08-10 22:10:16,962 [INFO] Reply from ptd: 'Stopping untimed measurement'
ptd-server 2021-08-10 22:10:17,210 [INFO] Sending reply to client 'OK'
ptd-server 2021-08-10 22:10:17,288 [INFO] Got command from the client 'time'
ptd-server 2021-08-10 22:10:17,289 [INFO] Sending reply to client '1628629817.2890823'
ptd-server 2021-08-10 22:10:17,291 [INFO] Got command from the client 'session,2021-08-10_21-59-08,start,testing'
ptd-server 2021-08-10 22:10:17,291 [INFO] Sending to ptd: 'SR,V,249.970000'
ptd-server 2021-08-10 22:10:18,935 [INFO] Reply from ptd: 'Range V changed'
ptd-server 2021-08-10 22:10:18,935 [INFO] Sending to ptd: 'SR,A,0.091330'
ptd-server 2021-08-10 22:10:20,437 [INFO] Reply from ptd: 'Range A changed'
ptd-server 2021-08-10 22:10:30,447 [INFO] Starting testing mode
ptd-server 2021-08-10 22:10:30,447 [INFO] Sending to ptd: 'Go,1000,0,2021-08-10_21-59-08_testing'
ptd-server 2021-08-10 22:10:30,447 [INFO] Reply from ptd: 'Starting untimed measurement, maximum 500000 samples at 1000ms with 0 rampup samples'
ptd-server 2021-08-10 22:10:30,448 [INFO] Sending reply to client 'OK'
ptd-server 2021-08-10 22:21:00,447 [INFO] Got command from the client 'session,2021-08-10_21-59-08,stop,testing'
ptd-server 2021-08-10 22:21:10,457 [INFO] Sending to ptd: 'Stop'
ptd-server 2021-08-10 22:21:10,457 [INFO] Reply from ptd: 'Stopping untimed measurement'
ptd-server 2021-08-10 22:21:10,597 [INFO] Sending reply to client 'OK'
ptd-server 2021-08-10 22:21:10,625 [INFO] Got command from the client 'session,2021-08-10_21-59-08,done'
ptd-server 2021-08-10 22:21:10,625 [INFO] Sending to ptd: 'Stop'
ptd-server 2021-08-10 22:21:11,447 [INFO] Reply from ptd: 'Error: no measurement to stop'
ptd-server 2021-08-10 22:21:11,447 [INFO] Sending to ptd: 'SR,V,300.000000'
ptd-server 2021-08-10 22:21:12,949 [INFO] Reply from ptd: 'Range V changed'
ptd-server 2021-08-10 22:21:12,949 [INFO] Sending to ptd: 'SR,A,0.500000'
ptd-server 2021-08-10 22:21:14,450 [INFO] Reply from ptd: 'Range A changed'
ptd-server 2021-08-10 22:21:14,450 [INFO] Set initial values for Amps 0.500000 and Volts 300.000000
ptd-server 2021-08-10 22:21:14,451 [INFO] Stopping ptd...
