ptd-server 2021-08-05 00:01:40,060 [INFO] Got command from the client 'stop'
ptd-server 2021-08-05 00:01:40,060 [INFO] The server will be stopped after processing this client
ptd-server 2021-08-05 00:01:40,060 [INFO] Sending reply to client 'OK'
ptd-server 2021-08-05 00:01:40,263 [INFO] Got command from the client 'time'
ptd-server 2021-08-05 00:01:40,263 [INFO] Sending reply to client '1628146900.2632217'
ptd-server 2021-08-05 00:01:40,263 [INFO] Got command from the client 'new,,4b86ebea-20ff-40be-a24b-5f123cff97e8'
ptd-server 2021-08-05 00:01:40,263 [INFO] Sending reply to client 'OK 2021-08-05_00-01-40,dfaaacd2-b76f-4b71-94ae-5f05fcf3e35c'
ptd-server 2021-08-05 00:01:40,478 [INFO] Got command from the client 'time'
ptd-server 2021-08-05 00:01:40,478 [INFO] Sending reply to client '1628146900.4787998'
ptd-server 2021-08-05 00:01:40,478 [INFO] Got command from the client 'session,2021-08-05_00-01-40,start,ranging'
ptd-server 2021-08-05 00:01:40,588 [INFO] Running PTDaemon: ['C:\\PTD\\ptd-windows-x86.exe', '-l', 'C:\\Users\\lab\\AppData\\Local\\Temp\\tmp_9ng5xm2\\ptd_logfile.txt', '-p', '8888', '-c', '1', '-y', '52', '172.18.220.100']
ptd-server 2021-08-05 00:01:58,132 [INFO] Sending to ptd: 'Hello'
ptd-server 2021-08-05 00:01:58,132 [INFO] Reply from ptd: 'Hello, PTDaemon here!'
ptd-server 2021-08-05 00:01:58,132 [INFO] Sending to ptd: 'Identify'
ptd-server 2021-08-05 00:01:58,132 [INFO] Reply from ptd: 'YokogawaWT330E,1000,1,1,1,1,0,0,1,version=1.9.2-3976349f-20201208,OS=Windows 8 / Server 2012,mode=power,1,1,1,0,0,no_cal_date,YOKOGAWA;WT333E;C2WC23035V;F1.04'
ptd-server 2021-08-05 00:01:58,132 [INFO] Connected to PTDaemon
ptd-server 2021-08-05 00:01:58,132 [INFO] Sending to ptd: 'RR'
ptd-server 2021-08-05 00:01:58,132 [INFO] Reply from ptd: 'Ranges,1,5.000000,1,300.000000'
ptd-server 2021-08-05 00:01:58,132 [INFO] Initial range for Amps is Auto for Volts is Auto
ptd-server 2021-08-05 00:01:58,132 [INFO] Sending to ptd: 'SR,V,Auto'
ptd-server 2021-08-05 00:01:58,651 [INFO] Reply from ptd: 'Range V changed'
ptd-server 2021-08-05 00:01:58,651 [INFO] Sending to ptd: 'SR,A,20'
ptd-server 2021-08-05 00:02:00,181 [INFO] Reply from ptd: 'Range A changed'
ptd-server 2021-08-05 00:02:10,182 [INFO] Starting ranging mode
ptd-server 2021-08-05 00:02:10,182 [INFO] Sending to ptd: 'Go,1000,0,2021-08-05_00-01-40_ranging'
ptd-server 2021-08-05 00:02:10,182 [INFO] Reply from ptd: 'Starting untimed measurement, maximum 500000 samples at 1000ms with 0 rampup samples'
ptd-server 2021-08-05 00:02:10,182 [INFO] Sending reply to client 'OK'
ptd-server 2021-08-05 00:12:57,721 [INFO] Got command from the client 'session,2021-08-05_00-01-40,stop,ranging'
ptd-server 2021-08-05 00:13:07,729 [INFO] Sending to ptd: 'Stop'
ptd-server 2021-08-05 00:13:07,729 [INFO] Reply from ptd: 'Stopping untimed measurement'
ptd-server 2021-08-05 00:13:07,744 [INFO] Sending reply to client 'OK'
ptd-server 2021-08-05 00:13:07,970 [INFO] Got command from the client 'time'
ptd-server 2021-08-05 00:13:07,970 [INFO] Sending reply to client '1628147587.970994'
ptd-server 2021-08-05 00:13:07,970 [INFO] Got command from the client 'session,2021-08-05_00-01-40,start,testing'
ptd-server 2021-08-05 00:13:07,970 [INFO] Sending to ptd: 'SR,V,206.420000'
ptd-server 2021-08-05 00:13:09,729 [INFO] Reply from ptd: 'Range V changed'
ptd-server 2021-08-05 00:13:09,729 [INFO] Sending to ptd: 'SR,A,6.225000'
ptd-server 2021-08-05 00:13:11,251 [INFO] Reply from ptd: 'Range A changed'
ptd-server 2021-08-05 00:13:21,252 [INFO] Starting testing mode
ptd-server 2021-08-05 00:13:21,252 [INFO] Sending to ptd: 'Go,1000,0,2021-08-05_00-01-40_testing'
ptd-server 2021-08-05 00:13:21,252 [INFO] Reply from ptd: 'Starting untimed measurement, maximum 500000 samples at 1000ms with 0 rampup samples'
ptd-server 2021-08-05 00:13:21,252 [INFO] Sending reply to client 'OK'
ptd-server 2021-08-05 00:24:12,223 [INFO] Got command from the client 'session,2021-08-05_00-01-40,stop,testing'
ptd-server 2021-08-05 00:24:22,245 [INFO] Sending to ptd: 'Stop'
ptd-server 2021-08-05 00:24:22,245 [INFO] Reply from ptd: 'Stopping untimed measurement'
ptd-server 2021-08-05 00:24:22,260 [INFO] Sending reply to client 'OK'
ptd-server 2021-08-05 00:24:22,292 [INFO] Got command from the client 'session,2021-08-05_00-01-40,done'
ptd-server 2021-08-05 00:24:22,292 [INFO] Sending to ptd: 'Stop'
ptd-server 2021-08-05 00:24:22,292 [INFO] Reply from ptd: 'Error: no measurement to stop'
ptd-server 2021-08-05 00:24:22,292 [INFO] Sending to ptd: 'SR,V,Auto'
ptd-server 2021-08-05 00:24:22,799 [INFO] Reply from ptd: 'Range V changed'
ptd-server 2021-08-05 00:24:22,799 [INFO] Sending to ptd: 'SR,A,Auto'
ptd-server 2021-08-05 00:24:23,315 [INFO] Reply from ptd: 'Range A changed'
ptd-server 2021-08-05 00:24:23,315 [INFO] Set initial values for Amps Auto and Volts Auto
ptd-server 2021-08-05 00:24:23,315 [INFO] Stopping ptd...
