client 2021-08-17 16:12:33,912 [INFO] Sending command to the server: 'mlcommons/power client v3'
client 2021-08-17 16:12:33,912 [INFO] Got response: 'mlcommons/power server v3'
client 2021-08-17 16:12:33,912 [INFO] Sending command to the server: 'stop'
client 2021-08-17 16:12:33,913 [INFO] Got response: 'OK'
client 2021-08-17 16:12:33,913 [INFO] Synchronizing with the server and with 192.168.123.123...
client 2021-08-17 16:12:33,916 [INFO] NTP:offset = -0.000 s, delay = 0.000 s 
client 2021-08-17 16:12:33,916 [INFO] Sending command to the server: 'time'
client 2021-08-17 16:12:33,916 [INFO] Got response: '1629216753.834258'
client 2021-08-17 16:12:33,917 [INFO] The time difference between the client and the server is within range 81.893 ms..82.769 ms
client 2021-08-17 16:12:33,917 [INFO] Sending command to the server: 'new,,1d53dcd2-f34e-4c1c-9115-ed91e1d88e3a'
client 2021-08-17 16:12:33,918 [INFO] Got response: 'OK 2021-08-17_16-12-33,c1c2f2ba-f73c-4ce9-8455-a277ba049f34'
client 2021-08-17 16:12:33,918 [INFO] Session id is '2021-08-17_16-12-33'
client 2021-08-17 16:12:33,918 [INFO] Sources: {"sources": {"__init__.py": "da39a3ee5e6b4b0d3255bfef95601890afd80709", "client.py": "33ca4f26368777ac06e01f9567b714a4b8063886", "lib/__init__.py": "da39a3ee5e6b4b0d3255bfef95601890afd80709", "lib/client.py": "4c2b78fb4849a7e5b584ef792d82aaed20b17f57", "lib/common.py": "624d0c0acc7c39aaff3674f0b99d6a09da53d1dc", "lib/external/__init__.py": "da39a3ee5e6b4b0d3255bfef95601890afd80709", "lib/external/ntplib.py": "4da8f970656505a40483206ef2b5d3dd5e81711d", "lib/server.py": "59c9fb92908260d3e9f81a895c7aa009742275e4", "lib/source_hashes.py": "60a2e02193209e8d392803326208d5466342da18", "lib/summary.py": "aa92f0a3f975eecd44d3c0cd0236342ccc9f941d", "lib/time_sync.py": "3210db56eb0ff0df57bf4293dc4d4b03fffd46f1", "server.py": "c3f90f2f7eeb4db30727556d0c815ebc89b3d28b", "tests/unit/__init__.py": "da39a3ee5e6b4b0d3255bfef95601890afd80709", "tests/unit/test_server.py": "99ae15aef722f2000ee6ed1ae1523637bf1ae42b", "tests/unit/test_source_hashes.py": "00468a2907583c593e6574a1f6b404e4651c221a"}, "modules": {"ptd_client_server.lib.client": "lib/client.py", "ptd_client_server.lib.common": "lib/common.py", "ptd_client_server.lib.external.ntplib": "lib/external/ntplib.py", "ptd_client_server.lib.source_hashes": "lib/source_hashes.py", "ptd_client_server.lib.summary": "lib/summary.py", "ptd_client_server.lib.time_sync": "lib/time_sync.py"}}
client 2021-08-17 16:12:33,920 [INFO] Running workload in ranging mode
client 2021-08-17 16:12:33,920 [INFO] Synchronizing with the server and with 192.168.123.123...
client 2021-08-17 16:12:33,921 [INFO] NTP:offset = -0.000 s, delay = 0.000 s 
client 2021-08-17 16:12:33,921 [INFO] Sending command to the server: 'time'
client 2021-08-17 16:12:33,922 [INFO] Got response: '1629216753.834258'
client 2021-08-17 16:12:33,922 [INFO] The time difference between the client and the server is within range 87.245 ms..88.049 ms
client 2021-08-17 16:12:33,922 [INFO] Sending command to the server: 'session,2021-08-17_16-12-33,start,ranging'
client 2021-08-17 16:13:12,837 [INFO] Got response: 'OK'
client 2021-08-17 16:13:12,838 [INFO] Running the workload 'LOG_DIR=/work/build/power_logs_temp python3 code/main.py --benchmarks=bert --scenarios=Offline --config_ver=maxq_high_accuracy --action="run_harness" \\\n\t\t&& if [ ! -d /work/build/power_logs/2021.08.17-16.12.28/ranging_tmp ]; \\\n\t\t\tthen mkdir /work/build/power_logs/2021.08.17-16.12.28/ranging_tmp \\\n\t\t\t\t&& mv /work/build/power_logs_temp/* /work/build/power_logs/2021.08.17-16.12.28/ranging_tmp/ \\\n\t\t\t\t&& cp -v /work/build/power_logs/2021.08.17-16.12.28/ranging_tmp/*/*/*/mlperf_log_detail.txt /work/build/power_logs_temp/ \\\n\t\t\t\t&& cp -v /work/build/power_logs/2021.08.17-16.12.28/ranging_tmp/*/*/*/mlperf_log_summary.txt /work/build/power_logs_temp/; \\\n\t\t\telse mkdir /work/build/power_logs/2021.08.17-16.12.28/testing_tmp \\\n\t\t\t\t&& mv /work/build/power_logs_temp/* /work/build/power_logs/2021.08.17-16.12.28/testing_tmp/ \\\n\t\t\t\t&& cp -v /work/build/power_logs/2021.08.17-16.12.28/testing_tmp/*/*/*/mlperf_log_detail.txt /work/build/power_logs_temp/ \\\n\t\t\t\t&& cp -v /work/build/power_logs/2021.08.17-16.12.28/testing_tmp/*/*/*/mlperf_log_summary.txt /work/build/power_logs_temp/; fi'
client 2021-08-17 16:34:22,337 [INFO] Sending command to the server: 'session,2021-08-17_16-12-33,stop,ranging'
client 2021-08-17 16:34:32,387 [INFO] Got response: 'OK'
client 2021-08-17 16:34:32,398 [INFO] Copying loadgen logs from '/work/build/power_logs_temp' to '/work/build/power_logs/2021.08.17-16.12.28/2021-08-17_16-12-33/ranging'
client 2021-08-17 16:34:32,408 [INFO] Running workload in testing mode
client 2021-08-17 16:34:32,408 [INFO] Synchronizing with the server and with 192.168.123.123...
client 2021-08-17 16:34:32,409 [INFO] NTP:offset = -0.000 s, delay = 0.000 s 
client 2021-08-17 16:34:32,409 [INFO] Sending command to the server: 'time'
client 2021-08-17 16:34:32,410 [INFO] Got response: '1629218072.2719896'
client 2021-08-17 16:34:32,410 [INFO] The time difference between the client and the server is within range 137.746 ms..138.520 ms
client 2021-08-17 16:34:32,410 [INFO] Sending command to the server: 'session,2021-08-17_16-12-33,start,testing'
client 2021-08-17 16:34:54,557 [INFO] Got response: 'OK'
client 2021-08-17 16:34:54,558 [INFO] Running the workload 'LOG_DIR=/work/build/power_logs_temp python3 code/main.py --benchmarks=bert --scenarios=Offline --config_ver=maxq_high_accuracy --action="run_harness" \\\n\t\t&& if [ ! -d /work/build/power_logs/2021.08.17-16.12.28/ranging_tmp ]; \\\n\t\t\tthen mkdir /work/build/power_logs/2021.08.17-16.12.28/ranging_tmp \\\n\t\t\t\t&& mv /work/build/power_logs_temp/* /work/build/power_logs/2021.08.17-16.12.28/ranging_tmp/ \\\n\t\t\t\t&& cp -v /work/build/power_logs/2021.08.17-16.12.28/ranging_tmp/*/*/*/mlperf_log_detail.txt /work/build/power_logs_temp/ \\\n\t\t\t\t&& cp -v /work/build/power_logs/2021.08.17-16.12.28/ranging_tmp/*/*/*/mlperf_log_summary.txt /work/build/power_logs_temp/; \\\n\t\t\telse mkdir /work/build/power_logs/2021.08.17-16.12.28/testing_tmp \\\n\t\t\t\t&& mv /work/build/power_logs_temp/* /work/build/power_logs/2021.08.17-16.12.28/testing_tmp/ \\\n\t\t\t\t&& cp -v /work/build/power_logs/2021.08.17-16.12.28/testing_tmp/*/*/*/mlperf_log_detail.txt /work/build/power_logs_temp/ \\\n\t\t\t\t&& cp -v /work/build/power_logs/2021.08.17-16.12.28/testing_tmp/*/*/*/mlperf_log_summary.txt /work/build/power_logs_temp/; fi'
client 2021-08-17 16:56:04,696 [INFO] Sending command to the server: 'session,2021-08-17_16-12-33,stop,testing'
client 2021-08-17 16:56:14,716 [INFO] Got response: 'OK'
client 2021-08-17 16:56:14,720 [INFO] Copying loadgen logs from '/work/build/power_logs_temp' to '/work/build/power_logs/2021.08.17-16.12.28/2021-08-17_16-12-33/run_1'
client 2021-08-17 16:56:14,731 [INFO] Done runs
