ptd-server 2021-08-17 16:12:33,818 [INFO] Got command from the client 'stop'
ptd-server 2021-08-17 16:12:33,818 [INFO] The server will be stopped after processing this client
ptd-server 2021-08-17 16:12:33,818 [INFO] Sending reply to client 'OK'
ptd-server 2021-08-17 16:12:33,834 [INFO] Got command from the client 'time'
ptd-server 2021-08-17 16:12:33,834 [INFO] Sending reply to client '1629216753.834258'
ptd-server 2021-08-17 16:12:33,834 [INFO] Got command from the client 'new,,1d53dcd2-f34e-4c1c-9115-ed91e1d88e3a'
ptd-server 2021-08-17 16:12:33,834 [INFO] Sending reply to client 'OK 2021-08-17_16-12-33,c1c2f2ba-f73c-4ce9-8455-a277ba049f34'
ptd-server 2021-08-17 16:12:33,834 [INFO] Got command from the client 'time'
ptd-server 2021-08-17 16:12:33,834 [INFO] Sending reply to client '1629216753.834258'
ptd-server 2021-08-17 16:12:33,834 [INFO] Got command from the client 'session,2021-08-17_16-12-33,start,ranging'
ptd-server 2021-08-17 16:12:33,943 [INFO] Running PTDaemon: ['C:\\PTD\\ptd-windows-x86.exe', '-l', 'C:\\Users\\pa\\AppData\\Local\\Temp\\tmpysg6jzq7\\ptd_logfile.txt', '-p', '8888', '-c', '1,2', '-y', '77', 'C2WL21005V']
ptd-server 2021-08-17 16:12:52,084 [INFO] Sending to ptd: 'Hello'
ptd-server 2021-08-17 16:12:52,084 [INFO] Reply from ptd: 'Hello, PTDaemon here!'
ptd-server 2021-08-17 16:12:52,084 [INFO] Sending to ptd: 'Identify'
ptd-server 2021-08-17 16:12:52,084 [INFO] Reply from ptd: 'YokogawaWT330_multichannel,1000,1,1,1,1,0,0,1,version=1.9.2-3976349f-20201208,OS=Windows 8 / Server 2012,mode=power,1,1,2,0,0,no_cal_date,YOKOGAWA;WT333E;C2WL21005V;F1.04'
ptd-server 2021-08-17 16:12:52,084 [INFO] Connected to PTDaemon
ptd-server 2021-08-17 16:12:52,084 [INFO] Sending to ptd: 'RR'
ptd-server 2021-08-17 16:12:52,084 [INFO] Reply from ptd: 'Ranges,-1,-1.000000,-1,-1.000000'
ptd-server 2021-08-17 16:12:52,084 [INFO] Initial range for Amps is Auto for Volts is Auto
ptd-server 2021-08-17 16:12:52,084 [INFO] Sending to ptd: 'SR,V,Auto'
ptd-server 2021-08-17 16:12:57,159 [INFO] Reply from ptd: 'Range V changed'
ptd-server 2021-08-17 16:12:57,159 [INFO] Sending to ptd: 'SR,A,20'
ptd-server 2021-08-17 16:13:02,743 [INFO] Reply from ptd: 'Range A changed'
ptd-server 2021-08-17 16:13:12,755 [INFO] Starting ranging mode
ptd-server 2021-08-17 16:13:12,755 [INFO] Sending to ptd: 'Go,1000,0,2021-08-17_16-12-33_ranging'
ptd-server 2021-08-17 16:13:12,755 [INFO] Reply from ptd: 'Starting untimed measurement, maximum 500000 samples at 1000ms with 0 rampup samples'
ptd-server 2021-08-17 16:13:12,755 [INFO] Sending reply to client 'OK'
ptd-server 2021-08-17 16:34:22,194 [INFO] Got command from the client 'session,2021-08-17_16-12-33,stop,ranging'
ptd-server 2021-08-17 16:34:32,209 [INFO] Sending to ptd: 'Stop'
ptd-server 2021-08-17 16:34:32,209 [INFO] Reply from ptd: 'Stopping untimed measurement'
ptd-server 2021-08-17 16:34:32,240 [INFO] Sending reply to client 'OK'
ptd-server 2021-08-17 16:34:32,271 [INFO] Got command from the client 'time'
ptd-server 2021-08-17 16:34:32,271 [INFO] Sending reply to client '1629218072.2719896'
ptd-server 2021-08-17 16:34:32,271 [INFO] Got command from the client 'session,2021-08-17_16-12-33,start,testing'
ptd-server 2021-08-17 16:34:32,271 [INFO] Sending to ptd: 'SR,V,118.170000'
ptd-server 2021-08-17 16:34:38,840 [INFO] Reply from ptd: 'Range V changed'
ptd-server 2021-08-17 16:34:38,840 [INFO] Sending to ptd: 'SR,A,7.323000'
ptd-server 2021-08-17 16:34:44,418 [INFO] Reply from ptd: 'Range A changed'
ptd-server 2021-08-17 16:34:54,423 [INFO] Starting testing mode
ptd-server 2021-08-17 16:34:54,423 [INFO] Sending to ptd: 'Go,1000,0,2021-08-17_16-12-33_testing'
ptd-server 2021-08-17 16:34:54,423 [INFO] Reply from ptd: 'Starting untimed measurement, maximum 500000 samples at 1000ms with 0 rampup samples'
ptd-server 2021-08-17 16:34:54,423 [INFO] Sending reply to client 'OK'
ptd-server 2021-08-17 16:56:04,506 [INFO] Got command from the client 'session,2021-08-17_16-12-33,stop,testing'
ptd-server 2021-08-17 16:56:14,518 [INFO] Sending to ptd: 'Stop'
ptd-server 2021-08-17 16:56:14,518 [INFO] Reply from ptd: 'Stopping untimed measurement'
ptd-server 2021-08-17 16:56:14,518 [INFO] Sending reply to client 'OK'
ptd-server 2021-08-17 16:56:14,549 [INFO] Got command from the client 'session,2021-08-17_16-12-33,done'
ptd-server 2021-08-17 16:56:14,549 [INFO] Sending to ptd: 'Stop'
ptd-server 2021-08-17 16:56:15,437 [INFO] Reply from ptd: 'Error: no measurement to stop'
ptd-server 2021-08-17 16:56:15,437 [INFO] Sending to ptd: 'SR,V,Auto'
ptd-server 2021-08-17 16:56:20,515 [INFO] Reply from ptd: 'Range V changed'
ptd-server 2021-08-17 16:56:20,515 [INFO] Sending to ptd: 'SR,A,Auto'
ptd-server 2021-08-17 16:56:25,589 [INFO] Reply from ptd: 'Range A changed'
ptd-server 2021-08-17 16:56:25,589 [INFO] Set initial values for Amps Auto and Volts Auto
ptd-server 2021-08-17 16:56:25,589 [INFO] Stopping ptd...
