client 2021-08-12 19:52:01,505 [INFO] Sending command to the server: 'mlcommons/power client v3'
client 2021-08-12 19:52:01,507 [INFO] Got response: 'mlcommons/power server v3'
client 2021-08-12 19:52:01,507 [INFO] Sending command to the server: 'stop'
client 2021-08-12 19:52:01,510 [INFO] Got response: 'OK'
client 2021-08-12 19:52:01,510 [INFO] Synchronizing with the server and with 100.64.0.18...
client 2021-08-12 19:52:01,513 [INFO] NTP:offset = -0.001 s, delay = 0.001 s 
client 2021-08-12 19:52:01,513 [INFO] Sending command to the server: 'time'
client 2021-08-12 19:52:01,516 [INFO] Got response: '1628797921.4674573'
client 2021-08-12 19:52:01,516 [INFO] The time difference between the client and the server is within range 45.792 ms..48.618 ms
client 2021-08-12 19:52:01,516 [INFO] Sending command to the server: 'new,,f17b15c4-d4a8-4e59-b520-646c97f31e0b'
client 2021-08-12 19:52:01,520 [INFO] Got response: 'OK 2021-08-12_19-52-01,5a600055-0c1e-4a15-993e-ef530a6b4af1'
client 2021-08-12 19:52:01,520 [INFO] Session id is '2021-08-12_19-52-01'
client 2021-08-12 19:52:01,520 [INFO] Sources: {"sources": {"__init__.py": "da39a3ee5e6b4b0d3255bfef95601890afd80709", "client.py": "33ca4f26368777ac06e01f9567b714a4b8063886", "lib/__init__.py": "da39a3ee5e6b4b0d3255bfef95601890afd80709", "lib/client.py": "4c2b78fb4849a7e5b584ef792d82aaed20b17f57", "lib/common.py": "624d0c0acc7c39aaff3674f0b99d6a09da53d1dc", "lib/external/__init__.py": "da39a3ee5e6b4b0d3255bfef95601890afd80709", "lib/external/ntplib.py": "4da8f970656505a40483206ef2b5d3dd5e81711d", "lib/server.py": "59c9fb92908260d3e9f81a895c7aa009742275e4", "lib/source_hashes.py": "60a2e02193209e8d392803326208d5466342da18", "lib/summary.py": "aa92f0a3f975eecd44d3c0cd0236342ccc9f941d", "lib/time_sync.py": "3210db56eb0ff0df57bf4293dc4d4b03fffd46f1", "server.py": "c3f90f2f7eeb4db30727556d0c815ebc89b3d28b", "tests/unit/__init__.py": "da39a3ee5e6b4b0d3255bfef95601890afd80709", "tests/unit/test_server.py": "99ae15aef722f2000ee6ed1ae1523637bf1ae42b", "tests/unit/test_source_hashes.py": "00468a2907583c593e6574a1f6b404e4651c221a"}, "modules": {"ptd_client_server.lib.client": "lib/client.py", "ptd_client_server.lib.common": "lib/common.py", "ptd_client_server.lib.external.ntplib": "lib/external/ntplib.py", "ptd_client_server.lib.source_hashes": "lib/source_hashes.py", "ptd_client_server.lib.summary": "lib/summary.py", "ptd_client_server.lib.time_sync": "lib/time_sync.py"}}
client 2021-08-12 19:52:01,520 [INFO] Running workload in ranging mode
client 2021-08-12 19:52:01,520 [INFO] Synchronizing with the server and with 100.64.0.18...
client 2021-08-12 19:52:01,521 [INFO] NTP:offset = -0.001 s, delay = 0.001 s 
client 2021-08-12 19:52:01,521 [INFO] Sending command to the server: 'time'
client 2021-08-12 19:52:01,524 [INFO] Got response: '1628797921.4674573'
client 2021-08-12 19:52:01,524 [INFO] The time difference between the client and the server is within range 54.239 ms..57.027 ms
client 2021-08-12 19:52:01,524 [INFO] Sending command to the server: 'session,2021-08-12_19-52-01,start,ranging'
client 2021-08-12 19:52:31,800 [INFO] Got response: 'OK'
client 2021-08-12 19:52:31,800 [INFO] Running the workload 'LOG_DIR=/work/build/power_logs_temp python3 code/main.py --benchmarks=ssd-resnet34 --scenarios=Offline --config_ver=default --test_mode=PerformanceOnly --action="run_harness" \\\n\t\t&& if [ ! -d /work/build/power_logs/2021.08.12-19.51.54/ranging_tmp ]; \\\n\t\t\tthen mkdir /work/build/power_logs/2021.08.12-19.51.54/ranging_tmp \\\n\t\t\t\t&& mv /work/build/power_logs_temp/* /work/build/power_logs/2021.08.12-19.51.54/ranging_tmp/ \\\n\t\t\t\t&& cp -v /work/build/power_logs/2021.08.12-19.51.54/ranging_tmp/*/*/*/mlperf_log_detail.txt /work/build/power_logs_temp/ \\\n\t\t\t\t&& cp -v /work/build/power_logs/2021.08.12-19.51.54/ranging_tmp/*/*/*/mlperf_log_summary.txt /work/build/power_logs_temp/; \\\n\t\t\telse mkdir /work/build/power_logs/2021.08.12-19.51.54/testing_tmp \\\n\t\t\t\t&& mv /work/build/power_logs_temp/* /work/build/power_logs/2021.08.12-19.51.54/testing_tmp/ \\\n\t\t\t\t&& cp -v /work/build/power_logs/2021.08.12-19.51.54/testing_tmp/*/*/*/mlperf_log_detail.txt /work/build/power_logs_temp/ \\\n\t\t\t\t&& cp -v /work/build/power_logs/2021.08.12-19.51.54/testing_tmp/*/*/*/mlperf_log_summary.txt /work/build/power_logs_temp/; fi'
client 2021-08-12 20:03:54,810 [INFO] Sending command to the server: 'session,2021-08-12_19-52-01,stop,ranging'
client 2021-08-12 20:04:04,863 [INFO] Got response: 'OK'
client 2021-08-12 20:04:04,867 [INFO] Copying loadgen logs from '/work/build/power_logs_temp' to '/work/build/power_logs/2021.08.12-19.51.54/2021-08-12_19-52-01/ranging'
client 2021-08-12 20:04:04,867 [INFO] Running workload in testing mode
client 2021-08-12 20:04:04,867 [INFO] Synchronizing with the server and with 100.64.0.18...
client 2021-08-12 20:04:04,868 [INFO] NTP:offset = 0.001 s, delay = 0.001 s 
client 2021-08-12 20:04:04,868 [INFO] Sending command to the server: 'time'
client 2021-08-12 20:04:04,870 [INFO] Got response: '1628798644.8071196'
client 2021-08-12 20:04:04,870 [INFO] The time difference between the client and the server is within range 61.663 ms..63.596 ms
client 2021-08-12 20:04:04,870 [INFO] Sending command to the server: 'session,2021-08-12_19-52-01,start,testing'
client 2021-08-12 20:04:17,768 [INFO] Got response: 'OK'
client 2021-08-12 20:04:17,768 [INFO] Running the workload 'LOG_DIR=/work/build/power_logs_temp python3 code/main.py --benchmarks=ssd-resnet34 --scenarios=Offline --config_ver=default --test_mode=PerformanceOnly --action="run_harness" \\\n\t\t&& if [ ! -d /work/build/power_logs/2021.08.12-19.51.54/ranging_tmp ]; \\\n\t\t\tthen mkdir /work/build/power_logs/2021.08.12-19.51.54/ranging_tmp \\\n\t\t\t\t&& mv /work/build/power_logs_temp/* /work/build/power_logs/2021.08.12-19.51.54/ranging_tmp/ \\\n\t\t\t\t&& cp -v /work/build/power_logs/2021.08.12-19.51.54/ranging_tmp/*/*/*/mlperf_log_detail.txt /work/build/power_logs_temp/ \\\n\t\t\t\t&& cp -v /work/build/power_logs/2021.08.12-19.51.54/ranging_tmp/*/*/*/mlperf_log_summary.txt /work/build/power_logs_temp/; \\\n\t\t\telse mkdir /work/build/power_logs/2021.08.12-19.51.54/testing_tmp \\\n\t\t\t\t&& mv /work/build/power_logs_temp/* /work/build/power_logs/2021.08.12-19.51.54/testing_tmp/ \\\n\t\t\t\t&& cp -v /work/build/power_logs/2021.08.12-19.51.54/testing_tmp/*/*/*/mlperf_log_detail.txt /work/build/power_logs_temp/ \\\n\t\t\t\t&& cp -v /work/build/power_logs/2021.08.12-19.51.54/testing_tmp/*/*/*/mlperf_log_summary.txt /work/build/power_logs_temp/; fi'
client 2021-08-12 20:15:39,914 [INFO] Sending command to the server: 'session,2021-08-12_19-52-01,stop,testing'
client 2021-08-12 20:15:49,944 [INFO] Got response: 'OK'
client 2021-08-12 20:15:49,945 [INFO] Copying loadgen logs from '/work/build/power_logs_temp' to '/work/build/power_logs/2021.08.12-19.51.54/2021-08-12_19-52-01/run_1'
client 2021-08-12 20:15:49,945 [INFO] Done runs
