ptd-server 2021-08-12 19:52:01,451 [INFO] Got command from the client 'stop'
ptd-server 2021-08-12 19:52:01,451 [INFO] The server will be stopped after processing this client
ptd-server 2021-08-12 19:52:01,451 [INFO] Sending reply to client 'OK'
ptd-server 2021-08-12 19:52:01,467 [INFO] Got command from the client 'time'
ptd-server 2021-08-12 19:52:01,467 [INFO] Sending reply to client '1628797921.4674573'
ptd-server 2021-08-12 19:52:01,467 [INFO] Got command from the client 'new,,f17b15c4-d4a8-4e59-b520-646c97f31e0b'
ptd-server 2021-08-12 19:52:01,467 [INFO] Sending reply to client 'OK 2021-08-12_19-52-01,5a600055-0c1e-4a15-993e-ef530a6b4af1'
ptd-server 2021-08-12 19:52:01,467 [INFO] Got command from the client 'time'
ptd-server 2021-08-12 19:52:01,467 [INFO] Sending reply to client '1628797921.4674573'
ptd-server 2021-08-12 19:52:01,467 [INFO] Got command from the client 'session,2021-08-12_19-52-01,start,ranging'
ptd-server 2021-08-12 19:52:01,576 [INFO] Running PTDaemon: ['.\\ptd-windows-x86.exe', '-l', 'C:\\Users\\root\\AppData\\Local\\Temp\\tmphsl6ck8b\\ptd_logfile.txt', '-p', '8888', '-c', '2', '-y', '48', '100.83.149.90']
ptd-server 2021-08-12 19:52:21,379 [INFO] Sending to ptd: 'Hello'
ptd-server 2021-08-12 19:52:21,379 [INFO] Reply from ptd: 'Hello, PTDaemon here!'
ptd-server 2021-08-12 19:52:21,379 [INFO] Sending to ptd: 'Identify'
ptd-server 2021-08-12 19:52:21,379 [INFO] Reply from ptd: 'YokogawaWT500_multichannel,1000,1,1,1,1,0,0,1,version=1.9.2-3976349f-20201208,OS=Windows 8 / Server 2012,mode=power,1,1,3,0,0,no_cal_date,YOKOGAWA;760203;U1J802935;F1.21'
ptd-server 2021-08-12 19:52:21,379 [INFO] Connected to PTDaemon
ptd-server 2021-08-12 19:52:21,379 [INFO] Sending to ptd: 'RR'
ptd-server 2021-08-12 19:52:21,379 [INFO] Reply from ptd: 'Ranges,-1,-1.000000,-1,-1.000000'
ptd-server 2021-08-12 19:52:21,379 [INFO] Initial range for Amps is Auto for Volts is Auto
ptd-server 2021-08-12 19:52:21,379 [INFO] Sending to ptd: 'SR,V,Auto'
ptd-server 2021-08-12 19:52:21,598 [INFO] Reply from ptd: 'Range V changed'
ptd-server 2021-08-12 19:52:21,598 [INFO] Sending to ptd: 'SR,A,Auto'
ptd-server 2021-08-12 19:52:21,745 [INFO] Reply from ptd: 'Range A changed'
ptd-server 2021-08-12 19:52:31,749 [INFO] Starting ranging mode
ptd-server 2021-08-12 19:52:31,749 [INFO] Sending to ptd: 'Go,1000,0,2021-08-12_19-52-01_ranging'
ptd-server 2021-08-12 19:52:31,749 [INFO] Reply from ptd: 'Starting untimed measurement, maximum 500000 samples at 1000ms with 0 rampup samples'
ptd-server 2021-08-12 19:52:31,749 [INFO] Sending reply to client 'OK'
ptd-server 2021-08-12 20:03:54,763 [INFO] Got command from the client 'session,2021-08-12_19-52-01,stop,ranging'
ptd-server 2021-08-12 20:04:04,776 [INFO] Sending to ptd: 'Stop'
ptd-server 2021-08-12 20:04:04,776 [INFO] Reply from ptd: 'Stopping untimed measurement'
ptd-server 2021-08-12 20:04:04,807 [INFO] Sending reply to client 'OK'
ptd-server 2021-08-12 20:04:04,807 [INFO] Got command from the client 'time'
ptd-server 2021-08-12 20:04:04,807 [INFO] Sending reply to client '1628798644.8071196'
ptd-server 2021-08-12 20:04:04,822 [INFO] Got command from the client 'session,2021-08-12_19-52-01,start,testing'
ptd-server 2021-08-12 20:04:04,822 [INFO] Sending to ptd: 'SR,V,128.900000'
ptd-server 2021-08-12 20:04:06,979 [INFO] Reply from ptd: 'Range V changed'
ptd-server 2021-08-12 20:04:06,979 [INFO] Sending to ptd: 'SR,A,14.480000'
ptd-server 2021-08-12 20:04:07,700 [INFO] Reply from ptd: 'Range A changed'
ptd-server 2021-08-12 20:04:17,714 [INFO] Starting testing mode
ptd-server 2021-08-12 20:04:17,714 [INFO] Sending to ptd: 'Go,1000,0,2021-08-12_19-52-01_testing'
ptd-server 2021-08-12 20:04:17,714 [INFO] Reply from ptd: 'Starting untimed measurement, maximum 500000 samples at 1000ms with 0 rampup samples'
ptd-server 2021-08-12 20:04:17,714 [INFO] Sending reply to client 'OK'
ptd-server 2021-08-12 20:15:39,861 [INFO] Got command from the client 'session,2021-08-12_19-52-01,stop,testing'
ptd-server 2021-08-12 20:15:49,866 [INFO] Sending to ptd: 'Stop'
ptd-server 2021-08-12 20:15:49,866 [INFO] Reply from ptd: 'Stopping untimed measurement'
ptd-server 2021-08-12 20:15:49,882 [INFO] Sending reply to client 'OK'
ptd-server 2021-08-12 20:15:49,882 [INFO] Got command from the client 'session,2021-08-12_19-52-01,done'
ptd-server 2021-08-12 20:15:49,882 [INFO] Sending to ptd: 'Stop'
ptd-server 2021-08-12 20:15:50,735 [INFO] Reply from ptd: 'Error: no measurement to stop'
ptd-server 2021-08-12 20:15:50,735 [INFO] Sending to ptd: 'SR,V,Auto'
ptd-server 2021-08-12 20:15:50,954 [INFO] Reply from ptd: 'Range V changed'
ptd-server 2021-08-12 20:15:50,954 [INFO] Sending to ptd: 'SR,A,Auto'
ptd-server 2021-08-12 20:15:51,110 [INFO] Reply from ptd: 'Range A changed'
ptd-server 2021-08-12 20:15:51,110 [INFO] Set initial values for Amps Auto and Volts Auto
ptd-server 2021-08-12 20:15:51,110 [INFO] Stopping ptd...
