client 2021-08-10 02:56:59,632 [INFO] Sending command to the server: 'mlcommons/power client v3'
client 2021-08-10 02:56:59,638 [INFO] Got response: 'mlcommons/power server v3'
client 2021-08-10 02:56:59,638 [INFO] Sending command to the server: 'stop'
client 2021-08-10 02:56:59,639 [INFO] Got response: 'OK'
client 2021-08-10 02:56:59,639 [INFO] Synchronizing with the server and with ib-01.dc4-in.nvidia.com...
client 2021-08-10 02:56:59,843 [INFO] NTP:offset = -4.971 s, delay = 0.201 s 
client 2021-08-10 02:56:59,843 [WARNING] The time offset between the system time and ib-01.dc4-in.nvidia.com is more then 200 ms (-4970.919 ms)
client 2021-08-10 02:56:59,843 [INFO] Sending command to the server: 'set_ntp'
client 2021-08-10 02:57:01,092 [INFO] Got response: 'OK'
client 2021-08-10 02:57:01,092 [INFO] Synchronizing with ib-01.dc4-in.nvidia.com time using NTP...
client 2021-08-10 02:57:04,231 [INFO] Set system time at 2021-08-10 02:57:04.231409
client 2021-08-10 02:57:04,446 [INFO] NTP:offset = 0.007 s, delay = 0.214 s 
client 2021-08-10 02:57:04,446 [INFO] Sending command to the server: 'time'
client 2021-08-10 02:57:04,452 [INFO] Got response: '1628589424.4469872'
client 2021-08-10 02:57:04,452 [INFO] The time difference between the client and the server is within range -0.259 ms..5.640 ms
client 2021-08-10 02:57:04,452 [INFO] Sending command to the server: 'new,,672a680b-2e7f-4886-b230-8a59f8df5da0'
client 2021-08-10 02:57:04,454 [INFO] Got response: 'OK 2021-08-10_02-57-04,4a81be27-d878-441d-9bf1-52f808f3aa41'
client 2021-08-10 02:57:04,454 [INFO] Session id is '2021-08-10_02-57-04'
client 2021-08-10 02:57:04,454 [INFO] Sources: {"sources": {"__init__.py": "da39a3ee5e6b4b0d3255bfef95601890afd80709", "client.py": "33ca4f26368777ac06e01f9567b714a4b8063886", "lib/__init__.py": "da39a3ee5e6b4b0d3255bfef95601890afd80709", "lib/client.py": "4c2b78fb4849a7e5b584ef792d82aaed20b17f57", "lib/common.py": "624d0c0acc7c39aaff3674f0b99d6a09da53d1dc", "lib/external/__init__.py": "da39a3ee5e6b4b0d3255bfef95601890afd80709", "lib/external/ntplib.py": "4da8f970656505a40483206ef2b5d3dd5e81711d", "lib/server.py": "24ae49fb193809cf47f2c18b1c9c7c866244be4d", "lib/source_hashes.py": "60a2e02193209e8d392803326208d5466342da18", "lib/summary.py": "aa92f0a3f975eecd44d3c0cd0236342ccc9f941d", "lib/time_sync.py": "3210db56eb0ff0df57bf4293dc4d4b03fffd46f1", "server.py": "c3f90f2f7eeb4db30727556d0c815ebc89b3d28b", "tests/unit/__init__.py": "da39a3ee5e6b4b0d3255bfef95601890afd80709", "tests/unit/test_server.py": "99ae15aef722f2000ee6ed1ae1523637bf1ae42b", "tests/unit/test_source_hashes.py": "00468a2907583c593e6574a1f6b404e4651c221a"}, "modules": {"ptd_client_server.lib.client": "lib/client.py", "ptd_client_server.lib.common": "lib/common.py", "ptd_client_server.lib.external.ntplib": "lib/external/ntplib.py", "ptd_client_server.lib.source_hashes": "lib/source_hashes.py", "ptd_client_server.lib.summary": "lib/summary.py", "ptd_client_server.lib.time_sync": "lib/time_sync.py"}}
client 2021-08-10 02:57:04,456 [INFO] Running workload in ranging mode
client 2021-08-10 02:57:04,456 [INFO] Synchronizing with the server and with ib-01.dc4-in.nvidia.com...
client 2021-08-10 02:57:04,657 [INFO] NTP:offset = 0.000 s, delay = 0.201 s 
client 2021-08-10 02:57:04,657 [INFO] Sending command to the server: 'time'
client 2021-08-10 02:57:04,659 [INFO] Got response: '1628589424.6536374'
client 2021-08-10 02:57:04,659 [INFO] The time difference between the client and the server is within range 4.118 ms..5.434 ms
client 2021-08-10 02:57:04,659 [INFO] Sending command to the server: 'session,2021-08-10_02-57-04,start,ranging'
client 2021-08-10 02:57:45,612 [INFO] Got response: 'OK'
client 2021-08-10 02:57:45,612 [INFO] Running the workload 'LOG_DIR=/home/scratch.mlperf_inf_ci/mlPerf/L2/A100x8_MaxQ-Computelab-A100x8-MaxQ-L2-12-2021-08-10-06-58-05-UTC/mlperf-inference/closed/NVIDIA/build/power_logs_temp python3 code/main.py --benchmarks=3d-unet --scenarios=Offline --test_mode=PerformanceOnly --config_ver=maxq_high_accuracy --action="run_harness" \\\n\t\t&& if [ ! -d /home/scratch.mlperf_inf_ci/mlPerf/L2/A100x8_MaxQ-Computelab-A100x8-MaxQ-L2-12-2021-08-10-06-58-05-UTC/mlperf-inference/closed/NVIDIA/build/power_logs/2021.08.10-02.56.48/ranging_tmp ]; \\\n\t\t\tthen mkdir /home/scratch.mlperf_inf_ci/mlPerf/L2/A100x8_MaxQ-Computelab-A100x8-MaxQ-L2-12-2021-08-10-06-58-05-UTC/mlperf-inference/closed/NVIDIA/build/power_logs/2021.08.10-02.56.48/ranging_tmp \\\n\t\t\t\t&& mv /home/scratch.mlperf_inf_ci/mlPerf/L2/A100x8_MaxQ-Computelab-A100x8-MaxQ-L2-12-2021-08-10-06-58-05-UTC/mlperf-inference/closed/NVIDIA/build/power_logs_temp/* /home/scratch.mlperf_inf_ci/mlPerf/L2/A100x8_MaxQ-Computelab-A100x8-MaxQ-L2-12-2021-08-10-06-58-05-UTC/mlperf-inference/closed/NVIDIA/build/power_logs/2021.08.10-02.56.48/ranging_tmp/ \\\n\t\t\t\t&& cp -v /home/scratch.mlperf_inf_ci/mlPerf/L2/A100x8_MaxQ-Computelab-A100x8-MaxQ-L2-12-2021-08-10-06-58-05-UTC/mlperf-inference/closed/NVIDIA/build/power_logs/2021.08.10-02.56.48/ranging_tmp/*/*/*/mlperf_log_detail.txt /home/scratch.mlperf_inf_ci/mlPerf/L2/A100x8_MaxQ-Computelab-A100x8-MaxQ-L2-12-2021-08-10-06-58-05-UTC/mlperf-inference/closed/NVIDIA/build/power_logs_temp/ \\\n\t\t\t\t&& cp -v /home/scratch.mlperf_inf_ci/mlPerf/L2/A100x8_MaxQ-Computelab-A100x8-MaxQ-L2-12-2021-08-10-06-58-05-UTC/mlperf-inference/closed/NVIDIA/build/power_logs/2021.08.10-02.56.48/ranging_tmp/*/*/*/mlperf_log_summary.txt /home/scratch.mlperf_inf_ci/mlPerf/L2/A100x8_MaxQ-Computelab-A100x8-MaxQ-L2-12-2021-08-10-06-58-05-UTC/mlperf-inference/closed/NVIDIA/build/power_logs_temp/; \\\n\t\t\telse mkdir /home/scratch.mlperf_inf_ci/mlPerf/L2/A100x8_MaxQ-Computelab-A100x8-MaxQ-L2-12-2021-08-10-06-58-05-UTC/mlperf-inference/closed/NVIDIA/build/power_logs/2021.08.10-02.56.48/testing_tmp \\\n\t\t\t\t&& mv /home/scratch.mlperf_inf_ci/mlPerf/L2/A100x8_MaxQ-Computelab-A100x8-MaxQ-L2-12-2021-08-10-06-58-05-UTC/mlperf-inference/closed/NVIDIA/build/power_logs_temp/* /home/scratch.mlperf_inf_ci/mlPerf/L2/A100x8_MaxQ-Computelab-A100x8-MaxQ-L2-12-2021-08-10-06-58-05-UTC/mlperf-inference/closed/NVIDIA/build/power_logs/2021.08.10-02.56.48/testing_tmp/ \\\n\t\t\t\t&& cp -v /home/scratch.mlperf_inf_ci/mlPerf/L2/A100x8_MaxQ-Computelab-A100x8-MaxQ-L2-12-2021-08-10-06-58-05-UTC/mlperf-inference/closed/NVIDIA/build/power_logs/2021.08.10-02.56.48/testing_tmp/*/*/*/mlperf_log_detail.txt /home/scratch.mlperf_inf_ci/mlPerf/L2/A100x8_MaxQ-Computelab-A100x8-MaxQ-L2-12-2021-08-10-06-58-05-UTC/mlperf-inference/closed/NVIDIA/build/power_logs_temp/ \\\n\t\t\t\t&& cp -v /home/scratch.mlperf_inf_ci/mlPerf/L2/A100x8_MaxQ-Computelab-A100x8-MaxQ-L2-12-2021-08-10-06-58-05-UTC/mlperf-inference/closed/NVIDIA/build/power_logs/2021.08.10-02.56.48/testing_tmp/*/*/*/mlperf_log_summary.txt /home/scratch.mlperf_inf_ci/mlPerf/L2/A100x8_MaxQ-Computelab-A100x8-MaxQ-L2-12-2021-08-10-06-58-05-UTC/mlperf-inference/closed/NVIDIA/build/power_logs_temp/; fi'
client 2021-08-10 03:11:40,491 [INFO] Sending command to the server: 'session,2021-08-10_02-57-04,stop,ranging'
client 2021-08-10 03:11:50,555 [INFO] Got response: 'OK'
client 2021-08-10 03:11:50,564 [INFO] Copying loadgen logs from '/home/scratch.mlperf_inf_ci/mlPerf/L2/A100x8_MaxQ-Computelab-A100x8-MaxQ-L2-12-2021-08-10-06-58-05-UTC/mlperf-inference/closed/NVIDIA/build/power_logs_temp' to '/home/scratch.mlperf_inf_ci/mlPerf/L2/A100x8_MaxQ-Computelab-A100x8-MaxQ-L2-12-2021-08-10-06-58-05-UTC/mlperf-inference/closed/NVIDIA/build/power_logs/2021.08.10-02.56.48/2021-08-10_02-57-04/ranging'
client 2021-08-10 03:11:50,574 [INFO] Running workload in testing mode
client 2021-08-10 03:11:50,574 [INFO] Synchronizing with the server and with ib-01.dc4-in.nvidia.com...
client 2021-08-10 03:11:50,781 [INFO] NTP:offset = 0.016 s, delay = 0.206 s 
client 2021-08-10 03:11:50,781 [INFO] Sending command to the server: 'time'
client 2021-08-10 03:11:50,783 [INFO] Got response: '1628590310.7894626'
client 2021-08-10 03:11:50,783 [INFO] The time difference between the client and the server is within range -7.581 ms..-6.384 ms
client 2021-08-10 03:11:50,783 [INFO] Sending command to the server: 'session,2021-08-10_02-57-04,start,testing'
client 2021-08-10 03:12:12,449 [INFO] Got response: 'OK'
client 2021-08-10 03:12:12,449 [INFO] Running the workload 'LOG_DIR=/home/scratch.mlperf_inf_ci/mlPerf/L2/A100x8_MaxQ-Computelab-A100x8-MaxQ-L2-12-2021-08-10-06-58-05-UTC/mlperf-inference/closed/NVIDIA/build/power_logs_temp python3 code/main.py --benchmarks=3d-unet --scenarios=Offline --test_mode=PerformanceOnly --config_ver=maxq_high_accuracy --action="run_harness" \\\n\t\t&& if [ ! -d /home/scratch.mlperf_inf_ci/mlPerf/L2/A100x8_MaxQ-Computelab-A100x8-MaxQ-L2-12-2021-08-10-06-58-05-UTC/mlperf-inference/closed/NVIDIA/build/power_logs/2021.08.10-02.56.48/ranging_tmp ]; \\\n\t\t\tthen mkdir /home/scratch.mlperf_inf_ci/mlPerf/L2/A100x8_MaxQ-Computelab-A100x8-MaxQ-L2-12-2021-08-10-06-58-05-UTC/mlperf-inference/closed/NVIDIA/build/power_logs/2021.08.10-02.56.48/ranging_tmp \\\n\t\t\t\t&& mv /home/scratch.mlperf_inf_ci/mlPerf/L2/A100x8_MaxQ-Computelab-A100x8-MaxQ-L2-12-2021-08-10-06-58-05-UTC/mlperf-inference/closed/NVIDIA/build/power_logs_temp/* /home/scratch.mlperf_inf_ci/mlPerf/L2/A100x8_MaxQ-Computelab-A100x8-MaxQ-L2-12-2021-08-10-06-58-05-UTC/mlperf-inference/closed/NVIDIA/build/power_logs/2021.08.10-02.56.48/ranging_tmp/ \\\n\t\t\t\t&& cp -v /home/scratch.mlperf_inf_ci/mlPerf/L2/A100x8_MaxQ-Computelab-A100x8-MaxQ-L2-12-2021-08-10-06-58-05-UTC/mlperf-inference/closed/NVIDIA/build/power_logs/2021.08.10-02.56.48/ranging_tmp/*/*/*/mlperf_log_detail.txt /home/scratch.mlperf_inf_ci/mlPerf/L2/A100x8_MaxQ-Computelab-A100x8-MaxQ-L2-12-2021-08-10-06-58-05-UTC/mlperf-inference/closed/NVIDIA/build/power_logs_temp/ \\\n\t\t\t\t&& cp -v /home/scratch.mlperf_inf_ci/mlPerf/L2/A100x8_MaxQ-Computelab-A100x8-MaxQ-L2-12-2021-08-10-06-58-05-UTC/mlperf-inference/closed/NVIDIA/build/power_logs/2021.08.10-02.56.48/ranging_tmp/*/*/*/mlperf_log_summary.txt /home/scratch.mlperf_inf_ci/mlPerf/L2/A100x8_MaxQ-Computelab-A100x8-MaxQ-L2-12-2021-08-10-06-58-05-UTC/mlperf-inference/closed/NVIDIA/build/power_logs_temp/; \\\n\t\t\telse mkdir /home/scratch.mlperf_inf_ci/mlPerf/L2/A100x8_MaxQ-Computelab-A100x8-MaxQ-L2-12-2021-08-10-06-58-05-UTC/mlperf-inference/closed/NVIDIA/build/power_logs/2021.08.10-02.56.48/testing_tmp \\\n\t\t\t\t&& mv /home/scratch.mlperf_inf_ci/mlPerf/L2/A100x8_MaxQ-Computelab-A100x8-MaxQ-L2-12-2021-08-10-06-58-05-UTC/mlperf-inference/closed/NVIDIA/build/power_logs_temp/* /home/scratch.mlperf_inf_ci/mlPerf/L2/A100x8_MaxQ-Computelab-A100x8-MaxQ-L2-12-2021-08-10-06-58-05-UTC/mlperf-inference/closed/NVIDIA/build/power_logs/2021.08.10-02.56.48/testing_tmp/ \\\n\t\t\t\t&& cp -v /home/scratch.mlperf_inf_ci/mlPerf/L2/A100x8_MaxQ-Computelab-A100x8-MaxQ-L2-12-2021-08-10-06-58-05-UTC/mlperf-inference/closed/NVIDIA/build/power_logs/2021.08.10-02.56.48/testing_tmp/*/*/*/mlperf_log_detail.txt /home/scratch.mlperf_inf_ci/mlPerf/L2/A100x8_MaxQ-Computelab-A100x8-MaxQ-L2-12-2021-08-10-06-58-05-UTC/mlperf-inference/closed/NVIDIA/build/power_logs_temp/ \\\n\t\t\t\t&& cp -v /home/scratch.mlperf_inf_ci/mlPerf/L2/A100x8_MaxQ-Computelab-A100x8-MaxQ-L2-12-2021-08-10-06-58-05-UTC/mlperf-inference/closed/NVIDIA/build/power_logs/2021.08.10-02.56.48/testing_tmp/*/*/*/mlperf_log_summary.txt /home/scratch.mlperf_inf_ci/mlPerf/L2/A100x8_MaxQ-Computelab-A100x8-MaxQ-L2-12-2021-08-10-06-58-05-UTC/mlperf-inference/closed/NVIDIA/build/power_logs_temp/; fi'
client 2021-08-10 03:26:08,242 [INFO] Sending command to the server: 'session,2021-08-10_02-57-04,stop,testing'
client 2021-08-10 03:26:18,267 [INFO] Got response: 'OK'
client 2021-08-10 03:26:18,272 [INFO] Copying loadgen logs from '/home/scratch.mlperf_inf_ci/mlPerf/L2/A100x8_MaxQ-Computelab-A100x8-MaxQ-L2-12-2021-08-10-06-58-05-UTC/mlperf-inference/closed/NVIDIA/build/power_logs_temp' to '/home/scratch.mlperf_inf_ci/mlPerf/L2/A100x8_MaxQ-Computelab-A100x8-MaxQ-L2-12-2021-08-10-06-58-05-UTC/mlperf-inference/closed/NVIDIA/build/power_logs/2021.08.10-02.56.48/2021-08-10_02-57-04/run_1'
client 2021-08-10 03:26:18,281 [INFO] Done runs
