ptd-server 2021-08-12 23:06:24,112 [INFO] Got command from the client 'stop'
ptd-server 2021-08-12 23:06:24,113 [INFO] The server will be stopped after processing this client
ptd-server 2021-08-12 23:06:24,114 [INFO] Sending reply to client 'OK'
ptd-server 2021-08-12 23:06:24,121 [INFO] Got command from the client 'time'
ptd-server 2021-08-12 23:06:24,122 [INFO] Sending reply to client '1628809584.1225715'
ptd-server 2021-08-12 23:06:24,123 [INFO] Got command from the client 'new,,3ffc6784-ee57-43a6-a39d-9945c333b264'
ptd-server 2021-08-12 23:06:24,125 [INFO] Sending reply to client 'OK 2021-08-12_23-06-24,4999b839-96a6-4b17-9e19-d72c903c9de8'
ptd-server 2021-08-12 23:06:24,130 [INFO] Got command from the client 'time'
ptd-server 2021-08-12 23:06:24,131 [INFO] Sending reply to client '1628809584.1314409'
ptd-server 2021-08-12 23:06:24,132 [INFO] Got command from the client 'session,2021-08-12_23-06-24,start,ranging'
ptd-server 2021-08-12 23:06:24,236 [INFO] Running PTDaemon: ['.\\ptd-windows-x86.exe', '-l', 'C:\\Users\\root\\AppData\\Local\\Temp\\tmpckls5d6a\\ptd_logfile.txt', '-p', '8888', '-g', '8', '1']
ptd-server 2021-08-12 23:06:36,984 [INFO] Sending to ptd: 'Hello'
ptd-server 2021-08-12 23:06:36,985 [INFO] Reply from ptd: 'Hello, PTDaemon here!'
ptd-server 2021-08-12 23:06:36,986 [INFO] Sending to ptd: 'Identify'
ptd-server 2021-08-12 23:06:36,987 [INFO] Reply from ptd: 'YokogawaWT210,1000,1,1,1,1,0,0,1,version=1.9.2-3976349f-20201208,OS=Windows 8 / Server 2012,mode=power,1,1,1,0,0,no_cal_date,YOKOGAWA;760401;0;F1.12'
ptd-server 2021-08-12 23:06:36,988 [INFO] Connected to PTDaemon
ptd-server 2021-08-12 23:06:36,988 [INFO] Sending to ptd: 'RR'
ptd-server 2021-08-12 23:06:36,989 [INFO] Reply from ptd: 'Ranges,1,5.000000,1,150.000000'
ptd-server 2021-08-12 23:06:36,989 [INFO] Initial range for Amps is Auto for Volts is Auto
ptd-server 2021-08-12 23:06:36,990 [INFO] Sending to ptd: 'SR,V,Auto'
ptd-server 2021-08-12 23:06:37,519 [INFO] Reply from ptd: 'Range V changed'
ptd-server 2021-08-12 23:06:37,520 [INFO] Sending to ptd: 'SR,A,Auto'
ptd-server 2021-08-12 23:06:38,049 [INFO] Reply from ptd: 'Range A changed'
ptd-server 2021-08-12 23:06:48,051 [INFO] Starting ranging mode
ptd-server 2021-08-12 23:06:48,052 [INFO] Sending to ptd: 'Go,1000,0,2021-08-12_23-06-24_ranging'
ptd-server 2021-08-12 23:06:48,052 [INFO] Reply from ptd: 'Starting untimed measurement, maximum 500000 samples at 1000ms with 0 rampup samples'
ptd-server 2021-08-12 23:06:48,054 [INFO] Sending reply to client 'OK'
ptd-server 2021-08-12 23:17:03,458 [INFO] Got command from the client 'session,2021-08-12_23-06-24,stop,ranging'
ptd-server 2021-08-12 23:17:13,460 [INFO] Sending to ptd: 'Stop'
ptd-server 2021-08-12 23:17:13,461 [INFO] Reply from ptd: 'Stopping untimed measurement'
ptd-server 2021-08-12 23:17:13,488 [INFO] Sending reply to client 'OK'
ptd-server 2021-08-12 23:17:13,502 [INFO] Got command from the client 'time'
ptd-server 2021-08-12 23:17:13,503 [INFO] Sending reply to client '1628810233.5032325'
ptd-server 2021-08-12 23:17:13,504 [INFO] Got command from the client 'session,2021-08-12_23-06-24,start,testing'
ptd-server 2021-08-12 23:17:13,504 [INFO] Sending to ptd: 'SR,V,121.350000'
ptd-server 2021-08-12 23:17:15,598 [INFO] Reply from ptd: 'Range V changed'
ptd-server 2021-08-12 23:17:15,599 [INFO] Sending to ptd: 'SR,A,4.763000'
ptd-server 2021-08-12 23:17:17,119 [INFO] Reply from ptd: 'Range A changed'
ptd-server 2021-08-12 23:17:27,134 [INFO] Starting testing mode
ptd-server 2021-08-12 23:17:27,135 [INFO] Sending to ptd: 'Go,1000,0,2021-08-12_23-06-24_testing'
ptd-server 2021-08-12 23:17:27,135 [INFO] Reply from ptd: 'Starting untimed measurement, maximum 500000 samples at 1000ms with 0 rampup samples'
ptd-server 2021-08-12 23:17:27,136 [INFO] Sending reply to client 'OK'
ptd-server 2021-08-12 23:27:42,712 [INFO] Got command from the client 'session,2021-08-12_23-06-24,stop,testing'
ptd-server 2021-08-12 23:27:52,722 [INFO] Sending to ptd: 'Stop'
ptd-server 2021-08-12 23:27:52,723 [INFO] Reply from ptd: 'Stopping untimed measurement'
ptd-server 2021-08-12 23:27:52,739 [INFO] Sending reply to client 'OK'
ptd-server 2021-08-12 23:27:52,747 [INFO] Got command from the client 'session,2021-08-12_23-06-24,done'
ptd-server 2021-08-12 23:27:52,747 [INFO] Sending to ptd: 'Stop'
ptd-server 2021-08-12 23:27:53,139 [INFO] Reply from ptd: 'Error: no measurement to stop'
ptd-server 2021-08-12 23:27:53,139 [INFO] Sending to ptd: 'SR,V,Auto'
ptd-server 2021-08-12 23:27:53,666 [INFO] Reply from ptd: 'Range V changed'
ptd-server 2021-08-12 23:27:53,667 [INFO] Sending to ptd: 'SR,A,Auto'
ptd-server 2021-08-12 23:27:54,194 [INFO] Reply from ptd: 'Range A changed'
ptd-server 2021-08-12 23:27:54,195 [INFO] Set initial values for Amps Auto and Volts Auto
ptd-server 2021-08-12 23:27:54,196 [INFO] Stopping ptd...
