ptd-server 2021-08-13 08:23:14,093 [INFO] Got command from the client 'time'
ptd-server 2021-08-13 08:23:14,094 [INFO] Sending reply to client '1628860994.0940733'
ptd-server 2021-08-13 08:23:14,094 [INFO] Got command from the client 'new,,c02fdd00-576b-4ebe-bc2a-dd41b26f8bbd'
ptd-server 2021-08-13 08:23:14,095 [INFO] Sending reply to client 'OK 2021-08-13_08-23-14,4e094132-696d-481f-a622-3854d3849fb1'
ptd-server 2021-08-13 08:23:14,203 [INFO] Got command from the client 'time'
ptd-server 2021-08-13 08:23:14,203 [INFO] Sending reply to client '1628860994.203827'
ptd-server 2021-08-13 08:23:14,204 [INFO] Got command from the client 'session,2021-08-13_08-23-14,start,ranging'
ptd-server 2021-08-13 08:23:14,205 [INFO] Running PTDaemon: ['/local/mnt/workspace/mlcommons/power-main/inference_v1.0/ptd-linux-x86', '-l', '/tmp/tmpseoqnvwj/ptd_logfile.txt', '-p', '8888', '49', '/dev/usbtmc0']
ptd-server 2021-08-13 08:23:31,325 [INFO] Sending to ptd: 'Hello'
ptd-server 2021-08-13 08:23:31,326 [INFO] Reply from ptd: 'Hello, PTDaemon here!'
ptd-server 2021-08-13 08:23:31,326 [INFO] Sending to ptd: 'Identify'
ptd-server 2021-08-13 08:23:31,326 [INFO] Reply from ptd: 'YokogawaWT310E,1000,1,1,1,1,0,1,1,version=1.9.2-e8c7a49a-20201208,OS=Linux 4.15.0-64-generic #73-Ubuntu SMP Thu Sep 12 13:16:13 UTC 2019 x86_64,mode=power,1,1,1,0,0,no_cal_date,YOKOGAWA;WT310E;C2XF16028V;F1.04'
ptd-server 2021-08-13 08:23:31,327 [INFO] Connected to PTDaemon
ptd-server 2021-08-13 08:23:31,327 [INFO] Sending to ptd: 'RR'
ptd-server 2021-08-13 08:23:31,327 [INFO] Reply from ptd: 'Ranges,1,5.000000,1,150.000000'
ptd-server 2021-08-13 08:23:31,327 [INFO] Initial range for Amps is Auto for Volts is Auto
ptd-server 2021-08-13 08:23:31,328 [INFO] Sending to ptd: 'SR,V,Auto'
ptd-server 2021-08-13 08:23:31,831 [INFO] Reply from ptd: 'Range V changed'
ptd-server 2021-08-13 08:23:31,831 [INFO] Sending to ptd: 'SR,A,Auto'
ptd-server 2021-08-13 08:23:32,334 [INFO] Reply from ptd: 'Range A changed'
ptd-server 2021-08-13 08:23:42,344 [INFO] Starting ranging mode
ptd-server 2021-08-13 08:23:42,345 [INFO] Sending to ptd: 'Go,1000,0,2021-08-13_08-23-14_ranging'
ptd-server 2021-08-13 08:23:42,345 [INFO] Reply from ptd: 'Starting untimed measurement, maximum 500000 samples at 1000ms with 0 rampup samples'
ptd-server 2021-08-13 08:23:42,346 [INFO] Sending reply to client 'OK'
ptd-server 2021-08-13 08:37:07,229 [INFO] Got command from the client 'session,2021-08-13_08-23-14,stop,ranging'
ptd-server 2021-08-13 08:37:17,236 [INFO] Sending to ptd: 'Stop'
ptd-server 2021-08-13 08:37:17,237 [INFO] Reply from ptd: 'Stopping untimed measurement'
ptd-server 2021-08-13 08:37:17,255 [INFO] Sending reply to client 'OK'
ptd-server 2021-08-13 08:37:17,379 [INFO] Got command from the client 'time'
ptd-server 2021-08-13 08:37:17,379 [INFO] Sending reply to client '1628861837.3794465'
ptd-server 2021-08-13 08:37:17,380 [INFO] Got command from the client 'session,2021-08-13_08-23-14,start,testing'
ptd-server 2021-08-13 08:37:17,380 [INFO] Sending to ptd: 'SR,V,117.760000'
ptd-server 2021-08-13 08:37:18,882 [INFO] Reply from ptd: 'Range V changed'
ptd-server 2021-08-13 08:37:18,882 [INFO] Sending to ptd: 'SR,A,7.230000'
ptd-server 2021-08-13 08:37:20,384 [INFO] Reply from ptd: 'Range A changed'
ptd-server 2021-08-13 08:37:30,395 [INFO] Starting testing mode
ptd-server 2021-08-13 08:37:30,395 [INFO] Sending to ptd: 'Go,1000,0,2021-08-13_08-23-14_testing'
ptd-server 2021-08-13 08:37:30,396 [INFO] Reply from ptd: 'Starting untimed measurement, maximum 500000 samples at 1000ms with 0 rampup samples'
ptd-server 2021-08-13 08:37:30,396 [INFO] Sending reply to client 'OK'
ptd-server 2021-08-13 08:50:51,782 [INFO] Got command from the client 'session,2021-08-13_08-23-14,stop,testing'
ptd-server 2021-08-13 08:51:01,793 [INFO] Sending to ptd: 'Stop'
ptd-server 2021-08-13 08:51:01,794 [INFO] Reply from ptd: 'Stopping untimed measurement'
ptd-server 2021-08-13 08:51:01,802 [INFO] Sending reply to client 'OK'
ptd-server 2021-08-13 08:51:01,808 [INFO] Got command from the client 'session,2021-08-13_08-23-14,done'
ptd-server 2021-08-13 08:51:01,808 [INFO] Sending to ptd: 'Stop'
ptd-server 2021-08-13 08:51:02,396 [INFO] Reply from ptd: 'Error: no measurement to stop'
ptd-server 2021-08-13 08:51:02,397 [INFO] Sending to ptd: 'SR,V,Auto'
ptd-server 2021-08-13 08:51:02,900 [INFO] Reply from ptd: 'Range V changed'
ptd-server 2021-08-13 08:51:02,900 [INFO] Sending to ptd: 'SR,A,Auto'
ptd-server 2021-08-13 08:51:03,403 [INFO] Reply from ptd: 'Range A changed'
ptd-server 2021-08-13 08:51:03,403 [INFO] Set initial values for Amps Auto and Volts Auto
ptd-server 2021-08-13 08:51:03,404 [INFO] Stopping ptd...
