ptd-server 2021-08-06 05:03:41,490 [INFO] Got command from the client 'stop'
ptd-server 2021-08-06 05:03:41,490 [INFO] The server will be stopped after processing this client
ptd-server 2021-08-06 05:03:41,490 [INFO] Sending reply to client 'OK'
ptd-server 2021-08-06 05:03:41,700 [INFO] Got command from the client 'time'
ptd-server 2021-08-06 05:03:41,700 [INFO] Sending reply to client '1628251421.700193'
ptd-server 2021-08-06 05:03:41,700 [INFO] Got command from the client 'new,,e3895e48-48b6-4ea6-956d-433ba1340d5e'
ptd-server 2021-08-06 05:03:41,700 [INFO] Sending reply to client 'OK 2021-08-06_05-03-41,5d982ae6-b7fe-414e-a6f0-aff870f0dc2b'
ptd-server 2021-08-06 05:03:41,910 [INFO] Got command from the client 'time'
ptd-server 2021-08-06 05:03:41,915 [INFO] Sending reply to client '1628251421.9151502'
ptd-server 2021-08-06 05:03:41,915 [INFO] Got command from the client 'session,2021-08-06_05-03-41,start,ranging'
ptd-server 2021-08-06 05:03:42,024 [INFO] Running PTDaemon: ['C:\\PTD\\ptd-windows-x86.exe', '-l', 'C:\\Users\\lab\\AppData\\Local\\Temp\\tmph1r8fzdc\\ptd_logfile.txt', '-p', '8888', '-c', '1,3', '-y', '77', '10.117.41.199']
ptd-server 2021-08-06 05:04:01,210 [INFO] Sending to ptd: 'Hello'
ptd-server 2021-08-06 05:04:01,210 [INFO] Reply from ptd: 'Hello, PTDaemon here!'
ptd-server 2021-08-06 05:04:01,210 [INFO] Sending to ptd: 'Identify'
ptd-server 2021-08-06 05:04:01,210 [INFO] Reply from ptd: 'YokogawaWT330_multichannel,1000,1,1,1,1,0,0,1,version=1.9.2-3976349f-20201208,OS=Windows 8 / Server 2012,mode=power,1,1,2,0,0,no_cal_date,YOKOGAWA;WT333E;C2WL21011V;F1.04'
ptd-server 2021-08-06 05:04:01,210 [INFO] Connected to PTDaemon
ptd-server 2021-08-06 05:04:01,210 [INFO] Sending to ptd: 'RR'
ptd-server 2021-08-06 05:04:01,210 [INFO] Reply from ptd: 'Ranges,0,20.000000,1,300.000000'
ptd-server 2021-08-06 05:04:01,210 [INFO] Initial range for Amps is 20.000000 for Volts is Auto
ptd-server 2021-08-06 05:04:01,210 [INFO] Sending to ptd: 'SR,V,Auto'
ptd-server 2021-08-06 05:04:06,283 [INFO] Reply from ptd: 'Range V changed'
ptd-server 2021-08-06 05:04:06,283 [INFO] Sending to ptd: 'SR,A,20'
ptd-server 2021-08-06 05:04:11,864 [INFO] Reply from ptd: 'Range A changed'
ptd-server 2021-08-06 05:04:21,873 [INFO] Starting ranging mode
ptd-server 2021-08-06 05:04:21,873 [INFO] Sending to ptd: 'Go,1000,0,2021-08-06_05-03-41_ranging'
ptd-server 2021-08-06 05:04:21,873 [INFO] Reply from ptd: 'Starting untimed measurement, maximum 500000 samples at 1000ms with 0 rampup samples'
ptd-server 2021-08-06 05:04:21,873 [INFO] Sending reply to client 'OK'
ptd-server 2021-08-06 05:14:58,315 [INFO] Got command from the client 'session,2021-08-06_05-03-41,stop,ranging'
ptd-server 2021-08-06 05:15:08,325 [INFO] Sending to ptd: 'Stop'
ptd-server 2021-08-06 05:15:08,325 [INFO] Reply from ptd: 'Stopping untimed measurement'
ptd-server 2021-08-06 05:15:08,356 [INFO] Sending reply to client 'OK'
ptd-server 2021-08-06 05:15:08,612 [INFO] Got command from the client 'time'
ptd-server 2021-08-06 05:15:08,612 [INFO] Sending reply to client '1628252108.6123953'
ptd-server 2021-08-06 05:15:08,612 [INFO] Got command from the client 'session,2021-08-06_05-03-41,start,testing'
ptd-server 2021-08-06 05:15:08,612 [INFO] Sending to ptd: 'SR,V,206.050000'
ptd-server 2021-08-06 05:15:14,976 [INFO] Reply from ptd: 'Range V changed'
ptd-server 2021-08-06 05:15:14,976 [INFO] Sending to ptd: 'SR,A,3.943000'
ptd-server 2021-08-06 05:15:20,569 [INFO] Reply from ptd: 'Range A changed'
ptd-server 2021-08-06 05:15:30,580 [INFO] Starting testing mode
ptd-server 2021-08-06 05:15:30,580 [INFO] Sending to ptd: 'Go,1000,0,2021-08-06_05-03-41_testing'
ptd-server 2021-08-06 05:15:30,580 [INFO] Reply from ptd: 'Starting untimed measurement, maximum 500000 samples at 1000ms with 0 rampup samples'
ptd-server 2021-08-06 05:15:30,580 [INFO] Sending reply to client 'OK'
ptd-server 2021-08-06 05:26:06,904 [INFO] Got command from the client 'session,2021-08-06_05-03-41,stop,testing'
ptd-server 2021-08-06 05:26:16,910 [INFO] Sending to ptd: 'Stop'
ptd-server 2021-08-06 05:26:16,910 [INFO] Reply from ptd: 'Stopping untimed measurement'
ptd-server 2021-08-06 05:26:16,926 [INFO] Sending reply to client 'OK'
ptd-server 2021-08-06 05:26:16,972 [INFO] Got command from the client 'session,2021-08-06_05-03-41,done'
ptd-server 2021-08-06 05:26:16,972 [INFO] Sending to ptd: 'Stop'
ptd-server 2021-08-06 05:26:17,589 [INFO] Reply from ptd: 'Error: no measurement to stop'
ptd-server 2021-08-06 05:26:17,589 [INFO] Sending to ptd: 'SR,V,Auto'
ptd-server 2021-08-06 05:26:22,660 [INFO] Reply from ptd: 'Range V changed'
ptd-server 2021-08-06 05:26:22,660 [INFO] Sending to ptd: 'SR,A,20.000000'
ptd-server 2021-08-06 05:26:28,239 [INFO] Reply from ptd: 'Range A changed'
ptd-server 2021-08-06 05:26:28,239 [INFO] Set initial values for Amps 20.000000 and Volts Auto
ptd-server 2021-08-06 05:26:28,239 [INFO] Stopping ptd...
