ptd-server 2021-08-10 18:30:33,952 [INFO] Got command from the client 'time'
ptd-server 2021-08-10 18:30:33,952 [INFO] Sending reply to client '1628638233.9523778'
ptd-server 2021-08-10 18:30:33,953 [INFO] Got command from the client 'new,,8fcef435-ab80-4c82-b747-405fb38b16b3'
ptd-server 2021-08-10 18:30:33,954 [INFO] Sending reply to client 'OK 2021-08-10_18-30-33,4ca849d0-4d4d-49b8-b102-c4ae311ac8c7'
ptd-server 2021-08-10 18:30:34,068 [INFO] Got command from the client 'time'
ptd-server 2021-08-10 18:30:34,068 [INFO] Sending reply to client '1628638234.0683057'
ptd-server 2021-08-10 18:30:34,069 [INFO] Got command from the client 'session,2021-08-10_18-30-33,start,ranging'
ptd-server 2021-08-10 18:30:34,069 [INFO] Running PTDaemon: ['/local/mnt/workspace/mlcommons/power-main/inference_v1.0/ptd-linux-x86', '-l', '/tmp/tmpbbjdfg8c/ptd_logfile.txt', '-p', '8888', '49', '/dev/usbtmc0']
ptd-server 2021-08-10 18:30:51,186 [INFO] Sending to ptd: 'Hello'
ptd-server 2021-08-10 18:30:51,187 [INFO] Reply from ptd: 'Hello, PTDaemon here!'
ptd-server 2021-08-10 18:30:51,187 [INFO] Sending to ptd: 'Identify'
ptd-server 2021-08-10 18:30:51,188 [INFO] Reply from ptd: 'YokogawaWT310E,1000,1,1,1,1,0,1,1,version=1.9.2-e8c7a49a-20201208,OS=Linux 4.15.0-64-generic #73-Ubuntu SMP Thu Sep 12 13:16:13 UTC 2019 x86_64,mode=power,1,1,1,0,0,no_cal_date,YOKOGAWA;WT310E;C2XF16028V;F1.04'
ptd-server 2021-08-10 18:30:51,188 [INFO] Connected to PTDaemon
ptd-server 2021-08-10 18:30:51,188 [INFO] Sending to ptd: 'RR'
ptd-server 2021-08-10 18:30:51,189 [INFO] Reply from ptd: 'Ranges,1,5.000000,1,150.000000'
ptd-server 2021-08-10 18:30:51,189 [INFO] Initial range for Amps is Auto for Volts is Auto
ptd-server 2021-08-10 18:30:51,189 [INFO] Sending to ptd: 'SR,V,Auto'
ptd-server 2021-08-10 18:30:51,692 [INFO] Reply from ptd: 'Range V changed'
ptd-server 2021-08-10 18:30:51,692 [INFO] Sending to ptd: 'SR,A,20'
ptd-server 2021-08-10 18:30:53,194 [INFO] Reply from ptd: 'Range A changed'
ptd-server 2021-08-10 18:31:03,205 [INFO] Starting ranging mode
ptd-server 2021-08-10 18:31:03,205 [INFO] Sending to ptd: 'Go,1000,0,2021-08-10_18-30-33_ranging'
ptd-server 2021-08-10 18:31:03,206 [INFO] Reply from ptd: 'Starting untimed measurement, maximum 500000 samples at 1000ms with 0 rampup samples'
ptd-server 2021-08-10 18:31:03,206 [INFO] Sending reply to client 'OK'
ptd-server 2021-08-10 18:42:12,273 [INFO] Got command from the client 'session,2021-08-10_18-30-33,stop,ranging'
ptd-server 2021-08-10 18:42:22,277 [INFO] Sending to ptd: 'Stop'
ptd-server 2021-08-10 18:42:22,278 [INFO] Reply from ptd: 'Stopping untimed measurement'
ptd-server 2021-08-10 18:42:22,300 [INFO] Sending reply to client 'OK'
ptd-server 2021-08-10 18:42:22,422 [INFO] Got command from the client 'time'
ptd-server 2021-08-10 18:42:22,422 [INFO] Sending reply to client '1628638942.4226837'
ptd-server 2021-08-10 18:42:22,423 [INFO] Got command from the client 'session,2021-08-10_18-30-33,start,testing'
ptd-server 2021-08-10 18:42:22,423 [INFO] Sending to ptd: 'SR,V,119.780000'
ptd-server 2021-08-10 18:42:24,708 [INFO] Reply from ptd: 'Range V changed'
ptd-server 2021-08-10 18:42:24,709 [INFO] Sending to ptd: 'SR,A,7.386000'
ptd-server 2021-08-10 18:42:26,210 [INFO] Reply from ptd: 'Range A changed'
ptd-server 2021-08-10 18:42:36,211 [INFO] Starting testing mode
ptd-server 2021-08-10 18:42:36,211 [INFO] Sending to ptd: 'Go,1000,0,2021-08-10_18-30-33_testing'
ptd-server 2021-08-10 18:42:36,212 [INFO] Reply from ptd: 'Starting untimed measurement, maximum 500000 samples at 1000ms with 0 rampup samples'
ptd-server 2021-08-10 18:42:36,212 [INFO] Sending reply to client 'OK'
ptd-server 2021-08-10 18:53:45,223 [INFO] Got command from the client 'session,2021-08-10_18-30-33,stop,testing'
ptd-server 2021-08-10 18:53:55,233 [INFO] Sending to ptd: 'Stop'
ptd-server 2021-08-10 18:53:55,234 [INFO] Reply from ptd: 'Stopping untimed measurement'
ptd-server 2021-08-10 18:53:55,245 [INFO] Sending reply to client 'OK'
ptd-server 2021-08-10 18:53:55,252 [INFO] Got command from the client 'session,2021-08-10_18-30-33,done'
ptd-server 2021-08-10 18:53:55,252 [INFO] Sending to ptd: 'Stop'
ptd-server 2021-08-10 18:53:56,213 [INFO] Reply from ptd: 'Error: no measurement to stop'
ptd-server 2021-08-10 18:53:56,213 [INFO] Sending to ptd: 'SR,V,Auto'
ptd-server 2021-08-10 18:53:56,716 [INFO] Reply from ptd: 'Range V changed'
ptd-server 2021-08-10 18:53:56,717 [INFO] Sending to ptd: 'SR,A,Auto'
ptd-server 2021-08-10 18:53:57,220 [INFO] Reply from ptd: 'Range A changed'
ptd-server 2021-08-10 18:53:57,220 [INFO] Set initial values for Amps Auto and Volts Auto
ptd-server 2021-08-10 18:53:57,220 [INFO] Stopping ptd...
