ptd-server 2021-08-07 02:39:21,160 [INFO] Got command from the client 'stop'
ptd-server 2021-08-07 02:39:21,160 [INFO] The server will be stopped after processing this client
ptd-server 2021-08-07 02:39:21,160 [INFO] Sending reply to client 'OK'
ptd-server 2021-08-07 02:39:21,371 [INFO] Got command from the client 'time'
ptd-server 2021-08-07 02:39:21,371 [INFO] Sending reply to client '1628329161.371103'
ptd-server 2021-08-07 02:39:21,371 [INFO] Got command from the client 'new,,b3bf0079-70f8-49ce-b2ef-5adf8810ba86'
ptd-server 2021-08-07 02:39:21,371 [INFO] Sending reply to client 'OK 2021-08-07_02-39-21,ecbc7bfb-6191-41a2-ac96-9276cccd4d21'
ptd-server 2021-08-07 02:39:21,574 [INFO] Got command from the client 'time'
ptd-server 2021-08-07 02:39:21,574 [INFO] Sending reply to client '1628329161.5741673'
ptd-server 2021-08-07 02:39:21,574 [INFO] Got command from the client 'session,2021-08-07_02-39-21,start,ranging'
ptd-server 2021-08-07 02:39:21,683 [INFO] Running PTDaemon: ['C:\\PTD\\ptd-windows-x86.exe', '-l', 'C:\\Users\\lab\\AppData\\Local\\Temp\\tmpxufpuuad\\ptd_logfile.txt', '-p', '8888', '-c', '1', '-y', '52', '172.18.220.100']
ptd-server 2021-08-07 02:39:39,345 [INFO] Sending to ptd: 'Hello'
ptd-server 2021-08-07 02:39:39,345 [INFO] Reply from ptd: 'Hello, PTDaemon here!'
ptd-server 2021-08-07 02:39:39,345 [INFO] Sending to ptd: 'Identify'
ptd-server 2021-08-07 02:39:39,345 [INFO] Reply from ptd: 'YokogawaWT330E,1000,1,1,1,1,0,0,1,version=1.9.2-3976349f-20201208,OS=Windows 8 / Server 2012,mode=power,1,1,1,0,0,no_cal_date,YOKOGAWA;WT333E;C2WC23035V;F1.04'
ptd-server 2021-08-07 02:39:39,345 [INFO] Connected to PTDaemon
ptd-server 2021-08-07 02:39:39,345 [INFO] Sending to ptd: 'RR'
ptd-server 2021-08-07 02:39:39,345 [INFO] Reply from ptd: 'Ranges,1,5.000000,1,300.000000'
ptd-server 2021-08-07 02:39:39,345 [INFO] Initial range for Amps is Auto for Volts is Auto
ptd-server 2021-08-07 02:39:39,345 [INFO] Sending to ptd: 'SR,V,Auto'
ptd-server 2021-08-07 02:39:39,861 [INFO] Reply from ptd: 'Range V changed'
ptd-server 2021-08-07 02:39:39,861 [INFO] Sending to ptd: 'SR,A,20'
ptd-server 2021-08-07 02:39:41,372 [INFO] Reply from ptd: 'Range A changed'
ptd-server 2021-08-07 02:39:51,386 [INFO] Starting ranging mode
ptd-server 2021-08-07 02:39:51,386 [INFO] Sending to ptd: 'Go,1000,0,2021-08-07_02-39-21_ranging'
ptd-server 2021-08-07 02:39:51,386 [INFO] Reply from ptd: 'Starting untimed measurement, maximum 500000 samples at 1000ms with 0 rampup samples'
ptd-server 2021-08-07 02:39:51,386 [INFO] Sending reply to client 'OK'
ptd-server 2021-08-07 02:51:28,704 [INFO] Got command from the client 'session,2021-08-07_02-39-21,stop,ranging'
ptd-server 2021-08-07 02:51:38,731 [INFO] Sending to ptd: 'Stop'
ptd-server 2021-08-07 02:51:38,731 [INFO] Reply from ptd: 'Stopping untimed measurement'
ptd-server 2021-08-07 02:51:38,778 [INFO] Sending reply to client 'OK'
ptd-server 2021-08-07 02:51:38,997 [INFO] Got command from the client 'time'
ptd-server 2021-08-07 02:51:38,997 [INFO] Sending reply to client '1628329898.997429'
ptd-server 2021-08-07 02:51:39,012 [INFO] Got command from the client 'session,2021-08-07_02-39-21,start,testing'
ptd-server 2021-08-07 02:51:39,012 [INFO] Sending to ptd: 'SR,V,206.460000'
ptd-server 2021-08-07 02:51:40,920 [INFO] Reply from ptd: 'Range V changed'
ptd-server 2021-08-07 02:51:40,920 [INFO] Sending to ptd: 'SR,A,5.580000'
ptd-server 2021-08-07 02:51:42,451 [INFO] Reply from ptd: 'Range A changed'
ptd-server 2021-08-07 02:51:52,454 [INFO] Starting testing mode
ptd-server 2021-08-07 02:51:52,454 [INFO] Sending to ptd: 'Go,1000,0,2021-08-07_02-39-21_testing'
ptd-server 2021-08-07 02:51:52,454 [INFO] Reply from ptd: 'Starting untimed measurement, maximum 500000 samples at 1000ms with 0 rampup samples'
ptd-server 2021-08-07 02:51:52,454 [INFO] Sending reply to client 'OK'
ptd-server 2021-08-07 03:03:32,500 [INFO] Got command from the client 'session,2021-08-07_02-39-21,stop,testing'
ptd-server 2021-08-07 03:03:42,505 [INFO] Sending to ptd: 'Stop'
ptd-server 2021-08-07 03:03:42,505 [INFO] Reply from ptd: 'Stopping untimed measurement'
ptd-server 2021-08-07 03:03:42,552 [INFO] Sending reply to client 'OK'
ptd-server 2021-08-07 03:03:42,567 [INFO] Got command from the client 'session,2021-08-07_02-39-21,done'
ptd-server 2021-08-07 03:03:42,583 [INFO] Sending to ptd: 'Stop'
ptd-server 2021-08-07 03:03:43,470 [INFO] Reply from ptd: 'Error: no measurement to stop'
ptd-server 2021-08-07 03:03:43,470 [INFO] Sending to ptd: 'SR,V,Auto'
ptd-server 2021-08-07 03:03:43,979 [INFO] Reply from ptd: 'Range V changed'
ptd-server 2021-08-07 03:03:43,979 [INFO] Sending to ptd: 'SR,A,Auto'
ptd-server 2021-08-07 03:03:44,495 [INFO] Reply from ptd: 'Range A changed'
ptd-server 2021-08-07 03:03:44,495 [INFO] Set initial values for Amps Auto and Volts Auto
ptd-server 2021-08-07 03:03:44,495 [INFO] Stopping ptd...
