ptd-server 2021-08-12 19:13:18,648 [INFO] Got command from the client 'time'
ptd-server 2021-08-12 19:13:18,648 [INFO] Sending reply to client '1628813598.648786'
ptd-server 2021-08-12 19:13:18,650 [INFO] Got command from the client 'new,,a2f90edb-f7a8-43f6-b562-4679001ce434'
ptd-server 2021-08-12 19:13:18,650 [INFO] Sending reply to client 'OK 2021-08-12_19-13-18,52c0ce9b-fc43-4cfc-85e9-dc866941667f'
ptd-server 2021-08-12 19:13:18,767 [INFO] Got command from the client 'time'
ptd-server 2021-08-12 19:13:18,767 [INFO] Sending reply to client '1628813598.7677784'
ptd-server 2021-08-12 19:13:18,768 [INFO] Got command from the client 'session,2021-08-12_19-13-18,start,ranging'
ptd-server 2021-08-12 19:13:18,769 [INFO] Running PTDaemon: ['/local/mnt/workspace/mlcommons/power-main/inference_v1.0/ptd-linux-x86', '-l', '/tmp/tmppj664lpg/ptd_logfile.txt', '-p', '8888', '49', '/dev/usbtmc1']
ptd-server 2021-08-12 19:13:35,888 [INFO] Sending to ptd: 'Hello'
ptd-server 2021-08-12 19:13:35,889 [INFO] Reply from ptd: 'Hello, PTDaemon here!'
ptd-server 2021-08-12 19:13:35,890 [INFO] Sending to ptd: 'Identify'
ptd-server 2021-08-12 19:13:35,890 [INFO] Reply from ptd: 'YokogawaWT310E,1000,1,1,1,1,0,1,1,version=1.9.2-e8c7a49a-20201208,OS=Linux 4.15.0-64-generic #73-Ubuntu SMP Thu Sep 12 13:16:13 UTC 2019 x86_64,mode=power,1,1,1,0,0,no_cal_date,YOKOGAWA;WT310E;C2XF16030V;F1.04'
ptd-server 2021-08-12 19:13:35,891 [INFO] Connected to PTDaemon
ptd-server 2021-08-12 19:13:35,891 [INFO] Sending to ptd: 'RR'
ptd-server 2021-08-12 19:13:35,891 [INFO] Reply from ptd: 'Ranges,1,5.000000,1,150.000000'
ptd-server 2021-08-12 19:13:35,891 [INFO] Initial range for Amps is Auto for Volts is Auto
ptd-server 2021-08-12 19:13:35,891 [INFO] Sending to ptd: 'SR,V,Auto'
ptd-server 2021-08-12 19:13:36,394 [INFO] Reply from ptd: 'Range V changed'
ptd-server 2021-08-12 19:13:36,394 [INFO] Sending to ptd: 'SR,A,20'
ptd-server 2021-08-12 19:13:37,896 [INFO] Reply from ptd: 'Range A changed'
ptd-server 2021-08-12 19:13:47,901 [INFO] Starting ranging mode
ptd-server 2021-08-12 19:13:47,901 [INFO] Sending to ptd: 'Go,1000,0,2021-08-12_19-13-18_ranging'
ptd-server 2021-08-12 19:13:47,902 [INFO] Reply from ptd: 'Starting untimed measurement, maximum 500000 samples at 1000ms with 0 rampup samples'
ptd-server 2021-08-12 19:13:47,902 [INFO] Sending reply to client 'OK'
ptd-server 2021-08-12 19:24:07,013 [INFO] Got command from the client 'session,2021-08-12_19-13-18,stop,ranging'
ptd-server 2021-08-12 19:24:17,014 [INFO] Sending to ptd: 'Stop'
ptd-server 2021-08-12 19:24:17,015 [INFO] Reply from ptd: 'Stopping untimed measurement'
ptd-server 2021-08-12 19:24:17,040 [INFO] Sending reply to client 'OK'
ptd-server 2021-08-12 19:24:17,163 [INFO] Got command from the client 'time'
ptd-server 2021-08-12 19:24:17,163 [INFO] Sending reply to client '1628814257.1634681'
ptd-server 2021-08-12 19:24:17,164 [INFO] Got command from the client 'session,2021-08-12_19-13-18,start,testing'
ptd-server 2021-08-12 19:24:17,164 [INFO] Sending to ptd: 'SR,V,119.720000'
ptd-server 2021-08-12 19:24:19,404 [INFO] Reply from ptd: 'Range V changed'
ptd-server 2021-08-12 19:24:19,405 [INFO] Sending to ptd: 'SR,A,2.105000'
ptd-server 2021-08-12 19:24:20,907 [INFO] Reply from ptd: 'Range A changed'
ptd-server 2021-08-12 19:24:30,917 [INFO] Starting testing mode
ptd-server 2021-08-12 19:24:30,918 [INFO] Sending to ptd: 'Go,1000,0,2021-08-12_19-13-18_testing'
ptd-server 2021-08-12 19:24:30,918 [INFO] Reply from ptd: 'Starting untimed measurement, maximum 500000 samples at 1000ms with 0 rampup samples'
ptd-server 2021-08-12 19:24:30,919 [INFO] Sending reply to client 'OK'
ptd-server 2021-08-12 19:34:50,344 [INFO] Got command from the client 'session,2021-08-12_19-13-18,stop,testing'
ptd-server 2021-08-12 19:35:00,353 [INFO] Sending to ptd: 'Stop'
ptd-server 2021-08-12 19:35:00,354 [INFO] Reply from ptd: 'Stopping untimed measurement'
ptd-server 2021-08-12 19:35:00,360 [INFO] Sending reply to client 'OK'
ptd-server 2021-08-12 19:35:00,366 [INFO] Got command from the client 'session,2021-08-12_19-13-18,done'
ptd-server 2021-08-12 19:35:00,366 [INFO] Sending to ptd: 'Stop'
ptd-server 2021-08-12 19:35:00,918 [INFO] Reply from ptd: 'Error: no measurement to stop'
ptd-server 2021-08-12 19:35:00,918 [INFO] Sending to ptd: 'SR,V,Auto'
ptd-server 2021-08-12 19:35:01,421 [INFO] Reply from ptd: 'Range V changed'
ptd-server 2021-08-12 19:35:01,422 [INFO] Sending to ptd: 'SR,A,Auto'
ptd-server 2021-08-12 19:35:01,925 [INFO] Reply from ptd: 'Range A changed'
ptd-server 2021-08-12 19:35:01,925 [INFO] Set initial values for Amps Auto and Volts Auto
ptd-server 2021-08-12 19:35:01,926 [INFO] Stopping ptd...
