ptd-server 2021-08-10 04:48:57,579 [INFO] Got command from the client 'stop'
ptd-server 2021-08-10 04:48:57,579 [INFO] The server will be stopped after processing this client
ptd-server 2021-08-10 04:48:57,579 [INFO] Sending reply to client 'OK'
ptd-server 2021-08-10 04:48:57,829 [INFO] Got command from the client 'time'
ptd-server 2021-08-10 04:48:57,829 [INFO] Sending reply to client '1628596137.8291767'
ptd-server 2021-08-10 04:48:57,829 [INFO] Got command from the client 'new,,564d9e30-f878-4048-b46b-dc2c73f72210'
ptd-server 2021-08-10 04:48:57,829 [INFO] Sending reply to client 'OK 2021-08-10_04-48-57,dc8cf348-df02-4a43-ace8-299b790f820f'
ptd-server 2021-08-10 04:48:58,036 [INFO] Got command from the client 'time'
ptd-server 2021-08-10 04:48:58,036 [INFO] Sending reply to client '1628596138.0360186'
ptd-server 2021-08-10 04:48:58,051 [INFO] Got command from the client 'session,2021-08-10_04-48-57,start,ranging'
ptd-server 2021-08-10 04:48:58,161 [INFO] Running PTDaemon: ['C:\\PTD\\ptd-windows-x86.exe', '-l', 'C:\\Users\\lab\\AppData\\Local\\Temp\\tmpxly5k_uz\\ptd_logfile.txt', '-p', '8888', '-c', '1', '-y', '52', '10.32.209.251']
ptd-server 2021-08-10 04:49:15,943 [INFO] Sending to ptd: 'Hello'
ptd-server 2021-08-10 04:49:15,943 [INFO] Reply from ptd: 'Hello, PTDaemon here!'
ptd-server 2021-08-10 04:49:15,943 [INFO] Sending to ptd: 'Identify'
ptd-server 2021-08-10 04:49:15,943 [INFO] Reply from ptd: 'YokogawaWT330E,1000,1,1,1,1,0,0,1,version=1.9.2-3976349f-20201208,OS=Windows 8 / Server 2012,mode=power,1,1,1,0,0,no_cal_date,YOKOGAWA;WT333E;C2VL22012V;F1.04'
ptd-server 2021-08-10 04:49:15,943 [INFO] Connected to PTDaemon
ptd-server 2021-08-10 04:49:15,943 [INFO] Sending to ptd: 'RR'
ptd-server 2021-08-10 04:49:15,943 [INFO] Reply from ptd: 'Ranges,0,1.000000,1,150.000000'
ptd-server 2021-08-10 04:49:15,943 [INFO] Initial range for Amps is 1.000000 for Volts is Auto
ptd-server 2021-08-10 04:49:15,943 [INFO] Sending to ptd: 'SR,V,Auto'
ptd-server 2021-08-10 04:49:16,521 [INFO] Reply from ptd: 'Range V changed'
ptd-server 2021-08-10 04:49:16,521 [INFO] Sending to ptd: 'SR,A,Auto'
ptd-server 2021-08-10 04:49:17,100 [INFO] Reply from ptd: 'Range A changed'
ptd-server 2021-08-10 04:49:27,113 [INFO] Starting ranging mode
ptd-server 2021-08-10 04:49:27,113 [INFO] Sending to ptd: 'Go,1000,0,2021-08-10_04-48-57_ranging'
ptd-server 2021-08-10 04:49:27,113 [INFO] Reply from ptd: 'Starting untimed measurement, maximum 500000 samples at 1000ms with 0 rampup samples'
ptd-server 2021-08-10 04:49:27,113 [INFO] Sending reply to client 'OK'
ptd-server 2021-08-10 05:03:41,179 [INFO] Got command from the client 'session,2021-08-10_04-48-57,stop,ranging'
ptd-server 2021-08-10 05:03:51,192 [INFO] Sending to ptd: 'Stop'
ptd-server 2021-08-10 05:03:51,192 [INFO] Reply from ptd: 'Stopping untimed measurement'
ptd-server 2021-08-10 05:03:51,208 [INFO] Sending reply to client 'OK'
ptd-server 2021-08-10 05:03:51,489 [INFO] Got command from the client 'time'
ptd-server 2021-08-10 05:03:51,489 [INFO] Sending reply to client '1628597031.4892027'
ptd-server 2021-08-10 05:03:51,504 [INFO] Got command from the client 'session,2021-08-10_04-48-57,start,testing'
ptd-server 2021-08-10 05:03:51,504 [INFO] Sending to ptd: 'SR,V,120.850000'
ptd-server 2021-08-10 05:03:53,660 [INFO] Reply from ptd: 'Range V changed'
ptd-server 2021-08-10 05:03:53,660 [INFO] Sending to ptd: 'SR,A,0.322500'
ptd-server 2021-08-10 05:03:55,191 [INFO] Reply from ptd: 'Range A changed'
ptd-server 2021-08-10 05:04:05,204 [INFO] Starting testing mode
ptd-server 2021-08-10 05:04:05,204 [INFO] Sending to ptd: 'Go,1000,0,2021-08-10_04-48-57_testing'
ptd-server 2021-08-10 05:04:05,204 [INFO] Reply from ptd: 'Starting untimed measurement, maximum 500000 samples at 1000ms with 0 rampup samples'
ptd-server 2021-08-10 05:04:05,204 [INFO] Sending reply to client 'OK'
ptd-server 2021-08-10 05:18:00,124 [INFO] Got command from the client 'session,2021-08-10_04-48-57,stop,testing'
ptd-server 2021-08-10 05:18:10,126 [INFO] Sending to ptd: 'Stop'
ptd-server 2021-08-10 05:18:10,126 [INFO] Reply from ptd: 'Stopping untimed measurement'
ptd-server 2021-08-10 05:18:10,141 [INFO] Sending reply to client 'OK'
ptd-server 2021-08-10 05:18:10,235 [INFO] Got command from the client 'session,2021-08-10_04-48-57,done'
ptd-server 2021-08-10 05:18:10,235 [INFO] Sending to ptd: 'Stop'
ptd-server 2021-08-10 05:18:10,235 [INFO] Reply from ptd: 'Error: no measurement to stop'
ptd-server 2021-08-10 05:18:10,235 [INFO] Sending to ptd: 'SR,V,Auto'
ptd-server 2021-08-10 05:18:10,751 [INFO] Reply from ptd: 'Range V changed'
ptd-server 2021-08-10 05:18:10,751 [INFO] Sending to ptd: 'SR,A,1.000000'
ptd-server 2021-08-10 05:18:12,282 [INFO] Reply from ptd: 'Range A changed'
ptd-server 2021-08-10 05:18:12,282 [INFO] Set initial values for Amps 1.000000 and Volts Auto
ptd-server 2021-08-10 05:18:12,282 [INFO] Stopping ptd...
