ptd-server 2021-08-07 16:49:12,003 [INFO] Got command from the client 'time'
ptd-server 2021-08-07 16:49:12,003 [INFO] Sending reply to client '1628351352.0033615'
ptd-server 2021-08-07 16:49:12,006 [INFO] Got command from the client 'new,,25ada29a-0831-4837-bcbd-39f8e746eb23'
ptd-server 2021-08-07 16:49:12,006 [INFO] Sending reply to client 'OK 2021-08-07_16-49-12,2f791f5a-0434-4025-9895-b8b423bcbe44'
ptd-server 2021-08-07 16:49:12,045 [INFO] Got command from the client 'time'
ptd-server 2021-08-07 16:49:12,045 [INFO] Sending reply to client '1628351352.0458193'
ptd-server 2021-08-07 16:49:12,047 [INFO] Got command from the client 'session,2021-08-07_16-49-12,start,ranging'
ptd-server 2021-08-07 16:49:12,048 [INFO] Running PTDaemon: ['/home/anton/projects/mlperf/power/inference_v1.0/ptd-linux-x86', '-l', '/tmp/tmpr3iqmcco/ptd_logfile.txt', '-p', '8888', '49', '/dev/usbtmc0']
ptd-server 2021-08-07 16:49:29,221 [INFO] Sending to ptd: 'Hello'
ptd-server 2021-08-07 16:49:29,221 [INFO] Reply from ptd: 'Hello, PTDaemon here!'
ptd-server 2021-08-07 16:49:29,222 [INFO] Sending to ptd: 'Identify'
ptd-server 2021-08-07 16:49:29,222 [INFO] Reply from ptd: 'YokogawaWT310E,1000,1,1,1,1,0,1,1,version=1.9.2-e8c7a49a-20201208,OS=Linux 5.8.0-63-generic #71~20.04.1-Ubuntu SMP Thu Jul 15 17:46:08 UTC 2021 x86_64,mode=power,1,1,1,0,0,no_cal_date,YOKOGAWA;WT310E;C3XA04010E;F1.04'
ptd-server 2021-08-07 16:49:29,222 [INFO] Connected to PTDaemon
ptd-server 2021-08-07 16:49:29,222 [INFO] Sending to ptd: 'RR'
ptd-server 2021-08-07 16:49:29,223 [INFO] Reply from ptd: 'Ranges,0,0.500000,0,300.000000'
ptd-server 2021-08-07 16:49:29,223 [INFO] Initial range for Amps is 0.500000 for Volts is 300.000000
ptd-server 2021-08-07 16:49:29,223 [INFO] Sending to ptd: 'SR,V,Auto'
ptd-server 2021-08-07 16:49:29,725 [INFO] Reply from ptd: 'Range V changed'
ptd-server 2021-08-07 16:49:29,726 [INFO] Sending to ptd: 'SR,A,Auto'
ptd-server 2021-08-07 16:49:30,228 [INFO] Reply from ptd: 'Range A changed'
ptd-server 2021-08-07 16:49:40,238 [INFO] Starting ranging mode
ptd-server 2021-08-07 16:49:40,238 [INFO] Sending to ptd: 'Go,1000,0,2021-08-07_16-49-12_ranging'
ptd-server 2021-08-07 16:49:40,239 [INFO] Reply from ptd: 'Starting untimed measurement, maximum 500000 samples at 1000ms with 0 rampup samples'
ptd-server 2021-08-07 16:49:40,239 [INFO] Sending reply to client 'OK'
ptd-server 2021-08-07 16:59:59,941 [INFO] Got command from the client 'session,2021-08-07_16-49-12,stop,ranging'
ptd-server 2021-08-07 17:00:09,952 [INFO] Sending to ptd: 'Stop'
ptd-server 2021-08-07 17:00:09,952 [INFO] Reply from ptd: 'Stopping untimed measurement'
ptd-server 2021-08-07 17:00:09,991 [INFO] Sending reply to client 'OK'
ptd-server 2021-08-07 17:00:10,049 [INFO] Got command from the client 'time'
ptd-server 2021-08-07 17:00:10,049 [INFO] Sending reply to client '1628352010.0497139'
ptd-server 2021-08-07 17:00:10,051 [INFO] Got command from the client 'session,2021-08-07_16-49-12,start,testing'
ptd-server 2021-08-07 17:00:10,052 [INFO] Sending to ptd: 'SR,V,247.690000'
ptd-server 2021-08-07 17:00:11,740 [INFO] Reply from ptd: 'Range V changed'
ptd-server 2021-08-07 17:00:11,741 [INFO] Sending to ptd: 'SR,A,0.184710'
ptd-server 2021-08-07 17:00:13,242 [INFO] Reply from ptd: 'Range A changed'
ptd-server 2021-08-07 17:00:23,252 [INFO] Starting testing mode
ptd-server 2021-08-07 17:00:23,252 [INFO] Sending to ptd: 'Go,1000,0,2021-08-07_16-49-12_testing'
ptd-server 2021-08-07 17:00:23,253 [INFO] Reply from ptd: 'Starting untimed measurement, maximum 500000 samples at 1000ms with 0 rampup samples'
ptd-server 2021-08-07 17:00:23,253 [INFO] Sending reply to client 'OK'
ptd-server 2021-08-07 17:10:42,822 [INFO] Got command from the client 'session,2021-08-07_16-49-12,stop,testing'
ptd-server 2021-08-07 17:10:52,833 [INFO] Sending to ptd: 'Stop'
ptd-server 2021-08-07 17:10:52,833 [INFO] Reply from ptd: 'Stopping untimed measurement'
ptd-server 2021-08-07 17:10:52,854 [INFO] Sending reply to client 'OK'
ptd-server 2021-08-07 17:10:52,873 [INFO] Got command from the client 'session,2021-08-07_16-49-12,done'
ptd-server 2021-08-07 17:10:52,873 [INFO] Sending to ptd: 'Stop'
ptd-server 2021-08-07 17:10:53,254 [INFO] Reply from ptd: 'Error: no measurement to stop'
ptd-server 2021-08-07 17:10:53,254 [INFO] Sending to ptd: 'SR,V,300.000000'
ptd-server 2021-08-07 17:10:54,755 [INFO] Reply from ptd: 'Range V changed'
ptd-server 2021-08-07 17:10:54,755 [INFO] Sending to ptd: 'SR,A,0.500000'
ptd-server 2021-08-07 17:10:56,257 [INFO] Reply from ptd: 'Range A changed'
ptd-server 2021-08-07 17:10:56,257 [INFO] Set initial values for Amps 0.500000 and Volts 300.000000
ptd-server 2021-08-07 17:10:56,257 [INFO] Stopping ptd...
