ptd-server 2021-08-08 22:29:15,443 [INFO] Got command from the client 'time'
ptd-server 2021-08-08 22:29:15,443 [INFO] Sending reply to client '1628458155.4431772'
ptd-server 2021-08-08 22:29:15,445 [INFO] Got command from the client 'new,,7d747679-3894-488e-8fbe-1c107732a9bd'
ptd-server 2021-08-08 22:29:15,445 [INFO] Sending reply to client 'OK 2021-08-08_22-29-15,24a4c51d-612b-4e30-adf1-b4d607edcfaf'
ptd-server 2021-08-08 22:29:15,482 [INFO] Got command from the client 'time'
ptd-server 2021-08-08 22:29:15,482 [INFO] Sending reply to client '1628458155.482782'
ptd-server 2021-08-08 22:29:15,484 [INFO] Got command from the client 'session,2021-08-08_22-29-15,start,ranging'
ptd-server 2021-08-08 22:29:15,485 [INFO] Running PTDaemon: ['/home/anton/projects/mlperf/power/inference_v1.0/ptd-linux-x86', '-l', '/tmp/tmpr3iqmcco/ptd_logfile.txt', '-p', '8888', '49', '/dev/usbtmc0']
ptd-server 2021-08-08 22:29:32,657 [INFO] Sending to ptd: 'Hello'
ptd-server 2021-08-08 22:29:32,657 [INFO] Reply from ptd: 'Hello, PTDaemon here!'
ptd-server 2021-08-08 22:29:32,658 [INFO] Sending to ptd: 'Identify'
ptd-server 2021-08-08 22:29:32,658 [INFO] Reply from ptd: 'YokogawaWT310E,1000,1,1,1,1,0,1,1,version=1.9.2-e8c7a49a-20201208,OS=Linux 5.8.0-63-generic #71~20.04.1-Ubuntu SMP Thu Jul 15 17:46:08 UTC 2021 x86_64,mode=power,1,1,1,0,0,no_cal_date,YOKOGAWA;WT310E;C3XA04010E;F1.04'
ptd-server 2021-08-08 22:29:32,658 [INFO] Connected to PTDaemon
ptd-server 2021-08-08 22:29:32,658 [INFO] Sending to ptd: 'RR'
ptd-server 2021-08-08 22:29:32,659 [INFO] Reply from ptd: 'Ranges,0,0.500000,0,300.000000'
ptd-server 2021-08-08 22:29:32,659 [INFO] Initial range for Amps is 0.500000 for Volts is 300.000000
ptd-server 2021-08-08 22:29:32,659 [INFO] Sending to ptd: 'SR,V,Auto'
ptd-server 2021-08-08 22:29:33,161 [INFO] Reply from ptd: 'Range V changed'
ptd-server 2021-08-08 22:29:33,161 [INFO] Sending to ptd: 'SR,A,Auto'
ptd-server 2021-08-08 22:29:33,664 [INFO] Reply from ptd: 'Range A changed'
ptd-server 2021-08-08 22:29:43,674 [INFO] Starting ranging mode
ptd-server 2021-08-08 22:29:43,674 [INFO] Sending to ptd: 'Go,1000,0,2021-08-08_22-29-15_ranging'
ptd-server 2021-08-08 22:29:43,675 [INFO] Reply from ptd: 'Starting untimed measurement, maximum 500000 samples at 1000ms with 0 rampup samples'
ptd-server 2021-08-08 22:29:43,675 [INFO] Sending reply to client 'OK'
ptd-server 2021-08-08 22:40:03,315 [INFO] Got command from the client 'session,2021-08-08_22-29-15,stop,ranging'
ptd-server 2021-08-08 22:40:13,325 [INFO] Sending to ptd: 'Stop'
ptd-server 2021-08-08 22:40:13,326 [INFO] Reply from ptd: 'Stopping untimed measurement'
ptd-server 2021-08-08 22:40:13,512 [INFO] Sending reply to client 'OK'
ptd-server 2021-08-08 22:40:13,570 [INFO] Got command from the client 'time'
ptd-server 2021-08-08 22:40:13,570 [INFO] Sending reply to client '1628458813.570888'
ptd-server 2021-08-08 22:40:13,573 [INFO] Got command from the client 'session,2021-08-08_22-29-15,start,testing'
ptd-server 2021-08-08 22:40:13,573 [INFO] Sending to ptd: 'SR,V,250.230000'
ptd-server 2021-08-08 22:40:15,176 [INFO] Reply from ptd: 'Range V changed'
ptd-server 2021-08-08 22:40:15,177 [INFO] Sending to ptd: 'SR,A,0.173370'
ptd-server 2021-08-08 22:40:16,678 [INFO] Reply from ptd: 'Range A changed'
ptd-server 2021-08-08 22:40:26,688 [INFO] Starting testing mode
ptd-server 2021-08-08 22:40:26,688 [INFO] Sending to ptd: 'Go,1000,0,2021-08-08_22-29-15_testing'
ptd-server 2021-08-08 22:40:26,689 [INFO] Reply from ptd: 'Starting untimed measurement, maximum 500000 samples at 1000ms with 0 rampup samples'
ptd-server 2021-08-08 22:40:26,689 [INFO] Sending reply to client 'OK'
ptd-server 2021-08-08 22:50:46,198 [INFO] Got command from the client 'session,2021-08-08_22-29-15,stop,testing'
ptd-server 2021-08-08 22:50:56,209 [INFO] Sending to ptd: 'Stop'
ptd-server 2021-08-08 22:50:56,209 [INFO] Reply from ptd: 'Stopping untimed measurement'
ptd-server 2021-08-08 22:50:56,316 [INFO] Sending reply to client 'OK'
ptd-server 2021-08-08 22:50:56,334 [INFO] Got command from the client 'session,2021-08-08_22-29-15,done'
ptd-server 2021-08-08 22:50:56,335 [INFO] Sending to ptd: 'Stop'
ptd-server 2021-08-08 22:50:56,690 [INFO] Reply from ptd: 'Error: no measurement to stop'
ptd-server 2021-08-08 22:50:56,690 [INFO] Sending to ptd: 'SR,V,300.000000'
ptd-server 2021-08-08 22:50:58,191 [INFO] Reply from ptd: 'Range V changed'
ptd-server 2021-08-08 22:50:58,191 [INFO] Sending to ptd: 'SR,A,0.500000'
ptd-server 2021-08-08 22:50:59,693 [INFO] Reply from ptd: 'Range A changed'
ptd-server 2021-08-08 22:50:59,693 [INFO] Set initial values for Amps 0.500000 and Volts 300.000000
ptd-server 2021-08-08 22:50:59,693 [INFO] Stopping ptd...
