ptd-server 2021-08-12 07:57:55,204 [INFO] Got command from the client 'stop'
ptd-server 2021-08-12 07:57:55,204 [INFO] The server will be stopped after processing this client
ptd-server 2021-08-12 07:57:55,204 [INFO] Sending reply to client 'OK'
ptd-server 2021-08-12 07:57:55,219 [INFO] Got command from the client 'time'
ptd-server 2021-08-12 07:57:55,219 [INFO] Sending reply to client '1628755075.2197883'
ptd-server 2021-08-12 07:57:55,219 [INFO] Got command from the client 'new,,45fe84f2-98ab-4fe5-b630-d3d1c4e344f1'
ptd-server 2021-08-12 07:57:55,219 [INFO] Sending reply to client 'OK 2021-08-12_07-57-55,4f960d81-f103-4222-abf3-177fc0dbfda8'
ptd-server 2021-08-12 07:57:55,219 [INFO] Got command from the client 'time'
ptd-server 2021-08-12 07:57:55,219 [INFO] Sending reply to client '1628755075.2197883'
ptd-server 2021-08-12 07:57:55,219 [INFO] Got command from the client 'session,2021-08-12_07-57-55,start,ranging'
ptd-server 2021-08-12 07:57:55,329 [INFO] Running PTDaemon: ['.\\ptd-windows-x86.exe', '-l', 'C:\\Users\\root\\AppData\\Local\\Temp\\tmpt4tnnqsa\\ptd_logfile.txt', '-p', '8888', '-c', '2', '-y', '48', '100.83.149.90']
ptd-server 2021-08-12 07:58:13,903 [INFO] Sending to ptd: 'Hello'
ptd-server 2021-08-12 07:58:13,903 [INFO] Reply from ptd: 'Hello, PTDaemon here!'
ptd-server 2021-08-12 07:58:13,903 [INFO] Sending to ptd: 'Identify'
ptd-server 2021-08-12 07:58:13,903 [INFO] Reply from ptd: 'YokogawaWT500_multichannel,1000,1,1,1,1,0,0,1,version=1.9.2-3976349f-20201208,OS=Windows 8 / Server 2012,mode=power,1,1,3,0,0,no_cal_date,YOKOGAWA;760203;U1J802935;F1.21'
ptd-server 2021-08-12 07:58:13,903 [INFO] Connected to PTDaemon
ptd-server 2021-08-12 07:58:13,903 [INFO] Sending to ptd: 'RR'
ptd-server 2021-08-12 07:58:13,903 [INFO] Reply from ptd: 'Ranges,-1,-1.000000,-1,-1.000000'
ptd-server 2021-08-12 07:58:13,903 [INFO] Initial range for Amps is Auto for Volts is Auto
ptd-server 2021-08-12 07:58:13,903 [INFO] Sending to ptd: 'SR,V,Auto'
ptd-server 2021-08-12 07:58:14,121 [INFO] Reply from ptd: 'Range V changed'
ptd-server 2021-08-12 07:58:14,121 [INFO] Sending to ptd: 'SR,A,Auto'
ptd-server 2021-08-12 07:58:14,278 [INFO] Reply from ptd: 'Range A changed'
ptd-server 2021-08-12 07:58:24,284 [INFO] Starting ranging mode
ptd-server 2021-08-12 07:58:24,284 [INFO] Sending to ptd: 'Go,1000,0,2021-08-12_07-57-55_ranging'
ptd-server 2021-08-12 07:58:24,284 [INFO] Reply from ptd: 'Starting untimed measurement, maximum 500000 samples at 1000ms with 0 rampup samples'
ptd-server 2021-08-12 07:58:24,284 [INFO] Sending reply to client 'OK'
ptd-server 2021-08-12 08:09:08,376 [INFO] Got command from the client 'session,2021-08-12_07-57-55,stop,ranging'
ptd-server 2021-08-12 08:09:18,382 [INFO] Sending to ptd: 'Stop'
ptd-server 2021-08-12 08:09:18,382 [INFO] Reply from ptd: 'Stopping untimed measurement'
ptd-server 2021-08-12 08:09:18,413 [INFO] Sending reply to client 'OK'
ptd-server 2021-08-12 08:09:18,413 [INFO] Got command from the client 'time'
ptd-server 2021-08-12 08:09:18,413 [INFO] Sending reply to client '1628755758.413621'
ptd-server 2021-08-12 08:09:18,413 [INFO] Got command from the client 'session,2021-08-12_07-57-55,start,testing'
ptd-server 2021-08-12 08:09:18,413 [INFO] Sending to ptd: 'SR,V,129.940000'
ptd-server 2021-08-12 08:09:20,524 [INFO] Reply from ptd: 'Range V changed'
ptd-server 2021-08-12 08:09:20,524 [INFO] Sending to ptd: 'SR,A,14.997000'
ptd-server 2021-08-12 08:09:21,243 [INFO] Reply from ptd: 'Range A changed'
ptd-server 2021-08-12 08:09:31,255 [INFO] Starting testing mode
ptd-server 2021-08-12 08:09:31,255 [INFO] Sending to ptd: 'Go,1000,0,2021-08-12_07-57-55_testing'
ptd-server 2021-08-12 08:09:31,255 [INFO] Reply from ptd: 'Starting untimed measurement, maximum 500000 samples at 1000ms with 0 rampup samples'
ptd-server 2021-08-12 08:09:31,255 [INFO] Sending reply to client 'OK'
ptd-server 2021-08-12 08:20:18,127 [INFO] Got command from the client 'session,2021-08-12_07-57-55,stop,testing'
ptd-server 2021-08-12 08:20:28,140 [INFO] Sending to ptd: 'Stop'
ptd-server 2021-08-12 08:20:28,140 [INFO] Reply from ptd: 'Stopping untimed measurement'
ptd-server 2021-08-12 08:20:28,155 [INFO] Sending reply to client 'OK'
ptd-server 2021-08-12 08:20:28,155 [INFO] Got command from the client 'session,2021-08-12_07-57-55,done'
ptd-server 2021-08-12 08:20:28,155 [INFO] Sending to ptd: 'Stop'
ptd-server 2021-08-12 08:20:28,267 [INFO] Reply from ptd: 'Error: no measurement to stop'
ptd-server 2021-08-12 08:20:28,267 [INFO] Sending to ptd: 'SR,V,Auto'
ptd-server 2021-08-12 08:20:28,485 [INFO] Reply from ptd: 'Range V changed'
ptd-server 2021-08-12 08:20:28,485 [INFO] Sending to ptd: 'SR,A,Auto'
ptd-server 2021-08-12 08:20:28,633 [INFO] Reply from ptd: 'Range A changed'
ptd-server 2021-08-12 08:20:28,633 [INFO] Set initial values for Amps Auto and Volts Auto
ptd-server 2021-08-12 08:20:28,633 [INFO] Stopping ptd...
