ptd-server 2021-08-07 22:55:12,217 [INFO] Got command from the client 'time'
ptd-server 2021-08-07 22:55:12,217 [INFO] Sending reply to client '1628373312.2176504'
ptd-server 2021-08-07 22:55:12,220 [INFO] Got command from the client 'new,,b6365463-1ea3-4aac-b89a-1243cbc1a40e'
ptd-server 2021-08-07 22:55:12,221 [INFO] Sending reply to client 'OK 2021-08-07_22-55-12,e989ce5a-0692-4c5a-880a-11300d879966'
ptd-server 2021-08-07 22:55:12,266 [INFO] Got command from the client 'time'
ptd-server 2021-08-07 22:55:12,266 [INFO] Sending reply to client '1628373312.2668254'
ptd-server 2021-08-07 22:55:12,268 [INFO] Got command from the client 'session,2021-08-07_22-55-12,start,ranging'
ptd-server 2021-08-07 22:55:12,269 [INFO] Running PTDaemon: ['/home/anton/projects/mlperf/power/inference_v1.0/ptd-linux-x86', '-l', '/tmp/tmpr3iqmcco/ptd_logfile.txt', '-p', '8888', '49', '/dev/usbtmc0']
ptd-server 2021-08-07 22:55:29,440 [INFO] Sending to ptd: 'Hello'
ptd-server 2021-08-07 22:55:29,441 [INFO] Reply from ptd: 'Hello, PTDaemon here!'
ptd-server 2021-08-07 22:55:29,441 [INFO] Sending to ptd: 'Identify'
ptd-server 2021-08-07 22:55:29,442 [INFO] Reply from ptd: 'YokogawaWT310E,1000,1,1,1,1,0,1,1,version=1.9.2-e8c7a49a-20201208,OS=Linux 5.8.0-63-generic #71~20.04.1-Ubuntu SMP Thu Jul 15 17:46:08 UTC 2021 x86_64,mode=power,1,1,1,0,0,no_cal_date,YOKOGAWA;WT310E;C3XA04010E;F1.04'
ptd-server 2021-08-07 22:55:29,442 [INFO] Connected to PTDaemon
ptd-server 2021-08-07 22:55:29,442 [INFO] Sending to ptd: 'RR'
ptd-server 2021-08-07 22:55:29,442 [INFO] Reply from ptd: 'Ranges,0,0.500000,0,300.000000'
ptd-server 2021-08-07 22:55:29,442 [INFO] Initial range for Amps is 0.500000 for Volts is 300.000000
ptd-server 2021-08-07 22:55:29,442 [INFO] Sending to ptd: 'SR,V,Auto'
ptd-server 2021-08-07 22:55:29,945 [INFO] Reply from ptd: 'Range V changed'
ptd-server 2021-08-07 22:55:29,945 [INFO] Sending to ptd: 'SR,A,Auto'
ptd-server 2021-08-07 22:55:30,447 [INFO] Reply from ptd: 'Range A changed'
ptd-server 2021-08-07 22:55:40,458 [INFO] Starting ranging mode
ptd-server 2021-08-07 22:55:40,458 [INFO] Sending to ptd: 'Go,1000,0,2021-08-07_22-55-12_ranging'
ptd-server 2021-08-07 22:55:40,458 [INFO] Reply from ptd: 'Starting untimed measurement, maximum 500000 samples at 1000ms with 0 rampup samples'
ptd-server 2021-08-07 22:55:40,458 [INFO] Sending reply to client 'OK'
ptd-server 2021-08-07 23:06:00,475 [INFO] Got command from the client 'session,2021-08-07_22-55-12,stop,ranging'
ptd-server 2021-08-07 23:06:10,485 [INFO] Sending to ptd: 'Stop'
ptd-server 2021-08-07 23:06:10,486 [INFO] Reply from ptd: 'Stopping untimed measurement'
ptd-server 2021-08-07 23:06:10,567 [INFO] Sending reply to client 'OK'
ptd-server 2021-08-07 23:06:10,636 [INFO] Got command from the client 'time'
ptd-server 2021-08-07 23:06:10,636 [INFO] Sending reply to client '1628373970.636335'
ptd-server 2021-08-07 23:06:10,639 [INFO] Got command from the client 'session,2021-08-07_22-55-12,start,testing'
ptd-server 2021-08-07 23:06:10,639 [INFO] Sending to ptd: 'SR,V,250.750000'
ptd-server 2021-08-07 23:06:12,959 [INFO] Reply from ptd: 'Range V changed'
ptd-server 2021-08-07 23:06:12,960 [INFO] Sending to ptd: 'SR,A,0.210320'
ptd-server 2021-08-07 23:06:14,461 [INFO] Reply from ptd: 'Range A changed'
ptd-server 2021-08-07 23:06:24,471 [INFO] Starting testing mode
ptd-server 2021-08-07 23:06:24,471 [INFO] Sending to ptd: 'Go,1000,0,2021-08-07_22-55-12_testing'
ptd-server 2021-08-07 23:06:24,472 [INFO] Reply from ptd: 'Starting untimed measurement, maximum 500000 samples at 1000ms with 0 rampup samples'
ptd-server 2021-08-07 23:06:24,472 [INFO] Sending reply to client 'OK'
ptd-server 2021-08-07 23:16:44,060 [INFO] Got command from the client 'session,2021-08-07_22-55-12,stop,testing'
ptd-server 2021-08-07 23:16:54,070 [INFO] Sending to ptd: 'Stop'
ptd-server 2021-08-07 23:16:54,071 [INFO] Reply from ptd: 'Stopping untimed measurement'
ptd-server 2021-08-07 23:16:54,112 [INFO] Sending reply to client 'OK'
ptd-server 2021-08-07 23:16:54,131 [INFO] Got command from the client 'session,2021-08-07_22-55-12,done'
ptd-server 2021-08-07 23:16:54,131 [INFO] Sending to ptd: 'Stop'
ptd-server 2021-08-07 23:16:54,472 [INFO] Reply from ptd: 'Error: no measurement to stop'
ptd-server 2021-08-07 23:16:54,472 [INFO] Sending to ptd: 'SR,V,300.000000'
ptd-server 2021-08-07 23:16:55,974 [INFO] Reply from ptd: 'Range V changed'
ptd-server 2021-08-07 23:16:55,974 [INFO] Sending to ptd: 'SR,A,0.500000'
ptd-server 2021-08-07 23:16:57,475 [INFO] Reply from ptd: 'Range A changed'
ptd-server 2021-08-07 23:16:57,475 [INFO] Set initial values for Amps 0.500000 and Volts 300.000000
ptd-server 2021-08-07 23:16:57,475 [INFO] Stopping ptd...
