ptd-server 2021-08-07 11:54:26,257 [INFO] Got command from the client 'time'
ptd-server 2021-08-07 11:54:26,258 [INFO] Sending reply to client '1628333666.2580552'
ptd-server 2021-08-07 11:54:26,259 [INFO] Got command from the client 'new,,32910268-438b-4ae0-be96-282263b46835'
ptd-server 2021-08-07 11:54:26,260 [INFO] Sending reply to client 'OK 2021-08-07_11-54-26,2fdcfa2f-a09f-4f26-ba91-eb554a9b9355'
ptd-server 2021-08-07 11:54:26,297 [INFO] Got command from the client 'time'
ptd-server 2021-08-07 11:54:26,297 [INFO] Sending reply to client '1628333666.2976592'
ptd-server 2021-08-07 11:54:26,299 [INFO] Got command from the client 'session,2021-08-07_11-54-26,start,ranging'
ptd-server 2021-08-07 11:54:26,299 [INFO] Running PTDaemon: ['/home/anton/projects/mlperf/power/inference_v1.0/ptd-linux-x86', '-l', '/tmp/tmpr3iqmcco/ptd_logfile.txt', '-p', '8888', '49', '/dev/usbtmc0']
ptd-server 2021-08-07 11:54:43,474 [INFO] Sending to ptd: 'Hello'
ptd-server 2021-08-07 11:54:43,474 [INFO] Reply from ptd: 'Hello, PTDaemon here!'
ptd-server 2021-08-07 11:54:43,475 [INFO] Sending to ptd: 'Identify'
ptd-server 2021-08-07 11:54:43,475 [INFO] Reply from ptd: 'YokogawaWT310E,1000,1,1,1,1,0,1,1,version=1.9.2-e8c7a49a-20201208,OS=Linux 5.8.0-63-generic #71~20.04.1-Ubuntu SMP Thu Jul 15 17:46:08 UTC 2021 x86_64,mode=power,1,1,1,0,0,no_cal_date,YOKOGAWA;WT310E;C3XA04010E;F1.04'
ptd-server 2021-08-07 11:54:43,475 [INFO] Connected to PTDaemon
ptd-server 2021-08-07 11:54:43,476 [INFO] Sending to ptd: 'RR'
ptd-server 2021-08-07 11:54:43,476 [INFO] Reply from ptd: 'Ranges,0,0.500000,0,300.000000'
ptd-server 2021-08-07 11:54:43,476 [INFO] Initial range for Amps is 0.500000 for Volts is 300.000000
ptd-server 2021-08-07 11:54:43,477 [INFO] Sending to ptd: 'SR,V,Auto'
ptd-server 2021-08-07 11:54:43,979 [INFO] Reply from ptd: 'Range V changed'
ptd-server 2021-08-07 11:54:43,979 [INFO] Sending to ptd: 'SR,A,Auto'
ptd-server 2021-08-07 11:54:44,482 [INFO] Reply from ptd: 'Range A changed'
ptd-server 2021-08-07 11:54:54,487 [INFO] Starting ranging mode
ptd-server 2021-08-07 11:54:54,487 [INFO] Sending to ptd: 'Go,1000,0,2021-08-07_11-54-26_ranging'
ptd-server 2021-08-07 11:54:54,487 [INFO] Reply from ptd: 'Starting untimed measurement, maximum 500000 samples at 1000ms with 0 rampup samples'
ptd-server 2021-08-07 11:54:54,487 [INFO] Sending reply to client 'OK'
ptd-server 2021-08-07 12:05:14,301 [INFO] Got command from the client 'session,2021-08-07_11-54-26,stop,ranging'
ptd-server 2021-08-07 12:05:24,311 [INFO] Sending to ptd: 'Stop'
ptd-server 2021-08-07 12:05:24,312 [INFO] Reply from ptd: 'Stopping untimed measurement'
ptd-server 2021-08-07 12:05:24,323 [INFO] Sending reply to client 'OK'
ptd-server 2021-08-07 12:05:24,374 [INFO] Got command from the client 'time'
ptd-server 2021-08-07 12:05:24,374 [INFO] Sending reply to client '1628334324.3747602'
ptd-server 2021-08-07 12:05:24,377 [INFO] Got command from the client 'session,2021-08-07_11-54-26,start,testing'
ptd-server 2021-08-07 12:05:24,377 [INFO] Sending to ptd: 'SR,V,248.770000'
ptd-server 2021-08-07 12:05:25,989 [INFO] Reply from ptd: 'Range V changed'
ptd-server 2021-08-07 12:05:25,989 [INFO] Sending to ptd: 'SR,A,0.233630'
ptd-server 2021-08-07 12:05:27,490 [INFO] Reply from ptd: 'Range A changed'
ptd-server 2021-08-07 12:05:37,500 [INFO] Starting testing mode
ptd-server 2021-08-07 12:05:37,501 [INFO] Sending to ptd: 'Go,1000,0,2021-08-07_11-54-26_testing'
ptd-server 2021-08-07 12:05:37,501 [INFO] Reply from ptd: 'Starting untimed measurement, maximum 500000 samples at 1000ms with 0 rampup samples'
ptd-server 2021-08-07 12:05:37,501 [INFO] Sending reply to client 'OK'
ptd-server 2021-08-07 12:15:57,191 [INFO] Got command from the client 'session,2021-08-07_11-54-26,stop,testing'
ptd-server 2021-08-07 12:16:07,202 [INFO] Sending to ptd: 'Stop'
ptd-server 2021-08-07 12:16:07,202 [INFO] Reply from ptd: 'Stopping untimed measurement'
ptd-server 2021-08-07 12:16:07,205 [INFO] Sending reply to client 'OK'
ptd-server 2021-08-07 12:16:07,225 [INFO] Got command from the client 'session,2021-08-07_11-54-26,done'
ptd-server 2021-08-07 12:16:07,225 [INFO] Sending to ptd: 'Stop'
ptd-server 2021-08-07 12:16:07,501 [INFO] Reply from ptd: 'Error: no measurement to stop'
ptd-server 2021-08-07 12:16:07,501 [INFO] Sending to ptd: 'SR,V,300.000000'
ptd-server 2021-08-07 12:16:09,003 [INFO] Reply from ptd: 'Range V changed'
ptd-server 2021-08-07 12:16:09,003 [INFO] Sending to ptd: 'SR,A,0.500000'
ptd-server 2021-08-07 12:16:10,504 [INFO] Reply from ptd: 'Range A changed'
ptd-server 2021-08-07 12:16:10,504 [INFO] Set initial values for Amps 0.500000 and Volts 300.000000
ptd-server 2021-08-07 12:16:10,505 [INFO] Stopping ptd...
