ptd-server 2021-08-08 00:00:46,445 [INFO] Got command from the client 'time'
ptd-server 2021-08-08 00:00:46,445 [INFO] Sending reply to client '1628377246.445756'
ptd-server 2021-08-08 00:00:46,448 [INFO] Got command from the client 'new,,39623cb7-7ba2-45f6-a57a-f53b208495a0'
ptd-server 2021-08-08 00:00:46,448 [INFO] Sending reply to client 'OK 2021-08-08_00-00-46,c4d6bbce-fe85-46a0-9ea8-55f498178e39'
ptd-server 2021-08-08 00:00:46,489 [INFO] Got command from the client 'time'
ptd-server 2021-08-08 00:00:46,489 [INFO] Sending reply to client '1628377246.489323'
ptd-server 2021-08-08 00:00:46,491 [INFO] Got command from the client 'session,2021-08-08_00-00-46,start,ranging'
ptd-server 2021-08-08 00:00:46,491 [INFO] Running PTDaemon: ['/home/anton/projects/mlperf/power/inference_v1.0/ptd-linux-x86', '-l', '/tmp/tmpr3iqmcco/ptd_logfile.txt', '-p', '8888', '49', '/dev/usbtmc0']
ptd-server 2021-08-08 00:01:03,665 [INFO] Sending to ptd: 'Hello'
ptd-server 2021-08-08 00:01:03,665 [INFO] Reply from ptd: 'Hello, PTDaemon here!'
ptd-server 2021-08-08 00:01:03,666 [INFO] Sending to ptd: 'Identify'
ptd-server 2021-08-08 00:01:03,666 [INFO] Reply from ptd: 'YokogawaWT310E,1000,1,1,1,1,0,1,1,version=1.9.2-e8c7a49a-20201208,OS=Linux 5.8.0-63-generic #71~20.04.1-Ubuntu SMP Thu Jul 15 17:46:08 UTC 2021 x86_64,mode=power,1,1,1,0,0,no_cal_date,YOKOGAWA;WT310E;C3XA04010E;F1.04'
ptd-server 2021-08-08 00:01:03,666 [INFO] Connected to PTDaemon
ptd-server 2021-08-08 00:01:03,666 [INFO] Sending to ptd: 'RR'
ptd-server 2021-08-08 00:01:03,666 [INFO] Reply from ptd: 'Ranges,0,0.500000,0,300.000000'
ptd-server 2021-08-08 00:01:03,666 [INFO] Initial range for Amps is 0.500000 for Volts is 300.000000
ptd-server 2021-08-08 00:01:03,667 [INFO] Sending to ptd: 'SR,V,Auto'
ptd-server 2021-08-08 00:01:04,169 [INFO] Reply from ptd: 'Range V changed'
ptd-server 2021-08-08 00:01:04,169 [INFO] Sending to ptd: 'SR,A,Auto'
ptd-server 2021-08-08 00:01:04,672 [INFO] Reply from ptd: 'Range A changed'
ptd-server 2021-08-08 00:01:14,682 [INFO] Starting ranging mode
ptd-server 2021-08-08 00:01:14,682 [INFO] Sending to ptd: 'Go,1000,0,2021-08-08_00-00-46_ranging'
ptd-server 2021-08-08 00:01:14,683 [INFO] Reply from ptd: 'Starting untimed measurement, maximum 500000 samples at 1000ms with 0 rampup samples'
ptd-server 2021-08-08 00:01:14,683 [INFO] Sending reply to client 'OK'
ptd-server 2021-08-08 00:11:34,453 [INFO] Got command from the client 'session,2021-08-08_00-00-46,stop,ranging'
ptd-server 2021-08-08 00:11:44,463 [INFO] Sending to ptd: 'Stop'
ptd-server 2021-08-08 00:11:44,464 [INFO] Reply from ptd: 'Stopping untimed measurement'
ptd-server 2021-08-08 00:11:44,553 [INFO] Sending reply to client 'OK'
ptd-server 2021-08-08 00:11:44,618 [INFO] Got command from the client 'time'
ptd-server 2021-08-08 00:11:44,618 [INFO] Sending reply to client '1628377904.6185155'
ptd-server 2021-08-08 00:11:44,621 [INFO] Got command from the client 'session,2021-08-08_00-00-46,start,testing'
ptd-server 2021-08-08 00:11:44,621 [INFO] Sending to ptd: 'SR,V,249.410000'
ptd-server 2021-08-08 00:11:46,185 [INFO] Reply from ptd: 'Range V changed'
ptd-server 2021-08-08 00:11:46,185 [INFO] Sending to ptd: 'SR,A,0.170210'
ptd-server 2021-08-08 00:11:47,686 [INFO] Reply from ptd: 'Range A changed'
ptd-server 2021-08-08 00:11:57,697 [INFO] Starting testing mode
ptd-server 2021-08-08 00:11:57,697 [INFO] Sending to ptd: 'Go,1000,0,2021-08-08_00-00-46_testing'
ptd-server 2021-08-08 00:11:57,697 [INFO] Reply from ptd: 'Starting untimed measurement, maximum 500000 samples at 1000ms with 0 rampup samples'
ptd-server 2021-08-08 00:11:57,697 [INFO] Sending reply to client 'OK'
ptd-server 2021-08-08 00:22:17,446 [INFO] Got command from the client 'session,2021-08-08_00-00-46,stop,testing'
ptd-server 2021-08-08 00:22:27,457 [INFO] Sending to ptd: 'Stop'
ptd-server 2021-08-08 00:22:27,457 [INFO] Reply from ptd: 'Stopping untimed measurement'
ptd-server 2021-08-08 00:22:27,503 [INFO] Sending reply to client 'OK'
ptd-server 2021-08-08 00:22:27,523 [INFO] Got command from the client 'session,2021-08-08_00-00-46,done'
ptd-server 2021-08-08 00:22:27,523 [INFO] Sending to ptd: 'Stop'
ptd-server 2021-08-08 00:22:27,697 [INFO] Reply from ptd: 'Error: no measurement to stop'
ptd-server 2021-08-08 00:22:27,697 [INFO] Sending to ptd: 'SR,V,300.000000'
ptd-server 2021-08-08 00:22:29,199 [INFO] Reply from ptd: 'Range V changed'
ptd-server 2021-08-08 00:22:29,199 [INFO] Sending to ptd: 'SR,A,0.500000'
ptd-server 2021-08-08 00:22:30,700 [INFO] Reply from ptd: 'Range A changed'
ptd-server 2021-08-08 00:22:30,700 [INFO] Set initial values for Amps 0.500000 and Volts 300.000000
ptd-server 2021-08-08 00:22:30,701 [INFO] Stopping ptd...
