client 2021-08-13 10:06:20,062 [INFO] Sending command to the server: 'mlcommons/power client v3'
client 2021-08-13 10:06:20,069 [INFO] Got response: 'mlcommons/power server v3'
client 2021-08-13 10:06:20,069 [INFO] Sending command to the server: 'stop'
client 2021-08-13 10:06:20,071 [INFO] Got response: 'OK'
client 2021-08-13 10:06:20,071 [INFO] Synchronizing with the server and with ntp.aliyun.com...
client 2021-08-13 10:06:20,201 [INFO] NTP:offset = 0.023 s, delay = 0.023 s 
client 2021-08-13 10:06:20,201 [INFO] Sending command to the server: 'time'
client 2021-08-13 10:06:20,202 [INFO] Got response: '1628849180.200075'
client 2021-08-13 10:06:20,203 [INFO] The time difference between the client and the server is within range 1.267 ms..2.954 ms
client 2021-08-13 10:06:20,203 [INFO] Sending command to the server: 'new,,5fc0a886-3d7a-4640-88e0-3788c73230f3'
client 2021-08-13 10:06:20,205 [INFO] Got response: 'OK 2021-08-13_10-06-20,ffd1686f-7f06-4638-85bb-0004ccfc06e4'
client 2021-08-13 10:06:20,205 [INFO] Session id is '2021-08-13_10-06-20'
client 2021-08-13 10:06:20,205 [INFO] Sources: {"sources": {"__init__.py": "da39a3ee5e6b4b0d3255bfef95601890afd80709", "client.py": "33ca4f26368777ac06e01f9567b714a4b8063886", "lib/__init__.py": "da39a3ee5e6b4b0d3255bfef95601890afd80709", "lib/client.py": "4c2b78fb4849a7e5b584ef792d82aaed20b17f57", "lib/common.py": "624d0c0acc7c39aaff3674f0b99d6a09da53d1dc", "lib/external/__init__.py": "da39a3ee5e6b4b0d3255bfef95601890afd80709", "lib/external/ntplib.py": "4da8f970656505a40483206ef2b5d3dd5e81711d", "lib/server.py": "24ae49fb193809cf47f2c18b1c9c7c866244be4d", "lib/source_hashes.py": "60a2e02193209e8d392803326208d5466342da18", "lib/summary.py": "aa92f0a3f975eecd44d3c0cd0236342ccc9f941d", "lib/time_sync.py": "3210db56eb0ff0df57bf4293dc4d4b03fffd46f1", "server.py": "c3f90f2f7eeb4db30727556d0c815ebc89b3d28b", "tests/unit/__init__.py": "da39a3ee5e6b4b0d3255bfef95601890afd80709", "tests/unit/test_server.py": "99ae15aef722f2000ee6ed1ae1523637bf1ae42b", "tests/unit/test_source_hashes.py": "00468a2907583c593e6574a1f6b404e4651c221a"}, "modules": {"ptd_client_server.lib.client": "lib/client.py", "ptd_client_server.lib.common": "lib/common.py", "ptd_client_server.lib.external.ntplib": "lib/external/ntplib.py", "ptd_client_server.lib.source_hashes": "lib/source_hashes.py", "ptd_client_server.lib.summary": "lib/summary.py", "ptd_client_server.lib.time_sync": "lib/time_sync.py"}}
client 2021-08-13 10:06:20,205 [INFO] Running workload in ranging mode
client 2021-08-13 10:06:20,206 [INFO] Synchronizing with the server and with ntp.aliyun.com...
client 2021-08-13 10:06:20,525 [INFO] NTP:offset = 0.021 s, delay = 0.020 s 
client 2021-08-13 10:06:20,525 [INFO] Sending command to the server: 'time'
client 2021-08-13 10:06:20,527 [INFO] Got response: '1628849180.5246224'
client 2021-08-13 10:06:20,527 [INFO] The time difference between the client and the server is within range 0.585 ms..2.491 ms
client 2021-08-13 10:06:20,527 [INFO] Sending command to the server: 'session,2021-08-13_10-06-20,start,ranging'
client 2021-08-13 10:06:51,937 [INFO] Got response: 'OK'
client 2021-08-13 10:06:51,937 [INFO] Running the workload 'LOG_DIR=/work/build/power_logs_temp python3 code/main.py --benchmarks=resnet50 --scenarios=SingleStream --test_mode=PerformanceOnly --config_ver=maxq --action="run_harness" \\\n\t\t&& if [ ! -d /work/build/power_logs/2021.08.13-10.06.14/ranging_tmp ]; \\\n\t\t\tthen mkdir /work/build/power_logs/2021.08.13-10.06.14/ranging_tmp \\\n\t\t\t\t&& mv /work/build/power_logs_temp/* /work/build/power_logs/2021.08.13-10.06.14/ranging_tmp/ \\\n\t\t\t\t&& cp -v /work/build/power_logs/2021.08.13-10.06.14/ranging_tmp/*/*/*/mlperf_log_detail.txt /work/build/power_logs_temp/ \\\n\t\t\t\t&& cp -v /work/build/power_logs/2021.08.13-10.06.14/ranging_tmp/*/*/*/mlperf_log_summary.txt /work/build/power_logs_temp/; \\\n\t\t\telse mkdir /work/build/power_logs/2021.08.13-10.06.14/testing_tmp \\\n\t\t\t\t&& mv /work/build/power_logs_temp/* /work/build/power_logs/2021.08.13-10.06.14/testing_tmp/ \\\n\t\t\t\t&& cp -v /work/build/power_logs/2021.08.13-10.06.14/testing_tmp/*/*/*/mlperf_log_detail.txt /work/build/power_logs_temp/ \\\n\t\t\t\t&& cp -v /work/build/power_logs/2021.08.13-10.06.14/testing_tmp/*/*/*/mlperf_log_summary.txt /work/build/power_logs_temp/; fi'
client 2021-08-13 10:17:04,805 [INFO] Sending command to the server: 'session,2021-08-13_10-06-20,stop,ranging'
client 2021-08-13 10:17:14,837 [INFO] Got response: 'OK'
client 2021-08-13 10:17:14,846 [INFO] Copying loadgen logs from '/work/build/power_logs_temp' to '/work/build/power_logs/2021.08.13-10.06.14/2021-08-13_10-06-20/ranging'
client 2021-08-13 10:17:14,846 [INFO] Running workload in testing mode
client 2021-08-13 10:17:14,847 [INFO] Synchronizing with the server and with ntp.aliyun.com...
client 2021-08-13 10:17:15,004 [INFO] NTP:offset = 0.025 s, delay = 0.025 s 
client 2021-08-13 10:17:15,004 [INFO] Sending command to the server: 'time'
client 2021-08-13 10:17:15,006 [INFO] Got response: '1628849835.0053396'
client 2021-08-13 10:17:15,006 [INFO] The time difference between the client and the server is within range -0.426 ms..1.614 ms
client 2021-08-13 10:17:15,007 [INFO] Sending command to the server: 'session,2021-08-13_10-06-20,start,testing'
client 2021-08-13 10:17:28,180 [INFO] Got response: 'OK'
client 2021-08-13 10:17:28,180 [INFO] Running the workload 'LOG_DIR=/work/build/power_logs_temp python3 code/main.py --benchmarks=resnet50 --scenarios=SingleStream --test_mode=PerformanceOnly --config_ver=maxq --action="run_harness" \\\n\t\t&& if [ ! -d /work/build/power_logs/2021.08.13-10.06.14/ranging_tmp ]; \\\n\t\t\tthen mkdir /work/build/power_logs/2021.08.13-10.06.14/ranging_tmp \\\n\t\t\t\t&& mv /work/build/power_logs_temp/* /work/build/power_logs/2021.08.13-10.06.14/ranging_tmp/ \\\n\t\t\t\t&& cp -v /work/build/power_logs/2021.08.13-10.06.14/ranging_tmp/*/*/*/mlperf_log_detail.txt /work/build/power_logs_temp/ \\\n\t\t\t\t&& cp -v /work/build/power_logs/2021.08.13-10.06.14/ranging_tmp/*/*/*/mlperf_log_summary.txt /work/build/power_logs_temp/; \\\n\t\t\telse mkdir /work/build/power_logs/2021.08.13-10.06.14/testing_tmp \\\n\t\t\t\t&& mv /work/build/power_logs_temp/* /work/build/power_logs/2021.08.13-10.06.14/testing_tmp/ \\\n\t\t\t\t&& cp -v /work/build/power_logs/2021.08.13-10.06.14/testing_tmp/*/*/*/mlperf_log_detail.txt /work/build/power_logs_temp/ \\\n\t\t\t\t&& cp -v /work/build/power_logs/2021.08.13-10.06.14/testing_tmp/*/*/*/mlperf_log_summary.txt /work/build/power_logs_temp/; fi'
client 2021-08-13 10:27:40,985 [INFO] Sending command to the server: 'session,2021-08-13_10-06-20,stop,testing'
client 2021-08-13 10:27:51,006 [INFO] Got response: 'OK'
client 2021-08-13 10:27:51,008 [INFO] Copying loadgen logs from '/work/build/power_logs_temp' to '/work/build/power_logs/2021.08.13-10.06.14/2021-08-13_10-06-20/run_1'
client 2021-08-13 10:27:51,008 [INFO] Done runs
