ptd-server 2021-08-13 10:06:20,068 [INFO] Got command from the client 'stop'
ptd-server 2021-08-13 10:06:20,068 [INFO] The server will be stopped after processing this client
ptd-server 2021-08-13 10:06:20,068 [INFO] Sending reply to client 'OK'
ptd-server 2021-08-13 10:06:20,200 [INFO] Got command from the client 'time'
ptd-server 2021-08-13 10:06:20,200 [INFO] Sending reply to client '1628849180.200075'
ptd-server 2021-08-13 10:06:20,201 [INFO] Got command from the client 'new,,5fc0a886-3d7a-4640-88e0-3788c73230f3'
ptd-server 2021-08-13 10:06:20,203 [INFO] Sending reply to client 'OK 2021-08-13_10-06-20,ffd1686f-7f06-4638-85bb-0004ccfc06e4'
ptd-server 2021-08-13 10:06:20,523 [INFO] Got command from the client 'time'
ptd-server 2021-08-13 10:06:20,524 [INFO] Sending reply to client '1628849180.5246224'
ptd-server 2021-08-13 10:06:20,525 [INFO] Got command from the client 'session,2021-08-13_10-06-20,start,ranging'
ptd-server 2021-08-13 10:06:20,636 [INFO] Running PTDaemon: ['C:\\PTD\\ptd-windows-x86.exe', '-l', 'C:\\Users\\mlperf\\AppData\\Local\\Temp\\tmpadbo9m5l\\ptd_logfile.txt', '-p', '8888', '49', 'COM4']
ptd-server 2021-08-13 10:06:39,750 [INFO] Sending to ptd: 'Hello'
ptd-server 2021-08-13 10:06:39,757 [INFO] Reply from ptd: 'Hello, PTDaemon here!'
ptd-server 2021-08-13 10:06:39,757 [INFO] Sending to ptd: 'Identify'
ptd-server 2021-08-13 10:06:39,758 [INFO] Reply from ptd: 'YokogawaWT310E,1000,1,1,1,1,0,1,1,version=1.9.2-3976349f-20201208,OS=Windows 8 / Server 2012,mode=power,1,1,1,0,0,no_cal_date,YOKOGAWA;WT310E;C3TA11005E;F1.02'
ptd-server 2021-08-13 10:06:39,758 [INFO] Connected to PTDaemon
ptd-server 2021-08-13 10:06:39,759 [INFO] Sending to ptd: 'RR'
ptd-server 2021-08-13 10:06:39,759 [INFO] Reply from ptd: 'Ranges,0,2.000000,0,300.000000'
ptd-server 2021-08-13 10:06:39,759 [INFO] Initial range for Amps is 2.000000 for Volts is 300.000000
ptd-server 2021-08-13 10:06:39,759 [INFO] Sending to ptd: 'SR,V,Auto'
ptd-server 2021-08-13 10:06:40,331 [INFO] Reply from ptd: 'Range V changed'
ptd-server 2021-08-13 10:06:40,333 [INFO] Sending to ptd: 'SR,A,20'
ptd-server 2021-08-13 10:06:41,916 [INFO] Reply from ptd: 'Range A changed'
ptd-server 2021-08-13 10:06:51,932 [INFO] Starting ranging mode
ptd-server 2021-08-13 10:06:51,933 [INFO] Sending to ptd: 'Go,1000,0,2021-08-13_10-06-20_ranging'
ptd-server 2021-08-13 10:06:51,934 [INFO] Reply from ptd: 'Starting untimed measurement, maximum 500000 samples at 1000ms with 0 rampup samples'
ptd-server 2021-08-13 10:06:51,934 [INFO] Sending reply to client 'OK'
ptd-server 2021-08-13 10:17:04,804 [INFO] Got command from the client 'session,2021-08-13_10-06-20,stop,ranging'
ptd-server 2021-08-13 10:17:14,818 [INFO] Sending to ptd: 'Stop'
ptd-server 2021-08-13 10:17:14,819 [INFO] Reply from ptd: 'Stopping untimed measurement'
ptd-server 2021-08-13 10:17:14,835 [INFO] Sending reply to client 'OK'
ptd-server 2021-08-13 10:17:15,004 [INFO] Got command from the client 'time'
ptd-server 2021-08-13 10:17:15,005 [INFO] Sending reply to client '1628849835.0053396'
ptd-server 2021-08-13 10:17:15,006 [INFO] Got command from the client 'session,2021-08-13_10-06-20,start,testing'
ptd-server 2021-08-13 10:17:15,007 [INFO] Sending to ptd: 'SR,V,215.420000'
ptd-server 2021-08-13 10:17:16,574 [INFO] Reply from ptd: 'Range V changed'
ptd-server 2021-08-13 10:17:16,574 [INFO] Sending to ptd: 'SR,A,2.093000'
ptd-server 2021-08-13 10:17:18,164 [INFO] Reply from ptd: 'Range A changed'
ptd-server 2021-08-13 10:17:28,172 [INFO] Starting testing mode
ptd-server 2021-08-13 10:17:28,177 [INFO] Sending to ptd: 'Go,1000,0,2021-08-13_10-06-20_testing'
ptd-server 2021-08-13 10:17:28,178 [INFO] Reply from ptd: 'Starting untimed measurement, maximum 500000 samples at 1000ms with 0 rampup samples'
ptd-server 2021-08-13 10:17:28,179 [INFO] Sending reply to client 'OK'
ptd-server 2021-08-13 10:27:40,986 [INFO] Got command from the client 'session,2021-08-13_10-06-20,stop,testing'
ptd-server 2021-08-13 10:27:50,996 [INFO] Sending to ptd: 'Stop'
ptd-server 2021-08-13 10:27:50,996 [INFO] Reply from ptd: 'Stopping untimed measurement'
ptd-server 2021-08-13 10:27:51,005 [INFO] Sending reply to client 'OK'
ptd-server 2021-08-13 10:27:51,012 [INFO] Got command from the client 'session,2021-08-13_10-06-20,done'
ptd-server 2021-08-13 10:27:51,012 [INFO] Sending to ptd: 'Stop'
ptd-server 2021-08-13 10:27:51,186 [INFO] Reply from ptd: 'Error: no measurement to stop'
ptd-server 2021-08-13 10:27:51,187 [INFO] Sending to ptd: 'SR,V,300.000000'
ptd-server 2021-08-13 10:27:52,752 [INFO] Reply from ptd: 'Range V changed'
ptd-server 2021-08-13 10:27:52,753 [INFO] Sending to ptd: 'SR,A,2.000000'
ptd-server 2021-08-13 10:27:54,343 [INFO] Reply from ptd: 'Range A changed'
ptd-server 2021-08-13 10:27:54,349 [INFO] Set initial values for Amps 2.000000 and Volts 300.000000
ptd-server 2021-08-13 10:27:54,350 [INFO] Stopping ptd...
