ptd-server 2021-08-08 06:47:51,428 [INFO] Got command from the client 'time'
ptd-server 2021-08-08 06:47:51,428 [INFO] Sending reply to client '1628401671.4285686'
ptd-server 2021-08-08 06:47:51,430 [INFO] Got command from the client 'new,,976e40d1-3e1a-4702-82fa-ea61bfbd8f9a'
ptd-server 2021-08-08 06:47:51,431 [INFO] Sending reply to client 'OK 2021-08-08_06-47-51,1a6d39c0-72fa-4224-a077-217819343b0c'
ptd-server 2021-08-08 06:47:51,462 [INFO] Got command from the client 'time'
ptd-server 2021-08-08 06:47:51,462 [INFO] Sending reply to client '1628401671.4628892'
ptd-server 2021-08-08 06:47:51,464 [INFO] Got command from the client 'session,2021-08-08_06-47-51,start,ranging'
ptd-server 2021-08-08 06:47:51,465 [INFO] Running PTDaemon: ['/home/anton/projects/mlperf/power/inference_v1.0/ptd-linux-x86', '-l', '/tmp/tmpr3iqmcco/ptd_logfile.txt', '-p', '8888', '49', '/dev/usbtmc0']
ptd-server 2021-08-08 06:48:08,639 [INFO] Sending to ptd: 'Hello'
ptd-server 2021-08-08 06:48:08,639 [INFO] Reply from ptd: 'Hello, PTDaemon here!'
ptd-server 2021-08-08 06:48:08,640 [INFO] Sending to ptd: 'Identify'
ptd-server 2021-08-08 06:48:08,640 [INFO] Reply from ptd: 'YokogawaWT310E,1000,1,1,1,1,0,1,1,version=1.9.2-e8c7a49a-20201208,OS=Linux 5.8.0-63-generic #71~20.04.1-Ubuntu SMP Thu Jul 15 17:46:08 UTC 2021 x86_64,mode=power,1,1,1,0,0,no_cal_date,YOKOGAWA;WT310E;C3XA04010E;F1.04'
ptd-server 2021-08-08 06:48:08,640 [INFO] Connected to PTDaemon
ptd-server 2021-08-08 06:48:08,640 [INFO] Sending to ptd: 'RR'
ptd-server 2021-08-08 06:48:08,641 [INFO] Reply from ptd: 'Ranges,0,0.500000,0,300.000000'
ptd-server 2021-08-08 06:48:08,641 [INFO] Initial range for Amps is 0.500000 for Volts is 300.000000
ptd-server 2021-08-08 06:48:08,641 [INFO] Sending to ptd: 'SR,V,Auto'
ptd-server 2021-08-08 06:48:09,143 [INFO] Reply from ptd: 'Range V changed'
ptd-server 2021-08-08 06:48:09,144 [INFO] Sending to ptd: 'SR,A,Auto'
ptd-server 2021-08-08 06:48:09,646 [INFO] Reply from ptd: 'Range A changed'
ptd-server 2021-08-08 06:48:19,656 [INFO] Starting ranging mode
ptd-server 2021-08-08 06:48:19,656 [INFO] Sending to ptd: 'Go,1000,0,2021-08-08_06-47-51_ranging'
ptd-server 2021-08-08 06:48:19,657 [INFO] Reply from ptd: 'Starting untimed measurement, maximum 500000 samples at 1000ms with 0 rampup samples'
ptd-server 2021-08-08 06:48:19,657 [INFO] Sending reply to client 'OK'
ptd-server 2021-08-08 06:58:39,322 [INFO] Got command from the client 'session,2021-08-08_06-47-51,stop,ranging'
ptd-server 2021-08-08 06:58:49,332 [INFO] Sending to ptd: 'Stop'
ptd-server 2021-08-08 06:58:49,333 [INFO] Reply from ptd: 'Stopping untimed measurement'
ptd-server 2021-08-08 06:58:49,458 [INFO] Sending reply to client 'OK'
ptd-server 2021-08-08 06:58:49,537 [INFO] Got command from the client 'time'
ptd-server 2021-08-08 06:58:49,537 [INFO] Sending reply to client '1628402329.537673'
ptd-server 2021-08-08 06:58:49,540 [INFO] Got command from the client 'session,2021-08-08_06-47-51,start,testing'
ptd-server 2021-08-08 06:58:49,540 [INFO] Sending to ptd: 'SR,V,249.330000'
ptd-server 2021-08-08 06:58:51,158 [INFO] Reply from ptd: 'Range V changed'
ptd-server 2021-08-08 06:58:51,158 [INFO] Sending to ptd: 'SR,A,0.212250'
ptd-server 2021-08-08 06:58:52,660 [INFO] Reply from ptd: 'Range A changed'
ptd-server 2021-08-08 06:59:02,670 [INFO] Starting testing mode
ptd-server 2021-08-08 06:59:02,670 [INFO] Sending to ptd: 'Go,1000,0,2021-08-08_06-47-51_testing'
ptd-server 2021-08-08 06:59:02,671 [INFO] Reply from ptd: 'Starting untimed measurement, maximum 500000 samples at 1000ms with 0 rampup samples'
ptd-server 2021-08-08 06:59:02,671 [INFO] Sending reply to client 'OK'
ptd-server 2021-08-08 07:09:21,954 [INFO] Got command from the client 'session,2021-08-08_06-47-51,stop,testing'
ptd-server 2021-08-08 07:09:31,964 [INFO] Sending to ptd: 'Stop'
ptd-server 2021-08-08 07:09:31,965 [INFO] Reply from ptd: 'Stopping untimed measurement'
ptd-server 2021-08-08 07:09:32,030 [INFO] Sending reply to client 'OK'
ptd-server 2021-08-08 07:09:32,050 [INFO] Got command from the client 'session,2021-08-08_06-47-51,done'
ptd-server 2021-08-08 07:09:32,050 [INFO] Sending to ptd: 'Stop'
ptd-server 2021-08-08 07:09:32,672 [INFO] Reply from ptd: 'Error: no measurement to stop'
ptd-server 2021-08-08 07:09:32,672 [INFO] Sending to ptd: 'SR,V,300.000000'
ptd-server 2021-08-08 07:09:34,173 [INFO] Reply from ptd: 'Range V changed'
ptd-server 2021-08-08 07:09:34,174 [INFO] Sending to ptd: 'SR,A,0.500000'
ptd-server 2021-08-08 07:09:35,675 [INFO] Reply from ptd: 'Range A changed'
ptd-server 2021-08-08 07:09:35,675 [INFO] Set initial values for Amps 0.500000 and Volts 300.000000
ptd-server 2021-08-08 07:09:35,675 [INFO] Stopping ptd...
