client 2021-08-12 19:47:56,271 [INFO] Sending command to the server: 'mlcommons/power client v3'
client 2021-08-12 19:47:56,272 [INFO] Got response: 'mlcommons/power server v3'
client 2021-08-12 19:47:56,273 [INFO] Sending command to the server: 'stop'
client 2021-08-12 19:47:56,275 [INFO] Got response: 'OK'
client 2021-08-12 19:47:56,275 [INFO] Synchronizing with the server and with 100.64.0.18...
client 2021-08-12 19:47:56,281 [INFO] NTP:offset = -0.000 s, delay = 0.001 s 
client 2021-08-12 19:47:56,281 [INFO] Sending command to the server: 'time'
client 2021-08-12 19:47:56,283 [INFO] Got response: '1628797676.2811654'
client 2021-08-12 19:47:56,284 [INFO] The time difference between the client and the server is within range 0.437 ms..2.897 ms
client 2021-08-12 19:47:56,284 [INFO] Sending command to the server: 'new,,03b8216e-70e9-4291-beb1-1a03c4a84787'
client 2021-08-12 19:47:56,286 [INFO] Got response: 'OK 2021-08-12_19-47-56,01f7e014-0068-48d7-ac91-2ba790f6c396'
client 2021-08-12 19:47:56,287 [INFO] Session id is '2021-08-12_19-47-56'
client 2021-08-12 19:47:56,287 [INFO] Sources: {"sources": {"__init__.py": "da39a3ee5e6b4b0d3255bfef95601890afd80709", "client.py": "33ca4f26368777ac06e01f9567b714a4b8063886", "lib/__init__.py": "da39a3ee5e6b4b0d3255bfef95601890afd80709", "lib/client.py": "4c2b78fb4849a7e5b584ef792d82aaed20b17f57", "lib/common.py": "624d0c0acc7c39aaff3674f0b99d6a09da53d1dc", "lib/external/__init__.py": "da39a3ee5e6b4b0d3255bfef95601890afd80709", "lib/external/ntplib.py": "4da8f970656505a40483206ef2b5d3dd5e81711d", "lib/server.py": "59c9fb92908260d3e9f81a895c7aa009742275e4", "lib/source_hashes.py": "60a2e02193209e8d392803326208d5466342da18", "lib/summary.py": "aa92f0a3f975eecd44d3c0cd0236342ccc9f941d", "lib/time_sync.py": "3210db56eb0ff0df57bf4293dc4d4b03fffd46f1", "server.py": "c3f90f2f7eeb4db30727556d0c815ebc89b3d28b", "tests/unit/__init__.py": "da39a3ee5e6b4b0d3255bfef95601890afd80709", "tests/unit/test_server.py": "99ae15aef722f2000ee6ed1ae1523637bf1ae42b", "tests/unit/test_source_hashes.py": "00468a2907583c593e6574a1f6b404e4651c221a"}, "modules": {"ptd_client_server.lib.client": "lib/client.py", "ptd_client_server.lib.common": "lib/common.py", "ptd_client_server.lib.external.ntplib": "lib/external/ntplib.py", "ptd_client_server.lib.source_hashes": "lib/source_hashes.py", "ptd_client_server.lib.summary": "lib/summary.py", "ptd_client_server.lib.time_sync": "lib/time_sync.py"}}
client 2021-08-12 19:47:56,287 [INFO] Running workload in ranging mode
client 2021-08-12 19:47:56,287 [INFO] Synchronizing with the server and with 100.64.0.18...
client 2021-08-12 19:47:56,289 [INFO] NTP:offset = -0.000 s, delay = 0.001 s 
client 2021-08-12 19:47:56,289 [INFO] Sending command to the server: 'time'
client 2021-08-12 19:47:56,292 [INFO] Got response: '1628797676.2811654'
client 2021-08-12 19:47:56,292 [INFO] The time difference between the client and the server is within range 8.754 ms..11.198 ms
client 2021-08-12 19:47:56,292 [INFO] Sending command to the server: 'session,2021-08-12_19-47-56,start,ranging'
client 2021-08-12 19:48:21,067 [INFO] Got response: 'OK'
client 2021-08-12 19:48:21,067 [INFO] Running the workload 'LOG_DIR=/work/build/power_logs_temp python3 code/main.py --benchmarks=bert --scenarios=Offline --config_ver=maxq_high_accuracy--test_mode=PerformanceOnly --action="run_harness" \\\n\t\t&& if [ ! -d /work/build/power_logs/2021.08.12-19.47.50/ranging_tmp ]; \\\n\t\t\tthen mkdir /work/build/power_logs/2021.08.12-19.47.50/ranging_tmp \\\n\t\t\t\t&& mv /work/build/power_logs_temp/* /work/build/power_logs/2021.08.12-19.47.50/ranging_tmp/ \\\n\t\t\t\t&& cp -v /work/build/power_logs/2021.08.12-19.47.50/ranging_tmp/*/*/*/mlperf_log_detail.txt /work/build/power_logs_temp/ \\\n\t\t\t\t&& cp -v /work/build/power_logs/2021.08.12-19.47.50/ranging_tmp/*/*/*/mlperf_log_summary.txt /work/build/power_logs_temp/; \\\n\t\t\telse mkdir /work/build/power_logs/2021.08.12-19.47.50/testing_tmp \\\n\t\t\t\t&& mv /work/build/power_logs_temp/* /work/build/power_logs/2021.08.12-19.47.50/testing_tmp/ \\\n\t\t\t\t&& cp -v /work/build/power_logs/2021.08.12-19.47.50/testing_tmp/*/*/*/mlperf_log_detail.txt /work/build/power_logs_temp/ \\\n\t\t\t\t&& cp -v /work/build/power_logs/2021.08.12-19.47.50/testing_tmp/*/*/*/mlperf_log_summary.txt /work/build/power_logs_temp/; fi'
client 2021-08-12 20:09:17,850 [INFO] Sending command to the server: 'session,2021-08-12_19-47-56,stop,ranging'
client 2021-08-12 20:09:27,889 [INFO] Got response: 'OK'
client 2021-08-12 20:09:27,898 [INFO] Copying loadgen logs from '/work/build/power_logs_temp' to '/work/build/power_logs/2021.08.12-19.47.50/2021-08-12_19-47-56/ranging'
client 2021-08-12 20:09:27,899 [INFO] Running workload in testing mode
client 2021-08-12 20:09:27,899 [INFO] Synchronizing with the server and with 100.64.0.18...
client 2021-08-12 20:09:27,902 [INFO] NTP:offset = -0.000 s, delay = 0.001 s 
client 2021-08-12 20:09:27,902 [INFO] Sending command to the server: 'time'
client 2021-08-12 20:09:27,903 [INFO] Got response: '1628798967.851123'
client 2021-08-12 20:09:27,903 [INFO] The time difference between the client and the server is within range 51.142 ms..52.832 ms
client 2021-08-12 20:09:27,904 [INFO] Sending command to the server: 'session,2021-08-12_19-47-56,start,testing'
client 2021-08-12 20:09:41,188 [INFO] Got response: 'OK'
client 2021-08-12 20:09:41,189 [INFO] Running the workload 'LOG_DIR=/work/build/power_logs_temp python3 code/main.py --benchmarks=bert --scenarios=Offline --config_ver=maxq_high_accuracy--test_mode=PerformanceOnly --action="run_harness" \\\n\t\t&& if [ ! -d /work/build/power_logs/2021.08.12-19.47.50/ranging_tmp ]; \\\n\t\t\tthen mkdir /work/build/power_logs/2021.08.12-19.47.50/ranging_tmp \\\n\t\t\t\t&& mv /work/build/power_logs_temp/* /work/build/power_logs/2021.08.12-19.47.50/ranging_tmp/ \\\n\t\t\t\t&& cp -v /work/build/power_logs/2021.08.12-19.47.50/ranging_tmp/*/*/*/mlperf_log_detail.txt /work/build/power_logs_temp/ \\\n\t\t\t\t&& cp -v /work/build/power_logs/2021.08.12-19.47.50/ranging_tmp/*/*/*/mlperf_log_summary.txt /work/build/power_logs_temp/; \\\n\t\t\telse mkdir /work/build/power_logs/2021.08.12-19.47.50/testing_tmp \\\n\t\t\t\t&& mv /work/build/power_logs_temp/* /work/build/power_logs/2021.08.12-19.47.50/testing_tmp/ \\\n\t\t\t\t&& cp -v /work/build/power_logs/2021.08.12-19.47.50/testing_tmp/*/*/*/mlperf_log_detail.txt /work/build/power_logs_temp/ \\\n\t\t\t\t&& cp -v /work/build/power_logs/2021.08.12-19.47.50/testing_tmp/*/*/*/mlperf_log_summary.txt /work/build/power_logs_temp/; fi'
client 2021-08-12 20:30:40,098 [INFO] Sending command to the server: 'session,2021-08-12_19-47-56,stop,testing'
client 2021-08-12 20:30:50,122 [INFO] Got response: 'OK'
client 2021-08-12 20:30:50,124 [INFO] Copying loadgen logs from '/work/build/power_logs_temp' to '/work/build/power_logs/2021.08.12-19.47.50/2021-08-12_19-47-56/run_1'
client 2021-08-12 20:30:50,125 [INFO] Done runs
