ptd-server 2021-08-12 19:47:56,271 [INFO] Got command from the client 'stop'
ptd-server 2021-08-12 19:47:56,271 [INFO] The server will be stopped after processing this client
ptd-server 2021-08-12 19:47:56,271 [INFO] Sending reply to client 'OK'
ptd-server 2021-08-12 19:47:56,271 [INFO] Got command from the client 'time'
ptd-server 2021-08-12 19:47:56,281 [INFO] Sending reply to client '1628797676.2811654'
ptd-server 2021-08-12 19:47:56,281 [INFO] Got command from the client 'new,,03b8216e-70e9-4291-beb1-1a03c4a84787'
ptd-server 2021-08-12 19:47:56,281 [INFO] Sending reply to client 'OK 2021-08-12_19-47-56,01f7e014-0068-48d7-ac91-2ba790f6c396'
ptd-server 2021-08-12 19:47:56,281 [INFO] Got command from the client 'time'
ptd-server 2021-08-12 19:47:56,281 [INFO] Sending reply to client '1628797676.2811654'
ptd-server 2021-08-12 19:47:56,291 [INFO] Got command from the client 'session,2021-08-12_19-47-56,start,ranging'
ptd-server 2021-08-12 19:47:56,391 [INFO] Running PTDaemon: ['.\\ptd-windows-x86.exe', '-l', 'C:\\Users\\root\\AppData\\Local\\Temp\\tmpqzpq662f\\ptd_logfile.txt', '-p', '8888', '-g', '8', '1']
ptd-server 2021-08-12 19:48:10,009 [INFO] Sending to ptd: 'Hello'
ptd-server 2021-08-12 19:48:10,009 [INFO] Reply from ptd: 'Hello, PTDaemon here!'
ptd-server 2021-08-12 19:48:10,009 [INFO] Sending to ptd: 'Identify'
ptd-server 2021-08-12 19:48:10,009 [INFO] Reply from ptd: 'YokogawaWT210,1000,1,1,1,1,0,0,1,version=1.9.2-3976349f-20201208,OS=Windows 8 / Server 2012,mode=power,1,1,1,0,0,no_cal_date,YOKOGAWA;760401;0;F1.12'
ptd-server 2021-08-12 19:48:10,009 [INFO] Connected to PTDaemon
ptd-server 2021-08-12 19:48:10,009 [INFO] Sending to ptd: 'RR'
ptd-server 2021-08-12 19:48:10,009 [INFO] Reply from ptd: 'Ranges,1,5.000000,1,150.000000'
ptd-server 2021-08-12 19:48:10,009 [INFO] Initial range for Amps is Auto for Volts is Auto
ptd-server 2021-08-12 19:48:10,009 [INFO] Sending to ptd: 'SR,V,Auto'
ptd-server 2021-08-12 19:48:10,527 [INFO] Reply from ptd: 'Range V changed'
ptd-server 2021-08-12 19:48:10,527 [INFO] Sending to ptd: 'SR,A,Auto'
ptd-server 2021-08-12 19:48:11,058 [INFO] Reply from ptd: 'Range A changed'
ptd-server 2021-08-12 19:48:21,060 [INFO] Starting ranging mode
ptd-server 2021-08-12 19:48:21,060 [INFO] Sending to ptd: 'Go,1000,0,2021-08-12_19-47-56_ranging'
ptd-server 2021-08-12 19:48:21,060 [INFO] Reply from ptd: 'Starting untimed measurement, maximum 500000 samples at 1000ms with 0 rampup samples'
ptd-server 2021-08-12 19:48:21,060 [INFO] Sending reply to client 'OK'
ptd-server 2021-08-12 20:09:17,796 [INFO] Got command from the client 'session,2021-08-12_19-47-56,stop,ranging'
ptd-server 2021-08-12 20:09:27,804 [INFO] Sending to ptd: 'Stop'
ptd-server 2021-08-12 20:09:27,804 [INFO] Reply from ptd: 'Stopping untimed measurement'
ptd-server 2021-08-12 20:09:27,830 [INFO] Sending reply to client 'OK'
ptd-server 2021-08-12 20:09:27,851 [INFO] Got command from the client 'time'
ptd-server 2021-08-12 20:09:27,851 [INFO] Sending reply to client '1628798967.851123'
ptd-server 2021-08-12 20:09:27,851 [INFO] Got command from the client 'session,2021-08-12_19-47-56,start,testing'
ptd-server 2021-08-12 20:09:27,851 [INFO] Sending to ptd: 'SR,V,120.640000'
ptd-server 2021-08-12 20:09:29,591 [INFO] Reply from ptd: 'Range V changed'
ptd-server 2021-08-12 20:09:29,591 [INFO] Sending to ptd: 'SR,A,4.872000'
ptd-server 2021-08-12 20:09:31,121 [INFO] Reply from ptd: 'Range A changed'
ptd-server 2021-08-12 20:09:41,133 [INFO] Starting testing mode
ptd-server 2021-08-12 20:09:41,133 [INFO] Sending to ptd: 'Go,1000,0,2021-08-12_19-47-56_testing'
ptd-server 2021-08-12 20:09:41,133 [INFO] Reply from ptd: 'Starting untimed measurement, maximum 500000 samples at 1000ms with 0 rampup samples'
ptd-server 2021-08-12 20:09:41,133 [INFO] Sending reply to client 'OK'
ptd-server 2021-08-12 20:30:39,994 [INFO] Got command from the client 'session,2021-08-12_19-47-56,stop,testing'
ptd-server 2021-08-12 20:30:49,995 [INFO] Sending to ptd: 'Stop'
ptd-server 2021-08-12 20:30:49,995 [INFO] Reply from ptd: 'Stopping untimed measurement'
ptd-server 2021-08-12 20:30:50,014 [INFO] Sending reply to client 'OK'
ptd-server 2021-08-12 20:30:50,024 [INFO] Got command from the client 'session,2021-08-12_19-47-56,done'
ptd-server 2021-08-12 20:30:50,024 [INFO] Sending to ptd: 'Stop'
ptd-server 2021-08-12 20:30:50,145 [INFO] Reply from ptd: 'Error: no measurement to stop'
ptd-server 2021-08-12 20:30:50,145 [INFO] Sending to ptd: 'SR,V,Auto'
ptd-server 2021-08-12 20:30:50,665 [INFO] Reply from ptd: 'Range V changed'
ptd-server 2021-08-12 20:30:50,665 [INFO] Sending to ptd: 'SR,A,Auto'
ptd-server 2021-08-12 20:30:51,185 [INFO] Reply from ptd: 'Range A changed'
ptd-server 2021-08-12 20:30:51,185 [INFO] Set initial values for Amps Auto and Volts Auto
ptd-server 2021-08-12 20:30:51,185 [INFO] Stopping ptd...
