ptd-server 2021-08-12 08:58:59,298 [INFO] Got command from the client 'stop'
ptd-server 2021-08-12 08:58:59,298 [INFO] The server will be stopped after processing this client
ptd-server 2021-08-12 08:58:59,298 [INFO] Sending reply to client 'OK'
ptd-server 2021-08-12 08:58:59,314 [INFO] Got command from the client 'time'
ptd-server 2021-08-12 08:58:59,314 [INFO] Sending reply to client '1628758739.3142917'
ptd-server 2021-08-12 08:58:59,314 [INFO] Got command from the client 'new,,eb8a3f75-6610-4812-9f67-628f15496d10'
ptd-server 2021-08-12 08:58:59,314 [INFO] Sending reply to client 'OK 2021-08-12_08-58-59,159ad3cb-1525-43b8-a970-a3d268093e29'
ptd-server 2021-08-12 08:58:59,314 [INFO] Got command from the client 'time'
ptd-server 2021-08-12 08:58:59,314 [INFO] Sending reply to client '1628758739.3142917'
ptd-server 2021-08-12 08:58:59,314 [INFO] Got command from the client 'session,2021-08-12_08-58-59,start,ranging'
ptd-server 2021-08-12 08:58:59,423 [INFO] Running PTDaemon: ['.\\ptd-windows-x86.exe', '-l', 'C:\\Users\\root\\AppData\\Local\\Temp\\tmpulfvapw0\\ptd_logfile.txt', '-p', '8888', '-c', '2', '-y', '48', '100.83.149.90']
ptd-server 2021-08-12 08:59:18,044 [INFO] Sending to ptd: 'Hello'
ptd-server 2021-08-12 08:59:18,044 [INFO] Reply from ptd: 'Hello, PTDaemon here!'
ptd-server 2021-08-12 08:59:18,044 [INFO] Sending to ptd: 'Identify'
ptd-server 2021-08-12 08:59:18,044 [INFO] Reply from ptd: 'YokogawaWT500_multichannel,1000,1,1,1,1,0,0,1,version=1.9.2-3976349f-20201208,OS=Windows 8 / Server 2012,mode=power,1,1,3,0,0,no_cal_date,YOKOGAWA;760203;U1J802935;F1.21'
ptd-server 2021-08-12 08:59:18,044 [INFO] Connected to PTDaemon
ptd-server 2021-08-12 08:59:18,044 [INFO] Sending to ptd: 'RR'
ptd-server 2021-08-12 08:59:18,044 [INFO] Reply from ptd: 'Ranges,-1,-1.000000,-1,-1.000000'
ptd-server 2021-08-12 08:59:18,044 [INFO] Initial range for Amps is Auto for Volts is Auto
ptd-server 2021-08-12 08:59:18,044 [INFO] Sending to ptd: 'SR,V,Auto'
ptd-server 2021-08-12 08:59:18,263 [INFO] Reply from ptd: 'Range V changed'
ptd-server 2021-08-12 08:59:18,263 [INFO] Sending to ptd: 'SR,A,Auto'
ptd-server 2021-08-12 08:59:18,419 [INFO] Reply from ptd: 'Range A changed'
ptd-server 2021-08-12 08:59:28,420 [INFO] Starting ranging mode
ptd-server 2021-08-12 08:59:28,420 [INFO] Sending to ptd: 'Go,1000,0,2021-08-12_08-58-59_ranging'
ptd-server 2021-08-12 08:59:28,420 [INFO] Reply from ptd: 'Starting untimed measurement, maximum 500000 samples at 1000ms with 0 rampup samples'
ptd-server 2021-08-12 08:59:28,420 [INFO] Sending reply to client 'OK'
ptd-server 2021-08-12 09:10:41,191 [INFO] Got command from the client 'session,2021-08-12_08-58-59,stop,ranging'
ptd-server 2021-08-12 09:10:51,191 [INFO] Sending to ptd: 'Stop'
ptd-server 2021-08-12 09:10:51,191 [INFO] Reply from ptd: 'Stopping untimed measurement'
ptd-server 2021-08-12 09:10:51,223 [INFO] Sending reply to client 'OK'
ptd-server 2021-08-12 09:10:51,223 [INFO] Got command from the client 'time'
ptd-server 2021-08-12 09:10:51,223 [INFO] Sending reply to client '1628759451.2231882'
ptd-server 2021-08-12 09:10:51,223 [INFO] Got command from the client 'session,2021-08-12_08-58-59,start,testing'
ptd-server 2021-08-12 09:10:51,238 [INFO] Sending to ptd: 'SR,V,130.070000'
ptd-server 2021-08-12 09:10:52,648 [INFO] Reply from ptd: 'Range V changed'
ptd-server 2021-08-12 09:10:52,648 [INFO] Sending to ptd: 'SR,A,14.494000'
ptd-server 2021-08-12 09:10:53,367 [INFO] Reply from ptd: 'Range A changed'
ptd-server 2021-08-12 09:11:03,369 [INFO] Starting testing mode
ptd-server 2021-08-12 09:11:03,369 [INFO] Sending to ptd: 'Go,1000,0,2021-08-12_08-58-59_testing'
ptd-server 2021-08-12 09:11:03,369 [INFO] Reply from ptd: 'Starting untimed measurement, maximum 500000 samples at 1000ms with 0 rampup samples'
ptd-server 2021-08-12 09:11:03,369 [INFO] Sending reply to client 'OK'
ptd-server 2021-08-12 09:22:13,975 [INFO] Got command from the client 'session,2021-08-12_08-58-59,stop,testing'
ptd-server 2021-08-12 09:22:23,978 [INFO] Sending to ptd: 'Stop'
ptd-server 2021-08-12 09:22:23,978 [INFO] Reply from ptd: 'Stopping untimed measurement'
ptd-server 2021-08-12 09:22:23,993 [INFO] Sending reply to client 'OK'
ptd-server 2021-08-12 09:22:23,993 [INFO] Got command from the client 'session,2021-08-12_08-58-59,done'
ptd-server 2021-08-12 09:22:23,993 [INFO] Sending to ptd: 'Stop'
ptd-server 2021-08-12 09:22:24,387 [INFO] Reply from ptd: 'Error: no measurement to stop'
ptd-server 2021-08-12 09:22:24,387 [INFO] Sending to ptd: 'SR,V,Auto'
ptd-server 2021-08-12 09:22:24,606 [INFO] Reply from ptd: 'Range V changed'
ptd-server 2021-08-12 09:22:24,606 [INFO] Sending to ptd: 'SR,A,Auto'
ptd-server 2021-08-12 09:22:24,762 [INFO] Reply from ptd: 'Range A changed'
ptd-server 2021-08-12 09:22:24,762 [INFO] Set initial values for Amps Auto and Volts Auto
ptd-server 2021-08-12 09:22:24,762 [INFO] Stopping ptd...
