ptd-server 2021-08-08 17:01:26,110 [INFO] Got command from the client 'time'
ptd-server 2021-08-08 17:01:26,110 [INFO] Sending reply to client '1628438486.110232'
ptd-server 2021-08-08 17:01:26,112 [INFO] Got command from the client 'new,,49ad9ba5-4a85-4fec-991b-6a49ed0597b1'
ptd-server 2021-08-08 17:01:26,112 [INFO] Sending reply to client 'OK 2021-08-08_17-01-26,9b4ee118-c58a-4da6-a59f-457262d5a932'
ptd-server 2021-08-08 17:01:26,159 [INFO] Got command from the client 'time'
ptd-server 2021-08-08 17:01:26,160 [INFO] Sending reply to client '1628438486.1601393'
ptd-server 2021-08-08 17:01:26,162 [INFO] Got command from the client 'session,2021-08-08_17-01-26,start,ranging'
ptd-server 2021-08-08 17:01:26,162 [INFO] Running PTDaemon: ['/home/anton/projects/mlperf/power/inference_v1.0/ptd-linux-x86', '-l', '/tmp/tmpr3iqmcco/ptd_logfile.txt', '-p', '8888', '49', '/dev/usbtmc0']
ptd-server 2021-08-08 17:01:43,336 [INFO] Sending to ptd: 'Hello'
ptd-server 2021-08-08 17:01:43,336 [INFO] Reply from ptd: 'Hello, PTDaemon here!'
ptd-server 2021-08-08 17:01:43,336 [INFO] Sending to ptd: 'Identify'
ptd-server 2021-08-08 17:01:43,337 [INFO] Reply from ptd: 'YokogawaWT310E,1000,1,1,1,1,0,1,1,version=1.9.2-e8c7a49a-20201208,OS=Linux 5.8.0-63-generic #71~20.04.1-Ubuntu SMP Thu Jul 15 17:46:08 UTC 2021 x86_64,mode=power,1,1,1,0,0,no_cal_date,YOKOGAWA;WT310E;C3XA04010E;F1.04'
ptd-server 2021-08-08 17:01:43,337 [INFO] Connected to PTDaemon
ptd-server 2021-08-08 17:01:43,337 [INFO] Sending to ptd: 'RR'
ptd-server 2021-08-08 17:01:43,337 [INFO] Reply from ptd: 'Ranges,0,0.500000,0,300.000000'
ptd-server 2021-08-08 17:01:43,337 [INFO] Initial range for Amps is 0.500000 for Volts is 300.000000
ptd-server 2021-08-08 17:01:43,337 [INFO] Sending to ptd: 'SR,V,Auto'
ptd-server 2021-08-08 17:01:43,840 [INFO] Reply from ptd: 'Range V changed'
ptd-server 2021-08-08 17:01:43,840 [INFO] Sending to ptd: 'SR,A,Auto'
ptd-server 2021-08-08 17:01:44,343 [INFO] Reply from ptd: 'Range A changed'
ptd-server 2021-08-08 17:01:54,353 [INFO] Starting ranging mode
ptd-server 2021-08-08 17:01:54,353 [INFO] Sending to ptd: 'Go,1000,0,2021-08-08_17-01-26_ranging'
ptd-server 2021-08-08 17:01:54,354 [INFO] Reply from ptd: 'Starting untimed measurement, maximum 500000 samples at 1000ms with 0 rampup samples'
ptd-server 2021-08-08 17:01:54,354 [INFO] Sending reply to client 'OK'
ptd-server 2021-08-08 17:12:14,103 [INFO] Got command from the client 'session,2021-08-08_17-01-26,stop,ranging'
ptd-server 2021-08-08 17:12:24,114 [INFO] Sending to ptd: 'Stop'
ptd-server 2021-08-08 17:12:24,114 [INFO] Reply from ptd: 'Stopping untimed measurement'
ptd-server 2021-08-08 17:12:24,271 [INFO] Sending reply to client 'OK'
ptd-server 2021-08-08 17:12:24,328 [INFO] Got command from the client 'time'
ptd-server 2021-08-08 17:12:24,328 [INFO] Sending reply to client '1628439144.3288953'
ptd-server 2021-08-08 17:12:24,331 [INFO] Got command from the client 'session,2021-08-08_17-01-26,start,testing'
ptd-server 2021-08-08 17:12:24,331 [INFO] Sending to ptd: 'SR,V,249.040000'
ptd-server 2021-08-08 17:12:25,855 [INFO] Reply from ptd: 'Range V changed'
ptd-server 2021-08-08 17:12:25,855 [INFO] Sending to ptd: 'SR,A,0.178310'
ptd-server 2021-08-08 17:12:27,357 [INFO] Reply from ptd: 'Range A changed'
ptd-server 2021-08-08 17:12:37,367 [INFO] Starting testing mode
ptd-server 2021-08-08 17:12:37,367 [INFO] Sending to ptd: 'Go,1000,0,2021-08-08_17-01-26_testing'
ptd-server 2021-08-08 17:12:37,367 [INFO] Reply from ptd: 'Starting untimed measurement, maximum 500000 samples at 1000ms with 0 rampup samples'
ptd-server 2021-08-08 17:12:37,368 [INFO] Sending reply to client 'OK'
ptd-server 2021-08-08 17:22:57,152 [INFO] Got command from the client 'session,2021-08-08_17-01-26,stop,testing'
ptd-server 2021-08-08 17:23:07,162 [INFO] Sending to ptd: 'Stop'
ptd-server 2021-08-08 17:23:07,163 [INFO] Reply from ptd: 'Stopping untimed measurement'
ptd-server 2021-08-08 17:23:07,250 [INFO] Sending reply to client 'OK'
ptd-server 2021-08-08 17:23:07,270 [INFO] Got command from the client 'session,2021-08-08_17-01-26,done'
ptd-server 2021-08-08 17:23:07,270 [INFO] Sending to ptd: 'Stop'
ptd-server 2021-08-08 17:23:07,367 [INFO] Reply from ptd: 'Error: no measurement to stop'
ptd-server 2021-08-08 17:23:07,367 [INFO] Sending to ptd: 'SR,V,300.000000'
ptd-server 2021-08-08 17:23:08,869 [INFO] Reply from ptd: 'Range V changed'
ptd-server 2021-08-08 17:23:08,869 [INFO] Sending to ptd: 'SR,A,0.500000'
ptd-server 2021-08-08 17:23:10,370 [INFO] Reply from ptd: 'Range A changed'
ptd-server 2021-08-08 17:23:10,370 [INFO] Set initial values for Amps 0.500000 and Volts 300.000000
ptd-server 2021-08-08 17:23:10,371 [INFO] Stopping ptd...
