ptd-server 2021-08-10 09:19:16,376 [INFO] Got command from the client 'stop'
ptd-server 2021-08-10 09:19:16,376 [INFO] The server will be stopped after processing this client
ptd-server 2021-08-10 09:19:16,376 [INFO] Sending reply to client 'OK'
ptd-server 2021-08-10 09:19:16,796 [INFO] Got command from the client 'time'
ptd-server 2021-08-10 09:19:16,796 [INFO] Sending reply to client '1628612356.7964513'
ptd-server 2021-08-10 09:19:16,812 [INFO] Got command from the client 'new,,0f30c5ea-27b7-4a63-b9d5-e8ad143047bb'
ptd-server 2021-08-10 09:19:16,812 [INFO] Sending reply to client 'OK 2021-08-10_09-19-16,9c254889-b597-42f1-9279-97ccf7b1eae8'
ptd-server 2021-08-10 09:19:17,015 [INFO] Got command from the client 'time'
ptd-server 2021-08-10 09:19:17,015 [INFO] Sending reply to client '1628612357.0151455'
ptd-server 2021-08-10 09:19:17,015 [INFO] Got command from the client 'session,2021-08-10_09-19-16,start,ranging'
ptd-server 2021-08-10 09:19:17,124 [INFO] Running PTDaemon: ['C:\\PTD\\ptd-windows-x86.exe', '-l', 'C:\\Users\\lab\\AppData\\Local\\Temp\\tmpxqe58kya\\ptd_logfile.txt', '-p', '8888', '-c', '3', '-y', '52', '10.32.209.251']
ptd-server 2021-08-10 09:19:35,715 [INFO] Sending to ptd: 'Hello'
ptd-server 2021-08-10 09:19:35,715 [INFO] Reply from ptd: 'Hello, PTDaemon here!'
ptd-server 2021-08-10 09:19:35,715 [INFO] Sending to ptd: 'Identify'
ptd-server 2021-08-10 09:19:35,715 [INFO] Reply from ptd: 'YokogawaWT330E,1000,1,1,1,1,0,0,1,version=1.9.2-3976349f-20201208,OS=Windows 8 / Server 2012,mode=power,1,1,1,0,0,no_cal_date,YOKOGAWA;WT333E;C2VL22012V;F1.04'
ptd-server 2021-08-10 09:19:35,715 [INFO] Connected to PTDaemon
ptd-server 2021-08-10 09:19:35,715 [INFO] Sending to ptd: 'RR'
ptd-server 2021-08-10 09:19:35,715 [INFO] Reply from ptd: 'Ranges,0,1.000000,1,150.000000'
ptd-server 2021-08-10 09:19:35,715 [INFO] Initial range for Amps is 1.000000 for Volts is Auto
ptd-server 2021-08-10 09:19:35,715 [INFO] Sending to ptd: 'SR,V,Auto'
ptd-server 2021-08-10 09:19:36,241 [INFO] Reply from ptd: 'Range V changed'
ptd-server 2021-08-10 09:19:36,241 [INFO] Sending to ptd: 'SR,A,20'
ptd-server 2021-08-10 09:19:37,772 [INFO] Reply from ptd: 'Range A changed'
ptd-server 2021-08-10 09:19:47,775 [INFO] Starting ranging mode
ptd-server 2021-08-10 09:19:47,775 [INFO] Sending to ptd: 'Go,1000,0,2021-08-10_09-19-16_ranging'
ptd-server 2021-08-10 09:19:47,775 [INFO] Reply from ptd: 'Starting untimed measurement, maximum 500000 samples at 1000ms with 0 rampup samples'
ptd-server 2021-08-10 09:19:47,775 [INFO] Sending reply to client 'OK'
ptd-server 2021-08-10 09:31:07,668 [INFO] Got command from the client 'session,2021-08-10_09-19-16,stop,ranging'
ptd-server 2021-08-10 09:31:17,680 [INFO] Sending to ptd: 'Stop'
ptd-server 2021-08-10 09:31:17,680 [INFO] Reply from ptd: 'Stopping untimed measurement'
ptd-server 2021-08-10 09:31:17,696 [INFO] Sending reply to client 'OK'
ptd-server 2021-08-10 09:31:17,972 [INFO] Got command from the client 'time'
ptd-server 2021-08-10 09:31:17,972 [INFO] Sending reply to client '1628613077.9720879'
ptd-server 2021-08-10 09:31:17,972 [INFO] Got command from the client 'session,2021-08-10_09-19-16,start,testing'
ptd-server 2021-08-10 09:31:17,972 [INFO] Sending to ptd: 'SR,V,120.180000'
ptd-server 2021-08-10 09:31:19,497 [INFO] Reply from ptd: 'Range V changed'
ptd-server 2021-08-10 09:31:19,497 [INFO] Sending to ptd: 'SR,A,0.350000'
ptd-server 2021-08-10 09:31:21,034 [INFO] Reply from ptd: 'Range A changed'
ptd-server 2021-08-10 09:31:31,043 [INFO] Starting testing mode
ptd-server 2021-08-10 09:31:31,043 [INFO] Sending to ptd: 'Go,1000,0,2021-08-10_09-19-16_testing'
ptd-server 2021-08-10 09:31:31,043 [INFO] Reply from ptd: 'Starting untimed measurement, maximum 500000 samples at 1000ms with 0 rampup samples'
ptd-server 2021-08-10 09:31:31,043 [INFO] Sending reply to client 'OK'
ptd-server 2021-08-10 09:42:42,555 [INFO] Got command from the client 'session,2021-08-10_09-19-16,stop,testing'
ptd-server 2021-08-10 09:42:52,576 [INFO] Sending to ptd: 'Stop'
ptd-server 2021-08-10 09:42:52,576 [INFO] Reply from ptd: 'Stopping untimed measurement'
ptd-server 2021-08-10 09:42:52,592 [INFO] Sending reply to client 'OK'
ptd-server 2021-08-10 09:42:52,670 [INFO] Got command from the client 'session,2021-08-10_09-19-16,done'
ptd-server 2021-08-10 09:42:52,670 [INFO] Sending to ptd: 'Stop'
ptd-server 2021-08-10 09:42:53,059 [INFO] Reply from ptd: 'Error: no measurement to stop'
ptd-server 2021-08-10 09:42:53,059 [INFO] Sending to ptd: 'SR,V,Auto'
ptd-server 2021-08-10 09:42:53,591 [INFO] Reply from ptd: 'Range V changed'
ptd-server 2021-08-10 09:42:53,591 [INFO] Sending to ptd: 'SR,A,1.000000'
ptd-server 2021-08-10 09:42:55,137 [INFO] Reply from ptd: 'Range A changed'
ptd-server 2021-08-10 09:42:55,137 [INFO] Set initial values for Amps 1.000000 and Volts Auto
ptd-server 2021-08-10 09:42:55,137 [INFO] Stopping ptd...
