[2021-08-14 03:20:36,521 log_parser.py:50 INFO] Sucessfully loaded MLPerf log from closed/FuriosaAI/results/warboy_intel/resnet50/SingleStream/accuracy/mlperf_log_detail.txt.
[2021-08-14 03:20:36,522 submission-checker.py:1134 ERROR] closed/FuriosaAI/results/warboy_intel/resnet50/SingleStream/performance/run_1 has file list mismatch (['accuracy.txt'])
[2021-08-14 03:20:36,524 log_parser.py:50 INFO] Sucessfully loaded MLPerf log from closed/FuriosaAI/results/warboy_intel/resnet50/SingleStream/performance/run_1/mlperf_log_detail.txt.
[2021-08-14 03:20:36,526 log_parser.py:50 INFO] Sucessfully loaded MLPerf log from closed/FuriosaAI/results/warboy_intel/resnet50/SingleStream/performance/run_1/mlperf_log_detail.txt.
[2021-08-14 03:20:36,527 submission-checker.py:1298 INFO] closed/FuriosaAI/compliance/warboy_intel/resnet50/SingleStream/TEST01/performance/run_1 has file list mismatch (['accuracy.txt', 'mlperf_log_accuracy.json'])
[2021-08-14 03:20:36,528 submission-checker.py:1298 INFO] closed/FuriosaAI/compliance/warboy_intel/resnet50/SingleStream/TEST04-A/performance/run_1 has file list mismatch (['accuracy.txt'])
[2021-08-14 03:20:36,528 submission-checker.py:1298 INFO] closed/FuriosaAI/compliance/warboy_intel/resnet50/SingleStream/TEST04-B/performance/run_1 has file list mismatch (['accuracy.txt'])
[2021-08-14 03:20:36,529 submission-checker.py:1298 INFO] closed/FuriosaAI/compliance/warboy_intel/resnet50/SingleStream/TEST05/performance/run_1 has file list mismatch (['accuracy.txt'])
[2021-08-14 03:20:36,543 log_parser.py:50 INFO] Sucessfully loaded MLPerf log from closed/FuriosaAI/results/warboy_intel/resnet50/Offline/accuracy/mlperf_log_detail.txt.
[2021-08-14 03:20:36,545 submission-checker.py:1134 ERROR] closed/FuriosaAI/results/warboy_intel/resnet50/Offline/performance/run_1 has file list mismatch (['accuracy.txt'])
[2021-08-14 03:20:36,548 log_parser.py:50 INFO] Sucessfully loaded MLPerf log from closed/FuriosaAI/results/warboy_intel/resnet50/Offline/performance/run_1/mlperf_log_detail.txt.
[2021-08-14 03:20:36,549 log_parser.py:50 INFO] Sucessfully loaded MLPerf log from closed/FuriosaAI/results/warboy_intel/resnet50/Offline/performance/run_1/mlperf_log_detail.txt.
[2021-08-14 03:20:36,551 submission-checker.py:1298 INFO] closed/FuriosaAI/compliance/warboy_intel/resnet50/Offline/TEST01/performance/run_1 has file list mismatch (['accuracy.txt'])
[2021-08-14 03:20:36,552 submission-checker.py:1298 INFO] closed/FuriosaAI/compliance/warboy_intel/resnet50/Offline/TEST04-A/performance/run_1 has file list mismatch (['accuracy.txt', 'mlperf_log_accuracy.json'])
[2021-08-14 03:20:36,552 submission-checker.py:1298 INFO] closed/FuriosaAI/compliance/warboy_intel/resnet50/Offline/TEST04-B/performance/run_1 has file list mismatch (['accuracy.txt', 'mlperf_log_accuracy.json'])
[2021-08-14 03:20:36,560 log_parser.py:50 INFO] Sucessfully loaded MLPerf log from closed/FuriosaAI/results/warboy_intel/ssd-mobilenet/SingleStream/accuracy/mlperf_log_detail.txt.
[2021-08-14 03:20:36,561 submission-checker.py:1134 ERROR] closed/FuriosaAI/results/warboy_intel/ssd-mobilenet/SingleStream/performance/run_1 has file list mismatch (['accuracy.txt'])
[2021-08-14 03:20:36,562 log_parser.py:50 INFO] Sucessfully loaded MLPerf log from closed/FuriosaAI/results/warboy_intel/ssd-mobilenet/SingleStream/performance/run_1/mlperf_log_detail.txt.
[2021-08-14 03:20:36,563 log_parser.py:50 INFO] Sucessfully loaded MLPerf log from closed/FuriosaAI/results/warboy_intel/ssd-mobilenet/SingleStream/performance/run_1/mlperf_log_detail.txt.
[2021-08-14 03:20:36,570 log_parser.py:50 INFO] Sucessfully loaded MLPerf log from closed/FuriosaAI/results/warboy_intel/ssd-mobilenet/Offline/accuracy/mlperf_log_detail.txt.
[2021-08-14 03:20:36,571 submission-checker.py:1134 ERROR] closed/FuriosaAI/results/warboy_intel/ssd-mobilenet/Offline/performance/run_1 has file list mismatch (['accuracy.txt'])
[2021-08-14 03:20:36,572 log_parser.py:50 INFO] Sucessfully loaded MLPerf log from closed/FuriosaAI/results/warboy_intel/ssd-mobilenet/Offline/performance/run_1/mlperf_log_detail.txt.
[2021-08-14 03:20:36,573 log_parser.py:50 INFO] Sucessfully loaded MLPerf log from closed/FuriosaAI/results/warboy_intel/ssd-mobilenet/Offline/performance/run_1/mlperf_log_detail.txt.
[2021-08-14 03:20:36,574 submission-checker.py:1298 INFO] closed/FuriosaAI/compliance/warboy_intel/ssd-mobilenet/Offline/TEST04-A/performance/run_1 has file list mismatch (['accuracy.txt'])
[2021-08-14 03:20:36,585 log_parser.py:50 INFO] Sucessfully loaded MLPerf log from closed/FuriosaAI/results/warboy_intel/ssd-resnet34/SingleStream/accuracy/mlperf_log_detail.txt.
[2021-08-14 03:20:36,586 submission-checker.py:1134 ERROR] closed/FuriosaAI/results/warboy_intel/ssd-resnet34/SingleStream/performance/run_1 has file list mismatch (['accuracy.txt'])
[2021-08-14 03:20:36,588 log_parser.py:50 INFO] Sucessfully loaded MLPerf log from closed/FuriosaAI/results/warboy_intel/ssd-resnet34/SingleStream/performance/run_1/mlperf_log_detail.txt.
[2021-08-14 03:20:36,589 log_parser.py:50 INFO] Sucessfully loaded MLPerf log from closed/FuriosaAI/results/warboy_intel/ssd-resnet34/SingleStream/performance/run_1/mlperf_log_detail.txt.
[2021-08-14 03:20:36,601 log_parser.py:50 INFO] Sucessfully loaded MLPerf log from closed/FuriosaAI/results/warboy_intel/ssd-resnet34/Offline/accuracy/mlperf_log_detail.txt.
[2021-08-14 03:20:36,602 submission-checker.py:1134 ERROR] closed/FuriosaAI/results/warboy_intel/ssd-resnet34/Offline/performance/run_1 has file list mismatch (['accuracy.txt'])
[2021-08-14 03:20:36,604 log_parser.py:50 INFO] Sucessfully loaded MLPerf log from closed/FuriosaAI/results/warboy_intel/ssd-resnet34/Offline/performance/run_1/mlperf_log_detail.txt.
[2021-08-14 03:20:36,605 log_parser.py:50 INFO] Sucessfully loaded MLPerf log from closed/FuriosaAI/results/warboy_intel/ssd-resnet34/Offline/performance/run_1/mlperf_log_detail.txt.
[2021-08-14 03:20:36,607 submission-checker.py:988 ERROR] invalid division in input dir .idea
[2021-08-14 03:20:36,607 submission-checker.py:1368 INFO] ---
[2021-08-14 03:20:36,607 submission-checker.py:1372 INFO] Results closed/FuriosaAI/results/warboy_intel/resnet50/Offline 2634.18
[2021-08-14 03:20:36,607 submission-checker.py:1372 INFO] Results closed/FuriosaAI/results/warboy_intel/resnet50/SingleStream 0.742702
[2021-08-14 03:20:36,607 submission-checker.py:1372 INFO] Results closed/FuriosaAI/results/warboy_intel/ssd-mobilenet/Offline 4122.14
[2021-08-14 03:20:36,607 submission-checker.py:1372 INFO] Results closed/FuriosaAI/results/warboy_intel/ssd-mobilenet/SingleStream 0.422171
[2021-08-14 03:20:36,607 submission-checker.py:1372 INFO] Results closed/FuriosaAI/results/warboy_intel/ssd-resnet34/Offline 73.8514
[2021-08-14 03:20:36,607 submission-checker.py:1372 INFO] Results closed/FuriosaAI/results/warboy_intel/ssd-resnet34/SingleStream 13.617248
[2021-08-14 03:20:36,607 submission-checker.py:1374 INFO] ---
[2021-08-14 03:20:36,607 submission-checker.py:1380 INFO] ---
[2021-08-14 03:20:36,608 submission-checker.py:1381 INFO] Results=6, NoResults=0
[2021-08-14 03:20:36,608 submission-checker.py:1386 INFO] SUMMARY: submission looks OK
