client 2021-08-13 07:55:28,950 [INFO] Sending command to the server: 'mlcommons/power client v3'
client 2021-08-13 07:55:28,952 [INFO] Got response: 'mlcommons/power server v3'
client 2021-08-13 07:55:28,952 [INFO] Sending command to the server: 'stop'
client 2021-08-13 07:55:28,954 [INFO] Got response: 'OK'
client 2021-08-13 07:55:28,954 [INFO] Synchronizing with the server and with 100.64.0.18...
client 2021-08-13 07:55:28,958 [INFO] NTP:offset = -0.001 s, delay = 0.001 s 
client 2021-08-13 07:55:28,959 [INFO] Sending command to the server: 'time'
client 2021-08-13 07:55:28,961 [INFO] Got response: '1628841328.868297'
client 2021-08-13 07:55:28,961 [INFO] The time difference between the client and the server is within range 90.829 ms..92.915 ms
client 2021-08-13 07:55:28,961 [INFO] Sending command to the server: 'new,,1d02b8cb-bedb-4647-a69c-532af6a86faf'
client 2021-08-13 07:55:28,964 [INFO] Got response: 'OK 2021-08-13_07-55-28,e37ba9f3-0e08-49df-b7e1-c3836be782f0'
client 2021-08-13 07:55:28,964 [INFO] Session id is '2021-08-13_07-55-28'
client 2021-08-13 07:55:28,964 [INFO] Sources: {"sources": {"__init__.py": "da39a3ee5e6b4b0d3255bfef95601890afd80709", "client.py": "33ca4f26368777ac06e01f9567b714a4b8063886", "lib/__init__.py": "da39a3ee5e6b4b0d3255bfef95601890afd80709", "lib/client.py": "4c2b78fb4849a7e5b584ef792d82aaed20b17f57", "lib/common.py": "624d0c0acc7c39aaff3674f0b99d6a09da53d1dc", "lib/external/__init__.py": "da39a3ee5e6b4b0d3255bfef95601890afd80709", "lib/external/ntplib.py": "4da8f970656505a40483206ef2b5d3dd5e81711d", "lib/server.py": "59c9fb92908260d3e9f81a895c7aa009742275e4", "lib/source_hashes.py": "60a2e02193209e8d392803326208d5466342da18", "lib/summary.py": "aa92f0a3f975eecd44d3c0cd0236342ccc9f941d", "lib/time_sync.py": "3210db56eb0ff0df57bf4293dc4d4b03fffd46f1", "server.py": "c3f90f2f7eeb4db30727556d0c815ebc89b3d28b", "tests/unit/__init__.py": "da39a3ee5e6b4b0d3255bfef95601890afd80709", "tests/unit/test_server.py": "99ae15aef722f2000ee6ed1ae1523637bf1ae42b", "tests/unit/test_source_hashes.py": "00468a2907583c593e6574a1f6b404e4651c221a"}, "modules": {"ptd_client_server.lib.client": "lib/client.py", "ptd_client_server.lib.common": "lib/common.py", "ptd_client_server.lib.external.ntplib": "lib/external/ntplib.py", "ptd_client_server.lib.source_hashes": "lib/source_hashes.py", "ptd_client_server.lib.summary": "lib/summary.py", "ptd_client_server.lib.time_sync": "lib/time_sync.py"}}
client 2021-08-13 07:55:28,964 [INFO] Running workload in ranging mode
client 2021-08-13 07:55:28,964 [INFO] Synchronizing with the server and with 100.64.0.18...
client 2021-08-13 07:55:28,966 [INFO] NTP:offset = -0.001 s, delay = 0.001 s 
client 2021-08-13 07:55:28,966 [INFO] Sending command to the server: 'time'
client 2021-08-13 07:55:28,968 [INFO] Got response: '1628841328.883919'
client 2021-08-13 07:55:28,968 [INFO] The time difference between the client and the server is within range 82.914 ms..85.038 ms
client 2021-08-13 07:55:28,969 [INFO] Sending command to the server: 'session,2021-08-13_07-55-28,start,ranging'
client 2021-08-13 07:55:52,863 [INFO] Got response: 'OK'
client 2021-08-13 07:55:52,863 [INFO] Running the workload 'LOG_DIR=/work/build/power_logs_temp python3 code/main.py --benchmarks=ssd-resnet34 --scenarios=SingleStream --config_ver=maxq--test_mode=PerformanceOnly --action="run_harness" \\\n\t\t&& if [ ! -d /work/build/power_logs/2021.08.13-07.55.24/ranging_tmp ]; \\\n\t\t\tthen mkdir /work/build/power_logs/2021.08.13-07.55.24/ranging_tmp \\\n\t\t\t\t&& mv /work/build/power_logs_temp/* /work/build/power_logs/2021.08.13-07.55.24/ranging_tmp/ \\\n\t\t\t\t&& cp -v /work/build/power_logs/2021.08.13-07.55.24/ranging_tmp/*/*/*/mlperf_log_detail.txt /work/build/power_logs_temp/ \\\n\t\t\t\t&& cp -v /work/build/power_logs/2021.08.13-07.55.24/ranging_tmp/*/*/*/mlperf_log_summary.txt /work/build/power_logs_temp/; \\\n\t\t\telse mkdir /work/build/power_logs/2021.08.13-07.55.24/testing_tmp \\\n\t\t\t\t&& mv /work/build/power_logs_temp/* /work/build/power_logs/2021.08.13-07.55.24/testing_tmp/ \\\n\t\t\t\t&& cp -v /work/build/power_logs/2021.08.13-07.55.24/testing_tmp/*/*/*/mlperf_log_detail.txt /work/build/power_logs_temp/ \\\n\t\t\t\t&& cp -v /work/build/power_logs/2021.08.13-07.55.24/testing_tmp/*/*/*/mlperf_log_summary.txt /work/build/power_logs_temp/; fi'
client 2021-08-13 08:06:02,841 [INFO] Sending command to the server: 'session,2021-08-13_07-55-28,stop,ranging'
client 2021-08-13 08:06:12,887 [INFO] Got response: 'OK'
client 2021-08-13 08:06:12,896 [INFO] Copying loadgen logs from '/work/build/power_logs_temp' to '/work/build/power_logs/2021.08.13-07.55.24/2021-08-13_07-55-28/ranging'
client 2021-08-13 08:06:12,897 [INFO] Running workload in testing mode
client 2021-08-13 08:06:12,897 [INFO] Synchronizing with the server and with 100.64.0.18...
client 2021-08-13 08:06:12,899 [INFO] NTP:offset = -0.001 s, delay = 0.001 s 
client 2021-08-13 08:06:12,899 [INFO] Sending command to the server: 'time'
client 2021-08-13 08:06:12,901 [INFO] Got response: '1628841972.8093352'
client 2021-08-13 08:06:12,901 [INFO] The time difference between the client and the server is within range 90.524 ms..92.183 ms
client 2021-08-13 08:06:12,901 [INFO] Sending command to the server: 'session,2021-08-13_07-55-28,start,testing'
client 2021-08-13 08:06:25,950 [INFO] Got response: 'OK'
client 2021-08-13 08:06:25,950 [INFO] Running the workload 'LOG_DIR=/work/build/power_logs_temp python3 code/main.py --benchmarks=ssd-resnet34 --scenarios=SingleStream --config_ver=maxq--test_mode=PerformanceOnly --action="run_harness" \\\n\t\t&& if [ ! -d /work/build/power_logs/2021.08.13-07.55.24/ranging_tmp ]; \\\n\t\t\tthen mkdir /work/build/power_logs/2021.08.13-07.55.24/ranging_tmp \\\n\t\t\t\t&& mv /work/build/power_logs_temp/* /work/build/power_logs/2021.08.13-07.55.24/ranging_tmp/ \\\n\t\t\t\t&& cp -v /work/build/power_logs/2021.08.13-07.55.24/ranging_tmp/*/*/*/mlperf_log_detail.txt /work/build/power_logs_temp/ \\\n\t\t\t\t&& cp -v /work/build/power_logs/2021.08.13-07.55.24/ranging_tmp/*/*/*/mlperf_log_summary.txt /work/build/power_logs_temp/; \\\n\t\t\telse mkdir /work/build/power_logs/2021.08.13-07.55.24/testing_tmp \\\n\t\t\t\t&& mv /work/build/power_logs_temp/* /work/build/power_logs/2021.08.13-07.55.24/testing_tmp/ \\\n\t\t\t\t&& cp -v /work/build/power_logs/2021.08.13-07.55.24/testing_tmp/*/*/*/mlperf_log_detail.txt /work/build/power_logs_temp/ \\\n\t\t\t\t&& cp -v /work/build/power_logs/2021.08.13-07.55.24/testing_tmp/*/*/*/mlperf_log_summary.txt /work/build/power_logs_temp/; fi'
client 2021-08-13 08:16:35,932 [INFO] Sending command to the server: 'session,2021-08-13_07-55-28,stop,testing'
client 2021-08-13 08:16:45,953 [INFO] Got response: 'OK'
client 2021-08-13 08:16:45,954 [INFO] Copying loadgen logs from '/work/build/power_logs_temp' to '/work/build/power_logs/2021.08.13-07.55.24/2021-08-13_07-55-28/run_1'
client 2021-08-13 08:16:45,955 [INFO] Done runs
