ptd-server 2021-08-13 07:55:28,868 [INFO] Got command from the client 'stop'
ptd-server 2021-08-13 07:55:28,868 [INFO] The server will be stopped after processing this client
ptd-server 2021-08-13 07:55:28,868 [INFO] Sending reply to client 'OK'
ptd-server 2021-08-13 07:55:28,868 [INFO] Got command from the client 'time'
ptd-server 2021-08-13 07:55:28,868 [INFO] Sending reply to client '1628841328.868297'
ptd-server 2021-08-13 07:55:28,868 [INFO] Got command from the client 'new,,1d02b8cb-bedb-4647-a69c-532af6a86faf'
ptd-server 2021-08-13 07:55:28,868 [INFO] Sending reply to client 'OK 2021-08-13_07-55-28,e37ba9f3-0e08-49df-b7e1-c3836be782f0'
ptd-server 2021-08-13 07:55:28,868 [INFO] Got command from the client 'time'
ptd-server 2021-08-13 07:55:28,883 [INFO] Sending reply to client '1628841328.883919'
ptd-server 2021-08-13 07:55:28,883 [INFO] Got command from the client 'session,2021-08-13_07-55-28,start,ranging'
ptd-server 2021-08-13 07:55:28,993 [INFO] Running PTDaemon: ['.\\ptd-windows-x86.exe', '-l', 'C:\\Users\\root\\AppData\\Local\\Temp\\tmpgv02ghvu\\ptd_logfile.txt', '-p', '8888', '-g', '8', '1']
ptd-server 2021-08-13 07:55:41,721 [INFO] Sending to ptd: 'Hello'
ptd-server 2021-08-13 07:55:41,721 [INFO] Reply from ptd: 'Hello, PTDaemon here!'
ptd-server 2021-08-13 07:55:41,721 [INFO] Sending to ptd: 'Identify'
ptd-server 2021-08-13 07:55:41,721 [INFO] Reply from ptd: 'YokogawaWT210,1000,1,1,1,1,0,0,1,version=1.9.2-3976349f-20201208,OS=Windows 8 / Server 2012,mode=power,1,1,1,0,0,no_cal_date,YOKOGAWA;760401;0;F1.12'
ptd-server 2021-08-13 07:55:41,721 [INFO] Connected to PTDaemon
ptd-server 2021-08-13 07:55:41,721 [INFO] Sending to ptd: 'RR'
ptd-server 2021-08-13 07:55:41,721 [INFO] Reply from ptd: 'Ranges,0,5.000000,0,150.000000'
ptd-server 2021-08-13 07:55:41,721 [INFO] Initial range for Amps is 5.000000 for Volts is 150.000000
ptd-server 2021-08-13 07:55:41,721 [INFO] Sending to ptd: 'SR,V,Auto'
ptd-server 2021-08-13 07:55:42,253 [INFO] Reply from ptd: 'Range V changed'
ptd-server 2021-08-13 07:55:42,253 [INFO] Sending to ptd: 'SR,A,Auto'
ptd-server 2021-08-13 07:55:42,773 [INFO] Reply from ptd: 'Range A changed'
ptd-server 2021-08-13 07:55:52,775 [INFO] Starting ranging mode
ptd-server 2021-08-13 07:55:52,775 [INFO] Sending to ptd: 'Go,1000,0,2021-08-13_07-55-28_ranging'
ptd-server 2021-08-13 07:55:52,775 [INFO] Reply from ptd: 'Starting untimed measurement, maximum 500000 samples at 1000ms with 0 rampup samples'
ptd-server 2021-08-13 07:55:52,775 [INFO] Sending reply to client 'OK'
ptd-server 2021-08-13 08:06:02,740 [INFO] Got command from the client 'session,2021-08-13_07-55-28,stop,ranging'
ptd-server 2021-08-13 08:06:12,762 [INFO] Sending to ptd: 'Stop'
ptd-server 2021-08-13 08:06:12,762 [INFO] Reply from ptd: 'Stopping untimed measurement'
ptd-server 2021-08-13 08:06:12,793 [INFO] Sending reply to client 'OK'
ptd-server 2021-08-13 08:06:12,809 [INFO] Got command from the client 'time'
ptd-server 2021-08-13 08:06:12,809 [INFO] Sending reply to client '1628841972.8093352'
ptd-server 2021-08-13 08:06:12,809 [INFO] Got command from the client 'session,2021-08-13_07-55-28,start,testing'
ptd-server 2021-08-13 08:06:12,809 [INFO] Sending to ptd: 'SR,V,120.180000'
ptd-server 2021-08-13 08:06:14,331 [INFO] Reply from ptd: 'Range V changed'
ptd-server 2021-08-13 08:06:14,331 [INFO] Sending to ptd: 'SR,A,3.364800'
ptd-server 2021-08-13 08:06:15,856 [INFO] Reply from ptd: 'Range A changed'
ptd-server 2021-08-13 08:06:25,860 [INFO] Starting testing mode
ptd-server 2021-08-13 08:06:25,860 [INFO] Sending to ptd: 'Go,1000,0,2021-08-13_07-55-28_testing'
ptd-server 2021-08-13 08:06:25,860 [INFO] Reply from ptd: 'Starting untimed measurement, maximum 500000 samples at 1000ms with 0 rampup samples'
ptd-server 2021-08-13 08:06:25,860 [INFO] Sending reply to client 'OK'
ptd-server 2021-08-13 08:16:35,831 [INFO] Got command from the client 'session,2021-08-13_07-55-28,stop,testing'
ptd-server 2021-08-13 08:16:45,831 [INFO] Sending to ptd: 'Stop'
ptd-server 2021-08-13 08:16:45,831 [INFO] Reply from ptd: 'Stopping untimed measurement'
ptd-server 2021-08-13 08:16:45,863 [INFO] Sending reply to client 'OK'
ptd-server 2021-08-13 08:16:45,863 [INFO] Got command from the client 'session,2021-08-13_07-55-28,done'
ptd-server 2021-08-13 08:16:45,863 [INFO] Sending to ptd: 'Stop'
ptd-server 2021-08-13 08:16:45,878 [INFO] Reply from ptd: 'Error: no measurement to stop'
ptd-server 2021-08-13 08:16:45,878 [INFO] Sending to ptd: 'SR,V,150.000000'
ptd-server 2021-08-13 08:16:47,390 [INFO] Reply from ptd: 'Range V changed'
ptd-server 2021-08-13 08:16:47,390 [INFO] Sending to ptd: 'SR,A,5.000000'
ptd-server 2021-08-13 08:16:48,915 [INFO] Reply from ptd: 'Range A changed'
ptd-server 2021-08-13 08:16:48,915 [INFO] Set initial values for Amps 5.000000 and Volts 150.000000
ptd-server 2021-08-13 08:16:48,915 [INFO] Stopping ptd...
