ptd-server 2021-08-08 11:12:43,154 [INFO] Got command from the client 'time'
ptd-server 2021-08-08 11:12:43,154 [INFO] Sending reply to client '1628417563.1548002'
ptd-server 2021-08-08 11:12:43,156 [INFO] Got command from the client 'new,,249baedc-7baa-4c70-b14a-0c16d363b6d4'
ptd-server 2021-08-08 11:12:43,156 [INFO] Sending reply to client 'OK 2021-08-08_11-12-43,1292f1a5-20bd-454e-a5b2-1f1d4aa4921e'
ptd-server 2021-08-08 11:12:43,194 [INFO] Got command from the client 'time'
ptd-server 2021-08-08 11:12:43,194 [INFO] Sending reply to client '1628417563.1943274'
ptd-server 2021-08-08 11:12:43,196 [INFO] Got command from the client 'session,2021-08-08_11-12-43,start,ranging'
ptd-server 2021-08-08 11:12:43,196 [INFO] Running PTDaemon: ['/home/anton/projects/mlperf/power/inference_v1.0/ptd-linux-x86', '-l', '/tmp/tmpr3iqmcco/ptd_logfile.txt', '-p', '8888', '49', '/dev/usbtmc0']
ptd-server 2021-08-08 11:13:00,369 [INFO] Sending to ptd: 'Hello'
ptd-server 2021-08-08 11:13:00,370 [INFO] Reply from ptd: 'Hello, PTDaemon here!'
ptd-server 2021-08-08 11:13:00,370 [INFO] Sending to ptd: 'Identify'
ptd-server 2021-08-08 11:13:00,370 [INFO] Reply from ptd: 'YokogawaWT310E,1000,1,1,1,1,0,1,1,version=1.9.2-e8c7a49a-20201208,OS=Linux 5.8.0-63-generic #71~20.04.1-Ubuntu SMP Thu Jul 15 17:46:08 UTC 2021 x86_64,mode=power,1,1,1,0,0,no_cal_date,YOKOGAWA;WT310E;C3XA04010E;F1.04'
ptd-server 2021-08-08 11:13:00,371 [INFO] Connected to PTDaemon
ptd-server 2021-08-08 11:13:00,371 [INFO] Sending to ptd: 'RR'
ptd-server 2021-08-08 11:13:00,371 [INFO] Reply from ptd: 'Ranges,0,0.500000,0,300.000000'
ptd-server 2021-08-08 11:13:00,371 [INFO] Initial range for Amps is 0.500000 for Volts is 300.000000
ptd-server 2021-08-08 11:13:00,371 [INFO] Sending to ptd: 'SR,V,Auto'
ptd-server 2021-08-08 11:13:00,874 [INFO] Reply from ptd: 'Range V changed'
ptd-server 2021-08-08 11:13:00,874 [INFO] Sending to ptd: 'SR,A,Auto'
ptd-server 2021-08-08 11:13:01,376 [INFO] Reply from ptd: 'Range A changed'
ptd-server 2021-08-08 11:13:11,387 [INFO] Starting ranging mode
ptd-server 2021-08-08 11:13:11,387 [INFO] Sending to ptd: 'Go,1000,0,2021-08-08_11-12-43_ranging'
ptd-server 2021-08-08 11:13:11,387 [INFO] Reply from ptd: 'Starting untimed measurement, maximum 500000 samples at 1000ms with 0 rampup samples'
ptd-server 2021-08-08 11:13:11,387 [INFO] Sending reply to client 'OK'
ptd-server 2021-08-08 11:23:31,270 [INFO] Got command from the client 'session,2021-08-08_11-12-43,stop,ranging'
ptd-server 2021-08-08 11:23:41,280 [INFO] Sending to ptd: 'Stop'
ptd-server 2021-08-08 11:23:41,281 [INFO] Reply from ptd: 'Stopping untimed measurement'
ptd-server 2021-08-08 11:23:41,421 [INFO] Sending reply to client 'OK'
ptd-server 2021-08-08 11:23:41,481 [INFO] Got command from the client 'time'
ptd-server 2021-08-08 11:23:41,481 [INFO] Sending reply to client '1628418221.4813957'
ptd-server 2021-08-08 11:23:41,483 [INFO] Got command from the client 'session,2021-08-08_11-12-43,start,testing'
ptd-server 2021-08-08 11:23:41,483 [INFO] Sending to ptd: 'SR,V,248.850000'
ptd-server 2021-08-08 11:23:42,985 [INFO] Reply from ptd: 'Range V changed'
ptd-server 2021-08-08 11:23:42,985 [INFO] Sending to ptd: 'SR,A,0.212130'
ptd-server 2021-08-08 11:23:44,486 [INFO] Reply from ptd: 'Range A changed'
ptd-server 2021-08-08 11:23:54,497 [INFO] Starting testing mode
ptd-server 2021-08-08 11:23:54,497 [INFO] Sending to ptd: 'Go,1000,0,2021-08-08_11-12-43_testing'
ptd-server 2021-08-08 11:23:54,497 [INFO] Reply from ptd: 'Starting untimed measurement, maximum 500000 samples at 1000ms with 0 rampup samples'
ptd-server 2021-08-08 11:23:54,498 [INFO] Sending reply to client 'OK'
ptd-server 2021-08-08 11:34:13,933 [INFO] Got command from the client 'session,2021-08-08_11-12-43,stop,testing'
ptd-server 2021-08-08 11:34:23,944 [INFO] Sending to ptd: 'Stop'
ptd-server 2021-08-08 11:34:23,944 [INFO] Reply from ptd: 'Stopping untimed measurement'
ptd-server 2021-08-08 11:34:24,016 [INFO] Sending reply to client 'OK'
ptd-server 2021-08-08 11:34:24,035 [INFO] Got command from the client 'session,2021-08-08_11-12-43,done'
ptd-server 2021-08-08 11:34:24,036 [INFO] Sending to ptd: 'Stop'
ptd-server 2021-08-08 11:34:24,497 [INFO] Reply from ptd: 'Error: no measurement to stop'
ptd-server 2021-08-08 11:34:24,497 [INFO] Sending to ptd: 'SR,V,300.000000'
ptd-server 2021-08-08 11:34:25,998 [INFO] Reply from ptd: 'Range V changed'
ptd-server 2021-08-08 11:34:25,999 [INFO] Sending to ptd: 'SR,A,0.500000'
ptd-server 2021-08-08 11:34:27,500 [INFO] Reply from ptd: 'Range A changed'
ptd-server 2021-08-08 11:34:27,500 [INFO] Set initial values for Amps 0.500000 and Volts 300.000000
ptd-server 2021-08-08 11:34:27,500 [INFO] Stopping ptd...
