ptd-server 2021-08-10 21:01:17,070 [INFO] Got command from the client 'time'
ptd-server 2021-08-10 21:01:17,071 [INFO] Sending reply to client '1628647277.0711653'
ptd-server 2021-08-10 21:01:17,072 [INFO] Got command from the client 'new,,11a59144-d940-4134-8a1b-1c8744f3f9f5'
ptd-server 2021-08-10 21:01:17,072 [INFO] Sending reply to client 'OK 2021-08-10_21-01-17,9ccd3caa-7b72-4bed-877c-b3af58976a52'
ptd-server 2021-08-10 21:01:17,158 [INFO] Got command from the client 'time'
ptd-server 2021-08-10 21:01:17,158 [INFO] Sending reply to client '1628647277.1586266'
ptd-server 2021-08-10 21:01:17,159 [INFO] Got command from the client 'session,2021-08-10_21-01-17,start,ranging'
ptd-server 2021-08-10 21:01:17,159 [INFO] Running PTDaemon: ['/local/mnt/workspace/mlcommons/power-main/inference_v1.0/ptd-linux-x86', '-l', '/tmp/tmpgc_or_eg/ptd_logfile.txt', '-p', '8888', '49', '/dev/usbtmc1']
ptd-server 2021-08-10 21:01:34,278 [INFO] Sending to ptd: 'Hello'
ptd-server 2021-08-10 21:01:34,279 [INFO] Reply from ptd: 'Hello, PTDaemon here!'
ptd-server 2021-08-10 21:01:34,280 [INFO] Sending to ptd: 'Identify'
ptd-server 2021-08-10 21:01:34,280 [INFO] Reply from ptd: 'YokogawaWT310E,1000,1,1,1,1,0,1,1,version=1.9.2-e8c7a49a-20201208,OS=Linux 4.15.0-64-generic #73-Ubuntu SMP Thu Sep 12 13:16:13 UTC 2019 x86_64,mode=power,1,1,1,0,0,no_cal_date,YOKOGAWA;WT310E;C2XF16030V;F1.04'
ptd-server 2021-08-10 21:01:34,280 [INFO] Connected to PTDaemon
ptd-server 2021-08-10 21:01:34,281 [INFO] Sending to ptd: 'RR'
ptd-server 2021-08-10 21:01:34,281 [INFO] Reply from ptd: 'Ranges,1,5.000000,1,150.000000'
ptd-server 2021-08-10 21:01:34,281 [INFO] Initial range for Amps is Auto for Volts is Auto
ptd-server 2021-08-10 21:01:34,281 [INFO] Sending to ptd: 'SR,V,Auto'
ptd-server 2021-08-10 21:01:34,785 [INFO] Reply from ptd: 'Range V changed'
ptd-server 2021-08-10 21:01:34,785 [INFO] Sending to ptd: 'SR,A,20'
ptd-server 2021-08-10 21:01:36,287 [INFO] Reply from ptd: 'Range A changed'
ptd-server 2021-08-10 21:01:46,298 [INFO] Starting ranging mode
ptd-server 2021-08-10 21:01:46,298 [INFO] Sending to ptd: 'Go,1000,0,2021-08-10_21-01-17_ranging'
ptd-server 2021-08-10 21:01:46,299 [INFO] Reply from ptd: 'Starting untimed measurement, maximum 500000 samples at 1000ms with 0 rampup samples'
ptd-server 2021-08-10 21:01:46,299 [INFO] Sending reply to client 'OK'
ptd-server 2021-08-10 21:13:11,340 [INFO] Got command from the client 'session,2021-08-10_21-01-17,stop,ranging'
ptd-server 2021-08-10 21:13:21,351 [INFO] Sending to ptd: 'Stop'
ptd-server 2021-08-10 21:13:21,351 [INFO] Reply from ptd: 'Stopping untimed measurement'
ptd-server 2021-08-10 21:13:21,368 [INFO] Sending reply to client 'OK'
ptd-server 2021-08-10 21:13:21,492 [INFO] Got command from the client 'time'
ptd-server 2021-08-10 21:13:21,492 [INFO] Sending reply to client '1628648001.4923356'
ptd-server 2021-08-10 21:13:21,493 [INFO] Got command from the client 'session,2021-08-10_21-01-17,start,testing'
ptd-server 2021-08-10 21:13:21,493 [INFO] Sending to ptd: 'SR,V,120.600000'
ptd-server 2021-08-10 21:13:23,801 [INFO] Reply from ptd: 'Range V changed'
ptd-server 2021-08-10 21:13:23,801 [INFO] Sending to ptd: 'SR,A,5.117000'
ptd-server 2021-08-10 21:13:25,303 [INFO] Reply from ptd: 'Range A changed'
ptd-server 2021-08-10 21:13:35,314 [INFO] Starting testing mode
ptd-server 2021-08-10 21:13:35,314 [INFO] Sending to ptd: 'Go,1000,0,2021-08-10_21-01-17_testing'
ptd-server 2021-08-10 21:13:35,315 [INFO] Reply from ptd: 'Starting untimed measurement, maximum 500000 samples at 1000ms with 0 rampup samples'
ptd-server 2021-08-10 21:13:35,315 [INFO] Sending reply to client 'OK'
ptd-server 2021-08-10 21:25:00,385 [INFO] Got command from the client 'session,2021-08-10_21-01-17,stop,testing'
ptd-server 2021-08-10 21:25:10,395 [INFO] Sending to ptd: 'Stop'
ptd-server 2021-08-10 21:25:10,396 [INFO] Reply from ptd: 'Stopping untimed measurement'
ptd-server 2021-08-10 21:25:10,404 [INFO] Sending reply to client 'OK'
ptd-server 2021-08-10 21:25:10,411 [INFO] Got command from the client 'session,2021-08-10_21-01-17,done'
ptd-server 2021-08-10 21:25:10,411 [INFO] Sending to ptd: 'Stop'
ptd-server 2021-08-10 21:25:11,315 [INFO] Reply from ptd: 'Error: no measurement to stop'
ptd-server 2021-08-10 21:25:11,315 [INFO] Sending to ptd: 'SR,V,Auto'
ptd-server 2021-08-10 21:25:11,818 [INFO] Reply from ptd: 'Range V changed'
ptd-server 2021-08-10 21:25:11,818 [INFO] Sending to ptd: 'SR,A,Auto'
ptd-server 2021-08-10 21:25:12,321 [INFO] Reply from ptd: 'Range A changed'
ptd-server 2021-08-10 21:25:12,322 [INFO] Set initial values for Amps Auto and Volts Auto
ptd-server 2021-08-10 21:25:12,322 [INFO] Stopping ptd...
