ptd-server 2021-08-10 02:56:54,777 [INFO] Got command from the client 'stop'
ptd-server 2021-08-10 02:56:54,777 [INFO] The server will be stopped after processing this client
ptd-server 2021-08-10 02:56:54,777 [INFO] Sending reply to client 'OK'
ptd-server 2021-08-10 02:56:54,980 [INFO] Got command from the client 'set_ntp'
ptd-server 2021-08-10 02:56:54,980 [INFO] Synchronizing with ib-01.dc4-in.nvidia.com time using NTP...
ptd-server 2021-08-10 02:56:56,117 [INFO] Set system time at 2021-08-10 02:56:56.117056
ptd-server 2021-08-10 02:56:56,117 [INFO] Sending reply to client 'OK'
ptd-server 2021-08-10 02:57:04,446 [INFO] Got command from the client 'time'
ptd-server 2021-08-10 02:57:04,446 [INFO] Sending reply to client '1628589424.4469872'
ptd-server 2021-08-10 02:57:04,446 [INFO] Got command from the client 'new,,672a680b-2e7f-4886-b230-8a59f8df5da0'
ptd-server 2021-08-10 02:57:04,446 [INFO] Sending reply to client 'OK 2021-08-10_02-57-04,4a81be27-d878-441d-9bf1-52f808f3aa41'
ptd-server 2021-08-10 02:57:04,653 [INFO] Got command from the client 'time'
ptd-server 2021-08-10 02:57:04,653 [INFO] Sending reply to client '1628589424.6536374'
ptd-server 2021-08-10 02:57:04,653 [INFO] Got command from the client 'session,2021-08-10_02-57-04,start,ranging'
ptd-server 2021-08-10 02:57:04,762 [INFO] Running PTDaemon: ['C:\\PTD\\ptd-windows-x86.exe', '-l', 'C:\\Users\\lab\\AppData\\Local\\Temp\\tmp40u27uwe\\ptd_logfile.txt', '-p', '8888', '-c', '1,3', '-y', '77', '172.22.0.90']
ptd-server 2021-08-10 02:57:24,938 [INFO] Sending to ptd: 'Hello'
ptd-server 2021-08-10 02:57:24,938 [INFO] Reply from ptd: 'Hello, PTDaemon here!'
ptd-server 2021-08-10 02:57:24,938 [INFO] Sending to ptd: 'Identify'
ptd-server 2021-08-10 02:57:24,938 [INFO] Reply from ptd: 'YokogawaWT330_multichannel,1000,1,1,1,1,0,0,1,version=1.9.2-3976349f-20201208,OS=Windows 8 / Server 2012,mode=power,1,1,2,0,0,no_cal_date,YOKOGAWA;WT333E;C2WA21018V;F1.04'
ptd-server 2021-08-10 02:57:24,938 [INFO] Connected to PTDaemon
ptd-server 2021-08-10 02:57:24,938 [INFO] Sending to ptd: 'RR'
ptd-server 2021-08-10 02:57:24,938 [INFO] Reply from ptd: 'Ranges,0,20.000000,1,300.000000'
ptd-server 2021-08-10 02:57:24,938 [INFO] Initial range for Amps is 20.000000 for Volts is Auto
ptd-server 2021-08-10 02:57:24,938 [INFO] Sending to ptd: 'SR,V,Auto'
ptd-server 2021-08-10 02:57:30,010 [INFO] Reply from ptd: 'Range V changed'
ptd-server 2021-08-10 02:57:30,010 [INFO] Sending to ptd: 'SR,A,20'
ptd-server 2021-08-10 02:57:35,595 [INFO] Reply from ptd: 'Range A changed'
ptd-server 2021-08-10 02:57:45,607 [INFO] Starting ranging mode
ptd-server 2021-08-10 02:57:45,607 [INFO] Sending to ptd: 'Go,1000,0,2021-08-10_02-57-04_ranging'
ptd-server 2021-08-10 02:57:45,607 [INFO] Reply from ptd: 'Starting untimed measurement, maximum 500000 samples at 1000ms with 0 rampup samples'
ptd-server 2021-08-10 02:57:45,607 [INFO] Sending reply to client 'OK'
ptd-server 2021-08-10 03:11:40,499 [INFO] Got command from the client 'session,2021-08-10_02-57-04,stop,ranging'
ptd-server 2021-08-10 03:11:50,508 [INFO] Sending to ptd: 'Stop'
ptd-server 2021-08-10 03:11:50,508 [INFO] Reply from ptd: 'Stopping untimed measurement'
ptd-server 2021-08-10 03:11:50,570 [INFO] Sending reply to client 'OK'
ptd-server 2021-08-10 03:11:50,789 [INFO] Got command from the client 'time'
ptd-server 2021-08-10 03:11:50,789 [INFO] Sending reply to client '1628590310.7894626'
ptd-server 2021-08-10 03:11:50,789 [INFO] Got command from the client 'session,2021-08-10_02-57-04,start,testing'
ptd-server 2021-08-10 03:11:50,789 [INFO] Sending to ptd: 'SR,V,234.910000'
ptd-server 2021-08-10 03:11:56,879 [INFO] Reply from ptd: 'Range V changed'
ptd-server 2021-08-10 03:11:56,879 [INFO] Sending to ptd: 'SR,A,4.547000'
ptd-server 2021-08-10 03:12:02,455 [INFO] Reply from ptd: 'Range A changed'
ptd-server 2021-08-10 03:12:12,460 [INFO] Starting testing mode
ptd-server 2021-08-10 03:12:12,460 [INFO] Sending to ptd: 'Go,1000,0,2021-08-10_02-57-04_testing'
ptd-server 2021-08-10 03:12:12,460 [INFO] Reply from ptd: 'Starting untimed measurement, maximum 500000 samples at 1000ms with 0 rampup samples'
ptd-server 2021-08-10 03:12:12,460 [INFO] Sending reply to client 'OK'
ptd-server 2021-08-10 03:26:08,260 [INFO] Got command from the client 'session,2021-08-10_02-57-04,stop,testing'
ptd-server 2021-08-10 03:26:18,277 [INFO] Sending to ptd: 'Stop'
ptd-server 2021-08-10 03:26:18,277 [INFO] Reply from ptd: 'Stopping untimed measurement'
ptd-server 2021-08-10 03:26:18,293 [INFO] Sending reply to client 'OK'
ptd-server 2021-08-10 03:26:18,340 [INFO] Got command from the client 'session,2021-08-10_02-57-04,done'
ptd-server 2021-08-10 03:26:18,340 [INFO] Sending to ptd: 'Stop'
ptd-server 2021-08-10 03:26:18,464 [INFO] Reply from ptd: 'Error: no measurement to stop'
ptd-server 2021-08-10 03:26:18,464 [INFO] Sending to ptd: 'SR,V,Auto'
ptd-server 2021-08-10 03:26:23,529 [INFO] Reply from ptd: 'Range V changed'
ptd-server 2021-08-10 03:26:23,529 [INFO] Sending to ptd: 'SR,A,20.000000'
ptd-server 2021-08-10 03:26:29,111 [INFO] Reply from ptd: 'Range A changed'
ptd-server 2021-08-10 03:26:29,111 [INFO] Set initial values for Amps 20.000000 and Volts Auto
ptd-server 2021-08-10 03:26:29,111 [INFO] Stopping ptd...
