ptd-server 2021-08-01 15:17:35,242 [INFO] Got command from the client 'stop'
ptd-server 2021-08-01 15:17:35,242 [INFO] The server will be stopped after processing this client
ptd-server 2021-08-01 15:17:35,242 [INFO] Sending reply to client 'OK'
ptd-server 2021-08-01 15:17:35,456 [INFO] Got command from the client 'time'
ptd-server 2021-08-01 15:17:35,456 [INFO] Sending reply to client '1627856255.4565806'
ptd-server 2021-08-01 15:17:35,456 [INFO] Got command from the client 'new,,430a1dc4-9c7a-4ee0-befc-b24b17d23811'
ptd-server 2021-08-01 15:17:35,456 [INFO] Sending reply to client 'OK 2021-08-01_15-17-35,0e715be0-6475-434d-999e-c42206f1dca5'
ptd-server 2021-08-01 15:17:35,664 [INFO] Got command from the client 'time'
ptd-server 2021-08-01 15:17:35,664 [INFO] Sending reply to client '1627856255.6646035'
ptd-server 2021-08-01 15:17:35,664 [INFO] Got command from the client 'session,2021-08-01_15-17-35,start,ranging'
ptd-server 2021-08-01 15:17:35,773 [INFO] Running PTDaemon: ['C:\\PTD\\ptd-windows-x86.exe', '-l', 'C:\\Users\\lab\\AppData\\Local\\Temp\\tmpycabh0fm\\ptd_logfile.txt', '-p', '8888', '-c', '1,3', '-y', '77', '10.117.41.199']
ptd-server 2021-08-01 15:17:54,891 [INFO] Sending to ptd: 'Hello'
ptd-server 2021-08-01 15:17:54,891 [INFO] Reply from ptd: 'Hello, PTDaemon here!'
ptd-server 2021-08-01 15:17:54,891 [INFO] Sending to ptd: 'Identify'
ptd-server 2021-08-01 15:17:54,891 [INFO] Reply from ptd: 'YokogawaWT330_multichannel,1000,1,1,1,1,0,0,1,version=1.9.2-3976349f-20201208,OS=Windows 8 / Server 2012,mode=power,1,1,2,0,0,no_cal_date,YOKOGAWA;WT333E;C2WL21011V;F1.04'
ptd-server 2021-08-01 15:17:54,891 [INFO] Connected to PTDaemon
ptd-server 2021-08-01 15:17:54,891 [INFO] Sending to ptd: 'RR'
ptd-server 2021-08-01 15:17:54,891 [INFO] Reply from ptd: 'Ranges,0,20.000000,1,300.000000'
ptd-server 2021-08-01 15:17:54,891 [INFO] Initial range for Amps is 20.000000 for Volts is Auto
ptd-server 2021-08-01 15:17:54,891 [INFO] Sending to ptd: 'SR,V,Auto'
ptd-server 2021-08-01 15:17:59,961 [INFO] Reply from ptd: 'Range V changed'
ptd-server 2021-08-01 15:17:59,961 [INFO] Sending to ptd: 'SR,A,20'
ptd-server 2021-08-01 15:18:05,544 [INFO] Reply from ptd: 'Range A changed'
ptd-server 2021-08-01 15:18:15,555 [INFO] Starting ranging mode
ptd-server 2021-08-01 15:18:15,555 [INFO] Sending to ptd: 'Go,1000,0,2021-08-01_15-17-35_ranging'
ptd-server 2021-08-01 15:18:15,555 [INFO] Reply from ptd: 'Starting untimed measurement, maximum 500000 samples at 1000ms with 0 rampup samples'
ptd-server 2021-08-01 15:18:15,555 [INFO] Sending reply to client 'OK'
ptd-server 2021-08-01 15:30:05,270 [INFO] Got command from the client 'session,2021-08-01_15-17-35,stop,ranging'
ptd-server 2021-08-01 15:30:15,280 [INFO] Sending to ptd: 'Stop'
ptd-server 2021-08-01 15:30:15,280 [INFO] Reply from ptd: 'Stopping untimed measurement'
ptd-server 2021-08-01 15:30:15,311 [INFO] Sending reply to client 'OK'
ptd-server 2021-08-01 15:30:15,563 [INFO] Got command from the client 'time'
ptd-server 2021-08-01 15:30:15,563 [INFO] Sending reply to client '1627857015.5637312'
ptd-server 2021-08-01 15:30:15,563 [INFO] Got command from the client 'session,2021-08-01_15-17-35,start,testing'
ptd-server 2021-08-01 15:30:15,579 [INFO] Sending to ptd: 'SR,V,206.140000'
ptd-server 2021-08-01 15:30:21,657 [INFO] Reply from ptd: 'Range V changed'
ptd-server 2021-08-01 15:30:21,657 [INFO] Sending to ptd: 'SR,A,3.817000'
ptd-server 2021-08-01 15:30:27,250 [INFO] Reply from ptd: 'Range A changed'
ptd-server 2021-08-01 15:30:37,260 [INFO] Starting testing mode
ptd-server 2021-08-01 15:30:37,260 [INFO] Sending to ptd: 'Go,1000,0,2021-08-01_15-17-35_testing'
ptd-server 2021-08-01 15:30:37,260 [INFO] Reply from ptd: 'Starting untimed measurement, maximum 500000 samples at 1000ms with 0 rampup samples'
ptd-server 2021-08-01 15:30:37,260 [INFO] Sending reply to client 'OK'
ptd-server 2021-08-01 15:42:26,130 [INFO] Got command from the client 'session,2021-08-01_15-17-35,stop,testing'
ptd-server 2021-08-01 15:42:36,143 [INFO] Sending to ptd: 'Stop'
ptd-server 2021-08-01 15:42:36,148 [INFO] Reply from ptd: 'Stopping untimed measurement'
ptd-server 2021-08-01 15:42:36,163 [INFO] Sending reply to client 'OK'
ptd-server 2021-08-01 15:42:36,210 [INFO] Got command from the client 'session,2021-08-01_15-17-35,done'
ptd-server 2021-08-01 15:42:36,210 [INFO] Sending to ptd: 'Stop'
ptd-server 2021-08-01 15:42:36,272 [INFO] Reply from ptd: 'Error: no measurement to stop'
ptd-server 2021-08-01 15:42:36,272 [INFO] Sending to ptd: 'SR,V,Auto'
ptd-server 2021-08-01 15:42:41,346 [INFO] Reply from ptd: 'Range V changed'
ptd-server 2021-08-01 15:42:41,346 [INFO] Sending to ptd: 'SR,A,20.000000'
ptd-server 2021-08-01 15:42:46,938 [INFO] Reply from ptd: 'Range A changed'
ptd-server 2021-08-01 15:42:46,938 [INFO] Set initial values for Amps 20.000000 and Volts Auto
ptd-server 2021-08-01 15:42:46,938 [INFO] Stopping ptd...
