client 2021-08-10 23:57:33,788 [INFO] Sending command to the server: 'mlcommons/power client v3'
client 2021-08-10 23:57:33,793 [INFO] Got response: 'mlcommons/power server v3'
client 2021-08-10 23:57:33,793 [INFO] Sending command to the server: 'stop'
client 2021-08-10 23:57:33,795 [INFO] Got response: 'OK'
client 2021-08-10 23:57:33,795 [INFO] Synchronizing with the server and with ib-01.dc4-in.nvidia.com...
client 2021-08-10 23:57:33,999 [INFO] NTP:offset = -5.470 s, delay = 0.201 s 
client 2021-08-10 23:57:33,999 [WARNING] The time offset between the system time and ib-01.dc4-in.nvidia.com is more then 200 ms (-5469.769 ms)
client 2021-08-10 23:57:33,999 [INFO] Sending command to the server: 'set_ntp'
client 2021-08-10 23:57:35,254 [INFO] Got response: 'OK'
client 2021-08-10 23:57:35,254 [INFO] Synchronizing with ib-01.dc4-in.nvidia.com time using NTP...
client 2021-08-10 23:57:37,893 [INFO] Set system time at 2021-08-10 23:57:37.893494
client 2021-08-10 23:57:38,095 [INFO] NTP:offset = 0.000 s, delay = 0.201 s 
client 2021-08-10 23:57:38,095 [INFO] Sending command to the server: 'time'
client 2021-08-10 23:57:38,101 [INFO] Got response: '1628665058.0957544'
client 2021-08-10 23:57:38,101 [INFO] The time difference between the client and the server is within range -0.113 ms..5.771 ms
client 2021-08-10 23:57:38,101 [INFO] Sending command to the server: 'new,,af657e7b-0da5-43cb-9a9a-562c918e3b5b'
client 2021-08-10 23:57:38,103 [INFO] Got response: 'OK 2021-08-10_23-57-38,a2e54dda-7ee1-4ce8-a0d7-c6ff6e33102d'
client 2021-08-10 23:57:38,103 [INFO] Session id is '2021-08-10_23-57-38'
client 2021-08-10 23:57:38,103 [INFO] Sources: {"sources": {"__init__.py": "da39a3ee5e6b4b0d3255bfef95601890afd80709", "client.py": "33ca4f26368777ac06e01f9567b714a4b8063886", "lib/__init__.py": "da39a3ee5e6b4b0d3255bfef95601890afd80709", "lib/client.py": "4c2b78fb4849a7e5b584ef792d82aaed20b17f57", "lib/common.py": "624d0c0acc7c39aaff3674f0b99d6a09da53d1dc", "lib/external/__init__.py": "da39a3ee5e6b4b0d3255bfef95601890afd80709", "lib/external/ntplib.py": "4da8f970656505a40483206ef2b5d3dd5e81711d", "lib/server.py": "24ae49fb193809cf47f2c18b1c9c7c866244be4d", "lib/source_hashes.py": "60a2e02193209e8d392803326208d5466342da18", "lib/summary.py": "aa92f0a3f975eecd44d3c0cd0236342ccc9f941d", "lib/time_sync.py": "3210db56eb0ff0df57bf4293dc4d4b03fffd46f1", "server.py": "c3f90f2f7eeb4db30727556d0c815ebc89b3d28b", "tests/unit/__init__.py": "da39a3ee5e6b4b0d3255bfef95601890afd80709", "tests/unit/test_server.py": "99ae15aef722f2000ee6ed1ae1523637bf1ae42b", "tests/unit/test_source_hashes.py": "00468a2907583c593e6574a1f6b404e4651c221a"}, "modules": {"ptd_client_server.lib.client": "lib/client.py", "ptd_client_server.lib.common": "lib/common.py", "ptd_client_server.lib.external.ntplib": "lib/external/ntplib.py", "ptd_client_server.lib.source_hashes": "lib/source_hashes.py", "ptd_client_server.lib.summary": "lib/summary.py", "ptd_client_server.lib.time_sync": "lib/time_sync.py"}}
client 2021-08-10 23:57:38,104 [INFO] Running workload in ranging mode
client 2021-08-10 23:57:38,104 [INFO] Synchronizing with the server and with ib-01.dc4-in.nvidia.com...
client 2021-08-10 23:57:38,306 [INFO] NTP:offset = 0.000 s, delay = 0.201 s 
client 2021-08-10 23:57:38,306 [INFO] Sending command to the server: 'time'
client 2021-08-10 23:57:38,307 [INFO] Got response: '1628665058.2988193'
client 2021-08-10 23:57:38,307 [INFO] The time difference between the client and the server is within range 7.802 ms..8.852 ms
client 2021-08-10 23:57:38,307 [INFO] Sending command to the server: 'session,2021-08-10_23-57-38,start,ranging'
client 2021-08-10 23:58:19,120 [INFO] Got response: 'OK'
client 2021-08-10 23:58:19,120 [INFO] Running the workload 'LOG_DIR=/home/scratch.mlperf_inf_ci/mlPerf/L2/A100x8_MaxQ-Computelab-A100x8-MaxQ-L2-13-2021-08-11-04-42-08-UTC/mlperf-inference/closed/NVIDIA/build/power_logs_temp python3 code/main.py --benchmarks=bert --scenarios=Server --test_mode=PerformanceOnly --config_ver=maxq_high_accuracy --action="run_harness" \\\n\t\t&& if [ ! -d /home/scratch.mlperf_inf_ci/mlPerf/L2/A100x8_MaxQ-Computelab-A100x8-MaxQ-L2-13-2021-08-11-04-42-08-UTC/mlperf-inference/closed/NVIDIA/build/power_logs/2021.08.10-23.57.22/ranging_tmp ]; \\\n\t\t\tthen mkdir /home/scratch.mlperf_inf_ci/mlPerf/L2/A100x8_MaxQ-Computelab-A100x8-MaxQ-L2-13-2021-08-11-04-42-08-UTC/mlperf-inference/closed/NVIDIA/build/power_logs/2021.08.10-23.57.22/ranging_tmp \\\n\t\t\t\t&& mv /home/scratch.mlperf_inf_ci/mlPerf/L2/A100x8_MaxQ-Computelab-A100x8-MaxQ-L2-13-2021-08-11-04-42-08-UTC/mlperf-inference/closed/NVIDIA/build/power_logs_temp/* /home/scratch.mlperf_inf_ci/mlPerf/L2/A100x8_MaxQ-Computelab-A100x8-MaxQ-L2-13-2021-08-11-04-42-08-UTC/mlperf-inference/closed/NVIDIA/build/power_logs/2021.08.10-23.57.22/ranging_tmp/ \\\n\t\t\t\t&& cp -v /home/scratch.mlperf_inf_ci/mlPerf/L2/A100x8_MaxQ-Computelab-A100x8-MaxQ-L2-13-2021-08-11-04-42-08-UTC/mlperf-inference/closed/NVIDIA/build/power_logs/2021.08.10-23.57.22/ranging_tmp/*/*/*/mlperf_log_detail.txt /home/scratch.mlperf_inf_ci/mlPerf/L2/A100x8_MaxQ-Computelab-A100x8-MaxQ-L2-13-2021-08-11-04-42-08-UTC/mlperf-inference/closed/NVIDIA/build/power_logs_temp/ \\\n\t\t\t\t&& cp -v /home/scratch.mlperf_inf_ci/mlPerf/L2/A100x8_MaxQ-Computelab-A100x8-MaxQ-L2-13-2021-08-11-04-42-08-UTC/mlperf-inference/closed/NVIDIA/build/power_logs/2021.08.10-23.57.22/ranging_tmp/*/*/*/mlperf_log_summary.txt /home/scratch.mlperf_inf_ci/mlPerf/L2/A100x8_MaxQ-Computelab-A100x8-MaxQ-L2-13-2021-08-11-04-42-08-UTC/mlperf-inference/closed/NVIDIA/build/power_logs_temp/; \\\n\t\t\telse mkdir /home/scratch.mlperf_inf_ci/mlPerf/L2/A100x8_MaxQ-Computelab-A100x8-MaxQ-L2-13-2021-08-11-04-42-08-UTC/mlperf-inference/closed/NVIDIA/build/power_logs/2021.08.10-23.57.22/testing_tmp \\\n\t\t\t\t&& mv /home/scratch.mlperf_inf_ci/mlPerf/L2/A100x8_MaxQ-Computelab-A100x8-MaxQ-L2-13-2021-08-11-04-42-08-UTC/mlperf-inference/closed/NVIDIA/build/power_logs_temp/* /home/scratch.mlperf_inf_ci/mlPerf/L2/A100x8_MaxQ-Computelab-A100x8-MaxQ-L2-13-2021-08-11-04-42-08-UTC/mlperf-inference/closed/NVIDIA/build/power_logs/2021.08.10-23.57.22/testing_tmp/ \\\n\t\t\t\t&& cp -v /home/scratch.mlperf_inf_ci/mlPerf/L2/A100x8_MaxQ-Computelab-A100x8-MaxQ-L2-13-2021-08-11-04-42-08-UTC/mlperf-inference/closed/NVIDIA/build/power_logs/2021.08.10-23.57.22/testing_tmp/*/*/*/mlperf_log_detail.txt /home/scratch.mlperf_inf_ci/mlPerf/L2/A100x8_MaxQ-Computelab-A100x8-MaxQ-L2-13-2021-08-11-04-42-08-UTC/mlperf-inference/closed/NVIDIA/build/power_logs_temp/ \\\n\t\t\t\t&& cp -v /home/scratch.mlperf_inf_ci/mlPerf/L2/A100x8_MaxQ-Computelab-A100x8-MaxQ-L2-13-2021-08-11-04-42-08-UTC/mlperf-inference/closed/NVIDIA/build/power_logs/2021.08.10-23.57.22/testing_tmp/*/*/*/mlperf_log_summary.txt /home/scratch.mlperf_inf_ci/mlPerf/L2/A100x8_MaxQ-Computelab-A100x8-MaxQ-L2-13-2021-08-11-04-42-08-UTC/mlperf-inference/closed/NVIDIA/build/power_logs_temp/; fi'
client 2021-08-11 00:09:21,333 [INFO] Sending command to the server: 'session,2021-08-10_23-57-38,stop,ranging'
client 2021-08-11 00:09:31,382 [INFO] Got response: 'OK'
client 2021-08-11 00:09:31,400 [INFO] Copying loadgen logs from '/home/scratch.mlperf_inf_ci/mlPerf/L2/A100x8_MaxQ-Computelab-A100x8-MaxQ-L2-13-2021-08-11-04-42-08-UTC/mlperf-inference/closed/NVIDIA/build/power_logs_temp' to '/home/scratch.mlperf_inf_ci/mlPerf/L2/A100x8_MaxQ-Computelab-A100x8-MaxQ-L2-13-2021-08-11-04-42-08-UTC/mlperf-inference/closed/NVIDIA/build/power_logs/2021.08.10-23.57.22/2021-08-10_23-57-38/ranging'
client 2021-08-11 00:09:31,410 [INFO] Running workload in testing mode
client 2021-08-11 00:09:31,410 [INFO] Synchronizing with the server and with ib-01.dc4-in.nvidia.com...
client 2021-08-11 00:09:31,611 [INFO] NTP:offset = 0.011 s, delay = 0.201 s 
client 2021-08-11 00:09:31,611 [INFO] Sending command to the server: 'time'
client 2021-08-11 00:09:31,613 [INFO] Got response: '1628665771.6300693'
client 2021-08-11 00:09:31,613 [INFO] The time difference between the client and the server is within range -18.219 ms..-16.208 ms
client 2021-08-11 00:09:31,613 [INFO] Sending command to the server: 'session,2021-08-10_23-57-38,start,testing'
client 2021-08-11 00:09:53,789 [INFO] Got response: 'OK'
client 2021-08-11 00:09:53,789 [INFO] Running the workload 'LOG_DIR=/home/scratch.mlperf_inf_ci/mlPerf/L2/A100x8_MaxQ-Computelab-A100x8-MaxQ-L2-13-2021-08-11-04-42-08-UTC/mlperf-inference/closed/NVIDIA/build/power_logs_temp python3 code/main.py --benchmarks=bert --scenarios=Server --test_mode=PerformanceOnly --config_ver=maxq_high_accuracy --action="run_harness" \\\n\t\t&& if [ ! -d /home/scratch.mlperf_inf_ci/mlPerf/L2/A100x8_MaxQ-Computelab-A100x8-MaxQ-L2-13-2021-08-11-04-42-08-UTC/mlperf-inference/closed/NVIDIA/build/power_logs/2021.08.10-23.57.22/ranging_tmp ]; \\\n\t\t\tthen mkdir /home/scratch.mlperf_inf_ci/mlPerf/L2/A100x8_MaxQ-Computelab-A100x8-MaxQ-L2-13-2021-08-11-04-42-08-UTC/mlperf-inference/closed/NVIDIA/build/power_logs/2021.08.10-23.57.22/ranging_tmp \\\n\t\t\t\t&& mv /home/scratch.mlperf_inf_ci/mlPerf/L2/A100x8_MaxQ-Computelab-A100x8-MaxQ-L2-13-2021-08-11-04-42-08-UTC/mlperf-inference/closed/NVIDIA/build/power_logs_temp/* /home/scratch.mlperf_inf_ci/mlPerf/L2/A100x8_MaxQ-Computelab-A100x8-MaxQ-L2-13-2021-08-11-04-42-08-UTC/mlperf-inference/closed/NVIDIA/build/power_logs/2021.08.10-23.57.22/ranging_tmp/ \\\n\t\t\t\t&& cp -v /home/scratch.mlperf_inf_ci/mlPerf/L2/A100x8_MaxQ-Computelab-A100x8-MaxQ-L2-13-2021-08-11-04-42-08-UTC/mlperf-inference/closed/NVIDIA/build/power_logs/2021.08.10-23.57.22/ranging_tmp/*/*/*/mlperf_log_detail.txt /home/scratch.mlperf_inf_ci/mlPerf/L2/A100x8_MaxQ-Computelab-A100x8-MaxQ-L2-13-2021-08-11-04-42-08-UTC/mlperf-inference/closed/NVIDIA/build/power_logs_temp/ \\\n\t\t\t\t&& cp -v /home/scratch.mlperf_inf_ci/mlPerf/L2/A100x8_MaxQ-Computelab-A100x8-MaxQ-L2-13-2021-08-11-04-42-08-UTC/mlperf-inference/closed/NVIDIA/build/power_logs/2021.08.10-23.57.22/ranging_tmp/*/*/*/mlperf_log_summary.txt /home/scratch.mlperf_inf_ci/mlPerf/L2/A100x8_MaxQ-Computelab-A100x8-MaxQ-L2-13-2021-08-11-04-42-08-UTC/mlperf-inference/closed/NVIDIA/build/power_logs_temp/; \\\n\t\t\telse mkdir /home/scratch.mlperf_inf_ci/mlPerf/L2/A100x8_MaxQ-Computelab-A100x8-MaxQ-L2-13-2021-08-11-04-42-08-UTC/mlperf-inference/closed/NVIDIA/build/power_logs/2021.08.10-23.57.22/testing_tmp \\\n\t\t\t\t&& mv /home/scratch.mlperf_inf_ci/mlPerf/L2/A100x8_MaxQ-Computelab-A100x8-MaxQ-L2-13-2021-08-11-04-42-08-UTC/mlperf-inference/closed/NVIDIA/build/power_logs_temp/* /home/scratch.mlperf_inf_ci/mlPerf/L2/A100x8_MaxQ-Computelab-A100x8-MaxQ-L2-13-2021-08-11-04-42-08-UTC/mlperf-inference/closed/NVIDIA/build/power_logs/2021.08.10-23.57.22/testing_tmp/ \\\n\t\t\t\t&& cp -v /home/scratch.mlperf_inf_ci/mlPerf/L2/A100x8_MaxQ-Computelab-A100x8-MaxQ-L2-13-2021-08-11-04-42-08-UTC/mlperf-inference/closed/NVIDIA/build/power_logs/2021.08.10-23.57.22/testing_tmp/*/*/*/mlperf_log_detail.txt /home/scratch.mlperf_inf_ci/mlPerf/L2/A100x8_MaxQ-Computelab-A100x8-MaxQ-L2-13-2021-08-11-04-42-08-UTC/mlperf-inference/closed/NVIDIA/build/power_logs_temp/ \\\n\t\t\t\t&& cp -v /home/scratch.mlperf_inf_ci/mlPerf/L2/A100x8_MaxQ-Computelab-A100x8-MaxQ-L2-13-2021-08-11-04-42-08-UTC/mlperf-inference/closed/NVIDIA/build/power_logs/2021.08.10-23.57.22/testing_tmp/*/*/*/mlperf_log_summary.txt /home/scratch.mlperf_inf_ci/mlPerf/L2/A100x8_MaxQ-Computelab-A100x8-MaxQ-L2-13-2021-08-11-04-42-08-UTC/mlperf-inference/closed/NVIDIA/build/power_logs_temp/; fi'
client 2021-08-11 00:20:53,385 [INFO] Sending command to the server: 'session,2021-08-10_23-57-38,stop,testing'
client 2021-08-11 00:21:03,423 [INFO] Got response: 'OK'
client 2021-08-11 00:21:03,427 [INFO] Copying loadgen logs from '/home/scratch.mlperf_inf_ci/mlPerf/L2/A100x8_MaxQ-Computelab-A100x8-MaxQ-L2-13-2021-08-11-04-42-08-UTC/mlperf-inference/closed/NVIDIA/build/power_logs_temp' to '/home/scratch.mlperf_inf_ci/mlPerf/L2/A100x8_MaxQ-Computelab-A100x8-MaxQ-L2-13-2021-08-11-04-42-08-UTC/mlperf-inference/closed/NVIDIA/build/power_logs/2021.08.10-23.57.22/2021-08-10_23-57-38/run_1'
client 2021-08-11 00:21:03,436 [INFO] Done runs
