ptd-server 2021-08-10 23:57:28,460 [INFO] Got command from the client 'stop'
ptd-server 2021-08-10 23:57:28,460 [INFO] The server will be stopped after processing this client
ptd-server 2021-08-10 23:57:28,460 [INFO] Sending reply to client 'OK'
ptd-server 2021-08-10 23:57:28,679 [INFO] Got command from the client 'set_ntp'
ptd-server 2021-08-10 23:57:28,679 [INFO] Synchronizing with ib-01.dc4-in.nvidia.com time using NTP...
ptd-server 2021-08-10 23:57:29,783 [INFO] Set system time at 2021-08-10 23:57:29.783481
ptd-server 2021-08-10 23:57:29,783 [INFO] Sending reply to client 'OK'
ptd-server 2021-08-10 23:57:38,095 [INFO] Got command from the client 'time'
ptd-server 2021-08-10 23:57:38,095 [INFO] Sending reply to client '1628665058.0957544'
ptd-server 2021-08-10 23:57:38,095 [INFO] Got command from the client 'new,,af657e7b-0da5-43cb-9a9a-562c918e3b5b'
ptd-server 2021-08-10 23:57:38,095 [INFO] Sending reply to client 'OK 2021-08-10_23-57-38,a2e54dda-7ee1-4ce8-a0d7-c6ff6e33102d'
ptd-server 2021-08-10 23:57:38,298 [INFO] Got command from the client 'time'
ptd-server 2021-08-10 23:57:38,298 [INFO] Sending reply to client '1628665058.2988193'
ptd-server 2021-08-10 23:57:38,298 [INFO] Got command from the client 'session,2021-08-10_23-57-38,start,ranging'
ptd-server 2021-08-10 23:57:38,408 [INFO] Running PTDaemon: ['C:\\PTD\\ptd-windows-x86.exe', '-l', 'C:\\Users\\lab\\AppData\\Local\\Temp\\tmpgfe4hvq2\\ptd_logfile.txt', '-p', '8888', '-c', '1,3', '-y', '77', '172.22.0.90']
ptd-server 2021-08-10 23:57:58,439 [INFO] Sending to ptd: 'Hello'
ptd-server 2021-08-10 23:57:58,439 [INFO] Reply from ptd: 'Hello, PTDaemon here!'
ptd-server 2021-08-10 23:57:58,439 [INFO] Sending to ptd: 'Identify'
ptd-server 2021-08-10 23:57:58,439 [INFO] Reply from ptd: 'YokogawaWT330_multichannel,1000,1,1,1,1,0,0,1,version=1.9.2-3976349f-20201208,OS=Windows 8 / Server 2012,mode=power,1,1,2,0,0,no_cal_date,YOKOGAWA;WT333E;C2WA21018V;F1.04'
ptd-server 2021-08-10 23:57:58,439 [INFO] Connected to PTDaemon
ptd-server 2021-08-10 23:57:58,439 [INFO] Sending to ptd: 'RR'
ptd-server 2021-08-10 23:57:58,439 [INFO] Reply from ptd: 'Ranges,0,20.000000,1,300.000000'
ptd-server 2021-08-10 23:57:58,439 [INFO] Initial range for Amps is 20.000000 for Volts is Auto
ptd-server 2021-08-10 23:57:58,439 [INFO] Sending to ptd: 'SR,V,Auto'
ptd-server 2021-08-10 23:58:03,518 [INFO] Reply from ptd: 'Range V changed'
ptd-server 2021-08-10 23:58:03,518 [INFO] Sending to ptd: 'SR,A,20'
ptd-server 2021-08-10 23:58:09,111 [INFO] Reply from ptd: 'Range A changed'
ptd-server 2021-08-10 23:58:19,119 [INFO] Starting ranging mode
ptd-server 2021-08-10 23:58:19,119 [INFO] Sending to ptd: 'Go,1000,0,2021-08-10_23-57-38_ranging'
ptd-server 2021-08-10 23:58:19,119 [INFO] Reply from ptd: 'Starting untimed measurement, maximum 500000 samples at 1000ms with 0 rampup samples'
ptd-server 2021-08-10 23:58:19,119 [INFO] Sending reply to client 'OK'
ptd-server 2021-08-11 00:09:21,350 [INFO] Got command from the client 'session,2021-08-10_23-57-38,stop,ranging'
ptd-server 2021-08-11 00:09:31,364 [INFO] Sending to ptd: 'Stop'
ptd-server 2021-08-11 00:09:31,364 [INFO] Reply from ptd: 'Stopping untimed measurement'
ptd-server 2021-08-11 00:09:31,395 [INFO] Sending reply to client 'OK'
ptd-server 2021-08-11 00:09:31,630 [INFO] Got command from the client 'time'
ptd-server 2021-08-11 00:09:31,630 [INFO] Sending reply to client '1628665771.6300693'
ptd-server 2021-08-11 00:09:31,630 [INFO] Got command from the client 'session,2021-08-10_23-57-38,start,testing'
ptd-server 2021-08-11 00:09:31,630 [INFO] Sending to ptd: 'SR,V,234.400000'
ptd-server 2021-08-11 00:09:38,217 [INFO] Reply from ptd: 'Range V changed'
ptd-server 2021-08-11 00:09:38,217 [INFO] Sending to ptd: 'SR,A,5.203000'
ptd-server 2021-08-11 00:09:43,802 [INFO] Reply from ptd: 'Range A changed'
ptd-server 2021-08-11 00:09:53,802 [INFO] Starting testing mode
ptd-server 2021-08-11 00:09:53,802 [INFO] Sending to ptd: 'Go,1000,0,2021-08-10_23-57-38_testing'
ptd-server 2021-08-11 00:09:53,802 [INFO] Reply from ptd: 'Starting untimed measurement, maximum 500000 samples at 1000ms with 0 rampup samples'
ptd-server 2021-08-11 00:09:53,802 [INFO] Sending reply to client 'OK'
ptd-server 2021-08-11 00:20:53,419 [INFO] Got command from the client 'session,2021-08-10_23-57-38,stop,testing'
ptd-server 2021-08-11 00:21:03,433 [INFO] Sending to ptd: 'Stop'
ptd-server 2021-08-11 00:21:03,433 [INFO] Reply from ptd: 'Stopping untimed measurement'
ptd-server 2021-08-11 00:21:03,448 [INFO] Sending reply to client 'OK'
ptd-server 2021-08-11 00:21:03,480 [INFO] Got command from the client 'session,2021-08-10_23-57-38,done'
ptd-server 2021-08-11 00:21:03,480 [INFO] Sending to ptd: 'Stop'
ptd-server 2021-08-11 00:21:03,804 [INFO] Reply from ptd: 'Error: no measurement to stop'
ptd-server 2021-08-11 00:21:03,804 [INFO] Sending to ptd: 'SR,V,Auto'
ptd-server 2021-08-11 00:21:08,875 [INFO] Reply from ptd: 'Range V changed'
ptd-server 2021-08-11 00:21:08,875 [INFO] Sending to ptd: 'SR,A,20.000000'
ptd-server 2021-08-11 00:21:14,463 [INFO] Reply from ptd: 'Range A changed'
ptd-server 2021-08-11 00:21:14,463 [INFO] Set initial values for Amps 20.000000 and Volts Auto
ptd-server 2021-08-11 00:21:14,463 [INFO] Stopping ptd...
