client 2021-08-13 05:21:53,449 [INFO] Sending command to the server: 'mlcommons/power client v3'
client 2021-08-13 05:21:53,451 [INFO] Got response: 'mlcommons/power server v3'
client 2021-08-13 05:21:53,451 [INFO] Sending command to the server: 'stop'
client 2021-08-13 05:21:53,453 [INFO] Got response: 'OK'
client 2021-08-13 05:21:53,453 [INFO] Synchronizing with the server and with 100.64.0.18...
client 2021-08-13 05:21:53,459 [INFO] NTP:offset = -0.001 s, delay = 0.001 s 
client 2021-08-13 05:21:53,459 [INFO] Sending command to the server: 'time'
client 2021-08-13 05:21:53,461 [INFO] Got response: '1628832113.3961294'
client 2021-08-13 05:21:53,461 [INFO] The time difference between the client and the server is within range 63.244 ms..65.408 ms
client 2021-08-13 05:21:53,461 [INFO] Sending command to the server: 'new,,ae65a3eb-a633-4c70-becf-7ab81cad3cb8'
client 2021-08-13 05:21:53,464 [INFO] Got response: 'OK 2021-08-13_05-21-53,5a4a8c9e-8d80-4686-8a3a-23ad75eb8697'
client 2021-08-13 05:21:53,464 [INFO] Session id is '2021-08-13_05-21-53'
client 2021-08-13 05:21:53,465 [INFO] Sources: {"sources": {"__init__.py": "da39a3ee5e6b4b0d3255bfef95601890afd80709", "client.py": "33ca4f26368777ac06e01f9567b714a4b8063886", "lib/__init__.py": "da39a3ee5e6b4b0d3255bfef95601890afd80709", "lib/client.py": "4c2b78fb4849a7e5b584ef792d82aaed20b17f57", "lib/common.py": "624d0c0acc7c39aaff3674f0b99d6a09da53d1dc", "lib/external/__init__.py": "da39a3ee5e6b4b0d3255bfef95601890afd80709", "lib/external/ntplib.py": "4da8f970656505a40483206ef2b5d3dd5e81711d", "lib/server.py": "59c9fb92908260d3e9f81a895c7aa009742275e4", "lib/source_hashes.py": "60a2e02193209e8d392803326208d5466342da18", "lib/summary.py": "aa92f0a3f975eecd44d3c0cd0236342ccc9f941d", "lib/time_sync.py": "3210db56eb0ff0df57bf4293dc4d4b03fffd46f1", "server.py": "c3f90f2f7eeb4db30727556d0c815ebc89b3d28b", "tests/unit/__init__.py": "da39a3ee5e6b4b0d3255bfef95601890afd80709", "tests/unit/test_server.py": "99ae15aef722f2000ee6ed1ae1523637bf1ae42b", "tests/unit/test_source_hashes.py": "00468a2907583c593e6574a1f6b404e4651c221a"}, "modules": {"ptd_client_server.lib.client": "lib/client.py", "ptd_client_server.lib.common": "lib/common.py", "ptd_client_server.lib.external.ntplib": "lib/external/ntplib.py", "ptd_client_server.lib.source_hashes": "lib/source_hashes.py", "ptd_client_server.lib.summary": "lib/summary.py", "ptd_client_server.lib.time_sync": "lib/time_sync.py"}}
client 2021-08-13 05:21:53,465 [INFO] Running workload in ranging mode
client 2021-08-13 05:21:53,465 [INFO] Synchronizing with the server and with 100.64.0.18...
client 2021-08-13 05:21:53,467 [INFO] NTP:offset = -0.001 s, delay = 0.001 s 
client 2021-08-13 05:21:53,467 [INFO] Sending command to the server: 'time'
client 2021-08-13 05:21:53,469 [INFO] Got response: '1628832113.4117348'
client 2021-08-13 05:21:53,469 [INFO] The time difference between the client and the server is within range 55.834 ms..57.918 ms
client 2021-08-13 05:21:53,469 [INFO] Sending command to the server: 'session,2021-08-13_05-21-53,start,ranging'
client 2021-08-13 05:22:17,358 [INFO] Got response: 'OK'
client 2021-08-13 05:22:17,358 [INFO] Running the workload 'LOG_DIR=/work/build/power_logs_temp python3 code/main.py --benchmarks=3dunet --scenarios=SingleStream --config_ver=maxq_high_accuracy--test_mode=PerformanceOnly --action="run_harness" \\\n\t\t&& if [ ! -d /work/build/power_logs/2021.08.13-05.21.49/ranging_tmp ]; \\\n\t\t\tthen mkdir /work/build/power_logs/2021.08.13-05.21.49/ranging_tmp \\\n\t\t\t\t&& mv /work/build/power_logs_temp/* /work/build/power_logs/2021.08.13-05.21.49/ranging_tmp/ \\\n\t\t\t\t&& cp -v /work/build/power_logs/2021.08.13-05.21.49/ranging_tmp/*/*/*/mlperf_log_detail.txt /work/build/power_logs_temp/ \\\n\t\t\t\t&& cp -v /work/build/power_logs/2021.08.13-05.21.49/ranging_tmp/*/*/*/mlperf_log_summary.txt /work/build/power_logs_temp/; \\\n\t\t\telse mkdir /work/build/power_logs/2021.08.13-05.21.49/testing_tmp \\\n\t\t\t\t&& mv /work/build/power_logs_temp/* /work/build/power_logs/2021.08.13-05.21.49/testing_tmp/ \\\n\t\t\t\t&& cp -v /work/build/power_logs/2021.08.13-05.21.49/testing_tmp/*/*/*/mlperf_log_detail.txt /work/build/power_logs_temp/ \\\n\t\t\t\t&& cp -v /work/build/power_logs/2021.08.13-05.21.49/testing_tmp/*/*/*/mlperf_log_summary.txt /work/build/power_logs_temp/; fi'
client 2021-08-13 05:32:30,090 [INFO] Sending command to the server: 'session,2021-08-13_05-21-53,stop,ranging'
client 2021-08-13 05:32:40,146 [INFO] Got response: 'OK'
client 2021-08-13 05:32:40,155 [INFO] Copying loadgen logs from '/work/build/power_logs_temp' to '/work/build/power_logs/2021.08.13-05.21.49/2021-08-13_05-21-53/ranging'
client 2021-08-13 05:32:40,156 [INFO] Running workload in testing mode
client 2021-08-13 05:32:40,156 [INFO] Synchronizing with the server and with 100.64.0.18...
client 2021-08-13 05:32:40,158 [INFO] NTP:offset = -0.001 s, delay = 0.001 s 
client 2021-08-13 05:32:40,158 [INFO] Sending command to the server: 'time'
client 2021-08-13 05:32:40,160 [INFO] Got response: '1628832760.096816'
client 2021-08-13 05:32:40,160 [INFO] The time difference between the client and the server is within range 61.859 ms..63.733 ms
client 2021-08-13 05:32:40,160 [INFO] Sending command to the server: 'session,2021-08-13_05-21-53,start,testing'
client 2021-08-13 05:32:53,439 [INFO] Got response: 'OK'
client 2021-08-13 05:32:53,439 [INFO] Running the workload 'LOG_DIR=/work/build/power_logs_temp python3 code/main.py --benchmarks=3dunet --scenarios=SingleStream --config_ver=maxq_high_accuracy--test_mode=PerformanceOnly --action="run_harness" \\\n\t\t&& if [ ! -d /work/build/power_logs/2021.08.13-05.21.49/ranging_tmp ]; \\\n\t\t\tthen mkdir /work/build/power_logs/2021.08.13-05.21.49/ranging_tmp \\\n\t\t\t\t&& mv /work/build/power_logs_temp/* /work/build/power_logs/2021.08.13-05.21.49/ranging_tmp/ \\\n\t\t\t\t&& cp -v /work/build/power_logs/2021.08.13-05.21.49/ranging_tmp/*/*/*/mlperf_log_detail.txt /work/build/power_logs_temp/ \\\n\t\t\t\t&& cp -v /work/build/power_logs/2021.08.13-05.21.49/ranging_tmp/*/*/*/mlperf_log_summary.txt /work/build/power_logs_temp/; \\\n\t\t\telse mkdir /work/build/power_logs/2021.08.13-05.21.49/testing_tmp \\\n\t\t\t\t&& mv /work/build/power_logs_temp/* /work/build/power_logs/2021.08.13-05.21.49/testing_tmp/ \\\n\t\t\t\t&& cp -v /work/build/power_logs/2021.08.13-05.21.49/testing_tmp/*/*/*/mlperf_log_detail.txt /work/build/power_logs_temp/ \\\n\t\t\t\t&& cp -v /work/build/power_logs/2021.08.13-05.21.49/testing_tmp/*/*/*/mlperf_log_summary.txt /work/build/power_logs_temp/; fi'
client 2021-08-13 05:43:06,227 [INFO] Sending command to the server: 'session,2021-08-13_05-21-53,stop,testing'
client 2021-08-13 05:43:16,250 [INFO] Got response: 'OK'
client 2021-08-13 05:43:16,252 [INFO] Copying loadgen logs from '/work/build/power_logs_temp' to '/work/build/power_logs/2021.08.13-05.21.49/2021-08-13_05-21-53/run_1'
client 2021-08-13 05:43:16,253 [INFO] Done runs
