client 2021-08-16 16:53:43,065 [INFO] Sending command to the server: 'mlcommons/power client v3'
client 2021-08-16 16:53:43,066 [INFO] Got response: 'mlcommons/power server v3'
client 2021-08-16 16:53:43,066 [INFO] Sending command to the server: 'stop'
client 2021-08-16 16:53:43,067 [INFO] Got response: 'OK'
client 2021-08-16 16:53:43,067 [INFO] Synchronizing with the server and with 192.168.123.123...
client 2021-08-16 16:53:43,069 [INFO] NTP:offset = 0.000 s, delay = 0.000 s 
client 2021-08-16 16:53:43,069 [INFO] Sending command to the server: 'time'
client 2021-08-16 16:53:43,070 [INFO] Got response: '1629132823.0520437'
client 2021-08-16 16:53:43,070 [INFO] The time difference between the client and the server is within range 17.603 ms..18.442 ms
client 2021-08-16 16:53:43,070 [INFO] Sending command to the server: 'new,,de5b2d55-29a8-4feb-a616-a0880f9c162d'
client 2021-08-16 16:53:43,071 [INFO] Got response: 'OK 2021-08-16_16-53-43,9c8c93a2-d3c7-4ef2-bfb0-30681504d901'
client 2021-08-16 16:53:43,071 [INFO] Session id is '2021-08-16_16-53-43'
client 2021-08-16 16:53:43,071 [INFO] Sources: {"sources": {"__init__.py": "da39a3ee5e6b4b0d3255bfef95601890afd80709", "client.py": "33ca4f26368777ac06e01f9567b714a4b8063886", "lib/__init__.py": "da39a3ee5e6b4b0d3255bfef95601890afd80709", "lib/client.py": "4c2b78fb4849a7e5b584ef792d82aaed20b17f57", "lib/common.py": "624d0c0acc7c39aaff3674f0b99d6a09da53d1dc", "lib/external/__init__.py": "da39a3ee5e6b4b0d3255bfef95601890afd80709", "lib/external/ntplib.py": "4da8f970656505a40483206ef2b5d3dd5e81711d", "lib/server.py": "59c9fb92908260d3e9f81a895c7aa009742275e4", "lib/source_hashes.py": "60a2e02193209e8d392803326208d5466342da18", "lib/summary.py": "aa92f0a3f975eecd44d3c0cd0236342ccc9f941d", "lib/time_sync.py": "3210db56eb0ff0df57bf4293dc4d4b03fffd46f1", "server.py": "c3f90f2f7eeb4db30727556d0c815ebc89b3d28b", "tests/unit/__init__.py": "da39a3ee5e6b4b0d3255bfef95601890afd80709", "tests/unit/test_server.py": "99ae15aef722f2000ee6ed1ae1523637bf1ae42b", "tests/unit/test_source_hashes.py": "00468a2907583c593e6574a1f6b404e4651c221a"}, "modules": {"ptd_client_server.lib.client": "lib/client.py", "ptd_client_server.lib.common": "lib/common.py", "ptd_client_server.lib.external.ntplib": "lib/external/ntplib.py", "ptd_client_server.lib.source_hashes": "lib/source_hashes.py", "ptd_client_server.lib.summary": "lib/summary.py", "ptd_client_server.lib.time_sync": "lib/time_sync.py"}}
client 2021-08-16 16:53:43,074 [INFO] Running workload in ranging mode
client 2021-08-16 16:53:43,074 [INFO] Synchronizing with the server and with 192.168.123.123...
client 2021-08-16 16:53:43,076 [INFO] NTP:offset = -0.000 s, delay = 0.000 s 
client 2021-08-16 16:53:43,076 [INFO] Sending command to the server: 'time'
client 2021-08-16 16:53:43,077 [INFO] Got response: '1629132823.0676656'
client 2021-08-16 16:53:43,077 [INFO] The time difference between the client and the server is within range 8.645 ms..9.493 ms
client 2021-08-16 16:53:43,077 [INFO] Sending command to the server: 'session,2021-08-16_16-53-43,start,ranging'
client 2021-08-16 16:54:22,012 [INFO] Got response: 'OK'
client 2021-08-16 16:54:22,012 [INFO] Running the workload 'LOG_DIR=/work/build/power_logs_temp python3 code/main.py --benchmarks=resnet50 --scenarios=Offline --config_ver=maxq --action="run_harness" \\\n\t\t&& if [ ! -d /work/build/power_logs/2021.08.16-16.53.37/ranging_tmp ]; \\\n\t\t\tthen mkdir /work/build/power_logs/2021.08.16-16.53.37/ranging_tmp \\\n\t\t\t\t&& mv /work/build/power_logs_temp/* /work/build/power_logs/2021.08.16-16.53.37/ranging_tmp/ \\\n\t\t\t\t&& cp -v /work/build/power_logs/2021.08.16-16.53.37/ranging_tmp/*/*/*/mlperf_log_detail.txt /work/build/power_logs_temp/ \\\n\t\t\t\t&& cp -v /work/build/power_logs/2021.08.16-16.53.37/ranging_tmp/*/*/*/mlperf_log_summary.txt /work/build/power_logs_temp/; \\\n\t\t\telse mkdir /work/build/power_logs/2021.08.16-16.53.37/testing_tmp \\\n\t\t\t\t&& mv /work/build/power_logs_temp/* /work/build/power_logs/2021.08.16-16.53.37/testing_tmp/ \\\n\t\t\t\t&& cp -v /work/build/power_logs/2021.08.16-16.53.37/testing_tmp/*/*/*/mlperf_log_detail.txt /work/build/power_logs_temp/ \\\n\t\t\t\t&& cp -v /work/build/power_logs/2021.08.16-16.53.37/testing_tmp/*/*/*/mlperf_log_summary.txt /work/build/power_logs_temp/; fi'
client 2021-08-16 17:08:20,648 [INFO] Sending command to the server: 'session,2021-08-16_16-53-43,stop,ranging'
client 2021-08-16 17:08:30,683 [INFO] Got response: 'OK'
client 2021-08-16 17:08:30,735 [INFO] Copying loadgen logs from '/work/build/power_logs_temp' to '/work/build/power_logs/2021.08.16-16.53.37/2021-08-16_16-53-43/ranging'
client 2021-08-16 17:08:30,744 [INFO] Running workload in testing mode
client 2021-08-16 17:08:30,744 [INFO] Synchronizing with the server and with 192.168.123.123...
client 2021-08-16 17:08:30,745 [INFO] NTP:offset = -0.000 s, delay = 0.000 s 
client 2021-08-16 17:08:30,745 [INFO] Sending command to the server: 'time'
client 2021-08-16 17:08:30,746 [INFO] Got response: '1629133710.7021487'
client 2021-08-16 17:08:30,746 [INFO] The time difference between the client and the server is within range 43.477 ms..44.277 ms
client 2021-08-16 17:08:30,746 [INFO] Sending command to the server: 'session,2021-08-16_16-53-43,start,testing'
client 2021-08-16 17:08:52,742 [INFO] Got response: 'OK'
client 2021-08-16 17:08:52,742 [INFO] Running the workload 'LOG_DIR=/work/build/power_logs_temp python3 code/main.py --benchmarks=resnet50 --scenarios=Offline --config_ver=maxq --action="run_harness" \\\n\t\t&& if [ ! -d /work/build/power_logs/2021.08.16-16.53.37/ranging_tmp ]; \\\n\t\t\tthen mkdir /work/build/power_logs/2021.08.16-16.53.37/ranging_tmp \\\n\t\t\t\t&& mv /work/build/power_logs_temp/* /work/build/power_logs/2021.08.16-16.53.37/ranging_tmp/ \\\n\t\t\t\t&& cp -v /work/build/power_logs/2021.08.16-16.53.37/ranging_tmp/*/*/*/mlperf_log_detail.txt /work/build/power_logs_temp/ \\\n\t\t\t\t&& cp -v /work/build/power_logs/2021.08.16-16.53.37/ranging_tmp/*/*/*/mlperf_log_summary.txt /work/build/power_logs_temp/; \\\n\t\t\telse mkdir /work/build/power_logs/2021.08.16-16.53.37/testing_tmp \\\n\t\t\t\t&& mv /work/build/power_logs_temp/* /work/build/power_logs/2021.08.16-16.53.37/testing_tmp/ \\\n\t\t\t\t&& cp -v /work/build/power_logs/2021.08.16-16.53.37/testing_tmp/*/*/*/mlperf_log_detail.txt /work/build/power_logs_temp/ \\\n\t\t\t\t&& cp -v /work/build/power_logs/2021.08.16-16.53.37/testing_tmp/*/*/*/mlperf_log_summary.txt /work/build/power_logs_temp/; fi'
client 2021-08-16 17:22:13,691 [INFO] Sending command to the server: 'session,2021-08-16_16-53-43,stop,testing'
client 2021-08-16 17:22:23,707 [INFO] Got response: 'OK'
client 2021-08-16 17:22:23,710 [INFO] Copying loadgen logs from '/work/build/power_logs_temp' to '/work/build/power_logs/2021.08.16-16.53.37/2021-08-16_16-53-43/run_1'
client 2021-08-16 17:22:23,720 [INFO] Done runs
