ptd-server 2021-08-16 16:53:43,052 [INFO] Got command from the client 'stop'
ptd-server 2021-08-16 16:53:43,052 [INFO] The server will be stopped after processing this client
ptd-server 2021-08-16 16:53:43,052 [INFO] Sending reply to client 'OK'
ptd-server 2021-08-16 16:53:43,052 [INFO] Got command from the client 'time'
ptd-server 2021-08-16 16:53:43,052 [INFO] Sending reply to client '1629132823.0520437'
ptd-server 2021-08-16 16:53:43,052 [INFO] Got command from the client 'new,,de5b2d55-29a8-4feb-a616-a0880f9c162d'
ptd-server 2021-08-16 16:53:43,052 [INFO] Sending reply to client 'OK 2021-08-16_16-53-43,9c8c93a2-d3c7-4ef2-bfb0-30681504d901'
ptd-server 2021-08-16 16:53:43,067 [INFO] Got command from the client 'time'
ptd-server 2021-08-16 16:53:43,067 [INFO] Sending reply to client '1629132823.0676656'
ptd-server 2021-08-16 16:53:43,067 [INFO] Got command from the client 'session,2021-08-16_16-53-43,start,ranging'
ptd-server 2021-08-16 16:53:43,177 [INFO] Running PTDaemon: ['C:\\PTD\\ptd-windows-x86.exe', '-l', 'C:\\Users\\pa\\AppData\\Local\\Temp\\tmpr8u6ertc\\ptd_logfile.txt', '-p', '8888', '-c', '1,2', '-y', '77', 'C2WL21005V']
ptd-server 2021-08-16 16:54:01,338 [INFO] Sending to ptd: 'Hello'
ptd-server 2021-08-16 16:54:01,338 [INFO] Reply from ptd: 'Hello, PTDaemon here!'
ptd-server 2021-08-16 16:54:01,338 [INFO] Sending to ptd: 'Identify'
ptd-server 2021-08-16 16:54:01,338 [INFO] Reply from ptd: 'YokogawaWT330_multichannel,1000,1,1,1,1,0,0,1,version=1.9.2-3976349f-20201208,OS=Windows 8 / Server 2012,mode=power,1,1,2,0,0,no_cal_date,YOKOGAWA;WT333E;C2WL21005V;F1.04'
ptd-server 2021-08-16 16:54:01,338 [INFO] Connected to PTDaemon
ptd-server 2021-08-16 16:54:01,338 [INFO] Sending to ptd: 'RR'
ptd-server 2021-08-16 16:54:01,338 [INFO] Reply from ptd: 'Ranges,-1,-1.000000,-1,-1.000000'
ptd-server 2021-08-16 16:54:01,338 [INFO] Initial range for Amps is Auto for Volts is Auto
ptd-server 2021-08-16 16:54:01,338 [INFO] Sending to ptd: 'SR,V,Auto'
ptd-server 2021-08-16 16:54:06,413 [INFO] Reply from ptd: 'Range V changed'
ptd-server 2021-08-16 16:54:06,413 [INFO] Sending to ptd: 'SR,A,20'
ptd-server 2021-08-16 16:54:11,996 [INFO] Reply from ptd: 'Range A changed'
ptd-server 2021-08-16 16:54:22,003 [INFO] Starting ranging mode
ptd-server 2021-08-16 16:54:22,003 [INFO] Sending to ptd: 'Go,1000,0,2021-08-16_16-53-43_ranging'
ptd-server 2021-08-16 16:54:22,003 [INFO] Reply from ptd: 'Starting untimed measurement, maximum 500000 samples at 1000ms with 0 rampup samples'
ptd-server 2021-08-16 16:54:22,003 [INFO] Sending reply to client 'OK'
ptd-server 2021-08-16 17:08:20,602 [INFO] Got command from the client 'session,2021-08-16_16-53-43,stop,ranging'
ptd-server 2021-08-16 17:08:30,608 [INFO] Sending to ptd: 'Stop'
ptd-server 2021-08-16 17:08:30,608 [INFO] Reply from ptd: 'Stopping untimed measurement'
ptd-server 2021-08-16 17:08:30,639 [INFO] Sending reply to client 'OK'
ptd-server 2021-08-16 17:08:30,702 [INFO] Got command from the client 'time'
ptd-server 2021-08-16 17:08:30,702 [INFO] Sending reply to client '1629133710.7021487'
ptd-server 2021-08-16 17:08:30,702 [INFO] Got command from the client 'session,2021-08-16_16-53-43,start,testing'
ptd-server 2021-08-16 17:08:30,702 [INFO] Sending to ptd: 'SR,V,118.250000'
ptd-server 2021-08-16 17:08:37,107 [INFO] Reply from ptd: 'Range V changed'
ptd-server 2021-08-16 17:08:37,107 [INFO] Sending to ptd: 'SR,A,7.108000'
ptd-server 2021-08-16 17:08:42,695 [INFO] Reply from ptd: 'Range A changed'
ptd-server 2021-08-16 17:08:52,698 [INFO] Starting testing mode
ptd-server 2021-08-16 17:08:52,698 [INFO] Sending to ptd: 'Go,1000,0,2021-08-16_16-53-43_testing'
ptd-server 2021-08-16 17:08:52,698 [INFO] Reply from ptd: 'Starting untimed measurement, maximum 500000 samples at 1000ms with 0 rampup samples'
ptd-server 2021-08-16 17:08:52,698 [INFO] Sending reply to client 'OK'
ptd-server 2021-08-16 17:22:13,611 [INFO] Got command from the client 'session,2021-08-16_16-53-43,stop,testing'
ptd-server 2021-08-16 17:22:23,618 [INFO] Sending to ptd: 'Stop'
ptd-server 2021-08-16 17:22:23,618 [INFO] Reply from ptd: 'Stopping untimed measurement'
ptd-server 2021-08-16 17:22:23,618 [INFO] Sending reply to client 'OK'
ptd-server 2021-08-16 17:22:23,649 [INFO] Got command from the client 'session,2021-08-16_16-53-43,done'
ptd-server 2021-08-16 17:22:23,649 [INFO] Sending to ptd: 'Stop'
ptd-server 2021-08-16 17:22:23,712 [INFO] Reply from ptd: 'Error: no measurement to stop'
ptd-server 2021-08-16 17:22:23,712 [INFO] Sending to ptd: 'SR,V,Auto'
ptd-server 2021-08-16 17:22:28,780 [INFO] Reply from ptd: 'Range V changed'
ptd-server 2021-08-16 17:22:28,780 [INFO] Sending to ptd: 'SR,A,Auto'
ptd-server 2021-08-16 17:22:33,858 [INFO] Reply from ptd: 'Range A changed'
ptd-server 2021-08-16 17:22:33,858 [INFO] Set initial values for Amps Auto and Volts Auto
ptd-server 2021-08-16 17:22:33,858 [INFO] Stopping ptd...
