client 2021-08-12 21:38:50,498 [INFO] Sending command to the server: 'mlcommons/power client v3'
client 2021-08-12 21:38:50,499 [INFO] Got response: 'mlcommons/power server v3'
client 2021-08-12 21:38:50,500 [INFO] Sending command to the server: 'stop'
client 2021-08-12 21:38:50,502 [INFO] Got response: 'OK'
client 2021-08-12 21:38:50,502 [INFO] Synchronizing with the server and with 100.64.0.18...
client 2021-08-12 21:38:50,506 [INFO] NTP:offset = 0.001 s, delay = 0.001 s 
client 2021-08-12 21:38:50,506 [INFO] Sending command to the server: 'time'
client 2021-08-12 21:38:50,508 [INFO] Got response: '1628804330.4420812'
client 2021-08-12 21:38:50,508 [INFO] The time difference between the client and the server is within range 64.463 ms..66.307 ms
client 2021-08-12 21:38:50,508 [INFO] Sending command to the server: 'new,,4d14033b-b618-4ab2-8e83-13a1437d0172'
client 2021-08-12 21:38:50,510 [INFO] Got response: 'OK 2021-08-12_21-38-50,6d11f9f7-bb37-428c-a94a-efa27501d116'
client 2021-08-12 21:38:50,511 [INFO] Session id is '2021-08-12_21-38-50'
client 2021-08-12 21:38:50,511 [INFO] Sources: {"sources": {"__init__.py": "da39a3ee5e6b4b0d3255bfef95601890afd80709", "client.py": "33ca4f26368777ac06e01f9567b714a4b8063886", "lib/__init__.py": "da39a3ee5e6b4b0d3255bfef95601890afd80709", "lib/client.py": "4c2b78fb4849a7e5b584ef792d82aaed20b17f57", "lib/common.py": "624d0c0acc7c39aaff3674f0b99d6a09da53d1dc", "lib/external/__init__.py": "da39a3ee5e6b4b0d3255bfef95601890afd80709", "lib/external/ntplib.py": "4da8f970656505a40483206ef2b5d3dd5e81711d", "lib/server.py": "59c9fb92908260d3e9f81a895c7aa009742275e4", "lib/source_hashes.py": "60a2e02193209e8d392803326208d5466342da18", "lib/summary.py": "aa92f0a3f975eecd44d3c0cd0236342ccc9f941d", "lib/time_sync.py": "3210db56eb0ff0df57bf4293dc4d4b03fffd46f1", "server.py": "c3f90f2f7eeb4db30727556d0c815ebc89b3d28b", "tests/unit/__init__.py": "da39a3ee5e6b4b0d3255bfef95601890afd80709", "tests/unit/test_server.py": "99ae15aef722f2000ee6ed1ae1523637bf1ae42b", "tests/unit/test_source_hashes.py": "00468a2907583c593e6574a1f6b404e4651c221a"}, "modules": {"ptd_client_server.lib.client": "lib/client.py", "ptd_client_server.lib.common": "lib/common.py", "ptd_client_server.lib.external.ntplib": "lib/external/ntplib.py", "ptd_client_server.lib.source_hashes": "lib/source_hashes.py", "ptd_client_server.lib.summary": "lib/summary.py", "ptd_client_server.lib.time_sync": "lib/time_sync.py"}}
client 2021-08-12 21:38:50,511 [INFO] Running workload in ranging mode
client 2021-08-12 21:38:50,511 [INFO] Synchronizing with the server and with 100.64.0.18...
client 2021-08-12 21:38:50,513 [INFO] NTP:offset = 0.001 s, delay = 0.001 s 
client 2021-08-12 21:38:50,513 [INFO] Sending command to the server: 'time'
client 2021-08-12 21:38:50,515 [INFO] Got response: '1628804330.4576676'
client 2021-08-12 21:38:50,515 [INFO] The time difference between the client and the server is within range 55.946 ms..57.817 ms
client 2021-08-12 21:38:50,515 [INFO] Sending command to the server: 'session,2021-08-12_21-38-50,start,ranging'
client 2021-08-12 21:39:14,412 [INFO] Got response: 'OK'
client 2021-08-12 21:39:14,413 [INFO] Running the workload 'LOG_DIR=/work/build/power_logs_temp python3 code/main.py --benchmarks=bert --scenarios=SingleStream --config_ver=maxq--test_mode=PerformanceOnly --action="run_harness" \\\n\t\t&& if [ ! -d /work/build/power_logs/2021.08.12-21.38.44/ranging_tmp ]; \\\n\t\t\tthen mkdir /work/build/power_logs/2021.08.12-21.38.44/ranging_tmp \\\n\t\t\t\t&& mv /work/build/power_logs_temp/* /work/build/power_logs/2021.08.12-21.38.44/ranging_tmp/ \\\n\t\t\t\t&& cp -v /work/build/power_logs/2021.08.12-21.38.44/ranging_tmp/*/*/*/mlperf_log_detail.txt /work/build/power_logs_temp/ \\\n\t\t\t\t&& cp -v /work/build/power_logs/2021.08.12-21.38.44/ranging_tmp/*/*/*/mlperf_log_summary.txt /work/build/power_logs_temp/; \\\n\t\t\telse mkdir /work/build/power_logs/2021.08.12-21.38.44/testing_tmp \\\n\t\t\t\t&& mv /work/build/power_logs_temp/* /work/build/power_logs/2021.08.12-21.38.44/testing_tmp/ \\\n\t\t\t\t&& cp -v /work/build/power_logs/2021.08.12-21.38.44/testing_tmp/*/*/*/mlperf_log_detail.txt /work/build/power_logs_temp/ \\\n\t\t\t\t&& cp -v /work/build/power_logs/2021.08.12-21.38.44/testing_tmp/*/*/*/mlperf_log_summary.txt /work/build/power_logs_temp/; fi'
client 2021-08-12 21:49:24,236 [INFO] Sending command to the server: 'session,2021-08-12_21-38-50,stop,ranging'
client 2021-08-12 21:49:34,287 [INFO] Got response: 'OK'
client 2021-08-12 21:49:34,296 [INFO] Copying loadgen logs from '/work/build/power_logs_temp' to '/work/build/power_logs/2021.08.12-21.38.44/2021-08-12_21-38-50/ranging'
client 2021-08-12 21:49:34,297 [INFO] Running workload in testing mode
client 2021-08-12 21:49:34,297 [INFO] Synchronizing with the server and with 100.64.0.18...
client 2021-08-12 21:49:34,300 [INFO] NTP:offset = 0.000 s, delay = 0.001 s 
client 2021-08-12 21:49:34,300 [INFO] Sending command to the server: 'time'
client 2021-08-12 21:49:34,302 [INFO] Got response: '1628804974.2399487'
client 2021-08-12 21:49:34,302 [INFO] The time difference between the client and the server is within range 60.363 ms..62.270 ms
client 2021-08-12 21:49:34,302 [INFO] Sending command to the server: 'session,2021-08-12_21-38-50,start,testing'
client 2021-08-12 21:49:47,490 [INFO] Got response: 'OK'
client 2021-08-12 21:49:47,490 [INFO] Running the workload 'LOG_DIR=/work/build/power_logs_temp python3 code/main.py --benchmarks=bert --scenarios=SingleStream --config_ver=maxq--test_mode=PerformanceOnly --action="run_harness" \\\n\t\t&& if [ ! -d /work/build/power_logs/2021.08.12-21.38.44/ranging_tmp ]; \\\n\t\t\tthen mkdir /work/build/power_logs/2021.08.12-21.38.44/ranging_tmp \\\n\t\t\t\t&& mv /work/build/power_logs_temp/* /work/build/power_logs/2021.08.12-21.38.44/ranging_tmp/ \\\n\t\t\t\t&& cp -v /work/build/power_logs/2021.08.12-21.38.44/ranging_tmp/*/*/*/mlperf_log_detail.txt /work/build/power_logs_temp/ \\\n\t\t\t\t&& cp -v /work/build/power_logs/2021.08.12-21.38.44/ranging_tmp/*/*/*/mlperf_log_summary.txt /work/build/power_logs_temp/; \\\n\t\t\telse mkdir /work/build/power_logs/2021.08.12-21.38.44/testing_tmp \\\n\t\t\t\t&& mv /work/build/power_logs_temp/* /work/build/power_logs/2021.08.12-21.38.44/testing_tmp/ \\\n\t\t\t\t&& cp -v /work/build/power_logs/2021.08.12-21.38.44/testing_tmp/*/*/*/mlperf_log_detail.txt /work/build/power_logs_temp/ \\\n\t\t\t\t&& cp -v /work/build/power_logs/2021.08.12-21.38.44/testing_tmp/*/*/*/mlperf_log_summary.txt /work/build/power_logs_temp/; fi'
client 2021-08-12 21:59:57,368 [INFO] Sending command to the server: 'session,2021-08-12_21-38-50,stop,testing'
client 2021-08-12 22:00:07,389 [INFO] Got response: 'OK'
client 2021-08-12 22:00:07,391 [INFO] Copying loadgen logs from '/work/build/power_logs_temp' to '/work/build/power_logs/2021.08.12-21.38.44/2021-08-12_21-38-50/run_1'
client 2021-08-12 22:00:07,392 [INFO] Done runs
