ptd-server 2021-08-12 21:38:50,442 [INFO] Got command from the client 'stop'
ptd-server 2021-08-12 21:38:50,442 [INFO] The server will be stopped after processing this client
ptd-server 2021-08-12 21:38:50,442 [INFO] Sending reply to client 'OK'
ptd-server 2021-08-12 21:38:50,442 [INFO] Got command from the client 'time'
ptd-server 2021-08-12 21:38:50,442 [INFO] Sending reply to client '1628804330.4420812'
ptd-server 2021-08-12 21:38:50,457 [INFO] Got command from the client 'new,,4d14033b-b618-4ab2-8e83-13a1437d0172'
ptd-server 2021-08-12 21:38:50,457 [INFO] Sending reply to client 'OK 2021-08-12_21-38-50,6d11f9f7-bb37-428c-a94a-efa27501d116'
ptd-server 2021-08-12 21:38:50,457 [INFO] Got command from the client 'time'
ptd-server 2021-08-12 21:38:50,457 [INFO] Sending reply to client '1628804330.4576676'
ptd-server 2021-08-12 21:38:50,457 [INFO] Got command from the client 'session,2021-08-12_21-38-50,start,ranging'
ptd-server 2021-08-12 21:38:50,567 [INFO] Running PTDaemon: ['.\\ptd-windows-x86.exe', '-l', 'C:\\Users\\root\\AppData\\Local\\Temp\\tmpxltf1_e9\\ptd_logfile.txt', '-p', '8888', '-g', '8', '1']
ptd-server 2021-08-12 21:39:03,316 [INFO] Sending to ptd: 'Hello'
ptd-server 2021-08-12 21:39:03,316 [INFO] Reply from ptd: 'Hello, PTDaemon here!'
ptd-server 2021-08-12 21:39:03,316 [INFO] Sending to ptd: 'Identify'
ptd-server 2021-08-12 21:39:03,316 [INFO] Reply from ptd: 'YokogawaWT210,1000,1,1,1,1,0,0,1,version=1.9.2-3976349f-20201208,OS=Windows 8 / Server 2012,mode=power,1,1,1,0,0,no_cal_date,YOKOGAWA;760401;0;F1.12'
ptd-server 2021-08-12 21:39:03,316 [INFO] Connected to PTDaemon
ptd-server 2021-08-12 21:39:03,316 [INFO] Sending to ptd: 'RR'
ptd-server 2021-08-12 21:39:03,316 [INFO] Reply from ptd: 'Ranges,0,5.000000,0,150.000000'
ptd-server 2021-08-12 21:39:03,316 [INFO] Initial range for Amps is 5.000000 for Volts is 150.000000
ptd-server 2021-08-12 21:39:03,316 [INFO] Sending to ptd: 'SR,V,Auto'
ptd-server 2021-08-12 21:39:03,838 [INFO] Reply from ptd: 'Range V changed'
ptd-server 2021-08-12 21:39:03,838 [INFO] Sending to ptd: 'SR,A,Auto'
ptd-server 2021-08-12 21:39:04,357 [INFO] Reply from ptd: 'Range A changed'
ptd-server 2021-08-12 21:39:14,358 [INFO] Starting ranging mode
ptd-server 2021-08-12 21:39:14,358 [INFO] Sending to ptd: 'Go,1000,0,2021-08-12_21-38-50_ranging'
ptd-server 2021-08-12 21:39:14,358 [INFO] Reply from ptd: 'Starting untimed measurement, maximum 500000 samples at 1000ms with 0 rampup samples'
ptd-server 2021-08-12 21:39:14,358 [INFO] Sending reply to client 'OK'
ptd-server 2021-08-12 21:49:24,167 [INFO] Got command from the client 'session,2021-08-12_21-38-50,stop,ranging'
ptd-server 2021-08-12 21:49:34,193 [INFO] Sending to ptd: 'Stop'
ptd-server 2021-08-12 21:49:34,193 [INFO] Reply from ptd: 'Stopping untimed measurement'
ptd-server 2021-08-12 21:49:34,224 [INFO] Sending reply to client 'OK'
ptd-server 2021-08-12 21:49:34,239 [INFO] Got command from the client 'time'
ptd-server 2021-08-12 21:49:34,239 [INFO] Sending reply to client '1628804974.2399487'
ptd-server 2021-08-12 21:49:34,239 [INFO] Got command from the client 'session,2021-08-12_21-38-50,start,testing'
ptd-server 2021-08-12 21:49:34,239 [INFO] Sending to ptd: 'SR,V,118.600000'
ptd-server 2021-08-12 21:49:35,883 [INFO] Reply from ptd: 'Range V changed'
ptd-server 2021-08-12 21:49:35,883 [INFO] Sending to ptd: 'SR,A,3.008200'
ptd-server 2021-08-12 21:49:37,418 [INFO] Reply from ptd: 'Range A changed'
ptd-server 2021-08-12 21:49:47,431 [INFO] Starting testing mode
ptd-server 2021-08-12 21:49:47,431 [INFO] Sending to ptd: 'Go,1000,0,2021-08-12_21-38-50_testing'
ptd-server 2021-08-12 21:49:47,432 [INFO] Reply from ptd: 'Starting untimed measurement, maximum 500000 samples at 1000ms with 0 rampup samples'
ptd-server 2021-08-12 21:49:47,432 [INFO] Sending reply to client 'OK'
ptd-server 2021-08-12 21:59:57,299 [INFO] Got command from the client 'session,2021-08-12_21-38-50,stop,testing'
ptd-server 2021-08-12 22:00:07,301 [INFO] Sending to ptd: 'Stop'
ptd-server 2021-08-12 22:00:07,301 [INFO] Reply from ptd: 'Stopping untimed measurement'
ptd-server 2021-08-12 22:00:07,316 [INFO] Sending reply to client 'OK'
ptd-server 2021-08-12 22:00:07,332 [INFO] Got command from the client 'session,2021-08-12_21-38-50,done'
ptd-server 2021-08-12 22:00:07,332 [INFO] Sending to ptd: 'Stop'
ptd-server 2021-08-12 22:00:07,457 [INFO] Reply from ptd: 'Error: no measurement to stop'
ptd-server 2021-08-12 22:00:07,457 [INFO] Sending to ptd: 'SR,V,150.000000'
ptd-server 2021-08-12 22:00:08,980 [INFO] Reply from ptd: 'Range V changed'
ptd-server 2021-08-12 22:00:08,980 [INFO] Sending to ptd: 'SR,A,5.000000'
ptd-server 2021-08-12 22:00:10,507 [INFO] Reply from ptd: 'Range A changed'
ptd-server 2021-08-12 22:00:10,507 [INFO] Set initial values for Amps 5.000000 and Volts 150.000000
ptd-server 2021-08-12 22:00:10,507 [INFO] Stopping ptd...
