ptd-server 2021-08-08 09:23:27,970 [INFO] Got command from the client 'time'
ptd-server 2021-08-08 09:23:27,970 [INFO] Sending reply to client '1628411007.9704535'
ptd-server 2021-08-08 09:23:27,972 [INFO] Got command from the client 'new,,02f30135-6ec7-45eb-bf0d-280c938b4958'
ptd-server 2021-08-08 09:23:27,973 [INFO] Sending reply to client 'OK 2021-08-08_09-23-27,1b9ae961-d8af-46fa-9fd6-28447b8107c2'
ptd-server 2021-08-08 09:23:28,019 [INFO] Got command from the client 'time'
ptd-server 2021-08-08 09:23:28,019 [INFO] Sending reply to client '1628411008.0193503'
ptd-server 2021-08-08 09:23:28,021 [INFO] Got command from the client 'session,2021-08-08_09-23-27,start,ranging'
ptd-server 2021-08-08 09:23:28,021 [INFO] Running PTDaemon: ['/home/anton/projects/mlperf/power/inference_v1.0/ptd-linux-x86', '-l', '/tmp/tmpr3iqmcco/ptd_logfile.txt', '-p', '8888', '49', '/dev/usbtmc0']
ptd-server 2021-08-08 09:23:45,193 [INFO] Sending to ptd: 'Hello'
ptd-server 2021-08-08 09:23:45,193 [INFO] Reply from ptd: 'Hello, PTDaemon here!'
ptd-server 2021-08-08 09:23:45,194 [INFO] Sending to ptd: 'Identify'
ptd-server 2021-08-08 09:23:45,194 [INFO] Reply from ptd: 'YokogawaWT310E,1000,1,1,1,1,0,1,1,version=1.9.2-e8c7a49a-20201208,OS=Linux 5.8.0-63-generic #71~20.04.1-Ubuntu SMP Thu Jul 15 17:46:08 UTC 2021 x86_64,mode=power,1,1,1,0,0,no_cal_date,YOKOGAWA;WT310E;C3XA04010E;F1.04'
ptd-server 2021-08-08 09:23:45,194 [INFO] Connected to PTDaemon
ptd-server 2021-08-08 09:23:45,194 [INFO] Sending to ptd: 'RR'
ptd-server 2021-08-08 09:23:45,195 [INFO] Reply from ptd: 'Ranges,0,0.500000,0,300.000000'
ptd-server 2021-08-08 09:23:45,195 [INFO] Initial range for Amps is 0.500000 for Volts is 300.000000
ptd-server 2021-08-08 09:23:45,195 [INFO] Sending to ptd: 'SR,V,Auto'
ptd-server 2021-08-08 09:23:45,698 [INFO] Reply from ptd: 'Range V changed'
ptd-server 2021-08-08 09:23:45,698 [INFO] Sending to ptd: 'SR,A,Auto'
ptd-server 2021-08-08 09:23:46,200 [INFO] Reply from ptd: 'Range A changed'
ptd-server 2021-08-08 09:23:56,211 [INFO] Starting ranging mode
ptd-server 2021-08-08 09:23:56,211 [INFO] Sending to ptd: 'Go,1000,0,2021-08-08_09-23-27_ranging'
ptd-server 2021-08-08 09:23:56,211 [INFO] Reply from ptd: 'Starting untimed measurement, maximum 500000 samples at 1000ms with 0 rampup samples'
ptd-server 2021-08-08 09:23:56,211 [INFO] Sending reply to client 'OK'
ptd-server 2021-08-08 09:34:15,966 [INFO] Got command from the client 'session,2021-08-08_09-23-27,stop,ranging'
ptd-server 2021-08-08 09:34:25,976 [INFO] Sending to ptd: 'Stop'
ptd-server 2021-08-08 09:34:25,977 [INFO] Reply from ptd: 'Stopping untimed measurement'
ptd-server 2021-08-08 09:34:26,104 [INFO] Sending reply to client 'OK'
ptd-server 2021-08-08 09:34:26,161 [INFO] Got command from the client 'time'
ptd-server 2021-08-08 09:34:26,161 [INFO] Sending reply to client '1628411666.1616032'
ptd-server 2021-08-08 09:34:26,164 [INFO] Got command from the client 'session,2021-08-08_09-23-27,start,testing'
ptd-server 2021-08-08 09:34:26,164 [INFO] Sending to ptd: 'SR,V,249.590000'
ptd-server 2021-08-08 09:34:27,713 [INFO] Reply from ptd: 'Range V changed'
ptd-server 2021-08-08 09:34:27,713 [INFO] Sending to ptd: 'SR,A,0.199920'
ptd-server 2021-08-08 09:34:29,214 [INFO] Reply from ptd: 'Range A changed'
ptd-server 2021-08-08 09:34:39,224 [INFO] Starting testing mode
ptd-server 2021-08-08 09:34:39,224 [INFO] Sending to ptd: 'Go,1000,0,2021-08-08_09-23-27_testing'
ptd-server 2021-08-08 09:34:39,224 [INFO] Reply from ptd: 'Starting untimed measurement, maximum 500000 samples at 1000ms with 0 rampup samples'
ptd-server 2021-08-08 09:34:39,224 [INFO] Sending reply to client 'OK'
ptd-server 2021-08-08 09:44:58,773 [INFO] Got command from the client 'session,2021-08-08_09-23-27,stop,testing'
ptd-server 2021-08-08 09:45:08,783 [INFO] Sending to ptd: 'Stop'
ptd-server 2021-08-08 09:45:08,784 [INFO] Reply from ptd: 'Stopping untimed measurement'
ptd-server 2021-08-08 09:45:08,850 [INFO] Sending reply to client 'OK'
ptd-server 2021-08-08 09:45:08,869 [INFO] Got command from the client 'session,2021-08-08_09-23-27,done'
ptd-server 2021-08-08 09:45:08,869 [INFO] Sending to ptd: 'Stop'
ptd-server 2021-08-08 09:45:09,224 [INFO] Reply from ptd: 'Error: no measurement to stop'
ptd-server 2021-08-08 09:45:09,225 [INFO] Sending to ptd: 'SR,V,300.000000'
ptd-server 2021-08-08 09:45:10,726 [INFO] Reply from ptd: 'Range V changed'
ptd-server 2021-08-08 09:45:10,726 [INFO] Sending to ptd: 'SR,A,0.500000'
ptd-server 2021-08-08 09:45:12,228 [INFO] Reply from ptd: 'Range A changed'
ptd-server 2021-08-08 09:45:12,228 [INFO] Set initial values for Amps 0.500000 and Volts 300.000000
ptd-server 2021-08-08 09:45:12,228 [INFO] Stopping ptd...
