ptd-server 2021-08-09 04:40:45,521 [INFO] Got command from the client 'time'
ptd-server 2021-08-09 04:40:45,522 [INFO] Sending reply to client '1628480445.5220764'
ptd-server 2021-08-09 04:40:45,524 [INFO] Got command from the client 'new,,20dee317-70f6-4110-bbea-a445e0b145d2'
ptd-server 2021-08-09 04:40:45,525 [INFO] Sending reply to client 'OK 2021-08-09_04-40-45,2fe8a8d3-f7ea-49ee-bb72-bb4ee664c24d'
ptd-server 2021-08-09 04:40:45,562 [INFO] Got command from the client 'time'
ptd-server 2021-08-09 04:40:45,562 [INFO] Sending reply to client '1628480445.5627291'
ptd-server 2021-08-09 04:40:45,565 [INFO] Got command from the client 'session,2021-08-09_04-40-45,start,ranging'
ptd-server 2021-08-09 04:40:45,565 [INFO] Running PTDaemon: ['/home/anton/projects/mlperf/power/inference_v1.0/ptd-linux-x86', '-l', '/tmp/tmpr3iqmcco/ptd_logfile.txt', '-p', '8888', '49', '/dev/usbtmc0']
ptd-server 2021-08-09 04:41:02,737 [INFO] Sending to ptd: 'Hello'
ptd-server 2021-08-09 04:41:02,738 [INFO] Reply from ptd: 'Hello, PTDaemon here!'
ptd-server 2021-08-09 04:41:02,738 [INFO] Sending to ptd: 'Identify'
ptd-server 2021-08-09 04:41:02,739 [INFO] Reply from ptd: 'YokogawaWT310E,1000,1,1,1,1,0,1,1,version=1.9.2-e8c7a49a-20201208,OS=Linux 5.8.0-63-generic #71~20.04.1-Ubuntu SMP Thu Jul 15 17:46:08 UTC 2021 x86_64,mode=power,1,1,1,0,0,no_cal_date,YOKOGAWA;WT310E;C3XA04010E;F1.04'
ptd-server 2021-08-09 04:41:02,739 [INFO] Connected to PTDaemon
ptd-server 2021-08-09 04:41:02,739 [INFO] Sending to ptd: 'RR'
ptd-server 2021-08-09 04:41:02,739 [INFO] Reply from ptd: 'Ranges,0,0.500000,0,300.000000'
ptd-server 2021-08-09 04:41:02,739 [INFO] Initial range for Amps is 0.500000 for Volts is 300.000000
ptd-server 2021-08-09 04:41:02,739 [INFO] Sending to ptd: 'SR,V,Auto'
ptd-server 2021-08-09 04:41:03,242 [INFO] Reply from ptd: 'Range V changed'
ptd-server 2021-08-09 04:41:03,242 [INFO] Sending to ptd: 'SR,A,Auto'
ptd-server 2021-08-09 04:41:03,744 [INFO] Reply from ptd: 'Range A changed'
ptd-server 2021-08-09 04:41:13,755 [INFO] Starting ranging mode
ptd-server 2021-08-09 04:41:13,755 [INFO] Sending to ptd: 'Go,1000,0,2021-08-09_04-40-45_ranging'
ptd-server 2021-08-09 04:41:13,755 [INFO] Reply from ptd: 'Starting untimed measurement, maximum 500000 samples at 1000ms with 0 rampup samples'
ptd-server 2021-08-09 04:41:13,755 [INFO] Sending reply to client 'OK'
ptd-server 2021-08-09 04:51:33,467 [INFO] Got command from the client 'session,2021-08-09_04-40-45,stop,ranging'
ptd-server 2021-08-09 04:51:43,477 [INFO] Sending to ptd: 'Stop'
ptd-server 2021-08-09 04:51:43,478 [INFO] Reply from ptd: 'Stopping untimed measurement'
ptd-server 2021-08-09 04:51:43,698 [INFO] Sending reply to client 'OK'
ptd-server 2021-08-09 04:51:43,775 [INFO] Got command from the client 'time'
ptd-server 2021-08-09 04:51:43,776 [INFO] Sending reply to client '1628481103.776049'
ptd-server 2021-08-09 04:51:43,778 [INFO] Got command from the client 'session,2021-08-09_04-40-45,start,testing'
ptd-server 2021-08-09 04:51:43,778 [INFO] Sending to ptd: 'SR,V,251.140000'
ptd-server 2021-08-09 04:51:45,280 [INFO] Reply from ptd: 'Range V changed'
ptd-server 2021-08-09 04:51:45,280 [INFO] Sending to ptd: 'SR,A,0.200920'
ptd-server 2021-08-09 04:51:46,781 [INFO] Reply from ptd: 'Range A changed'
ptd-server 2021-08-09 04:51:56,791 [INFO] Starting testing mode
ptd-server 2021-08-09 04:51:56,792 [INFO] Sending to ptd: 'Go,1000,0,2021-08-09_04-40-45_testing'
ptd-server 2021-08-09 04:51:56,792 [INFO] Reply from ptd: 'Starting untimed measurement, maximum 500000 samples at 1000ms with 0 rampup samples'
ptd-server 2021-08-09 04:51:56,792 [INFO] Sending reply to client 'OK'
ptd-server 2021-08-09 05:02:16,306 [INFO] Got command from the client 'session,2021-08-09_04-40-45,stop,testing'
ptd-server 2021-08-09 05:02:26,317 [INFO] Sending to ptd: 'Stop'
ptd-server 2021-08-09 05:02:26,317 [INFO] Reply from ptd: 'Stopping untimed measurement'
ptd-server 2021-08-09 05:02:26,441 [INFO] Sending reply to client 'OK'
ptd-server 2021-08-09 05:02:26,460 [INFO] Got command from the client 'session,2021-08-09_04-40-45,done'
ptd-server 2021-08-09 05:02:26,460 [INFO] Sending to ptd: 'Stop'
ptd-server 2021-08-09 05:02:26,792 [INFO] Reply from ptd: 'Error: no measurement to stop'
ptd-server 2021-08-09 05:02:26,792 [INFO] Sending to ptd: 'SR,V,300.000000'
ptd-server 2021-08-09 05:02:28,294 [INFO] Reply from ptd: 'Range V changed'
ptd-server 2021-08-09 05:02:28,294 [INFO] Sending to ptd: 'SR,A,0.500000'
ptd-server 2021-08-09 05:02:29,795 [INFO] Reply from ptd: 'Range A changed'
ptd-server 2021-08-09 05:02:29,795 [INFO] Set initial values for Amps 0.500000 and Volts 300.000000
ptd-server 2021-08-09 05:02:29,796 [INFO] Stopping ptd...
