ptd-server 2021-08-09 03:57:03,643 [INFO] Got command from the client 'time'
ptd-server 2021-08-09 03:57:03,643 [INFO] Sending reply to client '1628477823.6437447'
ptd-server 2021-08-09 03:57:03,645 [INFO] Got command from the client 'new,,8ffaf434-deaa-4c64-b9be-f422caaf16f2'
ptd-server 2021-08-09 03:57:03,646 [INFO] Sending reply to client 'OK 2021-08-09_03-57-03,c45e2554-7486-4b74-97bb-547695325d39'
ptd-server 2021-08-09 03:57:03,682 [INFO] Got command from the client 'time'
ptd-server 2021-08-09 03:57:03,682 [INFO] Sending reply to client '1628477823.6826143'
ptd-server 2021-08-09 03:57:03,684 [INFO] Got command from the client 'session,2021-08-09_03-57-03,start,ranging'
ptd-server 2021-08-09 03:57:03,684 [INFO] Running PTDaemon: ['/home/anton/projects/mlperf/power/inference_v1.0/ptd-linux-x86', '-l', '/tmp/tmpr3iqmcco/ptd_logfile.txt', '-p', '8888', '49', '/dev/usbtmc0']
ptd-server 2021-08-09 03:57:20,856 [INFO] Sending to ptd: 'Hello'
ptd-server 2021-08-09 03:57:20,857 [INFO] Reply from ptd: 'Hello, PTDaemon here!'
ptd-server 2021-08-09 03:57:20,857 [INFO] Sending to ptd: 'Identify'
ptd-server 2021-08-09 03:57:20,858 [INFO] Reply from ptd: 'YokogawaWT310E,1000,1,1,1,1,0,1,1,version=1.9.2-e8c7a49a-20201208,OS=Linux 5.8.0-63-generic #71~20.04.1-Ubuntu SMP Thu Jul 15 17:46:08 UTC 2021 x86_64,mode=power,1,1,1,0,0,no_cal_date,YOKOGAWA;WT310E;C3XA04010E;F1.04'
ptd-server 2021-08-09 03:57:20,858 [INFO] Connected to PTDaemon
ptd-server 2021-08-09 03:57:20,858 [INFO] Sending to ptd: 'RR'
ptd-server 2021-08-09 03:57:20,858 [INFO] Reply from ptd: 'Ranges,0,0.500000,0,300.000000'
ptd-server 2021-08-09 03:57:20,858 [INFO] Initial range for Amps is 0.500000 for Volts is 300.000000
ptd-server 2021-08-09 03:57:20,858 [INFO] Sending to ptd: 'SR,V,Auto'
ptd-server 2021-08-09 03:57:21,361 [INFO] Reply from ptd: 'Range V changed'
ptd-server 2021-08-09 03:57:21,361 [INFO] Sending to ptd: 'SR,A,Auto'
ptd-server 2021-08-09 03:57:21,863 [INFO] Reply from ptd: 'Range A changed'
ptd-server 2021-08-09 03:57:31,874 [INFO] Starting ranging mode
ptd-server 2021-08-09 03:57:31,874 [INFO] Sending to ptd: 'Go,1000,0,2021-08-09_03-57-03_ranging'
ptd-server 2021-08-09 03:57:31,875 [INFO] Reply from ptd: 'Starting untimed measurement, maximum 500000 samples at 1000ms with 0 rampup samples'
ptd-server 2021-08-09 03:57:31,875 [INFO] Sending reply to client 'OK'
ptd-server 2021-08-09 04:07:51,506 [INFO] Got command from the client 'session,2021-08-09_03-57-03,stop,ranging'
ptd-server 2021-08-09 04:08:01,517 [INFO] Sending to ptd: 'Stop'
ptd-server 2021-08-09 04:08:01,517 [INFO] Reply from ptd: 'Stopping untimed measurement'
ptd-server 2021-08-09 04:08:01,737 [INFO] Sending reply to client 'OK'
ptd-server 2021-08-09 04:08:01,802 [INFO] Got command from the client 'time'
ptd-server 2021-08-09 04:08:01,802 [INFO] Sending reply to client '1628478481.8022678'
ptd-server 2021-08-09 04:08:01,804 [INFO] Got command from the client 'session,2021-08-09_03-57-03,start,testing'
ptd-server 2021-08-09 04:08:01,805 [INFO] Sending to ptd: 'SR,V,251.210000'
ptd-server 2021-08-09 04:08:03,376 [INFO] Reply from ptd: 'Range V changed'
ptd-server 2021-08-09 04:08:03,377 [INFO] Sending to ptd: 'SR,A,0.206840'
ptd-server 2021-08-09 04:08:04,878 [INFO] Reply from ptd: 'Range A changed'
ptd-server 2021-08-09 04:08:14,888 [INFO] Starting testing mode
ptd-server 2021-08-09 04:08:14,888 [INFO] Sending to ptd: 'Go,1000,0,2021-08-09_03-57-03_testing'
ptd-server 2021-08-09 04:08:14,889 [INFO] Reply from ptd: 'Starting untimed measurement, maximum 500000 samples at 1000ms with 0 rampup samples'
ptd-server 2021-08-09 04:08:14,889 [INFO] Sending reply to client 'OK'
ptd-server 2021-08-09 04:18:34,219 [INFO] Got command from the client 'session,2021-08-09_03-57-03,stop,testing'
ptd-server 2021-08-09 04:18:44,230 [INFO] Sending to ptd: 'Stop'
ptd-server 2021-08-09 04:18:44,230 [INFO] Reply from ptd: 'Stopping untimed measurement'
ptd-server 2021-08-09 04:18:44,349 [INFO] Sending reply to client 'OK'
ptd-server 2021-08-09 04:18:44,368 [INFO] Got command from the client 'session,2021-08-09_03-57-03,done'
ptd-server 2021-08-09 04:18:44,368 [INFO] Sending to ptd: 'Stop'
ptd-server 2021-08-09 04:18:44,890 [INFO] Reply from ptd: 'Error: no measurement to stop'
ptd-server 2021-08-09 04:18:44,890 [INFO] Sending to ptd: 'SR,V,300.000000'
ptd-server 2021-08-09 04:18:46,391 [INFO] Reply from ptd: 'Range V changed'
ptd-server 2021-08-09 04:18:46,391 [INFO] Sending to ptd: 'SR,A,0.500000'
ptd-server 2021-08-09 04:18:47,893 [INFO] Reply from ptd: 'Range A changed'
ptd-server 2021-08-09 04:18:47,893 [INFO] Set initial values for Amps 0.500000 and Volts 300.000000
ptd-server 2021-08-09 04:18:47,893 [INFO] Stopping ptd...
