ptd-server 2021-08-12 17:49:31,898 [INFO] Got command from the client 'stop'
ptd-server 2021-08-12 17:49:31,899 [INFO] The server will be stopped after processing this client
ptd-server 2021-08-12 17:49:31,900 [INFO] Sending reply to client 'OK'
ptd-server 2021-08-12 17:49:32,031 [INFO] Got command from the client 'time'
ptd-server 2021-08-12 17:49:32,031 [INFO] Sending reply to client '1628790572.0318449'
ptd-server 2021-08-12 17:49:32,032 [INFO] Got command from the client 'new,,184894b1-a5fa-47ae-a44f-aa0395667632'
ptd-server 2021-08-12 17:49:32,033 [INFO] Sending reply to client 'OK 2021-08-12_17-49-32,151d2fad-2911-442d-bebf-9822c8437274'
ptd-server 2021-08-12 17:49:32,149 [INFO] Got command from the client 'time'
ptd-server 2021-08-12 17:49:32,150 [INFO] Sending reply to client '1628790572.150414'
ptd-server 2021-08-12 17:49:32,151 [INFO] Got command from the client 'session,2021-08-12_17-49-32,start,ranging'
ptd-server 2021-08-12 17:49:32,263 [INFO] Running PTDaemon: ['C:\\PTD\\ptd-windows-x86.exe', '-l', 'C:\\Users\\mlperf\\AppData\\Local\\Temp\\tmpqo92nxu0\\ptd_logfile.txt', '-p', '8888', '49', 'COM4']
ptd-server 2021-08-12 17:49:51,531 [INFO] Sending to ptd: 'Hello'
ptd-server 2021-08-12 17:49:51,538 [INFO] Reply from ptd: 'Hello, PTDaemon here!'
ptd-server 2021-08-12 17:49:51,538 [INFO] Sending to ptd: 'Identify'
ptd-server 2021-08-12 17:49:51,539 [INFO] Reply from ptd: 'YokogawaWT310E,1000,1,1,1,1,0,1,1,version=1.9.2-3976349f-20201208,OS=Windows 8 / Server 2012,mode=power,1,1,1,0,0,no_cal_date,YOKOGAWA;WT310E;C3TA11005E;F1.02'
ptd-server 2021-08-12 17:49:51,539 [INFO] Connected to PTDaemon
ptd-server 2021-08-12 17:49:51,540 [INFO] Sending to ptd: 'RR'
ptd-server 2021-08-12 17:49:51,540 [INFO] Reply from ptd: 'Ranges,0,2.000000,0,300.000000'
ptd-server 2021-08-12 17:49:51,540 [INFO] Initial range for Amps is 2.000000 for Volts is 300.000000
ptd-server 2021-08-12 17:49:51,540 [INFO] Sending to ptd: 'SR,V,Auto'
ptd-server 2021-08-12 17:49:52,106 [INFO] Reply from ptd: 'Range V changed'
ptd-server 2021-08-12 17:49:52,111 [INFO] Sending to ptd: 'SR,A,20'
ptd-server 2021-08-12 17:49:53,695 [INFO] Reply from ptd: 'Range A changed'
ptd-server 2021-08-12 17:50:03,705 [INFO] Starting ranging mode
ptd-server 2021-08-12 17:50:03,711 [INFO] Sending to ptd: 'Go,1000,0,2021-08-12_17-49-32_ranging'
ptd-server 2021-08-12 17:50:03,711 [INFO] Reply from ptd: 'Starting untimed measurement, maximum 500000 samples at 1000ms with 0 rampup samples'
ptd-server 2021-08-12 17:50:03,712 [INFO] Sending reply to client 'OK'
ptd-server 2021-08-12 18:00:17,314 [INFO] Got command from the client 'session,2021-08-12_17-49-32,stop,ranging'
ptd-server 2021-08-12 18:00:27,330 [INFO] Sending to ptd: 'Stop'
ptd-server 2021-08-12 18:00:27,330 [INFO] Reply from ptd: 'Stopping untimed measurement'
ptd-server 2021-08-12 18:00:27,343 [INFO] Sending reply to client 'OK'
ptd-server 2021-08-12 18:00:27,464 [INFO] Got command from the client 'time'
ptd-server 2021-08-12 18:00:27,464 [INFO] Sending reply to client '1628791227.4642372'
ptd-server 2021-08-12 18:00:27,466 [INFO] Got command from the client 'session,2021-08-12_17-49-32,start,testing'
ptd-server 2021-08-12 18:00:27,467 [INFO] Sending to ptd: 'SR,V,227.580000'
ptd-server 2021-08-12 18:00:29,306 [INFO] Reply from ptd: 'Range V changed'
ptd-server 2021-08-12 18:00:29,306 [INFO] Sending to ptd: 'SR,A,3.356000'
ptd-server 2021-08-12 18:00:30,890 [INFO] Reply from ptd: 'Range A changed'
ptd-server 2021-08-12 18:00:40,891 [INFO] Starting testing mode
ptd-server 2021-08-12 18:00:40,891 [INFO] Sending to ptd: 'Go,1000,0,2021-08-12_17-49-32_testing'
ptd-server 2021-08-12 18:00:40,891 [INFO] Reply from ptd: 'Starting untimed measurement, maximum 500000 samples at 1000ms with 0 rampup samples'
ptd-server 2021-08-12 18:00:40,892 [INFO] Sending reply to client 'OK'
ptd-server 2021-08-12 18:10:54,637 [INFO] Got command from the client 'session,2021-08-12_17-49-32,stop,testing'
ptd-server 2021-08-12 18:11:04,656 [INFO] Sending to ptd: 'Stop'
ptd-server 2021-08-12 18:11:04,662 [INFO] Reply from ptd: 'Stopping untimed measurement'
ptd-server 2021-08-12 18:11:04,671 [INFO] Sending reply to client 'OK'
ptd-server 2021-08-12 18:11:04,678 [INFO] Got command from the client 'session,2021-08-12_17-49-32,done'
ptd-server 2021-08-12 18:11:04,679 [INFO] Sending to ptd: 'Stop'
ptd-server 2021-08-12 18:11:04,903 [INFO] Reply from ptd: 'Error: no measurement to stop'
ptd-server 2021-08-12 18:11:04,904 [INFO] Sending to ptd: 'SR,V,300.000000'
ptd-server 2021-08-12 18:11:06,484 [INFO] Reply from ptd: 'Range V changed'
ptd-server 2021-08-12 18:11:06,490 [INFO] Sending to ptd: 'SR,A,2.000000'
ptd-server 2021-08-12 18:11:08,067 [INFO] Reply from ptd: 'Range A changed'
ptd-server 2021-08-12 18:11:08,067 [INFO] Set initial values for Amps 2.000000 and Volts 300.000000
ptd-server 2021-08-12 18:11:08,068 [INFO] Stopping ptd...
