ptd-server 2021-08-13 08:59:49,708 [INFO] Got command from the client 'time'
ptd-server 2021-08-13 08:59:49,708 [INFO] Sending reply to client '1628863189.708411'
ptd-server 2021-08-13 08:59:49,709 [INFO] Got command from the client 'new,,140c7513-8148-4c5e-befc-63b6bbd7c57e'
ptd-server 2021-08-13 08:59:49,710 [INFO] Sending reply to client 'OK 2021-08-13_08-59-49,484f32f8-5499-491f-a7b8-e78580976088'
ptd-server 2021-08-13 08:59:49,824 [INFO] Got command from the client 'time'
ptd-server 2021-08-13 08:59:49,825 [INFO] Sending reply to client '1628863189.8252175'
ptd-server 2021-08-13 08:59:49,826 [INFO] Got command from the client 'session,2021-08-13_08-59-49,start,ranging'
ptd-server 2021-08-13 08:59:49,826 [INFO] Running PTDaemon: ['/local/mnt/workspace/mlcommons/power-main/inference_v1.0/ptd-linux-x86', '-l', '/tmp/tmpseoqnvwj/ptd_logfile.txt', '-p', '8888', '49', '/dev/usbtmc0']
ptd-server 2021-08-13 09:00:06,946 [INFO] Sending to ptd: 'Hello'
ptd-server 2021-08-13 09:00:06,947 [INFO] Reply from ptd: 'Hello, PTDaemon here!'
ptd-server 2021-08-13 09:00:06,947 [INFO] Sending to ptd: 'Identify'
ptd-server 2021-08-13 09:00:06,948 [INFO] Reply from ptd: 'YokogawaWT310E,1000,1,1,1,1,0,1,1,version=1.9.2-e8c7a49a-20201208,OS=Linux 4.15.0-64-generic #73-Ubuntu SMP Thu Sep 12 13:16:13 UTC 2019 x86_64,mode=power,1,1,1,0,0,no_cal_date,YOKOGAWA;WT310E;C2XF16028V;F1.04'
ptd-server 2021-08-13 09:00:06,948 [INFO] Connected to PTDaemon
ptd-server 2021-08-13 09:00:06,948 [INFO] Sending to ptd: 'RR'
ptd-server 2021-08-13 09:00:06,949 [INFO] Reply from ptd: 'Ranges,1,5.000000,1,150.000000'
ptd-server 2021-08-13 09:00:06,949 [INFO] Initial range for Amps is Auto for Volts is Auto
ptd-server 2021-08-13 09:00:06,949 [INFO] Sending to ptd: 'SR,V,Auto'
ptd-server 2021-08-13 09:00:07,452 [INFO] Reply from ptd: 'Range V changed'
ptd-server 2021-08-13 09:00:07,452 [INFO] Sending to ptd: 'SR,A,Auto'
ptd-server 2021-08-13 09:00:07,955 [INFO] Reply from ptd: 'Range A changed'
ptd-server 2021-08-13 09:00:17,966 [INFO] Starting ranging mode
ptd-server 2021-08-13 09:00:17,966 [INFO] Sending to ptd: 'Go,1000,0,2021-08-13_08-59-49_ranging'
ptd-server 2021-08-13 09:00:17,967 [INFO] Reply from ptd: 'Starting untimed measurement, maximum 500000 samples at 1000ms with 0 rampup samples'
ptd-server 2021-08-13 09:00:17,967 [INFO] Sending reply to client 'OK'
ptd-server 2021-08-13 09:12:32,376 [INFO] Got command from the client 'session,2021-08-13_08-59-49,stop,ranging'
ptd-server 2021-08-13 09:12:42,387 [INFO] Sending to ptd: 'Stop'
ptd-server 2021-08-13 09:12:42,387 [INFO] Reply from ptd: 'Stopping untimed measurement'
ptd-server 2021-08-13 09:12:42,407 [INFO] Sending reply to client 'OK'
ptd-server 2021-08-13 09:12:42,530 [INFO] Got command from the client 'time'
ptd-server 2021-08-13 09:12:42,531 [INFO] Sending reply to client '1628863962.5311728'
ptd-server 2021-08-13 09:12:42,532 [INFO] Got command from the client 'session,2021-08-13_08-59-49,start,testing'
ptd-server 2021-08-13 09:12:42,532 [INFO] Sending to ptd: 'SR,V,118.870000'
ptd-server 2021-08-13 09:12:44,469 [INFO] Reply from ptd: 'Range V changed'
ptd-server 2021-08-13 09:12:44,470 [INFO] Sending to ptd: 'SR,A,7.443000'
ptd-server 2021-08-13 09:12:45,972 [INFO] Reply from ptd: 'Range A changed'
ptd-server 2021-08-13 09:12:55,982 [INFO] Starting testing mode
ptd-server 2021-08-13 09:12:55,982 [INFO] Sending to ptd: 'Go,1000,0,2021-08-13_08-59-49_testing'
ptd-server 2021-08-13 09:12:55,983 [INFO] Reply from ptd: 'Starting untimed measurement, maximum 500000 samples at 1000ms with 0 rampup samples'
ptd-server 2021-08-13 09:12:55,983 [INFO] Sending reply to client 'OK'
ptd-server 2021-08-13 09:25:17,125 [INFO] Got command from the client 'session,2021-08-13_08-59-49,stop,testing'
ptd-server 2021-08-13 09:25:27,128 [INFO] Sending to ptd: 'Stop'
ptd-server 2021-08-13 09:25:27,129 [INFO] Reply from ptd: 'Stopping untimed measurement'
ptd-server 2021-08-13 09:25:27,138 [INFO] Sending reply to client 'OK'
ptd-server 2021-08-13 09:25:27,145 [INFO] Got command from the client 'session,2021-08-13_08-59-49,done'
ptd-server 2021-08-13 09:25:27,145 [INFO] Sending to ptd: 'Stop'
ptd-server 2021-08-13 09:25:27,984 [INFO] Reply from ptd: 'Error: no measurement to stop'
ptd-server 2021-08-13 09:25:27,984 [INFO] Sending to ptd: 'SR,V,Auto'
ptd-server 2021-08-13 09:25:28,487 [INFO] Reply from ptd: 'Range V changed'
ptd-server 2021-08-13 09:25:28,487 [INFO] Sending to ptd: 'SR,A,Auto'
ptd-server 2021-08-13 09:25:28,990 [INFO] Reply from ptd: 'Range A changed'
ptd-server 2021-08-13 09:25:28,990 [INFO] Set initial values for Amps Auto and Volts Auto
ptd-server 2021-08-13 09:25:28,991 [INFO] Stopping ptd...
