ptd-server 2021-08-10 05:30:22,761 [INFO] Got command from the client 'stop'
ptd-server 2021-08-10 05:30:22,761 [INFO] The server will be stopped after processing this client
ptd-server 2021-08-10 05:30:22,761 [INFO] Sending reply to client 'OK'
ptd-server 2021-08-10 05:30:23,151 [INFO] Got command from the client 'time'
ptd-server 2021-08-10 05:30:23,151 [INFO] Sending reply to client '1628598623.15177'
ptd-server 2021-08-10 05:30:23,151 [INFO] Got command from the client 'new,,4a158148-33f7-4996-a360-a05938798fb7'
ptd-server 2021-08-10 05:30:23,151 [INFO] Sending reply to client 'OK 2021-08-10_05-30-23,0f9f5d4e-0c02-4167-bdae-280f34658038'
ptd-server 2021-08-10 05:30:23,370 [INFO] Got command from the client 'time'
ptd-server 2021-08-10 05:30:23,370 [INFO] Sending reply to client '1628598623.3704736'
ptd-server 2021-08-10 05:30:23,370 [INFO] Got command from the client 'session,2021-08-10_05-30-23,start,ranging'
ptd-server 2021-08-10 05:30:23,479 [INFO] Running PTDaemon: ['C:\\PTD\\ptd-windows-x86.exe', '-l', 'C:\\Users\\lab\\AppData\\Local\\Temp\\tmpigeyrpdo\\ptd_logfile.txt', '-p', '8888', '-c', '1', '-y', '52', '10.32.209.251']
ptd-server 2021-08-10 05:30:41,263 [INFO] Sending to ptd: 'Hello'
ptd-server 2021-08-10 05:30:41,263 [INFO] Reply from ptd: 'Hello, PTDaemon here!'
ptd-server 2021-08-10 05:30:41,263 [INFO] Sending to ptd: 'Identify'
ptd-server 2021-08-10 05:30:41,263 [INFO] Reply from ptd: 'YokogawaWT330E,1000,1,1,1,1,0,0,1,version=1.9.2-3976349f-20201208,OS=Windows 8 / Server 2012,mode=power,1,1,1,0,0,no_cal_date,YOKOGAWA;WT333E;C2VL22012V;F1.04'
ptd-server 2021-08-10 05:30:41,263 [INFO] Connected to PTDaemon
ptd-server 2021-08-10 05:30:41,263 [INFO] Sending to ptd: 'RR'
ptd-server 2021-08-10 05:30:41,263 [INFO] Reply from ptd: 'Ranges,0,1.000000,1,150.000000'
ptd-server 2021-08-10 05:30:41,263 [INFO] Initial range for Amps is 1.000000 for Volts is Auto
ptd-server 2021-08-10 05:30:41,263 [INFO] Sending to ptd: 'SR,V,Auto'
ptd-server 2021-08-10 05:30:41,778 [INFO] Reply from ptd: 'Range V changed'
ptd-server 2021-08-10 05:30:41,778 [INFO] Sending to ptd: 'SR,A,Auto'
ptd-server 2021-08-10 05:30:42,294 [INFO] Reply from ptd: 'Range A changed'
ptd-server 2021-08-10 05:30:52,307 [INFO] Starting ranging mode
ptd-server 2021-08-10 05:30:52,307 [INFO] Sending to ptd: 'Go,1000,0,2021-08-10_05-30-23_ranging'
ptd-server 2021-08-10 05:30:52,307 [INFO] Reply from ptd: 'Starting untimed measurement, maximum 500000 samples at 1000ms with 0 rampup samples'
ptd-server 2021-08-10 05:30:52,307 [INFO] Sending reply to client 'OK'
ptd-server 2021-08-10 05:41:54,528 [INFO] Got command from the client 'session,2021-08-10_05-30-23,stop,ranging'
ptd-server 2021-08-10 05:42:04,542 [INFO] Sending to ptd: 'Stop'
ptd-server 2021-08-10 05:42:04,542 [INFO] Reply from ptd: 'Stopping untimed measurement'
ptd-server 2021-08-10 05:42:04,557 [INFO] Sending reply to client 'OK'
ptd-server 2021-08-10 05:42:04,823 [INFO] Got command from the client 'time'
ptd-server 2021-08-10 05:42:04,823 [INFO] Sending reply to client '1628599324.8234403'
ptd-server 2021-08-10 05:42:04,823 [INFO] Got command from the client 'session,2021-08-10_05-30-23,start,testing'
ptd-server 2021-08-10 05:42:04,823 [INFO] Sending to ptd: 'SR,V,120.610000'
ptd-server 2021-08-10 05:42:06,851 [INFO] Reply from ptd: 'Range V changed'
ptd-server 2021-08-10 05:42:06,851 [INFO] Sending to ptd: 'SR,A,0.306600'
ptd-server 2021-08-10 05:42:08,382 [INFO] Reply from ptd: 'Range A changed'
ptd-server 2021-08-10 05:42:18,397 [INFO] Starting testing mode
ptd-server 2021-08-10 05:42:18,397 [INFO] Sending to ptd: 'Go,1000,0,2021-08-10_05-30-23_testing'
ptd-server 2021-08-10 05:42:18,397 [INFO] Reply from ptd: 'Starting untimed measurement, maximum 500000 samples at 1000ms with 0 rampup samples'
ptd-server 2021-08-10 05:42:18,397 [INFO] Sending reply to client 'OK'
ptd-server 2021-08-10 05:53:11,314 [INFO] Got command from the client 'session,2021-08-10_05-30-23,stop,testing'
ptd-server 2021-08-10 05:53:21,343 [INFO] Sending to ptd: 'Stop'
ptd-server 2021-08-10 05:53:21,343 [INFO] Reply from ptd: 'Stopping untimed measurement'
ptd-server 2021-08-10 05:53:21,359 [INFO] Sending reply to client 'OK'
ptd-server 2021-08-10 05:53:21,484 [INFO] Got command from the client 'session,2021-08-10_05-30-23,done'
ptd-server 2021-08-10 05:53:21,484 [INFO] Sending to ptd: 'Stop'
ptd-server 2021-08-10 05:53:21,484 [INFO] Reply from ptd: 'Error: no measurement to stop'
ptd-server 2021-08-10 05:53:21,484 [INFO] Sending to ptd: 'SR,V,Auto'
ptd-server 2021-08-10 05:53:22,015 [INFO] Reply from ptd: 'Range V changed'
ptd-server 2021-08-10 05:53:22,015 [INFO] Sending to ptd: 'SR,A,1.000000'
ptd-server 2021-08-10 05:53:23,535 [INFO] Reply from ptd: 'Range A changed'
ptd-server 2021-08-10 05:53:23,535 [INFO] Set initial values for Amps 1.000000 and Volts Auto
ptd-server 2021-08-10 05:53:23,535 [INFO] Stopping ptd...
