ptd-server 2021-08-08 04:01:15,523 [INFO] Got command from the client 'time'
ptd-server 2021-08-08 04:01:15,523 [INFO] Sending reply to client '1628391675.523262'
ptd-server 2021-08-08 04:01:15,526 [INFO] Got command from the client 'new,,04d4f1d8-049b-4b85-a8f9-f93386dd7137'
ptd-server 2021-08-08 04:01:15,526 [INFO] Sending reply to client 'OK 2021-08-08_04-01-15,7c139c4e-d15f-4341-86da-f93a362b3655'
ptd-server 2021-08-08 04:01:15,562 [INFO] Got command from the client 'time'
ptd-server 2021-08-08 04:01:15,562 [INFO] Sending reply to client '1628391675.5627828'
ptd-server 2021-08-08 04:01:15,564 [INFO] Got command from the client 'session,2021-08-08_04-01-15,start,ranging'
ptd-server 2021-08-08 04:01:15,565 [INFO] Running PTDaemon: ['/home/anton/projects/mlperf/power/inference_v1.0/ptd-linux-x86', '-l', '/tmp/tmpr3iqmcco/ptd_logfile.txt', '-p', '8888', '49', '/dev/usbtmc0']
ptd-server 2021-08-08 04:01:32,740 [INFO] Sending to ptd: 'Hello'
ptd-server 2021-08-08 04:01:32,740 [INFO] Reply from ptd: 'Hello, PTDaemon here!'
ptd-server 2021-08-08 04:01:32,741 [INFO] Sending to ptd: 'Identify'
ptd-server 2021-08-08 04:01:32,741 [INFO] Reply from ptd: 'YokogawaWT310E,1000,1,1,1,1,0,1,1,version=1.9.2-e8c7a49a-20201208,OS=Linux 5.8.0-63-generic #71~20.04.1-Ubuntu SMP Thu Jul 15 17:46:08 UTC 2021 x86_64,mode=power,1,1,1,0,0,no_cal_date,YOKOGAWA;WT310E;C3XA04010E;F1.04'
ptd-server 2021-08-08 04:01:32,741 [INFO] Connected to PTDaemon
ptd-server 2021-08-08 04:01:32,741 [INFO] Sending to ptd: 'RR'
ptd-server 2021-08-08 04:01:32,742 [INFO] Reply from ptd: 'Ranges,0,0.500000,0,300.000000'
ptd-server 2021-08-08 04:01:32,742 [INFO] Initial range for Amps is 0.500000 for Volts is 300.000000
ptd-server 2021-08-08 04:01:32,742 [INFO] Sending to ptd: 'SR,V,Auto'
ptd-server 2021-08-08 04:01:33,244 [INFO] Reply from ptd: 'Range V changed'
ptd-server 2021-08-08 04:01:33,244 [INFO] Sending to ptd: 'SR,A,Auto'
ptd-server 2021-08-08 04:01:33,747 [INFO] Reply from ptd: 'Range A changed'
ptd-server 2021-08-08 04:01:43,757 [INFO] Starting ranging mode
ptd-server 2021-08-08 04:01:43,757 [INFO] Sending to ptd: 'Go,1000,0,2021-08-08_04-01-15_ranging'
ptd-server 2021-08-08 04:01:43,758 [INFO] Reply from ptd: 'Starting untimed measurement, maximum 500000 samples at 1000ms with 0 rampup samples'
ptd-server 2021-08-08 04:01:43,758 [INFO] Sending reply to client 'OK'
ptd-server 2021-08-08 04:12:03,402 [INFO] Got command from the client 'session,2021-08-08_04-01-15,stop,ranging'
ptd-server 2021-08-08 04:12:13,412 [INFO] Sending to ptd: 'Stop'
ptd-server 2021-08-08 04:12:13,412 [INFO] Reply from ptd: 'Stopping untimed measurement'
ptd-server 2021-08-08 04:12:13,529 [INFO] Sending reply to client 'OK'
ptd-server 2021-08-08 04:12:13,591 [INFO] Got command from the client 'time'
ptd-server 2021-08-08 04:12:13,592 [INFO] Sending reply to client '1628392333.5920115'
ptd-server 2021-08-08 04:12:13,595 [INFO] Got command from the client 'session,2021-08-08_04-01-15,start,testing'
ptd-server 2021-08-08 04:12:13,595 [INFO] Sending to ptd: 'SR,V,249.660000'
ptd-server 2021-08-08 04:12:15,260 [INFO] Reply from ptd: 'Range V changed'
ptd-server 2021-08-08 04:12:15,260 [INFO] Sending to ptd: 'SR,A,0.221540'
ptd-server 2021-08-08 04:12:16,761 [INFO] Reply from ptd: 'Range A changed'
ptd-server 2021-08-08 04:12:26,771 [INFO] Starting testing mode
ptd-server 2021-08-08 04:12:26,772 [INFO] Sending to ptd: 'Go,1000,0,2021-08-08_04-01-15_testing'
ptd-server 2021-08-08 04:12:26,772 [INFO] Reply from ptd: 'Starting untimed measurement, maximum 500000 samples at 1000ms with 0 rampup samples'
ptd-server 2021-08-08 04:12:26,772 [INFO] Sending reply to client 'OK'
ptd-server 2021-08-08 04:22:46,297 [INFO] Got command from the client 'session,2021-08-08_04-01-15,stop,testing'
ptd-server 2021-08-08 04:22:56,308 [INFO] Sending to ptd: 'Stop'
ptd-server 2021-08-08 04:22:56,308 [INFO] Reply from ptd: 'Stopping untimed measurement'
ptd-server 2021-08-08 04:22:56,366 [INFO] Sending reply to client 'OK'
ptd-server 2021-08-08 04:22:56,394 [INFO] Got command from the client 'session,2021-08-08_04-01-15,done'
ptd-server 2021-08-08 04:22:56,395 [INFO] Sending to ptd: 'Stop'
ptd-server 2021-08-08 04:22:56,772 [INFO] Reply from ptd: 'Error: no measurement to stop'
ptd-server 2021-08-08 04:22:56,773 [INFO] Sending to ptd: 'SR,V,300.000000'
ptd-server 2021-08-08 04:22:58,274 [INFO] Reply from ptd: 'Range V changed'
ptd-server 2021-08-08 04:22:58,274 [INFO] Sending to ptd: 'SR,A,0.500000'
ptd-server 2021-08-08 04:22:59,775 [INFO] Reply from ptd: 'Range A changed'
ptd-server 2021-08-08 04:22:59,776 [INFO] Set initial values for Amps 0.500000 and Volts 300.000000
ptd-server 2021-08-08 04:22:59,776 [INFO] Stopping ptd...
