ptd-server 2021-08-11 23:34:07,619 [INFO] Got command from the client 'stop'
ptd-server 2021-08-11 23:34:07,619 [INFO] The server will be stopped after processing this client
ptd-server 2021-08-11 23:34:07,619 [INFO] Sending reply to client 'OK'
ptd-server 2021-08-11 23:34:07,619 [INFO] Got command from the client 'time'
ptd-server 2021-08-11 23:34:07,619 [INFO] Sending reply to client '1628724847.6190379'
ptd-server 2021-08-11 23:34:07,619 [INFO] Got command from the client 'new,,1e0c4519-a462-4ab1-8fbb-18796b53c640'
ptd-server 2021-08-11 23:34:07,634 [INFO] Sending reply to client 'OK 2021-08-11_23-34-07,9745e5e2-f5e8-4edc-a2dc-db797f735674'
ptd-server 2021-08-11 23:34:07,634 [INFO] Got command from the client 'time'
ptd-server 2021-08-11 23:34:07,634 [INFO] Sending reply to client '1628724847.6345513'
ptd-server 2021-08-11 23:34:07,634 [INFO] Got command from the client 'session,2021-08-11_23-34-07,start,ranging'
ptd-server 2021-08-11 23:34:07,743 [INFO] Running PTDaemon: ['.\\ptd-windows-x86.exe', '-l', 'C:\\Users\\root\\AppData\\Local\\Temp\\tmp5gcjb4jl\\ptd_logfile.txt', '-p', '8888', '-c', '2', '-y', '48', '100.83.149.90']
ptd-server 2021-08-11 23:34:26,864 [INFO] Sending to ptd: 'Hello'
ptd-server 2021-08-11 23:34:26,864 [INFO] Reply from ptd: 'Hello, PTDaemon here!'
ptd-server 2021-08-11 23:34:26,864 [INFO] Sending to ptd: 'Identify'
ptd-server 2021-08-11 23:34:26,864 [INFO] Reply from ptd: 'YokogawaWT500_multichannel,1000,1,1,1,1,0,0,1,version=1.9.2-3976349f-20201208,OS=Windows 8 / Server 2012,mode=power,1,1,3,0,0,no_cal_date,YOKOGAWA;760203;U1J802935;F1.21'
ptd-server 2021-08-11 23:34:26,864 [INFO] Connected to PTDaemon
ptd-server 2021-08-11 23:34:26,864 [INFO] Sending to ptd: 'RR'
ptd-server 2021-08-11 23:34:26,864 [INFO] Reply from ptd: 'Ranges,-1,-1.000000,-1,-1.000000'
ptd-server 2021-08-11 23:34:26,864 [INFO] Initial range for Amps is Auto for Volts is Auto
ptd-server 2021-08-11 23:34:26,864 [INFO] Sending to ptd: 'SR,V,Auto'
ptd-server 2021-08-11 23:34:27,130 [INFO] Reply from ptd: 'Range V changed'
ptd-server 2021-08-11 23:34:27,130 [INFO] Sending to ptd: 'SR,A,Auto'
ptd-server 2021-08-11 23:34:27,286 [INFO] Reply from ptd: 'Range A changed'
ptd-server 2021-08-11 23:34:37,288 [INFO] Starting ranging mode
ptd-server 2021-08-11 23:34:37,288 [INFO] Sending to ptd: 'Go,1000,0,2021-08-11_23-34-07_ranging'
ptd-server 2021-08-11 23:34:37,288 [INFO] Reply from ptd: 'Starting untimed measurement, maximum 500000 samples at 1000ms with 0 rampup samples'
ptd-server 2021-08-11 23:34:37,288 [INFO] Sending reply to client 'OK'
ptd-server 2021-08-11 23:46:30,621 [INFO] Got command from the client 'session,2021-08-11_23-34-07,stop,ranging'
ptd-server 2021-08-11 23:46:40,624 [INFO] Sending to ptd: 'Stop'
ptd-server 2021-08-11 23:46:40,624 [INFO] Reply from ptd: 'Stopping untimed measurement'
ptd-server 2021-08-11 23:46:40,671 [INFO] Sending reply to client 'OK'
ptd-server 2021-08-11 23:46:40,671 [INFO] Got command from the client 'time'
ptd-server 2021-08-11 23:46:40,671 [INFO] Sending reply to client '1628725600.6714492'
ptd-server 2021-08-11 23:46:40,671 [INFO] Got command from the client 'session,2021-08-11_23-34-07,start,testing'
ptd-server 2021-08-11 23:46:40,671 [INFO] Sending to ptd: 'SR,V,129.640000'
ptd-server 2021-08-11 23:46:42,526 [INFO] Reply from ptd: 'Range V changed'
ptd-server 2021-08-11 23:46:42,526 [INFO] Sending to ptd: 'SR,A,11.248000'
ptd-server 2021-08-11 23:46:43,249 [INFO] Reply from ptd: 'Range A changed'
ptd-server 2021-08-11 23:46:53,255 [INFO] Starting testing mode
ptd-server 2021-08-11 23:46:53,255 [INFO] Sending to ptd: 'Go,1000,0,2021-08-11_23-34-07_testing'
ptd-server 2021-08-11 23:46:53,255 [INFO] Reply from ptd: 'Starting untimed measurement, maximum 500000 samples at 1000ms with 0 rampup samples'
ptd-server 2021-08-11 23:46:53,255 [INFO] Sending reply to client 'OK'
ptd-server 2021-08-11 23:58:46,513 [INFO] Got command from the client 'session,2021-08-11_23-34-07,stop,testing'
ptd-server 2021-08-11 23:58:56,528 [INFO] Sending to ptd: 'Stop'
ptd-server 2021-08-11 23:58:56,528 [INFO] Reply from ptd: 'Stopping untimed measurement'
ptd-server 2021-08-11 23:58:56,543 [INFO] Sending reply to client 'OK'
ptd-server 2021-08-11 23:58:56,543 [INFO] Got command from the client 'session,2021-08-11_23-34-07,done'
ptd-server 2021-08-11 23:58:56,543 [INFO] Sending to ptd: 'Stop'
ptd-server 2021-08-11 23:58:57,270 [INFO] Reply from ptd: 'Error: no measurement to stop'
ptd-server 2021-08-11 23:58:57,270 [INFO] Sending to ptd: 'SR,V,Auto'
ptd-server 2021-08-11 23:58:57,488 [INFO] Reply from ptd: 'Range V changed'
ptd-server 2021-08-11 23:58:57,488 [INFO] Sending to ptd: 'SR,A,Auto'
ptd-server 2021-08-11 23:58:57,645 [INFO] Reply from ptd: 'Range A changed'
ptd-server 2021-08-11 23:58:57,645 [INFO] Set initial values for Amps Auto and Volts Auto
ptd-server 2021-08-11 23:58:57,645 [INFO] Stopping ptd...
