ptd-server 2021-08-12 04:15:41,401 [INFO] Got command from the client 'stop'
ptd-server 2021-08-12 04:15:41,401 [INFO] The server will be stopped after processing this client
ptd-server 2021-08-12 04:15:41,401 [INFO] Sending reply to client 'OK'
ptd-server 2021-08-12 04:15:41,417 [INFO] Got command from the client 'time'
ptd-server 2021-08-12 04:15:41,417 [INFO] Sending reply to client '1628741741.4174716'
ptd-server 2021-08-12 04:15:41,417 [INFO] Got command from the client 'new,,524c1657-a618-4e08-865d-175748febd51'
ptd-server 2021-08-12 04:15:41,417 [INFO] Sending reply to client 'OK 2021-08-12_04-15-41,1dad1240-773d-42e5-aeed-ad774d907c97'
ptd-server 2021-08-12 04:15:41,417 [INFO] Got command from the client 'time'
ptd-server 2021-08-12 04:15:41,417 [INFO] Sending reply to client '1628741741.4174716'
ptd-server 2021-08-12 04:15:41,417 [INFO] Got command from the client 'session,2021-08-12_04-15-41,start,ranging'
ptd-server 2021-08-12 04:15:41,526 [INFO] Running PTDaemon: ['.\\ptd-windows-x86.exe', '-l', 'C:\\Users\\root\\AppData\\Local\\Temp\\tmpwdmy0x61\\ptd_logfile.txt', '-p', '8888', '-c', '2', '-y', '48', '100.83.149.90']
ptd-server 2021-08-12 04:16:00,176 [INFO] Sending to ptd: 'Hello'
ptd-server 2021-08-12 04:16:00,176 [INFO] Reply from ptd: 'Hello, PTDaemon here!'
ptd-server 2021-08-12 04:16:00,176 [INFO] Sending to ptd: 'Identify'
ptd-server 2021-08-12 04:16:00,176 [INFO] Reply from ptd: 'YokogawaWT500_multichannel,1000,1,1,1,1,0,0,1,version=1.9.2-3976349f-20201208,OS=Windows 8 / Server 2012,mode=power,1,1,3,0,0,no_cal_date,YOKOGAWA;760203;U1J802935;F1.21'
ptd-server 2021-08-12 04:16:00,176 [INFO] Connected to PTDaemon
ptd-server 2021-08-12 04:16:00,176 [INFO] Sending to ptd: 'RR'
ptd-server 2021-08-12 04:16:00,176 [INFO] Reply from ptd: 'Ranges,-1,-1.000000,-1,-1.000000'
ptd-server 2021-08-12 04:16:00,176 [INFO] Initial range for Amps is Auto for Volts is Auto
ptd-server 2021-08-12 04:16:00,176 [INFO] Sending to ptd: 'SR,V,Auto'
ptd-server 2021-08-12 04:16:00,410 [INFO] Reply from ptd: 'Range V changed'
ptd-server 2021-08-12 04:16:00,410 [INFO] Sending to ptd: 'SR,A,Auto'
ptd-server 2021-08-12 04:16:00,566 [INFO] Reply from ptd: 'Range A changed'
ptd-server 2021-08-12 04:16:10,567 [INFO] Starting ranging mode
ptd-server 2021-08-12 04:16:10,567 [INFO] Sending to ptd: 'Go,1000,0,2021-08-12_04-15-41_ranging'
ptd-server 2021-08-12 04:16:10,567 [INFO] Reply from ptd: 'Starting untimed measurement, maximum 500000 samples at 1000ms with 0 rampup samples'
ptd-server 2021-08-12 04:16:10,567 [INFO] Sending reply to client 'OK'
ptd-server 2021-08-12 04:27:11,153 [INFO] Got command from the client 'session,2021-08-12_04-15-41,stop,ranging'
ptd-server 2021-08-12 04:27:21,156 [INFO] Sending to ptd: 'Stop'
ptd-server 2021-08-12 04:27:21,156 [INFO] Reply from ptd: 'Stopping untimed measurement'
ptd-server 2021-08-12 04:27:21,188 [INFO] Sending reply to client 'OK'
ptd-server 2021-08-12 04:27:21,188 [INFO] Got command from the client 'time'
ptd-server 2021-08-12 04:27:21,188 [INFO] Sending reply to client '1628742441.188012'
ptd-server 2021-08-12 04:27:21,188 [INFO] Got command from the client 'session,2021-08-12_04-15-41,start,testing'
ptd-server 2021-08-12 04:27:21,188 [INFO] Sending to ptd: 'SR,V,129.700000'
ptd-server 2021-08-12 04:27:22,801 [INFO] Reply from ptd: 'Range V changed'
ptd-server 2021-08-12 04:27:22,801 [INFO] Sending to ptd: 'SR,A,9.938000'
ptd-server 2021-08-12 04:27:23,534 [INFO] Reply from ptd: 'Range A changed'
ptd-server 2021-08-12 04:27:33,542 [INFO] Starting testing mode
ptd-server 2021-08-12 04:27:33,542 [INFO] Sending to ptd: 'Go,1000,0,2021-08-12_04-15-41_testing'
ptd-server 2021-08-12 04:27:33,542 [INFO] Reply from ptd: 'Starting untimed measurement, maximum 500000 samples at 1000ms with 0 rampup samples'
ptd-server 2021-08-12 04:27:33,542 [INFO] Sending reply to client 'OK'
ptd-server 2021-08-12 04:38:33,984 [INFO] Got command from the client 'session,2021-08-12_04-15-41,stop,testing'
ptd-server 2021-08-12 04:38:44,014 [INFO] Sending to ptd: 'Stop'
ptd-server 2021-08-12 04:38:44,014 [INFO] Reply from ptd: 'Stopping untimed measurement'
ptd-server 2021-08-12 04:38:44,029 [INFO] Sending reply to client 'OK'
ptd-server 2021-08-12 04:38:44,029 [INFO] Got command from the client 'session,2021-08-12_04-15-41,done'
ptd-server 2021-08-12 04:38:44,029 [INFO] Sending to ptd: 'Stop'
ptd-server 2021-08-12 04:38:44,558 [INFO] Reply from ptd: 'Error: no measurement to stop'
ptd-server 2021-08-12 04:38:44,558 [INFO] Sending to ptd: 'SR,V,Auto'
ptd-server 2021-08-12 04:38:44,776 [INFO] Reply from ptd: 'Range V changed'
ptd-server 2021-08-12 04:38:44,776 [INFO] Sending to ptd: 'SR,A,Auto'
ptd-server 2021-08-12 04:38:44,924 [INFO] Reply from ptd: 'Range A changed'
ptd-server 2021-08-12 04:38:44,924 [INFO] Set initial values for Amps Auto and Volts Auto
ptd-server 2021-08-12 04:38:44,924 [INFO] Stopping ptd...
