ptd-server 2021-08-08 06:26:00,495 [INFO] Got command from the client 'time'
ptd-server 2021-08-08 06:26:00,495 [INFO] Sending reply to client '1628400360.4952903'
ptd-server 2021-08-08 06:26:00,498 [INFO] Got command from the client 'new,,aea07fd7-8bdf-4f1b-b752-4f0d81ff7224'
ptd-server 2021-08-08 06:26:00,498 [INFO] Sending reply to client 'OK 2021-08-08_06-26-00,eac56ddd-9fed-4317-ba55-4f2e779b49f5'
ptd-server 2021-08-08 06:26:00,534 [INFO] Got command from the client 'time'
ptd-server 2021-08-08 06:26:00,534 [INFO] Sending reply to client '1628400360.5346553'
ptd-server 2021-08-08 06:26:00,536 [INFO] Got command from the client 'session,2021-08-08_06-26-00,start,ranging'
ptd-server 2021-08-08 06:26:00,536 [INFO] Running PTDaemon: ['/home/anton/projects/mlperf/power/inference_v1.0/ptd-linux-x86', '-l', '/tmp/tmpr3iqmcco/ptd_logfile.txt', '-p', '8888', '49', '/dev/usbtmc0']
ptd-server 2021-08-08 06:26:17,708 [INFO] Sending to ptd: 'Hello'
ptd-server 2021-08-08 06:26:17,709 [INFO] Reply from ptd: 'Hello, PTDaemon here!'
ptd-server 2021-08-08 06:26:17,709 [INFO] Sending to ptd: 'Identify'
ptd-server 2021-08-08 06:26:17,709 [INFO] Reply from ptd: 'YokogawaWT310E,1000,1,1,1,1,0,1,1,version=1.9.2-e8c7a49a-20201208,OS=Linux 5.8.0-63-generic #71~20.04.1-Ubuntu SMP Thu Jul 15 17:46:08 UTC 2021 x86_64,mode=power,1,1,1,0,0,no_cal_date,YOKOGAWA;WT310E;C3XA04010E;F1.04'
ptd-server 2021-08-08 06:26:17,710 [INFO] Connected to PTDaemon
ptd-server 2021-08-08 06:26:17,710 [INFO] Sending to ptd: 'RR'
ptd-server 2021-08-08 06:26:17,710 [INFO] Reply from ptd: 'Ranges,0,0.500000,0,300.000000'
ptd-server 2021-08-08 06:26:17,710 [INFO] Initial range for Amps is 0.500000 for Volts is 300.000000
ptd-server 2021-08-08 06:26:17,710 [INFO] Sending to ptd: 'SR,V,Auto'
ptd-server 2021-08-08 06:26:18,213 [INFO] Reply from ptd: 'Range V changed'
ptd-server 2021-08-08 06:26:18,213 [INFO] Sending to ptd: 'SR,A,Auto'
ptd-server 2021-08-08 06:26:18,715 [INFO] Reply from ptd: 'Range A changed'
ptd-server 2021-08-08 06:26:28,725 [INFO] Starting ranging mode
ptd-server 2021-08-08 06:26:28,726 [INFO] Sending to ptd: 'Go,1000,0,2021-08-08_06-26-00_ranging'
ptd-server 2021-08-08 06:26:28,726 [INFO] Reply from ptd: 'Starting untimed measurement, maximum 500000 samples at 1000ms with 0 rampup samples'
ptd-server 2021-08-08 06:26:28,726 [INFO] Sending reply to client 'OK'
ptd-server 2021-08-08 06:36:48,346 [INFO] Got command from the client 'session,2021-08-08_06-26-00,stop,ranging'
ptd-server 2021-08-08 06:36:58,357 [INFO] Sending to ptd: 'Stop'
ptd-server 2021-08-08 06:36:58,357 [INFO] Reply from ptd: 'Stopping untimed measurement'
ptd-server 2021-08-08 06:36:58,480 [INFO] Sending reply to client 'OK'
ptd-server 2021-08-08 06:36:58,541 [INFO] Got command from the client 'time'
ptd-server 2021-08-08 06:36:58,541 [INFO] Sending reply to client '1628401018.5413852'
ptd-server 2021-08-08 06:36:58,543 [INFO] Got command from the client 'session,2021-08-08_06-26-00,start,testing'
ptd-server 2021-08-08 06:36:58,544 [INFO] Sending to ptd: 'SR,V,249.650000'
ptd-server 2021-08-08 06:37:00,227 [INFO] Reply from ptd: 'Range V changed'
ptd-server 2021-08-08 06:37:00,228 [INFO] Sending to ptd: 'SR,A,0.198440'
ptd-server 2021-08-08 06:37:01,729 [INFO] Reply from ptd: 'Range A changed'
ptd-server 2021-08-08 06:37:11,739 [INFO] Starting testing mode
ptd-server 2021-08-08 06:37:11,739 [INFO] Sending to ptd: 'Go,1000,0,2021-08-08_06-26-00_testing'
ptd-server 2021-08-08 06:37:11,740 [INFO] Reply from ptd: 'Starting untimed measurement, maximum 500000 samples at 1000ms with 0 rampup samples'
ptd-server 2021-08-08 06:37:11,740 [INFO] Sending reply to client 'OK'
ptd-server 2021-08-08 06:47:31,276 [INFO] Got command from the client 'session,2021-08-08_06-26-00,stop,testing'
ptd-server 2021-08-08 06:47:41,287 [INFO] Sending to ptd: 'Stop'
ptd-server 2021-08-08 06:47:41,287 [INFO] Reply from ptd: 'Stopping untimed measurement'
ptd-server 2021-08-08 06:47:41,351 [INFO] Sending reply to client 'OK'
ptd-server 2021-08-08 06:47:41,369 [INFO] Got command from the client 'session,2021-08-08_06-26-00,done'
ptd-server 2021-08-08 06:47:41,369 [INFO] Sending to ptd: 'Stop'
ptd-server 2021-08-08 06:47:41,740 [INFO] Reply from ptd: 'Error: no measurement to stop'
ptd-server 2021-08-08 06:47:41,740 [INFO] Sending to ptd: 'SR,V,300.000000'
ptd-server 2021-08-08 06:47:43,242 [INFO] Reply from ptd: 'Range V changed'
ptd-server 2021-08-08 06:47:43,242 [INFO] Sending to ptd: 'SR,A,0.500000'
ptd-server 2021-08-08 06:47:44,744 [INFO] Reply from ptd: 'Range A changed'
ptd-server 2021-08-08 06:47:44,744 [INFO] Set initial values for Amps 0.500000 and Volts 300.000000
ptd-server 2021-08-08 06:47:44,744 [INFO] Stopping ptd...
