ptd-server 2021-08-08 03:39:24,516 [INFO] Got command from the client 'time'
ptd-server 2021-08-08 03:39:24,516 [INFO] Sending reply to client '1628390364.5168428'
ptd-server 2021-08-08 03:39:24,520 [INFO] Got command from the client 'new,,9a68f13f-9075-4fb0-979b-67b59f9677c4'
ptd-server 2021-08-08 03:39:24,522 [INFO] Sending reply to client 'OK 2021-08-08_03-39-24,ac4d0b6f-0357-4abf-a8a6-6f3595e4eb6d'
ptd-server 2021-08-08 03:39:24,558 [INFO] Got command from the client 'time'
ptd-server 2021-08-08 03:39:24,558 [INFO] Sending reply to client '1628390364.5588627'
ptd-server 2021-08-08 03:39:24,561 [INFO] Got command from the client 'session,2021-08-08_03-39-24,start,ranging'
ptd-server 2021-08-08 03:39:24,561 [INFO] Running PTDaemon: ['/home/anton/projects/mlperf/power/inference_v1.0/ptd-linux-x86', '-l', '/tmp/tmpr3iqmcco/ptd_logfile.txt', '-p', '8888', '49', '/dev/usbtmc0']
ptd-server 2021-08-08 03:39:41,734 [INFO] Sending to ptd: 'Hello'
ptd-server 2021-08-08 03:39:41,734 [INFO] Reply from ptd: 'Hello, PTDaemon here!'
ptd-server 2021-08-08 03:39:41,734 [INFO] Sending to ptd: 'Identify'
ptd-server 2021-08-08 03:39:41,735 [INFO] Reply from ptd: 'YokogawaWT310E,1000,1,1,1,1,0,1,1,version=1.9.2-e8c7a49a-20201208,OS=Linux 5.8.0-63-generic #71~20.04.1-Ubuntu SMP Thu Jul 15 17:46:08 UTC 2021 x86_64,mode=power,1,1,1,0,0,no_cal_date,YOKOGAWA;WT310E;C3XA04010E;F1.04'
ptd-server 2021-08-08 03:39:41,735 [INFO] Connected to PTDaemon
ptd-server 2021-08-08 03:39:41,735 [INFO] Sending to ptd: 'RR'
ptd-server 2021-08-08 03:39:41,735 [INFO] Reply from ptd: 'Ranges,0,0.500000,0,300.000000'
ptd-server 2021-08-08 03:39:41,736 [INFO] Initial range for Amps is 0.500000 for Volts is 300.000000
ptd-server 2021-08-08 03:39:41,736 [INFO] Sending to ptd: 'SR,V,Auto'
ptd-server 2021-08-08 03:39:42,238 [INFO] Reply from ptd: 'Range V changed'
ptd-server 2021-08-08 03:39:42,238 [INFO] Sending to ptd: 'SR,A,Auto'
ptd-server 2021-08-08 03:39:42,741 [INFO] Reply from ptd: 'Range A changed'
ptd-server 2021-08-08 03:39:52,751 [INFO] Starting ranging mode
ptd-server 2021-08-08 03:39:52,751 [INFO] Sending to ptd: 'Go,1000,0,2021-08-08_03-39-24_ranging'
ptd-server 2021-08-08 03:39:52,752 [INFO] Reply from ptd: 'Starting untimed measurement, maximum 500000 samples at 1000ms with 0 rampup samples'
ptd-server 2021-08-08 03:39:52,752 [INFO] Sending reply to client 'OK'
ptd-server 2021-08-08 03:50:12,359 [INFO] Got command from the client 'session,2021-08-08_03-39-24,stop,ranging'
ptd-server 2021-08-08 03:50:22,370 [INFO] Sending to ptd: 'Stop'
ptd-server 2021-08-08 03:50:22,370 [INFO] Reply from ptd: 'Stopping untimed measurement'
ptd-server 2021-08-08 03:50:22,481 [INFO] Sending reply to client 'OK'
ptd-server 2021-08-08 03:50:22,554 [INFO] Got command from the client 'time'
ptd-server 2021-08-08 03:50:22,554 [INFO] Sending reply to client '1628391022.5545619'
ptd-server 2021-08-08 03:50:22,557 [INFO] Got command from the client 'session,2021-08-08_03-39-24,start,testing'
ptd-server 2021-08-08 03:50:22,557 [INFO] Sending to ptd: 'SR,V,251.400000'
ptd-server 2021-08-08 03:50:24,253 [INFO] Reply from ptd: 'Range V changed'
ptd-server 2021-08-08 03:50:24,253 [INFO] Sending to ptd: 'SR,A,0.170630'
ptd-server 2021-08-08 03:50:25,754 [INFO] Reply from ptd: 'Range A changed'
ptd-server 2021-08-08 03:50:35,765 [INFO] Starting testing mode
ptd-server 2021-08-08 03:50:35,765 [INFO] Sending to ptd: 'Go,1000,0,2021-08-08_03-39-24_testing'
ptd-server 2021-08-08 03:50:35,765 [INFO] Reply from ptd: 'Starting untimed measurement, maximum 500000 samples at 1000ms with 0 rampup samples'
ptd-server 2021-08-08 03:50:35,765 [INFO] Sending reply to client 'OK'
ptd-server 2021-08-08 04:00:55,193 [INFO] Got command from the client 'session,2021-08-08_03-39-24,stop,testing'
ptd-server 2021-08-08 04:01:05,203 [INFO] Sending to ptd: 'Stop'
ptd-server 2021-08-08 04:01:05,204 [INFO] Reply from ptd: 'Stopping untimed measurement'
ptd-server 2021-08-08 04:01:05,261 [INFO] Sending reply to client 'OK'
ptd-server 2021-08-08 04:01:05,281 [INFO] Got command from the client 'session,2021-08-08_03-39-24,done'
ptd-server 2021-08-08 04:01:05,281 [INFO] Sending to ptd: 'Stop'
ptd-server 2021-08-08 04:01:05,766 [INFO] Reply from ptd: 'Error: no measurement to stop'
ptd-server 2021-08-08 04:01:05,766 [INFO] Sending to ptd: 'SR,V,300.000000'
ptd-server 2021-08-08 04:01:07,267 [INFO] Reply from ptd: 'Range V changed'
ptd-server 2021-08-08 04:01:07,267 [INFO] Sending to ptd: 'SR,A,0.500000'
ptd-server 2021-08-08 04:01:08,768 [INFO] Reply from ptd: 'Range A changed'
ptd-server 2021-08-08 04:01:08,769 [INFO] Set initial values for Amps 0.500000 and Volts 300.000000
ptd-server 2021-08-08 04:01:08,769 [INFO] Stopping ptd...
