client 2021-08-12 19:56:27,851 [INFO] Sending command to the server: 'mlcommons/power client v3'
client 2021-08-12 19:56:27,853 [INFO] Got response: 'mlcommons/power server v3'
client 2021-08-12 19:56:27,853 [INFO] Sending command to the server: 'stop'
client 2021-08-12 19:56:27,855 [INFO] Got response: 'OK'
client 2021-08-12 19:56:27,855 [INFO] Synchronizing with the server and with 100.64.0.18...
client 2021-08-12 19:56:27,859 [INFO] NTP:offset = -0.000 s, delay = 0.001 s 
client 2021-08-12 19:56:27,859 [INFO] Sending command to the server: 'time'
client 2021-08-12 19:56:27,861 [INFO] Got response: '1628798187.8328202'
client 2021-08-12 19:56:27,861 [INFO] The time difference between the client and the server is within range 27.087 ms..29.004 ms
client 2021-08-12 19:56:27,861 [INFO] Sending command to the server: 'new,,fd8df37f-a83b-411c-924e-abb733521a7f'
client 2021-08-12 19:56:27,864 [INFO] Got response: 'OK 2021-08-12_19-56-27,ed71dfe2-1e1e-43ef-a63a-53dc6b340053'
client 2021-08-12 19:56:27,864 [INFO] Session id is '2021-08-12_19-56-27'
client 2021-08-12 19:56:27,864 [INFO] Sources: {"sources": {"__init__.py": "da39a3ee5e6b4b0d3255bfef95601890afd80709", "client.py": "33ca4f26368777ac06e01f9567b714a4b8063886", "lib/__init__.py": "da39a3ee5e6b4b0d3255bfef95601890afd80709", "lib/client.py": "4c2b78fb4849a7e5b584ef792d82aaed20b17f57", "lib/common.py": "624d0c0acc7c39aaff3674f0b99d6a09da53d1dc", "lib/external/__init__.py": "da39a3ee5e6b4b0d3255bfef95601890afd80709", "lib/external/ntplib.py": "4da8f970656505a40483206ef2b5d3dd5e81711d", "lib/server.py": "59c9fb92908260d3e9f81a895c7aa009742275e4", "lib/source_hashes.py": "60a2e02193209e8d392803326208d5466342da18", "lib/summary.py": "aa92f0a3f975eecd44d3c0cd0236342ccc9f941d", "lib/time_sync.py": "3210db56eb0ff0df57bf4293dc4d4b03fffd46f1", "server.py": "c3f90f2f7eeb4db30727556d0c815ebc89b3d28b", "tests/unit/__init__.py": "da39a3ee5e6b4b0d3255bfef95601890afd80709", "tests/unit/test_server.py": "99ae15aef722f2000ee6ed1ae1523637bf1ae42b", "tests/unit/test_source_hashes.py": "00468a2907583c593e6574a1f6b404e4651c221a"}, "modules": {"ptd_client_server.lib.client": "lib/client.py", "ptd_client_server.lib.common": "lib/common.py", "ptd_client_server.lib.external.ntplib": "lib/external/ntplib.py", "ptd_client_server.lib.source_hashes": "lib/source_hashes.py", "ptd_client_server.lib.summary": "lib/summary.py", "ptd_client_server.lib.time_sync": "lib/time_sync.py"}}
client 2021-08-12 19:56:27,865 [INFO] Running workload in ranging mode
client 2021-08-12 19:56:27,865 [INFO] Synchronizing with the server and with 100.64.0.18...
client 2021-08-12 19:56:27,867 [INFO] NTP:offset = -0.000 s, delay = 0.001 s 
client 2021-08-12 19:56:27,867 [INFO] Sending command to the server: 'time'
client 2021-08-12 19:56:27,868 [INFO] Got response: '1628798187.8484986'
client 2021-08-12 19:56:27,868 [INFO] The time difference between the client and the server is within range 18.714 ms..20.423 ms
client 2021-08-12 19:56:27,869 [INFO] Sending command to the server: 'session,2021-08-12_19-56-27,start,ranging'
client 2021-08-12 19:56:51,738 [INFO] Got response: 'OK'
client 2021-08-12 19:56:51,738 [INFO] Running the workload 'LOG_DIR=/work/build/power_logs_temp python3 code/main.py --benchmarks=rnnt --scenarios=Offline --config_ver=maxq--test_mode=PerformanceOnly --action="run_harness" \\\n\t\t&& if [ ! -d /work/build/power_logs/2021.08.12-19.56.22/ranging_tmp ]; \\\n\t\t\tthen mkdir /work/build/power_logs/2021.08.12-19.56.22/ranging_tmp \\\n\t\t\t\t&& mv /work/build/power_logs_temp/* /work/build/power_logs/2021.08.12-19.56.22/ranging_tmp/ \\\n\t\t\t\t&& cp -v /work/build/power_logs/2021.08.12-19.56.22/ranging_tmp/*/*/*/mlperf_log_detail.txt /work/build/power_logs_temp/ \\\n\t\t\t\t&& cp -v /work/build/power_logs/2021.08.12-19.56.22/ranging_tmp/*/*/*/mlperf_log_summary.txt /work/build/power_logs_temp/; \\\n\t\t\telse mkdir /work/build/power_logs/2021.08.12-19.56.22/testing_tmp \\\n\t\t\t\t&& mv /work/build/power_logs_temp/* /work/build/power_logs/2021.08.12-19.56.22/testing_tmp/ \\\n\t\t\t\t&& cp -v /work/build/power_logs/2021.08.12-19.56.22/testing_tmp/*/*/*/mlperf_log_detail.txt /work/build/power_logs_temp/ \\\n\t\t\t\t&& cp -v /work/build/power_logs/2021.08.12-19.56.22/testing_tmp/*/*/*/mlperf_log_summary.txt /work/build/power_logs_temp/; fi'
client 2021-08-12 20:07:22,576 [INFO] Sending command to the server: 'session,2021-08-12_19-56-27,stop,ranging'
client 2021-08-12 20:07:32,618 [INFO] Got response: 'OK'
client 2021-08-12 20:07:32,628 [INFO] Copying loadgen logs from '/work/build/power_logs_temp' to '/work/build/power_logs/2021.08.12-19.56.22/2021-08-12_19-56-27/ranging'
client 2021-08-12 20:07:32,628 [INFO] Running workload in testing mode
client 2021-08-12 20:07:32,629 [INFO] Synchronizing with the server and with 100.64.0.18...
client 2021-08-12 20:07:32,631 [INFO] NTP:offset = -0.000 s, delay = 0.001 s 
client 2021-08-12 20:07:32,631 [INFO] Sending command to the server: 'time'
client 2021-08-12 20:07:32,633 [INFO] Got response: '1628798852.60047'
client 2021-08-12 20:07:32,633 [INFO] The time difference between the client and the server is within range 30.969 ms..32.826 ms
client 2021-08-12 20:07:32,633 [INFO] Sending command to the server: 'session,2021-08-12_19-56-27,start,testing'
client 2021-08-12 20:07:45,809 [INFO] Got response: 'OK'
client 2021-08-12 20:07:45,809 [INFO] Running the workload 'LOG_DIR=/work/build/power_logs_temp python3 code/main.py --benchmarks=rnnt --scenarios=Offline --config_ver=maxq--test_mode=PerformanceOnly --action="run_harness" \\\n\t\t&& if [ ! -d /work/build/power_logs/2021.08.12-19.56.22/ranging_tmp ]; \\\n\t\t\tthen mkdir /work/build/power_logs/2021.08.12-19.56.22/ranging_tmp \\\n\t\t\t\t&& mv /work/build/power_logs_temp/* /work/build/power_logs/2021.08.12-19.56.22/ranging_tmp/ \\\n\t\t\t\t&& cp -v /work/build/power_logs/2021.08.12-19.56.22/ranging_tmp/*/*/*/mlperf_log_detail.txt /work/build/power_logs_temp/ \\\n\t\t\t\t&& cp -v /work/build/power_logs/2021.08.12-19.56.22/ranging_tmp/*/*/*/mlperf_log_summary.txt /work/build/power_logs_temp/; \\\n\t\t\telse mkdir /work/build/power_logs/2021.08.12-19.56.22/testing_tmp \\\n\t\t\t\t&& mv /work/build/power_logs_temp/* /work/build/power_logs/2021.08.12-19.56.22/testing_tmp/ \\\n\t\t\t\t&& cp -v /work/build/power_logs/2021.08.12-19.56.22/testing_tmp/*/*/*/mlperf_log_detail.txt /work/build/power_logs_temp/ \\\n\t\t\t\t&& cp -v /work/build/power_logs/2021.08.12-19.56.22/testing_tmp/*/*/*/mlperf_log_summary.txt /work/build/power_logs_temp/; fi'
client 2021-08-12 20:18:17,992 [INFO] Sending command to the server: 'session,2021-08-12_19-56-27,stop,testing'
client 2021-08-12 20:18:28,029 [INFO] Got response: 'OK'
client 2021-08-12 20:18:28,031 [INFO] Copying loadgen logs from '/work/build/power_logs_temp' to '/work/build/power_logs/2021.08.12-19.56.22/2021-08-12_19-56-27/run_1'
client 2021-08-12 20:18:28,033 [INFO] Done runs
