ptd-server 2021-08-12 19:56:27,832 [INFO] Got command from the client 'stop'
ptd-server 2021-08-12 19:56:27,832 [INFO] The server will be stopped after processing this client
ptd-server 2021-08-12 19:56:27,832 [INFO] Sending reply to client 'OK'
ptd-server 2021-08-12 19:56:27,832 [INFO] Got command from the client 'time'
ptd-server 2021-08-12 19:56:27,832 [INFO] Sending reply to client '1628798187.8328202'
ptd-server 2021-08-12 19:56:27,832 [INFO] Got command from the client 'new,,fd8df37f-a83b-411c-924e-abb733521a7f'
ptd-server 2021-08-12 19:56:27,832 [INFO] Sending reply to client 'OK 2021-08-12_19-56-27,ed71dfe2-1e1e-43ef-a63a-53dc6b340053'
ptd-server 2021-08-12 19:56:27,848 [INFO] Got command from the client 'time'
ptd-server 2021-08-12 19:56:27,848 [INFO] Sending reply to client '1628798187.8484986'
ptd-server 2021-08-12 19:56:27,848 [INFO] Got command from the client 'session,2021-08-12_19-56-27,start,ranging'
ptd-server 2021-08-12 19:56:27,957 [INFO] Running PTDaemon: ['.\\ptd-windows-x86.exe', '-l', 'C:\\Users\\root\\AppData\\Local\\Temp\\tmpbqh6b0sw\\ptd_logfile.txt', '-p', '8888', '-g', '8', '1']
ptd-server 2021-08-12 19:56:40,665 [INFO] Sending to ptd: 'Hello'
ptd-server 2021-08-12 19:56:40,665 [INFO] Reply from ptd: 'Hello, PTDaemon here!'
ptd-server 2021-08-12 19:56:40,665 [INFO] Sending to ptd: 'Identify'
ptd-server 2021-08-12 19:56:40,665 [INFO] Reply from ptd: 'YokogawaWT210,1000,1,1,1,1,0,0,1,version=1.9.2-3976349f-20201208,OS=Windows 8 / Server 2012,mode=power,1,1,1,0,0,no_cal_date,YOKOGAWA;760401;0;F1.12'
ptd-server 2021-08-12 19:56:40,665 [INFO] Connected to PTDaemon
ptd-server 2021-08-12 19:56:40,665 [INFO] Sending to ptd: 'RR'
ptd-server 2021-08-12 19:56:40,665 [INFO] Reply from ptd: 'Ranges,0,5.000000,0,150.000000'
ptd-server 2021-08-12 19:56:40,665 [INFO] Initial range for Amps is 5.000000 for Volts is 150.000000
ptd-server 2021-08-12 19:56:40,665 [INFO] Sending to ptd: 'SR,V,Auto'
ptd-server 2021-08-12 19:56:41,194 [INFO] Reply from ptd: 'Range V changed'
ptd-server 2021-08-12 19:56:41,194 [INFO] Sending to ptd: 'SR,A,Auto'
ptd-server 2021-08-12 19:56:41,713 [INFO] Reply from ptd: 'Range A changed'
ptd-server 2021-08-12 19:56:51,715 [INFO] Starting ranging mode
ptd-server 2021-08-12 19:56:51,715 [INFO] Sending to ptd: 'Go,1000,0,2021-08-12_19-56-27_ranging'
ptd-server 2021-08-12 19:56:51,715 [INFO] Reply from ptd: 'Starting untimed measurement, maximum 500000 samples at 1000ms with 0 rampup samples'
ptd-server 2021-08-12 19:56:51,715 [INFO] Sending reply to client 'OK'
ptd-server 2021-08-12 20:07:22,553 [INFO] Got command from the client 'session,2021-08-12_19-56-27,stop,ranging'
ptd-server 2021-08-12 20:07:32,553 [INFO] Sending to ptd: 'Stop'
ptd-server 2021-08-12 20:07:32,553 [INFO] Reply from ptd: 'Stopping untimed measurement'
ptd-server 2021-08-12 20:07:32,584 [INFO] Sending reply to client 'OK'
ptd-server 2021-08-12 20:07:32,600 [INFO] Got command from the client 'time'
ptd-server 2021-08-12 20:07:32,600 [INFO] Sending reply to client '1628798852.60047'
ptd-server 2021-08-12 20:07:32,600 [INFO] Got command from the client 'session,2021-08-12_19-56-27,start,testing'
ptd-server 2021-08-12 20:07:32,600 [INFO] Sending to ptd: 'SR,V,118.440000'
ptd-server 2021-08-12 20:07:34,250 [INFO] Reply from ptd: 'Range V changed'
ptd-server 2021-08-12 20:07:34,250 [INFO] Sending to ptd: 'SR,A,3.464200'
ptd-server 2021-08-12 20:07:35,770 [INFO] Reply from ptd: 'Range A changed'
ptd-server 2021-08-12 20:07:45,782 [INFO] Starting testing mode
ptd-server 2021-08-12 20:07:45,782 [INFO] Sending to ptd: 'Go,1000,0,2021-08-12_19-56-27_testing'
ptd-server 2021-08-12 20:07:45,782 [INFO] Reply from ptd: 'Starting untimed measurement, maximum 500000 samples at 1000ms with 0 rampup samples'
ptd-server 2021-08-12 20:07:45,782 [INFO] Sending reply to client 'OK'
ptd-server 2021-08-12 20:18:17,956 [INFO] Got command from the client 'session,2021-08-12_19-56-27,stop,testing'
ptd-server 2021-08-12 20:18:27,971 [INFO] Sending to ptd: 'Stop'
ptd-server 2021-08-12 20:18:27,971 [INFO] Reply from ptd: 'Stopping untimed measurement'
ptd-server 2021-08-12 20:18:28,002 [INFO] Sending reply to client 'OK'
ptd-server 2021-08-12 20:18:28,002 [INFO] Got command from the client 'session,2021-08-12_19-56-27,done'
ptd-server 2021-08-12 20:18:28,002 [INFO] Sending to ptd: 'Stop'
ptd-server 2021-08-12 20:18:28,800 [INFO] Reply from ptd: 'Error: no measurement to stop'
ptd-server 2021-08-12 20:18:28,800 [INFO] Sending to ptd: 'SR,V,150.000000'
ptd-server 2021-08-12 20:18:30,325 [INFO] Reply from ptd: 'Range V changed'
ptd-server 2021-08-12 20:18:30,325 [INFO] Sending to ptd: 'SR,A,5.000000'
ptd-server 2021-08-12 20:18:31,856 [INFO] Reply from ptd: 'Range A changed'
ptd-server 2021-08-12 20:18:31,856 [INFO] Set initial values for Amps 5.000000 and Volts 150.000000
ptd-server 2021-08-12 20:18:31,856 [INFO] Stopping ptd...
