client 2021-08-13 10:29:37,135 [INFO] Sending command to the server: 'mlcommons/power client v3'
client 2021-08-13 10:29:37,142 [INFO] Got response: 'mlcommons/power server v3'
client 2021-08-13 10:29:37,142 [INFO] Sending command to the server: 'stop'
client 2021-08-13 10:29:37,144 [INFO] Got response: 'OK'
client 2021-08-13 10:29:37,144 [INFO] Synchronizing with the server and with ntp.aliyun.com...
client 2021-08-13 10:29:37,485 [INFO] NTP:offset = 0.028 s, delay = 0.027 s 
client 2021-08-13 10:29:37,485 [INFO] Sending command to the server: 'time'
client 2021-08-13 10:29:37,493 [INFO] Got response: '1628850577.49284'
client 2021-08-13 10:29:37,493 [INFO] The time difference between the client and the server is within range -7.285 ms..0.481 ms
client 2021-08-13 10:29:37,493 [INFO] Sending command to the server: 'new,,2f3496bc-3e5b-47cb-9616-242437c42e9c'
client 2021-08-13 10:29:37,495 [INFO] Got response: 'OK 2021-08-13_10-29-37,09b61937-b5ca-46fc-81a8-cbfd74c1ef10'
client 2021-08-13 10:29:37,495 [INFO] Session id is '2021-08-13_10-29-37'
client 2021-08-13 10:29:37,495 [INFO] Sources: {"sources": {"__init__.py": "da39a3ee5e6b4b0d3255bfef95601890afd80709", "client.py": "33ca4f26368777ac06e01f9567b714a4b8063886", "lib/__init__.py": "da39a3ee5e6b4b0d3255bfef95601890afd80709", "lib/client.py": "4c2b78fb4849a7e5b584ef792d82aaed20b17f57", "lib/common.py": "624d0c0acc7c39aaff3674f0b99d6a09da53d1dc", "lib/external/__init__.py": "da39a3ee5e6b4b0d3255bfef95601890afd80709", "lib/external/ntplib.py": "4da8f970656505a40483206ef2b5d3dd5e81711d", "lib/server.py": "24ae49fb193809cf47f2c18b1c9c7c866244be4d", "lib/source_hashes.py": "60a2e02193209e8d392803326208d5466342da18", "lib/summary.py": "aa92f0a3f975eecd44d3c0cd0236342ccc9f941d", "lib/time_sync.py": "3210db56eb0ff0df57bf4293dc4d4b03fffd46f1", "server.py": "c3f90f2f7eeb4db30727556d0c815ebc89b3d28b", "tests/unit/__init__.py": "da39a3ee5e6b4b0d3255bfef95601890afd80709", "tests/unit/test_server.py": "99ae15aef722f2000ee6ed1ae1523637bf1ae42b", "tests/unit/test_source_hashes.py": "00468a2907583c593e6574a1f6b404e4651c221a"}, "modules": {"ptd_client_server.lib.client": "lib/client.py", "ptd_client_server.lib.common": "lib/common.py", "ptd_client_server.lib.external.ntplib": "lib/external/ntplib.py", "ptd_client_server.lib.source_hashes": "lib/source_hashes.py", "ptd_client_server.lib.summary": "lib/summary.py", "ptd_client_server.lib.time_sync": "lib/time_sync.py"}}
client 2021-08-13 10:29:37,495 [INFO] Running workload in ranging mode
client 2021-08-13 10:29:37,495 [INFO] Synchronizing with the server and with ntp.aliyun.com...
client 2021-08-13 10:29:37,846 [INFO] NTP:offset = 0.026 s, delay = 0.024 s 
client 2021-08-13 10:29:37,846 [INFO] Sending command to the server: 'time'
client 2021-08-13 10:29:37,853 [INFO] Got response: '1628850577.8533201'
client 2021-08-13 10:29:37,853 [INFO] The time difference between the client and the server is within range -6.859 ms..0.464 ms
client 2021-08-13 10:29:37,853 [INFO] Sending command to the server: 'session,2021-08-13_10-29-37,start,ranging'
client 2021-08-13 10:30:09,294 [INFO] Got response: 'OK'
client 2021-08-13 10:30:09,295 [INFO] Running the workload 'LOG_DIR=/work/build/power_logs_temp python3 code/main.py --benchmarks=bert --scenarios=SingleStream --test_mode=PerformanceOnly --config_ver=maxq --action="run_harness" \\\n\t\t&& if [ ! -d /work/build/power_logs/2021.08.13-10.29.32/ranging_tmp ]; \\\n\t\t\tthen mkdir /work/build/power_logs/2021.08.13-10.29.32/ranging_tmp \\\n\t\t\t\t&& mv /work/build/power_logs_temp/* /work/build/power_logs/2021.08.13-10.29.32/ranging_tmp/ \\\n\t\t\t\t&& cp -v /work/build/power_logs/2021.08.13-10.29.32/ranging_tmp/*/*/*/mlperf_log_detail.txt /work/build/power_logs_temp/ \\\n\t\t\t\t&& cp -v /work/build/power_logs/2021.08.13-10.29.32/ranging_tmp/*/*/*/mlperf_log_summary.txt /work/build/power_logs_temp/; \\\n\t\t\telse mkdir /work/build/power_logs/2021.08.13-10.29.32/testing_tmp \\\n\t\t\t\t&& mv /work/build/power_logs_temp/* /work/build/power_logs/2021.08.13-10.29.32/testing_tmp/ \\\n\t\t\t\t&& cp -v /work/build/power_logs/2021.08.13-10.29.32/testing_tmp/*/*/*/mlperf_log_detail.txt /work/build/power_logs_temp/ \\\n\t\t\t\t&& cp -v /work/build/power_logs/2021.08.13-10.29.32/testing_tmp/*/*/*/mlperf_log_summary.txt /work/build/power_logs_temp/; fi'
client 2021-08-13 10:40:20,293 [INFO] Sending command to the server: 'session,2021-08-13_10-29-37,stop,ranging'
client 2021-08-13 10:40:30,328 [INFO] Got response: 'OK'
client 2021-08-13 10:40:30,338 [INFO] Copying loadgen logs from '/work/build/power_logs_temp' to '/work/build/power_logs/2021.08.13-10.29.32/2021-08-13_10-29-37/ranging'
client 2021-08-13 10:40:30,339 [INFO] Running workload in testing mode
client 2021-08-13 10:40:30,339 [INFO] Synchronizing with the server and with ntp.aliyun.com...
client 2021-08-13 10:40:40,383 [INFO] NTP:offset = 0.028 s, delay = 0.026 s 
client 2021-08-13 10:40:40,383 [INFO] Sending command to the server: 'time'
client 2021-08-13 10:40:40,390 [INFO] Got response: '1628851240.389312'
client 2021-08-13 10:40:40,390 [INFO] The time difference between the client and the server is within range -5.691 ms..1.184 ms
client 2021-08-13 10:40:40,390 [INFO] Sending command to the server: 'session,2021-08-13_10-29-37,start,testing'
client 2021-08-13 10:40:53,559 [INFO] Got response: 'OK'
client 2021-08-13 10:40:53,559 [INFO] Running the workload 'LOG_DIR=/work/build/power_logs_temp python3 code/main.py --benchmarks=bert --scenarios=SingleStream --test_mode=PerformanceOnly --config_ver=maxq --action="run_harness" \\\n\t\t&& if [ ! -d /work/build/power_logs/2021.08.13-10.29.32/ranging_tmp ]; \\\n\t\t\tthen mkdir /work/build/power_logs/2021.08.13-10.29.32/ranging_tmp \\\n\t\t\t\t&& mv /work/build/power_logs_temp/* /work/build/power_logs/2021.08.13-10.29.32/ranging_tmp/ \\\n\t\t\t\t&& cp -v /work/build/power_logs/2021.08.13-10.29.32/ranging_tmp/*/*/*/mlperf_log_detail.txt /work/build/power_logs_temp/ \\\n\t\t\t\t&& cp -v /work/build/power_logs/2021.08.13-10.29.32/ranging_tmp/*/*/*/mlperf_log_summary.txt /work/build/power_logs_temp/; \\\n\t\t\telse mkdir /work/build/power_logs/2021.08.13-10.29.32/testing_tmp \\\n\t\t\t\t&& mv /work/build/power_logs_temp/* /work/build/power_logs/2021.08.13-10.29.32/testing_tmp/ \\\n\t\t\t\t&& cp -v /work/build/power_logs/2021.08.13-10.29.32/testing_tmp/*/*/*/mlperf_log_detail.txt /work/build/power_logs_temp/ \\\n\t\t\t\t&& cp -v /work/build/power_logs/2021.08.13-10.29.32/testing_tmp/*/*/*/mlperf_log_summary.txt /work/build/power_logs_temp/; fi'
client 2021-08-13 10:51:04,325 [INFO] Sending command to the server: 'session,2021-08-13_10-29-37,stop,testing'
client 2021-08-13 10:51:14,355 [INFO] Got response: 'OK'
client 2021-08-13 10:51:14,357 [INFO] Copying loadgen logs from '/work/build/power_logs_temp' to '/work/build/power_logs/2021.08.13-10.29.32/2021-08-13_10-29-37/run_1'
client 2021-08-13 10:51:14,358 [INFO] Done runs
