ptd-server 2021-08-13 10:29:37,143 [INFO] Got command from the client 'stop'
ptd-server 2021-08-13 10:29:37,144 [INFO] The server will be stopped after processing this client
ptd-server 2021-08-13 10:29:37,144 [INFO] Sending reply to client 'OK'
ptd-server 2021-08-13 10:29:37,486 [INFO] Got command from the client 'time'
ptd-server 2021-08-13 10:29:37,492 [INFO] Sending reply to client '1628850577.49284'
ptd-server 2021-08-13 10:29:37,493 [INFO] Got command from the client 'new,,2f3496bc-3e5b-47cb-9616-242437c42e9c'
ptd-server 2021-08-13 10:29:37,495 [INFO] Sending reply to client 'OK 2021-08-13_10-29-37,09b61937-b5ca-46fc-81a8-cbfd74c1ef10'
ptd-server 2021-08-13 10:29:37,847 [INFO] Got command from the client 'time'
ptd-server 2021-08-13 10:29:37,853 [INFO] Sending reply to client '1628850577.8533201'
ptd-server 2021-08-13 10:29:37,854 [INFO] Got command from the client 'session,2021-08-13_10-29-37,start,ranging'
ptd-server 2021-08-13 10:29:37,962 [INFO] Running PTDaemon: ['C:\\PTD\\ptd-windows-x86.exe', '-l', 'C:\\Users\\mlperf\\AppData\\Local\\Temp\\tmp8dcy8cb1\\ptd_logfile.txt', '-p', '8888', '49', 'COM4']
ptd-server 2021-08-13 10:29:57,093 [INFO] Sending to ptd: 'Hello'
ptd-server 2021-08-13 10:29:57,100 [INFO] Reply from ptd: 'Hello, PTDaemon here!'
ptd-server 2021-08-13 10:29:57,100 [INFO] Sending to ptd: 'Identify'
ptd-server 2021-08-13 10:29:57,101 [INFO] Reply from ptd: 'YokogawaWT310E,1000,1,1,1,1,0,1,1,version=1.9.2-3976349f-20201208,OS=Windows 8 / Server 2012,mode=power,1,1,1,0,0,no_cal_date,YOKOGAWA;WT310E;C3TA11005E;F1.02'
ptd-server 2021-08-13 10:29:57,102 [INFO] Connected to PTDaemon
ptd-server 2021-08-13 10:29:57,102 [INFO] Sending to ptd: 'RR'
ptd-server 2021-08-13 10:29:57,103 [INFO] Reply from ptd: 'Ranges,0,2.000000,0,300.000000'
ptd-server 2021-08-13 10:29:57,103 [INFO] Initial range for Amps is 2.000000 for Volts is 300.000000
ptd-server 2021-08-13 10:29:57,104 [INFO] Sending to ptd: 'SR,V,Auto'
ptd-server 2021-08-13 10:29:57,674 [INFO] Reply from ptd: 'Range V changed'
ptd-server 2021-08-13 10:29:57,680 [INFO] Sending to ptd: 'SR,A,20'
ptd-server 2021-08-13 10:29:59,273 [INFO] Reply from ptd: 'Range A changed'
ptd-server 2021-08-13 10:30:09,287 [INFO] Starting ranging mode
ptd-server 2021-08-13 10:30:09,293 [INFO] Sending to ptd: 'Go,1000,0,2021-08-13_10-29-37_ranging'
ptd-server 2021-08-13 10:30:09,293 [INFO] Reply from ptd: 'Starting untimed measurement, maximum 500000 samples at 1000ms with 0 rampup samples'
ptd-server 2021-08-13 10:30:09,293 [INFO] Sending reply to client 'OK'
ptd-server 2021-08-13 10:40:20,293 [INFO] Got command from the client 'session,2021-08-13_10-29-37,stop,ranging'
ptd-server 2021-08-13 10:40:30,305 [INFO] Sending to ptd: 'Stop'
ptd-server 2021-08-13 10:40:30,311 [INFO] Reply from ptd: 'Stopping untimed measurement'
ptd-server 2021-08-13 10:40:30,327 [INFO] Sending reply to client 'OK'
ptd-server 2021-08-13 10:40:40,383 [INFO] Got command from the client 'time'
ptd-server 2021-08-13 10:40:40,389 [INFO] Sending reply to client '1628851240.389312'
ptd-server 2021-08-13 10:40:40,389 [INFO] Got command from the client 'session,2021-08-13_10-29-37,start,testing'
ptd-server 2021-08-13 10:40:40,390 [INFO] Sending to ptd: 'SR,V,216.260000'
ptd-server 2021-08-13 10:40:41,969 [INFO] Reply from ptd: 'Range V changed'
ptd-server 2021-08-13 10:40:41,971 [INFO] Sending to ptd: 'SR,A,2.333000'
ptd-server 2021-08-13 10:40:43,543 [INFO] Reply from ptd: 'Range A changed'
ptd-server 2021-08-13 10:40:53,550 [INFO] Starting testing mode
ptd-server 2021-08-13 10:40:53,556 [INFO] Sending to ptd: 'Go,1000,0,2021-08-13_10-29-37_testing'
ptd-server 2021-08-13 10:40:53,557 [INFO] Reply from ptd: 'Starting untimed measurement, maximum 500000 samples at 1000ms with 0 rampup samples'
ptd-server 2021-08-13 10:40:53,557 [INFO] Sending reply to client 'OK'
ptd-server 2021-08-13 10:51:04,323 [INFO] Got command from the client 'session,2021-08-13_10-29-37,stop,testing'
ptd-server 2021-08-13 10:51:14,342 [INFO] Sending to ptd: 'Stop'
ptd-server 2021-08-13 10:51:14,343 [INFO] Reply from ptd: 'Stopping untimed measurement'
ptd-server 2021-08-13 10:51:14,352 [INFO] Sending reply to client 'OK'
ptd-server 2021-08-13 10:51:14,360 [INFO] Got command from the client 'session,2021-08-13_10-29-37,done'
ptd-server 2021-08-13 10:51:14,360 [INFO] Sending to ptd: 'Stop'
ptd-server 2021-08-13 10:51:14,561 [INFO] Reply from ptd: 'Error: no measurement to stop'
ptd-server 2021-08-13 10:51:14,561 [INFO] Sending to ptd: 'SR,V,300.000000'
ptd-server 2021-08-13 10:51:16,132 [INFO] Reply from ptd: 'Range V changed'
ptd-server 2021-08-13 10:51:16,134 [INFO] Sending to ptd: 'SR,A,2.000000'
ptd-server 2021-08-13 10:51:17,724 [INFO] Reply from ptd: 'Range A changed'
ptd-server 2021-08-13 10:51:17,728 [INFO] Set initial values for Amps 2.000000 and Volts 300.000000
ptd-server 2021-08-13 10:51:17,729 [INFO] Stopping ptd...
