ptd-server 2021-08-04 07:50:24,184 [INFO] Got command from the client 'stop'
ptd-server 2021-08-04 07:50:24,184 [INFO] The server will be stopped after processing this client
ptd-server 2021-08-04 07:50:24,184 [INFO] Sending reply to client 'OK'
ptd-server 2021-08-04 07:50:24,409 [INFO] Got command from the client 'time'
ptd-server 2021-08-04 07:50:24,409 [INFO] Sending reply to client '1628088624.4098582'
ptd-server 2021-08-04 07:50:24,409 [INFO] Got command from the client 'new,,298c0184-c549-4d99-9875-2d9d742090ed'
ptd-server 2021-08-04 07:50:24,409 [INFO] Sending reply to client 'OK 2021-08-04_07-50-24,6c452821-61f3-4f7a-964d-a60a47564851'
ptd-server 2021-08-04 07:50:24,621 [INFO] Got command from the client 'time'
ptd-server 2021-08-04 07:50:24,621 [INFO] Sending reply to client '1628088624.6218102'
ptd-server 2021-08-04 07:50:24,621 [INFO] Got command from the client 'session,2021-08-04_07-50-24,start,ranging'
ptd-server 2021-08-04 07:50:24,731 [INFO] Running PTDaemon: ['C:\\PTD\\ptd-windows-x86.exe', '-l', 'C:\\Users\\lab\\AppData\\Local\\Temp\\tmpiu6gkvgl\\ptd_logfile.txt', '-p', '8888', '-c', '3', '-y', '52', '10.32.209.251']
ptd-server 2021-08-04 07:50:42,351 [INFO] Sending to ptd: 'Hello'
ptd-server 2021-08-04 07:50:42,351 [INFO] Reply from ptd: 'Hello, PTDaemon here!'
ptd-server 2021-08-04 07:50:42,351 [INFO] Sending to ptd: 'Identify'
ptd-server 2021-08-04 07:50:42,351 [INFO] Reply from ptd: 'YokogawaWT330E,1000,1,1,1,1,0,0,1,version=1.9.2-3976349f-20201208,OS=Windows 8 / Server 2012,mode=power,1,1,1,0,0,no_cal_date,YOKOGAWA;WT333E;C2VL22012V;F1.04'
ptd-server 2021-08-04 07:50:42,351 [INFO] Connected to PTDaemon
ptd-server 2021-08-04 07:50:42,351 [INFO] Sending to ptd: 'RR'
ptd-server 2021-08-04 07:50:42,351 [INFO] Reply from ptd: 'Ranges,0,10.000000,1,150.000000'
ptd-server 2021-08-04 07:50:42,351 [INFO] Initial range for Amps is 10.000000 for Volts is Auto
ptd-server 2021-08-04 07:50:42,351 [INFO] Sending to ptd: 'SR,V,Auto'
ptd-server 2021-08-04 07:50:42,858 [INFO] Reply from ptd: 'Range V changed'
ptd-server 2021-08-04 07:50:42,858 [INFO] Sending to ptd: 'SR,A,20'
ptd-server 2021-08-04 07:50:44,388 [INFO] Reply from ptd: 'Range A changed'
ptd-server 2021-08-04 07:50:54,403 [INFO] Starting ranging mode
ptd-server 2021-08-04 07:50:54,403 [INFO] Sending to ptd: 'Go,1000,0,2021-08-04_07-50-24_ranging'
ptd-server 2021-08-04 07:50:54,403 [INFO] Reply from ptd: 'Starting untimed measurement, maximum 500000 samples at 1000ms with 0 rampup samples'
ptd-server 2021-08-04 07:50:54,403 [INFO] Sending reply to client 'OK'
ptd-server 2021-08-04 08:01:28,248 [INFO] Got command from the client 'session,2021-08-04_07-50-24,stop,ranging'
ptd-server 2021-08-04 08:01:38,263 [INFO] Sending to ptd: 'Stop'
ptd-server 2021-08-04 08:01:38,263 [INFO] Reply from ptd: 'Stopping untimed measurement'
ptd-server 2021-08-04 08:01:38,278 [INFO] Sending reply to client 'OK'
ptd-server 2021-08-04 08:01:38,559 [INFO] Got command from the client 'time'
ptd-server 2021-08-04 08:01:38,559 [INFO] Sending reply to client '1628089298.5598373'
ptd-server 2021-08-04 08:01:38,559 [INFO] Got command from the client 'session,2021-08-04_07-50-24,start,testing'
ptd-server 2021-08-04 08:01:38,559 [INFO] Sending to ptd: 'SR,V,120.560000'
ptd-server 2021-08-04 08:01:40,077 [INFO] Reply from ptd: 'Range V changed'
ptd-server 2021-08-04 08:01:40,077 [INFO] Sending to ptd: 'SR,A,0.445000'
ptd-server 2021-08-04 08:01:41,606 [INFO] Reply from ptd: 'Range A changed'
ptd-server 2021-08-04 08:01:51,621 [INFO] Starting testing mode
ptd-server 2021-08-04 08:01:51,621 [INFO] Sending to ptd: 'Go,1000,0,2021-08-04_07-50-24_testing'
ptd-server 2021-08-04 08:01:51,621 [INFO] Reply from ptd: 'Starting untimed measurement, maximum 500000 samples at 1000ms with 0 rampup samples'
ptd-server 2021-08-04 08:01:51,621 [INFO] Sending reply to client 'OK'
ptd-server 2021-08-04 08:12:10,231 [INFO] Got command from the client 'session,2021-08-04_07-50-24,stop,testing'
ptd-server 2021-08-04 08:12:20,242 [INFO] Sending to ptd: 'Stop'
ptd-server 2021-08-04 08:12:20,242 [INFO] Reply from ptd: 'Stopping untimed measurement'
ptd-server 2021-08-04 08:12:20,257 [INFO] Sending reply to client 'OK'
ptd-server 2021-08-04 08:12:20,351 [INFO] Got command from the client 'session,2021-08-04_07-50-24,done'
ptd-server 2021-08-04 08:12:20,351 [INFO] Sending to ptd: 'Stop'
ptd-server 2021-08-04 08:12:20,632 [INFO] Reply from ptd: 'Error: no measurement to stop'
ptd-server 2021-08-04 08:12:20,632 [INFO] Sending to ptd: 'SR,V,Auto'
ptd-server 2021-08-04 08:12:21,137 [INFO] Reply from ptd: 'Range V changed'
ptd-server 2021-08-04 08:12:21,137 [INFO] Sending to ptd: 'SR,A,10.000000'
ptd-server 2021-08-04 08:12:22,669 [INFO] Reply from ptd: 'Range A changed'
ptd-server 2021-08-04 08:12:22,669 [INFO] Set initial values for Amps 10.000000 and Volts Auto
ptd-server 2021-08-04 08:12:22,669 [INFO] Stopping ptd...
