client 2021-09-04 16:11:44,685 [INFO] Sending command to the server: 'mlcommons/power client v3'
client 2021-09-04 16:11:44,686 [INFO] Got response: 'mlcommons/power server v3'
client 2021-09-04 16:11:44,687 [INFO] Synchronizing with the server and with time.google.com...
client 2021-09-04 16:11:44,757 [INFO] NTP:offset = -0.003 s, delay = 0.035 s 
client 2021-09-04 16:11:44,758 [INFO] Sending command to the server: 'time'
client 2021-09-04 16:11:44,760 [INFO] Got response: '1630768304.7567186'
client 2021-09-04 16:11:44,760 [INFO] The time difference between the client and the server is within range 1.308 ms..3.840 ms
client 2021-09-04 16:11:44,761 [INFO] Sending command to the server: 'new,,21d78a98-84b9-4e74-8254-c08028c1612a'
client 2021-09-04 16:11:44,763 [INFO] Got response: 'OK 2021-09-04_16-11-44,ce8af859-990c-4f47-a3a3-2d326ea12efd'
client 2021-09-04 16:11:44,763 [INFO] Session id is '2021-09-04_16-11-44'
client 2021-09-04 16:11:44,764 [INFO] Sources: {"sources": {"__init__.py": "da39a3ee5e6b4b0d3255bfef95601890afd80709", "client.py": "33ca4f26368777ac06e01f9567b714a4b8063886", "lib/__init__.py": "da39a3ee5e6b4b0d3255bfef95601890afd80709", "lib/client.py": "4c2b78fb4849a7e5b584ef792d82aaed20b17f57", "lib/common.py": "624d0c0acc7c39aaff3674f0b99d6a09da53d1dc", "lib/external/__init__.py": "da39a3ee5e6b4b0d3255bfef95601890afd80709", "lib/external/ntplib.py": "4da8f970656505a40483206ef2b5d3dd5e81711d", "lib/server.py": "59c9fb92908260d3e9f81a895c7aa009742275e4", "lib/source_hashes.py": "60a2e02193209e8d392803326208d5466342da18", "lib/summary.py": "aa92f0a3f975eecd44d3c0cd0236342ccc9f941d", "lib/time_sync.py": "3210db56eb0ff0df57bf4293dc4d4b03fffd46f1", "server.py": "c3f90f2f7eeb4db30727556d0c815ebc89b3d28b", "tests/unit/__init__.py": "da39a3ee5e6b4b0d3255bfef95601890afd80709", "tests/unit/test_server.py": "99ae15aef722f2000ee6ed1ae1523637bf1ae42b", "tests/unit/test_source_hashes.py": "00468a2907583c593e6574a1f6b404e4651c221a"}, "modules": {"ptd_client_server.lib.client": "lib/client.py", "ptd_client_server.lib.common": "lib/common.py", "ptd_client_server.lib.external.ntplib": "lib/external/ntplib.py", "ptd_client_server.lib.source_hashes": "lib/source_hashes.py", "ptd_client_server.lib.summary": "lib/summary.py", "ptd_client_server.lib.time_sync": "lib/time_sync.py"}}
client 2021-09-04 16:11:44,771 [INFO] Running workload in ranging mode
client 2021-09-04 16:11:44,772 [INFO] Synchronizing with the server and with time.google.com...
client 2021-09-04 16:11:44,807 [INFO] NTP:offset = -0.002 s, delay = 0.028 s 
client 2021-09-04 16:11:44,808 [INFO] Sending command to the server: 'time'
client 2021-09-04 16:11:44,809 [INFO] Got response: '1630768304.8065054'
client 2021-09-04 16:11:44,810 [INFO] The time difference between the client and the server is within range 1.631 ms..3.936 ms
client 2021-09-04 16:11:44,811 [INFO] Sending command to the server: 'session,2021-09-04_16-11-44,start,ranging'
client 2021-09-04 16:12:13,006 [INFO] Got response: 'OK'
client 2021-09-04 16:12:13,008 [INFO] Running the workload 'ck benchmark program:image-classification-tflite-loadgen --env.CK_SILENT_MODE=YES --skip_print_timers --dep_add_tags.compiler=gcc,v7 --dep_add_tags.python=v3 --dep_add_tags.mlperf-inference-src=r1.1 --dep_add_tags.weights=resnet50 --dep_add_tags.images=crop.875,preprocessed,using-opencv --dep_add_tags.library=tflite,v2.5.0,with.ruy --env.CK_LOADGEN_DATASET_SIZE=1024 --env.CK_LOADGEN_SCENARIO=SingleStream --env.CK_LOADGEN_MODE=PerformanceOnly --env.CK_LOADGEN_TARGET_LATENCY=300 --env.CK_POWER_MODE=3 --env.CK_FAN_MODE=cool --skip_stat_analysis --process_multi_keys --repetitions=1 --record --record_repo=local --record_uoa=mlperf-closed-xavier-tflite-v2.5.0-ruy-resnet50-singlestream-performance-target_latency.300-power_mode.3-fan_mode.cool-power.workload --tags=mlperf,division.closed,task.image-classification,platform.xavier,scenario.singlestream,mode.performance,workload.resnet50,preprocessed_using.opencv,inference_engine.tflite,inference_engine_version.v2.5.0,inference_engine_backend.ruy,target_latency.300,power_mode.3,fan_mode.cool,power.workload "@@@{\'meta\': {\'ck_benchmark_program\': \'ck benchmark program:image-classification-tflite-loadgen --env.CK_SILENT_MODE=YES --skip_print_timers --dep_add_tags.compiler=gcc,v7 --dep_add_tags.python=v3 --dep_add_tags.mlperf-inference-src=r1.1 --dep_add_tags.weights=resnet50 --dep_add_tags.images=crop.875,preprocessed,using-opencv --dep_add_tags.library=tflite,v2.5.0,with.ruy --env.CK_LOADGEN_DATASET_SIZE=1024 --env.CK_LOADGEN_SCENARIO=SingleStream --env.CK_LOADGEN_MODE=PerformanceOnly --env.CK_LOADGEN_TARGET_LATENCY=300 --env.CK_POWER_MODE=3 --env.CK_FAN_MODE=cool --skip_stat_analysis --process_multi_keys --repetitions=1 --record --record_repo=local --record_uoa=mlperf-closed-xavier-tflite-v2.5.0-ruy-resnet50-singlestream-performance-target_latency.300-power_mode.3-fan_mode.cool-power.workload --tags=mlperf,division.closed,task.image-classification,platform.xavier,scenario.singlestream,mode.performance,workload.resnet50,preprocessed_using.opencv,inference_engine.tflite,inference_engine_version.v2.5.0,inference_engine_backend.ruy,target_latency.300,power_mode.3,fan_mode.cool,power.workload\'}}" && cat `ck find program:image-classification-tflite-loadgen`/tmp/mlperf_log_summary.txt && mkdir -p "$CK_MLPERF_POWER_CLIENT_LOADGEN_LOGS" && cp "$CK_MLPERF_POWER_CLIENT_LOADGEN_LOGS"/../mlperf_log_* "$CK_MLPERF_POWER_CLIENT_LOADGEN_LOGS"/'
client 2021-09-04 16:23:02,047 [INFO] Sending command to the server: 'session,2021-09-04_16-11-44,stop,ranging'
client 2021-09-04 16:23:12,075 [INFO] Got response: 'OK'
client 2021-09-04 16:23:12,111 [INFO] Copying loadgen logs from '/home/maria/CK/ck-mlperf/program/image-classification-tflite-loadgen/tmp/loadgen_logs' to '/home/maria/CK/ck-mlperf/program/mlperf-power-client/tmp/2021-09-04_16-11-44/ranging'
client 2021-09-04 16:23:12,119 [INFO] Running workload in testing mode
client 2021-09-04 16:23:12,120 [INFO] Synchronizing with the server and with time.google.com...
client 2021-09-04 16:23:12,163 [INFO] NTP:offset = -0.000 s, delay = 0.034 s 
client 2021-09-04 16:23:12,164 [INFO] Sending command to the server: 'time'
client 2021-09-04 16:23:12,165 [INFO] Got response: '1630768992.1648881'
client 2021-09-04 16:23:12,166 [INFO] The time difference between the client and the server is within range -0.953 ms..1.071 ms
client 2021-09-04 16:23:12,166 [INFO] Sending command to the server: 'session,2021-09-04_16-11-44,start,testing'
client 2021-09-04 16:23:26,018 [INFO] Got response: 'OK'
client 2021-09-04 16:23:26,019 [INFO] Running the workload 'ck benchmark program:image-classification-tflite-loadgen --env.CK_SILENT_MODE=YES --skip_print_timers --dep_add_tags.compiler=gcc,v7 --dep_add_tags.python=v3 --dep_add_tags.mlperf-inference-src=r1.1 --dep_add_tags.weights=resnet50 --dep_add_tags.images=crop.875,preprocessed,using-opencv --dep_add_tags.library=tflite,v2.5.0,with.ruy --env.CK_LOADGEN_DATASET_SIZE=1024 --env.CK_LOADGEN_SCENARIO=SingleStream --env.CK_LOADGEN_MODE=PerformanceOnly --env.CK_LOADGEN_TARGET_LATENCY=300 --env.CK_POWER_MODE=3 --env.CK_FAN_MODE=cool --skip_stat_analysis --process_multi_keys --repetitions=1 --record --record_repo=local --record_uoa=mlperf-closed-xavier-tflite-v2.5.0-ruy-resnet50-singlestream-performance-target_latency.300-power_mode.3-fan_mode.cool-power.workload --tags=mlperf,division.closed,task.image-classification,platform.xavier,scenario.singlestream,mode.performance,workload.resnet50,preprocessed_using.opencv,inference_engine.tflite,inference_engine_version.v2.5.0,inference_engine_backend.ruy,target_latency.300,power_mode.3,fan_mode.cool,power.workload "@@@{\'meta\': {\'ck_benchmark_program\': \'ck benchmark program:image-classification-tflite-loadgen --env.CK_SILENT_MODE=YES --skip_print_timers --dep_add_tags.compiler=gcc,v7 --dep_add_tags.python=v3 --dep_add_tags.mlperf-inference-src=r1.1 --dep_add_tags.weights=resnet50 --dep_add_tags.images=crop.875,preprocessed,using-opencv --dep_add_tags.library=tflite,v2.5.0,with.ruy --env.CK_LOADGEN_DATASET_SIZE=1024 --env.CK_LOADGEN_SCENARIO=SingleStream --env.CK_LOADGEN_MODE=PerformanceOnly --env.CK_LOADGEN_TARGET_LATENCY=300 --env.CK_POWER_MODE=3 --env.CK_FAN_MODE=cool --skip_stat_analysis --process_multi_keys --repetitions=1 --record --record_repo=local --record_uoa=mlperf-closed-xavier-tflite-v2.5.0-ruy-resnet50-singlestream-performance-target_latency.300-power_mode.3-fan_mode.cool-power.workload --tags=mlperf,division.closed,task.image-classification,platform.xavier,scenario.singlestream,mode.performance,workload.resnet50,preprocessed_using.opencv,inference_engine.tflite,inference_engine_version.v2.5.0,inference_engine_backend.ruy,target_latency.300,power_mode.3,fan_mode.cool,power.workload\'}}" && cat `ck find program:image-classification-tflite-loadgen`/tmp/mlperf_log_summary.txt && mkdir -p "$CK_MLPERF_POWER_CLIENT_LOADGEN_LOGS" && cp "$CK_MLPERF_POWER_CLIENT_LOADGEN_LOGS"/../mlperf_log_* "$CK_MLPERF_POWER_CLIENT_LOADGEN_LOGS"/'
client 2021-09-04 16:34:05,342 [INFO] Sending command to the server: 'session,2021-09-04_16-11-44,stop,testing'
client 2021-09-04 16:34:15,361 [INFO] Got response: 'OK'
client 2021-09-04 16:34:15,369 [INFO] Copying loadgen logs from '/home/maria/CK/ck-mlperf/program/image-classification-tflite-loadgen/tmp/loadgen_logs' to '/home/maria/CK/ck-mlperf/program/mlperf-power-client/tmp/2021-09-04_16-11-44/run_1'
client 2021-09-04 16:34:15,383 [INFO] Done runs
