ptd-server 2021-08-08 23:56:40,256 [INFO] Got command from the client 'time'
ptd-server 2021-08-08 23:56:40,257 [INFO] Sending reply to client '1628463400.2570078'
ptd-server 2021-08-08 23:56:40,259 [INFO] Got command from the client 'new,,b3e414ac-1144-4e72-be95-d4ea37ffdd30'
ptd-server 2021-08-08 23:56:40,260 [INFO] Sending reply to client 'OK 2021-08-08_23-56-40,9c6a59f5-c3aa-4cb3-a63e-3d106aece130'
ptd-server 2021-08-08 23:56:40,305 [INFO] Got command from the client 'time'
ptd-server 2021-08-08 23:56:40,305 [INFO] Sending reply to client '1628463400.3059037'
ptd-server 2021-08-08 23:56:40,307 [INFO] Got command from the client 'session,2021-08-08_23-56-40,start,ranging'
ptd-server 2021-08-08 23:56:40,308 [INFO] Running PTDaemon: ['/home/anton/projects/mlperf/power/inference_v1.0/ptd-linux-x86', '-l', '/tmp/tmpr3iqmcco/ptd_logfile.txt', '-p', '8888', '49', '/dev/usbtmc0']
ptd-server 2021-08-08 23:56:57,480 [INFO] Sending to ptd: 'Hello'
ptd-server 2021-08-08 23:56:57,480 [INFO] Reply from ptd: 'Hello, PTDaemon here!'
ptd-server 2021-08-08 23:56:57,481 [INFO] Sending to ptd: 'Identify'
ptd-server 2021-08-08 23:56:57,481 [INFO] Reply from ptd: 'YokogawaWT310E,1000,1,1,1,1,0,1,1,version=1.9.2-e8c7a49a-20201208,OS=Linux 5.8.0-63-generic #71~20.04.1-Ubuntu SMP Thu Jul 15 17:46:08 UTC 2021 x86_64,mode=power,1,1,1,0,0,no_cal_date,YOKOGAWA;WT310E;C3XA04010E;F1.04'
ptd-server 2021-08-08 23:56:57,481 [INFO] Connected to PTDaemon
ptd-server 2021-08-08 23:56:57,481 [INFO] Sending to ptd: 'RR'
ptd-server 2021-08-08 23:56:57,482 [INFO] Reply from ptd: 'Ranges,0,0.500000,0,300.000000'
ptd-server 2021-08-08 23:56:57,482 [INFO] Initial range for Amps is 0.500000 for Volts is 300.000000
ptd-server 2021-08-08 23:56:57,482 [INFO] Sending to ptd: 'SR,V,Auto'
ptd-server 2021-08-08 23:56:57,985 [INFO] Reply from ptd: 'Range V changed'
ptd-server 2021-08-08 23:56:57,985 [INFO] Sending to ptd: 'SR,A,Auto'
ptd-server 2021-08-08 23:56:58,487 [INFO] Reply from ptd: 'Range A changed'
ptd-server 2021-08-08 23:57:08,496 [INFO] Starting ranging mode
ptd-server 2021-08-08 23:57:08,496 [INFO] Sending to ptd: 'Go,1000,0,2021-08-08_23-56-40_ranging'
ptd-server 2021-08-08 23:57:08,496 [INFO] Reply from ptd: 'Starting untimed measurement, maximum 500000 samples at 1000ms with 0 rampup samples'
ptd-server 2021-08-08 23:57:08,497 [INFO] Sending reply to client 'OK'
ptd-server 2021-08-09 00:07:28,251 [INFO] Got command from the client 'session,2021-08-08_23-56-40,stop,ranging'
ptd-server 2021-08-09 00:07:38,261 [INFO] Sending to ptd: 'Stop'
ptd-server 2021-08-09 00:07:38,262 [INFO] Reply from ptd: 'Stopping untimed measurement'
ptd-server 2021-08-09 00:07:38,456 [INFO] Sending reply to client 'OK'
ptd-server 2021-08-09 00:07:38,533 [INFO] Got command from the client 'time'
ptd-server 2021-08-09 00:07:38,533 [INFO] Sending reply to client '1628464058.5337417'
ptd-server 2021-08-09 00:07:38,535 [INFO] Got command from the client 'session,2021-08-08_23-56-40,start,testing'
ptd-server 2021-08-09 00:07:38,536 [INFO] Sending to ptd: 'SR,V,250.210000'
ptd-server 2021-08-09 00:07:40,037 [INFO] Reply from ptd: 'Range V changed'
ptd-server 2021-08-09 00:07:40,037 [INFO] Sending to ptd: 'SR,A,0.170880'
ptd-server 2021-08-09 00:07:41,539 [INFO] Reply from ptd: 'Range A changed'
ptd-server 2021-08-09 00:07:51,549 [INFO] Starting testing mode
ptd-server 2021-08-09 00:07:51,549 [INFO] Sending to ptd: 'Go,1000,0,2021-08-08_23-56-40_testing'
ptd-server 2021-08-09 00:07:51,549 [INFO] Reply from ptd: 'Starting untimed measurement, maximum 500000 samples at 1000ms with 0 rampup samples'
ptd-server 2021-08-09 00:07:51,549 [INFO] Sending reply to client 'OK'
ptd-server 2021-08-09 00:18:11,160 [INFO] Got command from the client 'session,2021-08-08_23-56-40,stop,testing'
ptd-server 2021-08-09 00:18:21,171 [INFO] Sending to ptd: 'Stop'
ptd-server 2021-08-09 00:18:21,171 [INFO] Reply from ptd: 'Stopping untimed measurement'
ptd-server 2021-08-09 00:18:21,277 [INFO] Sending reply to client 'OK'
ptd-server 2021-08-09 00:18:21,297 [INFO] Got command from the client 'session,2021-08-08_23-56-40,done'
ptd-server 2021-08-09 00:18:21,297 [INFO] Sending to ptd: 'Stop'
ptd-server 2021-08-09 00:18:21,549 [INFO] Reply from ptd: 'Error: no measurement to stop'
ptd-server 2021-08-09 00:18:21,549 [INFO] Sending to ptd: 'SR,V,300.000000'
ptd-server 2021-08-09 00:18:23,051 [INFO] Reply from ptd: 'Range V changed'
ptd-server 2021-08-09 00:18:23,051 [INFO] Sending to ptd: 'SR,A,0.500000'
ptd-server 2021-08-09 00:18:24,552 [INFO] Reply from ptd: 'Range A changed'
ptd-server 2021-08-09 00:18:24,552 [INFO] Set initial values for Amps 0.500000 and Volts 300.000000
ptd-server 2021-08-09 00:18:24,552 [INFO] Stopping ptd...
