ptd-server 2021-08-04 07:09:42,280 [INFO] Got command from the client 'stop'
ptd-server 2021-08-04 07:09:42,280 [INFO] The server will be stopped after processing this client
ptd-server 2021-08-04 07:09:42,280 [INFO] Sending reply to client 'OK'
ptd-server 2021-08-04 07:09:42,668 [INFO] Got command from the client 'time'
ptd-server 2021-08-04 07:09:42,684 [INFO] Sending reply to client '1628086182.6844711'
ptd-server 2021-08-04 07:09:42,684 [INFO] Got command from the client 'new,,85139a0d-cbdf-4747-bdca-606bbeaeb434'
ptd-server 2021-08-04 07:09:42,684 [INFO] Sending reply to client 'OK 2021-08-04_07-09-42,934cb934-9d0d-40b3-b373-880506e10d8a'
ptd-server 2021-08-04 07:09:42,948 [INFO] Got command from the client 'time'
ptd-server 2021-08-04 07:09:42,948 [INFO] Sending reply to client '1628086182.9489284'
ptd-server 2021-08-04 07:09:42,964 [INFO] Got command from the client 'session,2021-08-04_07-09-42,start,ranging'
ptd-server 2021-08-04 07:09:43,073 [INFO] Running PTDaemon: ['C:\\PTD\\ptd-windows-x86.exe', '-l', 'C:\\Users\\lab\\AppData\\Local\\Temp\\tmpyyu_40ta\\ptd_logfile.txt', '-p', '8888', '-c', '3', '-y', '52', '10.32.209.251']
ptd-server 2021-08-04 07:10:00,723 [INFO] Sending to ptd: 'Hello'
ptd-server 2021-08-04 07:10:00,723 [INFO] Reply from ptd: 'Hello, PTDaemon here!'
ptd-server 2021-08-04 07:10:00,723 [INFO] Sending to ptd: 'Identify'
ptd-server 2021-08-04 07:10:00,723 [INFO] Reply from ptd: 'YokogawaWT330E,1000,1,1,1,1,0,0,1,version=1.9.2-3976349f-20201208,OS=Windows 8 / Server 2012,mode=power,1,1,1,0,0,no_cal_date,YOKOGAWA;WT333E;C2VL22012V;F1.04'
ptd-server 2021-08-04 07:10:00,723 [INFO] Connected to PTDaemon
ptd-server 2021-08-04 07:10:00,723 [INFO] Sending to ptd: 'RR'
ptd-server 2021-08-04 07:10:00,723 [INFO] Reply from ptd: 'Ranges,0,10.000000,1,150.000000'
ptd-server 2021-08-04 07:10:00,723 [INFO] Initial range for Amps is 10.000000 for Volts is Auto
ptd-server 2021-08-04 07:10:00,723 [INFO] Sending to ptd: 'SR,V,Auto'
ptd-server 2021-08-04 07:10:01,231 [INFO] Reply from ptd: 'Range V changed'
ptd-server 2021-08-04 07:10:01,231 [INFO] Sending to ptd: 'SR,A,20'
ptd-server 2021-08-04 07:10:02,751 [INFO] Reply from ptd: 'Range A changed'
ptd-server 2021-08-04 07:10:12,763 [INFO] Starting ranging mode
ptd-server 2021-08-04 07:10:12,763 [INFO] Sending to ptd: 'Go,1000,0,2021-08-04_07-09-42_ranging'
ptd-server 2021-08-04 07:10:12,763 [INFO] Reply from ptd: 'Starting untimed measurement, maximum 500000 samples at 1000ms with 0 rampup samples'
ptd-server 2021-08-04 07:10:12,763 [INFO] Sending reply to client 'OK'
ptd-server 2021-08-04 07:22:34,937 [INFO] Got command from the client 'session,2021-08-04_07-09-42,stop,ranging'
ptd-server 2021-08-04 07:22:44,952 [INFO] Sending to ptd: 'Stop'
ptd-server 2021-08-04 07:22:44,952 [INFO] Reply from ptd: 'Stopping untimed measurement'
ptd-server 2021-08-04 07:22:44,968 [INFO] Sending reply to client 'OK'
ptd-server 2021-08-04 07:22:45,356 [INFO] Got command from the client 'time'
ptd-server 2021-08-04 07:22:45,356 [INFO] Sending reply to client '1628086965.3563437'
ptd-server 2021-08-04 07:22:45,356 [INFO] Got command from the client 'session,2021-08-04_07-09-42,start,testing'
ptd-server 2021-08-04 07:22:45,356 [INFO] Sending to ptd: 'SR,V,120.650000'
ptd-server 2021-08-04 07:22:47,290 [INFO] Reply from ptd: 'Range V changed'
ptd-server 2021-08-04 07:22:47,290 [INFO] Sending to ptd: 'SR,A,0.477000'
ptd-server 2021-08-04 07:22:48,825 [INFO] Reply from ptd: 'Range A changed'
ptd-server 2021-08-04 07:22:58,829 [INFO] Starting testing mode
ptd-server 2021-08-04 07:22:58,829 [INFO] Sending to ptd: 'Go,1000,0,2021-08-04_07-09-42_testing'
ptd-server 2021-08-04 07:22:58,829 [INFO] Reply from ptd: 'Starting untimed measurement, maximum 500000 samples at 1000ms with 0 rampup samples'
ptd-server 2021-08-04 07:22:58,829 [INFO] Sending reply to client 'OK'
ptd-server 2021-08-04 07:35:27,491 [INFO] Got command from the client 'session,2021-08-04_07-09-42,stop,testing'
ptd-server 2021-08-04 07:35:37,504 [INFO] Sending to ptd: 'Stop'
ptd-server 2021-08-04 07:35:37,504 [INFO] Reply from ptd: 'Stopping untimed measurement'
ptd-server 2021-08-04 07:35:37,519 [INFO] Sending reply to client 'OK'
ptd-server 2021-08-04 07:35:37,597 [INFO] Got command from the client 'session,2021-08-04_07-09-42,done'
ptd-server 2021-08-04 07:35:37,597 [INFO] Sending to ptd: 'Stop'
ptd-server 2021-08-04 07:35:37,832 [INFO] Reply from ptd: 'Error: no measurement to stop'
ptd-server 2021-08-04 07:35:37,832 [INFO] Sending to ptd: 'SR,V,Auto'
ptd-server 2021-08-04 07:35:38,348 [INFO] Reply from ptd: 'Range V changed'
ptd-server 2021-08-04 07:35:38,348 [INFO] Sending to ptd: 'SR,A,10.000000'
ptd-server 2021-08-04 07:35:39,879 [INFO] Reply from ptd: 'Range A changed'
ptd-server 2021-08-04 07:35:39,879 [INFO] Set initial values for Amps 10.000000 and Volts Auto
ptd-server 2021-08-04 07:35:39,879 [INFO] Stopping ptd...
