ptd-server 2021-08-13 02:19:23,076 [INFO] Got command from the client 'stop'
ptd-server 2021-08-13 02:19:23,076 [INFO] The server will be stopped after processing this client
ptd-server 2021-08-13 02:19:23,076 [INFO] Sending reply to client 'OK'
ptd-server 2021-08-13 02:19:23,076 [INFO] Got command from the client 'time'
ptd-server 2021-08-13 02:19:23,076 [INFO] Sending reply to client '1628821163.076877'
ptd-server 2021-08-13 02:19:23,076 [INFO] Got command from the client 'new,,ef097627-ec0d-44a1-bd96-1857570da139'
ptd-server 2021-08-13 02:19:23,076 [INFO] Sending reply to client 'OK 2021-08-13_02-19-23,33d7ef97-cce6-44b7-8889-9e1ecbef60c9'
ptd-server 2021-08-13 02:19:23,092 [INFO] Got command from the client 'time'
ptd-server 2021-08-13 02:19:23,092 [INFO] Sending reply to client '1628821163.0925667'
ptd-server 2021-08-13 02:19:23,092 [INFO] Got command from the client 'session,2021-08-13_02-19-23,start,ranging'
ptd-server 2021-08-13 02:19:23,201 [INFO] Running PTDaemon: ['.\\ptd-windows-x86.exe', '-l', 'C:\\Users\\root\\AppData\\Local\\Temp\\tmprtjlzc2z\\ptd_logfile.txt', '-p', '8888', '-g', '8', '1']
ptd-server 2021-08-13 02:19:35,939 [INFO] Sending to ptd: 'Hello'
ptd-server 2021-08-13 02:19:35,939 [INFO] Reply from ptd: 'Hello, PTDaemon here!'
ptd-server 2021-08-13 02:19:35,939 [INFO] Sending to ptd: 'Identify'
ptd-server 2021-08-13 02:19:35,939 [INFO] Reply from ptd: 'YokogawaWT210,1000,1,1,1,1,0,0,1,version=1.9.2-3976349f-20201208,OS=Windows 8 / Server 2012,mode=power,1,1,1,0,0,no_cal_date,YOKOGAWA;760401;0;F1.12'
ptd-server 2021-08-13 02:19:35,939 [INFO] Connected to PTDaemon
ptd-server 2021-08-13 02:19:35,939 [INFO] Sending to ptd: 'RR'
ptd-server 2021-08-13 02:19:35,939 [INFO] Reply from ptd: 'Ranges,0,5.000000,0,150.000000'
ptd-server 2021-08-13 02:19:35,939 [INFO] Initial range for Amps is 5.000000 for Volts is 150.000000
ptd-server 2021-08-13 02:19:35,939 [INFO] Sending to ptd: 'SR,V,Auto'
ptd-server 2021-08-13 02:19:36,467 [INFO] Reply from ptd: 'Range V changed'
ptd-server 2021-08-13 02:19:36,467 [INFO] Sending to ptd: 'SR,A,Auto'
ptd-server 2021-08-13 02:19:36,982 [INFO] Reply from ptd: 'Range A changed'
ptd-server 2021-08-13 02:19:46,997 [INFO] Starting ranging mode
ptd-server 2021-08-13 02:19:46,997 [INFO] Sending to ptd: 'Go,1000,0,2021-08-13_02-19-23_ranging'
ptd-server 2021-08-13 02:19:46,997 [INFO] Reply from ptd: 'Starting untimed measurement, maximum 500000 samples at 1000ms with 0 rampup samples'
ptd-server 2021-08-13 02:19:46,997 [INFO] Sending reply to client 'OK'
ptd-server 2021-08-13 02:37:44,975 [INFO] Got command from the client 'session,2021-08-13_02-19-23,stop,ranging'
ptd-server 2021-08-13 02:37:54,981 [INFO] Sending to ptd: 'Stop'
ptd-server 2021-08-13 02:37:54,981 [INFO] Reply from ptd: 'Stopping untimed measurement'
ptd-server 2021-08-13 02:37:55,027 [INFO] Sending reply to client 'OK'
ptd-server 2021-08-13 02:37:55,027 [INFO] Got command from the client 'time'
ptd-server 2021-08-13 02:37:55,027 [INFO] Sending reply to client '1628822275.0279295'
ptd-server 2021-08-13 02:37:55,043 [INFO] Got command from the client 'session,2021-08-13_02-19-23,start,testing'
ptd-server 2021-08-13 02:37:55,043 [INFO] Sending to ptd: 'SR,V,120.080000'
ptd-server 2021-08-13 02:37:56,571 [INFO] Reply from ptd: 'Range V changed'
ptd-server 2021-08-13 02:37:56,571 [INFO] Sending to ptd: 'SR,A,3.429400'
ptd-server 2021-08-13 02:37:58,109 [INFO] Reply from ptd: 'Range A changed'
ptd-server 2021-08-13 02:38:08,109 [INFO] Starting testing mode
ptd-server 2021-08-13 02:38:08,109 [INFO] Sending to ptd: 'Go,1000,0,2021-08-13_02-19-23_testing'
ptd-server 2021-08-13 02:38:08,109 [INFO] Reply from ptd: 'Starting untimed measurement, maximum 500000 samples at 1000ms with 0 rampup samples'
ptd-server 2021-08-13 02:38:08,109 [INFO] Sending reply to client 'OK'
ptd-server 2021-08-13 02:56:07,554 [INFO] Got command from the client 'session,2021-08-13_02-19-23,stop,testing'
ptd-server 2021-08-13 02:56:17,565 [INFO] Sending to ptd: 'Stop'
ptd-server 2021-08-13 02:56:17,565 [INFO] Reply from ptd: 'Stopping untimed measurement'
ptd-server 2021-08-13 02:56:17,596 [INFO] Sending reply to client 'OK'
ptd-server 2021-08-13 02:56:17,596 [INFO] Got command from the client 'session,2021-08-13_02-19-23,done'
ptd-server 2021-08-13 02:56:17,596 [INFO] Sending to ptd: 'Stop'
ptd-server 2021-08-13 02:56:18,115 [INFO] Reply from ptd: 'Error: no measurement to stop'
ptd-server 2021-08-13 02:56:18,115 [INFO] Sending to ptd: 'SR,V,150.000000'
ptd-server 2021-08-13 02:56:19,649 [INFO] Reply from ptd: 'Range V changed'
ptd-server 2021-08-13 02:56:19,649 [INFO] Sending to ptd: 'SR,A,5.000000'
ptd-server 2021-08-13 02:56:21,184 [INFO] Reply from ptd: 'Range A changed'
ptd-server 2021-08-13 02:56:21,184 [INFO] Set initial values for Amps 5.000000 and Volts 150.000000
ptd-server 2021-08-13 02:56:21,184 [INFO] Stopping ptd...
