ptd-server 2021-08-09 00:40:22,308 [INFO] Got command from the client 'time'
ptd-server 2021-08-09 00:40:22,308 [INFO] Sending reply to client '1628466022.3084214'
ptd-server 2021-08-09 00:40:22,310 [INFO] Got command from the client 'new,,2f5cc383-79b2-4cd5-8bd1-086ab4922b2a'
ptd-server 2021-08-09 00:40:22,310 [INFO] Sending reply to client 'OK 2021-08-09_00-40-22,4be40669-a5d5-453c-a589-d383b935db75'
ptd-server 2021-08-09 00:40:22,352 [INFO] Got command from the client 'time'
ptd-server 2021-08-09 00:40:22,352 [INFO] Sending reply to client '1628466022.352414'
ptd-server 2021-08-09 00:40:22,354 [INFO] Got command from the client 'session,2021-08-09_00-40-22,start,ranging'
ptd-server 2021-08-09 00:40:22,354 [INFO] Running PTDaemon: ['/home/anton/projects/mlperf/power/inference_v1.0/ptd-linux-x86', '-l', '/tmp/tmpr3iqmcco/ptd_logfile.txt', '-p', '8888', '49', '/dev/usbtmc0']
ptd-server 2021-08-09 00:40:39,527 [INFO] Sending to ptd: 'Hello'
ptd-server 2021-08-09 00:40:39,528 [INFO] Reply from ptd: 'Hello, PTDaemon here!'
ptd-server 2021-08-09 00:40:39,528 [INFO] Sending to ptd: 'Identify'
ptd-server 2021-08-09 00:40:39,528 [INFO] Reply from ptd: 'YokogawaWT310E,1000,1,1,1,1,0,1,1,version=1.9.2-e8c7a49a-20201208,OS=Linux 5.8.0-63-generic #71~20.04.1-Ubuntu SMP Thu Jul 15 17:46:08 UTC 2021 x86_64,mode=power,1,1,1,0,0,no_cal_date,YOKOGAWA;WT310E;C3XA04010E;F1.04'
ptd-server 2021-08-09 00:40:39,528 [INFO] Connected to PTDaemon
ptd-server 2021-08-09 00:40:39,528 [INFO] Sending to ptd: 'RR'
ptd-server 2021-08-09 00:40:39,529 [INFO] Reply from ptd: 'Ranges,0,0.500000,0,300.000000'
ptd-server 2021-08-09 00:40:39,529 [INFO] Initial range for Amps is 0.500000 for Volts is 300.000000
ptd-server 2021-08-09 00:40:39,529 [INFO] Sending to ptd: 'SR,V,Auto'
ptd-server 2021-08-09 00:40:40,031 [INFO] Reply from ptd: 'Range V changed'
ptd-server 2021-08-09 00:40:40,032 [INFO] Sending to ptd: 'SR,A,Auto'
ptd-server 2021-08-09 00:40:40,534 [INFO] Reply from ptd: 'Range A changed'
ptd-server 2021-08-09 00:40:50,544 [INFO] Starting ranging mode
ptd-server 2021-08-09 00:40:50,545 [INFO] Sending to ptd: 'Go,1000,0,2021-08-09_00-40-22_ranging'
ptd-server 2021-08-09 00:40:50,545 [INFO] Reply from ptd: 'Starting untimed measurement, maximum 500000 samples at 1000ms with 0 rampup samples'
ptd-server 2021-08-09 00:40:50,545 [INFO] Sending reply to client 'OK'
ptd-server 2021-08-09 00:51:10,352 [INFO] Got command from the client 'session,2021-08-09_00-40-22,stop,ranging'
ptd-server 2021-08-09 00:51:20,362 [INFO] Sending to ptd: 'Stop'
ptd-server 2021-08-09 00:51:20,363 [INFO] Reply from ptd: 'Stopping untimed measurement'
ptd-server 2021-08-09 00:51:20,560 [INFO] Sending reply to client 'OK'
ptd-server 2021-08-09 00:51:20,621 [INFO] Got command from the client 'time'
ptd-server 2021-08-09 00:51:20,621 [INFO] Sending reply to client '1628466680.6217332'
ptd-server 2021-08-09 00:51:20,623 [INFO] Got command from the client 'session,2021-08-09_00-40-22,start,testing'
ptd-server 2021-08-09 00:51:20,623 [INFO] Sending to ptd: 'SR,V,249.540000'
ptd-server 2021-08-09 00:51:22,125 [INFO] Reply from ptd: 'Range V changed'
ptd-server 2021-08-09 00:51:22,125 [INFO] Sending to ptd: 'SR,A,0.170770'
ptd-server 2021-08-09 00:51:23,626 [INFO] Reply from ptd: 'Range A changed'
ptd-server 2021-08-09 00:51:33,637 [INFO] Starting testing mode
ptd-server 2021-08-09 00:51:33,637 [INFO] Sending to ptd: 'Go,1000,0,2021-08-09_00-40-22_testing'
ptd-server 2021-08-09 00:51:33,637 [INFO] Reply from ptd: 'Starting untimed measurement, maximum 500000 samples at 1000ms with 0 rampup samples'
ptd-server 2021-08-09 00:51:33,637 [INFO] Sending reply to client 'OK'
ptd-server 2021-08-09 01:01:53,186 [INFO] Got command from the client 'session,2021-08-09_00-40-22,stop,testing'
ptd-server 2021-08-09 01:02:03,196 [INFO] Sending to ptd: 'Stop'
ptd-server 2021-08-09 01:02:03,196 [INFO] Reply from ptd: 'Stopping untimed measurement'
ptd-server 2021-08-09 01:02:03,321 [INFO] Sending reply to client 'OK'
ptd-server 2021-08-09 01:02:03,332 [INFO] Got command from the client 'session,2021-08-09_00-40-22,done'
ptd-server 2021-08-09 01:02:03,332 [INFO] Sending to ptd: 'Stop'
ptd-server 2021-08-09 01:02:03,638 [INFO] Reply from ptd: 'Error: no measurement to stop'
ptd-server 2021-08-09 01:02:03,638 [INFO] Sending to ptd: 'SR,V,300.000000'
ptd-server 2021-08-09 01:02:05,139 [INFO] Reply from ptd: 'Range V changed'
ptd-server 2021-08-09 01:02:05,140 [INFO] Sending to ptd: 'SR,A,0.500000'
ptd-server 2021-08-09 01:02:06,641 [INFO] Reply from ptd: 'Range A changed'
ptd-server 2021-08-09 01:02:06,641 [INFO] Set initial values for Amps 0.500000 and Volts 300.000000
ptd-server 2021-08-09 01:02:06,641 [INFO] Stopping ptd...
