ptd-server 2021-08-10 18:42:11,521 [INFO] Got command from the client 'time'
ptd-server 2021-08-10 18:42:11,522 [INFO] Sending reply to client '1628638931.5220966'
ptd-server 2021-08-10 18:42:11,522 [INFO] Got command from the client 'new,,6d1aaded-bb70-4ac9-9863-2f361379426b'
ptd-server 2021-08-10 18:42:11,523 [INFO] Sending reply to client 'OK 2021-08-10_18-42-11,c0aa7a71-a846-4935-b2b0-ba5adfda035b'
ptd-server 2021-08-10 18:42:11,611 [INFO] Got command from the client 'time'
ptd-server 2021-08-10 18:42:11,611 [INFO] Sending reply to client '1628638931.611877'
ptd-server 2021-08-10 18:42:11,612 [INFO] Got command from the client 'session,2021-08-10_18-42-11,start,ranging'
ptd-server 2021-08-10 18:42:11,612 [INFO] Running PTDaemon: ['/local/mnt/workspace/mlcommons/power-main/inference_v1.0/ptd-linux-x86', '-l', '/tmp/tmp8rlsh6uu/ptd_logfile.txt', '-p', '8888', '-c', '1,2', '77', '/dev/usbtmc1']
ptd-server 2021-08-10 18:42:29,198 [INFO] Sending to ptd: 'Hello'
ptd-server 2021-08-10 18:42:29,198 [INFO] Reply from ptd: 'Hello, PTDaemon here!'
ptd-server 2021-08-10 18:42:29,198 [INFO] Sending to ptd: 'Identify'
ptd-server 2021-08-10 18:42:29,199 [INFO] Reply from ptd: 'YokogawaWT330_multichannel,1000,1,1,1,1,0,0,1,version=1.9.2-e8c7a49a-20201208,OS=Linux 4.15.0-118-generic #119~16.04.1-Ubuntu SMP Tue Sep 8 14:54:40 UTC 2020 x86_64,mode=power,1,1,2,0,0,no_cal_date,YOKOGAWA;WT333E;C2XC17005V;F1.04'
ptd-server 2021-08-10 18:42:29,199 [INFO] Connected to PTDaemon
ptd-server 2021-08-10 18:42:29,199 [INFO] Sending to ptd: 'RR'
ptd-server 2021-08-10 18:42:29,199 [INFO] Reply from ptd: 'Ranges,-1,-1.000000,-1,-1.000000'
ptd-server 2021-08-10 18:42:29,199 [INFO] Initial range for Amps is Auto for Volts is Auto
ptd-server 2021-08-10 18:42:29,199 [INFO] Sending to ptd: 'SR,V,Auto'
ptd-server 2021-08-10 18:42:34,251 [INFO] Reply from ptd: 'Range V changed'
ptd-server 2021-08-10 18:42:34,252 [INFO] Sending to ptd: 'SR,A,20'
ptd-server 2021-08-10 18:42:39,803 [INFO] Reply from ptd: 'Range A changed'
ptd-server 2021-08-10 18:42:49,813 [INFO] Starting ranging mode
ptd-server 2021-08-10 18:42:49,813 [INFO] Sending to ptd: 'Go,1000,0,2021-08-10_18-42-11_ranging'
ptd-server 2021-08-10 18:42:49,814 [INFO] Reply from ptd: 'Starting untimed measurement, maximum 500000 samples at 1000ms with 0 rampup samples'
ptd-server 2021-08-10 18:42:49,814 [INFO] Sending reply to client 'OK'
ptd-server 2021-08-10 18:55:08,390 [INFO] Got command from the client 'session,2021-08-10_18-42-11,stop,ranging'
ptd-server 2021-08-10 18:55:18,401 [INFO] Sending to ptd: 'Stop'
ptd-server 2021-08-10 18:55:18,401 [INFO] Reply from ptd: 'Stopping untimed measurement'
ptd-server 2021-08-10 18:55:18,429 [INFO] Sending reply to client 'OK'
ptd-server 2021-08-10 18:55:18,546 [INFO] Got command from the client 'time'
ptd-server 2021-08-10 18:55:18,546 [INFO] Sending reply to client '1628639718.5465846'
ptd-server 2021-08-10 18:55:18,547 [INFO] Got command from the client 'session,2021-08-10_18-42-11,start,testing'
ptd-server 2021-08-10 18:55:18,547 [INFO] Sending to ptd: 'SR,V,211.650000'
ptd-server 2021-08-10 18:55:24,865 [INFO] Reply from ptd: 'Range V changed'
ptd-server 2021-08-10 18:55:24,866 [INFO] Sending to ptd: 'SR,A,4.808000'
ptd-server 2021-08-10 18:55:30,417 [INFO] Reply from ptd: 'Range A changed'
ptd-server 2021-08-10 18:55:40,427 [INFO] Starting testing mode
ptd-server 2021-08-10 18:55:40,428 [INFO] Sending to ptd: 'Go,1000,0,2021-08-10_18-42-11_testing'
ptd-server 2021-08-10 18:55:40,428 [INFO] Reply from ptd: 'Starting untimed measurement, maximum 500000 samples at 1000ms with 0 rampup samples'
ptd-server 2021-08-10 18:55:40,428 [INFO] Sending reply to client 'OK'
ptd-server 2021-08-10 19:07:59,676 [INFO] Got command from the client 'session,2021-08-10_18-42-11,stop,testing'
ptd-server 2021-08-10 19:08:09,684 [INFO] Sending to ptd: 'Stop'
ptd-server 2021-08-10 19:08:09,685 [INFO] Reply from ptd: 'Stopping untimed measurement'
ptd-server 2021-08-10 19:08:09,693 [INFO] Sending reply to client 'OK'
ptd-server 2021-08-10 19:08:09,698 [INFO] Got command from the client 'session,2021-08-10_18-42-11,done'
ptd-server 2021-08-10 19:08:09,699 [INFO] Sending to ptd: 'Stop'
ptd-server 2021-08-10 19:08:10,429 [INFO] Reply from ptd: 'Error: no measurement to stop'
ptd-server 2021-08-10 19:08:10,429 [INFO] Sending to ptd: 'SR,V,Auto'
ptd-server 2021-08-10 19:08:15,482 [INFO] Reply from ptd: 'Range V changed'
ptd-server 2021-08-10 19:08:15,482 [INFO] Sending to ptd: 'SR,A,Auto'
ptd-server 2021-08-10 19:08:20,535 [INFO] Reply from ptd: 'Range A changed'
ptd-server 2021-08-10 19:08:20,535 [INFO] Set initial values for Amps Auto and Volts Auto
ptd-server 2021-08-10 19:08:20,535 [INFO] Stopping ptd...
