ptd-server 2021-08-11 00:22:28,183 [INFO] Got command from the client 'stop'
ptd-server 2021-08-11 00:22:28,183 [INFO] The server will be stopped after processing this client
ptd-server 2021-08-11 00:22:28,183 [INFO] Sending reply to client 'OK'
ptd-server 2021-08-11 00:22:28,401 [INFO] Got command from the client 'time'
ptd-server 2021-08-11 00:22:28,401 [INFO] Sending reply to client '1628666548.4019732'
ptd-server 2021-08-11 00:22:28,401 [INFO] Got command from the client 'new,,3b9be768-cdf5-4f0d-89cc-26065c742951'
ptd-server 2021-08-11 00:22:28,401 [INFO] Sending reply to client 'OK 2021-08-11_00-22-28,bacc17c9-f285-4764-b37e-eb9d0feda9f1'
ptd-server 2021-08-11 00:22:28,597 [INFO] Got command from the client 'time'
ptd-server 2021-08-11 00:22:28,597 [INFO] Sending reply to client '1628666548.5970476'
ptd-server 2021-08-11 00:22:28,597 [INFO] Got command from the client 'session,2021-08-11_00-22-28,start,ranging'
ptd-server 2021-08-11 00:22:28,722 [INFO] Running PTDaemon: ['C:\\PTD\\ptd-windows-x86.exe', '-l', 'C:\\Users\\lab\\AppData\\Local\\Temp\\tmpfl2mbd6h\\ptd_logfile.txt', '-p', '8888', '-c', '1,3', '-y', '77', '172.22.0.90']
ptd-server 2021-08-11 00:22:47,822 [INFO] Sending to ptd: 'Hello'
ptd-server 2021-08-11 00:22:47,822 [INFO] Reply from ptd: 'Hello, PTDaemon here!'
ptd-server 2021-08-11 00:22:47,822 [INFO] Sending to ptd: 'Identify'
ptd-server 2021-08-11 00:22:47,822 [INFO] Reply from ptd: 'YokogawaWT330_multichannel,1000,1,1,1,1,0,0,1,version=1.9.2-3976349f-20201208,OS=Windows 8 / Server 2012,mode=power,1,1,2,0,0,no_cal_date,YOKOGAWA;WT333E;C2WA21018V;F1.04'
ptd-server 2021-08-11 00:22:47,822 [INFO] Connected to PTDaemon
ptd-server 2021-08-11 00:22:47,822 [INFO] Sending to ptd: 'RR'
ptd-server 2021-08-11 00:22:47,822 [INFO] Reply from ptd: 'Ranges,0,20.000000,1,300.000000'
ptd-server 2021-08-11 00:22:47,822 [INFO] Initial range for Amps is 20.000000 for Volts is Auto
ptd-server 2021-08-11 00:22:47,822 [INFO] Sending to ptd: 'SR,V,Auto'
ptd-server 2021-08-11 00:22:52,889 [INFO] Reply from ptd: 'Range V changed'
ptd-server 2021-08-11 00:22:52,889 [INFO] Sending to ptd: 'SR,A,20'
ptd-server 2021-08-11 00:22:58,477 [INFO] Reply from ptd: 'Range A changed'
ptd-server 2021-08-11 00:23:08,492 [INFO] Starting ranging mode
ptd-server 2021-08-11 00:23:08,492 [INFO] Sending to ptd: 'Go,1000,0,2021-08-11_00-22-28_ranging'
ptd-server 2021-08-11 00:23:08,492 [INFO] Reply from ptd: 'Starting untimed measurement, maximum 500000 samples at 1000ms with 0 rampup samples'
ptd-server 2021-08-11 00:23:08,492 [INFO] Sending reply to client 'OK'
ptd-server 2021-08-11 00:34:42,735 [INFO] Got command from the client 'session,2021-08-11_00-22-28,stop,ranging'
ptd-server 2021-08-11 00:34:52,748 [INFO] Sending to ptd: 'Stop'
ptd-server 2021-08-11 00:34:52,748 [INFO] Reply from ptd: 'Stopping untimed measurement'
ptd-server 2021-08-11 00:34:52,779 [INFO] Sending reply to client 'OK'
ptd-server 2021-08-11 00:34:52,998 [INFO] Got command from the client 'time'
ptd-server 2021-08-11 00:34:52,998 [INFO] Sending reply to client '1628667292.9981039'
ptd-server 2021-08-11 00:34:52,998 [INFO] Got command from the client 'session,2021-08-11_00-22-28,start,testing'
ptd-server 2021-08-11 00:34:52,998 [INFO] Sending to ptd: 'SR,V,234.700000'
ptd-server 2021-08-11 00:34:59,563 [INFO] Reply from ptd: 'Range V changed'
ptd-server 2021-08-11 00:34:59,563 [INFO] Sending to ptd: 'SR,A,5.283000'
ptd-server 2021-08-11 00:35:05,146 [INFO] Reply from ptd: 'Range A changed'
ptd-server 2021-08-11 00:35:15,156 [INFO] Starting testing mode
ptd-server 2021-08-11 00:35:15,156 [INFO] Sending to ptd: 'Go,1000,0,2021-08-11_00-22-28_testing'
ptd-server 2021-08-11 00:35:15,156 [INFO] Reply from ptd: 'Starting untimed measurement, maximum 500000 samples at 1000ms with 0 rampup samples'
ptd-server 2021-08-11 00:35:15,156 [INFO] Sending reply to client 'OK'
ptd-server 2021-08-11 00:46:51,866 [INFO] Got command from the client 'session,2021-08-11_00-22-28,stop,testing'
ptd-server 2021-08-11 00:47:01,887 [INFO] Sending to ptd: 'Stop'
ptd-server 2021-08-11 00:47:01,887 [INFO] Reply from ptd: 'Stopping untimed measurement'
ptd-server 2021-08-11 00:47:01,902 [INFO] Sending reply to client 'OK'
ptd-server 2021-08-11 00:47:01,934 [INFO] Got command from the client 'session,2021-08-11_00-22-28,done'
ptd-server 2021-08-11 00:47:01,934 [INFO] Sending to ptd: 'Stop'
ptd-server 2021-08-11 00:47:02,168 [INFO] Reply from ptd: 'Error: no measurement to stop'
ptd-server 2021-08-11 00:47:02,168 [INFO] Sending to ptd: 'SR,V,Auto'
ptd-server 2021-08-11 00:47:07,244 [INFO] Reply from ptd: 'Range V changed'
ptd-server 2021-08-11 00:47:07,244 [INFO] Sending to ptd: 'SR,A,20.000000'
ptd-server 2021-08-11 00:47:12,827 [INFO] Reply from ptd: 'Range A changed'
ptd-server 2021-08-11 00:47:12,827 [INFO] Set initial values for Amps 20.000000 and Volts Auto
ptd-server 2021-08-11 00:47:12,827 [INFO] Stopping ptd...
