ptd-server 2021-08-06 04:47:32,406 [INFO] Got command from the client 'stop'
ptd-server 2021-08-06 04:47:32,406 [INFO] The server will be stopped after processing this client
ptd-server 2021-08-06 04:47:32,406 [INFO] Sending reply to client 'OK'
ptd-server 2021-08-06 04:47:32,609 [INFO] Got command from the client 'time'
ptd-server 2021-08-06 04:47:32,609 [INFO] Sending reply to client '1628250452.6090915'
ptd-server 2021-08-06 04:47:32,609 [INFO] Got command from the client 'new,,b9718f4f-ac9c-4153-a03f-cef7989bde18'
ptd-server 2021-08-06 04:47:32,609 [INFO] Sending reply to client 'OK 2021-08-06_04-47-32,db6a1a7e-3887-48dc-8f1e-5ff6dd7fb2a1'
ptd-server 2021-08-06 04:47:32,806 [INFO] Got command from the client 'time'
ptd-server 2021-08-06 04:47:32,806 [INFO] Sending reply to client '1628250452.8062665'
ptd-server 2021-08-06 04:47:32,806 [INFO] Got command from the client 'session,2021-08-06_04-47-32,start,ranging'
ptd-server 2021-08-06 04:47:32,931 [INFO] Running PTDaemon: ['C:\\PTD\\ptd-windows-x86.exe', '-l', 'C:\\Users\\lab\\AppData\\Local\\Temp\\tmp4crjxu7a\\ptd_logfile.txt', '-p', '8888', '-c', '1', '-y', '52', '172.18.220.100']
ptd-server 2021-08-06 04:47:50,525 [INFO] Sending to ptd: 'Hello'
ptd-server 2021-08-06 04:47:50,525 [INFO] Reply from ptd: 'Hello, PTDaemon here!'
ptd-server 2021-08-06 04:47:50,525 [INFO] Sending to ptd: 'Identify'
ptd-server 2021-08-06 04:47:50,525 [INFO] Reply from ptd: 'YokogawaWT330E,1000,1,1,1,1,0,0,1,version=1.9.2-3976349f-20201208,OS=Windows 8 / Server 2012,mode=power,1,1,1,0,0,no_cal_date,YOKOGAWA;WT333E;C2WC23035V;F1.04'
ptd-server 2021-08-06 04:47:50,525 [INFO] Connected to PTDaemon
ptd-server 2021-08-06 04:47:50,525 [INFO] Sending to ptd: 'RR'
ptd-server 2021-08-06 04:47:50,525 [INFO] Reply from ptd: 'Ranges,1,5.000000,1,300.000000'
ptd-server 2021-08-06 04:47:50,525 [INFO] Initial range for Amps is Auto for Volts is Auto
ptd-server 2021-08-06 04:47:50,525 [INFO] Sending to ptd: 'SR,V,Auto'
ptd-server 2021-08-06 04:47:51,041 [INFO] Reply from ptd: 'Range V changed'
ptd-server 2021-08-06 04:47:51,041 [INFO] Sending to ptd: 'SR,A,20'
ptd-server 2021-08-06 04:47:52,570 [INFO] Reply from ptd: 'Range A changed'
ptd-server 2021-08-06 04:48:02,579 [INFO] Starting ranging mode
ptd-server 2021-08-06 04:48:02,579 [INFO] Sending to ptd: 'Go,1000,0,2021-08-06_04-47-32_ranging'
ptd-server 2021-08-06 04:48:02,579 [INFO] Reply from ptd: 'Starting untimed measurement, maximum 500000 samples at 1000ms with 0 rampup samples'
ptd-server 2021-08-06 04:48:02,579 [INFO] Sending reply to client 'OK'
ptd-server 2021-08-06 04:58:20,604 [INFO] Got command from the client 'session,2021-08-06_04-47-32,stop,ranging'
ptd-server 2021-08-06 04:58:30,627 [INFO] Sending to ptd: 'Stop'
ptd-server 2021-08-06 04:58:30,627 [INFO] Reply from ptd: 'Stopping untimed measurement'
ptd-server 2021-08-06 04:58:30,643 [INFO] Sending reply to client 'OK'
ptd-server 2021-08-06 04:58:30,878 [INFO] Got command from the client 'time'
ptd-server 2021-08-06 04:58:30,878 [INFO] Sending reply to client '1628251110.8788874'
ptd-server 2021-08-06 04:58:30,878 [INFO] Got command from the client 'session,2021-08-06_04-47-32,start,testing'
ptd-server 2021-08-06 04:58:30,878 [INFO] Sending to ptd: 'SR,V,206.550000'
ptd-server 2021-08-06 04:58:33,100 [INFO] Reply from ptd: 'Range V changed'
ptd-server 2021-08-06 04:58:33,100 [INFO] Sending to ptd: 'SR,A,6.153000'
ptd-server 2021-08-06 04:58:34,619 [INFO] Reply from ptd: 'Range A changed'
ptd-server 2021-08-06 04:58:44,626 [INFO] Starting testing mode
ptd-server 2021-08-06 04:58:44,626 [INFO] Sending to ptd: 'Go,1000,0,2021-08-06_04-47-32_testing'
ptd-server 2021-08-06 04:58:44,626 [INFO] Reply from ptd: 'Starting untimed measurement, maximum 500000 samples at 1000ms with 0 rampup samples'
ptd-server 2021-08-06 04:58:44,626 [INFO] Sending reply to client 'OK'
ptd-server 2021-08-06 05:09:02,823 [INFO] Got command from the client 'session,2021-08-06_04-47-32,stop,testing'
ptd-server 2021-08-06 05:09:12,828 [INFO] Sending to ptd: 'Stop'
ptd-server 2021-08-06 05:09:12,828 [INFO] Reply from ptd: 'Stopping untimed measurement'
ptd-server 2021-08-06 05:09:12,828 [INFO] Sending reply to client 'OK'
ptd-server 2021-08-06 05:09:12,891 [INFO] Got command from the client 'session,2021-08-06_04-47-32,done'
ptd-server 2021-08-06 05:09:12,891 [INFO] Sending to ptd: 'Stop'
ptd-server 2021-08-06 05:09:13,629 [INFO] Reply from ptd: 'Error: no measurement to stop'
ptd-server 2021-08-06 05:09:13,629 [INFO] Sending to ptd: 'SR,V,Auto'
ptd-server 2021-08-06 05:09:14,145 [INFO] Reply from ptd: 'Range V changed'
ptd-server 2021-08-06 05:09:14,145 [INFO] Sending to ptd: 'SR,A,Auto'
ptd-server 2021-08-06 05:09:14,656 [INFO] Reply from ptd: 'Range A changed'
ptd-server 2021-08-06 05:09:14,656 [INFO] Set initial values for Amps Auto and Volts Auto
ptd-server 2021-08-06 05:09:14,656 [INFO] Stopping ptd...
