ptd-server 2021-08-08 16:39:34,174 [INFO] Got command from the client 'time'
ptd-server 2021-08-08 16:39:34,174 [INFO] Sending reply to client '1628437174.1743195'
ptd-server 2021-08-08 16:39:34,177 [INFO] Got command from the client 'new,,06481601-4694-4952-8d92-545e339d5ed9'
ptd-server 2021-08-08 16:39:34,177 [INFO] Sending reply to client 'OK 2021-08-08_16-39-34,0c61b44a-f080-4f8a-89e1-4ca384077c88'
ptd-server 2021-08-08 16:39:34,220 [INFO] Got command from the client 'time'
ptd-server 2021-08-08 16:39:34,221 [INFO] Sending reply to client '1628437174.221051'
ptd-server 2021-08-08 16:39:34,224 [INFO] Got command from the client 'session,2021-08-08_16-39-34,start,ranging'
ptd-server 2021-08-08 16:39:34,224 [INFO] Running PTDaemon: ['/home/anton/projects/mlperf/power/inference_v1.0/ptd-linux-x86', '-l', '/tmp/tmpr3iqmcco/ptd_logfile.txt', '-p', '8888', '49', '/dev/usbtmc0']
ptd-server 2021-08-08 16:39:51,396 [INFO] Sending to ptd: 'Hello'
ptd-server 2021-08-08 16:39:51,396 [INFO] Reply from ptd: 'Hello, PTDaemon here!'
ptd-server 2021-08-08 16:39:51,396 [INFO] Sending to ptd: 'Identify'
ptd-server 2021-08-08 16:39:51,397 [INFO] Reply from ptd: 'YokogawaWT310E,1000,1,1,1,1,0,1,1,version=1.9.2-e8c7a49a-20201208,OS=Linux 5.8.0-63-generic #71~20.04.1-Ubuntu SMP Thu Jul 15 17:46:08 UTC 2021 x86_64,mode=power,1,1,1,0,0,no_cal_date,YOKOGAWA;WT310E;C3XA04010E;F1.04'
ptd-server 2021-08-08 16:39:51,397 [INFO] Connected to PTDaemon
ptd-server 2021-08-08 16:39:51,397 [INFO] Sending to ptd: 'RR'
ptd-server 2021-08-08 16:39:51,397 [INFO] Reply from ptd: 'Ranges,0,0.500000,0,300.000000'
ptd-server 2021-08-08 16:39:51,397 [INFO] Initial range for Amps is 0.500000 for Volts is 300.000000
ptd-server 2021-08-08 16:39:51,398 [INFO] Sending to ptd: 'SR,V,Auto'
ptd-server 2021-08-08 16:39:51,900 [INFO] Reply from ptd: 'Range V changed'
ptd-server 2021-08-08 16:39:51,900 [INFO] Sending to ptd: 'SR,A,Auto'
ptd-server 2021-08-08 16:39:52,402 [INFO] Reply from ptd: 'Range A changed'
ptd-server 2021-08-08 16:40:02,413 [INFO] Starting ranging mode
ptd-server 2021-08-08 16:40:02,413 [INFO] Sending to ptd: 'Go,1000,0,2021-08-08_16-39-34_ranging'
ptd-server 2021-08-08 16:40:02,413 [INFO] Reply from ptd: 'Starting untimed measurement, maximum 500000 samples at 1000ms with 0 rampup samples'
ptd-server 2021-08-08 16:40:02,414 [INFO] Sending reply to client 'OK'
ptd-server 2021-08-08 16:50:22,520 [INFO] Got command from the client 'session,2021-08-08_16-39-34,stop,ranging'
ptd-server 2021-08-08 16:50:32,530 [INFO] Sending to ptd: 'Stop'
ptd-server 2021-08-08 16:50:32,531 [INFO] Reply from ptd: 'Stopping untimed measurement'
ptd-server 2021-08-08 16:50:32,683 [INFO] Sending reply to client 'OK'
ptd-server 2021-08-08 16:50:32,740 [INFO] Got command from the client 'time'
ptd-server 2021-08-08 16:50:32,740 [INFO] Sending reply to client '1628437832.7406056'
ptd-server 2021-08-08 16:50:32,743 [INFO] Got command from the client 'session,2021-08-08_16-39-34,start,testing'
ptd-server 2021-08-08 16:50:32,743 [INFO] Sending to ptd: 'SR,V,247.860000'
ptd-server 2021-08-08 16:50:34,915 [INFO] Reply from ptd: 'Range V changed'
ptd-server 2021-08-08 16:50:34,915 [INFO] Sending to ptd: 'SR,A,0.216220'
ptd-server 2021-08-08 16:50:36,416 [INFO] Reply from ptd: 'Range A changed'
ptd-server 2021-08-08 16:50:46,427 [INFO] Starting testing mode
ptd-server 2021-08-08 16:50:46,427 [INFO] Sending to ptd: 'Go,1000,0,2021-08-08_16-39-34_testing'
ptd-server 2021-08-08 16:50:46,427 [INFO] Reply from ptd: 'Starting untimed measurement, maximum 500000 samples at 1000ms with 0 rampup samples'
ptd-server 2021-08-08 16:50:46,427 [INFO] Sending reply to client 'OK'
ptd-server 2021-08-08 17:01:06,160 [INFO] Got command from the client 'session,2021-08-08_16-39-34,stop,testing'
ptd-server 2021-08-08 17:01:16,170 [INFO] Sending to ptd: 'Stop'
ptd-server 2021-08-08 17:01:16,171 [INFO] Reply from ptd: 'Stopping untimed measurement'
ptd-server 2021-08-08 17:01:16,258 [INFO] Sending reply to client 'OK'
ptd-server 2021-08-08 17:01:16,277 [INFO] Got command from the client 'session,2021-08-08_16-39-34,done'
ptd-server 2021-08-08 17:01:16,277 [INFO] Sending to ptd: 'Stop'
ptd-server 2021-08-08 17:01:16,427 [INFO] Reply from ptd: 'Error: no measurement to stop'
ptd-server 2021-08-08 17:01:16,427 [INFO] Sending to ptd: 'SR,V,300.000000'
ptd-server 2021-08-08 17:01:17,929 [INFO] Reply from ptd: 'Range V changed'
ptd-server 2021-08-08 17:01:17,929 [INFO] Sending to ptd: 'SR,A,0.500000'
ptd-server 2021-08-08 17:01:19,430 [INFO] Reply from ptd: 'Range A changed'
ptd-server 2021-08-08 17:01:19,430 [INFO] Set initial values for Amps 0.500000 and Volts 300.000000
ptd-server 2021-08-08 17:01:19,430 [INFO] Stopping ptd...
