ptd-server 2021-08-07 21:05:56,005 [INFO] Got command from the client 'time'
ptd-server 2021-08-07 21:05:56,005 [INFO] Sending reply to client '1628366756.0055544'
ptd-server 2021-08-07 21:05:56,008 [INFO] Got command from the client 'new,,30de08c0-f867-4b77-bae4-03ddbead0157'
ptd-server 2021-08-07 21:05:56,009 [INFO] Sending reply to client 'OK 2021-08-07_21-05-56,618ba785-0527-4747-a1ee-2425c741e86d'
ptd-server 2021-08-07 21:05:56,050 [INFO] Got command from the client 'time'
ptd-server 2021-08-07 21:05:56,050 [INFO] Sending reply to client '1628366756.050411'
ptd-server 2021-08-07 21:05:56,053 [INFO] Got command from the client 'session,2021-08-07_21-05-56,start,ranging'
ptd-server 2021-08-07 21:05:56,053 [INFO] Running PTDaemon: ['/home/anton/projects/mlperf/power/inference_v1.0/ptd-linux-x86', '-l', '/tmp/tmpr3iqmcco/ptd_logfile.txt', '-p', '8888', '49', '/dev/usbtmc0']
ptd-server 2021-08-07 21:06:13,226 [INFO] Sending to ptd: 'Hello'
ptd-server 2021-08-07 21:06:13,226 [INFO] Reply from ptd: 'Hello, PTDaemon here!'
ptd-server 2021-08-07 21:06:13,227 [INFO] Sending to ptd: 'Identify'
ptd-server 2021-08-07 21:06:13,227 [INFO] Reply from ptd: 'YokogawaWT310E,1000,1,1,1,1,0,1,1,version=1.9.2-e8c7a49a-20201208,OS=Linux 5.8.0-63-generic #71~20.04.1-Ubuntu SMP Thu Jul 15 17:46:08 UTC 2021 x86_64,mode=power,1,1,1,0,0,no_cal_date,YOKOGAWA;WT310E;C3XA04010E;F1.04'
ptd-server 2021-08-07 21:06:13,227 [INFO] Connected to PTDaemon
ptd-server 2021-08-07 21:06:13,227 [INFO] Sending to ptd: 'RR'
ptd-server 2021-08-07 21:06:13,227 [INFO] Reply from ptd: 'Ranges,0,0.500000,0,300.000000'
ptd-server 2021-08-07 21:06:13,228 [INFO] Initial range for Amps is 0.500000 for Volts is 300.000000
ptd-server 2021-08-07 21:06:13,228 [INFO] Sending to ptd: 'SR,V,Auto'
ptd-server 2021-08-07 21:06:13,730 [INFO] Reply from ptd: 'Range V changed'
ptd-server 2021-08-07 21:06:13,730 [INFO] Sending to ptd: 'SR,A,Auto'
ptd-server 2021-08-07 21:06:14,233 [INFO] Reply from ptd: 'Range A changed'
ptd-server 2021-08-07 21:06:24,243 [INFO] Starting ranging mode
ptd-server 2021-08-07 21:06:24,243 [INFO] Sending to ptd: 'Go,1000,0,2021-08-07_21-05-56_ranging'
ptd-server 2021-08-07 21:06:24,244 [INFO] Reply from ptd: 'Starting untimed measurement, maximum 500000 samples at 1000ms with 0 rampup samples'
ptd-server 2021-08-07 21:06:24,244 [INFO] Sending reply to client 'OK'
ptd-server 2021-08-07 21:16:43,854 [INFO] Got command from the client 'session,2021-08-07_21-05-56,stop,ranging'
ptd-server 2021-08-07 21:16:53,865 [INFO] Sending to ptd: 'Stop'
ptd-server 2021-08-07 21:16:53,865 [INFO] Reply from ptd: 'Stopping untimed measurement'
ptd-server 2021-08-07 21:16:53,935 [INFO] Sending reply to client 'OK'
ptd-server 2021-08-07 21:16:53,988 [INFO] Got command from the client 'time'
ptd-server 2021-08-07 21:16:53,988 [INFO] Sending reply to client '1628367413.9884787'
ptd-server 2021-08-07 21:16:53,990 [INFO] Got command from the client 'session,2021-08-07_21-05-56,start,testing'
ptd-server 2021-08-07 21:16:53,990 [INFO] Sending to ptd: 'SR,V,249.470000'
ptd-server 2021-08-07 21:16:55,745 [INFO] Reply from ptd: 'Range V changed'
ptd-server 2021-08-07 21:16:55,746 [INFO] Sending to ptd: 'SR,A,0.178720'
ptd-server 2021-08-07 21:16:57,247 [INFO] Reply from ptd: 'Range A changed'
ptd-server 2021-08-07 21:17:07,257 [INFO] Starting testing mode
ptd-server 2021-08-07 21:17:07,257 [INFO] Sending to ptd: 'Go,1000,0,2021-08-07_21-05-56_testing'
ptd-server 2021-08-07 21:17:07,258 [INFO] Reply from ptd: 'Starting untimed measurement, maximum 500000 samples at 1000ms with 0 rampup samples'
ptd-server 2021-08-07 21:17:07,258 [INFO] Sending reply to client 'OK'
ptd-server 2021-08-07 21:27:26,804 [INFO] Got command from the client 'session,2021-08-07_21-05-56,stop,testing'
ptd-server 2021-08-07 21:27:36,814 [INFO] Sending to ptd: 'Stop'
ptd-server 2021-08-07 21:27:36,814 [INFO] Reply from ptd: 'Stopping untimed measurement'
ptd-server 2021-08-07 21:27:36,849 [INFO] Sending reply to client 'OK'
ptd-server 2021-08-07 21:27:36,869 [INFO] Got command from the client 'session,2021-08-07_21-05-56,done'
ptd-server 2021-08-07 21:27:36,869 [INFO] Sending to ptd: 'Stop'
ptd-server 2021-08-07 21:27:37,258 [INFO] Reply from ptd: 'Error: no measurement to stop'
ptd-server 2021-08-07 21:27:37,259 [INFO] Sending to ptd: 'SR,V,300.000000'
ptd-server 2021-08-07 21:27:38,760 [INFO] Reply from ptd: 'Range V changed'
ptd-server 2021-08-07 21:27:38,760 [INFO] Sending to ptd: 'SR,A,0.500000'
ptd-server 2021-08-07 21:27:40,261 [INFO] Reply from ptd: 'Range A changed'
ptd-server 2021-08-07 21:27:40,262 [INFO] Set initial values for Amps 0.500000 and Volts 300.000000
ptd-server 2021-08-07 21:27:40,262 [INFO] Stopping ptd...
