ptd-server 2021-08-09 05:02:36,595 [INFO] Got command from the client 'time'
ptd-server 2021-08-09 05:02:36,595 [INFO] Sending reply to client '1628481756.5953085'
ptd-server 2021-08-09 05:02:36,596 [INFO] Got command from the client 'new,,4df78dd7-3f74-4b3d-9459-94951d478fe9'
ptd-server 2021-08-09 05:02:36,597 [INFO] Sending reply to client 'OK 2021-08-09_05-02-36,b7378886-dbee-4f22-9bf3-54750da66af7'
ptd-server 2021-08-09 05:02:36,635 [INFO] Got command from the client 'time'
ptd-server 2021-08-09 05:02:36,635 [INFO] Sending reply to client '1628481756.6357112'
ptd-server 2021-08-09 05:02:36,637 [INFO] Got command from the client 'session,2021-08-09_05-02-36,start,ranging'
ptd-server 2021-08-09 05:02:36,637 [INFO] Running PTDaemon: ['/home/anton/projects/mlperf/power/inference_v1.0/ptd-linux-x86', '-l', '/tmp/tmpr3iqmcco/ptd_logfile.txt', '-p', '8888', '49', '/dev/usbtmc0']
ptd-server 2021-08-09 05:02:53,811 [INFO] Sending to ptd: 'Hello'
ptd-server 2021-08-09 05:02:53,811 [INFO] Reply from ptd: 'Hello, PTDaemon here!'
ptd-server 2021-08-09 05:02:53,811 [INFO] Sending to ptd: 'Identify'
ptd-server 2021-08-09 05:02:53,812 [INFO] Reply from ptd: 'YokogawaWT310E,1000,1,1,1,1,0,1,1,version=1.9.2-e8c7a49a-20201208,OS=Linux 5.8.0-63-generic #71~20.04.1-Ubuntu SMP Thu Jul 15 17:46:08 UTC 2021 x86_64,mode=power,1,1,1,0,0,no_cal_date,YOKOGAWA;WT310E;C3XA04010E;F1.04'
ptd-server 2021-08-09 05:02:53,812 [INFO] Connected to PTDaemon
ptd-server 2021-08-09 05:02:53,812 [INFO] Sending to ptd: 'RR'
ptd-server 2021-08-09 05:02:53,812 [INFO] Reply from ptd: 'Ranges,0,0.500000,0,300.000000'
ptd-server 2021-08-09 05:02:53,813 [INFO] Initial range for Amps is 0.500000 for Volts is 300.000000
ptd-server 2021-08-09 05:02:53,813 [INFO] Sending to ptd: 'SR,V,Auto'
ptd-server 2021-08-09 05:02:54,315 [INFO] Reply from ptd: 'Range V changed'
ptd-server 2021-08-09 05:02:54,316 [INFO] Sending to ptd: 'SR,A,Auto'
ptd-server 2021-08-09 05:02:54,818 [INFO] Reply from ptd: 'Range A changed'
ptd-server 2021-08-09 05:03:04,828 [INFO] Starting ranging mode
ptd-server 2021-08-09 05:03:04,829 [INFO] Sending to ptd: 'Go,1000,0,2021-08-09_05-02-36_ranging'
ptd-server 2021-08-09 05:03:04,829 [INFO] Reply from ptd: 'Starting untimed measurement, maximum 500000 samples at 1000ms with 0 rampup samples'
ptd-server 2021-08-09 05:03:04,829 [INFO] Sending reply to client 'OK'
ptd-server 2021-08-09 05:13:24,394 [INFO] Got command from the client 'session,2021-08-09_05-02-36,stop,ranging'
ptd-server 2021-08-09 05:13:34,404 [INFO] Sending to ptd: 'Stop'
ptd-server 2021-08-09 05:13:34,405 [INFO] Reply from ptd: 'Stopping untimed measurement'
ptd-server 2021-08-09 05:13:34,629 [INFO] Sending reply to client 'OK'
ptd-server 2021-08-09 05:13:34,690 [INFO] Got command from the client 'time'
ptd-server 2021-08-09 05:13:34,690 [INFO] Sending reply to client '1628482414.6903746'
ptd-server 2021-08-09 05:13:34,692 [INFO] Got command from the client 'session,2021-08-09_05-02-36,start,testing'
ptd-server 2021-08-09 05:13:34,693 [INFO] Sending to ptd: 'SR,V,251.630000'
ptd-server 2021-08-09 05:13:36,330 [INFO] Reply from ptd: 'Range V changed'
ptd-server 2021-08-09 05:13:36,330 [INFO] Sending to ptd: 'SR,A,0.175710'
ptd-server 2021-08-09 05:13:37,832 [INFO] Reply from ptd: 'Range A changed'
ptd-server 2021-08-09 05:13:47,842 [INFO] Starting testing mode
ptd-server 2021-08-09 05:13:47,842 [INFO] Sending to ptd: 'Go,1000,0,2021-08-09_05-02-36_testing'
ptd-server 2021-08-09 05:13:47,843 [INFO] Reply from ptd: 'Starting untimed measurement, maximum 500000 samples at 1000ms with 0 rampup samples'
ptd-server 2021-08-09 05:13:47,843 [INFO] Sending reply to client 'OK'
ptd-server 2021-08-09 05:24:07,114 [INFO] Got command from the client 'session,2021-08-09_05-02-36,stop,testing'
ptd-server 2021-08-09 05:24:17,125 [INFO] Sending to ptd: 'Stop'
ptd-server 2021-08-09 05:24:17,125 [INFO] Reply from ptd: 'Stopping untimed measurement'
ptd-server 2021-08-09 05:24:17,250 [INFO] Sending reply to client 'OK'
ptd-server 2021-08-09 05:24:17,270 [INFO] Got command from the client 'session,2021-08-09_05-02-36,done'
ptd-server 2021-08-09 05:24:17,270 [INFO] Sending to ptd: 'Stop'
ptd-server 2021-08-09 05:24:17,844 [INFO] Reply from ptd: 'Error: no measurement to stop'
ptd-server 2021-08-09 05:24:17,844 [INFO] Sending to ptd: 'SR,V,300.000000'
ptd-server 2021-08-09 05:24:19,345 [INFO] Reply from ptd: 'Range V changed'
ptd-server 2021-08-09 05:24:19,345 [INFO] Sending to ptd: 'SR,A,0.500000'
ptd-server 2021-08-09 05:24:20,847 [INFO] Reply from ptd: 'Range A changed'
ptd-server 2021-08-09 05:24:20,847 [INFO] Set initial values for Amps 0.500000 and Volts 300.000000
ptd-server 2021-08-09 05:24:20,847 [INFO] Stopping ptd...
