ptd-server 2021-08-07 19:25:55,443 [INFO] Got command from the client 'time'
ptd-server 2021-08-07 19:25:55,443 [INFO] Sending reply to client '1628360755.4435115'
ptd-server 2021-08-07 19:25:55,445 [INFO] Got command from the client 'new,,be26f346-ea5e-4bac-a99f-0dfb5ce362d8'
ptd-server 2021-08-07 19:25:55,446 [INFO] Sending reply to client 'OK 2021-08-07_19-25-55,334a253f-26e0-4c06-ad6c-0ba0a04c52a7'
ptd-server 2021-08-07 19:25:55,483 [INFO] Got command from the client 'time'
ptd-server 2021-08-07 19:25:55,483 [INFO] Sending reply to client '1628360755.4838269'
ptd-server 2021-08-07 19:25:55,486 [INFO] Got command from the client 'session,2021-08-07_19-25-55,start,ranging'
ptd-server 2021-08-07 19:25:55,486 [INFO] Running PTDaemon: ['/home/anton/projects/mlperf/power/inference_v1.0/ptd-linux-x86', '-l', '/tmp/tmpr3iqmcco/ptd_logfile.txt', '-p', '8888', '49', '/dev/usbtmc0']
ptd-server 2021-08-07 19:26:12,658 [INFO] Sending to ptd: 'Hello'
ptd-server 2021-08-07 19:26:12,659 [INFO] Reply from ptd: 'Hello, PTDaemon here!'
ptd-server 2021-08-07 19:26:12,659 [INFO] Sending to ptd: 'Identify'
ptd-server 2021-08-07 19:26:12,660 [INFO] Reply from ptd: 'YokogawaWT310E,1000,1,1,1,1,0,1,1,version=1.9.2-e8c7a49a-20201208,OS=Linux 5.8.0-63-generic #71~20.04.1-Ubuntu SMP Thu Jul 15 17:46:08 UTC 2021 x86_64,mode=power,1,1,1,0,0,no_cal_date,YOKOGAWA;WT310E;C3XA04010E;F1.04'
ptd-server 2021-08-07 19:26:12,660 [INFO] Connected to PTDaemon
ptd-server 2021-08-07 19:26:12,660 [INFO] Sending to ptd: 'RR'
ptd-server 2021-08-07 19:26:12,660 [INFO] Reply from ptd: 'Ranges,0,0.500000,0,300.000000'
ptd-server 2021-08-07 19:26:12,660 [INFO] Initial range for Amps is 0.500000 for Volts is 300.000000
ptd-server 2021-08-07 19:26:12,661 [INFO] Sending to ptd: 'SR,V,Auto'
ptd-server 2021-08-07 19:26:13,163 [INFO] Reply from ptd: 'Range V changed'
ptd-server 2021-08-07 19:26:13,163 [INFO] Sending to ptd: 'SR,A,Auto'
ptd-server 2021-08-07 19:26:13,665 [INFO] Reply from ptd: 'Range A changed'
ptd-server 2021-08-07 19:26:23,676 [INFO] Starting ranging mode
ptd-server 2021-08-07 19:26:23,676 [INFO] Sending to ptd: 'Go,1000,0,2021-08-07_19-25-55_ranging'
ptd-server 2021-08-07 19:26:23,677 [INFO] Reply from ptd: 'Starting untimed measurement, maximum 500000 samples at 1000ms with 0 rampup samples'
ptd-server 2021-08-07 19:26:23,677 [INFO] Sending reply to client 'OK'
ptd-server 2021-08-07 20:11:10,547 [INFO] Got command from the client 'session,2021-08-07_19-25-55,stop,ranging'
ptd-server 2021-08-07 20:11:20,557 [INFO] Sending to ptd: 'Stop'
ptd-server 2021-08-07 20:11:20,557 [INFO] Reply from ptd: 'Stopping untimed measurement'
ptd-server 2021-08-07 20:11:20,639 [INFO] Sending reply to client 'OK'
ptd-server 2021-08-07 20:11:20,706 [INFO] Got command from the client 'time'
ptd-server 2021-08-07 20:11:20,707 [INFO] Sending reply to client '1628363480.7071128'
ptd-server 2021-08-07 20:11:20,710 [INFO] Got command from the client 'session,2021-08-07_19-25-55,start,testing'
ptd-server 2021-08-07 20:11:20,710 [INFO] Sending to ptd: 'SR,V,252.010000'
ptd-server 2021-08-07 20:11:22,212 [INFO] Reply from ptd: 'Range V changed'
ptd-server 2021-08-07 20:11:22,212 [INFO] Sending to ptd: 'SR,A,0.193030'
ptd-server 2021-08-07 20:11:23,713 [INFO] Reply from ptd: 'Range A changed'
ptd-server 2021-08-07 20:11:33,723 [INFO] Starting testing mode
ptd-server 2021-08-07 20:11:33,724 [INFO] Sending to ptd: 'Go,1000,0,2021-08-07_19-25-55_testing'
ptd-server 2021-08-07 20:11:33,724 [INFO] Reply from ptd: 'Starting untimed measurement, maximum 500000 samples at 1000ms with 0 rampup samples'
ptd-server 2021-08-07 20:11:33,724 [INFO] Sending reply to client 'OK'
ptd-server 2021-08-07 20:21:53,520 [INFO] Got command from the client 'session,2021-08-07_19-25-55,stop,testing'
ptd-server 2021-08-07 20:22:03,531 [INFO] Sending to ptd: 'Stop'
ptd-server 2021-08-07 20:22:03,531 [INFO] Reply from ptd: 'Stopping untimed measurement'
ptd-server 2021-08-07 20:22:03,562 [INFO] Sending reply to client 'OK'
ptd-server 2021-08-07 20:22:03,581 [INFO] Got command from the client 'session,2021-08-07_19-25-55,done'
ptd-server 2021-08-07 20:22:03,581 [INFO] Sending to ptd: 'Stop'
ptd-server 2021-08-07 20:22:03,725 [INFO] Reply from ptd: 'Error: no measurement to stop'
ptd-server 2021-08-07 20:22:03,725 [INFO] Sending to ptd: 'SR,V,300.000000'
ptd-server 2021-08-07 20:22:05,226 [INFO] Reply from ptd: 'Range V changed'
ptd-server 2021-08-07 20:22:05,227 [INFO] Sending to ptd: 'SR,A,0.500000'
ptd-server 2021-08-07 20:22:06,728 [INFO] Reply from ptd: 'Range A changed'
ptd-server 2021-08-07 20:22:06,728 [INFO] Set initial values for Amps 0.500000 and Volts 300.000000
ptd-server 2021-08-07 20:22:06,728 [INFO] Stopping ptd...
