ptd-server 2021-08-13 16:20:55,312 [INFO] Got command from the client 'stop'
ptd-server 2021-08-13 16:20:55,313 [INFO] The server will be stopped after processing this client
ptd-server 2021-08-13 16:20:55,314 [INFO] Sending reply to client 'OK'
ptd-server 2021-08-13 16:20:55,322 [INFO] Got command from the client 'time'
ptd-server 2021-08-13 16:20:55,323 [INFO] Sending reply to client '1628871655.3230882'
ptd-server 2021-08-13 16:20:55,324 [INFO] Got command from the client 'new,,55626e76-f03c-4aa8-a937-a5ecf9f75300'
ptd-server 2021-08-13 16:20:55,324 [INFO] Sending reply to client 'OK 2021-08-13_16-20-55,21cd1f43-2051-412f-a512-9d1b8a835336'
ptd-server 2021-08-13 16:20:55,329 [INFO] Got command from the client 'time'
ptd-server 2021-08-13 16:20:55,329 [INFO] Sending reply to client '1628871655.3299775'
ptd-server 2021-08-13 16:20:55,331 [INFO] Got command from the client 'session,2021-08-13_16-20-55,start,ranging'
ptd-server 2021-08-13 16:20:55,436 [INFO] Running PTDaemon: ['.\\ptd-windows-x86.exe', '-l', 'C:\\Users\\root\\AppData\\Local\\Temp\\tmpavek0uah\\ptd_logfile.txt', '-p', '8888', '-g', '8', '1']
ptd-server 2021-08-13 16:21:08,117 [INFO] Sending to ptd: 'Hello'
ptd-server 2021-08-13 16:21:08,118 [INFO] Reply from ptd: 'Hello, PTDaemon here!'
ptd-server 2021-08-13 16:21:08,119 [INFO] Sending to ptd: 'Identify'
ptd-server 2021-08-13 16:21:08,120 [INFO] Reply from ptd: 'YokogawaWT210,1000,1,1,1,1,0,0,1,version=1.9.2-3976349f-20201208,OS=Windows 8 / Server 2012,mode=power,1,1,1,0,0,no_cal_date,YOKOGAWA;760401;0;F1.12'
ptd-server 2021-08-13 16:21:08,121 [INFO] Connected to PTDaemon
ptd-server 2021-08-13 16:21:08,122 [INFO] Sending to ptd: 'RR'
ptd-server 2021-08-13 16:21:08,122 [INFO] Reply from ptd: 'Ranges,1,5.000000,1,150.000000'
ptd-server 2021-08-13 16:21:08,123 [INFO] Initial range for Amps is Auto for Volts is Auto
ptd-server 2021-08-13 16:21:08,124 [INFO] Sending to ptd: 'SR,V,Auto'
ptd-server 2021-08-13 16:21:08,644 [INFO] Reply from ptd: 'Range V changed'
ptd-server 2021-08-13 16:21:08,645 [INFO] Sending to ptd: 'SR,A,Auto'
ptd-server 2021-08-13 16:21:09,165 [INFO] Reply from ptd: 'Range A changed'
ptd-server 2021-08-13 16:21:19,166 [INFO] Starting ranging mode
ptd-server 2021-08-13 16:21:19,167 [INFO] Sending to ptd: 'Go,1000,0,2021-08-13_16-20-55_ranging'
ptd-server 2021-08-13 16:21:19,168 [INFO] Reply from ptd: 'Starting untimed measurement, maximum 500000 samples at 1000ms with 0 rampup samples'
ptd-server 2021-08-13 16:21:19,169 [INFO] Sending reply to client 'OK'
ptd-server 2021-08-13 16:37:19,004 [INFO] Got command from the client 'session,2021-08-13_16-20-55,stop,ranging'
ptd-server 2021-08-13 16:37:29,009 [INFO] Sending to ptd: 'Stop'
ptd-server 2021-08-13 16:37:29,010 [INFO] Reply from ptd: 'Stopping untimed measurement'
ptd-server 2021-08-13 16:37:29,043 [INFO] Sending reply to client 'OK'
ptd-server 2021-08-13 16:37:29,072 [INFO] Got command from the client 'time'
ptd-server 2021-08-13 16:37:29,072 [INFO] Sending reply to client '1628872649.0724745'
ptd-server 2021-08-13 16:37:29,074 [INFO] Got command from the client 'session,2021-08-13_16-20-55,start,testing'
ptd-server 2021-08-13 16:37:29,074 [INFO] Sending to ptd: 'SR,V,120.390000'
ptd-server 2021-08-13 16:37:30,706 [INFO] Reply from ptd: 'Range V changed'
ptd-server 2021-08-13 16:37:30,707 [INFO] Sending to ptd: 'SR,A,4.909000'
ptd-server 2021-08-13 16:37:32,231 [INFO] Reply from ptd: 'Range A changed'
ptd-server 2021-08-13 16:37:42,234 [INFO] Starting testing mode
ptd-server 2021-08-13 16:37:42,235 [INFO] Sending to ptd: 'Go,1000,0,2021-08-13_16-20-55_testing'
ptd-server 2021-08-13 16:37:42,235 [INFO] Reply from ptd: 'Starting untimed measurement, maximum 500000 samples at 1000ms with 0 rampup samples'
ptd-server 2021-08-13 16:37:42,237 [INFO] Sending reply to client 'OK'
ptd-server 2021-08-13 16:53:42,687 [INFO] Got command from the client 'session,2021-08-13_16-20-55,stop,testing'
ptd-server 2021-08-13 16:53:52,695 [INFO] Sending to ptd: 'Stop'
ptd-server 2021-08-13 16:53:52,696 [INFO] Reply from ptd: 'Stopping untimed measurement'
ptd-server 2021-08-13 16:53:52,713 [INFO] Sending reply to client 'OK'
ptd-server 2021-08-13 16:53:52,745 [INFO] Got command from the client 'session,2021-08-13_16-20-55,done'
ptd-server 2021-08-13 16:53:52,745 [INFO] Sending to ptd: 'Stop'
ptd-server 2021-08-13 16:53:53,251 [INFO] Reply from ptd: 'Error: no measurement to stop'
ptd-server 2021-08-13 16:53:53,252 [INFO] Sending to ptd: 'SR,V,Auto'
ptd-server 2021-08-13 16:53:53,777 [INFO] Reply from ptd: 'Range V changed'
ptd-server 2021-08-13 16:53:53,778 [INFO] Sending to ptd: 'SR,A,Auto'
ptd-server 2021-08-13 16:53:54,300 [INFO] Reply from ptd: 'Range A changed'
ptd-server 2021-08-13 16:53:54,302 [INFO] Set initial values for Amps Auto and Volts Auto
ptd-server 2021-08-13 16:53:54,303 [INFO] Stopping ptd...
