ptd-server 2021-08-11 20:27:00,004 [INFO] Got command from the client 'time'
ptd-server 2021-08-11 20:27:00,005 [INFO] Sending reply to client '1628731620.0051126'
ptd-server 2021-08-11 20:27:00,006 [INFO] Got command from the client 'new,,a1a4ab4f-c5f1-4244-8c1b-faab9683bf25'
ptd-server 2021-08-11 20:27:00,006 [INFO] Sending reply to client 'OK 2021-08-11_20-27-00,a74334c9-b711-4046-8e3e-e280d2aaa9a4'
ptd-server 2021-08-11 20:27:00,093 [INFO] Got command from the client 'time'
ptd-server 2021-08-11 20:27:00,094 [INFO] Sending reply to client '1628731620.0939856'
ptd-server 2021-08-11 20:27:00,095 [INFO] Got command from the client 'session,2021-08-11_20-27-00,start,ranging'
ptd-server 2021-08-11 20:27:00,095 [INFO] Running PTDaemon: ['/local/mnt/workspace/mlcommons/power-main/inference_v1.0/ptd-linux-x86', '-l', '/tmp/tmplv9kx47f/ptd_logfile.txt', '-p', '8888', '49', '/dev/usbtmc1']
ptd-server 2021-08-11 20:27:17,216 [INFO] Sending to ptd: 'Hello'
ptd-server 2021-08-11 20:27:17,217 [INFO] Reply from ptd: 'Hello, PTDaemon here!'
ptd-server 2021-08-11 20:27:17,217 [INFO] Sending to ptd: 'Identify'
ptd-server 2021-08-11 20:27:17,218 [INFO] Reply from ptd: 'YokogawaWT310E,1000,1,1,1,1,0,1,1,version=1.9.2-e8c7a49a-20201208,OS=Linux 4.15.0-64-generic #73-Ubuntu SMP Thu Sep 12 13:16:13 UTC 2019 x86_64,mode=power,1,1,1,0,0,no_cal_date,YOKOGAWA;WT310E;C2XF16030V;F1.04'
ptd-server 2021-08-11 20:27:17,218 [INFO] Connected to PTDaemon
ptd-server 2021-08-11 20:27:17,218 [INFO] Sending to ptd: 'RR'
ptd-server 2021-08-11 20:27:17,219 [INFO] Reply from ptd: 'Ranges,1,5.000000,1,150.000000'
ptd-server 2021-08-11 20:27:17,219 [INFO] Initial range for Amps is Auto for Volts is Auto
ptd-server 2021-08-11 20:27:17,219 [INFO] Sending to ptd: 'SR,V,Auto'
ptd-server 2021-08-11 20:27:17,722 [INFO] Reply from ptd: 'Range V changed'
ptd-server 2021-08-11 20:27:17,723 [INFO] Sending to ptd: 'SR,A,20'
ptd-server 2021-08-11 20:27:19,225 [INFO] Reply from ptd: 'Range A changed'
ptd-server 2021-08-11 20:27:29,235 [INFO] Starting ranging mode
ptd-server 2021-08-11 20:27:29,235 [INFO] Sending to ptd: 'Go,1000,0,2021-08-11_20-27-00_ranging'
ptd-server 2021-08-11 20:27:29,236 [INFO] Reply from ptd: 'Starting untimed measurement, maximum 500000 samples at 1000ms with 0 rampup samples'
ptd-server 2021-08-11 20:27:29,236 [INFO] Sending reply to client 'OK'
ptd-server 2021-08-11 20:40:18,547 [INFO] Got command from the client 'session,2021-08-11_20-27-00,stop,ranging'
ptd-server 2021-08-11 20:40:28,557 [INFO] Sending to ptd: 'Stop'
ptd-server 2021-08-11 20:40:28,558 [INFO] Reply from ptd: 'Stopping untimed measurement'
ptd-server 2021-08-11 20:40:28,579 [INFO] Sending reply to client 'OK'
ptd-server 2021-08-11 20:40:28,703 [INFO] Got command from the client 'time'
ptd-server 2021-08-11 20:40:28,704 [INFO] Sending reply to client '1628732428.7040575'
ptd-server 2021-08-11 20:40:28,704 [INFO] Got command from the client 'session,2021-08-11_20-27-00,start,testing'
ptd-server 2021-08-11 20:40:28,705 [INFO] Sending to ptd: 'SR,V,120.090000'
ptd-server 2021-08-11 20:40:30,738 [INFO] Reply from ptd: 'Range V changed'
ptd-server 2021-08-11 20:40:30,738 [INFO] Sending to ptd: 'SR,A,5.958000'
ptd-server 2021-08-11 20:40:32,240 [INFO] Reply from ptd: 'Range A changed'
ptd-server 2021-08-11 20:40:42,251 [INFO] Starting testing mode
ptd-server 2021-08-11 20:40:42,251 [INFO] Sending to ptd: 'Go,1000,0,2021-08-11_20-27-00_testing'
ptd-server 2021-08-11 20:40:42,252 [INFO] Reply from ptd: 'Starting untimed measurement, maximum 500000 samples at 1000ms with 0 rampup samples'
ptd-server 2021-08-11 20:40:42,252 [INFO] Sending reply to client 'OK'
ptd-server 2021-08-11 20:53:12,762 [INFO] Got command from the client 'session,2021-08-11_20-27-00,stop,testing'
ptd-server 2021-08-11 20:53:22,769 [INFO] Sending to ptd: 'Stop'
ptd-server 2021-08-11 20:53:22,770 [INFO] Reply from ptd: 'Stopping untimed measurement'
ptd-server 2021-08-11 20:53:22,780 [INFO] Sending reply to client 'OK'
ptd-server 2021-08-11 20:53:22,786 [INFO] Got command from the client 'session,2021-08-11_20-27-00,done'
ptd-server 2021-08-11 20:53:22,787 [INFO] Sending to ptd: 'Stop'
ptd-server 2021-08-11 20:53:23,253 [INFO] Reply from ptd: 'Error: no measurement to stop'
ptd-server 2021-08-11 20:53:23,253 [INFO] Sending to ptd: 'SR,V,Auto'
ptd-server 2021-08-11 20:53:23,757 [INFO] Reply from ptd: 'Range V changed'
ptd-server 2021-08-11 20:53:23,757 [INFO] Sending to ptd: 'SR,A,Auto'
ptd-server 2021-08-11 20:53:24,260 [INFO] Reply from ptd: 'Range A changed'
ptd-server 2021-08-11 20:53:24,260 [INFO] Set initial values for Amps Auto and Volts Auto
ptd-server 2021-08-11 20:53:24,260 [INFO] Stopping ptd...
