ptd-server 2021-08-01 12:24:22,144 [INFO] Got command from the client 'stop'
ptd-server 2021-08-01 12:24:22,144 [INFO] The server will be stopped after processing this client
ptd-server 2021-08-01 12:24:22,144 [INFO] Sending reply to client 'OK'
ptd-server 2021-08-01 12:24:22,348 [INFO] Got command from the client 'time'
ptd-server 2021-08-01 12:24:22,348 [INFO] Sending reply to client '1627845862.3480785'
ptd-server 2021-08-01 12:24:22,348 [INFO] Got command from the client 'new,,68330a6f-367a-4866-8191-4a54bf745410'
ptd-server 2021-08-01 12:24:22,363 [INFO] Sending reply to client 'OK 2021-08-01_12-24-22,8a24344e-3767-4110-ab84-268d5888a386'
ptd-server 2021-08-01 12:24:22,571 [INFO] Got command from the client 'time'
ptd-server 2021-08-01 12:24:22,571 [INFO] Sending reply to client '1627845862.5714135'
ptd-server 2021-08-01 12:24:22,571 [INFO] Got command from the client 'session,2021-08-01_12-24-22,start,ranging'
ptd-server 2021-08-01 12:24:22,680 [INFO] Running PTDaemon: ['C:\\PTD\\ptd-windows-x86.exe', '-l', 'C:\\Users\\lab\\AppData\\Local\\Temp\\tmpq0bzoi4j\\ptd_logfile.txt', '-p', '8888', '-c', '1,3', '-y', '77', '10.117.41.199']
ptd-server 2021-08-01 12:24:41,822 [INFO] Sending to ptd: 'Hello'
ptd-server 2021-08-01 12:24:41,822 [INFO] Reply from ptd: 'Hello, PTDaemon here!'
ptd-server 2021-08-01 12:24:41,822 [INFO] Sending to ptd: 'Identify'
ptd-server 2021-08-01 12:24:41,822 [INFO] Reply from ptd: 'YokogawaWT330_multichannel,1000,1,1,1,1,0,0,1,version=1.9.2-3976349f-20201208,OS=Windows 8 / Server 2012,mode=power,1,1,2,0,0,no_cal_date,YOKOGAWA;WT333E;C2WL21011V;F1.04'
ptd-server 2021-08-01 12:24:41,822 [INFO] Connected to PTDaemon
ptd-server 2021-08-01 12:24:41,822 [INFO] Sending to ptd: 'RR'
ptd-server 2021-08-01 12:24:41,822 [INFO] Reply from ptd: 'Ranges,0,20.000000,1,300.000000'
ptd-server 2021-08-01 12:24:41,822 [INFO] Initial range for Amps is 20.000000 for Volts is Auto
ptd-server 2021-08-01 12:24:41,822 [INFO] Sending to ptd: 'SR,V,Auto'
ptd-server 2021-08-01 12:24:46,903 [INFO] Reply from ptd: 'Range V changed'
ptd-server 2021-08-01 12:24:46,903 [INFO] Sending to ptd: 'SR,A,20'
ptd-server 2021-08-01 12:24:52,497 [INFO] Reply from ptd: 'Range A changed'
ptd-server 2021-08-01 12:25:02,512 [INFO] Starting ranging mode
ptd-server 2021-08-01 12:25:02,512 [INFO] Sending to ptd: 'Go,1000,0,2021-08-01_12-24-22_ranging'
ptd-server 2021-08-01 12:25:02,512 [INFO] Reply from ptd: 'Starting untimed measurement, maximum 500000 samples at 1000ms with 0 rampup samples'
ptd-server 2021-08-01 12:25:02,512 [INFO] Sending reply to client 'OK'
ptd-server 2021-08-01 12:36:33,561 [INFO] Got command from the client 'session,2021-08-01_12-24-22,stop,ranging'
ptd-server 2021-08-01 12:36:43,585 [INFO] Sending to ptd: 'Stop'
ptd-server 2021-08-01 12:36:43,585 [INFO] Reply from ptd: 'Stopping untimed measurement'
ptd-server 2021-08-01 12:36:43,616 [INFO] Sending reply to client 'OK'
ptd-server 2021-08-01 12:36:43,874 [INFO] Got command from the client 'time'
ptd-server 2021-08-01 12:36:43,874 [INFO] Sending reply to client '1627846603.8743832'
ptd-server 2021-08-01 12:36:43,874 [INFO] Got command from the client 'session,2021-08-01_12-24-22,start,testing'
ptd-server 2021-08-01 12:36:43,874 [INFO] Sending to ptd: 'SR,V,206.160000'
ptd-server 2021-08-01 12:36:50,597 [INFO] Reply from ptd: 'Range V changed'
ptd-server 2021-08-01 12:36:50,597 [INFO] Sending to ptd: 'SR,A,3.932000'
ptd-server 2021-08-01 12:36:56,179 [INFO] Reply from ptd: 'Range A changed'
ptd-server 2021-08-01 12:37:06,184 [INFO] Starting testing mode
ptd-server 2021-08-01 12:37:06,184 [INFO] Sending to ptd: 'Go,1000,0,2021-08-01_12-24-22_testing'
ptd-server 2021-08-01 12:37:06,184 [INFO] Reply from ptd: 'Starting untimed measurement, maximum 500000 samples at 1000ms with 0 rampup samples'
ptd-server 2021-08-01 12:37:06,184 [INFO] Sending reply to client 'OK'
ptd-server 2021-08-01 12:48:42,863 [INFO] Got command from the client 'session,2021-08-01_12-24-22,stop,testing'
ptd-server 2021-08-01 12:48:52,878 [INFO] Sending to ptd: 'Stop'
ptd-server 2021-08-01 12:48:52,878 [INFO] Reply from ptd: 'Stopping untimed measurement'
ptd-server 2021-08-01 12:48:52,894 [INFO] Sending reply to client 'OK'
ptd-server 2021-08-01 12:48:52,947 [INFO] Got command from the client 'session,2021-08-01_12-24-22,done'
ptd-server 2021-08-01 12:48:52,947 [INFO] Sending to ptd: 'Stop'
ptd-server 2021-08-01 12:48:53,199 [INFO] Reply from ptd: 'Error: no measurement to stop'
ptd-server 2021-08-01 12:48:53,199 [INFO] Sending to ptd: 'SR,V,Auto'
ptd-server 2021-08-01 12:48:58,268 [INFO] Reply from ptd: 'Range V changed'
ptd-server 2021-08-01 12:48:58,268 [INFO] Sending to ptd: 'SR,A,20.000000'
ptd-server 2021-08-01 12:49:03,856 [INFO] Reply from ptd: 'Range A changed'
ptd-server 2021-08-01 12:49:03,856 [INFO] Set initial values for Amps 20.000000 and Volts Auto
ptd-server 2021-08-01 12:49:03,856 [INFO] Stopping ptd...
