ptd-server 2021-08-11 11:36:10,822 [INFO] Got command from the client 'stop'
ptd-server 2021-08-11 11:36:10,822 [INFO] The server will be stopped after processing this client
ptd-server 2021-08-11 11:36:10,822 [INFO] Sending reply to client 'OK'
ptd-server 2021-08-11 11:36:11,041 [INFO] Got command from the client 'time'
ptd-server 2021-08-11 11:36:11,041 [INFO] Sending reply to client '1628706971.0417206'
ptd-server 2021-08-11 11:36:11,041 [INFO] Got command from the client 'new,,382b0358-8cb8-4a27-b6de-f1ee64b76b74'
ptd-server 2021-08-11 11:36:11,041 [INFO] Sending reply to client 'OK 2021-08-11_11-36-11,005e4d25-73f8-45d1-afc7-9a50b75ba1c8'
ptd-server 2021-08-11 11:36:11,257 [INFO] Got command from the client 'time'
ptd-server 2021-08-11 11:36:11,257 [INFO] Sending reply to client '1628706971.2574675'
ptd-server 2021-08-11 11:36:11,257 [INFO] Got command from the client 'session,2021-08-11_11-36-11,start,ranging'
ptd-server 2021-08-11 11:36:11,366 [INFO] Running PTDaemon: ['C:\\PTD\\ptd-windows-x86.exe', '-l', 'C:\\Users\\lab\\AppData\\Local\\Temp\\tmp_uy2java\\ptd_logfile.txt', '-p', '8888', '-c', '1,3', '-y', '77', '10.117.41.199']
ptd-server 2021-08-11 11:36:31,669 [INFO] Sending to ptd: 'Hello'
ptd-server 2021-08-11 11:36:31,669 [INFO] Reply from ptd: 'Hello, PTDaemon here!'
ptd-server 2021-08-11 11:36:31,669 [INFO] Sending to ptd: 'Identify'
ptd-server 2021-08-11 11:36:31,669 [INFO] Reply from ptd: 'YokogawaWT330_multichannel,1000,1,1,1,1,0,0,1,version=1.9.2-3976349f-20201208,OS=Windows 8 / Server 2012,mode=power,1,1,2,0,0,no_cal_date,YOKOGAWA;WT333E;C2WL21011V;F1.04'
ptd-server 2021-08-11 11:36:31,669 [INFO] Connected to PTDaemon
ptd-server 2021-08-11 11:36:31,669 [INFO] Sending to ptd: 'RR'
ptd-server 2021-08-11 11:36:31,669 [INFO] Reply from ptd: 'Ranges,0,20.000000,1,300.000000'
ptd-server 2021-08-11 11:36:31,669 [INFO] Initial range for Amps is 20.000000 for Volts is Auto
ptd-server 2021-08-11 11:36:31,669 [INFO] Sending to ptd: 'SR,V,Auto'
ptd-server 2021-08-11 11:36:36,737 [INFO] Reply from ptd: 'Range V changed'
ptd-server 2021-08-11 11:36:36,737 [INFO] Sending to ptd: 'SR,A,20'
ptd-server 2021-08-11 11:36:42,327 [INFO] Reply from ptd: 'Range A changed'
ptd-server 2021-08-11 11:36:52,330 [INFO] Starting ranging mode
ptd-server 2021-08-11 11:36:52,330 [INFO] Sending to ptd: 'Go,1000,0,2021-08-11_11-36-11_ranging'
ptd-server 2021-08-11 11:36:52,330 [INFO] Reply from ptd: 'Starting untimed measurement, maximum 500000 samples at 1000ms with 0 rampup samples'
ptd-server 2021-08-11 11:36:52,330 [INFO] Sending reply to client 'OK'
ptd-server 2021-08-11 11:50:09,281 [INFO] Got command from the client 'session,2021-08-11_11-36-11,stop,ranging'
ptd-server 2021-08-11 11:50:19,288 [INFO] Sending to ptd: 'Stop'
ptd-server 2021-08-11 11:50:19,288 [INFO] Reply from ptd: 'Stopping untimed measurement'
ptd-server 2021-08-11 11:50:19,335 [INFO] Sending reply to client 'OK'
ptd-server 2021-08-11 11:50:19,600 [INFO] Got command from the client 'time'
ptd-server 2021-08-11 11:50:19,600 [INFO] Sending reply to client '1628707819.6007698'
ptd-server 2021-08-11 11:50:19,600 [INFO] Got command from the client 'session,2021-08-11_11-36-11,start,testing'
ptd-server 2021-08-11 11:50:19,600 [INFO] Sending to ptd: 'SR,V,206.070000'
ptd-server 2021-08-11 11:50:25,694 [INFO] Reply from ptd: 'Range V changed'
ptd-server 2021-08-11 11:50:25,694 [INFO] Sending to ptd: 'SR,A,4.492000'
ptd-server 2021-08-11 11:50:31,283 [INFO] Reply from ptd: 'Range A changed'
ptd-server 2021-08-11 11:50:41,285 [INFO] Starting testing mode
ptd-server 2021-08-11 11:50:41,290 [INFO] Sending to ptd: 'Go,1000,0,2021-08-11_11-36-11_testing'
ptd-server 2021-08-11 11:50:41,291 [INFO] Reply from ptd: 'Starting untimed measurement, maximum 500000 samples at 1000ms with 0 rampup samples'
ptd-server 2021-08-11 11:50:41,291 [INFO] Sending reply to client 'OK'
ptd-server 2021-08-11 12:04:03,658 [INFO] Got command from the client 'session,2021-08-11_11-36-11,stop,testing'
ptd-server 2021-08-11 12:04:13,660 [INFO] Sending to ptd: 'Stop'
ptd-server 2021-08-11 12:04:13,660 [INFO] Reply from ptd: 'Stopping untimed measurement'
ptd-server 2021-08-11 12:04:13,676 [INFO] Sending reply to client 'OK'
ptd-server 2021-08-11 12:04:13,754 [INFO] Got command from the client 'session,2021-08-11_11-36-11,done'
ptd-server 2021-08-11 12:04:13,754 [INFO] Sending to ptd: 'Stop'
ptd-server 2021-08-11 12:04:14,294 [INFO] Reply from ptd: 'Error: no measurement to stop'
ptd-server 2021-08-11 12:04:14,294 [INFO] Sending to ptd: 'SR,V,Auto'
ptd-server 2021-08-11 12:04:19,370 [INFO] Reply from ptd: 'Range V changed'
ptd-server 2021-08-11 12:04:19,370 [INFO] Sending to ptd: 'SR,A,20.000000'
ptd-server 2021-08-11 12:04:24,954 [INFO] Reply from ptd: 'Range A changed'
ptd-server 2021-08-11 12:04:24,954 [INFO] Set initial values for Amps 20.000000 and Volts Auto
ptd-server 2021-08-11 12:04:24,954 [INFO] Stopping ptd...
