ptd-server 2021-08-10 20:23:30,412 [INFO] Got command from the client 'time'
ptd-server 2021-08-10 20:23:30,412 [INFO] Sending reply to client '1628645010.4125478'
ptd-server 2021-08-10 20:23:30,413 [INFO] Got command from the client 'new,,bf713379-62df-4f01-8c2c-0f296ead886e'
ptd-server 2021-08-10 20:23:30,413 [INFO] Sending reply to client 'OK 2021-08-10_20-23-30,2d406340-b5ee-473a-8e94-c269d4e4ebd2'
ptd-server 2021-08-10 20:23:30,521 [INFO] Got command from the client 'time'
ptd-server 2021-08-10 20:23:30,521 [INFO] Sending reply to client '1628645010.5215306'
ptd-server 2021-08-10 20:23:30,522 [INFO] Got command from the client 'session,2021-08-10_20-23-30,start,ranging'
ptd-server 2021-08-10 20:23:30,523 [INFO] Running PTDaemon: ['/local/mnt/workspace/mlcommons/power-main/inference_v1.0/ptd-linux-x86', '-l', '/tmp/tmp8rlsh6uu/ptd_logfile.txt', '-p', '8888', '-c', '1,2', '77', '/dev/usbtmc1']
ptd-server 2021-08-10 20:23:48,112 [INFO] Sending to ptd: 'Hello'
ptd-server 2021-08-10 20:23:48,112 [INFO] Reply from ptd: 'Hello, PTDaemon here!'
ptd-server 2021-08-10 20:23:48,112 [INFO] Sending to ptd: 'Identify'
ptd-server 2021-08-10 20:23:48,112 [INFO] Reply from ptd: 'YokogawaWT330_multichannel,1000,1,1,1,1,0,0,1,version=1.9.2-e8c7a49a-20201208,OS=Linux 4.15.0-118-generic #119~16.04.1-Ubuntu SMP Tue Sep 8 14:54:40 UTC 2020 x86_64,mode=power,1,1,2,0,0,no_cal_date,YOKOGAWA;WT333E;C2XC17005V;F1.04'
ptd-server 2021-08-10 20:23:48,113 [INFO] Connected to PTDaemon
ptd-server 2021-08-10 20:23:48,113 [INFO] Sending to ptd: 'RR'
ptd-server 2021-08-10 20:23:48,113 [INFO] Reply from ptd: 'Ranges,-1,-1.000000,-1,-1.000000'
ptd-server 2021-08-10 20:23:48,113 [INFO] Initial range for Amps is Auto for Volts is Auto
ptd-server 2021-08-10 20:23:48,113 [INFO] Sending to ptd: 'SR,V,Auto'
ptd-server 2021-08-10 20:23:53,165 [INFO] Reply from ptd: 'Range V changed'
ptd-server 2021-08-10 20:23:53,165 [INFO] Sending to ptd: 'SR,A,20'
ptd-server 2021-08-10 20:23:58,717 [INFO] Reply from ptd: 'Range A changed'
ptd-server 2021-08-10 20:24:08,725 [INFO] Starting ranging mode
ptd-server 2021-08-10 20:24:08,725 [INFO] Sending to ptd: 'Go,1000,0,2021-08-10_20-23-30_ranging'
ptd-server 2021-08-10 20:24:08,725 [INFO] Reply from ptd: 'Starting untimed measurement, maximum 500000 samples at 1000ms with 0 rampup samples'
ptd-server 2021-08-10 20:24:08,725 [INFO] Sending reply to client 'OK'
ptd-server 2021-08-10 20:35:45,303 [INFO] Got command from the client 'session,2021-08-10_20-23-30,stop,ranging'
ptd-server 2021-08-10 20:35:55,314 [INFO] Sending to ptd: 'Stop'
ptd-server 2021-08-10 20:35:55,314 [INFO] Reply from ptd: 'Stopping untimed measurement'
ptd-server 2021-08-10 20:35:55,347 [INFO] Sending reply to client 'OK'
ptd-server 2021-08-10 20:35:55,442 [INFO] Got command from the client 'time'
ptd-server 2021-08-10 20:35:55,442 [INFO] Sending reply to client '1628645755.442707'
ptd-server 2021-08-10 20:35:55,443 [INFO] Got command from the client 'session,2021-08-10_20-23-30,start,testing'
ptd-server 2021-08-10 20:35:55,443 [INFO] Sending to ptd: 'SR,V,213.190000'
ptd-server 2021-08-10 20:36:01,777 [INFO] Reply from ptd: 'Range V changed'
ptd-server 2021-08-10 20:36:01,777 [INFO] Sending to ptd: 'SR,A,4.779000'
ptd-server 2021-08-10 20:36:07,329 [INFO] Reply from ptd: 'Range A changed'
ptd-server 2021-08-10 20:36:17,339 [INFO] Starting testing mode
ptd-server 2021-08-10 20:36:17,339 [INFO] Sending to ptd: 'Go,1000,0,2021-08-10_20-23-30_testing'
ptd-server 2021-08-10 20:36:17,340 [INFO] Reply from ptd: 'Starting untimed measurement, maximum 500000 samples at 1000ms with 0 rampup samples'
ptd-server 2021-08-10 20:36:17,340 [INFO] Sending reply to client 'OK'
ptd-server 2021-08-10 20:47:54,718 [INFO] Got command from the client 'session,2021-08-10_20-23-30,stop,testing'
ptd-server 2021-08-10 20:48:04,728 [INFO] Sending to ptd: 'Stop'
ptd-server 2021-08-10 20:48:04,729 [INFO] Reply from ptd: 'Stopping untimed measurement'
ptd-server 2021-08-10 20:48:04,737 [INFO] Sending reply to client 'OK'
ptd-server 2021-08-10 20:48:04,742 [INFO] Got command from the client 'session,2021-08-10_20-23-30,done'
ptd-server 2021-08-10 20:48:04,742 [INFO] Sending to ptd: 'Stop'
ptd-server 2021-08-10 20:48:05,340 [INFO] Reply from ptd: 'Error: no measurement to stop'
ptd-server 2021-08-10 20:48:05,341 [INFO] Sending to ptd: 'SR,V,Auto'
ptd-server 2021-08-10 20:48:10,393 [INFO] Reply from ptd: 'Range V changed'
ptd-server 2021-08-10 20:48:10,394 [INFO] Sending to ptd: 'SR,A,Auto'
ptd-server 2021-08-10 20:48:15,446 [INFO] Reply from ptd: 'Range A changed'
ptd-server 2021-08-10 20:48:15,446 [INFO] Set initial values for Amps Auto and Volts Auto
ptd-server 2021-08-10 20:48:15,447 [INFO] Stopping ptd...
