ptd-server 2021-08-07 15:43:39,091 [INFO] Got command from the client 'time'
ptd-server 2021-08-07 15:43:39,091 [INFO] Sending reply to client '1628347419.091907'
ptd-server 2021-08-07 15:43:39,094 [INFO] Got command from the client 'new,,df4cf0da-97b1-4751-b762-63646bbf0f13'
ptd-server 2021-08-07 15:43:39,095 [INFO] Sending reply to client 'OK 2021-08-07_15-43-39,7537299e-9eef-4f4a-9438-efd920cea495'
ptd-server 2021-08-07 15:43:39,131 [INFO] Got command from the client 'time'
ptd-server 2021-08-07 15:43:39,131 [INFO] Sending reply to client '1628347419.1316078'
ptd-server 2021-08-07 15:43:39,133 [INFO] Got command from the client 'session,2021-08-07_15-43-39,start,ranging'
ptd-server 2021-08-07 15:43:39,134 [INFO] Running PTDaemon: ['/home/anton/projects/mlperf/power/inference_v1.0/ptd-linux-x86', '-l', '/tmp/tmpr3iqmcco/ptd_logfile.txt', '-p', '8888', '49', '/dev/usbtmc0']
ptd-server 2021-08-07 15:43:56,307 [INFO] Sending to ptd: 'Hello'
ptd-server 2021-08-07 15:43:56,307 [INFO] Reply from ptd: 'Hello, PTDaemon here!'
ptd-server 2021-08-07 15:43:56,308 [INFO] Sending to ptd: 'Identify'
ptd-server 2021-08-07 15:43:56,308 [INFO] Reply from ptd: 'YokogawaWT310E,1000,1,1,1,1,0,1,1,version=1.9.2-e8c7a49a-20201208,OS=Linux 5.8.0-63-generic #71~20.04.1-Ubuntu SMP Thu Jul 15 17:46:08 UTC 2021 x86_64,mode=power,1,1,1,0,0,no_cal_date,YOKOGAWA;WT310E;C3XA04010E;F1.04'
ptd-server 2021-08-07 15:43:56,308 [INFO] Connected to PTDaemon
ptd-server 2021-08-07 15:43:56,309 [INFO] Sending to ptd: 'RR'
ptd-server 2021-08-07 15:43:56,309 [INFO] Reply from ptd: 'Ranges,0,0.500000,0,300.000000'
ptd-server 2021-08-07 15:43:56,309 [INFO] Initial range for Amps is 0.500000 for Volts is 300.000000
ptd-server 2021-08-07 15:43:56,309 [INFO] Sending to ptd: 'SR,V,Auto'
ptd-server 2021-08-07 15:43:56,812 [INFO] Reply from ptd: 'Range V changed'
ptd-server 2021-08-07 15:43:56,812 [INFO] Sending to ptd: 'SR,A,Auto'
ptd-server 2021-08-07 15:43:57,315 [INFO] Reply from ptd: 'Range A changed'
ptd-server 2021-08-07 15:44:07,325 [INFO] Starting ranging mode
ptd-server 2021-08-07 15:44:07,325 [INFO] Sending to ptd: 'Go,1000,0,2021-08-07_15-43-39_ranging'
ptd-server 2021-08-07 15:44:07,326 [INFO] Reply from ptd: 'Starting untimed measurement, maximum 500000 samples at 1000ms with 0 rampup samples'
ptd-server 2021-08-07 15:44:07,326 [INFO] Sending reply to client 'OK'
ptd-server 2021-08-07 15:54:27,129 [INFO] Got command from the client 'session,2021-08-07_15-43-39,stop,ranging'
ptd-server 2021-08-07 15:54:37,139 [INFO] Sending to ptd: 'Stop'
ptd-server 2021-08-07 15:54:37,140 [INFO] Reply from ptd: 'Stopping untimed measurement'
ptd-server 2021-08-07 15:54:37,172 [INFO] Sending reply to client 'OK'
ptd-server 2021-08-07 15:54:37,230 [INFO] Got command from the client 'time'
ptd-server 2021-08-07 15:54:37,230 [INFO] Sending reply to client '1628348077.2306464'
ptd-server 2021-08-07 15:54:37,233 [INFO] Got command from the client 'session,2021-08-07_15-43-39,start,testing'
ptd-server 2021-08-07 15:54:37,233 [INFO] Sending to ptd: 'SR,V,250.170000'
ptd-server 2021-08-07 15:54:38,827 [INFO] Reply from ptd: 'Range V changed'
ptd-server 2021-08-07 15:54:38,827 [INFO] Sending to ptd: 'SR,A,0.228850'
ptd-server 2021-08-07 15:54:40,329 [INFO] Reply from ptd: 'Range A changed'
ptd-server 2021-08-07 15:54:50,339 [INFO] Starting testing mode
ptd-server 2021-08-07 15:54:50,339 [INFO] Sending to ptd: 'Go,1000,0,2021-08-07_15-43-39_testing'
ptd-server 2021-08-07 15:54:50,340 [INFO] Reply from ptd: 'Starting untimed measurement, maximum 500000 samples at 1000ms with 0 rampup samples'
ptd-server 2021-08-07 15:54:50,340 [INFO] Sending reply to client 'OK'
ptd-server 2021-08-07 16:05:10,116 [INFO] Got command from the client 'session,2021-08-07_15-43-39,stop,testing'
ptd-server 2021-08-07 16:05:20,126 [INFO] Sending to ptd: 'Stop'
ptd-server 2021-08-07 16:05:20,126 [INFO] Reply from ptd: 'Stopping untimed measurement'
ptd-server 2021-08-07 16:05:20,143 [INFO] Sending reply to client 'OK'
ptd-server 2021-08-07 16:05:20,167 [INFO] Got command from the client 'session,2021-08-07_15-43-39,done'
ptd-server 2021-08-07 16:05:20,167 [INFO] Sending to ptd: 'Stop'
ptd-server 2021-08-07 16:05:20,341 [INFO] Reply from ptd: 'Error: no measurement to stop'
ptd-server 2021-08-07 16:05:20,341 [INFO] Sending to ptd: 'SR,V,300.000000'
ptd-server 2021-08-07 16:05:21,842 [INFO] Reply from ptd: 'Range V changed'
ptd-server 2021-08-07 16:05:21,843 [INFO] Sending to ptd: 'SR,A,0.500000'
ptd-server 2021-08-07 16:05:23,344 [INFO] Reply from ptd: 'Range A changed'
ptd-server 2021-08-07 16:05:23,344 [INFO] Set initial values for Amps 0.500000 and Volts 300.000000
ptd-server 2021-08-07 16:05:23,344 [INFO] Stopping ptd...
