ptd-server 2021-08-09 16:36:51,366 [INFO] Got command from the client 'time'
ptd-server 2021-08-09 16:36:51,366 [INFO] Sending reply to client '1628523411.3662176'
ptd-server 2021-08-09 16:36:51,369 [INFO] Got command from the client 'new,,91816229-40a9-41b5-a974-0720b29e5c2f'
ptd-server 2021-08-09 16:36:51,369 [INFO] Sending reply to client 'OK 2021-08-09_16-36-51,fe293cc5-d6f7-4a6f-9831-1d42afbf8c8f'
ptd-server 2021-08-09 16:36:51,417 [INFO] Got command from the client 'time'
ptd-server 2021-08-09 16:36:51,417 [INFO] Sending reply to client '1628523411.41737'
ptd-server 2021-08-09 16:36:51,419 [INFO] Got command from the client 'session,2021-08-09_16-36-51,start,ranging'
ptd-server 2021-08-09 16:36:51,420 [INFO] Running PTDaemon: ['/home/anton/projects/mlperf/power/inference_v1.0/ptd-linux-x86', '-l', '/tmp/tmpr3iqmcco/ptd_logfile.txt', '-p', '8888', '49', '/dev/usbtmc0']
ptd-server 2021-08-09 16:37:08,592 [INFO] Sending to ptd: 'Hello'
ptd-server 2021-08-09 16:37:08,592 [INFO] Reply from ptd: 'Hello, PTDaemon here!'
ptd-server 2021-08-09 16:37:08,592 [INFO] Sending to ptd: 'Identify'
ptd-server 2021-08-09 16:37:08,593 [INFO] Reply from ptd: 'YokogawaWT310E,1000,1,1,1,1,0,1,1,version=1.9.2-e8c7a49a-20201208,OS=Linux 5.8.0-63-generic #71~20.04.1-Ubuntu SMP Thu Jul 15 17:46:08 UTC 2021 x86_64,mode=power,1,1,1,0,0,no_cal_date,YOKOGAWA;WT310E;C3XA04010E;F1.04'
ptd-server 2021-08-09 16:37:08,593 [INFO] Connected to PTDaemon
ptd-server 2021-08-09 16:37:08,593 [INFO] Sending to ptd: 'RR'
ptd-server 2021-08-09 16:37:08,593 [INFO] Reply from ptd: 'Ranges,0,0.500000,0,300.000000'
ptd-server 2021-08-09 16:37:08,593 [INFO] Initial range for Amps is 0.500000 for Volts is 300.000000
ptd-server 2021-08-09 16:37:08,593 [INFO] Sending to ptd: 'SR,V,Auto'
ptd-server 2021-08-09 16:37:09,096 [INFO] Reply from ptd: 'Range V changed'
ptd-server 2021-08-09 16:37:09,096 [INFO] Sending to ptd: 'SR,A,Auto'
ptd-server 2021-08-09 16:37:09,598 [INFO] Reply from ptd: 'Range A changed'
ptd-server 2021-08-09 16:37:19,609 [INFO] Starting ranging mode
ptd-server 2021-08-09 16:37:19,609 [INFO] Sending to ptd: 'Go,1000,0,2021-08-09_16-36-51_ranging'
ptd-server 2021-08-09 16:37:19,609 [INFO] Reply from ptd: 'Starting untimed measurement, maximum 500000 samples at 1000ms with 0 rampup samples'
ptd-server 2021-08-09 16:37:19,609 [INFO] Sending reply to client 'OK'
ptd-server 2021-08-09 16:47:59,377 [INFO] Got command from the client 'session,2021-08-09_16-36-51,stop,ranging'
ptd-server 2021-08-09 16:48:09,388 [INFO] Sending to ptd: 'Stop'
ptd-server 2021-08-09 16:48:09,388 [INFO] Reply from ptd: 'Stopping untimed measurement'
ptd-server 2021-08-09 16:48:09,634 [INFO] Sending reply to client 'OK'
ptd-server 2021-08-09 16:48:09,715 [INFO] Got command from the client 'time'
ptd-server 2021-08-09 16:48:09,715 [INFO] Sending reply to client '1628524089.7154324'
ptd-server 2021-08-09 16:48:09,717 [INFO] Got command from the client 'session,2021-08-09_16-36-51,start,testing'
ptd-server 2021-08-09 16:48:09,717 [INFO] Sending to ptd: 'SR,V,251.410000'
ptd-server 2021-08-09 16:48:11,219 [INFO] Reply from ptd: 'Range V changed'
ptd-server 2021-08-09 16:48:11,219 [INFO] Sending to ptd: 'SR,A,0.088350'
ptd-server 2021-08-09 16:48:12,720 [INFO] Reply from ptd: 'Range A changed'
ptd-server 2021-08-09 16:48:22,730 [INFO] Starting testing mode
ptd-server 2021-08-09 16:48:22,730 [INFO] Sending to ptd: 'Go,1000,0,2021-08-09_16-36-51_testing'
ptd-server 2021-08-09 16:48:22,731 [INFO] Reply from ptd: 'Starting untimed measurement, maximum 500000 samples at 1000ms with 0 rampup samples'
ptd-server 2021-08-09 16:48:22,731 [INFO] Sending reply to client 'OK'
ptd-server 2021-08-09 16:59:02,809 [INFO] Got command from the client 'session,2021-08-09_16-36-51,stop,testing'
ptd-server 2021-08-09 16:59:12,819 [INFO] Sending to ptd: 'Stop'
ptd-server 2021-08-09 16:59:12,819 [INFO] Reply from ptd: 'Stopping untimed measurement'
ptd-server 2021-08-09 16:59:12,947 [INFO] Sending reply to client 'OK'
ptd-server 2021-08-09 16:59:12,972 [INFO] Got command from the client 'session,2021-08-09_16-36-51,done'
ptd-server 2021-08-09 16:59:12,972 [INFO] Sending to ptd: 'Stop'
ptd-server 2021-08-09 16:59:13,731 [INFO] Reply from ptd: 'Error: no measurement to stop'
ptd-server 2021-08-09 16:59:13,731 [INFO] Sending to ptd: 'SR,V,300.000000'
ptd-server 2021-08-09 16:59:15,232 [INFO] Reply from ptd: 'Range V changed'
ptd-server 2021-08-09 16:59:15,233 [INFO] Sending to ptd: 'SR,A,0.500000'
ptd-server 2021-08-09 16:59:16,734 [INFO] Reply from ptd: 'Range A changed'
ptd-server 2021-08-09 16:59:16,734 [INFO] Set initial values for Amps 0.500000 and Volts 300.000000
ptd-server 2021-08-09 16:59:16,734 [INFO] Stopping ptd...
