ptd-server 2021-08-10 04:23:57,024 [INFO] Got command from the client 'stop'
ptd-server 2021-08-10 04:23:57,024 [INFO] The server will be stopped after processing this client
ptd-server 2021-08-10 04:23:57,024 [INFO] Sending reply to client 'OK'
ptd-server 2021-08-10 04:23:57,461 [INFO] Got command from the client 'time'
ptd-server 2021-08-10 04:23:57,477 [INFO] Sending reply to client '1628594637.477539'
ptd-server 2021-08-10 04:23:57,477 [INFO] Got command from the client 'new,,41e0d2fa-bfd3-4234-8f4a-937ffaf5b40b'
ptd-server 2021-08-10 04:23:57,477 [INFO] Sending reply to client 'OK 2021-08-10_04-23-57,7e77ead1-3e12-414c-9533-77a2273aa90e'
ptd-server 2021-08-10 04:23:57,696 [INFO] Got command from the client 'time'
ptd-server 2021-08-10 04:23:57,696 [INFO] Sending reply to client '1628594637.6962335'
ptd-server 2021-08-10 04:23:57,696 [INFO] Got command from the client 'session,2021-08-10_04-23-57,start,ranging'
ptd-server 2021-08-10 04:23:57,805 [INFO] Running PTDaemon: ['C:\\PTD\\ptd-windows-x86.exe', '-l', 'C:\\Users\\lab\\AppData\\Local\\Temp\\tmpcwf6uxan\\ptd_logfile.txt', '-p', '8888', '-c', '1', '-y', '52', '10.32.209.251']
ptd-server 2021-08-10 04:24:15,636 [INFO] Sending to ptd: 'Hello'
ptd-server 2021-08-10 04:24:15,636 [INFO] Reply from ptd: 'Hello, PTDaemon here!'
ptd-server 2021-08-10 04:24:15,636 [INFO] Sending to ptd: 'Identify'
ptd-server 2021-08-10 04:24:15,636 [INFO] Reply from ptd: 'YokogawaWT330E,1000,1,1,1,1,0,0,1,version=1.9.2-3976349f-20201208,OS=Windows 8 / Server 2012,mode=power,1,1,1,0,0,no_cal_date,YOKOGAWA;WT333E;C2VL22012V;F1.04'
ptd-server 2021-08-10 04:24:15,636 [INFO] Connected to PTDaemon
ptd-server 2021-08-10 04:24:15,636 [INFO] Sending to ptd: 'RR'
ptd-server 2021-08-10 04:24:15,636 [INFO] Reply from ptd: 'Ranges,0,1.000000,1,150.000000'
ptd-server 2021-08-10 04:24:15,636 [INFO] Initial range for Amps is 1.000000 for Volts is Auto
ptd-server 2021-08-10 04:24:15,636 [INFO] Sending to ptd: 'SR,V,Auto'
ptd-server 2021-08-10 04:24:16,151 [INFO] Reply from ptd: 'Range V changed'
ptd-server 2021-08-10 04:24:16,151 [INFO] Sending to ptd: 'SR,A,Auto'
ptd-server 2021-08-10 04:24:16,666 [INFO] Reply from ptd: 'Range A changed'
ptd-server 2021-08-10 04:24:26,680 [INFO] Starting ranging mode
ptd-server 2021-08-10 04:24:26,680 [INFO] Sending to ptd: 'Go,1000,0,2021-08-10_04-23-57_ranging'
ptd-server 2021-08-10 04:24:26,680 [INFO] Reply from ptd: 'Starting untimed measurement, maximum 500000 samples at 1000ms with 0 rampup samples'
ptd-server 2021-08-10 04:24:26,680 [INFO] Sending reply to client 'OK'
ptd-server 2021-08-10 04:34:56,915 [INFO] Got command from the client 'session,2021-08-10_04-23-57,stop,ranging'
ptd-server 2021-08-10 04:35:06,924 [INFO] Sending to ptd: 'Stop'
ptd-server 2021-08-10 04:35:06,925 [INFO] Reply from ptd: 'Stopping untimed measurement'
ptd-server 2021-08-10 04:35:06,940 [INFO] Sending reply to client 'OK'
ptd-server 2021-08-10 04:35:08,915 [INFO] Got command from the client 'time'
ptd-server 2021-08-10 04:35:08,931 [INFO] Sending reply to client '1628595308.9315171'
ptd-server 2021-08-10 04:35:08,931 [INFO] Got command from the client 'session,2021-08-10_04-23-57,start,testing'
ptd-server 2021-08-10 04:35:08,931 [INFO] Sending to ptd: 'SR,V,121.030000'
ptd-server 2021-08-10 04:35:10,452 [INFO] Reply from ptd: 'Range V changed'
ptd-server 2021-08-10 04:35:10,452 [INFO] Sending to ptd: 'SR,A,0.215600'
ptd-server 2021-08-10 04:35:11,983 [INFO] Reply from ptd: 'Range A changed'
ptd-server 2021-08-10 04:35:21,994 [INFO] Starting testing mode
ptd-server 2021-08-10 04:35:21,994 [INFO] Sending to ptd: 'Go,1000,0,2021-08-10_04-23-57_testing'
ptd-server 2021-08-10 04:35:21,994 [INFO] Reply from ptd: 'Starting untimed measurement, maximum 500000 samples at 1000ms with 0 rampup samples'
ptd-server 2021-08-10 04:35:21,994 [INFO] Sending reply to client 'OK'
ptd-server 2021-08-10 04:45:48,006 [INFO] Got command from the client 'session,2021-08-10_04-23-57,stop,testing'
ptd-server 2021-08-10 04:45:58,022 [INFO] Sending to ptd: 'Stop'
ptd-server 2021-08-10 04:45:58,022 [INFO] Reply from ptd: 'Stopping untimed measurement'
ptd-server 2021-08-10 04:45:58,038 [INFO] Sending reply to client 'OK'
ptd-server 2021-08-10 04:45:58,100 [INFO] Got command from the client 'session,2021-08-10_04-23-57,done'
ptd-server 2021-08-10 04:45:58,100 [INFO] Sending to ptd: 'Stop'
ptd-server 2021-08-10 04:45:59,006 [INFO] Reply from ptd: 'Error: no measurement to stop'
ptd-server 2021-08-10 04:45:59,006 [INFO] Sending to ptd: 'SR,V,Auto'
ptd-server 2021-08-10 04:45:59,522 [INFO] Reply from ptd: 'Range V changed'
ptd-server 2021-08-10 04:45:59,522 [INFO] Sending to ptd: 'SR,A,1.000000'
ptd-server 2021-08-10 04:46:01,053 [INFO] Reply from ptd: 'Range A changed'
ptd-server 2021-08-10 04:46:01,053 [INFO] Set initial values for Amps 1.000000 and Volts Auto
ptd-server 2021-08-10 04:46:01,053 [INFO] Stopping ptd...
