ptd-server 2021-08-13 06:38:53,584 [INFO] Got command from the client 'stop'
ptd-server 2021-08-13 06:38:53,584 [INFO] The server will be stopped after processing this client
ptd-server 2021-08-13 06:38:53,586 [INFO] Sending reply to client 'OK'
ptd-server 2021-08-13 06:38:53,594 [INFO] Got command from the client 'time'
ptd-server 2021-08-13 06:38:53,595 [INFO] Sending reply to client '1628836733.5953555'
ptd-server 2021-08-13 06:38:53,596 [INFO] Got command from the client 'new,,9ba8af79-8bf0-46ce-ad2d-0610b451ae17'
ptd-server 2021-08-13 06:38:53,597 [INFO] Sending reply to client 'OK 2021-08-13_06-38-53,13dbb578-b64e-468d-a897-330a9986d712'
ptd-server 2021-08-13 06:38:53,603 [INFO] Got command from the client 'time'
ptd-server 2021-08-13 06:38:53,603 [INFO] Sending reply to client '1628836733.6038947'
ptd-server 2021-08-13 06:38:53,604 [INFO] Got command from the client 'session,2021-08-13_06-38-53,start,ranging'
ptd-server 2021-08-13 06:38:53,710 [INFO] Running PTDaemon: ['.\\ptd-windows-x86.exe', '-l', 'C:\\Users\\root\\AppData\\Local\\Temp\\tmp7pbs_nqy\\ptd_logfile.txt', '-p', '8888', '-g', '8', '1']
ptd-server 2021-08-13 06:39:06,465 [INFO] Sending to ptd: 'Hello'
ptd-server 2021-08-13 06:39:06,466 [INFO] Reply from ptd: 'Hello, PTDaemon here!'
ptd-server 2021-08-13 06:39:06,467 [INFO] Sending to ptd: 'Identify'
ptd-server 2021-08-13 06:39:06,468 [INFO] Reply from ptd: 'YokogawaWT210,1000,1,1,1,1,0,0,1,version=1.9.2-3976349f-20201208,OS=Windows 8 / Server 2012,mode=power,1,1,1,0,0,no_cal_date,YOKOGAWA;760401;0;F1.12'
ptd-server 2021-08-13 06:39:06,469 [INFO] Connected to PTDaemon
ptd-server 2021-08-13 06:39:06,470 [INFO] Sending to ptd: 'RR'
ptd-server 2021-08-13 06:39:06,470 [INFO] Reply from ptd: 'Ranges,1,5.000000,1,150.000000'
ptd-server 2021-08-13 06:39:06,471 [INFO] Initial range for Amps is Auto for Volts is Auto
ptd-server 2021-08-13 06:39:06,472 [INFO] Sending to ptd: 'SR,V,Auto'
ptd-server 2021-08-13 06:39:07,002 [INFO] Reply from ptd: 'Range V changed'
ptd-server 2021-08-13 06:39:07,003 [INFO] Sending to ptd: 'SR,A,Auto'
ptd-server 2021-08-13 06:39:07,524 [INFO] Reply from ptd: 'Range A changed'
ptd-server 2021-08-13 06:39:17,534 [INFO] Starting ranging mode
ptd-server 2021-08-13 06:39:17,534 [INFO] Sending to ptd: 'Go,1000,0,2021-08-13_06-38-53_ranging'
ptd-server 2021-08-13 06:39:17,535 [INFO] Reply from ptd: 'Starting untimed measurement, maximum 500000 samples at 1000ms with 0 rampup samples'
ptd-server 2021-08-13 06:39:17,537 [INFO] Sending reply to client 'OK'
ptd-server 2021-08-13 06:49:52,905 [INFO] Got command from the client 'session,2021-08-13_06-38-53,stop,ranging'
ptd-server 2021-08-13 06:50:02,920 [INFO] Sending to ptd: 'Stop'
ptd-server 2021-08-13 06:50:02,921 [INFO] Reply from ptd: 'Stopping untimed measurement'
ptd-server 2021-08-13 06:50:02,945 [INFO] Sending reply to client 'OK'
ptd-server 2021-08-13 06:50:02,960 [INFO] Got command from the client 'time'
ptd-server 2021-08-13 06:50:02,960 [INFO] Sending reply to client '1628837402.9608717'
ptd-server 2021-08-13 06:50:02,962 [INFO] Got command from the client 'session,2021-08-13_06-38-53,start,testing'
ptd-server 2021-08-13 06:50:02,962 [INFO] Sending to ptd: 'SR,V,121.920000'
ptd-server 2021-08-13 06:50:05,080 [INFO] Reply from ptd: 'Range V changed'
ptd-server 2021-08-13 06:50:05,081 [INFO] Sending to ptd: 'SR,A,4.990900'
ptd-server 2021-08-13 06:50:06,603 [INFO] Reply from ptd: 'Range A changed'
ptd-server 2021-08-13 06:50:16,618 [INFO] Starting testing mode
ptd-server 2021-08-13 06:50:16,619 [INFO] Sending to ptd: 'Go,1000,0,2021-08-13_06-38-53_testing'
ptd-server 2021-08-13 06:50:16,620 [INFO] Reply from ptd: 'Starting untimed measurement, maximum 500000 samples at 1000ms with 0 rampup samples'
ptd-server 2021-08-13 06:50:16,621 [INFO] Sending reply to client 'OK'
ptd-server 2021-08-13 07:00:52,712 [INFO] Got command from the client 'session,2021-08-13_06-38-53,stop,testing'
ptd-server 2021-08-13 07:01:02,722 [INFO] Sending to ptd: 'Stop'
ptd-server 2021-08-13 07:01:02,723 [INFO] Reply from ptd: 'Stopping untimed measurement'
ptd-server 2021-08-13 07:01:02,741 [INFO] Sending reply to client 'OK'
ptd-server 2021-08-13 07:01:02,748 [INFO] Got command from the client 'session,2021-08-13_06-38-53,done'
ptd-server 2021-08-13 07:01:02,748 [INFO] Sending to ptd: 'Stop'
ptd-server 2021-08-13 07:01:03,631 [INFO] Reply from ptd: 'Error: no measurement to stop'
ptd-server 2021-08-13 07:01:03,632 [INFO] Sending to ptd: 'SR,V,Auto'
ptd-server 2021-08-13 07:01:04,153 [INFO] Reply from ptd: 'Range V changed'
ptd-server 2021-08-13 07:01:04,154 [INFO] Sending to ptd: 'SR,A,Auto'
ptd-server 2021-08-13 07:01:04,676 [INFO] Reply from ptd: 'Range A changed'
ptd-server 2021-08-13 07:01:04,677 [INFO] Set initial values for Amps Auto and Volts Auto
ptd-server 2021-08-13 07:01:04,677 [INFO] Stopping ptd...
