ptd-server 2021-08-13 05:44:13,904 [INFO] Got command from the client 'time'
ptd-server 2021-08-13 05:44:13,904 [INFO] Sending reply to client '1628851453.9045115'
ptd-server 2021-08-13 05:44:13,905 [INFO] Got command from the client 'new,,346490c1-46df-45c6-925f-6e4e846d8667'
ptd-server 2021-08-13 05:44:13,906 [INFO] Sending reply to client 'OK 2021-08-13_05-44-13,98cde738-6ff9-4aab-b694-a1af0d2d9e9c'
ptd-server 2021-08-13 05:44:14,014 [INFO] Got command from the client 'time'
ptd-server 2021-08-13 05:44:14,014 [INFO] Sending reply to client '1628851454.0146832'
ptd-server 2021-08-13 05:44:14,015 [INFO] Got command from the client 'session,2021-08-13_05-44-13,start,ranging'
ptd-server 2021-08-13 05:44:14,015 [INFO] Running PTDaemon: ['/local/mnt/workspace/mlcommons/power-main/inference_v1.0/ptd-linux-x86', '-l', '/tmp/tmpn1gwi8yw/ptd_logfile.txt', '-p', '8888', '49', '/dev/usbtmc0']
ptd-server 2021-08-13 05:44:31,131 [INFO] Sending to ptd: 'Hello'
ptd-server 2021-08-13 05:44:31,132 [INFO] Reply from ptd: 'Hello, PTDaemon here!'
ptd-server 2021-08-13 05:44:31,132 [INFO] Sending to ptd: 'Identify'
ptd-server 2021-08-13 05:44:31,133 [INFO] Reply from ptd: 'YokogawaWT310E,1000,1,1,1,1,0,1,1,version=1.9.2-e8c7a49a-20201208,OS=Linux 4.15.0-64-generic #73-Ubuntu SMP Thu Sep 12 13:16:13 UTC 2019 x86_64,mode=power,1,1,1,0,0,no_cal_date,YOKOGAWA;WT310E;C2XF16028V;F1.04'
ptd-server 2021-08-13 05:44:31,133 [INFO] Connected to PTDaemon
ptd-server 2021-08-13 05:44:31,133 [INFO] Sending to ptd: 'RR'
ptd-server 2021-08-13 05:44:31,134 [INFO] Reply from ptd: 'Ranges,1,5.000000,1,150.000000'
ptd-server 2021-08-13 05:44:31,134 [INFO] Initial range for Amps is Auto for Volts is Auto
ptd-server 2021-08-13 05:44:31,135 [INFO] Sending to ptd: 'SR,V,Auto'
ptd-server 2021-08-13 05:44:31,637 [INFO] Reply from ptd: 'Range V changed'
ptd-server 2021-08-13 05:44:31,638 [INFO] Sending to ptd: 'SR,A,Auto'
ptd-server 2021-08-13 05:44:32,141 [INFO] Reply from ptd: 'Range A changed'
ptd-server 2021-08-13 05:44:42,151 [INFO] Starting ranging mode
ptd-server 2021-08-13 05:44:42,151 [INFO] Sending to ptd: 'Go,1000,0,2021-08-13_05-44-13_ranging'
ptd-server 2021-08-13 05:44:42,152 [INFO] Reply from ptd: 'Starting untimed measurement, maximum 500000 samples at 1000ms with 0 rampup samples'
ptd-server 2021-08-13 05:44:42,152 [INFO] Sending reply to client 'OK'
ptd-server 2021-08-13 05:56:30,382 [INFO] Got command from the client 'session,2021-08-13_05-44-13,stop,ranging'
ptd-server 2021-08-13 05:56:40,383 [INFO] Sending to ptd: 'Stop'
ptd-server 2021-08-13 05:56:40,383 [INFO] Reply from ptd: 'Stopping untimed measurement'
ptd-server 2021-08-13 05:56:40,395 [INFO] Sending reply to client 'OK'
ptd-server 2021-08-13 05:56:40,516 [INFO] Got command from the client 'time'
ptd-server 2021-08-13 05:56:40,517 [INFO] Sending reply to client '1628852200.5172155'
ptd-server 2021-08-13 05:56:40,518 [INFO] Got command from the client 'session,2021-08-13_05-44-13,start,testing'
ptd-server 2021-08-13 05:56:40,518 [INFO] Sending to ptd: 'SR,V,120.090000'
ptd-server 2021-08-13 05:56:42,655 [INFO] Reply from ptd: 'Range V changed'
ptd-server 2021-08-13 05:56:42,655 [INFO] Sending to ptd: 'SR,A,6.677000'
ptd-server 2021-08-13 05:56:44,157 [INFO] Reply from ptd: 'Range A changed'
ptd-server 2021-08-13 05:56:54,167 [INFO] Starting testing mode
ptd-server 2021-08-13 05:56:54,168 [INFO] Sending to ptd: 'Go,1000,0,2021-08-13_05-44-13_testing'
ptd-server 2021-08-13 05:56:54,168 [INFO] Reply from ptd: 'Starting untimed measurement, maximum 500000 samples at 1000ms with 0 rampup samples'
ptd-server 2021-08-13 05:56:54,169 [INFO] Sending reply to client 'OK'
ptd-server 2021-08-13 06:08:43,616 [INFO] Got command from the client 'session,2021-08-13_05-44-13,stop,testing'
ptd-server 2021-08-13 06:08:53,626 [INFO] Sending to ptd: 'Stop'
ptd-server 2021-08-13 06:08:53,627 [INFO] Reply from ptd: 'Stopping untimed measurement'
ptd-server 2021-08-13 06:08:53,632 [INFO] Sending reply to client 'OK'
ptd-server 2021-08-13 06:08:53,640 [INFO] Got command from the client 'session,2021-08-13_05-44-13,done'
ptd-server 2021-08-13 06:08:53,640 [INFO] Sending to ptd: 'Stop'
ptd-server 2021-08-13 06:08:54,169 [INFO] Reply from ptd: 'Error: no measurement to stop'
ptd-server 2021-08-13 06:08:54,170 [INFO] Sending to ptd: 'SR,V,Auto'
ptd-server 2021-08-13 06:08:54,673 [INFO] Reply from ptd: 'Range V changed'
ptd-server 2021-08-13 06:08:54,673 [INFO] Sending to ptd: 'SR,A,Auto'
ptd-server 2021-08-13 06:08:55,176 [INFO] Reply from ptd: 'Range A changed'
ptd-server 2021-08-13 06:08:55,176 [INFO] Set initial values for Amps Auto and Volts Auto
ptd-server 2021-08-13 06:08:55,177 [INFO] Stopping ptd...
