client 2021-08-13 00:22:10,279 [INFO] Sending command to the server: 'mlcommons/power client v3'
client 2021-08-13 00:22:10,280 [INFO] Got response: 'mlcommons/power server v3'
client 2021-08-13 00:22:10,280 [INFO] Sending command to the server: 'stop'
client 2021-08-13 00:22:10,283 [INFO] Got response: 'OK'
client 2021-08-13 00:22:10,283 [INFO] Synchronizing with the server and with 100.64.0.18...
client 2021-08-13 00:22:10,285 [INFO] NTP:offset = -0.001 s, delay = 0.001 s 
client 2021-08-13 00:22:10,285 [INFO] Sending command to the server: 'time'
client 2021-08-13 00:22:10,287 [INFO] Got response: '1628814130.1258328'
client 2021-08-13 00:22:10,287 [INFO] The time difference between the client and the server is within range 160.133 ms..161.866 ms
client 2021-08-13 00:22:10,287 [INFO] Sending command to the server: 'new,,0e786d11-041a-4b00-baf9-d3264ac158c0'
client 2021-08-13 00:22:10,290 [INFO] Got response: 'OK 2021-08-13_00-22-10,c43a58ca-5931-4972-9d0c-400beb65a658'
client 2021-08-13 00:22:10,290 [INFO] Session id is '2021-08-13_00-22-10'
client 2021-08-13 00:22:10,290 [INFO] Sources: {"sources": {"__init__.py": "da39a3ee5e6b4b0d3255bfef95601890afd80709", "client.py": "33ca4f26368777ac06e01f9567b714a4b8063886", "lib/__init__.py": "da39a3ee5e6b4b0d3255bfef95601890afd80709", "lib/client.py": "4c2b78fb4849a7e5b584ef792d82aaed20b17f57", "lib/common.py": "624d0c0acc7c39aaff3674f0b99d6a09da53d1dc", "lib/external/__init__.py": "da39a3ee5e6b4b0d3255bfef95601890afd80709", "lib/external/ntplib.py": "4da8f970656505a40483206ef2b5d3dd5e81711d", "lib/server.py": "59c9fb92908260d3e9f81a895c7aa009742275e4", "lib/source_hashes.py": "60a2e02193209e8d392803326208d5466342da18", "lib/summary.py": "aa92f0a3f975eecd44d3c0cd0236342ccc9f941d", "lib/time_sync.py": "3210db56eb0ff0df57bf4293dc4d4b03fffd46f1", "server.py": "c3f90f2f7eeb4db30727556d0c815ebc89b3d28b", "tests/unit/__init__.py": "da39a3ee5e6b4b0d3255bfef95601890afd80709", "tests/unit/test_server.py": "99ae15aef722f2000ee6ed1ae1523637bf1ae42b", "tests/unit/test_source_hashes.py": "00468a2907583c593e6574a1f6b404e4651c221a"}, "modules": {"ptd_client_server.lib.client": "lib/client.py", "ptd_client_server.lib.common": "lib/common.py", "ptd_client_server.lib.external.ntplib": "lib/external/ntplib.py", "ptd_client_server.lib.source_hashes": "lib/source_hashes.py", "ptd_client_server.lib.summary": "lib/summary.py", "ptd_client_server.lib.time_sync": "lib/time_sync.py"}}
client 2021-08-13 00:22:10,290 [INFO] Running workload in ranging mode
client 2021-08-13 00:22:10,290 [INFO] Synchronizing with the server and with 100.64.0.18...
client 2021-08-13 00:22:10,291 [INFO] NTP:offset = -0.001 s, delay = 0.001 s 
client 2021-08-13 00:22:10,291 [INFO] Sending command to the server: 'time'
client 2021-08-13 00:22:10,292 [INFO] Got response: '1628814130.1258328'
client 2021-08-13 00:22:10,292 [INFO] The time difference between the client and the server is within range 165.717 ms..167.149 ms
client 2021-08-13 00:22:10,293 [INFO] Sending command to the server: 'session,2021-08-13_00-22-10,start,ranging'
client 2021-08-13 00:22:40,854 [INFO] Got response: 'OK'
client 2021-08-13 00:22:40,854 [INFO] Running the workload 'LOG_DIR=/work/build/power_logs_temp python3 code/main.py --benchmarks=rnnt --scenarios=Server --config_ver=default --test_mode=PerformanceOnly --action="run_harness" \\\n\t\t&& if [ ! -d /work/build/power_logs/2021.08.13-00.22.04/ranging_tmp ]; \\\n\t\t\tthen mkdir /work/build/power_logs/2021.08.13-00.22.04/ranging_tmp \\\n\t\t\t\t&& mv /work/build/power_logs_temp/* /work/build/power_logs/2021.08.13-00.22.04/ranging_tmp/ \\\n\t\t\t\t&& cp -v /work/build/power_logs/2021.08.13-00.22.04/ranging_tmp/*/*/*/mlperf_log_detail.txt /work/build/power_logs_temp/ \\\n\t\t\t\t&& cp -v /work/build/power_logs/2021.08.13-00.22.04/ranging_tmp/*/*/*/mlperf_log_summary.txt /work/build/power_logs_temp/; \\\n\t\t\telse mkdir /work/build/power_logs/2021.08.13-00.22.04/testing_tmp \\\n\t\t\t\t&& mv /work/build/power_logs_temp/* /work/build/power_logs/2021.08.13-00.22.04/testing_tmp/ \\\n\t\t\t\t&& cp -v /work/build/power_logs/2021.08.13-00.22.04/testing_tmp/*/*/*/mlperf_log_detail.txt /work/build/power_logs_temp/ \\\n\t\t\t\t&& cp -v /work/build/power_logs/2021.08.13-00.22.04/testing_tmp/*/*/*/mlperf_log_summary.txt /work/build/power_logs_temp/; fi'
client 2021-08-13 00:33:52,744 [INFO] Sending command to the server: 'session,2021-08-13_00-22-10,stop,ranging'
client 2021-08-13 00:34:02,807 [INFO] Got response: 'OK'
client 2021-08-13 00:34:02,811 [INFO] Copying loadgen logs from '/work/build/power_logs_temp' to '/work/build/power_logs/2021.08.13-00.22.04/2021-08-13_00-22-10/ranging'
client 2021-08-13 00:34:02,811 [INFO] Running workload in testing mode
client 2021-08-13 00:34:02,811 [INFO] Synchronizing with the server and with 100.64.0.18...
client 2021-08-13 00:34:02,812 [INFO] NTP:offset = -0.001 s, delay = 0.001 s 
client 2021-08-13 00:34:02,812 [INFO] Sending command to the server: 'time'
client 2021-08-13 00:34:02,814 [INFO] Got response: '1628814842.6413336'
client 2021-08-13 00:34:02,814 [INFO] The time difference between the client and the server is within range 171.288 ms..173.201 ms
client 2021-08-13 00:34:02,814 [INFO] Sending command to the server: 'session,2021-08-13_00-22-10,start,testing'
client 2021-08-13 00:34:14,843 [INFO] Got response: 'OK'
client 2021-08-13 00:34:14,843 [INFO] Running the workload 'LOG_DIR=/work/build/power_logs_temp python3 code/main.py --benchmarks=rnnt --scenarios=Server --config_ver=default --test_mode=PerformanceOnly --action="run_harness" \\\n\t\t&& if [ ! -d /work/build/power_logs/2021.08.13-00.22.04/ranging_tmp ]; \\\n\t\t\tthen mkdir /work/build/power_logs/2021.08.13-00.22.04/ranging_tmp \\\n\t\t\t\t&& mv /work/build/power_logs_temp/* /work/build/power_logs/2021.08.13-00.22.04/ranging_tmp/ \\\n\t\t\t\t&& cp -v /work/build/power_logs/2021.08.13-00.22.04/ranging_tmp/*/*/*/mlperf_log_detail.txt /work/build/power_logs_temp/ \\\n\t\t\t\t&& cp -v /work/build/power_logs/2021.08.13-00.22.04/ranging_tmp/*/*/*/mlperf_log_summary.txt /work/build/power_logs_temp/; \\\n\t\t\telse mkdir /work/build/power_logs/2021.08.13-00.22.04/testing_tmp \\\n\t\t\t\t&& mv /work/build/power_logs_temp/* /work/build/power_logs/2021.08.13-00.22.04/testing_tmp/ \\\n\t\t\t\t&& cp -v /work/build/power_logs/2021.08.13-00.22.04/testing_tmp/*/*/*/mlperf_log_detail.txt /work/build/power_logs_temp/ \\\n\t\t\t\t&& cp -v /work/build/power_logs/2021.08.13-00.22.04/testing_tmp/*/*/*/mlperf_log_summary.txt /work/build/power_logs_temp/; fi'
client 2021-08-13 00:45:26,896 [INFO] Sending command to the server: 'session,2021-08-13_00-22-10,stop,testing'
client 2021-08-13 00:45:36,928 [INFO] Got response: 'OK'
client 2021-08-13 00:45:36,929 [INFO] Copying loadgen logs from '/work/build/power_logs_temp' to '/work/build/power_logs/2021.08.13-00.22.04/2021-08-13_00-22-10/run_1'
client 2021-08-13 00:45:36,930 [INFO] Done runs
