ptd-server 2021-08-13 00:22:10,110 [INFO] Got command from the client 'stop'
ptd-server 2021-08-13 00:22:10,110 [INFO] The server will be stopped after processing this client
ptd-server 2021-08-13 00:22:10,110 [INFO] Sending reply to client 'OK'
ptd-server 2021-08-13 00:22:10,125 [INFO] Got command from the client 'time'
ptd-server 2021-08-13 00:22:10,125 [INFO] Sending reply to client '1628814130.1258328'
ptd-server 2021-08-13 00:22:10,125 [INFO] Got command from the client 'new,,0e786d11-041a-4b00-baf9-d3264ac158c0'
ptd-server 2021-08-13 00:22:10,125 [INFO] Sending reply to client 'OK 2021-08-13_00-22-10,c43a58ca-5931-4972-9d0c-400beb65a658'
ptd-server 2021-08-13 00:22:10,125 [INFO] Got command from the client 'time'
ptd-server 2021-08-13 00:22:10,125 [INFO] Sending reply to client '1628814130.1258328'
ptd-server 2021-08-13 00:22:10,125 [INFO] Got command from the client 'session,2021-08-13_00-22-10,start,ranging'
ptd-server 2021-08-13 00:22:10,235 [INFO] Running PTDaemon: ['.\\ptd-windows-x86.exe', '-l', 'C:\\Users\\root\\AppData\\Local\\Temp\\tmptr2ol45c\\ptd_logfile.txt', '-p', '8888', '-c', '2', '-y', '48', '100.83.149.90']
ptd-server 2021-08-13 00:22:30,297 [INFO] Sending to ptd: 'Hello'
ptd-server 2021-08-13 00:22:30,297 [INFO] Reply from ptd: 'Hello, PTDaemon here!'
ptd-server 2021-08-13 00:22:30,297 [INFO] Sending to ptd: 'Identify'
ptd-server 2021-08-13 00:22:30,297 [INFO] Reply from ptd: 'YokogawaWT500_multichannel,1000,1,1,1,1,0,0,1,version=1.9.2-3976349f-20201208,OS=Windows 8 / Server 2012,mode=power,1,1,3,0,0,no_cal_date,YOKOGAWA;760203;U1J802935;F1.21'
ptd-server 2021-08-13 00:22:30,297 [INFO] Connected to PTDaemon
ptd-server 2021-08-13 00:22:30,297 [INFO] Sending to ptd: 'RR'
ptd-server 2021-08-13 00:22:30,297 [INFO] Reply from ptd: 'Ranges,-1,-1.000000,-1,-1.000000'
ptd-server 2021-08-13 00:22:30,297 [INFO] Initial range for Amps is Auto for Volts is Auto
ptd-server 2021-08-13 00:22:30,297 [INFO] Sending to ptd: 'SR,V,Auto'
ptd-server 2021-08-13 00:22:30,516 [INFO] Reply from ptd: 'Range V changed'
ptd-server 2021-08-13 00:22:30,516 [INFO] Sending to ptd: 'SR,A,Auto'
ptd-server 2021-08-13 00:22:30,672 [INFO] Reply from ptd: 'Range A changed'
ptd-server 2021-08-13 00:22:40,688 [INFO] Starting ranging mode
ptd-server 2021-08-13 00:22:40,688 [INFO] Sending to ptd: 'Go,1000,0,2021-08-13_00-22-10_ranging'
ptd-server 2021-08-13 00:22:40,688 [INFO] Reply from ptd: 'Starting untimed measurement, maximum 500000 samples at 1000ms with 0 rampup samples'
ptd-server 2021-08-13 00:22:40,688 [INFO] Sending reply to client 'OK'
ptd-server 2021-08-13 00:33:52,579 [INFO] Got command from the client 'session,2021-08-13_00-22-10,stop,ranging'
ptd-server 2021-08-13 00:34:02,594 [INFO] Sending to ptd: 'Stop'
ptd-server 2021-08-13 00:34:02,594 [INFO] Reply from ptd: 'Stopping untimed measurement'
ptd-server 2021-08-13 00:34:02,641 [INFO] Sending reply to client 'OK'
ptd-server 2021-08-13 00:34:02,641 [INFO] Got command from the client 'time'
ptd-server 2021-08-13 00:34:02,641 [INFO] Sending reply to client '1628814842.6413336'
ptd-server 2021-08-13 00:34:02,641 [INFO] Got command from the client 'session,2021-08-13_00-22-10,start,testing'
ptd-server 2021-08-13 00:34:02,641 [INFO] Sending to ptd: 'SR,V,130.200000'
ptd-server 2021-08-13 00:34:03,938 [INFO] Reply from ptd: 'Range V changed'
ptd-server 2021-08-13 00:34:03,938 [INFO] Sending to ptd: 'SR,A,12.465000'
ptd-server 2021-08-13 00:34:04,657 [INFO] Reply from ptd: 'Range A changed'
ptd-server 2021-08-13 00:34:14,672 [INFO] Starting testing mode
ptd-server 2021-08-13 00:34:14,672 [INFO] Sending to ptd: 'Go,1000,0,2021-08-13_00-22-10_testing'
ptd-server 2021-08-13 00:34:14,672 [INFO] Reply from ptd: 'Starting untimed measurement, maximum 500000 samples at 1000ms with 0 rampup samples'
ptd-server 2021-08-13 00:34:14,672 [INFO] Sending reply to client 'OK'
ptd-server 2021-08-13 00:45:26,720 [INFO] Got command from the client 'session,2021-08-13_00-22-10,stop,testing'
ptd-server 2021-08-13 00:45:36,735 [INFO] Sending to ptd: 'Stop'
ptd-server 2021-08-13 00:45:36,735 [INFO] Reply from ptd: 'Stopping untimed measurement'
ptd-server 2021-08-13 00:45:36,751 [INFO] Sending reply to client 'OK'
ptd-server 2021-08-13 00:45:36,751 [INFO] Got command from the client 'session,2021-08-13_00-22-10,done'
ptd-server 2021-08-13 00:45:36,751 [INFO] Sending to ptd: 'Stop'
ptd-server 2021-08-13 00:45:37,688 [INFO] Reply from ptd: 'Error: no measurement to stop'
ptd-server 2021-08-13 00:45:37,688 [INFO] Sending to ptd: 'SR,V,Auto'
ptd-server 2021-08-13 00:45:37,907 [INFO] Reply from ptd: 'Range V changed'
ptd-server 2021-08-13 00:45:37,907 [INFO] Sending to ptd: 'SR,A,Auto'
ptd-server 2021-08-13 00:45:38,063 [INFO] Reply from ptd: 'Range A changed'
ptd-server 2021-08-13 00:45:38,063 [INFO] Set initial values for Amps Auto and Volts Auto
ptd-server 2021-08-13 00:45:38,063 [INFO] Stopping ptd...
