client 2021-08-13 06:37:17,274 [INFO] Sending command to the server: 'mlcommons/power client v3'
client 2021-08-13 06:37:17,275 [INFO] Got response: 'mlcommons/power server v3'
client 2021-08-13 06:37:17,276 [INFO] Sending command to the server: 'stop'
client 2021-08-13 06:37:17,278 [INFO] Got response: 'OK'
client 2021-08-13 06:37:17,278 [INFO] Synchronizing with the server and with 100.64.0.18...
client 2021-08-13 06:37:17,282 [INFO] NTP:offset = 0.001 s, delay = 0.001 s 
client 2021-08-13 06:37:17,282 [INFO] Sending command to the server: 'time'
client 2021-08-13 06:37:17,284 [INFO] Got response: '1628836637.2119892'
client 2021-08-13 06:37:17,284 [INFO] The time difference between the client and the server is within range 70.628 ms..72.645 ms
client 2021-08-13 06:37:17,284 [INFO] Sending command to the server: 'new,,71e54f40-47ab-4d51-855d-a9c0f20d3d19'
client 2021-08-13 06:37:17,287 [INFO] Got response: 'OK 2021-08-13_06-37-17,d0e9d841-d672-4abf-930e-fd7a3b55f0d6'
client 2021-08-13 06:37:17,287 [INFO] Session id is '2021-08-13_06-37-17'
client 2021-08-13 06:37:17,287 [INFO] Sources: {"sources": {"__init__.py": "da39a3ee5e6b4b0d3255bfef95601890afd80709", "client.py": "33ca4f26368777ac06e01f9567b714a4b8063886", "lib/__init__.py": "da39a3ee5e6b4b0d3255bfef95601890afd80709", "lib/client.py": "4c2b78fb4849a7e5b584ef792d82aaed20b17f57", "lib/common.py": "624d0c0acc7c39aaff3674f0b99d6a09da53d1dc", "lib/external/__init__.py": "da39a3ee5e6b4b0d3255bfef95601890afd80709", "lib/external/ntplib.py": "4da8f970656505a40483206ef2b5d3dd5e81711d", "lib/server.py": "59c9fb92908260d3e9f81a895c7aa009742275e4", "lib/source_hashes.py": "60a2e02193209e8d392803326208d5466342da18", "lib/summary.py": "aa92f0a3f975eecd44d3c0cd0236342ccc9f941d", "lib/time_sync.py": "3210db56eb0ff0df57bf4293dc4d4b03fffd46f1", "server.py": "c3f90f2f7eeb4db30727556d0c815ebc89b3d28b", "tests/unit/__init__.py": "da39a3ee5e6b4b0d3255bfef95601890afd80709", "tests/unit/test_server.py": "99ae15aef722f2000ee6ed1ae1523637bf1ae42b", "tests/unit/test_source_hashes.py": "00468a2907583c593e6574a1f6b404e4651c221a"}, "modules": {"ptd_client_server.lib.client": "lib/client.py", "ptd_client_server.lib.common": "lib/common.py", "ptd_client_server.lib.external.ntplib": "lib/external/ntplib.py", "ptd_client_server.lib.source_hashes": "lib/source_hashes.py", "ptd_client_server.lib.summary": "lib/summary.py", "ptd_client_server.lib.time_sync": "lib/time_sync.py"}}
client 2021-08-13 06:37:17,288 [INFO] Running workload in ranging mode
client 2021-08-13 06:37:17,288 [INFO] Synchronizing with the server and with 100.64.0.18...
client 2021-08-13 06:37:17,290 [INFO] NTP:offset = 0.001 s, delay = 0.001 s 
client 2021-08-13 06:37:17,290 [INFO] Sending command to the server: 'time'
client 2021-08-13 06:37:17,292 [INFO] Got response: '1628836637.2119892'
client 2021-08-13 06:37:17,292 [INFO] The time difference between the client and the server is within range 78.459 ms..80.389 ms
client 2021-08-13 06:37:17,292 [INFO] Sending command to the server: 'session,2021-08-13_06-37-17,start,ranging'
client 2021-08-13 06:37:41,155 [INFO] Got response: 'OK'
client 2021-08-13 06:37:41,156 [INFO] Running the workload 'LOG_DIR=/work/build/power_logs_temp python3 code/main.py --benchmarks=ssd-resnet34 --scenarios=Offline --config_ver=maxq--test_mode=PerformanceOnly --action="run_harness" \\\n\t\t&& if [ ! -d /work/build/power_logs/2021.08.13-06.37.12/ranging_tmp ]; \\\n\t\t\tthen mkdir /work/build/power_logs/2021.08.13-06.37.12/ranging_tmp \\\n\t\t\t\t&& mv /work/build/power_logs_temp/* /work/build/power_logs/2021.08.13-06.37.12/ranging_tmp/ \\\n\t\t\t\t&& cp -v /work/build/power_logs/2021.08.13-06.37.12/ranging_tmp/*/*/*/mlperf_log_detail.txt /work/build/power_logs_temp/ \\\n\t\t\t\t&& cp -v /work/build/power_logs/2021.08.13-06.37.12/ranging_tmp/*/*/*/mlperf_log_summary.txt /work/build/power_logs_temp/; \\\n\t\t\telse mkdir /work/build/power_logs/2021.08.13-06.37.12/testing_tmp \\\n\t\t\t\t&& mv /work/build/power_logs_temp/* /work/build/power_logs/2021.08.13-06.37.12/testing_tmp/ \\\n\t\t\t\t&& cp -v /work/build/power_logs/2021.08.13-06.37.12/testing_tmp/*/*/*/mlperf_log_detail.txt /work/build/power_logs_temp/ \\\n\t\t\t\t&& cp -v /work/build/power_logs/2021.08.13-06.37.12/testing_tmp/*/*/*/mlperf_log_summary.txt /work/build/power_logs_temp/; fi'
client 2021-08-13 07:12:14,764 [INFO] Sending command to the server: 'session,2021-08-13_06-37-17,stop,ranging'
client 2021-08-13 07:12:24,857 [INFO] Got response: 'OK'
client 2021-08-13 07:12:24,865 [INFO] Copying loadgen logs from '/work/build/power_logs_temp' to '/work/build/power_logs/2021.08.13-06.37.12/2021-08-13_06-37-17/ranging'
client 2021-08-13 07:12:24,866 [INFO] Running workload in testing mode
client 2021-08-13 07:12:24,866 [INFO] Synchronizing with the server and with 100.64.0.18...
client 2021-08-13 07:12:24,868 [INFO] NTP:offset = -0.001 s, delay = 0.001 s 
client 2021-08-13 07:12:24,868 [INFO] Sending command to the server: 'time'
client 2021-08-13 07:12:24,870 [INFO] Got response: '1628838744.7804828'
client 2021-08-13 07:12:24,870 [INFO] The time difference between the client and the server is within range 88.388 ms..90.093 ms
client 2021-08-13 07:12:24,870 [INFO] Sending command to the server: 'session,2021-08-13_06-37-17,start,testing'
client 2021-08-13 07:12:38,234 [INFO] Got response: 'OK'
client 2021-08-13 07:12:38,234 [INFO] Running the workload 'LOG_DIR=/work/build/power_logs_temp python3 code/main.py --benchmarks=ssd-resnet34 --scenarios=Offline --config_ver=maxq--test_mode=PerformanceOnly --action="run_harness" \\\n\t\t&& if [ ! -d /work/build/power_logs/2021.08.13-06.37.12/ranging_tmp ]; \\\n\t\t\tthen mkdir /work/build/power_logs/2021.08.13-06.37.12/ranging_tmp \\\n\t\t\t\t&& mv /work/build/power_logs_temp/* /work/build/power_logs/2021.08.13-06.37.12/ranging_tmp/ \\\n\t\t\t\t&& cp -v /work/build/power_logs/2021.08.13-06.37.12/ranging_tmp/*/*/*/mlperf_log_detail.txt /work/build/power_logs_temp/ \\\n\t\t\t\t&& cp -v /work/build/power_logs/2021.08.13-06.37.12/ranging_tmp/*/*/*/mlperf_log_summary.txt /work/build/power_logs_temp/; \\\n\t\t\telse mkdir /work/build/power_logs/2021.08.13-06.37.12/testing_tmp \\\n\t\t\t\t&& mv /work/build/power_logs_temp/* /work/build/power_logs/2021.08.13-06.37.12/testing_tmp/ \\\n\t\t\t\t&& cp -v /work/build/power_logs/2021.08.13-06.37.12/testing_tmp/*/*/*/mlperf_log_detail.txt /work/build/power_logs_temp/ \\\n\t\t\t\t&& cp -v /work/build/power_logs/2021.08.13-06.37.12/testing_tmp/*/*/*/mlperf_log_summary.txt /work/build/power_logs_temp/; fi'
client 2021-08-13 07:47:14,496 [INFO] Sending command to the server: 'session,2021-08-13_06-37-17,stop,testing'
client 2021-08-13 07:47:24,582 [INFO] Got response: 'OK'
client 2021-08-13 07:47:24,584 [INFO] Copying loadgen logs from '/work/build/power_logs_temp' to '/work/build/power_logs/2021.08.13-06.37.12/2021-08-13_06-37-17/run_1'
client 2021-08-13 07:47:24,585 [INFO] Done runs
