ptd-server 2021-08-13 06:37:17,196 [INFO] Got command from the client 'stop'
ptd-server 2021-08-13 06:37:17,196 [INFO] The server will be stopped after processing this client
ptd-server 2021-08-13 06:37:17,196 [INFO] Sending reply to client 'OK'
ptd-server 2021-08-13 06:37:17,211 [INFO] Got command from the client 'time'
ptd-server 2021-08-13 06:37:17,211 [INFO] Sending reply to client '1628836637.2119892'
ptd-server 2021-08-13 06:37:17,211 [INFO] Got command from the client 'new,,71e54f40-47ab-4d51-855d-a9c0f20d3d19'
ptd-server 2021-08-13 06:37:17,211 [INFO] Sending reply to client 'OK 2021-08-13_06-37-17,d0e9d841-d672-4abf-930e-fd7a3b55f0d6'
ptd-server 2021-08-13 06:37:17,211 [INFO] Got command from the client 'time'
ptd-server 2021-08-13 06:37:17,211 [INFO] Sending reply to client '1628836637.2119892'
ptd-server 2021-08-13 06:37:17,211 [INFO] Got command from the client 'session,2021-08-13_06-37-17,start,ranging'
ptd-server 2021-08-13 06:37:17,321 [INFO] Running PTDaemon: ['.\\ptd-windows-x86.exe', '-l', 'C:\\Users\\root\\AppData\\Local\\Temp\\tmp22qxybis\\ptd_logfile.txt', '-p', '8888', '-g', '8', '1']
ptd-server 2021-08-13 06:37:30,037 [INFO] Sending to ptd: 'Hello'
ptd-server 2021-08-13 06:37:30,037 [INFO] Reply from ptd: 'Hello, PTDaemon here!'
ptd-server 2021-08-13 06:37:30,037 [INFO] Sending to ptd: 'Identify'
ptd-server 2021-08-13 06:37:30,037 [INFO] Reply from ptd: 'YokogawaWT210,1000,1,1,1,1,0,0,1,version=1.9.2-3976349f-20201208,OS=Windows 8 / Server 2012,mode=power,1,1,1,0,0,no_cal_date,YOKOGAWA;760401;0;F1.12'
ptd-server 2021-08-13 06:37:30,037 [INFO] Connected to PTDaemon
ptd-server 2021-08-13 06:37:30,037 [INFO] Sending to ptd: 'RR'
ptd-server 2021-08-13 06:37:30,037 [INFO] Reply from ptd: 'Ranges,0,5.000000,0,150.000000'
ptd-server 2021-08-13 06:37:30,037 [INFO] Initial range for Amps is 5.000000 for Volts is 150.000000
ptd-server 2021-08-13 06:37:30,037 [INFO] Sending to ptd: 'SR,V,Auto'
ptd-server 2021-08-13 06:37:30,566 [INFO] Reply from ptd: 'Range V changed'
ptd-server 2021-08-13 06:37:30,566 [INFO] Sending to ptd: 'SR,A,Auto'
ptd-server 2021-08-13 06:37:31,082 [INFO] Reply from ptd: 'Range A changed'
ptd-server 2021-08-13 06:37:41,085 [INFO] Starting ranging mode
ptd-server 2021-08-13 06:37:41,085 [INFO] Sending to ptd: 'Go,1000,0,2021-08-13_06-37-17_ranging'
ptd-server 2021-08-13 06:37:41,085 [INFO] Reply from ptd: 'Starting untimed measurement, maximum 500000 samples at 1000ms with 0 rampup samples'
ptd-server 2021-08-13 06:37:41,085 [INFO] Sending reply to client 'OK'
ptd-server 2021-08-13 07:12:14,686 [INFO] Got command from the client 'session,2021-08-13_06-37-17,stop,ranging'
ptd-server 2021-08-13 07:12:24,686 [INFO] Sending to ptd: 'Stop'
ptd-server 2021-08-13 07:12:24,686 [INFO] Reply from ptd: 'Stopping untimed measurement'
ptd-server 2021-08-13 07:12:24,780 [INFO] Sending reply to client 'OK'
ptd-server 2021-08-13 07:12:24,780 [INFO] Got command from the client 'time'
ptd-server 2021-08-13 07:12:24,780 [INFO] Sending reply to client '1628838744.7804828'
ptd-server 2021-08-13 07:12:24,780 [INFO] Got command from the client 'session,2021-08-13_06-37-17,start,testing'
ptd-server 2021-08-13 07:12:24,796 [INFO] Sending to ptd: 'SR,V,119.960000'
ptd-server 2021-08-13 07:12:26,629 [INFO] Reply from ptd: 'Range V changed'
ptd-server 2021-08-13 07:12:26,629 [INFO] Sending to ptd: 'SR,A,3.380500'
ptd-server 2021-08-13 07:12:28,149 [INFO] Reply from ptd: 'Range A changed'
ptd-server 2021-08-13 07:12:38,154 [INFO] Starting testing mode
ptd-server 2021-08-13 07:12:38,154 [INFO] Sending to ptd: 'Go,1000,0,2021-08-13_06-37-17_testing'
ptd-server 2021-08-13 07:12:38,154 [INFO] Reply from ptd: 'Starting untimed measurement, maximum 500000 samples at 1000ms with 0 rampup samples'
ptd-server 2021-08-13 07:12:38,154 [INFO] Sending reply to client 'OK'
ptd-server 2021-08-13 07:47:14,412 [INFO] Got command from the client 'session,2021-08-13_06-37-17,stop,testing'
ptd-server 2021-08-13 07:47:24,418 [INFO] Sending to ptd: 'Stop'
ptd-server 2021-08-13 07:47:24,418 [INFO] Reply from ptd: 'Stopping untimed measurement'
ptd-server 2021-08-13 07:47:24,496 [INFO] Sending reply to client 'OK'
ptd-server 2021-08-13 07:47:24,496 [INFO] Got command from the client 'session,2021-08-13_06-37-17,done'
ptd-server 2021-08-13 07:47:24,496 [INFO] Sending to ptd: 'Stop'
ptd-server 2021-08-13 07:47:25,174 [INFO] Reply from ptd: 'Error: no measurement to stop'
ptd-server 2021-08-13 07:47:25,174 [INFO] Sending to ptd: 'SR,V,150.000000'
ptd-server 2021-08-13 07:47:26,698 [INFO] Reply from ptd: 'Range V changed'
ptd-server 2021-08-13 07:47:26,698 [INFO] Sending to ptd: 'SR,A,5.000000'
ptd-server 2021-08-13 07:47:28,216 [INFO] Reply from ptd: 'Range A changed'
ptd-server 2021-08-13 07:47:28,216 [INFO] Set initial values for Amps 5.000000 and Volts 150.000000
ptd-server 2021-08-13 07:47:28,216 [INFO] Stopping ptd...
