ptd-server 2021-08-09 06:51:51,832 [INFO] Got command from the client 'time'
ptd-server 2021-08-09 06:51:51,832 [INFO] Sending reply to client '1628488311.832411'
ptd-server 2021-08-09 06:51:51,834 [INFO] Got command from the client 'new,,08af32e5-f91a-4aaa-a181-3145771a968c'
ptd-server 2021-08-09 06:51:51,835 [INFO] Sending reply to client 'OK 2021-08-09_06-51-51,2cdb45fa-512b-40b3-9907-675b7d51744f'
ptd-server 2021-08-09 06:51:51,881 [INFO] Got command from the client 'time'
ptd-server 2021-08-09 06:51:51,881 [INFO] Sending reply to client '1628488311.881634'
ptd-server 2021-08-09 06:51:51,883 [INFO] Got command from the client 'session,2021-08-09_06-51-51,start,ranging'
ptd-server 2021-08-09 06:51:51,883 [INFO] Running PTDaemon: ['/home/anton/projects/mlperf/power/inference_v1.0/ptd-linux-x86', '-l', '/tmp/tmpr3iqmcco/ptd_logfile.txt', '-p', '8888', '49', '/dev/usbtmc0']
ptd-server 2021-08-09 06:52:09,056 [INFO] Sending to ptd: 'Hello'
ptd-server 2021-08-09 06:52:09,057 [INFO] Reply from ptd: 'Hello, PTDaemon here!'
ptd-server 2021-08-09 06:52:09,057 [INFO] Sending to ptd: 'Identify'
ptd-server 2021-08-09 06:52:09,057 [INFO] Reply from ptd: 'YokogawaWT310E,1000,1,1,1,1,0,1,1,version=1.9.2-e8c7a49a-20201208,OS=Linux 5.8.0-63-generic #71~20.04.1-Ubuntu SMP Thu Jul 15 17:46:08 UTC 2021 x86_64,mode=power,1,1,1,0,0,no_cal_date,YOKOGAWA;WT310E;C3XA04010E;F1.04'
ptd-server 2021-08-09 06:52:09,058 [INFO] Connected to PTDaemon
ptd-server 2021-08-09 06:52:09,058 [INFO] Sending to ptd: 'RR'
ptd-server 2021-08-09 06:52:09,058 [INFO] Reply from ptd: 'Ranges,0,0.500000,0,300.000000'
ptd-server 2021-08-09 06:52:09,058 [INFO] Initial range for Amps is 0.500000 for Volts is 300.000000
ptd-server 2021-08-09 06:52:09,058 [INFO] Sending to ptd: 'SR,V,Auto'
ptd-server 2021-08-09 06:52:09,561 [INFO] Reply from ptd: 'Range V changed'
ptd-server 2021-08-09 06:52:09,561 [INFO] Sending to ptd: 'SR,A,Auto'
ptd-server 2021-08-09 06:52:10,063 [INFO] Reply from ptd: 'Range A changed'
ptd-server 2021-08-09 06:52:20,074 [INFO] Starting ranging mode
ptd-server 2021-08-09 06:52:20,074 [INFO] Sending to ptd: 'Go,1000,0,2021-08-09_06-51-51_ranging'
ptd-server 2021-08-09 06:52:20,074 [INFO] Reply from ptd: 'Starting untimed measurement, maximum 500000 samples at 1000ms with 0 rampup samples'
ptd-server 2021-08-09 06:52:20,074 [INFO] Sending reply to client 'OK'
ptd-server 2021-08-09 07:02:39,877 [INFO] Got command from the client 'session,2021-08-09_06-51-51,stop,ranging'
ptd-server 2021-08-09 07:02:49,888 [INFO] Sending to ptd: 'Stop'
ptd-server 2021-08-09 07:02:49,888 [INFO] Reply from ptd: 'Stopping untimed measurement'
ptd-server 2021-08-09 07:02:50,120 [INFO] Sending reply to client 'OK'
ptd-server 2021-08-09 07:02:50,179 [INFO] Got command from the client 'time'
ptd-server 2021-08-09 07:02:50,179 [INFO] Sending reply to client '1628488970.1791196'
ptd-server 2021-08-09 07:02:50,181 [INFO] Got command from the client 'session,2021-08-09_06-51-51,start,testing'
ptd-server 2021-08-09 07:02:50,182 [INFO] Sending to ptd: 'SR,V,251.300000'
ptd-server 2021-08-09 07:02:51,683 [INFO] Reply from ptd: 'Range V changed'
ptd-server 2021-08-09 07:02:51,683 [INFO] Sending to ptd: 'SR,A,0.212060'
ptd-server 2021-08-09 07:02:53,184 [INFO] Reply from ptd: 'Range A changed'
ptd-server 2021-08-09 07:03:03,195 [INFO] Starting testing mode
ptd-server 2021-08-09 07:03:03,195 [INFO] Sending to ptd: 'Go,1000,0,2021-08-09_06-51-51_testing'
ptd-server 2021-08-09 07:03:03,195 [INFO] Reply from ptd: 'Starting untimed measurement, maximum 500000 samples at 1000ms with 0 rampup samples'
ptd-server 2021-08-09 07:03:03,195 [INFO] Sending reply to client 'OK'
ptd-server 2021-08-09 07:13:22,723 [INFO] Got command from the client 'session,2021-08-09_06-51-51,stop,testing'
ptd-server 2021-08-09 07:13:32,732 [INFO] Sending to ptd: 'Stop'
ptd-server 2021-08-09 07:13:32,732 [INFO] Reply from ptd: 'Stopping untimed measurement'
ptd-server 2021-08-09 07:13:32,855 [INFO] Sending reply to client 'OK'
ptd-server 2021-08-09 07:13:32,875 [INFO] Got command from the client 'session,2021-08-09_06-51-51,done'
ptd-server 2021-08-09 07:13:32,875 [INFO] Sending to ptd: 'Stop'
ptd-server 2021-08-09 07:13:33,195 [INFO] Reply from ptd: 'Error: no measurement to stop'
ptd-server 2021-08-09 07:13:33,195 [INFO] Sending to ptd: 'SR,V,300.000000'
ptd-server 2021-08-09 07:13:34,697 [INFO] Reply from ptd: 'Range V changed'
ptd-server 2021-08-09 07:13:34,697 [INFO] Sending to ptd: 'SR,A,0.500000'
ptd-server 2021-08-09 07:13:36,198 [INFO] Reply from ptd: 'Range A changed'
ptd-server 2021-08-09 07:13:36,199 [INFO] Set initial values for Amps 0.500000 and Volts 300.000000
ptd-server 2021-08-09 07:13:36,199 [INFO] Stopping ptd...
