ptd-server 2021-08-12 16:05:37,580 [INFO] Got command from the client 'stop'
ptd-server 2021-08-12 16:05:37,580 [INFO] The server will be stopped after processing this client
ptd-server 2021-08-12 16:05:37,590 [INFO] Sending reply to client 'OK'
ptd-server 2021-08-12 16:05:37,590 [INFO] Got command from the client 'time'
ptd-server 2021-08-12 16:05:37,590 [INFO] Sending reply to client '1628784337.590127'
ptd-server 2021-08-12 16:05:37,590 [INFO] Got command from the client 'new,,6f6ab949-4fd4-4739-8dbd-b7e215c2e634'
ptd-server 2021-08-12 16:05:37,590 [INFO] Sending reply to client 'OK 2021-08-12_16-05-37,ed12f2b4-974e-47ae-ad54-f9f340e98f25'
ptd-server 2021-08-12 16:05:37,600 [INFO] Got command from the client 'time'
ptd-server 2021-08-12 16:05:37,600 [INFO] Sending reply to client '1628784337.6001446'
ptd-server 2021-08-12 16:05:37,600 [INFO] Got command from the client 'session,2021-08-12_16-05-37,start,ranging'
ptd-server 2021-08-12 16:05:37,700 [INFO] Running PTDaemon: ['.\\ptd-windows-x86.exe', '-l', 'C:\\Users\\root\\AppData\\Local\\Temp\\tmpehbkdoks\\ptd_logfile.txt', '-p', '8888', '-g', '8', '1']
ptd-server 2021-08-12 16:05:50,370 [INFO] Sending to ptd: 'Hello'
ptd-server 2021-08-12 16:05:50,370 [INFO] Reply from ptd: 'Hello, PTDaemon here!'
ptd-server 2021-08-12 16:05:50,370 [INFO] Sending to ptd: 'Identify'
ptd-server 2021-08-12 16:05:50,370 [INFO] Reply from ptd: 'YokogawaWT210,1000,1,1,1,1,0,0,1,version=1.9.2-3976349f-20201208,OS=Windows 8 / Server 2012,mode=power,1,1,1,0,0,no_cal_date,YOKOGAWA;760401;0;F1.12'
ptd-server 2021-08-12 16:05:50,370 [INFO] Connected to PTDaemon
ptd-server 2021-08-12 16:05:50,370 [INFO] Sending to ptd: 'RR'
ptd-server 2021-08-12 16:05:50,370 [INFO] Reply from ptd: 'Ranges,1,5.000000,1,150.000000'
ptd-server 2021-08-12 16:05:50,370 [INFO] Initial range for Amps is Auto for Volts is Auto
ptd-server 2021-08-12 16:05:50,370 [INFO] Sending to ptd: 'SR,V,Auto'
ptd-server 2021-08-12 16:05:50,900 [INFO] Reply from ptd: 'Range V changed'
ptd-server 2021-08-12 16:05:50,900 [INFO] Sending to ptd: 'SR,A,Auto'
ptd-server 2021-08-12 16:05:51,430 [INFO] Reply from ptd: 'Range A changed'
ptd-server 2021-08-12 16:06:01,442 [INFO] Starting ranging mode
ptd-server 2021-08-12 16:06:01,442 [INFO] Sending to ptd: 'Go,1000,0,2021-08-12_16-05-37_ranging'
ptd-server 2021-08-12 16:06:01,442 [INFO] Reply from ptd: 'Starting untimed measurement, maximum 500000 samples at 1000ms with 0 rampup samples'
ptd-server 2021-08-12 16:06:01,442 [INFO] Sending reply to client 'OK'
ptd-server 2021-08-12 16:16:52,309 [INFO] Got command from the client 'session,2021-08-12_16-05-37,stop,ranging'
ptd-server 2021-08-12 16:17:02,309 [INFO] Sending to ptd: 'Stop'
ptd-server 2021-08-12 16:17:02,309 [INFO] Reply from ptd: 'Stopping untimed measurement'
ptd-server 2021-08-12 16:17:02,339 [INFO] Sending reply to client 'OK'
ptd-server 2021-08-12 16:17:02,359 [INFO] Got command from the client 'time'
ptd-server 2021-08-12 16:17:02,359 [INFO] Sending reply to client '1628785022.359833'
ptd-server 2021-08-12 16:17:02,359 [INFO] Got command from the client 'session,2021-08-12_16-05-37,start,testing'
ptd-server 2021-08-12 16:17:02,359 [INFO] Sending to ptd: 'SR,V,120.720000'
ptd-server 2021-08-12 16:17:03,970 [INFO] Reply from ptd: 'Range V changed'
ptd-server 2021-08-12 16:17:03,970 [INFO] Sending to ptd: 'SR,A,4.942000'
ptd-server 2021-08-12 16:17:05,489 [INFO] Reply from ptd: 'Range A changed'
ptd-server 2021-08-12 16:17:15,490 [INFO] Starting testing mode
ptd-server 2021-08-12 16:17:15,490 [INFO] Sending to ptd: 'Go,1000,0,2021-08-12_16-05-37_testing'
ptd-server 2021-08-12 16:17:15,490 [INFO] Reply from ptd: 'Starting untimed measurement, maximum 500000 samples at 1000ms with 0 rampup samples'
ptd-server 2021-08-12 16:17:15,490 [INFO] Sending reply to client 'OK'
ptd-server 2021-08-12 16:28:05,552 [INFO] Got command from the client 'session,2021-08-12_16-05-37,stop,testing'
ptd-server 2021-08-12 16:28:15,553 [INFO] Sending to ptd: 'Stop'
ptd-server 2021-08-12 16:28:15,553 [INFO] Reply from ptd: 'Stopping untimed measurement'
ptd-server 2021-08-12 16:28:15,562 [INFO] Sending reply to client 'OK'
ptd-server 2021-08-12 16:28:15,572 [INFO] Got command from the client 'session,2021-08-12_16-05-37,done'
ptd-server 2021-08-12 16:28:15,572 [INFO] Sending to ptd: 'Stop'
ptd-server 2021-08-12 16:28:16,493 [INFO] Reply from ptd: 'Error: no measurement to stop'
ptd-server 2021-08-12 16:28:16,493 [INFO] Sending to ptd: 'SR,V,Auto'
ptd-server 2021-08-12 16:28:17,013 [INFO] Reply from ptd: 'Range V changed'
ptd-server 2021-08-12 16:28:17,013 [INFO] Sending to ptd: 'SR,A,Auto'
ptd-server 2021-08-12 16:28:17,533 [INFO] Reply from ptd: 'Range A changed'
ptd-server 2021-08-12 16:28:17,533 [INFO] Set initial values for Amps Auto and Volts Auto
ptd-server 2021-08-12 16:28:17,533 [INFO] Stopping ptd...
