ptd-server 2021-08-11 03:57:16,780 [INFO] Got command from the client 'stop'
ptd-server 2021-08-11 03:57:16,780 [INFO] The server will be stopped after processing this client
ptd-server 2021-08-11 03:57:16,780 [INFO] Sending reply to client 'OK'
ptd-server 2021-08-11 03:57:16,983 [INFO] Got command from the client 'time'
ptd-server 2021-08-11 03:57:16,983 [INFO] Sending reply to client '1628679436.9832911'
ptd-server 2021-08-11 03:57:16,983 [INFO] Got command from the client 'new,,82ec916d-e5ad-4975-8fa1-f9620cdb0490'
ptd-server 2021-08-11 03:57:16,983 [INFO] Sending reply to client 'OK 2021-08-11_03-57-16,2a6bcb24-a69d-477b-89e0-c31b1c219723'
ptd-server 2021-08-11 03:57:17,186 [INFO] Got command from the client 'time'
ptd-server 2021-08-11 03:57:17,186 [INFO] Sending reply to client '1628679437.1864052'
ptd-server 2021-08-11 03:57:17,201 [INFO] Got command from the client 'session,2021-08-11_03-57-16,start,ranging'
ptd-server 2021-08-11 03:57:17,311 [INFO] Running PTDaemon: ['C:\\PTD\\ptd-windows-x86.exe', '-l', 'C:\\Users\\lab\\AppData\\Local\\Temp\\tmpttizzy1p\\ptd_logfile.txt', '-p', '8888', '-c', '1,3', '-y', '77', '172.22.0.90']
ptd-server 2021-08-11 03:57:36,485 [INFO] Sending to ptd: 'Hello'
ptd-server 2021-08-11 03:57:36,485 [INFO] Reply from ptd: 'Hello, PTDaemon here!'
ptd-server 2021-08-11 03:57:36,485 [INFO] Sending to ptd: 'Identify'
ptd-server 2021-08-11 03:57:36,485 [INFO] Reply from ptd: 'YokogawaWT330_multichannel,1000,1,1,1,1,0,0,1,version=1.9.2-3976349f-20201208,OS=Windows 8 / Server 2012,mode=power,1,1,2,0,0,no_cal_date,YOKOGAWA;WT333E;C2WA21018V;F1.04'
ptd-server 2021-08-11 03:57:36,485 [INFO] Connected to PTDaemon
ptd-server 2021-08-11 03:57:36,485 [INFO] Sending to ptd: 'RR'
ptd-server 2021-08-11 03:57:36,485 [INFO] Reply from ptd: 'Ranges,0,20.000000,1,300.000000'
ptd-server 2021-08-11 03:57:36,485 [INFO] Initial range for Amps is 20.000000 for Volts is Auto
ptd-server 2021-08-11 03:57:36,485 [INFO] Sending to ptd: 'SR,V,Auto'
ptd-server 2021-08-11 03:57:41,553 [INFO] Reply from ptd: 'Range V changed'
ptd-server 2021-08-11 03:57:41,553 [INFO] Sending to ptd: 'SR,A,20'
ptd-server 2021-08-11 03:57:47,143 [INFO] Reply from ptd: 'Range A changed'
ptd-server 2021-08-11 03:57:57,143 [INFO] Starting ranging mode
ptd-server 2021-08-11 03:57:57,143 [INFO] Sending to ptd: 'Go,1000,0,2021-08-11_03-57-16_ranging'
ptd-server 2021-08-11 03:57:57,143 [INFO] Reply from ptd: 'Starting untimed measurement, maximum 500000 samples at 1000ms with 0 rampup samples'
ptd-server 2021-08-11 03:57:57,143 [INFO] Sending reply to client 'OK'
ptd-server 2021-08-11 04:08:29,318 [INFO] Got command from the client 'session,2021-08-11_03-57-16,stop,ranging'
ptd-server 2021-08-11 04:08:39,334 [INFO] Sending to ptd: 'Stop'
ptd-server 2021-08-11 04:08:39,334 [INFO] Reply from ptd: 'Stopping untimed measurement'
ptd-server 2021-08-11 04:08:39,365 [INFO] Sending reply to client 'OK'
ptd-server 2021-08-11 04:08:39,584 [INFO] Got command from the client 'time'
ptd-server 2021-08-11 04:08:39,584 [INFO] Sending reply to client '1628680119.5842664'
ptd-server 2021-08-11 04:08:39,584 [INFO] Got command from the client 'session,2021-08-11_03-57-16,start,testing'
ptd-server 2021-08-11 04:08:39,584 [INFO] Sending to ptd: 'SR,V,233.940000'
ptd-server 2021-08-11 04:08:46,226 [INFO] Reply from ptd: 'Range V changed'
ptd-server 2021-08-11 04:08:46,226 [INFO] Sending to ptd: 'SR,A,5.427000'
ptd-server 2021-08-11 04:08:51,818 [INFO] Reply from ptd: 'Range A changed'
ptd-server 2021-08-11 04:09:01,823 [INFO] Starting testing mode
ptd-server 2021-08-11 04:09:01,823 [INFO] Sending to ptd: 'Go,1000,0,2021-08-11_03-57-16_testing'
ptd-server 2021-08-11 04:09:01,823 [INFO] Reply from ptd: 'Starting untimed measurement, maximum 500000 samples at 1000ms with 0 rampup samples'
ptd-server 2021-08-11 04:09:01,823 [INFO] Sending reply to client 'OK'
ptd-server 2021-08-11 04:19:33,997 [INFO] Got command from the client 'session,2021-08-11_03-57-16,stop,testing'
ptd-server 2021-08-11 04:19:44,005 [INFO] Sending to ptd: 'Stop'
ptd-server 2021-08-11 04:19:44,005 [INFO] Reply from ptd: 'Stopping untimed measurement'
ptd-server 2021-08-11 04:19:44,020 [INFO] Sending reply to client 'OK'
ptd-server 2021-08-11 04:19:44,083 [INFO] Got command from the client 'session,2021-08-11_03-57-16,done'
ptd-server 2021-08-11 04:19:44,083 [INFO] Sending to ptd: 'Stop'
ptd-server 2021-08-11 04:19:44,833 [INFO] Reply from ptd: 'Error: no measurement to stop'
ptd-server 2021-08-11 04:19:44,833 [INFO] Sending to ptd: 'SR,V,Auto'
ptd-server 2021-08-11 04:19:49,911 [INFO] Reply from ptd: 'Range V changed'
ptd-server 2021-08-11 04:19:49,911 [INFO] Sending to ptd: 'SR,A,20.000000'
ptd-server 2021-08-11 04:19:55,505 [INFO] Reply from ptd: 'Range A changed'
ptd-server 2021-08-11 04:19:55,505 [INFO] Set initial values for Amps 20.000000 and Volts Auto
ptd-server 2021-08-11 04:19:55,505 [INFO] Stopping ptd...
