ptd-server 2021-08-07 19:04:04,418 [INFO] Got command from the client 'time'
ptd-server 2021-08-07 19:04:04,418 [INFO] Sending reply to client '1628359444.4185731'
ptd-server 2021-08-07 19:04:04,421 [INFO] Got command from the client 'new,,d736b0ed-346d-4c7a-9139-b3c6cd84d56d'
ptd-server 2021-08-07 19:04:04,421 [INFO] Sending reply to client 'OK 2021-08-07_19-04-04,938c2e14-b41b-42fb-8d48-18675dfd8992'
ptd-server 2021-08-07 19:04:04,468 [INFO] Got command from the client 'time'
ptd-server 2021-08-07 19:04:04,468 [INFO] Sending reply to client '1628359444.46845'
ptd-server 2021-08-07 19:04:04,470 [INFO] Got command from the client 'session,2021-08-07_19-04-04,start,ranging'
ptd-server 2021-08-07 19:04:04,471 [INFO] Running PTDaemon: ['/home/anton/projects/mlperf/power/inference_v1.0/ptd-linux-x86', '-l', '/tmp/tmpr3iqmcco/ptd_logfile.txt', '-p', '8888', '49', '/dev/usbtmc0']
ptd-server 2021-08-07 19:04:21,643 [INFO] Sending to ptd: 'Hello'
ptd-server 2021-08-07 19:04:21,643 [INFO] Reply from ptd: 'Hello, PTDaemon here!'
ptd-server 2021-08-07 19:04:21,643 [INFO] Sending to ptd: 'Identify'
ptd-server 2021-08-07 19:04:21,644 [INFO] Reply from ptd: 'YokogawaWT310E,1000,1,1,1,1,0,1,1,version=1.9.2-e8c7a49a-20201208,OS=Linux 5.8.0-63-generic #71~20.04.1-Ubuntu SMP Thu Jul 15 17:46:08 UTC 2021 x86_64,mode=power,1,1,1,0,0,no_cal_date,YOKOGAWA;WT310E;C3XA04010E;F1.04'
ptd-server 2021-08-07 19:04:21,644 [INFO] Connected to PTDaemon
ptd-server 2021-08-07 19:04:21,644 [INFO] Sending to ptd: 'RR'
ptd-server 2021-08-07 19:04:21,644 [INFO] Reply from ptd: 'Ranges,0,0.500000,0,300.000000'
ptd-server 2021-08-07 19:04:21,645 [INFO] Initial range for Amps is 0.500000 for Volts is 300.000000
ptd-server 2021-08-07 19:04:21,645 [INFO] Sending to ptd: 'SR,V,Auto'
ptd-server 2021-08-07 19:04:22,147 [INFO] Reply from ptd: 'Range V changed'
ptd-server 2021-08-07 19:04:22,147 [INFO] Sending to ptd: 'SR,A,Auto'
ptd-server 2021-08-07 19:04:22,650 [INFO] Reply from ptd: 'Range A changed'
ptd-server 2021-08-07 19:04:32,660 [INFO] Starting ranging mode
ptd-server 2021-08-07 19:04:32,660 [INFO] Sending to ptd: 'Go,1000,0,2021-08-07_19-04-04_ranging'
ptd-server 2021-08-07 19:04:32,661 [INFO] Reply from ptd: 'Starting untimed measurement, maximum 500000 samples at 1000ms with 0 rampup samples'
ptd-server 2021-08-07 19:04:32,661 [INFO] Sending reply to client 'OK'
ptd-server 2021-08-07 19:14:52,270 [INFO] Got command from the client 'session,2021-08-07_19-04-04,stop,ranging'
ptd-server 2021-08-07 19:15:02,280 [INFO] Sending to ptd: 'Stop'
ptd-server 2021-08-07 19:15:02,281 [INFO] Reply from ptd: 'Stopping untimed measurement'
ptd-server 2021-08-07 19:15:02,337 [INFO] Sending reply to client 'OK'
ptd-server 2021-08-07 19:15:02,395 [INFO] Got command from the client 'time'
ptd-server 2021-08-07 19:15:02,395 [INFO] Sending reply to client '1628360102.3958676'
ptd-server 2021-08-07 19:15:02,398 [INFO] Got command from the client 'session,2021-08-07_19-04-04,start,testing'
ptd-server 2021-08-07 19:15:02,398 [INFO] Sending to ptd: 'SR,V,251.130000'
ptd-server 2021-08-07 19:15:04,162 [INFO] Reply from ptd: 'Range V changed'
ptd-server 2021-08-07 19:15:04,162 [INFO] Sending to ptd: 'SR,A,0.179180'
ptd-server 2021-08-07 19:15:05,663 [INFO] Reply from ptd: 'Range A changed'
ptd-server 2021-08-07 19:15:15,674 [INFO] Starting testing mode
ptd-server 2021-08-07 19:15:15,674 [INFO] Sending to ptd: 'Go,1000,0,2021-08-07_19-04-04_testing'
ptd-server 2021-08-07 19:15:15,674 [INFO] Reply from ptd: 'Starting untimed measurement, maximum 500000 samples at 1000ms with 0 rampup samples'
ptd-server 2021-08-07 19:15:15,675 [INFO] Sending reply to client 'OK'
ptd-server 2021-08-07 19:25:35,291 [INFO] Got command from the client 'session,2021-08-07_19-04-04,stop,testing'
ptd-server 2021-08-07 19:25:45,301 [INFO] Sending to ptd: 'Stop'
ptd-server 2021-08-07 19:25:45,302 [INFO] Reply from ptd: 'Stopping untimed measurement'
ptd-server 2021-08-07 19:25:45,330 [INFO] Sending reply to client 'OK'
ptd-server 2021-08-07 19:25:45,349 [INFO] Got command from the client 'session,2021-08-07_19-04-04,done'
ptd-server 2021-08-07 19:25:45,349 [INFO] Sending to ptd: 'Stop'
ptd-server 2021-08-07 19:25:45,675 [INFO] Reply from ptd: 'Error: no measurement to stop'
ptd-server 2021-08-07 19:25:45,675 [INFO] Sending to ptd: 'SR,V,300.000000'
ptd-server 2021-08-07 19:25:47,176 [INFO] Reply from ptd: 'Range V changed'
ptd-server 2021-08-07 19:25:47,177 [INFO] Sending to ptd: 'SR,A,0.500000'
ptd-server 2021-08-07 19:25:48,678 [INFO] Reply from ptd: 'Range A changed'
ptd-server 2021-08-07 19:25:48,678 [INFO] Set initial values for Amps 0.500000 and Volts 300.000000
ptd-server 2021-08-07 19:25:48,678 [INFO] Stopping ptd...
