ptd-server 2021-08-07 22:11:29,026 [INFO] Got command from the client 'time'
ptd-server 2021-08-07 22:11:29,026 [INFO] Sending reply to client '1628370689.026371'
ptd-server 2021-08-07 22:11:29,027 [INFO] Got command from the client 'new,,32e4813e-1ed8-4856-9ade-3e1cc8b317eb'
ptd-server 2021-08-07 22:11:29,028 [INFO] Sending reply to client 'OK 2021-08-07_22-11-29,ab8c1f5f-c80b-4652-ad78-1127379aee0a'
ptd-server 2021-08-07 22:11:29,065 [INFO] Got command from the client 'time'
ptd-server 2021-08-07 22:11:29,066 [INFO] Sending reply to client '1628370689.06601'
ptd-server 2021-08-07 22:11:29,067 [INFO] Got command from the client 'session,2021-08-07_22-11-29,start,ranging'
ptd-server 2021-08-07 22:11:29,068 [INFO] Running PTDaemon: ['/home/anton/projects/mlperf/power/inference_v1.0/ptd-linux-x86', '-l', '/tmp/tmpr3iqmcco/ptd_logfile.txt', '-p', '8888', '49', '/dev/usbtmc0']
ptd-server 2021-08-07 22:11:46,241 [INFO] Sending to ptd: 'Hello'
ptd-server 2021-08-07 22:11:46,242 [INFO] Reply from ptd: 'Hello, PTDaemon here!'
ptd-server 2021-08-07 22:11:46,242 [INFO] Sending to ptd: 'Identify'
ptd-server 2021-08-07 22:11:46,242 [INFO] Reply from ptd: 'YokogawaWT310E,1000,1,1,1,1,0,1,1,version=1.9.2-e8c7a49a-20201208,OS=Linux 5.8.0-63-generic #71~20.04.1-Ubuntu SMP Thu Jul 15 17:46:08 UTC 2021 x86_64,mode=power,1,1,1,0,0,no_cal_date,YOKOGAWA;WT310E;C3XA04010E;F1.04'
ptd-server 2021-08-07 22:11:46,243 [INFO] Connected to PTDaemon
ptd-server 2021-08-07 22:11:46,243 [INFO] Sending to ptd: 'RR'
ptd-server 2021-08-07 22:11:46,243 [INFO] Reply from ptd: 'Ranges,0,0.500000,0,300.000000'
ptd-server 2021-08-07 22:11:46,243 [INFO] Initial range for Amps is 0.500000 for Volts is 300.000000
ptd-server 2021-08-07 22:11:46,243 [INFO] Sending to ptd: 'SR,V,Auto'
ptd-server 2021-08-07 22:11:46,746 [INFO] Reply from ptd: 'Range V changed'
ptd-server 2021-08-07 22:11:46,746 [INFO] Sending to ptd: 'SR,A,Auto'
ptd-server 2021-08-07 22:11:47,248 [INFO] Reply from ptd: 'Range A changed'
ptd-server 2021-08-07 22:11:57,259 [INFO] Starting ranging mode
ptd-server 2021-08-07 22:11:57,259 [INFO] Sending to ptd: 'Go,1000,0,2021-08-07_22-11-29_ranging'
ptd-server 2021-08-07 22:11:57,259 [INFO] Reply from ptd: 'Starting untimed measurement, maximum 500000 samples at 1000ms with 0 rampup samples'
ptd-server 2021-08-07 22:11:57,260 [INFO] Sending reply to client 'OK'
ptd-server 2021-08-07 22:22:17,213 [INFO] Got command from the client 'session,2021-08-07_22-11-29,stop,ranging'
ptd-server 2021-08-07 22:22:27,223 [INFO] Sending to ptd: 'Stop'
ptd-server 2021-08-07 22:22:27,224 [INFO] Reply from ptd: 'Stopping untimed measurement'
ptd-server 2021-08-07 22:22:27,301 [INFO] Sending reply to client 'OK'
ptd-server 2021-08-07 22:22:27,364 [INFO] Got command from the client 'time'
ptd-server 2021-08-07 22:22:27,364 [INFO] Sending reply to client '1628371347.3648973'
ptd-server 2021-08-07 22:22:27,367 [INFO] Got command from the client 'session,2021-08-07_22-11-29,start,testing'
ptd-server 2021-08-07 22:22:27,367 [INFO] Sending to ptd: 'SR,V,251.110000'
ptd-server 2021-08-07 22:22:28,868 [INFO] Reply from ptd: 'Range V changed'
ptd-server 2021-08-07 22:22:28,868 [INFO] Sending to ptd: 'SR,A,0.182320'
ptd-server 2021-08-07 22:22:30,370 [INFO] Reply from ptd: 'Range A changed'
ptd-server 2021-08-07 22:22:40,380 [INFO] Starting testing mode
ptd-server 2021-08-07 22:22:40,380 [INFO] Sending to ptd: 'Go,1000,0,2021-08-07_22-11-29_testing'
ptd-server 2021-08-07 22:22:40,381 [INFO] Reply from ptd: 'Starting untimed measurement, maximum 500000 samples at 1000ms with 0 rampup samples'
ptd-server 2021-08-07 22:22:40,381 [INFO] Sending reply to client 'OK'
ptd-server 2021-08-07 22:33:00,421 [INFO] Got command from the client 'session,2021-08-07_22-11-29,stop,testing'
ptd-server 2021-08-07 22:33:10,431 [INFO] Sending to ptd: 'Stop'
ptd-server 2021-08-07 22:33:10,432 [INFO] Reply from ptd: 'Stopping untimed measurement'
ptd-server 2021-08-07 22:33:10,470 [INFO] Sending reply to client 'OK'
ptd-server 2021-08-07 22:33:10,509 [INFO] Got command from the client 'session,2021-08-07_22-11-29,done'
ptd-server 2021-08-07 22:33:10,509 [INFO] Sending to ptd: 'Stop'
ptd-server 2021-08-07 22:33:11,382 [INFO] Reply from ptd: 'Error: no measurement to stop'
ptd-server 2021-08-07 22:33:11,382 [INFO] Sending to ptd: 'SR,V,300.000000'
ptd-server 2021-08-07 22:33:12,883 [INFO] Reply from ptd: 'Range V changed'
ptd-server 2021-08-07 22:33:12,883 [INFO] Sending to ptd: 'SR,A,0.500000'
ptd-server 2021-08-07 22:33:14,385 [INFO] Reply from ptd: 'Range A changed'
ptd-server 2021-08-07 22:33:14,385 [INFO] Set initial values for Amps 0.500000 and Volts 300.000000
ptd-server 2021-08-07 22:33:14,385 [INFO] Stopping ptd...
