client 2021-08-09 16:36:51,280 [INFO] Sending command to the server: 'mlcommons/power client v3'
client 2021-08-09 16:36:51,282 [INFO] Got response: 'mlcommons/power server v3'
client 2021-08-09 16:36:51,282 [INFO] Synchronizing with the server and with time.google.com...
client 2021-08-09 16:36:51,364 [INFO] NTP:offset = 0.003 s, delay = 0.036 s 
client 2021-08-09 16:36:51,365 [INFO] Sending command to the server: 'time'
client 2021-08-09 16:36:51,366 [INFO] Got response: '1628523411.3662176'
client 2021-08-09 16:36:51,367 [INFO] The time difference between the client and the server is within range -1.210 ms..1.015 ms
client 2021-08-09 16:36:51,368 [INFO] Sending command to the server: 'new,,91816229-40a9-41b5-a974-0720b29e5c2f'
client 2021-08-09 16:36:51,370 [INFO] Got response: 'OK 2021-08-09_16-36-51,fe293cc5-d6f7-4a6f-9831-1d42afbf8c8f'
client 2021-08-09 16:36:51,370 [INFO] Session id is '2021-08-09_16-36-51'
client 2021-08-09 16:36:51,371 [INFO] Sources: {"sources": {"__init__.py": "da39a3ee5e6b4b0d3255bfef95601890afd80709", "client.py": "33ca4f26368777ac06e01f9567b714a4b8063886", "lib/__init__.py": "da39a3ee5e6b4b0d3255bfef95601890afd80709", "lib/client.py": "4c2b78fb4849a7e5b584ef792d82aaed20b17f57", "lib/common.py": "624d0c0acc7c39aaff3674f0b99d6a09da53d1dc", "lib/external/__init__.py": "da39a3ee5e6b4b0d3255bfef95601890afd80709", "lib/external/ntplib.py": "4da8f970656505a40483206ef2b5d3dd5e81711d", "lib/server.py": "59c9fb92908260d3e9f81a895c7aa009742275e4", "lib/source_hashes.py": "60a2e02193209e8d392803326208d5466342da18", "lib/summary.py": "aa92f0a3f975eecd44d3c0cd0236342ccc9f941d", "lib/time_sync.py": "3210db56eb0ff0df57bf4293dc4d4b03fffd46f1", "server.py": "c3f90f2f7eeb4db30727556d0c815ebc89b3d28b", "tests/unit/__init__.py": "da39a3ee5e6b4b0d3255bfef95601890afd80709", "tests/unit/test_server.py": "99ae15aef722f2000ee6ed1ae1523637bf1ae42b", "tests/unit/test_source_hashes.py": "00468a2907583c593e6574a1f6b404e4651c221a"}, "modules": {"ptd_client_server.lib.client": "lib/client.py", "ptd_client_server.lib.common": "lib/common.py", "ptd_client_server.lib.external.ntplib": "lib/external/ntplib.py", "ptd_client_server.lib.source_hashes": "lib/source_hashes.py", "ptd_client_server.lib.summary": "lib/summary.py", "ptd_client_server.lib.time_sync": "lib/time_sync.py"}}
client 2021-08-09 16:36:51,373 [INFO] Running workload in ranging mode
client 2021-08-09 16:36:51,373 [INFO] Synchronizing with the server and with time.google.com...
client 2021-08-09 16:36:51,415 [INFO] NTP:offset = -0.001 s, delay = 0.036 s 
client 2021-08-09 16:36:51,416 [INFO] Sending command to the server: 'time'
client 2021-08-09 16:36:51,417 [INFO] Got response: '1628523411.41737'
client 2021-08-09 16:36:51,418 [INFO] The time difference between the client and the server is within range -1.168 ms..0.911 ms
client 2021-08-09 16:36:51,418 [INFO] Sending command to the server: 'session,2021-08-09_16-36-51,start,ranging'
client 2021-08-09 16:37:19,610 [INFO] Got response: 'OK'
client 2021-08-09 16:37:19,614 [INFO] Running the workload 'ck benchmark program:image-classification-tflite-loadgen --env.CK_SILENT_MODE=YES --skip_print_timers --dep_add_tags.compiler=gcc,v7 --dep_add_tags.python=v3 --dep_add_tags.mlperf-inference-src=r1.1 --dep_add_tags.weights=resnet50 --dep_add_tags.images=crop.875,preprocessed,using-opencv --dep_add_tags.library=tflite,v2.5.0,with.ruy --env.CK_LOADGEN_DATASET_SIZE=1024 --env.CK_LOADGEN_SCENARIO=SingleStream --env.CK_LOADGEN_MODE=PerformanceOnly --env.CK_LOADGEN_TARGET_LATENCY=80 --env.CK_POWER_MODE=2 --env.CK_FAN_MODE=cool --skip_stat_analysis --process_multi_keys --repetitions=1 --record --record_repo=local --record_uoa=mlperf-closed-xavier-tflite-v2.5.0-ruy-resnet50-singlestream-performance-target_latency.80-power_mode.2-fan_mode.cool-power.workload --tags=mlperf,division.closed,task.image-classification,platform.xavier,scenario.singlestream,mode.performance,workload.resnet50,preprocessed_using.opencv,inference_engine.tflite,inference_engine_version.v2.5.0,inference_engine_backend.ruy,target_latency.80,power_mode.2,fan_mode.cool,power.workload "@@@{\'meta\': {\'ck_benchmark_program\': \'ck benchmark program:image-classification-tflite-loadgen --env.CK_SILENT_MODE=YES --skip_print_timers --dep_add_tags.compiler=gcc,v7 --dep_add_tags.python=v3 --dep_add_tags.mlperf-inference-src=r1.1 --dep_add_tags.weights=resnet50 --dep_add_tags.images=crop.875,preprocessed,using-opencv --dep_add_tags.library=tflite,v2.5.0,with.ruy --env.CK_LOADGEN_DATASET_SIZE=1024 --env.CK_LOADGEN_SCENARIO=SingleStream --env.CK_LOADGEN_MODE=PerformanceOnly --env.CK_LOADGEN_TARGET_LATENCY=80 --env.CK_POWER_MODE=2 --env.CK_FAN_MODE=cool --skip_stat_analysis --process_multi_keys --repetitions=1 --record --record_repo=local --record_uoa=mlperf-closed-xavier-tflite-v2.5.0-ruy-resnet50-singlestream-performance-target_latency.80-power_mode.2-fan_mode.cool-power.workload --tags=mlperf,division.closed,task.image-classification,platform.xavier,scenario.singlestream,mode.performance,workload.resnet50,preprocessed_using.opencv,inference_engine.tflite,inference_engine_version.v2.5.0,inference_engine_backend.ruy,target_latency.80,power_mode.2,fan_mode.cool,power.workload\'}}" && cat `ck find program:image-classification-tflite-loadgen`/tmp/mlperf_log_summary.txt && mkdir -p "$CK_MLPERF_POWER_CLIENT_LOADGEN_LOGS" && cp "$CK_MLPERF_POWER_CLIENT_LOADGEN_LOGS"/../mlperf_log_* "$CK_MLPERF_POWER_CLIENT_LOADGEN_LOGS"/'
client 2021-08-09 16:47:59,376 [INFO] Sending command to the server: 'session,2021-08-09_16-36-51,stop,ranging'
client 2021-08-09 16:48:09,637 [INFO] Got response: 'OK'
client 2021-08-09 16:48:09,667 [INFO] Copying loadgen logs from '/home/maria/CK/ck-mlperf/program/image-classification-tflite-loadgen/tmp/loadgen_logs' to '/home/maria/CK/ck-mlperf/program/mlperf-power-client/tmp/2021-08-09_16-36-51/ranging'
client 2021-08-09 16:48:09,670 [INFO] Running workload in testing mode
client 2021-08-09 16:48:09,671 [INFO] Synchronizing with the server and with time.google.com...
client 2021-08-09 16:48:09,714 [INFO] NTP:offset = -0.001 s, delay = 0.036 s 
client 2021-08-09 16:48:09,715 [INFO] Sending command to the server: 'time'
client 2021-08-09 16:48:09,717 [INFO] Got response: '1628524089.7154324'
client 2021-08-09 16:48:09,717 [INFO] The time difference between the client and the server is within range 0.099 ms..2.177 ms
client 2021-08-09 16:48:09,718 [INFO] Sending command to the server: 'session,2021-08-09_16-36-51,start,testing'
client 2021-08-09 16:48:22,733 [INFO] Got response: 'OK'
client 2021-08-09 16:48:22,735 [INFO] Running the workload 'ck benchmark program:image-classification-tflite-loadgen --env.CK_SILENT_MODE=YES --skip_print_timers --dep_add_tags.compiler=gcc,v7 --dep_add_tags.python=v3 --dep_add_tags.mlperf-inference-src=r1.1 --dep_add_tags.weights=resnet50 --dep_add_tags.images=crop.875,preprocessed,using-opencv --dep_add_tags.library=tflite,v2.5.0,with.ruy --env.CK_LOADGEN_DATASET_SIZE=1024 --env.CK_LOADGEN_SCENARIO=SingleStream --env.CK_LOADGEN_MODE=PerformanceOnly --env.CK_LOADGEN_TARGET_LATENCY=80 --env.CK_POWER_MODE=2 --env.CK_FAN_MODE=cool --skip_stat_analysis --process_multi_keys --repetitions=1 --record --record_repo=local --record_uoa=mlperf-closed-xavier-tflite-v2.5.0-ruy-resnet50-singlestream-performance-target_latency.80-power_mode.2-fan_mode.cool-power.workload --tags=mlperf,division.closed,task.image-classification,platform.xavier,scenario.singlestream,mode.performance,workload.resnet50,preprocessed_using.opencv,inference_engine.tflite,inference_engine_version.v2.5.0,inference_engine_backend.ruy,target_latency.80,power_mode.2,fan_mode.cool,power.workload "@@@{\'meta\': {\'ck_benchmark_program\': \'ck benchmark program:image-classification-tflite-loadgen --env.CK_SILENT_MODE=YES --skip_print_timers --dep_add_tags.compiler=gcc,v7 --dep_add_tags.python=v3 --dep_add_tags.mlperf-inference-src=r1.1 --dep_add_tags.weights=resnet50 --dep_add_tags.images=crop.875,preprocessed,using-opencv --dep_add_tags.library=tflite,v2.5.0,with.ruy --env.CK_LOADGEN_DATASET_SIZE=1024 --env.CK_LOADGEN_SCENARIO=SingleStream --env.CK_LOADGEN_MODE=PerformanceOnly --env.CK_LOADGEN_TARGET_LATENCY=80 --env.CK_POWER_MODE=2 --env.CK_FAN_MODE=cool --skip_stat_analysis --process_multi_keys --repetitions=1 --record --record_repo=local --record_uoa=mlperf-closed-xavier-tflite-v2.5.0-ruy-resnet50-singlestream-performance-target_latency.80-power_mode.2-fan_mode.cool-power.workload --tags=mlperf,division.closed,task.image-classification,platform.xavier,scenario.singlestream,mode.performance,workload.resnet50,preprocessed_using.opencv,inference_engine.tflite,inference_engine_version.v2.5.0,inference_engine_backend.ruy,target_latency.80,power_mode.2,fan_mode.cool,power.workload\'}}" && cat `ck find program:image-classification-tflite-loadgen`/tmp/mlperf_log_summary.txt && mkdir -p "$CK_MLPERF_POWER_CLIENT_LOADGEN_LOGS" && cp "$CK_MLPERF_POWER_CLIENT_LOADGEN_LOGS"/../mlperf_log_* "$CK_MLPERF_POWER_CLIENT_LOADGEN_LOGS"/'
client 2021-08-09 16:59:02,808 [INFO] Sending command to the server: 'session,2021-08-09_16-36-51,stop,testing'
client 2021-08-09 16:59:12,949 [INFO] Got response: 'OK'
client 2021-08-09 16:59:12,957 [INFO] Copying loadgen logs from '/home/maria/CK/ck-mlperf/program/image-classification-tflite-loadgen/tmp/loadgen_logs' to '/home/maria/CK/ck-mlperf/program/mlperf-power-client/tmp/2021-08-09_16-36-51/run_1'
client 2021-08-09 16:59:12,961 [INFO] Done runs
