ptd-server 2021-08-07 20:22:13,961 [INFO] Got command from the client 'time'
ptd-server 2021-08-07 20:22:13,961 [INFO] Sending reply to client '1628364133.9611666'
ptd-server 2021-08-07 20:22:13,963 [INFO] Got command from the client 'new,,54eae76a-aad8-497b-8d8e-805cc5194a8b'
ptd-server 2021-08-07 20:22:13,963 [INFO] Sending reply to client 'OK 2021-08-07_20-22-13,3cf3c0fd-e4fb-42fa-b92f-ab1a59037812'
ptd-server 2021-08-07 20:22:14,000 [INFO] Got command from the client 'time'
ptd-server 2021-08-07 20:22:14,000 [INFO] Sending reply to client '1628364134.0007615'
ptd-server 2021-08-07 20:22:14,002 [INFO] Got command from the client 'session,2021-08-07_20-22-13,start,ranging'
ptd-server 2021-08-07 20:22:14,003 [INFO] Running PTDaemon: ['/home/anton/projects/mlperf/power/inference_v1.0/ptd-linux-x86', '-l', '/tmp/tmpr3iqmcco/ptd_logfile.txt', '-p', '8888', '49', '/dev/usbtmc0']
ptd-server 2021-08-07 20:22:31,175 [INFO] Sending to ptd: 'Hello'
ptd-server 2021-08-07 20:22:31,176 [INFO] Reply from ptd: 'Hello, PTDaemon here!'
ptd-server 2021-08-07 20:22:31,176 [INFO] Sending to ptd: 'Identify'
ptd-server 2021-08-07 20:22:31,176 [INFO] Reply from ptd: 'YokogawaWT310E,1000,1,1,1,1,0,1,1,version=1.9.2-e8c7a49a-20201208,OS=Linux 5.8.0-63-generic #71~20.04.1-Ubuntu SMP Thu Jul 15 17:46:08 UTC 2021 x86_64,mode=power,1,1,1,0,0,no_cal_date,YOKOGAWA;WT310E;C3XA04010E;F1.04'
ptd-server 2021-08-07 20:22:31,177 [INFO] Connected to PTDaemon
ptd-server 2021-08-07 20:22:31,177 [INFO] Sending to ptd: 'RR'
ptd-server 2021-08-07 20:22:31,177 [INFO] Reply from ptd: 'Ranges,0,0.500000,0,300.000000'
ptd-server 2021-08-07 20:22:31,177 [INFO] Initial range for Amps is 0.500000 for Volts is 300.000000
ptd-server 2021-08-07 20:22:31,178 [INFO] Sending to ptd: 'SR,V,Auto'
ptd-server 2021-08-07 20:22:31,680 [INFO] Reply from ptd: 'Range V changed'
ptd-server 2021-08-07 20:22:31,680 [INFO] Sending to ptd: 'SR,A,Auto'
ptd-server 2021-08-07 20:22:32,183 [INFO] Reply from ptd: 'Range A changed'
ptd-server 2021-08-07 20:22:42,193 [INFO] Starting ranging mode
ptd-server 2021-08-07 20:22:42,193 [INFO] Sending to ptd: 'Go,1000,0,2021-08-07_20-22-13_ranging'
ptd-server 2021-08-07 20:22:42,194 [INFO] Reply from ptd: 'Starting untimed measurement, maximum 500000 samples at 1000ms with 0 rampup samples'
ptd-server 2021-08-07 20:22:42,194 [INFO] Sending reply to client 'OK'
ptd-server 2021-08-07 20:33:02,044 [INFO] Got command from the client 'session,2021-08-07_20-22-13,stop,ranging'
ptd-server 2021-08-07 20:33:12,054 [INFO] Sending to ptd: 'Stop'
ptd-server 2021-08-07 20:33:12,055 [INFO] Reply from ptd: 'Stopping untimed measurement'
ptd-server 2021-08-07 20:33:12,120 [INFO] Sending reply to client 'OK'
ptd-server 2021-08-07 20:33:12,178 [INFO] Got command from the client 'time'
ptd-server 2021-08-07 20:33:12,178 [INFO] Sending reply to client '1628364792.1783514'
ptd-server 2021-08-07 20:33:12,179 [INFO] Got command from the client 'session,2021-08-07_20-22-13,start,testing'
ptd-server 2021-08-07 20:33:12,179 [INFO] Sending to ptd: 'SR,V,248.160000'
ptd-server 2021-08-07 20:33:13,695 [INFO] Reply from ptd: 'Range V changed'
ptd-server 2021-08-07 20:33:13,695 [INFO] Sending to ptd: 'SR,A,0.175800'
ptd-server 2021-08-07 20:33:15,197 [INFO] Reply from ptd: 'Range A changed'
ptd-server 2021-08-07 20:33:25,207 [INFO] Starting testing mode
ptd-server 2021-08-07 20:33:25,207 [INFO] Sending to ptd: 'Go,1000,0,2021-08-07_20-22-13_testing'
ptd-server 2021-08-07 20:33:25,207 [INFO] Reply from ptd: 'Starting untimed measurement, maximum 500000 samples at 1000ms with 0 rampup samples'
ptd-server 2021-08-07 20:33:25,208 [INFO] Sending reply to client 'OK'
ptd-server 2021-08-07 20:43:44,774 [INFO] Got command from the client 'session,2021-08-07_20-22-13,stop,testing'
ptd-server 2021-08-07 20:43:54,784 [INFO] Sending to ptd: 'Stop'
ptd-server 2021-08-07 20:43:54,785 [INFO] Reply from ptd: 'Stopping untimed measurement'
ptd-server 2021-08-07 20:43:54,819 [INFO] Sending reply to client 'OK'
ptd-server 2021-08-07 20:43:54,849 [INFO] Got command from the client 'session,2021-08-07_20-22-13,done'
ptd-server 2021-08-07 20:43:54,849 [INFO] Sending to ptd: 'Stop'
ptd-server 2021-08-07 20:43:55,207 [INFO] Reply from ptd: 'Error: no measurement to stop'
ptd-server 2021-08-07 20:43:55,207 [INFO] Sending to ptd: 'SR,V,300.000000'
ptd-server 2021-08-07 20:43:56,709 [INFO] Reply from ptd: 'Range V changed'
ptd-server 2021-08-07 20:43:56,709 [INFO] Sending to ptd: 'SR,A,0.500000'
ptd-server 2021-08-07 20:43:58,210 [INFO] Reply from ptd: 'Range A changed'
ptd-server 2021-08-07 20:43:58,211 [INFO] Set initial values for Amps 0.500000 and Volts 300.000000
ptd-server 2021-08-07 20:43:58,211 [INFO] Stopping ptd...
