ptd-server 2021-08-10 07:50:51,660 [INFO] Got command from the client 'stop'
ptd-server 2021-08-10 07:50:51,660 [INFO] The server will be stopped after processing this client
ptd-server 2021-08-10 07:50:51,660 [INFO] Sending reply to client 'OK'
ptd-server 2021-08-10 07:50:52,113 [INFO] Got command from the client 'time'
ptd-server 2021-08-10 07:50:52,113 [INFO] Sending reply to client '1628607052.1132088'
ptd-server 2021-08-10 07:50:52,128 [INFO] Got command from the client 'new,,4d79cb72-b39c-4732-945e-943e07693ef3'
ptd-server 2021-08-10 07:50:52,128 [INFO] Sending reply to client 'OK 2021-08-10_07-50-52,a3cd9879-a768-418d-a487-d93ada74f4bc'
ptd-server 2021-08-10 07:50:52,363 [INFO] Got command from the client 'time'
ptd-server 2021-08-10 07:50:52,363 [INFO] Sending reply to client '1628607052.3632073'
ptd-server 2021-08-10 07:50:52,363 [INFO] Got command from the client 'session,2021-08-10_07-50-52,start,ranging'
ptd-server 2021-08-10 07:50:52,472 [INFO] Running PTDaemon: ['C:\\PTD\\ptd-windows-x86.exe', '-l', 'C:\\Users\\lab\\AppData\\Local\\Temp\\tmpk98fhedd\\ptd_logfile.txt', '-p', '8888', '-c', '1', '-y', '52', '10.32.209.251']
ptd-server 2021-08-10 07:51:10,266 [INFO] Sending to ptd: 'Hello'
ptd-server 2021-08-10 07:51:10,266 [INFO] Reply from ptd: 'Hello, PTDaemon here!'
ptd-server 2021-08-10 07:51:10,266 [INFO] Sending to ptd: 'Identify'
ptd-server 2021-08-10 07:51:10,266 [INFO] Reply from ptd: 'YokogawaWT330E,1000,1,1,1,1,0,0,1,version=1.9.2-3976349f-20201208,OS=Windows 8 / Server 2012,mode=power,1,1,1,0,0,no_cal_date,YOKOGAWA;WT333E;C2VL22012V;F1.04'
ptd-server 2021-08-10 07:51:10,266 [INFO] Connected to PTDaemon
ptd-server 2021-08-10 07:51:10,266 [INFO] Sending to ptd: 'RR'
ptd-server 2021-08-10 07:51:10,266 [INFO] Reply from ptd: 'Ranges,0,1.000000,1,150.000000'
ptd-server 2021-08-10 07:51:10,266 [INFO] Initial range for Amps is 1.000000 for Volts is Auto
ptd-server 2021-08-10 07:51:10,266 [INFO] Sending to ptd: 'SR,V,Auto'
ptd-server 2021-08-10 07:51:10,782 [INFO] Reply from ptd: 'Range V changed'
ptd-server 2021-08-10 07:51:10,782 [INFO] Sending to ptd: 'SR,A,Auto'
ptd-server 2021-08-10 07:51:11,313 [INFO] Reply from ptd: 'Range A changed'
ptd-server 2021-08-10 07:51:21,316 [INFO] Starting ranging mode
ptd-server 2021-08-10 07:51:21,316 [INFO] Sending to ptd: 'Go,1000,0,2021-08-10_07-50-52_ranging'
ptd-server 2021-08-10 07:51:21,316 [INFO] Reply from ptd: 'Starting untimed measurement, maximum 500000 samples at 1000ms with 0 rampup samples'
ptd-server 2021-08-10 07:51:21,316 [INFO] Sending reply to client 'OK'
ptd-server 2021-08-10 08:01:46,431 [INFO] Got command from the client 'session,2021-08-10_07-50-52,stop,ranging'
ptd-server 2021-08-10 08:01:56,437 [INFO] Sending to ptd: 'Stop'
ptd-server 2021-08-10 08:01:56,437 [INFO] Reply from ptd: 'Stopping untimed measurement'
ptd-server 2021-08-10 08:01:56,452 [INFO] Sending reply to client 'OK'
ptd-server 2021-08-10 08:01:56,702 [INFO] Got command from the client 'time'
ptd-server 2021-08-10 08:01:56,718 [INFO] Sending reply to client '1628607716.7183788'
ptd-server 2021-08-10 08:01:56,718 [INFO] Got command from the client 'session,2021-08-10_07-50-52,start,testing'
ptd-server 2021-08-10 08:01:56,718 [INFO] Sending to ptd: 'SR,V,120.450000'
ptd-server 2021-08-10 08:01:58,858 [INFO] Reply from ptd: 'Range V changed'
ptd-server 2021-08-10 08:01:58,858 [INFO] Sending to ptd: 'SR,A,0.277900'
ptd-server 2021-08-10 08:02:00,389 [INFO] Reply from ptd: 'Range A changed'
ptd-server 2021-08-10 08:02:10,404 [INFO] Starting testing mode
ptd-server 2021-08-10 08:02:10,404 [INFO] Sending to ptd: 'Go,1000,0,2021-08-10_07-50-52_testing'
ptd-server 2021-08-10 08:02:10,404 [INFO] Reply from ptd: 'Starting untimed measurement, maximum 500000 samples at 1000ms with 0 rampup samples'
ptd-server 2021-08-10 08:02:10,404 [INFO] Sending reply to client 'OK'
ptd-server 2021-08-10 08:12:28,798 [INFO] Got command from the client 'session,2021-08-10_07-50-52,stop,testing'
ptd-server 2021-08-10 08:12:38,826 [INFO] Sending to ptd: 'Stop'
ptd-server 2021-08-10 08:12:38,826 [INFO] Reply from ptd: 'Stopping untimed measurement'
ptd-server 2021-08-10 08:12:38,841 [INFO] Sending reply to client 'OK'
ptd-server 2021-08-10 08:12:38,888 [INFO] Got command from the client 'session,2021-08-10_07-50-52,done'
ptd-server 2021-08-10 08:12:38,888 [INFO] Sending to ptd: 'Stop'
ptd-server 2021-08-10 08:12:39,419 [INFO] Reply from ptd: 'Error: no measurement to stop'
ptd-server 2021-08-10 08:12:39,419 [INFO] Sending to ptd: 'SR,V,Auto'
ptd-server 2021-08-10 08:12:39,935 [INFO] Reply from ptd: 'Range V changed'
ptd-server 2021-08-10 08:12:39,935 [INFO] Sending to ptd: 'SR,A,1.000000'
ptd-server 2021-08-10 08:12:41,473 [INFO] Reply from ptd: 'Range A changed'
ptd-server 2021-08-10 08:12:41,473 [INFO] Set initial values for Amps 1.000000 and Volts Auto
ptd-server 2021-08-10 08:12:41,473 [INFO] Stopping ptd...
