ptd-server 2021-08-09 00:18:31,216 [INFO] Got command from the client 'time'
ptd-server 2021-08-09 00:18:31,216 [INFO] Sending reply to client '1628464711.2162886'
ptd-server 2021-08-09 00:18:31,217 [INFO] Got command from the client 'new,,857c4f01-a99d-4ddb-8775-6ff58494b5ea'
ptd-server 2021-08-09 00:18:31,218 [INFO] Sending reply to client 'OK 2021-08-09_00-18-31,2a2a4b88-84a7-4939-b895-48d55e6c3271'
ptd-server 2021-08-09 00:18:31,254 [INFO] Got command from the client 'time'
ptd-server 2021-08-09 00:18:31,254 [INFO] Sending reply to client '1628464711.254641'
ptd-server 2021-08-09 00:18:31,256 [INFO] Got command from the client 'session,2021-08-09_00-18-31,start,ranging'
ptd-server 2021-08-09 00:18:31,256 [INFO] Running PTDaemon: ['/home/anton/projects/mlperf/power/inference_v1.0/ptd-linux-x86', '-l', '/tmp/tmpr3iqmcco/ptd_logfile.txt', '-p', '8888', '49', '/dev/usbtmc0']
ptd-server 2021-08-09 00:18:48,429 [INFO] Sending to ptd: 'Hello'
ptd-server 2021-08-09 00:18:48,429 [INFO] Reply from ptd: 'Hello, PTDaemon here!'
ptd-server 2021-08-09 00:18:48,429 [INFO] Sending to ptd: 'Identify'
ptd-server 2021-08-09 00:18:48,430 [INFO] Reply from ptd: 'YokogawaWT310E,1000,1,1,1,1,0,1,1,version=1.9.2-e8c7a49a-20201208,OS=Linux 5.8.0-63-generic #71~20.04.1-Ubuntu SMP Thu Jul 15 17:46:08 UTC 2021 x86_64,mode=power,1,1,1,0,0,no_cal_date,YOKOGAWA;WT310E;C3XA04010E;F1.04'
ptd-server 2021-08-09 00:18:48,430 [INFO] Connected to PTDaemon
ptd-server 2021-08-09 00:18:48,430 [INFO] Sending to ptd: 'RR'
ptd-server 2021-08-09 00:18:48,430 [INFO] Reply from ptd: 'Ranges,0,0.500000,0,300.000000'
ptd-server 2021-08-09 00:18:48,431 [INFO] Initial range for Amps is 0.500000 for Volts is 300.000000
ptd-server 2021-08-09 00:18:48,431 [INFO] Sending to ptd: 'SR,V,Auto'
ptd-server 2021-08-09 00:18:48,933 [INFO] Reply from ptd: 'Range V changed'
ptd-server 2021-08-09 00:18:48,933 [INFO] Sending to ptd: 'SR,A,Auto'
ptd-server 2021-08-09 00:18:49,436 [INFO] Reply from ptd: 'Range A changed'
ptd-server 2021-08-09 00:18:59,446 [INFO] Starting ranging mode
ptd-server 2021-08-09 00:18:59,446 [INFO] Sending to ptd: 'Go,1000,0,2021-08-09_00-18-31_ranging'
ptd-server 2021-08-09 00:18:59,447 [INFO] Reply from ptd: 'Starting untimed measurement, maximum 500000 samples at 1000ms with 0 rampup samples'
ptd-server 2021-08-09 00:18:59,447 [INFO] Sending reply to client 'OK'
ptd-server 2021-08-09 00:29:19,258 [INFO] Got command from the client 'session,2021-08-09_00-18-31,stop,ranging'
ptd-server 2021-08-09 00:29:29,268 [INFO] Sending to ptd: 'Stop'
ptd-server 2021-08-09 00:29:29,269 [INFO] Reply from ptd: 'Stopping untimed measurement'
ptd-server 2021-08-09 00:29:29,473 [INFO] Sending reply to client 'OK'
ptd-server 2021-08-09 00:29:29,534 [INFO] Got command from the client 'time'
ptd-server 2021-08-09 00:29:29,534 [INFO] Sending reply to client '1628465369.5342638'
ptd-server 2021-08-09 00:29:29,536 [INFO] Got command from the client 'session,2021-08-09_00-18-31,start,testing'
ptd-server 2021-08-09 00:29:29,536 [INFO] Sending to ptd: 'SR,V,251.250000'
ptd-server 2021-08-09 00:29:31,037 [INFO] Reply from ptd: 'Range V changed'
ptd-server 2021-08-09 00:29:31,038 [INFO] Sending to ptd: 'SR,A,0.188730'
ptd-server 2021-08-09 00:29:32,539 [INFO] Reply from ptd: 'Range A changed'
ptd-server 2021-08-09 00:29:42,549 [INFO] Starting testing mode
ptd-server 2021-08-09 00:29:42,549 [INFO] Sending to ptd: 'Go,1000,0,2021-08-09_00-18-31_testing'
ptd-server 2021-08-09 00:29:42,550 [INFO] Reply from ptd: 'Starting untimed measurement, maximum 500000 samples at 1000ms with 0 rampup samples'
ptd-server 2021-08-09 00:29:42,550 [INFO] Sending reply to client 'OK'
ptd-server 2021-08-09 00:40:02,252 [INFO] Got command from the client 'session,2021-08-09_00-18-31,stop,testing'
ptd-server 2021-08-09 00:40:12,260 [INFO] Sending to ptd: 'Stop'
ptd-server 2021-08-09 00:40:12,260 [INFO] Reply from ptd: 'Stopping untimed measurement'
ptd-server 2021-08-09 00:40:12,374 [INFO] Sending reply to client 'OK'
ptd-server 2021-08-09 00:40:12,392 [INFO] Got command from the client 'session,2021-08-09_00-18-31,done'
ptd-server 2021-08-09 00:40:12,393 [INFO] Sending to ptd: 'Stop'
ptd-server 2021-08-09 00:40:12,550 [INFO] Reply from ptd: 'Error: no measurement to stop'
ptd-server 2021-08-09 00:40:12,550 [INFO] Sending to ptd: 'SR,V,300.000000'
ptd-server 2021-08-09 00:40:14,052 [INFO] Reply from ptd: 'Range V changed'
ptd-server 2021-08-09 00:40:14,052 [INFO] Sending to ptd: 'SR,A,0.500000'
ptd-server 2021-08-09 00:40:15,554 [INFO] Reply from ptd: 'Range A changed'
ptd-server 2021-08-09 00:40:15,554 [INFO] Set initial values for Amps 0.500000 and Volts 300.000000
ptd-server 2021-08-09 00:40:15,554 [INFO] Stopping ptd...
