client 2021-08-12 15:25:11,762 [INFO] Sending command to the server: 'mlcommons/power client v3'
client 2021-08-12 15:25:11,763 [INFO] Got response: 'mlcommons/power server v3'
client 2021-08-12 15:25:11,763 [INFO] Sending command to the server: 'stop'
client 2021-08-12 15:25:11,764 [INFO] Got response: 'OK'
client 2021-08-12 15:25:11,764 [INFO] Synchronizing with the server and with ntp.aliyun.com...
client 2021-08-12 15:25:11,896 [INFO] NTP:offset = 0.019 s, delay = 0.019 s 
client 2021-08-12 15:25:11,896 [INFO] Sending command to the server: 'time'
client 2021-08-12 15:25:11,898 [INFO] Got response: '1628781911.8859687'
client 2021-08-12 15:25:11,898 [INFO] The time difference between the client and the server is within range 10.537 ms..12.320 ms
client 2021-08-12 15:25:11,898 [INFO] Sending command to the server: 'new,,fd70382c-2b2d-453d-842c-4a3b9f5fdd42'
client 2021-08-12 15:25:11,900 [INFO] Got response: 'OK 2021-08-12_15-25-11,5af26b17-5572-4701-9a8f-90ed80b26ffd'
client 2021-08-12 15:25:11,900 [INFO] Session id is '2021-08-12_15-25-11'
client 2021-08-12 15:25:11,900 [INFO] Sources: {"sources": {"__init__.py": "da39a3ee5e6b4b0d3255bfef95601890afd80709", "client.py": "33ca4f26368777ac06e01f9567b714a4b8063886", "lib/__init__.py": "da39a3ee5e6b4b0d3255bfef95601890afd80709", "lib/client.py": "4c2b78fb4849a7e5b584ef792d82aaed20b17f57", "lib/common.py": "624d0c0acc7c39aaff3674f0b99d6a09da53d1dc", "lib/external/__init__.py": "da39a3ee5e6b4b0d3255bfef95601890afd80709", "lib/external/ntplib.py": "4da8f970656505a40483206ef2b5d3dd5e81711d", "lib/server.py": "24ae49fb193809cf47f2c18b1c9c7c866244be4d", "lib/source_hashes.py": "60a2e02193209e8d392803326208d5466342da18", "lib/summary.py": "aa92f0a3f975eecd44d3c0cd0236342ccc9f941d", "lib/time_sync.py": "3210db56eb0ff0df57bf4293dc4d4b03fffd46f1", "server.py": "c3f90f2f7eeb4db30727556d0c815ebc89b3d28b", "tests/unit/__init__.py": "da39a3ee5e6b4b0d3255bfef95601890afd80709", "tests/unit/test_server.py": "99ae15aef722f2000ee6ed1ae1523637bf1ae42b", "tests/unit/test_source_hashes.py": "00468a2907583c593e6574a1f6b404e4651c221a"}, "modules": {"ptd_client_server.lib.client": "lib/client.py", "ptd_client_server.lib.common": "lib/common.py", "ptd_client_server.lib.external.ntplib": "lib/external/ntplib.py", "ptd_client_server.lib.source_hashes": "lib/source_hashes.py", "ptd_client_server.lib.summary": "lib/summary.py", "ptd_client_server.lib.time_sync": "lib/time_sync.py"}}
client 2021-08-12 15:25:11,900 [INFO] Running workload in ranging mode
client 2021-08-12 15:25:11,901 [INFO] Synchronizing with the server and with ntp.aliyun.com...
client 2021-08-12 15:25:12,123 [INFO] NTP:offset = 0.021 s, delay = 0.025 s 
client 2021-08-12 15:25:12,123 [INFO] Sending command to the server: 'time'
client 2021-08-12 15:25:12,131 [INFO] Got response: '1628781912.1188865'
client 2021-08-12 15:25:12,131 [INFO] The time difference between the client and the server is within range 4.405 ms..12.467 ms
client 2021-08-12 15:25:12,131 [INFO] Sending command to the server: 'session,2021-08-12_15-25-11,start,ranging'
client 2021-08-12 15:25:43,710 [INFO] Got response: 'OK'
client 2021-08-12 15:25:43,710 [INFO] Running the workload 'LOG_DIR=/work/build/power_logs_temp python3 code/main.py --benchmarks=ssd-mobilenet --scenarios=Offline --test_mode=PerformanceOnly --config_ver=maxq --action="run_harness" \\\n\t\t&& if [ ! -d /work/build/power_logs/2021.08.12-15.25.06/ranging_tmp ]; \\\n\t\t\tthen mkdir /work/build/power_logs/2021.08.12-15.25.06/ranging_tmp \\\n\t\t\t\t&& mv /work/build/power_logs_temp/* /work/build/power_logs/2021.08.12-15.25.06/ranging_tmp/ \\\n\t\t\t\t&& cp -v /work/build/power_logs/2021.08.12-15.25.06/ranging_tmp/*/*/*/mlperf_log_detail.txt /work/build/power_logs_temp/ \\\n\t\t\t\t&& cp -v /work/build/power_logs/2021.08.12-15.25.06/ranging_tmp/*/*/*/mlperf_log_summary.txt /work/build/power_logs_temp/; \\\n\t\t\telse mkdir /work/build/power_logs/2021.08.12-15.25.06/testing_tmp \\\n\t\t\t\t&& mv /work/build/power_logs_temp/* /work/build/power_logs/2021.08.12-15.25.06/testing_tmp/ \\\n\t\t\t\t&& cp -v /work/build/power_logs/2021.08.12-15.25.06/testing_tmp/*/*/*/mlperf_log_detail.txt /work/build/power_logs_temp/ \\\n\t\t\t\t&& cp -v /work/build/power_logs/2021.08.12-15.25.06/testing_tmp/*/*/*/mlperf_log_summary.txt /work/build/power_logs_temp/; fi'
client 2021-08-12 15:37:00,957 [INFO] Sending command to the server: 'session,2021-08-12_15-25-11,stop,ranging'
client 2021-08-12 15:37:10,994 [INFO] Got response: 'OK'
client 2021-08-12 15:37:11,003 [INFO] Copying loadgen logs from '/work/build/power_logs_temp' to '/work/build/power_logs/2021.08.12-15.25.06/2021-08-12_15-25-11/ranging'
client 2021-08-12 15:37:11,004 [INFO] Running workload in testing mode
client 2021-08-12 15:37:11,004 [INFO] Synchronizing with the server and with ntp.aliyun.com...
client 2021-08-12 15:37:12,140 [INFO] NTP:offset = 0.022 s, delay = 0.018 s 
client 2021-08-12 15:37:12,140 [INFO] Sending command to the server: 'time'
client 2021-08-12 15:37:12,143 [INFO] Got response: '1628782632.1425595'
client 2021-08-12 15:37:12,143 [INFO] The time difference between the client and the server is within range -1.840 ms..0.546 ms
client 2021-08-12 15:37:12,143 [INFO] Sending command to the server: 'session,2021-08-12_15-25-11,start,testing'
client 2021-08-12 15:37:25,325 [INFO] Got response: 'OK'
client 2021-08-12 15:37:25,325 [INFO] Running the workload 'LOG_DIR=/work/build/power_logs_temp python3 code/main.py --benchmarks=ssd-mobilenet --scenarios=Offline --test_mode=PerformanceOnly --config_ver=maxq --action="run_harness" \\\n\t\t&& if [ ! -d /work/build/power_logs/2021.08.12-15.25.06/ranging_tmp ]; \\\n\t\t\tthen mkdir /work/build/power_logs/2021.08.12-15.25.06/ranging_tmp \\\n\t\t\t\t&& mv /work/build/power_logs_temp/* /work/build/power_logs/2021.08.12-15.25.06/ranging_tmp/ \\\n\t\t\t\t&& cp -v /work/build/power_logs/2021.08.12-15.25.06/ranging_tmp/*/*/*/mlperf_log_detail.txt /work/build/power_logs_temp/ \\\n\t\t\t\t&& cp -v /work/build/power_logs/2021.08.12-15.25.06/ranging_tmp/*/*/*/mlperf_log_summary.txt /work/build/power_logs_temp/; \\\n\t\t\telse mkdir /work/build/power_logs/2021.08.12-15.25.06/testing_tmp \\\n\t\t\t\t&& mv /work/build/power_logs_temp/* /work/build/power_logs/2021.08.12-15.25.06/testing_tmp/ \\\n\t\t\t\t&& cp -v /work/build/power_logs/2021.08.12-15.25.06/testing_tmp/*/*/*/mlperf_log_detail.txt /work/build/power_logs_temp/ \\\n\t\t\t\t&& cp -v /work/build/power_logs/2021.08.12-15.25.06/testing_tmp/*/*/*/mlperf_log_summary.txt /work/build/power_logs_temp/; fi'
client 2021-08-12 15:48:42,169 [INFO] Sending command to the server: 'session,2021-08-12_15-25-11,stop,testing'
client 2021-08-12 15:48:52,196 [INFO] Got response: 'OK'
client 2021-08-12 15:48:52,198 [INFO] Copying loadgen logs from '/work/build/power_logs_temp' to '/work/build/power_logs/2021.08.12-15.25.06/2021-08-12_15-25-11/run_1'
client 2021-08-12 15:48:52,199 [INFO] Done runs
