ptd-server 2021-08-12 15:25:11,752 [INFO] Got command from the client 'stop'
ptd-server 2021-08-12 15:25:11,752 [INFO] The server will be stopped after processing this client
ptd-server 2021-08-12 15:25:11,752 [INFO] Sending reply to client 'OK'
ptd-server 2021-08-12 15:25:11,885 [INFO] Got command from the client 'time'
ptd-server 2021-08-12 15:25:11,885 [INFO] Sending reply to client '1628781911.8859687'
ptd-server 2021-08-12 15:25:11,887 [INFO] Got command from the client 'new,,fd70382c-2b2d-453d-842c-4a3b9f5fdd42'
ptd-server 2021-08-12 15:25:11,887 [INFO] Sending reply to client 'OK 2021-08-12_15-25-11,5af26b17-5572-4701-9a8f-90ed80b26ffd'
ptd-server 2021-08-12 15:25:12,112 [INFO] Got command from the client 'time'
ptd-server 2021-08-12 15:25:12,118 [INFO] Sending reply to client '1628781912.1188865'
ptd-server 2021-08-12 15:25:12,120 [INFO] Got command from the client 'session,2021-08-12_15-25-11,start,ranging'
ptd-server 2021-08-12 15:25:12,226 [INFO] Running PTDaemon: ['C:\\PTD\\ptd-windows-x86.exe', '-l', 'C:\\Users\\mlperf\\AppData\\Local\\Temp\\tmpz3md_s67\\ptd_logfile.txt', '-p', '8888', '49', 'COM4']
ptd-server 2021-08-12 15:25:31,512 [INFO] Sending to ptd: 'Hello'
ptd-server 2021-08-12 15:25:31,514 [INFO] Reply from ptd: 'Hello, PTDaemon here!'
ptd-server 2021-08-12 15:25:31,514 [INFO] Sending to ptd: 'Identify'
ptd-server 2021-08-12 15:25:31,515 [INFO] Reply from ptd: 'YokogawaWT310E,1000,1,1,1,1,0,1,1,version=1.9.2-3976349f-20201208,OS=Windows 8 / Server 2012,mode=power,1,1,1,0,0,no_cal_date,YOKOGAWA;WT310E;C3TA11005E;F1.02'
ptd-server 2021-08-12 15:25:31,515 [INFO] Connected to PTDaemon
ptd-server 2021-08-12 15:25:31,516 [INFO] Sending to ptd: 'RR'
ptd-server 2021-08-12 15:25:31,516 [INFO] Reply from ptd: 'Ranges,0,2.000000,0,300.000000'
ptd-server 2021-08-12 15:25:31,517 [INFO] Initial range for Amps is 2.000000 for Volts is 300.000000
ptd-server 2021-08-12 15:25:31,517 [INFO] Sending to ptd: 'SR,V,Auto'
ptd-server 2021-08-12 15:25:32,092 [INFO] Reply from ptd: 'Range V changed'
ptd-server 2021-08-12 15:25:32,094 [INFO] Sending to ptd: 'SR,A,20'
ptd-server 2021-08-12 15:25:33,677 [INFO] Reply from ptd: 'Range A changed'
ptd-server 2021-08-12 15:25:43,690 [INFO] Starting ranging mode
ptd-server 2021-08-12 15:25:43,696 [INFO] Sending to ptd: 'Go,1000,0,2021-08-12_15-25-11_ranging'
ptd-server 2021-08-12 15:25:43,697 [INFO] Reply from ptd: 'Starting untimed measurement, maximum 500000 samples at 1000ms with 0 rampup samples'
ptd-server 2021-08-12 15:25:43,697 [INFO] Sending reply to client 'OK'
ptd-server 2021-08-12 15:37:00,959 [INFO] Got command from the client 'session,2021-08-12_15-25-11,stop,ranging'
ptd-server 2021-08-12 15:37:10,973 [INFO] Sending to ptd: 'Stop'
ptd-server 2021-08-12 15:37:10,980 [INFO] Reply from ptd: 'Stopping untimed measurement'
ptd-server 2021-08-12 15:37:10,994 [INFO] Sending reply to client 'OK'
ptd-server 2021-08-12 15:37:12,142 [INFO] Got command from the client 'time'
ptd-server 2021-08-12 15:37:12,142 [INFO] Sending reply to client '1628782632.1425595'
ptd-server 2021-08-12 15:37:12,144 [INFO] Got command from the client 'session,2021-08-12_15-25-11,start,testing'
ptd-server 2021-08-12 15:37:12,144 [INFO] Sending to ptd: 'SR,V,225.990000'
ptd-server 2021-08-12 15:37:13,724 [INFO] Reply from ptd: 'Range V changed'
ptd-server 2021-08-12 15:37:13,728 [INFO] Sending to ptd: 'SR,A,5.044000'
ptd-server 2021-08-12 15:37:15,308 [INFO] Reply from ptd: 'Range A changed'
ptd-server 2021-08-12 15:37:25,318 [INFO] Starting testing mode
ptd-server 2021-08-12 15:37:25,324 [INFO] Sending to ptd: 'Go,1000,0,2021-08-12_15-25-11_testing'
ptd-server 2021-08-12 15:37:25,324 [INFO] Reply from ptd: 'Starting untimed measurement, maximum 500000 samples at 1000ms with 0 rampup samples'
ptd-server 2021-08-12 15:37:25,325 [INFO] Sending reply to client 'OK'
ptd-server 2021-08-12 15:48:42,177 [INFO] Got command from the client 'session,2021-08-12_15-25-11,stop,testing'
ptd-server 2021-08-12 15:48:52,192 [INFO] Sending to ptd: 'Stop'
ptd-server 2021-08-12 15:48:52,193 [INFO] Reply from ptd: 'Stopping untimed measurement'
ptd-server 2021-08-12 15:48:52,202 [INFO] Sending reply to client 'OK'
ptd-server 2021-08-12 15:48:52,209 [INFO] Got command from the client 'session,2021-08-12_15-25-11,done'
ptd-server 2021-08-12 15:48:52,210 [INFO] Sending to ptd: 'Stop'
ptd-server 2021-08-12 15:48:52,329 [INFO] Reply from ptd: 'Error: no measurement to stop'
ptd-server 2021-08-12 15:48:52,330 [INFO] Sending to ptd: 'SR,V,300.000000'
ptd-server 2021-08-12 15:48:53,914 [INFO] Reply from ptd: 'Range V changed'
ptd-server 2021-08-12 15:48:53,920 [INFO] Sending to ptd: 'SR,A,2.000000'
ptd-server 2021-08-12 15:48:55,504 [INFO] Reply from ptd: 'Range A changed'
ptd-server 2021-08-12 15:48:55,506 [INFO] Set initial values for Amps 2.000000 and Volts 300.000000
ptd-server 2021-08-12 15:48:55,506 [INFO] Stopping ptd...
