ptd-server 2021-08-05 01:53:12,158 [INFO] Got command from the client 'stop'
ptd-server 2021-08-05 01:53:12,158 [INFO] The server will be stopped after processing this client
ptd-server 2021-08-05 01:53:12,158 [INFO] Sending reply to client 'OK'
ptd-server 2021-08-05 01:53:12,361 [INFO] Got command from the client 'time'
ptd-server 2021-08-05 01:53:12,361 [INFO] Sending reply to client '1628153592.3618476'
ptd-server 2021-08-05 01:53:12,361 [INFO] Got command from the client 'new,,e1750e1b-f885-4661-b5c2-62f3885ed034'
ptd-server 2021-08-05 01:53:12,361 [INFO] Sending reply to client 'OK 2021-08-05_01-53-12,8c9822e5-61d1-4001-87e7-75c73334f1b5'
ptd-server 2021-08-05 01:53:12,564 [INFO] Got command from the client 'time'
ptd-server 2021-08-05 01:53:12,564 [INFO] Sending reply to client '1628153592.5648117'
ptd-server 2021-08-05 01:53:12,564 [INFO] Got command from the client 'session,2021-08-05_01-53-12,start,ranging'
ptd-server 2021-08-05 01:53:12,689 [INFO] Running PTDaemon: ['C:\\PTD\\ptd-windows-x86.exe', '-l', 'C:\\Users\\lab\\AppData\\Local\\Temp\\tmpjup3it_4\\ptd_logfile.txt', '-p', '8888', '-c', '1', '-y', '52', '172.18.220.100']
ptd-server 2021-08-05 01:53:30,349 [INFO] Sending to ptd: 'Hello'
ptd-server 2021-08-05 01:53:30,349 [INFO] Reply from ptd: 'Hello, PTDaemon here!'
ptd-server 2021-08-05 01:53:30,349 [INFO] Sending to ptd: 'Identify'
ptd-server 2021-08-05 01:53:30,349 [INFO] Reply from ptd: 'YokogawaWT330E,1000,1,1,1,1,0,0,1,version=1.9.2-3976349f-20201208,OS=Windows 8 / Server 2012,mode=power,1,1,1,0,0,no_cal_date,YOKOGAWA;WT333E;C2WC23035V;F1.04'
ptd-server 2021-08-05 01:53:30,349 [INFO] Connected to PTDaemon
ptd-server 2021-08-05 01:53:30,349 [INFO] Sending to ptd: 'RR'
ptd-server 2021-08-05 01:53:30,349 [INFO] Reply from ptd: 'Ranges,1,5.000000,1,300.000000'
ptd-server 2021-08-05 01:53:30,349 [INFO] Initial range for Amps is Auto for Volts is Auto
ptd-server 2021-08-05 01:53:30,349 [INFO] Sending to ptd: 'SR,V,Auto'
ptd-server 2021-08-05 01:53:30,865 [INFO] Reply from ptd: 'Range V changed'
ptd-server 2021-08-05 01:53:30,865 [INFO] Sending to ptd: 'SR,A,20'
ptd-server 2021-08-05 01:53:32,396 [INFO] Reply from ptd: 'Range A changed'
ptd-server 2021-08-05 01:53:42,406 [INFO] Starting ranging mode
ptd-server 2021-08-05 01:53:42,406 [INFO] Sending to ptd: 'Go,1000,0,2021-08-05_01-53-12_ranging'
ptd-server 2021-08-05 01:53:42,406 [INFO] Reply from ptd: 'Starting untimed measurement, maximum 500000 samples at 1000ms with 0 rampup samples'
ptd-server 2021-08-05 01:53:42,406 [INFO] Sending reply to client 'OK'
ptd-server 2021-08-05 02:06:49,404 [INFO] Got command from the client 'session,2021-08-05_01-53-12,stop,ranging'
ptd-server 2021-08-05 02:06:59,423 [INFO] Sending to ptd: 'Stop'
ptd-server 2021-08-05 02:06:59,423 [INFO] Reply from ptd: 'Stopping untimed measurement'
ptd-server 2021-08-05 02:06:59,439 [INFO] Sending reply to client 'OK'
ptd-server 2021-08-05 02:06:59,673 [INFO] Got command from the client 'time'
ptd-server 2021-08-05 02:06:59,673 [INFO] Sending reply to client '1628154419.673659'
ptd-server 2021-08-05 02:06:59,673 [INFO] Got command from the client 'session,2021-08-05_01-53-12,start,testing'
ptd-server 2021-08-05 02:06:59,673 [INFO] Sending to ptd: 'SR,V,206.520000'
ptd-server 2021-08-05 02:07:01,937 [INFO] Reply from ptd: 'Range V changed'
ptd-server 2021-08-05 02:07:01,937 [INFO] Sending to ptd: 'SR,A,6.136000'
ptd-server 2021-08-05 02:07:03,468 [INFO] Reply from ptd: 'Range A changed'
ptd-server 2021-08-05 02:07:13,482 [INFO] Starting testing mode
ptd-server 2021-08-05 02:07:13,482 [INFO] Sending to ptd: 'Go,1000,0,2021-08-05_01-53-12_testing'
ptd-server 2021-08-05 02:07:13,482 [INFO] Reply from ptd: 'Starting untimed measurement, maximum 500000 samples at 1000ms with 0 rampup samples'
ptd-server 2021-08-05 02:07:13,482 [INFO] Sending reply to client 'OK'
ptd-server 2021-08-05 02:20:24,502 [INFO] Got command from the client 'session,2021-08-05_01-53-12,stop,testing'
ptd-server 2021-08-05 02:20:34,508 [INFO] Sending to ptd: 'Stop'
ptd-server 2021-08-05 02:20:34,508 [INFO] Reply from ptd: 'Stopping untimed measurement'
ptd-server 2021-08-05 02:20:34,523 [INFO] Sending reply to client 'OK'
ptd-server 2021-08-05 02:20:34,570 [INFO] Got command from the client 'session,2021-08-05_01-53-12,done'
ptd-server 2021-08-05 02:20:34,570 [INFO] Sending to ptd: 'Stop'
ptd-server 2021-08-05 02:20:35,492 [INFO] Reply from ptd: 'Error: no measurement to stop'
ptd-server 2021-08-05 02:20:35,492 [INFO] Sending to ptd: 'SR,V,Auto'
ptd-server 2021-08-05 02:20:36,008 [INFO] Reply from ptd: 'Range V changed'
ptd-server 2021-08-05 02:20:36,008 [INFO] Sending to ptd: 'SR,A,Auto'
ptd-server 2021-08-05 02:20:36,524 [INFO] Reply from ptd: 'Range A changed'
ptd-server 2021-08-05 02:20:36,524 [INFO] Set initial values for Amps Auto and Volts Auto
ptd-server 2021-08-05 02:20:36,524 [INFO] Stopping ptd...
