ptd-server 2021-08-09 04:18:54,547 [INFO] Got command from the client 'time'
ptd-server 2021-08-09 04:18:54,547 [INFO] Sending reply to client '1628479134.547602'
ptd-server 2021-08-09 04:18:54,550 [INFO] Got command from the client 'new,,8709921a-dfc7-48d0-b058-47a018b1bc56'
ptd-server 2021-08-09 04:18:54,550 [INFO] Sending reply to client 'OK 2021-08-09_04-18-54,6a014544-9a8c-4748-8690-ea2b2e9641df'
ptd-server 2021-08-09 04:18:54,593 [INFO] Got command from the client 'time'
ptd-server 2021-08-09 04:18:54,594 [INFO] Sending reply to client '1628479134.5940683'
ptd-server 2021-08-09 04:18:54,596 [INFO] Got command from the client 'session,2021-08-09_04-18-54,start,ranging'
ptd-server 2021-08-09 04:18:54,596 [INFO] Running PTDaemon: ['/home/anton/projects/mlperf/power/inference_v1.0/ptd-linux-x86', '-l', '/tmp/tmpr3iqmcco/ptd_logfile.txt', '-p', '8888', '49', '/dev/usbtmc0']
ptd-server 2021-08-09 04:19:11,770 [INFO] Sending to ptd: 'Hello'
ptd-server 2021-08-09 04:19:11,770 [INFO] Reply from ptd: 'Hello, PTDaemon here!'
ptd-server 2021-08-09 04:19:11,770 [INFO] Sending to ptd: 'Identify'
ptd-server 2021-08-09 04:19:11,771 [INFO] Reply from ptd: 'YokogawaWT310E,1000,1,1,1,1,0,1,1,version=1.9.2-e8c7a49a-20201208,OS=Linux 5.8.0-63-generic #71~20.04.1-Ubuntu SMP Thu Jul 15 17:46:08 UTC 2021 x86_64,mode=power,1,1,1,0,0,no_cal_date,YOKOGAWA;WT310E;C3XA04010E;F1.04'
ptd-server 2021-08-09 04:19:11,771 [INFO] Connected to PTDaemon
ptd-server 2021-08-09 04:19:11,771 [INFO] Sending to ptd: 'RR'
ptd-server 2021-08-09 04:19:11,771 [INFO] Reply from ptd: 'Ranges,0,0.500000,0,300.000000'
ptd-server 2021-08-09 04:19:11,772 [INFO] Initial range for Amps is 0.500000 for Volts is 300.000000
ptd-server 2021-08-09 04:19:11,772 [INFO] Sending to ptd: 'SR,V,Auto'
ptd-server 2021-08-09 04:19:12,274 [INFO] Reply from ptd: 'Range V changed'
ptd-server 2021-08-09 04:19:12,274 [INFO] Sending to ptd: 'SR,A,Auto'
ptd-server 2021-08-09 04:19:12,777 [INFO] Reply from ptd: 'Range A changed'
ptd-server 2021-08-09 04:19:22,787 [INFO] Starting ranging mode
ptd-server 2021-08-09 04:19:22,787 [INFO] Sending to ptd: 'Go,1000,0,2021-08-09_04-18-54_ranging'
ptd-server 2021-08-09 04:19:22,788 [INFO] Reply from ptd: 'Starting untimed measurement, maximum 500000 samples at 1000ms with 0 rampup samples'
ptd-server 2021-08-09 04:19:22,788 [INFO] Sending reply to client 'OK'
ptd-server 2021-08-09 04:29:42,344 [INFO] Got command from the client 'session,2021-08-09_04-18-54,stop,ranging'
ptd-server 2021-08-09 04:29:52,352 [INFO] Sending to ptd: 'Stop'
ptd-server 2021-08-09 04:29:52,352 [INFO] Reply from ptd: 'Stopping untimed measurement'
ptd-server 2021-08-09 04:29:52,575 [INFO] Sending reply to client 'OK'
ptd-server 2021-08-09 04:29:52,644 [INFO] Got command from the client 'time'
ptd-server 2021-08-09 04:29:52,644 [INFO] Sending reply to client '1628479792.6443536'
ptd-server 2021-08-09 04:29:52,646 [INFO] Got command from the client 'session,2021-08-09_04-18-54,start,testing'
ptd-server 2021-08-09 04:29:52,646 [INFO] Sending to ptd: 'SR,V,251.350000'
ptd-server 2021-08-09 04:29:54,289 [INFO] Reply from ptd: 'Range V changed'
ptd-server 2021-08-09 04:29:54,290 [INFO] Sending to ptd: 'SR,A,0.173470'
ptd-server 2021-08-09 04:29:55,791 [INFO] Reply from ptd: 'Range A changed'
ptd-server 2021-08-09 04:30:05,801 [INFO] Starting testing mode
ptd-server 2021-08-09 04:30:05,801 [INFO] Sending to ptd: 'Go,1000,0,2021-08-09_04-18-54_testing'
ptd-server 2021-08-09 04:30:05,802 [INFO] Reply from ptd: 'Starting untimed measurement, maximum 500000 samples at 1000ms with 0 rampup samples'
ptd-server 2021-08-09 04:30:05,802 [INFO] Sending reply to client 'OK'
ptd-server 2021-08-09 04:40:25,085 [INFO] Got command from the client 'session,2021-08-09_04-18-54,stop,testing'
ptd-server 2021-08-09 04:40:35,096 [INFO] Sending to ptd: 'Stop'
ptd-server 2021-08-09 04:40:35,096 [INFO] Reply from ptd: 'Stopping untimed measurement'
ptd-server 2021-08-09 04:40:35,212 [INFO] Sending reply to client 'OK'
ptd-server 2021-08-09 04:40:35,222 [INFO] Got command from the client 'session,2021-08-09_04-18-54,done'
ptd-server 2021-08-09 04:40:35,222 [INFO] Sending to ptd: 'Stop'
ptd-server 2021-08-09 04:40:35,802 [INFO] Reply from ptd: 'Error: no measurement to stop'
ptd-server 2021-08-09 04:40:35,803 [INFO] Sending to ptd: 'SR,V,300.000000'
ptd-server 2021-08-09 04:40:37,304 [INFO] Reply from ptd: 'Range V changed'
ptd-server 2021-08-09 04:40:37,304 [INFO] Sending to ptd: 'SR,A,0.500000'
ptd-server 2021-08-09 04:40:38,805 [INFO] Reply from ptd: 'Range A changed'
ptd-server 2021-08-09 04:40:38,806 [INFO] Set initial values for Amps 0.500000 and Volts 300.000000
ptd-server 2021-08-09 04:40:38,806 [INFO] Stopping ptd...
