client 2021-08-12 16:14:49,393 [INFO] Sending command to the server: 'mlcommons/power client v3'
client 2021-08-12 16:14:49,394 [INFO] Got response: 'mlcommons/power server v3'
client 2021-08-12 16:14:49,394 [INFO] Sending command to the server: 'stop'
client 2021-08-12 16:14:49,395 [INFO] Got response: 'OK'
client 2021-08-12 16:14:49,395 [INFO] Synchronizing with the server and with ntp.aliyun.com...
client 2021-08-12 16:14:49,553 [INFO] NTP:offset = 0.025 s, delay = 0.028 s 
client 2021-08-12 16:14:49,553 [INFO] Sending command to the server: 'time'
client 2021-08-12 16:14:49,555 [INFO] Got response: '1628784889.5600379'
client 2021-08-12 16:14:49,555 [INFO] The time difference between the client and the server is within range -6.070 ms..-4.133 ms
client 2021-08-12 16:14:49,556 [INFO] Sending command to the server: 'new,,c6d32ee6-f93b-4db5-a629-e34b336a8503'
client 2021-08-12 16:14:49,558 [INFO] Got response: 'OK 2021-08-12_16-14-49,63d4aa17-d705-4181-afdd-4b7e594a812a'
client 2021-08-12 16:14:49,558 [INFO] Session id is '2021-08-12_16-14-49'
client 2021-08-12 16:14:49,558 [INFO] Sources: {"sources": {"__init__.py": "da39a3ee5e6b4b0d3255bfef95601890afd80709", "client.py": "33ca4f26368777ac06e01f9567b714a4b8063886", "lib/__init__.py": "da39a3ee5e6b4b0d3255bfef95601890afd80709", "lib/client.py": "4c2b78fb4849a7e5b584ef792d82aaed20b17f57", "lib/common.py": "624d0c0acc7c39aaff3674f0b99d6a09da53d1dc", "lib/external/__init__.py": "da39a3ee5e6b4b0d3255bfef95601890afd80709", "lib/external/ntplib.py": "4da8f970656505a40483206ef2b5d3dd5e81711d", "lib/server.py": "24ae49fb193809cf47f2c18b1c9c7c866244be4d", "lib/source_hashes.py": "60a2e02193209e8d392803326208d5466342da18", "lib/summary.py": "aa92f0a3f975eecd44d3c0cd0236342ccc9f941d", "lib/time_sync.py": "3210db56eb0ff0df57bf4293dc4d4b03fffd46f1", "server.py": "c3f90f2f7eeb4db30727556d0c815ebc89b3d28b", "tests/unit/__init__.py": "da39a3ee5e6b4b0d3255bfef95601890afd80709", "tests/unit/test_server.py": "99ae15aef722f2000ee6ed1ae1523637bf1ae42b", "tests/unit/test_source_hashes.py": "00468a2907583c593e6574a1f6b404e4651c221a"}, "modules": {"ptd_client_server.lib.client": "lib/client.py", "ptd_client_server.lib.common": "lib/common.py", "ptd_client_server.lib.external.ntplib": "lib/external/ntplib.py", "ptd_client_server.lib.source_hashes": "lib/source_hashes.py", "ptd_client_server.lib.summary": "lib/summary.py", "ptd_client_server.lib.time_sync": "lib/time_sync.py"}}
client 2021-08-12 16:14:49,558 [INFO] Running workload in ranging mode
client 2021-08-12 16:14:49,558 [INFO] Synchronizing with the server and with ntp.aliyun.com...
client 2021-08-12 16:14:49,785 [INFO] NTP:offset = 0.022 s, delay = 0.026 s 
client 2021-08-12 16:14:49,785 [INFO] Sending command to the server: 'time'
client 2021-08-12 16:14:49,792 [INFO] Got response: '1628784889.7966182'
client 2021-08-12 16:14:49,792 [INFO] The time difference between the client and the server is within range -10.925 ms..-4.135 ms
client 2021-08-12 16:14:49,792 [INFO] Sending command to the server: 'session,2021-08-12_16-14-49,start,ranging'
client 2021-08-12 16:15:21,385 [INFO] Got response: 'OK'
client 2021-08-12 16:15:21,385 [INFO] Running the workload 'LOG_DIR=/work/build/power_logs_temp python3 code/main.py --benchmarks=ssd-resnet34 --scenarios=SingleStream --test_mode=PerformanceOnly --config_ver=maxq --action="run_harness" \\\n\t\t&& if [ ! -d /work/build/power_logs/2021.08.12-16.14.44/ranging_tmp ]; \\\n\t\t\tthen mkdir /work/build/power_logs/2021.08.12-16.14.44/ranging_tmp \\\n\t\t\t\t&& mv /work/build/power_logs_temp/* /work/build/power_logs/2021.08.12-16.14.44/ranging_tmp/ \\\n\t\t\t\t&& cp -v /work/build/power_logs/2021.08.12-16.14.44/ranging_tmp/*/*/*/mlperf_log_detail.txt /work/build/power_logs_temp/ \\\n\t\t\t\t&& cp -v /work/build/power_logs/2021.08.12-16.14.44/ranging_tmp/*/*/*/mlperf_log_summary.txt /work/build/power_logs_temp/; \\\n\t\t\telse mkdir /work/build/power_logs/2021.08.12-16.14.44/testing_tmp \\\n\t\t\t\t&& mv /work/build/power_logs_temp/* /work/build/power_logs/2021.08.12-16.14.44/testing_tmp/ \\\n\t\t\t\t&& cp -v /work/build/power_logs/2021.08.12-16.14.44/testing_tmp/*/*/*/mlperf_log_detail.txt /work/build/power_logs_temp/ \\\n\t\t\t\t&& cp -v /work/build/power_logs/2021.08.12-16.14.44/testing_tmp/*/*/*/mlperf_log_summary.txt /work/build/power_logs_temp/; fi'
client 2021-08-12 16:25:32,943 [INFO] Sending command to the server: 'session,2021-08-12_16-14-49,stop,ranging'
client 2021-08-12 16:25:42,969 [INFO] Got response: 'OK'
client 2021-08-12 16:25:42,978 [INFO] Copying loadgen logs from '/work/build/power_logs_temp' to '/work/build/power_logs/2021.08.12-16.14.44/2021-08-12_16-14-49/ranging'
client 2021-08-12 16:25:42,979 [INFO] Running workload in testing mode
client 2021-08-12 16:25:42,979 [INFO] Synchronizing with the server and with ntp.aliyun.com...
client 2021-08-12 16:25:43,119 [INFO] NTP:offset = 0.022 s, delay = 0.025 s 
client 2021-08-12 16:25:43,120 [INFO] Sending command to the server: 'time'
client 2021-08-12 16:25:43,122 [INFO] Got response: '1628785543.1223848'
client 2021-08-12 16:25:43,122 [INFO] The time difference between the client and the server is within range -2.330 ms..-0.202 ms
client 2021-08-12 16:25:43,122 [INFO] Sending command to the server: 'session,2021-08-12_16-14-49,start,testing'
client 2021-08-12 16:25:56,587 [INFO] Got response: 'OK'
client 2021-08-12 16:25:56,587 [INFO] Running the workload 'LOG_DIR=/work/build/power_logs_temp python3 code/main.py --benchmarks=ssd-resnet34 --scenarios=SingleStream --test_mode=PerformanceOnly --config_ver=maxq --action="run_harness" \\\n\t\t&& if [ ! -d /work/build/power_logs/2021.08.12-16.14.44/ranging_tmp ]; \\\n\t\t\tthen mkdir /work/build/power_logs/2021.08.12-16.14.44/ranging_tmp \\\n\t\t\t\t&& mv /work/build/power_logs_temp/* /work/build/power_logs/2021.08.12-16.14.44/ranging_tmp/ \\\n\t\t\t\t&& cp -v /work/build/power_logs/2021.08.12-16.14.44/ranging_tmp/*/*/*/mlperf_log_detail.txt /work/build/power_logs_temp/ \\\n\t\t\t\t&& cp -v /work/build/power_logs/2021.08.12-16.14.44/ranging_tmp/*/*/*/mlperf_log_summary.txt /work/build/power_logs_temp/; \\\n\t\t\telse mkdir /work/build/power_logs/2021.08.12-16.14.44/testing_tmp \\\n\t\t\t\t&& mv /work/build/power_logs_temp/* /work/build/power_logs/2021.08.12-16.14.44/testing_tmp/ \\\n\t\t\t\t&& cp -v /work/build/power_logs/2021.08.12-16.14.44/testing_tmp/*/*/*/mlperf_log_detail.txt /work/build/power_logs_temp/ \\\n\t\t\t\t&& cp -v /work/build/power_logs/2021.08.12-16.14.44/testing_tmp/*/*/*/mlperf_log_summary.txt /work/build/power_logs_temp/; fi'
client 2021-08-12 16:36:08,132 [INFO] Sending command to the server: 'session,2021-08-12_16-14-49,stop,testing'
client 2021-08-12 16:36:18,158 [INFO] Got response: 'OK'
client 2021-08-12 16:36:18,160 [INFO] Copying loadgen logs from '/work/build/power_logs_temp' to '/work/build/power_logs/2021.08.12-16.14.44/2021-08-12_16-14-49/run_1'
client 2021-08-12 16:36:18,161 [INFO] Done runs
