ptd-server 2021-08-12 16:14:49,399 [INFO] Got command from the client 'stop'
ptd-server 2021-08-12 16:14:49,399 [INFO] The server will be stopped after processing this client
ptd-server 2021-08-12 16:14:49,399 [INFO] Sending reply to client 'OK'
ptd-server 2021-08-12 16:14:49,559 [INFO] Got command from the client 'time'
ptd-server 2021-08-12 16:14:49,560 [INFO] Sending reply to client '1628784889.5600379'
ptd-server 2021-08-12 16:14:49,561 [INFO] Got command from the client 'new,,c6d32ee6-f93b-4db5-a629-e34b336a8503'
ptd-server 2021-08-12 16:14:49,562 [INFO] Sending reply to client 'OK 2021-08-12_16-14-49,63d4aa17-d705-4181-afdd-4b7e594a812a'
ptd-server 2021-08-12 16:14:49,791 [INFO] Got command from the client 'time'
ptd-server 2021-08-12 16:14:49,796 [INFO] Sending reply to client '1628784889.7966182'
ptd-server 2021-08-12 16:14:49,797 [INFO] Got command from the client 'session,2021-08-12_16-14-49,start,ranging'
ptd-server 2021-08-12 16:14:49,901 [INFO] Running PTDaemon: ['C:\\PTD\\ptd-windows-x86.exe', '-l', 'C:\\Users\\mlperf\\AppData\\Local\\Temp\\tmp1e4xfb9w\\ptd_logfile.txt', '-p', '8888', '49', 'COM4']
ptd-server 2021-08-12 16:15:09,201 [INFO] Sending to ptd: 'Hello'
ptd-server 2021-08-12 16:15:09,207 [INFO] Reply from ptd: 'Hello, PTDaemon here!'
ptd-server 2021-08-12 16:15:09,207 [INFO] Sending to ptd: 'Identify'
ptd-server 2021-08-12 16:15:09,208 [INFO] Reply from ptd: 'YokogawaWT310E,1000,1,1,1,1,0,1,1,version=1.9.2-3976349f-20201208,OS=Windows 8 / Server 2012,mode=power,1,1,1,0,0,no_cal_date,YOKOGAWA;WT310E;C3TA11005E;F1.02'
ptd-server 2021-08-12 16:15:09,209 [INFO] Connected to PTDaemon
ptd-server 2021-08-12 16:15:09,209 [INFO] Sending to ptd: 'RR'
ptd-server 2021-08-12 16:15:09,210 [INFO] Reply from ptd: 'Ranges,0,2.000000,0,300.000000'
ptd-server 2021-08-12 16:15:09,210 [INFO] Initial range for Amps is 2.000000 for Volts is 300.000000
ptd-server 2021-08-12 16:15:09,210 [INFO] Sending to ptd: 'SR,V,Auto'
ptd-server 2021-08-12 16:15:09,781 [INFO] Reply from ptd: 'Range V changed'
ptd-server 2021-08-12 16:15:09,783 [INFO] Sending to ptd: 'SR,A,20'
ptd-server 2021-08-12 16:15:11,370 [INFO] Reply from ptd: 'Range A changed'
ptd-server 2021-08-12 16:15:21,382 [INFO] Starting ranging mode
ptd-server 2021-08-12 16:15:21,387 [INFO] Sending to ptd: 'Go,1000,0,2021-08-12_16-14-49_ranging'
ptd-server 2021-08-12 16:15:21,388 [INFO] Reply from ptd: 'Starting untimed measurement, maximum 500000 samples at 1000ms with 0 rampup samples'
ptd-server 2021-08-12 16:15:21,388 [INFO] Sending reply to client 'OK'
ptd-server 2021-08-12 16:25:32,945 [INFO] Got command from the client 'session,2021-08-12_16-14-49,stop,ranging'
ptd-server 2021-08-12 16:25:42,954 [INFO] Sending to ptd: 'Stop'
ptd-server 2021-08-12 16:25:42,955 [INFO] Reply from ptd: 'Stopping untimed measurement'
ptd-server 2021-08-12 16:25:42,969 [INFO] Sending reply to client 'OK'
ptd-server 2021-08-12 16:25:43,121 [INFO] Got command from the client 'time'
ptd-server 2021-08-12 16:25:43,122 [INFO] Sending reply to client '1628785543.1223848'
ptd-server 2021-08-12 16:25:43,123 [INFO] Got command from the client 'session,2021-08-12_16-14-49,start,testing'
ptd-server 2021-08-12 16:25:43,124 [INFO] Sending to ptd: 'SR,V,226.080000'
ptd-server 2021-08-12 16:25:44,983 [INFO] Reply from ptd: 'Range V changed'
ptd-server 2021-08-12 16:25:44,985 [INFO] Sending to ptd: 'SR,A,4.375000'
ptd-server 2021-08-12 16:25:46,565 [INFO] Reply from ptd: 'Range A changed'
ptd-server 2021-08-12 16:25:56,580 [INFO] Starting testing mode
ptd-server 2021-08-12 16:25:56,586 [INFO] Sending to ptd: 'Go,1000,0,2021-08-12_16-14-49_testing'
ptd-server 2021-08-12 16:25:56,586 [INFO] Reply from ptd: 'Starting untimed measurement, maximum 500000 samples at 1000ms with 0 rampup samples'
ptd-server 2021-08-12 16:25:56,587 [INFO] Sending reply to client 'OK'
ptd-server 2021-08-12 16:36:08,132 [INFO] Got command from the client 'session,2021-08-12_16-14-49,stop,testing'
ptd-server 2021-08-12 16:36:18,145 [INFO] Sending to ptd: 'Stop'
ptd-server 2021-08-12 16:36:18,147 [INFO] Reply from ptd: 'Stopping untimed measurement'
ptd-server 2021-08-12 16:36:18,156 [INFO] Sending reply to client 'OK'
ptd-server 2021-08-12 16:36:18,163 [INFO] Got command from the client 'session,2021-08-12_16-14-49,done'
ptd-server 2021-08-12 16:36:18,163 [INFO] Sending to ptd: 'Stop'
ptd-server 2021-08-12 16:36:18,601 [INFO] Reply from ptd: 'Error: no measurement to stop'
ptd-server 2021-08-12 16:36:18,603 [INFO] Sending to ptd: 'SR,V,300.000000'
ptd-server 2021-08-12 16:36:20,184 [INFO] Reply from ptd: 'Range V changed'
ptd-server 2021-08-12 16:36:20,185 [INFO] Sending to ptd: 'SR,A,2.000000'
ptd-server 2021-08-12 16:36:21,769 [INFO] Reply from ptd: 'Range A changed'
ptd-server 2021-08-12 16:36:21,771 [INFO] Set initial values for Amps 2.000000 and Volts 300.000000
ptd-server 2021-08-12 16:36:21,772 [INFO] Stopping ptd...
