ptd-server 2021-08-09 05:24:27,518 [INFO] Got command from the client 'time'
ptd-server 2021-08-09 05:24:27,518 [INFO] Sending reply to client '1628483067.518242'
ptd-server 2021-08-09 05:24:27,519 [INFO] Got command from the client 'new,,45d4f565-554b-4d97-9feb-23643ba9bf83'
ptd-server 2021-08-09 05:24:27,519 [INFO] Sending reply to client 'OK 2021-08-09_05-24-27,3c48d769-878f-4108-9214-19da1393d2c8'
ptd-server 2021-08-09 05:24:27,559 [INFO] Got command from the client 'time'
ptd-server 2021-08-09 05:24:27,559 [INFO] Sending reply to client '1628483067.5594757'
ptd-server 2021-08-09 05:24:27,561 [INFO] Got command from the client 'session,2021-08-09_05-24-27,start,ranging'
ptd-server 2021-08-09 05:24:27,562 [INFO] Running PTDaemon: ['/home/anton/projects/mlperf/power/inference_v1.0/ptd-linux-x86', '-l', '/tmp/tmpr3iqmcco/ptd_logfile.txt', '-p', '8888', '49', '/dev/usbtmc0']
ptd-server 2021-08-09 05:24:44,733 [INFO] Sending to ptd: 'Hello'
ptd-server 2021-08-09 05:24:44,734 [INFO] Reply from ptd: 'Hello, PTDaemon here!'
ptd-server 2021-08-09 05:24:44,734 [INFO] Sending to ptd: 'Identify'
ptd-server 2021-08-09 05:24:44,735 [INFO] Reply from ptd: 'YokogawaWT310E,1000,1,1,1,1,0,1,1,version=1.9.2-e8c7a49a-20201208,OS=Linux 5.8.0-63-generic #71~20.04.1-Ubuntu SMP Thu Jul 15 17:46:08 UTC 2021 x86_64,mode=power,1,1,1,0,0,no_cal_date,YOKOGAWA;WT310E;C3XA04010E;F1.04'
ptd-server 2021-08-09 05:24:44,735 [INFO] Connected to PTDaemon
ptd-server 2021-08-09 05:24:44,735 [INFO] Sending to ptd: 'RR'
ptd-server 2021-08-09 05:24:44,735 [INFO] Reply from ptd: 'Ranges,0,0.500000,0,300.000000'
ptd-server 2021-08-09 05:24:44,735 [INFO] Initial range for Amps is 0.500000 for Volts is 300.000000
ptd-server 2021-08-09 05:24:44,735 [INFO] Sending to ptd: 'SR,V,Auto'
ptd-server 2021-08-09 05:24:45,238 [INFO] Reply from ptd: 'Range V changed'
ptd-server 2021-08-09 05:24:45,238 [INFO] Sending to ptd: 'SR,A,Auto'
ptd-server 2021-08-09 05:24:45,740 [INFO] Reply from ptd: 'Range A changed'
ptd-server 2021-08-09 05:24:55,751 [INFO] Starting ranging mode
ptd-server 2021-08-09 05:24:55,751 [INFO] Sending to ptd: 'Go,1000,0,2021-08-09_05-24-27_ranging'
ptd-server 2021-08-09 05:24:55,751 [INFO] Reply from ptd: 'Starting untimed measurement, maximum 500000 samples at 1000ms with 0 rampup samples'
ptd-server 2021-08-09 05:24:55,751 [INFO] Sending reply to client 'OK'
ptd-server 2021-08-09 05:35:15,617 [INFO] Got command from the client 'session,2021-08-09_05-24-27,stop,ranging'
ptd-server 2021-08-09 05:35:25,627 [INFO] Sending to ptd: 'Stop'
ptd-server 2021-08-09 05:35:25,628 [INFO] Reply from ptd: 'Stopping untimed measurement'
ptd-server 2021-08-09 05:35:25,849 [INFO] Sending reply to client 'OK'
ptd-server 2021-08-09 05:35:25,907 [INFO] Got command from the client 'time'
ptd-server 2021-08-09 05:35:25,907 [INFO] Sending reply to client '1628483725.9077706'
ptd-server 2021-08-09 05:35:25,910 [INFO] Got command from the client 'session,2021-08-09_05-24-27,start,testing'
ptd-server 2021-08-09 05:35:25,910 [INFO] Sending to ptd: 'SR,V,251.280000'
ptd-server 2021-08-09 05:35:27,411 [INFO] Reply from ptd: 'Range V changed'
ptd-server 2021-08-09 05:35:27,411 [INFO] Sending to ptd: 'SR,A,0.207500'
ptd-server 2021-08-09 05:35:28,913 [INFO] Reply from ptd: 'Range A changed'
ptd-server 2021-08-09 05:35:38,923 [INFO] Starting testing mode
ptd-server 2021-08-09 05:35:38,923 [INFO] Sending to ptd: 'Go,1000,0,2021-08-09_05-24-27_testing'
ptd-server 2021-08-09 05:35:38,923 [INFO] Reply from ptd: 'Starting untimed measurement, maximum 500000 samples at 1000ms with 0 rampup samples'
ptd-server 2021-08-09 05:35:38,924 [INFO] Sending reply to client 'OK'
ptd-server 2021-08-09 05:45:58,532 [INFO] Got command from the client 'session,2021-08-09_05-24-27,stop,testing'
ptd-server 2021-08-09 05:46:08,536 [INFO] Sending to ptd: 'Stop'
ptd-server 2021-08-09 05:46:08,536 [INFO] Reply from ptd: 'Stopping untimed measurement'
ptd-server 2021-08-09 05:46:08,664 [INFO] Sending reply to client 'OK'
ptd-server 2021-08-09 05:46:08,681 [INFO] Got command from the client 'session,2021-08-09_05-24-27,done'
ptd-server 2021-08-09 05:46:08,682 [INFO] Sending to ptd: 'Stop'
ptd-server 2021-08-09 05:46:08,925 [INFO] Reply from ptd: 'Error: no measurement to stop'
ptd-server 2021-08-09 05:46:08,925 [INFO] Sending to ptd: 'SR,V,300.000000'
ptd-server 2021-08-09 05:46:10,426 [INFO] Reply from ptd: 'Range V changed'
ptd-server 2021-08-09 05:46:10,427 [INFO] Sending to ptd: 'SR,A,0.500000'
ptd-server 2021-08-09 05:46:11,928 [INFO] Reply from ptd: 'Range A changed'
ptd-server 2021-08-09 05:46:11,928 [INFO] Set initial values for Amps 0.500000 and Volts 300.000000
ptd-server 2021-08-09 05:46:11,928 [INFO] Stopping ptd...
