ptd-server 2021-08-04 22:52:46,915 [INFO] Got command from the client 'stop'
ptd-server 2021-08-04 22:52:46,915 [INFO] The server will be stopped after processing this client
ptd-server 2021-08-04 22:52:46,915 [INFO] Sending reply to client 'OK'
ptd-server 2021-08-04 22:52:47,118 [INFO] Got command from the client 'time'
ptd-server 2021-08-04 22:52:47,118 [INFO] Sending reply to client '1628142767.1181433'
ptd-server 2021-08-04 22:52:47,118 [INFO] Got command from the client 'new,,2516948c-38e6-4448-b37e-7f02293b65b3'
ptd-server 2021-08-04 22:52:47,118 [INFO] Sending reply to client 'OK 2021-08-04_22-52-47,8e5ff46f-73e0-4f08-bbc1-dcedaf39d4df'
ptd-server 2021-08-04 22:52:47,336 [INFO] Got command from the client 'time'
ptd-server 2021-08-04 22:52:47,336 [INFO] Sending reply to client '1628142767.3368561'
ptd-server 2021-08-04 22:52:47,336 [INFO] Got command from the client 'session,2021-08-04_22-52-47,start,ranging'
ptd-server 2021-08-04 22:52:47,446 [INFO] Running PTDaemon: ['C:\\PTD\\ptd-windows-x86.exe', '-l', 'C:\\Users\\lab\\AppData\\Local\\Temp\\tmp3iqt8st3\\ptd_logfile.txt', '-p', '8888', '-c', '1,3', '-y', '77', '10.117.41.199']
ptd-server 2021-08-04 22:53:08,664 [INFO] Sending to ptd: 'Hello'
ptd-server 2021-08-04 22:53:08,664 [INFO] Reply from ptd: 'Hello, PTDaemon here!'
ptd-server 2021-08-04 22:53:08,664 [INFO] Sending to ptd: 'Identify'
ptd-server 2021-08-04 22:53:08,664 [INFO] Reply from ptd: 'YokogawaWT330_multichannel,1000,1,1,1,1,0,0,1,version=1.9.2-3976349f-20201208,OS=Windows 8 / Server 2012,mode=power,1,1,2,0,0,no_cal_date,YOKOGAWA;WT333E;C2WL21011V;F1.04'
ptd-server 2021-08-04 22:53:08,664 [INFO] Connected to PTDaemon
ptd-server 2021-08-04 22:53:08,664 [INFO] Sending to ptd: 'RR'
ptd-server 2021-08-04 22:53:08,664 [INFO] Reply from ptd: 'Ranges,0,20.000000,1,300.000000'
ptd-server 2021-08-04 22:53:08,664 [INFO] Initial range for Amps is 20.000000 for Volts is Auto
ptd-server 2021-08-04 22:53:08,664 [INFO] Sending to ptd: 'SR,V,Auto'
ptd-server 2021-08-04 22:53:13,746 [INFO] Reply from ptd: 'Range V changed'
ptd-server 2021-08-04 22:53:13,746 [INFO] Sending to ptd: 'SR,A,20'
ptd-server 2021-08-04 22:53:19,328 [INFO] Reply from ptd: 'Range A changed'
ptd-server 2021-08-04 22:53:29,336 [INFO] Starting ranging mode
ptd-server 2021-08-04 22:53:29,336 [INFO] Sending to ptd: 'Go,1000,0,2021-08-04_22-52-47_ranging'
ptd-server 2021-08-04 22:53:29,336 [INFO] Reply from ptd: 'Starting untimed measurement, maximum 500000 samples at 1000ms with 0 rampup samples'
ptd-server 2021-08-04 22:53:29,336 [INFO] Sending reply to client 'OK'
ptd-server 2021-08-04 23:06:26,681 [INFO] Got command from the client 'session,2021-08-04_22-52-47,stop,ranging'
ptd-server 2021-08-04 23:06:36,683 [INFO] Sending to ptd: 'Stop'
ptd-server 2021-08-04 23:06:36,683 [INFO] Reply from ptd: 'Stopping untimed measurement'
ptd-server 2021-08-04 23:06:36,730 [INFO] Sending reply to client 'OK'
ptd-server 2021-08-04 23:06:36,996 [INFO] Got command from the client 'time'
ptd-server 2021-08-04 23:06:36,996 [INFO] Sending reply to client '1628143596.9965942'
ptd-server 2021-08-04 23:06:36,996 [INFO] Got command from the client 'session,2021-08-04_22-52-47,start,testing'
ptd-server 2021-08-04 23:06:36,996 [INFO] Sending to ptd: 'SR,V,206.130000'
ptd-server 2021-08-04 23:06:43,415 [INFO] Reply from ptd: 'Range V changed'
ptd-server 2021-08-04 23:06:43,415 [INFO] Sending to ptd: 'SR,A,3.523000'
ptd-server 2021-08-04 23:06:48,994 [INFO] Reply from ptd: 'Range A changed'
ptd-server 2021-08-04 23:06:59,009 [INFO] Starting testing mode
ptd-server 2021-08-04 23:06:59,009 [INFO] Sending to ptd: 'Go,1000,0,2021-08-04_22-52-47_testing'
ptd-server 2021-08-04 23:06:59,009 [INFO] Reply from ptd: 'Starting untimed measurement, maximum 500000 samples at 1000ms with 0 rampup samples'
ptd-server 2021-08-04 23:06:59,009 [INFO] Sending reply to client 'OK'
ptd-server 2021-08-04 23:19:57,555 [INFO] Got command from the client 'session,2021-08-04_22-52-47,stop,testing'
ptd-server 2021-08-04 23:20:07,555 [INFO] Sending to ptd: 'Stop'
ptd-server 2021-08-04 23:20:07,555 [INFO] Reply from ptd: 'Stopping untimed measurement'
ptd-server 2021-08-04 23:20:07,602 [INFO] Sending reply to client 'OK'
ptd-server 2021-08-04 23:20:07,665 [INFO] Got command from the client 'session,2021-08-04_22-52-47,done'
ptd-server 2021-08-04 23:20:07,665 [INFO] Sending to ptd: 'Stop'
ptd-server 2021-08-04 23:20:08,024 [INFO] Reply from ptd: 'Error: no measurement to stop'
ptd-server 2021-08-04 23:20:08,024 [INFO] Sending to ptd: 'SR,V,Auto'
ptd-server 2021-08-04 23:20:13,103 [INFO] Reply from ptd: 'Range V changed'
ptd-server 2021-08-04 23:20:13,103 [INFO] Sending to ptd: 'SR,A,20.000000'
ptd-server 2021-08-04 23:20:18,685 [INFO] Reply from ptd: 'Range A changed'
ptd-server 2021-08-04 23:20:18,685 [INFO] Set initial values for Amps 20.000000 and Volts Auto
ptd-server 2021-08-04 23:20:18,685 [INFO] Stopping ptd...
