ptd-server 2021-08-13 18:52:09,505 [INFO] Got command from the client 'time'
ptd-server 2021-08-13 18:52:09,505 [INFO] Sending reply to client '1628877129.505737'
ptd-server 2021-08-13 18:52:09,508 [INFO] Got command from the client 'new,,2419101e-6af0-4903-8311-40db340299be'
ptd-server 2021-08-13 18:52:09,508 [INFO] Sending reply to client 'OK 2021-08-13_18-52-09,2a31fc5d-caae-4966-8d81-b3b2f89ab4b6'
ptd-server 2021-08-13 18:52:09,557 [INFO] Got command from the client 'time'
ptd-server 2021-08-13 18:52:09,558 [INFO] Sending reply to client '1628877129.5580053'
ptd-server 2021-08-13 18:52:09,560 [INFO] Got command from the client 'session,2021-08-13_18-52-09,start,ranging'
ptd-server 2021-08-13 18:52:09,560 [INFO] Running PTDaemon: ['/home/anton/projects/mlperf/power/inference_v1.0/ptd-linux-x86', '-l', '/tmp/tmpqehsa3vp/ptd_logfile.txt', '-p', '8888', '49', '/dev/usbtmc0']
ptd-server 2021-08-13 18:52:26,734 [INFO] Sending to ptd: 'Hello'
ptd-server 2021-08-13 18:52:26,735 [INFO] Reply from ptd: 'Hello, PTDaemon here!'
ptd-server 2021-08-13 18:52:26,735 [INFO] Sending to ptd: 'Identify'
ptd-server 2021-08-13 18:52:26,735 [INFO] Reply from ptd: 'YokogawaWT310E,1000,1,1,1,1,0,1,1,version=1.9.2-e8c7a49a-20201208,OS=Linux 5.11.0-25-generic #27~20.04.1-Ubuntu SMP Tue Jul 13 17:41:23 UTC 2021 x86_64,mode=power,1,1,1,0,0,no_cal_date,YOKOGAWA;WT310E;C3XA04010E;F1.04'
ptd-server 2021-08-13 18:52:26,735 [INFO] Connected to PTDaemon
ptd-server 2021-08-13 18:52:26,736 [INFO] Sending to ptd: 'RR'
ptd-server 2021-08-13 18:52:26,736 [INFO] Reply from ptd: 'Ranges,0,0.500000,0,300.000000'
ptd-server 2021-08-13 18:52:26,736 [INFO] Initial range for Amps is 0.500000 for Volts is 300.000000
ptd-server 2021-08-13 18:52:26,736 [INFO] Sending to ptd: 'SR,V,Auto'
ptd-server 2021-08-13 18:52:27,239 [INFO] Reply from ptd: 'Range V changed'
ptd-server 2021-08-13 18:52:27,239 [INFO] Sending to ptd: 'SR,A,Auto'
ptd-server 2021-08-13 18:52:27,742 [INFO] Reply from ptd: 'Range A changed'
ptd-server 2021-08-13 18:52:37,752 [INFO] Starting ranging mode
ptd-server 2021-08-13 18:52:37,752 [INFO] Sending to ptd: 'Go,1000,0,2021-08-13_18-52-09_ranging'
ptd-server 2021-08-13 18:52:37,753 [INFO] Reply from ptd: 'Starting untimed measurement, maximum 500000 samples at 1000ms with 0 rampup samples'
ptd-server 2021-08-13 18:52:37,753 [INFO] Sending reply to client 'OK'
ptd-server 2021-08-13 19:05:31,881 [INFO] Got command from the client 'session,2021-08-13_18-52-09,stop,ranging'
ptd-server 2021-08-13 19:05:41,892 [INFO] Sending to ptd: 'Stop'
ptd-server 2021-08-13 19:05:41,892 [INFO] Reply from ptd: 'Stopping untimed measurement'
ptd-server 2021-08-13 19:05:41,906 [INFO] Sending reply to client 'OK'
ptd-server 2021-08-13 19:05:42,039 [INFO] Got command from the client 'time'
ptd-server 2021-08-13 19:05:42,039 [INFO] Sending reply to client '1628877942.0393336'
ptd-server 2021-08-13 19:05:42,042 [INFO] Got command from the client 'session,2021-08-13_18-52-09,start,testing'
ptd-server 2021-08-13 19:05:42,042 [INFO] Sending to ptd: 'SR,V,251.300000'
ptd-server 2021-08-13 19:05:44,254 [INFO] Reply from ptd: 'Range V changed'
ptd-server 2021-08-13 19:05:44,254 [INFO] Sending to ptd: 'SR,A,0.211270'
ptd-server 2021-08-13 19:05:45,756 [INFO] Reply from ptd: 'Range A changed'
ptd-server 2021-08-13 19:05:55,766 [INFO] Starting testing mode
ptd-server 2021-08-13 19:05:55,766 [INFO] Sending to ptd: 'Go,1000,0,2021-08-13_18-52-09_testing'
ptd-server 2021-08-13 19:05:55,767 [INFO] Reply from ptd: 'Starting untimed measurement, maximum 500000 samples at 1000ms with 0 rampup samples'
ptd-server 2021-08-13 19:05:55,767 [INFO] Sending reply to client 'OK'
ptd-server 2021-08-13 19:18:13,531 [INFO] Got command from the client 'session,2021-08-13_18-52-09,stop,testing'
ptd-server 2021-08-13 19:18:23,542 [INFO] Sending to ptd: 'Stop'
ptd-server 2021-08-13 19:18:23,542 [INFO] Reply from ptd: 'Stopping untimed measurement'
ptd-server 2021-08-13 19:18:23,546 [INFO] Sending reply to client 'OK'
ptd-server 2021-08-13 19:18:23,590 [INFO] Got command from the client 'session,2021-08-13_18-52-09,done'
ptd-server 2021-08-13 19:18:23,590 [INFO] Sending to ptd: 'Stop'
ptd-server 2021-08-13 19:18:23,767 [INFO] Reply from ptd: 'Error: no measurement to stop'
ptd-server 2021-08-13 19:18:23,768 [INFO] Sending to ptd: 'SR,V,300.000000'
ptd-server 2021-08-13 19:18:25,269 [INFO] Reply from ptd: 'Range V changed'
ptd-server 2021-08-13 19:18:25,269 [INFO] Sending to ptd: 'SR,A,0.500000'
ptd-server 2021-08-13 19:18:26,770 [INFO] Reply from ptd: 'Range A changed'
ptd-server 2021-08-13 19:18:26,771 [INFO] Set initial values for Amps 0.500000 and Volts 300.000000
ptd-server 2021-08-13 19:18:26,771 [INFO] Stopping ptd...
