ptd-server 2021-08-13 09:36:50,491 [INFO] Got command from the client 'stop'
ptd-server 2021-08-13 09:36:50,491 [INFO] The server will be stopped after processing this client
ptd-server 2021-08-13 09:36:50,492 [INFO] Sending reply to client 'OK'
ptd-server 2021-08-13 09:36:50,626 [INFO] Got command from the client 'time'
ptd-server 2021-08-13 09:36:50,626 [INFO] Sending reply to client '1628847410.6266336'
ptd-server 2021-08-13 09:36:50,628 [INFO] Got command from the client 'new,,d38d1aac-b621-4e3b-91e4-f982b2546173'
ptd-server 2021-08-13 09:36:50,629 [INFO] Sending reply to client 'OK 2021-08-13_09-36-50,130a3cf1-7da9-499b-b75e-e007abee4b17'
ptd-server 2021-08-13 09:36:50,963 [INFO] Got command from the client 'time'
ptd-server 2021-08-13 09:36:50,968 [INFO] Sending reply to client '1628847410.9685035'
ptd-server 2021-08-13 09:36:50,969 [INFO] Got command from the client 'session,2021-08-13_09-36-50,start,ranging'
ptd-server 2021-08-13 09:36:51,079 [INFO] Running PTDaemon: ['C:\\PTD\\ptd-windows-x86.exe', '-l', 'C:\\Users\\mlperf\\AppData\\Local\\Temp\\tmpka823z25\\ptd_logfile.txt', '-p', '8888', '49', 'COM4']
ptd-server 2021-08-13 09:37:10,168 [INFO] Sending to ptd: 'Hello'
ptd-server 2021-08-13 09:37:10,174 [INFO] Reply from ptd: 'Hello, PTDaemon here!'
ptd-server 2021-08-13 09:37:10,174 [INFO] Sending to ptd: 'Identify'
ptd-server 2021-08-13 09:37:10,175 [INFO] Reply from ptd: 'YokogawaWT310E,1000,1,1,1,1,0,1,1,version=1.9.2-3976349f-20201208,OS=Windows 8 / Server 2012,mode=power,1,1,1,0,0,no_cal_date,YOKOGAWA;WT310E;C3TA11005E;F1.02'
ptd-server 2021-08-13 09:37:10,175 [INFO] Connected to PTDaemon
ptd-server 2021-08-13 09:37:10,175 [INFO] Sending to ptd: 'RR'
ptd-server 2021-08-13 09:37:10,176 [INFO] Reply from ptd: 'Ranges,0,2.000000,0,300.000000'
ptd-server 2021-08-13 09:37:10,176 [INFO] Initial range for Amps is 2.000000 for Volts is 300.000000
ptd-server 2021-08-13 09:37:10,177 [INFO] Sending to ptd: 'SR,V,Auto'
ptd-server 2021-08-13 09:37:10,750 [INFO] Reply from ptd: 'Range V changed'
ptd-server 2021-08-13 09:37:10,752 [INFO] Sending to ptd: 'SR,A,20'
ptd-server 2021-08-13 09:37:12,332 [INFO] Reply from ptd: 'Range A changed'
ptd-server 2021-08-13 09:37:22,343 [INFO] Starting ranging mode
ptd-server 2021-08-13 09:37:22,349 [INFO] Sending to ptd: 'Go,1000,0,2021-08-13_09-36-50_ranging'
ptd-server 2021-08-13 09:37:22,350 [INFO] Reply from ptd: 'Starting untimed measurement, maximum 500000 samples at 1000ms with 0 rampup samples'
ptd-server 2021-08-13 09:37:22,350 [INFO] Sending reply to client 'OK'
ptd-server 2021-08-13 09:50:19,066 [INFO] Got command from the client 'session,2021-08-13_09-36-50,stop,ranging'
ptd-server 2021-08-13 09:50:29,068 [INFO] Sending to ptd: 'Stop'
ptd-server 2021-08-13 09:50:29,069 [INFO] Reply from ptd: 'Stopping untimed measurement'
ptd-server 2021-08-13 09:50:29,084 [INFO] Sending reply to client 'OK'
ptd-server 2021-08-13 09:50:29,227 [INFO] Got command from the client 'time'
ptd-server 2021-08-13 09:50:29,228 [INFO] Sending reply to client '1628848229.2288826'
ptd-server 2021-08-13 09:50:29,229 [INFO] Got command from the client 'session,2021-08-13_09-36-50,start,testing'
ptd-server 2021-08-13 09:50:29,229 [INFO] Sending to ptd: 'SR,V,217.360000'
ptd-server 2021-08-13 09:50:30,928 [INFO] Reply from ptd: 'Range V changed'
ptd-server 2021-08-13 09:50:30,930 [INFO] Sending to ptd: 'SR,A,3.315000'
ptd-server 2021-08-13 09:50:32,512 [INFO] Reply from ptd: 'Range A changed'
ptd-server 2021-08-13 09:50:42,528 [INFO] Starting testing mode
ptd-server 2021-08-13 09:50:42,535 [INFO] Sending to ptd: 'Go,1000,0,2021-08-13_09-36-50_testing'
ptd-server 2021-08-13 09:50:42,536 [INFO] Reply from ptd: 'Starting untimed measurement, maximum 500000 samples at 1000ms with 0 rampup samples'
ptd-server 2021-08-13 09:50:42,536 [INFO] Sending reply to client 'OK'
ptd-server 2021-08-13 10:03:36,788 [INFO] Got command from the client 'session,2021-08-13_09-36-50,stop,testing'
ptd-server 2021-08-13 10:03:46,798 [INFO] Sending to ptd: 'Stop'
ptd-server 2021-08-13 10:03:46,798 [INFO] Reply from ptd: 'Stopping untimed measurement'
ptd-server 2021-08-13 10:03:46,807 [INFO] Sending reply to client 'OK'
ptd-server 2021-08-13 10:03:46,814 [INFO] Got command from the client 'session,2021-08-13_09-36-50,done'
ptd-server 2021-08-13 10:03:46,814 [INFO] Sending to ptd: 'Stop'
ptd-server 2021-08-13 10:03:47,550 [INFO] Reply from ptd: 'Error: no measurement to stop'
ptd-server 2021-08-13 10:03:47,555 [INFO] Sending to ptd: 'SR,V,300.000000'
ptd-server 2021-08-13 10:03:49,145 [INFO] Reply from ptd: 'Range V changed'
ptd-server 2021-08-13 10:03:49,146 [INFO] Sending to ptd: 'SR,A,2.000000'
ptd-server 2021-08-13 10:03:50,715 [INFO] Reply from ptd: 'Range A changed'
ptd-server 2021-08-13 10:03:50,716 [INFO] Set initial values for Amps 2.000000 and Volts 300.000000
ptd-server 2021-08-13 10:03:50,717 [INFO] Stopping ptd...
