ptd-server 2021-08-10 03:31:27,596 [INFO] Got command from the client 'stop'
ptd-server 2021-08-10 03:31:27,596 [INFO] The server will be stopped after processing this client
ptd-server 2021-08-10 03:31:27,596 [INFO] Sending reply to client 'OK'
ptd-server 2021-08-10 03:31:27,801 [INFO] Got command from the client 'time'
ptd-server 2021-08-10 03:31:27,801 [INFO] Sending reply to client '1628591487.8010292'
ptd-server 2021-08-10 03:31:27,801 [INFO] Got command from the client 'new,,8f45e401-f9df-4179-9487-304c71132bda'
ptd-server 2021-08-10 03:31:27,801 [INFO] Sending reply to client 'OK 2021-08-10_03-31-27,8648da55-3181-4241-8da2-50bb2e26c58a'
ptd-server 2021-08-10 03:31:28,002 [INFO] Got command from the client 'time'
ptd-server 2021-08-10 03:31:28,002 [INFO] Sending reply to client '1628591488.002867'
ptd-server 2021-08-10 03:31:28,002 [INFO] Got command from the client 'session,2021-08-10_03-31-27,start,ranging'
ptd-server 2021-08-10 03:31:28,112 [INFO] Running PTDaemon: ['C:\\PTD\\ptd-windows-x86.exe', '-l', 'C:\\Users\\lab\\AppData\\Local\\Temp\\tmpvd43rn2t\\ptd_logfile.txt', '-p', '8888', '-c', '1,3', '-y', '77', '172.22.0.90']
ptd-server 2021-08-10 03:31:47,209 [INFO] Sending to ptd: 'Hello'
ptd-server 2021-08-10 03:31:47,209 [INFO] Reply from ptd: 'Hello, PTDaemon here!'
ptd-server 2021-08-10 03:31:47,209 [INFO] Sending to ptd: 'Identify'
ptd-server 2021-08-10 03:31:47,209 [INFO] Reply from ptd: 'YokogawaWT330_multichannel,1000,1,1,1,1,0,0,1,version=1.9.2-3976349f-20201208,OS=Windows 8 / Server 2012,mode=power,1,1,2,0,0,no_cal_date,YOKOGAWA;WT333E;C2WA21018V;F1.04'
ptd-server 2021-08-10 03:31:47,209 [INFO] Connected to PTDaemon
ptd-server 2021-08-10 03:31:47,209 [INFO] Sending to ptd: 'RR'
ptd-server 2021-08-10 03:31:47,209 [INFO] Reply from ptd: 'Ranges,0,20.000000,1,300.000000'
ptd-server 2021-08-10 03:31:47,209 [INFO] Initial range for Amps is 20.000000 for Volts is Auto
ptd-server 2021-08-10 03:31:47,209 [INFO] Sending to ptd: 'SR,V,Auto'
ptd-server 2021-08-10 03:31:52,277 [INFO] Reply from ptd: 'Range V changed'
ptd-server 2021-08-10 03:31:52,277 [INFO] Sending to ptd: 'SR,A,20'
ptd-server 2021-08-10 03:31:57,852 [INFO] Reply from ptd: 'Range A changed'
ptd-server 2021-08-10 03:32:07,854 [INFO] Starting ranging mode
ptd-server 2021-08-10 03:32:07,854 [INFO] Sending to ptd: 'Go,1000,0,2021-08-10_03-31-27_ranging'
ptd-server 2021-08-10 03:32:07,854 [INFO] Reply from ptd: 'Starting untimed measurement, maximum 500000 samples at 1000ms with 0 rampup samples'
ptd-server 2021-08-10 03:32:07,854 [INFO] Sending reply to client 'OK'
ptd-server 2021-08-10 03:46:12,625 [INFO] Got command from the client 'session,2021-08-10_03-31-27,stop,ranging'
ptd-server 2021-08-10 03:46:22,635 [INFO] Sending to ptd: 'Stop'
ptd-server 2021-08-10 03:46:22,635 [INFO] Reply from ptd: 'Stopping untimed measurement'
ptd-server 2021-08-10 03:46:22,682 [INFO] Sending reply to client 'OK'
ptd-server 2021-08-10 03:46:22,901 [INFO] Got command from the client 'time'
ptd-server 2021-08-10 03:46:22,901 [INFO] Sending reply to client '1628592382.9011774'
ptd-server 2021-08-10 03:46:22,901 [INFO] Got command from the client 'session,2021-08-10_03-31-27,start,testing'
ptd-server 2021-08-10 03:46:22,901 [INFO] Sending to ptd: 'SR,V,234.690000'
ptd-server 2021-08-10 03:46:29,003 [INFO] Reply from ptd: 'Range V changed'
ptd-server 2021-08-10 03:46:29,003 [INFO] Sending to ptd: 'SR,A,5.438000'
ptd-server 2021-08-10 03:46:34,598 [INFO] Reply from ptd: 'Range A changed'
ptd-server 2021-08-10 03:46:44,604 [INFO] Starting testing mode
ptd-server 2021-08-10 03:46:44,604 [INFO] Sending to ptd: 'Go,1000,0,2021-08-10_03-31-27_testing'
ptd-server 2021-08-10 03:46:44,604 [INFO] Reply from ptd: 'Starting untimed measurement, maximum 500000 samples at 1000ms with 0 rampup samples'
ptd-server 2021-08-10 03:46:44,604 [INFO] Sending reply to client 'OK'
ptd-server 2021-08-10 04:00:53,989 [INFO] Got command from the client 'session,2021-08-10_03-31-27,stop,testing'
ptd-server 2021-08-10 04:01:04,005 [INFO] Sending to ptd: 'Stop'
ptd-server 2021-08-10 04:01:04,005 [INFO] Reply from ptd: 'Stopping untimed measurement'
ptd-server 2021-08-10 04:01:04,021 [INFO] Sending reply to client 'OK'
ptd-server 2021-08-10 04:01:04,130 [INFO] Got command from the client 'session,2021-08-10_03-31-27,done'
ptd-server 2021-08-10 04:01:04,130 [INFO] Sending to ptd: 'Stop'
ptd-server 2021-08-10 04:01:04,615 [INFO] Reply from ptd: 'Error: no measurement to stop'
ptd-server 2021-08-10 04:01:04,615 [INFO] Sending to ptd: 'SR,V,Auto'
ptd-server 2021-08-10 04:01:09,696 [INFO] Reply from ptd: 'Range V changed'
ptd-server 2021-08-10 04:01:09,696 [INFO] Sending to ptd: 'SR,A,20.000000'
ptd-server 2021-08-10 04:01:15,266 [INFO] Reply from ptd: 'Range A changed'
ptd-server 2021-08-10 04:01:15,266 [INFO] Set initial values for Amps 20.000000 and Volts Auto
ptd-server 2021-08-10 04:01:15,266 [INFO] Stopping ptd...
