ptd-server 2021-08-08 18:28:53,969 [INFO] Got command from the client 'time'
ptd-server 2021-08-08 18:28:53,969 [INFO] Sending reply to client '1628443733.9693775'
ptd-server 2021-08-08 18:28:53,971 [INFO] Got command from the client 'new,,8f3df823-8c07-4f3f-b8fe-ca2fbf874512'
ptd-server 2021-08-08 18:28:53,971 [INFO] Sending reply to client 'OK 2021-08-08_18-28-53,d9eaea96-3113-4e41-a287-8df956915a9a'
ptd-server 2021-08-08 18:28:54,006 [INFO] Got command from the client 'time'
ptd-server 2021-08-08 18:28:54,006 [INFO] Sending reply to client '1628443734.0061674'
ptd-server 2021-08-08 18:28:54,008 [INFO] Got command from the client 'session,2021-08-08_18-28-53,start,ranging'
ptd-server 2021-08-08 18:28:54,008 [INFO] Running PTDaemon: ['/home/anton/projects/mlperf/power/inference_v1.0/ptd-linux-x86', '-l', '/tmp/tmpr3iqmcco/ptd_logfile.txt', '-p', '8888', '49', '/dev/usbtmc0']
ptd-server 2021-08-08 18:29:11,181 [INFO] Sending to ptd: 'Hello'
ptd-server 2021-08-08 18:29:11,182 [INFO] Reply from ptd: 'Hello, PTDaemon here!'
ptd-server 2021-08-08 18:29:11,182 [INFO] Sending to ptd: 'Identify'
ptd-server 2021-08-08 18:29:11,182 [INFO] Reply from ptd: 'YokogawaWT310E,1000,1,1,1,1,0,1,1,version=1.9.2-e8c7a49a-20201208,OS=Linux 5.8.0-63-generic #71~20.04.1-Ubuntu SMP Thu Jul 15 17:46:08 UTC 2021 x86_64,mode=power,1,1,1,0,0,no_cal_date,YOKOGAWA;WT310E;C3XA04010E;F1.04'
ptd-server 2021-08-08 18:29:11,183 [INFO] Connected to PTDaemon
ptd-server 2021-08-08 18:29:11,183 [INFO] Sending to ptd: 'RR'
ptd-server 2021-08-08 18:29:11,183 [INFO] Reply from ptd: 'Ranges,0,0.500000,0,300.000000'
ptd-server 2021-08-08 18:29:11,183 [INFO] Initial range for Amps is 0.500000 for Volts is 300.000000
ptd-server 2021-08-08 18:29:11,183 [INFO] Sending to ptd: 'SR,V,Auto'
ptd-server 2021-08-08 18:29:11,686 [INFO] Reply from ptd: 'Range V changed'
ptd-server 2021-08-08 18:29:11,686 [INFO] Sending to ptd: 'SR,A,Auto'
ptd-server 2021-08-08 18:29:12,188 [INFO] Reply from ptd: 'Range A changed'
ptd-server 2021-08-08 18:29:22,199 [INFO] Starting ranging mode
ptd-server 2021-08-08 18:29:22,199 [INFO] Sending to ptd: 'Go,1000,0,2021-08-08_18-28-53_ranging'
ptd-server 2021-08-08 18:29:22,199 [INFO] Reply from ptd: 'Starting untimed measurement, maximum 500000 samples at 1000ms with 0 rampup samples'
ptd-server 2021-08-08 18:29:22,200 [INFO] Sending reply to client 'OK'
ptd-server 2021-08-08 18:39:42,002 [INFO] Got command from the client 'session,2021-08-08_18-28-53,stop,ranging'
ptd-server 2021-08-08 18:39:52,013 [INFO] Sending to ptd: 'Stop'
ptd-server 2021-08-08 18:39:52,013 [INFO] Reply from ptd: 'Stopping untimed measurement'
ptd-server 2021-08-08 18:39:52,181 [INFO] Sending reply to client 'OK'
ptd-server 2021-08-08 18:39:52,237 [INFO] Got command from the client 'time'
ptd-server 2021-08-08 18:39:52,237 [INFO] Sending reply to client '1628444392.237422'
ptd-server 2021-08-08 18:39:52,239 [INFO] Got command from the client 'session,2021-08-08_18-28-53,start,testing'
ptd-server 2021-08-08 18:39:52,240 [INFO] Sending to ptd: 'SR,V,249.860000'
ptd-server 2021-08-08 18:39:53,741 [INFO] Reply from ptd: 'Range V changed'
ptd-server 2021-08-08 18:39:53,741 [INFO] Sending to ptd: 'SR,A,0.195720'
ptd-server 2021-08-08 18:39:55,243 [INFO] Reply from ptd: 'Range A changed'
ptd-server 2021-08-08 18:40:05,253 [INFO] Starting testing mode
ptd-server 2021-08-08 18:40:05,253 [INFO] Sending to ptd: 'Go,1000,0,2021-08-08_18-28-53_testing'
ptd-server 2021-08-08 18:40:05,253 [INFO] Reply from ptd: 'Starting untimed measurement, maximum 500000 samples at 1000ms with 0 rampup samples'
ptd-server 2021-08-08 18:40:05,254 [INFO] Sending reply to client 'OK'
ptd-server 2021-08-08 18:50:24,979 [INFO] Got command from the client 'session,2021-08-08_18-28-53,stop,testing'
ptd-server 2021-08-08 18:50:34,988 [INFO] Sending to ptd: 'Stop'
ptd-server 2021-08-08 18:50:34,988 [INFO] Reply from ptd: 'Stopping untimed measurement'
ptd-server 2021-08-08 18:50:35,082 [INFO] Sending reply to client 'OK'
ptd-server 2021-08-08 18:50:35,102 [INFO] Got command from the client 'session,2021-08-08_18-28-53,done'
ptd-server 2021-08-08 18:50:35,102 [INFO] Sending to ptd: 'Stop'
ptd-server 2021-08-08 18:50:35,254 [INFO] Reply from ptd: 'Error: no measurement to stop'
ptd-server 2021-08-08 18:50:35,254 [INFO] Sending to ptd: 'SR,V,300.000000'
ptd-server 2021-08-08 18:50:36,755 [INFO] Reply from ptd: 'Range V changed'
ptd-server 2021-08-08 18:50:36,755 [INFO] Sending to ptd: 'SR,A,0.500000'
ptd-server 2021-08-08 18:50:38,257 [INFO] Reply from ptd: 'Range A changed'
ptd-server 2021-08-08 18:50:38,257 [INFO] Set initial values for Amps 0.500000 and Volts 300.000000
ptd-server 2021-08-08 18:50:38,257 [INFO] Stopping ptd...
