ptd-server 2021-08-09 03:13:20,776 [INFO] Got command from the client 'time'
ptd-server 2021-08-09 03:13:20,776 [INFO] Sending reply to client '1628475200.776856'
ptd-server 2021-08-09 03:13:20,778 [INFO] Got command from the client 'new,,33ad9af5-d891-4f1a-a42b-d9642d1e426d'
ptd-server 2021-08-09 03:13:20,778 [INFO] Sending reply to client 'OK 2021-08-09_03-13-20,7e58941b-a623-4818-8d22-8e104685d24c'
ptd-server 2021-08-09 03:13:20,807 [INFO] Got command from the client 'time'
ptd-server 2021-08-09 03:13:20,807 [INFO] Sending reply to client '1628475200.80789'
ptd-server 2021-08-09 03:13:20,809 [INFO] Got command from the client 'session,2021-08-09_03-13-20,start,ranging'
ptd-server 2021-08-09 03:13:20,810 [INFO] Running PTDaemon: ['/home/anton/projects/mlperf/power/inference_v1.0/ptd-linux-x86', '-l', '/tmp/tmpr3iqmcco/ptd_logfile.txt', '-p', '8888', '49', '/dev/usbtmc0']
ptd-server 2021-08-09 03:13:37,983 [INFO] Sending to ptd: 'Hello'
ptd-server 2021-08-09 03:13:37,984 [INFO] Reply from ptd: 'Hello, PTDaemon here!'
ptd-server 2021-08-09 03:13:37,984 [INFO] Sending to ptd: 'Identify'
ptd-server 2021-08-09 03:13:37,984 [INFO] Reply from ptd: 'YokogawaWT310E,1000,1,1,1,1,0,1,1,version=1.9.2-e8c7a49a-20201208,OS=Linux 5.8.0-63-generic #71~20.04.1-Ubuntu SMP Thu Jul 15 17:46:08 UTC 2021 x86_64,mode=power,1,1,1,0,0,no_cal_date,YOKOGAWA;WT310E;C3XA04010E;F1.04'
ptd-server 2021-08-09 03:13:37,985 [INFO] Connected to PTDaemon
ptd-server 2021-08-09 03:13:37,985 [INFO] Sending to ptd: 'RR'
ptd-server 2021-08-09 03:13:37,985 [INFO] Reply from ptd: 'Ranges,0,0.500000,0,300.000000'
ptd-server 2021-08-09 03:13:37,985 [INFO] Initial range for Amps is 0.500000 for Volts is 300.000000
ptd-server 2021-08-09 03:13:37,985 [INFO] Sending to ptd: 'SR,V,Auto'
ptd-server 2021-08-09 03:13:38,488 [INFO] Reply from ptd: 'Range V changed'
ptd-server 2021-08-09 03:13:38,488 [INFO] Sending to ptd: 'SR,A,Auto'
ptd-server 2021-08-09 03:13:38,990 [INFO] Reply from ptd: 'Range A changed'
ptd-server 2021-08-09 03:13:49,001 [INFO] Starting ranging mode
ptd-server 2021-08-09 03:13:49,001 [INFO] Sending to ptd: 'Go,1000,0,2021-08-09_03-13-20_ranging'
ptd-server 2021-08-09 03:13:49,001 [INFO] Reply from ptd: 'Starting untimed measurement, maximum 500000 samples at 1000ms with 0 rampup samples'
ptd-server 2021-08-09 03:13:49,001 [INFO] Sending reply to client 'OK'
ptd-server 2021-08-09 03:24:09,196 [INFO] Got command from the client 'session,2021-08-09_03-13-20,stop,ranging'
ptd-server 2021-08-09 03:24:19,206 [INFO] Sending to ptd: 'Stop'
ptd-server 2021-08-09 03:24:19,207 [INFO] Reply from ptd: 'Stopping untimed measurement'
ptd-server 2021-08-09 03:24:19,417 [INFO] Sending reply to client 'OK'
ptd-server 2021-08-09 03:24:19,473 [INFO] Got command from the client 'time'
ptd-server 2021-08-09 03:24:19,473 [INFO] Sending reply to client '1628475859.4731946'
ptd-server 2021-08-09 03:24:19,475 [INFO] Got command from the client 'session,2021-08-09_03-13-20,start,testing'
ptd-server 2021-08-09 03:24:19,475 [INFO] Sending to ptd: 'SR,V,251.740000'
ptd-server 2021-08-09 03:24:21,502 [INFO] Reply from ptd: 'Range V changed'
ptd-server 2021-08-09 03:24:21,502 [INFO] Sending to ptd: 'SR,A,0.192100'
ptd-server 2021-08-09 03:24:23,004 [INFO] Reply from ptd: 'Range A changed'
ptd-server 2021-08-09 03:24:33,014 [INFO] Starting testing mode
ptd-server 2021-08-09 03:24:33,014 [INFO] Sending to ptd: 'Go,1000,0,2021-08-09_03-13-20_testing'
ptd-server 2021-08-09 03:24:33,015 [INFO] Reply from ptd: 'Starting untimed measurement, maximum 500000 samples at 1000ms with 0 rampup samples'
ptd-server 2021-08-09 03:24:33,015 [INFO] Sending reply to client 'OK'
ptd-server 2021-08-09 03:34:52,956 [INFO] Got command from the client 'session,2021-08-09_03-13-20,stop,testing'
ptd-server 2021-08-09 03:35:02,967 [INFO] Sending to ptd: 'Stop'
ptd-server 2021-08-09 03:35:02,967 [INFO] Reply from ptd: 'Stopping untimed measurement'
ptd-server 2021-08-09 03:35:03,083 [INFO] Sending reply to client 'OK'
ptd-server 2021-08-09 03:35:03,101 [INFO] Got command from the client 'session,2021-08-09_03-13-20,done'
ptd-server 2021-08-09 03:35:03,101 [INFO] Sending to ptd: 'Stop'
ptd-server 2021-08-09 03:35:03,102 [INFO] Reply from ptd: 'Error: no measurement to stop'
ptd-server 2021-08-09 03:35:03,102 [INFO] Sending to ptd: 'SR,V,300.000000'
ptd-server 2021-08-09 03:35:04,603 [INFO] Reply from ptd: 'Range V changed'
ptd-server 2021-08-09 03:35:04,603 [INFO] Sending to ptd: 'SR,A,0.500000'
ptd-server 2021-08-09 03:35:06,104 [INFO] Reply from ptd: 'Range A changed'
ptd-server 2021-08-09 03:35:06,105 [INFO] Set initial values for Amps 0.500000 and Volts 300.000000
ptd-server 2021-08-09 03:35:06,105 [INFO] Stopping ptd...
