ptd-server 2021-08-10 05:56:40,720 [INFO] Got command from the client 'stop'
ptd-server 2021-08-10 05:56:40,720 [INFO] The server will be stopped after processing this client
ptd-server 2021-08-10 05:56:40,720 [INFO] Sending reply to client 'OK'
ptd-server 2021-08-10 05:56:40,957 [INFO] Got command from the client 'time'
ptd-server 2021-08-10 05:56:40,957 [INFO] Sending reply to client '1628600200.957088'
ptd-server 2021-08-10 05:56:40,957 [INFO] Got command from the client 'new,,6f9b704c-4d16-46c7-a715-e80871d6f02e'
ptd-server 2021-08-10 05:56:40,957 [INFO] Sending reply to client 'OK 2021-08-10_05-56-40,f303249a-39e5-493b-b0e9-3ecaaf6f3b49'
ptd-server 2021-08-10 05:56:41,175 [INFO] Got command from the client 'time'
ptd-server 2021-08-10 05:56:41,175 [INFO] Sending reply to client '1628600201.1758387'
ptd-server 2021-08-10 05:56:41,175 [INFO] Got command from the client 'session,2021-08-10_05-56-40,start,ranging'
ptd-server 2021-08-10 05:56:41,285 [INFO] Running PTDaemon: ['C:\\PTD\\ptd-windows-x86.exe', '-l', 'C:\\Users\\lab\\AppData\\Local\\Temp\\tmp326v9po7\\ptd_logfile.txt', '-p', '8888', '-c', '1', '-y', '52', '10.32.209.251']
ptd-server 2021-08-10 05:56:59,118 [INFO] Sending to ptd: 'Hello'
ptd-server 2021-08-10 05:56:59,118 [INFO] Reply from ptd: 'Hello, PTDaemon here!'
ptd-server 2021-08-10 05:56:59,118 [INFO] Sending to ptd: 'Identify'
ptd-server 2021-08-10 05:56:59,118 [INFO] Reply from ptd: 'YokogawaWT330E,1000,1,1,1,1,0,0,1,version=1.9.2-3976349f-20201208,OS=Windows 8 / Server 2012,mode=power,1,1,1,0,0,no_cal_date,YOKOGAWA;WT333E;C2VL22012V;F1.04'
ptd-server 2021-08-10 05:56:59,118 [INFO] Connected to PTDaemon
ptd-server 2021-08-10 05:56:59,118 [INFO] Sending to ptd: 'RR'
ptd-server 2021-08-10 05:56:59,118 [INFO] Reply from ptd: 'Ranges,0,1.000000,1,150.000000'
ptd-server 2021-08-10 05:56:59,118 [INFO] Initial range for Amps is 1.000000 for Volts is Auto
ptd-server 2021-08-10 05:56:59,118 [INFO] Sending to ptd: 'SR,V,Auto'
ptd-server 2021-08-10 05:56:59,633 [INFO] Reply from ptd: 'Range V changed'
ptd-server 2021-08-10 05:56:59,633 [INFO] Sending to ptd: 'SR,A,Auto'
ptd-server 2021-08-10 05:57:00,158 [INFO] Reply from ptd: 'Range A changed'
ptd-server 2021-08-10 05:57:10,159 [INFO] Starting ranging mode
ptd-server 2021-08-10 05:57:10,159 [INFO] Sending to ptd: 'Go,1000,0,2021-08-10_05-56-40_ranging'
ptd-server 2021-08-10 05:57:10,159 [INFO] Reply from ptd: 'Starting untimed measurement, maximum 500000 samples at 1000ms with 0 rampup samples'
ptd-server 2021-08-10 05:57:10,159 [INFO] Sending reply to client 'OK'
ptd-server 2021-08-10 06:08:53,432 [INFO] Got command from the client 'session,2021-08-10_05-56-40,stop,ranging'
ptd-server 2021-08-10 06:09:03,455 [INFO] Sending to ptd: 'Stop'
ptd-server 2021-08-10 06:09:03,455 [INFO] Reply from ptd: 'Stopping untimed measurement'
ptd-server 2021-08-10 06:09:03,471 [INFO] Sending reply to client 'OK'
ptd-server 2021-08-10 06:09:03,908 [INFO] Got command from the client 'time'
ptd-server 2021-08-10 06:09:03,908 [INFO] Sending reply to client '1628600943.908545'
ptd-server 2021-08-10 06:09:03,908 [INFO] Got command from the client 'session,2021-08-10_05-56-40,start,testing'
ptd-server 2021-08-10 06:09:03,908 [INFO] Sending to ptd: 'SR,V,120.450000'
ptd-server 2021-08-10 06:09:05,704 [INFO] Reply from ptd: 'Range V changed'
ptd-server 2021-08-10 06:09:05,704 [INFO] Sending to ptd: 'SR,A,0.378500'
ptd-server 2021-08-10 06:09:07,235 [INFO] Reply from ptd: 'Range A changed'
ptd-server 2021-08-10 06:09:17,249 [INFO] Starting testing mode
ptd-server 2021-08-10 06:09:17,249 [INFO] Sending to ptd: 'Go,1000,0,2021-08-10_05-56-40_testing'
ptd-server 2021-08-10 06:09:17,249 [INFO] Reply from ptd: 'Starting untimed measurement, maximum 500000 samples at 1000ms with 0 rampup samples'
ptd-server 2021-08-10 06:09:17,249 [INFO] Sending reply to client 'OK'
ptd-server 2021-08-10 06:20:57,707 [INFO] Got command from the client 'session,2021-08-10_05-56-40,stop,testing'
ptd-server 2021-08-10 06:21:07,713 [INFO] Sending to ptd: 'Stop'
ptd-server 2021-08-10 06:21:07,713 [INFO] Reply from ptd: 'Stopping untimed measurement'
ptd-server 2021-08-10 06:21:07,729 [INFO] Sending reply to client 'OK'
ptd-server 2021-08-10 06:21:07,823 [INFO] Got command from the client 'session,2021-08-10_05-56-40,done'
ptd-server 2021-08-10 06:21:07,823 [INFO] Sending to ptd: 'Stop'
ptd-server 2021-08-10 06:21:08,260 [INFO] Reply from ptd: 'Error: no measurement to stop'
ptd-server 2021-08-10 06:21:08,260 [INFO] Sending to ptd: 'SR,V,Auto'
ptd-server 2021-08-10 06:21:08,776 [INFO] Reply from ptd: 'Range V changed'
ptd-server 2021-08-10 06:21:08,776 [INFO] Sending to ptd: 'SR,A,1.000000'
ptd-server 2021-08-10 06:21:10,306 [INFO] Reply from ptd: 'Range A changed'
ptd-server 2021-08-10 06:21:10,306 [INFO] Set initial values for Amps 1.000000 and Volts Auto
ptd-server 2021-08-10 06:21:10,306 [INFO] Stopping ptd...
