ptd-server 2021-08-10 13:19:44,983 [INFO] Got command from the client 'time'
ptd-server 2021-08-10 13:19:44,983 [INFO] Sending reply to client '1628619584.9835775'
ptd-server 2021-08-10 13:19:44,984 [INFO] Got command from the client 'new,,f6beaf68-a9bb-4f93-a35e-1900f34e6b33'
ptd-server 2021-08-10 13:19:44,984 [INFO] Sending reply to client 'OK 2021-08-10_13-19-44,5928354e-8b6b-4d2f-8af2-cdafb0788031'
ptd-server 2021-08-10 13:19:45,091 [INFO] Got command from the client 'time'
ptd-server 2021-08-10 13:19:45,091 [INFO] Sending reply to client '1628619585.091522'
ptd-server 2021-08-10 13:19:45,092 [INFO] Got command from the client 'session,2021-08-10_13-19-44,start,ranging'
ptd-server 2021-08-10 13:19:45,092 [INFO] Running PTDaemon: ['/local/mnt/workspace/mlcommons/power-main/inference_v1.0/ptd-linux-x86', '-l', '/tmp/tmpbbjdfg8c/ptd_logfile.txt', '-p', '8888', '49', '/dev/usbtmc0']
ptd-server 2021-08-10 13:20:02,208 [INFO] Sending to ptd: 'Hello'
ptd-server 2021-08-10 13:20:02,209 [INFO] Reply from ptd: 'Hello, PTDaemon here!'
ptd-server 2021-08-10 13:20:02,209 [INFO] Sending to ptd: 'Identify'
ptd-server 2021-08-10 13:20:02,210 [INFO] Reply from ptd: 'YokogawaWT310E,1000,1,1,1,1,0,1,1,version=1.9.2-e8c7a49a-20201208,OS=Linux 4.15.0-64-generic #73-Ubuntu SMP Thu Sep 12 13:16:13 UTC 2019 x86_64,mode=power,1,1,1,0,0,no_cal_date,YOKOGAWA;WT310E;C2XF16028V;F1.04'
ptd-server 2021-08-10 13:20:02,210 [INFO] Connected to PTDaemon
ptd-server 2021-08-10 13:20:02,210 [INFO] Sending to ptd: 'RR'
ptd-server 2021-08-10 13:20:02,211 [INFO] Reply from ptd: 'Ranges,1,5.000000,1,150.000000'
ptd-server 2021-08-10 13:20:02,211 [INFO] Initial range for Amps is Auto for Volts is Auto
ptd-server 2021-08-10 13:20:02,211 [INFO] Sending to ptd: 'SR,V,Auto'
ptd-server 2021-08-10 13:20:02,714 [INFO] Reply from ptd: 'Range V changed'
ptd-server 2021-08-10 13:20:02,714 [INFO] Sending to ptd: 'SR,A,20'
ptd-server 2021-08-10 13:20:04,216 [INFO] Reply from ptd: 'Range A changed'
ptd-server 2021-08-10 13:20:14,219 [INFO] Starting ranging mode
ptd-server 2021-08-10 13:20:14,219 [INFO] Sending to ptd: 'Go,1000,0,2021-08-10_13-19-44_ranging'
ptd-server 2021-08-10 13:20:14,220 [INFO] Reply from ptd: 'Starting untimed measurement, maximum 500000 samples at 1000ms with 0 rampup samples'
ptd-server 2021-08-10 13:20:14,220 [INFO] Sending reply to client 'OK'
ptd-server 2021-08-10 13:31:46,664 [INFO] Got command from the client 'session,2021-08-10_13-19-44,stop,ranging'
ptd-server 2021-08-10 13:31:56,675 [INFO] Sending to ptd: 'Stop'
ptd-server 2021-08-10 13:31:56,675 [INFO] Reply from ptd: 'Stopping untimed measurement'
ptd-server 2021-08-10 13:31:56,693 [INFO] Sending reply to client 'OK'
ptd-server 2021-08-10 13:31:56,816 [INFO] Got command from the client 'time'
ptd-server 2021-08-10 13:31:56,816 [INFO] Sending reply to client '1628620316.8163674'
ptd-server 2021-08-10 13:31:56,817 [INFO] Got command from the client 'session,2021-08-10_13-19-44,start,testing'
ptd-server 2021-08-10 13:31:56,817 [INFO] Sending to ptd: 'SR,V,117.370000'
ptd-server 2021-08-10 13:31:58,722 [INFO] Reply from ptd: 'Range V changed'
ptd-server 2021-08-10 13:31:58,722 [INFO] Sending to ptd: 'SR,A,7.621000'
ptd-server 2021-08-10 13:32:00,224 [INFO] Reply from ptd: 'Range A changed'
ptd-server 2021-08-10 13:32:10,235 [INFO] Starting testing mode
ptd-server 2021-08-10 13:32:10,235 [INFO] Sending to ptd: 'Go,1000,0,2021-08-10_13-19-44_testing'
ptd-server 2021-08-10 13:32:10,236 [INFO] Reply from ptd: 'Starting untimed measurement, maximum 500000 samples at 1000ms with 0 rampup samples'
ptd-server 2021-08-10 13:32:10,236 [INFO] Sending reply to client 'OK'
ptd-server 2021-08-10 13:43:52,820 [INFO] Got command from the client 'session,2021-08-10_13-19-44,stop,testing'
ptd-server 2021-08-10 13:44:02,830 [INFO] Sending to ptd: 'Stop'
ptd-server 2021-08-10 13:44:02,831 [INFO] Reply from ptd: 'Stopping untimed measurement'
ptd-server 2021-08-10 13:44:02,839 [INFO] Sending reply to client 'OK'
ptd-server 2021-08-10 13:44:02,845 [INFO] Got command from the client 'session,2021-08-10_13-19-44,done'
ptd-server 2021-08-10 13:44:02,845 [INFO] Sending to ptd: 'Stop'
ptd-server 2021-08-10 13:44:03,237 [INFO] Reply from ptd: 'Error: no measurement to stop'
ptd-server 2021-08-10 13:44:03,237 [INFO] Sending to ptd: 'SR,V,Auto'
ptd-server 2021-08-10 13:44:03,740 [INFO] Reply from ptd: 'Range V changed'
ptd-server 2021-08-10 13:44:03,740 [INFO] Sending to ptd: 'SR,A,Auto'
ptd-server 2021-08-10 13:44:04,242 [INFO] Reply from ptd: 'Range A changed'
ptd-server 2021-08-10 13:44:04,243 [INFO] Set initial values for Amps Auto and Volts Auto
ptd-server 2021-08-10 13:44:04,243 [INFO] Stopping ptd...
