client 2021-08-12 17:55:05,598 [INFO] Sending command to the server: 'mlcommons/power client v3'
client 2021-08-12 17:55:05,600 [INFO] Got response: 'mlcommons/power server v3'
client 2021-08-12 17:55:05,600 [INFO] Sending command to the server: 'stop'
client 2021-08-12 17:55:05,602 [INFO] Got response: 'OK'
client 2021-08-12 17:55:05,602 [INFO] Synchronizing with the server and with 100.64.0.18...
client 2021-08-12 17:55:05,607 [INFO] NTP:offset = 0.000 s, delay = 0.001 s 
client 2021-08-12 17:55:05,607 [INFO] Sending command to the server: 'time'
client 2021-08-12 17:55:05,609 [INFO] Got response: '1628790905.5598016'
client 2021-08-12 17:55:05,609 [INFO] The time difference between the client and the server is within range 47.684 ms..49.672 ms
client 2021-08-12 17:55:05,609 [INFO] Sending command to the server: 'new,,465d64ba-6e13-4a5b-a099-997fb6fae7ba'
client 2021-08-12 17:55:05,611 [INFO] Got response: 'OK 2021-08-12_17-55-05,1f19be59-54a3-472e-9cd7-b2c71f96807d'
client 2021-08-12 17:55:05,611 [INFO] Session id is '2021-08-12_17-55-05'
client 2021-08-12 17:55:05,611 [INFO] Sources: {"sources": {"__init__.py": "da39a3ee5e6b4b0d3255bfef95601890afd80709", "client.py": "33ca4f26368777ac06e01f9567b714a4b8063886", "lib/__init__.py": "da39a3ee5e6b4b0d3255bfef95601890afd80709", "lib/client.py": "4c2b78fb4849a7e5b584ef792d82aaed20b17f57", "lib/common.py": "624d0c0acc7c39aaff3674f0b99d6a09da53d1dc", "lib/external/__init__.py": "da39a3ee5e6b4b0d3255bfef95601890afd80709", "lib/external/ntplib.py": "4da8f970656505a40483206ef2b5d3dd5e81711d", "lib/server.py": "59c9fb92908260d3e9f81a895c7aa009742275e4", "lib/source_hashes.py": "60a2e02193209e8d392803326208d5466342da18", "lib/summary.py": "aa92f0a3f975eecd44d3c0cd0236342ccc9f941d", "lib/time_sync.py": "3210db56eb0ff0df57bf4293dc4d4b03fffd46f1", "server.py": "c3f90f2f7eeb4db30727556d0c815ebc89b3d28b", "tests/unit/__init__.py": "da39a3ee5e6b4b0d3255bfef95601890afd80709", "tests/unit/test_server.py": "99ae15aef722f2000ee6ed1ae1523637bf1ae42b", "tests/unit/test_source_hashes.py": "00468a2907583c593e6574a1f6b404e4651c221a"}, "modules": {"ptd_client_server.lib.client": "lib/client.py", "ptd_client_server.lib.common": "lib/common.py", "ptd_client_server.lib.external.ntplib": "lib/external/ntplib.py", "ptd_client_server.lib.source_hashes": "lib/source_hashes.py", "ptd_client_server.lib.summary": "lib/summary.py", "ptd_client_server.lib.time_sync": "lib/time_sync.py"}}
client 2021-08-12 17:55:05,612 [INFO] Running workload in ranging mode
client 2021-08-12 17:55:05,612 [INFO] Synchronizing with the server and with 100.64.0.18...
client 2021-08-12 17:55:05,613 [INFO] NTP:offset = 0.000 s, delay = 0.001 s 
client 2021-08-12 17:55:05,614 [INFO] Sending command to the server: 'time'
client 2021-08-12 17:55:05,616 [INFO] Got response: '1628790905.5697758'
client 2021-08-12 17:55:05,616 [INFO] The time difference between the client and the server is within range 44.362 ms..46.455 ms
client 2021-08-12 17:55:05,616 [INFO] Sending command to the server: 'session,2021-08-12_17-55-05,start,ranging'
client 2021-08-12 17:55:29,430 [INFO] Got response: 'OK'
client 2021-08-12 17:55:29,430 [INFO] Running the workload 'LOG_DIR=/work/build/power_logs_temp python3 code/main.py --benchmarks=resnet50 --scenarios=Offline --config_ver=maxq--test_mode=PerformanceOnly --action="run_harness" \\\n\t\t&& if [ ! -d /work/build/power_logs/2021.08.12-17.55.01/ranging_tmp ]; \\\n\t\t\tthen mkdir /work/build/power_logs/2021.08.12-17.55.01/ranging_tmp \\\n\t\t\t\t&& mv /work/build/power_logs_temp/* /work/build/power_logs/2021.08.12-17.55.01/ranging_tmp/ \\\n\t\t\t\t&& cp -v /work/build/power_logs/2021.08.12-17.55.01/ranging_tmp/*/*/*/mlperf_log_detail.txt /work/build/power_logs_temp/ \\\n\t\t\t\t&& cp -v /work/build/power_logs/2021.08.12-17.55.01/ranging_tmp/*/*/*/mlperf_log_summary.txt /work/build/power_logs_temp/; \\\n\t\t\telse mkdir /work/build/power_logs/2021.08.12-17.55.01/testing_tmp \\\n\t\t\t\t&& mv /work/build/power_logs_temp/* /work/build/power_logs/2021.08.12-17.55.01/testing_tmp/ \\\n\t\t\t\t&& cp -v /work/build/power_logs/2021.08.12-17.55.01/testing_tmp/*/*/*/mlperf_log_detail.txt /work/build/power_logs_temp/ \\\n\t\t\t\t&& cp -v /work/build/power_logs/2021.08.12-17.55.01/testing_tmp/*/*/*/mlperf_log_summary.txt /work/build/power_logs_temp/; fi'
client 2021-08-12 18:09:22,720 [INFO] Sending command to the server: 'session,2021-08-12_17-55-05,stop,ranging'
client 2021-08-12 18:09:32,761 [INFO] Got response: 'OK'
client 2021-08-12 18:09:32,771 [INFO] Copying loadgen logs from '/work/build/power_logs_temp' to '/work/build/power_logs/2021.08.12-17.55.01/2021-08-12_17-55-05/ranging'
client 2021-08-12 18:09:32,771 [INFO] Running workload in testing mode
client 2021-08-12 18:09:32,772 [INFO] Synchronizing with the server and with 100.64.0.18...
client 2021-08-12 18:09:32,774 [INFO] NTP:offset = 0.000 s, delay = 0.001 s 
client 2021-08-12 18:09:32,774 [INFO] Sending command to the server: 'time'
client 2021-08-12 18:09:32,776 [INFO] Got response: '1628791772.6899025'
client 2021-08-12 18:09:32,776 [INFO] The time difference between the client and the server is within range 84.547 ms..86.577 ms
client 2021-08-12 18:09:32,776 [INFO] Sending command to the server: 'session,2021-08-12_17-55-05,start,testing'
client 2021-08-12 18:09:46,523 [INFO] Got response: 'OK'
client 2021-08-12 18:09:46,524 [INFO] Running the workload 'LOG_DIR=/work/build/power_logs_temp python3 code/main.py --benchmarks=resnet50 --scenarios=Offline --config_ver=maxq--test_mode=PerformanceOnly --action="run_harness" \\\n\t\t&& if [ ! -d /work/build/power_logs/2021.08.12-17.55.01/ranging_tmp ]; \\\n\t\t\tthen mkdir /work/build/power_logs/2021.08.12-17.55.01/ranging_tmp \\\n\t\t\t\t&& mv /work/build/power_logs_temp/* /work/build/power_logs/2021.08.12-17.55.01/ranging_tmp/ \\\n\t\t\t\t&& cp -v /work/build/power_logs/2021.08.12-17.55.01/ranging_tmp/*/*/*/mlperf_log_detail.txt /work/build/power_logs_temp/ \\\n\t\t\t\t&& cp -v /work/build/power_logs/2021.08.12-17.55.01/ranging_tmp/*/*/*/mlperf_log_summary.txt /work/build/power_logs_temp/; \\\n\t\t\telse mkdir /work/build/power_logs/2021.08.12-17.55.01/testing_tmp \\\n\t\t\t\t&& mv /work/build/power_logs_temp/* /work/build/power_logs/2021.08.12-17.55.01/testing_tmp/ \\\n\t\t\t\t&& cp -v /work/build/power_logs/2021.08.12-17.55.01/testing_tmp/*/*/*/mlperf_log_detail.txt /work/build/power_logs_temp/ \\\n\t\t\t\t&& cp -v /work/build/power_logs/2021.08.12-17.55.01/testing_tmp/*/*/*/mlperf_log_summary.txt /work/build/power_logs_temp/; fi'
client 2021-08-12 18:23:41,988 [INFO] Sending command to the server: 'session,2021-08-12_17-55-05,stop,testing'
client 2021-08-12 18:23:52,024 [INFO] Got response: 'OK'
client 2021-08-12 18:23:52,026 [INFO] Copying loadgen logs from '/work/build/power_logs_temp' to '/work/build/power_logs/2021.08.12-17.55.01/2021-08-12_17-55-05/run_1'
client 2021-08-12 18:23:52,027 [INFO] Done runs
