ptd-server 2021-08-12 17:55:05,549 [INFO] Got command from the client 'stop'
ptd-server 2021-08-12 17:55:05,549 [INFO] The server will be stopped after processing this client
ptd-server 2021-08-12 17:55:05,549 [INFO] Sending reply to client 'OK'
ptd-server 2021-08-12 17:55:05,559 [INFO] Got command from the client 'time'
ptd-server 2021-08-12 17:55:05,559 [INFO] Sending reply to client '1628790905.5598016'
ptd-server 2021-08-12 17:55:05,559 [INFO] Got command from the client 'new,,465d64ba-6e13-4a5b-a099-997fb6fae7ba'
ptd-server 2021-08-12 17:55:05,559 [INFO] Sending reply to client 'OK 2021-08-12_17-55-05,1f19be59-54a3-472e-9cd7-b2c71f96807d'
ptd-server 2021-08-12 17:55:05,569 [INFO] Got command from the client 'time'
ptd-server 2021-08-12 17:55:05,569 [INFO] Sending reply to client '1628790905.5697758'
ptd-server 2021-08-12 17:55:05,569 [INFO] Got command from the client 'session,2021-08-12_17-55-05,start,ranging'
ptd-server 2021-08-12 17:55:05,669 [INFO] Running PTDaemon: ['.\\ptd-windows-x86.exe', '-l', 'C:\\Users\\root\\AppData\\Local\\Temp\\tmpganqbza6\\ptd_logfile.txt', '-p', '8888', '-b', '2', '-g', '8', '1']
ptd-server 2021-08-12 17:55:18,330 [INFO] Sending to ptd: 'Hello'
ptd-server 2021-08-12 17:55:18,330 [INFO] Reply from ptd: 'Hello, PTDaemon here!'
ptd-server 2021-08-12 17:55:18,330 [INFO] Sending to ptd: 'Identify'
ptd-server 2021-08-12 17:55:18,330 [INFO] Reply from ptd: 'YokogawaWT210,1000,1,1,1,1,0,0,1,version=1.9.2-3976349f-20201208,OS=Windows 8 / Server 2012,mode=power,1,1,1,0,0,no_cal_date,YOKOGAWA;760401;0;F1.12'
ptd-server 2021-08-12 17:55:18,330 [INFO] Connected to PTDaemon
ptd-server 2021-08-12 17:55:18,330 [INFO] Sending to ptd: 'RR'
ptd-server 2021-08-12 17:55:18,330 [INFO] Reply from ptd: 'Ranges,0,5.000000,0,150.000000'
ptd-server 2021-08-12 17:55:18,330 [INFO] Initial range for Amps is 5.000000 for Volts is 150.000000
ptd-server 2021-08-12 17:55:18,330 [INFO] Sending to ptd: 'SR,V,Auto'
ptd-server 2021-08-12 17:55:18,860 [INFO] Reply from ptd: 'Range V changed'
ptd-server 2021-08-12 17:55:18,860 [INFO] Sending to ptd: 'SR,A,Auto'
ptd-server 2021-08-12 17:55:19,380 [INFO] Reply from ptd: 'Range A changed'
ptd-server 2021-08-12 17:55:29,380 [INFO] Starting ranging mode
ptd-server 2021-08-12 17:55:29,380 [INFO] Sending to ptd: 'Go,1000,0,2021-08-12_17-55-05_ranging'
ptd-server 2021-08-12 17:55:29,380 [INFO] Reply from ptd: 'Starting untimed measurement, maximum 500000 samples at 1000ms with 0 rampup samples'
ptd-server 2021-08-12 17:55:29,380 [INFO] Sending reply to client 'OK'
ptd-server 2021-08-12 18:09:22,639 [INFO] Got command from the client 'session,2021-08-12_17-55-05,stop,ranging'
ptd-server 2021-08-12 18:09:32,649 [INFO] Sending to ptd: 'Stop'
ptd-server 2021-08-12 18:09:32,649 [INFO] Reply from ptd: 'Stopping untimed measurement'
ptd-server 2021-08-12 18:09:32,679 [INFO] Sending reply to client 'OK'
ptd-server 2021-08-12 18:09:32,689 [INFO] Got command from the client 'time'
ptd-server 2021-08-12 18:09:32,689 [INFO] Sending reply to client '1628791772.6899025'
ptd-server 2021-08-12 18:09:32,689 [INFO] Got command from the client 'session,2021-08-12_17-55-05,start,testing'
ptd-server 2021-08-12 18:09:32,689 [INFO] Sending to ptd: 'SR,V,118.350000'
ptd-server 2021-08-12 18:09:34,909 [INFO] Reply from ptd: 'Range V changed'
ptd-server 2021-08-12 18:09:34,909 [INFO] Sending to ptd: 'SR,A,3.434000'
ptd-server 2021-08-12 18:09:36,429 [INFO] Reply from ptd: 'Range A changed'
ptd-server 2021-08-12 18:09:46,440 [INFO] Starting testing mode
ptd-server 2021-08-12 18:09:46,440 [INFO] Sending to ptd: 'Go,1000,0,2021-08-12_17-55-05_testing'
ptd-server 2021-08-12 18:09:46,440 [INFO] Reply from ptd: 'Starting untimed measurement, maximum 500000 samples at 1000ms with 0 rampup samples'
ptd-server 2021-08-12 18:09:46,440 [INFO] Sending reply to client 'OK'
ptd-server 2021-08-12 18:23:41,873 [INFO] Got command from the client 'session,2021-08-12_17-55-05,stop,testing'
ptd-server 2021-08-12 18:23:51,882 [INFO] Sending to ptd: 'Stop'
ptd-server 2021-08-12 18:23:51,882 [INFO] Reply from ptd: 'Stopping untimed measurement'
ptd-server 2021-08-12 18:23:51,902 [INFO] Sending reply to client 'OK'
ptd-server 2021-08-12 18:23:51,912 [INFO] Got command from the client 'session,2021-08-12_17-55-05,done'
ptd-server 2021-08-12 18:23:51,912 [INFO] Sending to ptd: 'Stop'
ptd-server 2021-08-12 18:23:52,452 [INFO] Reply from ptd: 'Error: no measurement to stop'
ptd-server 2021-08-12 18:23:52,452 [INFO] Sending to ptd: 'SR,V,150.000000'
ptd-server 2021-08-12 18:23:53,982 [INFO] Reply from ptd: 'Range V changed'
ptd-server 2021-08-12 18:23:53,982 [INFO] Sending to ptd: 'SR,A,5.000000'
ptd-server 2021-08-12 18:23:55,502 [INFO] Reply from ptd: 'Range A changed'
ptd-server 2021-08-12 18:23:55,502 [INFO] Set initial values for Amps 5.000000 and Volts 150.000000
ptd-server 2021-08-12 18:23:55,502 [INFO] Stopping ptd...
