ptd-server 2021-08-10 09:49:00,580 [INFO] Got command from the client 'stop'
ptd-server 2021-08-10 09:49:00,580 [INFO] The server will be stopped after processing this client
ptd-server 2021-08-10 09:49:00,580 [INFO] Sending reply to client 'OK'
ptd-server 2021-08-10 09:49:00,994 [INFO] Got command from the client 'time'
ptd-server 2021-08-10 09:49:00,994 [INFO] Sending reply to client '1628614140.9948668'
ptd-server 2021-08-10 09:49:00,994 [INFO] Got command from the client 'new,,00faf2ac-8bc9-4071-aa0c-6e6b3ba67f5d'
ptd-server 2021-08-10 09:49:00,994 [INFO] Sending reply to client 'OK 2021-08-10_09-49-00,21674641-0592-4a2b-8a83-2d9f7405897d'
ptd-server 2021-08-10 09:49:01,213 [INFO] Got command from the client 'time'
ptd-server 2021-08-10 09:49:01,213 [INFO] Sending reply to client '1628614141.213555'
ptd-server 2021-08-10 09:49:01,213 [INFO] Got command from the client 'session,2021-08-10_09-49-00,start,ranging'
ptd-server 2021-08-10 09:49:01,322 [INFO] Running PTDaemon: ['C:\\PTD\\ptd-windows-x86.exe', '-l', 'C:\\Users\\lab\\AppData\\Local\\Temp\\tmpj173mow0\\ptd_logfile.txt', '-p', '8888', '-c', '3', '-y', '52', '10.32.209.251']
ptd-server 2021-08-10 09:49:18,949 [INFO] Sending to ptd: 'Hello'
ptd-server 2021-08-10 09:49:18,949 [INFO] Reply from ptd: 'Hello, PTDaemon here!'
ptd-server 2021-08-10 09:49:18,949 [INFO] Sending to ptd: 'Identify'
ptd-server 2021-08-10 09:49:18,949 [INFO] Reply from ptd: 'YokogawaWT330E,1000,1,1,1,1,0,0,1,version=1.9.2-3976349f-20201208,OS=Windows 8 / Server 2012,mode=power,1,1,1,0,0,no_cal_date,YOKOGAWA;WT333E;C2VL22012V;F1.04'
ptd-server 2021-08-10 09:49:18,949 [INFO] Connected to PTDaemon
ptd-server 2021-08-10 09:49:18,949 [INFO] Sending to ptd: 'RR'
ptd-server 2021-08-10 09:49:18,949 [INFO] Reply from ptd: 'Ranges,0,1.000000,1,150.000000'
ptd-server 2021-08-10 09:49:18,949 [INFO] Initial range for Amps is 1.000000 for Volts is Auto
ptd-server 2021-08-10 09:49:18,949 [INFO] Sending to ptd: 'SR,V,Auto'
ptd-server 2021-08-10 09:49:19,461 [INFO] Reply from ptd: 'Range V changed'
ptd-server 2021-08-10 09:49:19,461 [INFO] Sending to ptd: 'SR,A,20'
ptd-server 2021-08-10 09:49:20,980 [INFO] Reply from ptd: 'Range A changed'
ptd-server 2021-08-10 09:49:30,988 [INFO] Starting ranging mode
ptd-server 2021-08-10 09:49:30,988 [INFO] Sending to ptd: 'Go,1000,0,2021-08-10_09-49-00_ranging'
ptd-server 2021-08-10 09:49:30,988 [INFO] Reply from ptd: 'Starting untimed measurement, maximum 500000 samples at 1000ms with 0 rampup samples'
ptd-server 2021-08-10 09:49:30,988 [INFO] Sending reply to client 'OK'
ptd-server 2021-08-10 10:01:21,936 [INFO] Got command from the client 'session,2021-08-10_09-49-00,stop,ranging'
ptd-server 2021-08-10 10:01:31,950 [INFO] Sending to ptd: 'Stop'
ptd-server 2021-08-10 10:01:31,950 [INFO] Reply from ptd: 'Stopping untimed measurement'
ptd-server 2021-08-10 10:01:31,965 [INFO] Sending reply to client 'OK'
ptd-server 2021-08-10 10:01:32,246 [INFO] Got command from the client 'time'
ptd-server 2021-08-10 10:01:32,262 [INFO] Sending reply to client '1628614892.262468'
ptd-server 2021-08-10 10:01:32,262 [INFO] Got command from the client 'session,2021-08-10_09-49-00,start,testing'
ptd-server 2021-08-10 10:01:32,262 [INFO] Sending to ptd: 'SR,V,119.810000'
ptd-server 2021-08-10 10:01:33,788 [INFO] Reply from ptd: 'Range V changed'
ptd-server 2021-08-10 10:01:33,788 [INFO] Sending to ptd: 'SR,A,0.477000'
ptd-server 2021-08-10 10:01:35,311 [INFO] Reply from ptd: 'Range A changed'
ptd-server 2021-08-10 10:01:45,323 [INFO] Starting testing mode
ptd-server 2021-08-10 10:01:45,323 [INFO] Sending to ptd: 'Go,1000,0,2021-08-10_09-49-00_testing'
ptd-server 2021-08-10 10:01:45,323 [INFO] Reply from ptd: 'Starting untimed measurement, maximum 500000 samples at 1000ms with 0 rampup samples'
ptd-server 2021-08-10 10:01:45,323 [INFO] Sending reply to client 'OK'
ptd-server 2021-08-10 10:13:27,621 [INFO] Got command from the client 'session,2021-08-10_09-49-00,stop,testing'
ptd-server 2021-08-10 10:13:37,621 [INFO] Sending to ptd: 'Stop'
ptd-server 2021-08-10 10:13:37,621 [INFO] Reply from ptd: 'Stopping untimed measurement'
ptd-server 2021-08-10 10:13:37,636 [INFO] Sending reply to client 'OK'
ptd-server 2021-08-10 10:13:37,699 [INFO] Got command from the client 'session,2021-08-10_09-49-00,done'
ptd-server 2021-08-10 10:13:37,699 [INFO] Sending to ptd: 'Stop'
ptd-server 2021-08-10 10:13:38,331 [INFO] Reply from ptd: 'Error: no measurement to stop'
ptd-server 2021-08-10 10:13:38,331 [INFO] Sending to ptd: 'SR,V,Auto'
ptd-server 2021-08-10 10:13:38,839 [INFO] Reply from ptd: 'Range V changed'
ptd-server 2021-08-10 10:13:38,839 [INFO] Sending to ptd: 'SR,A,1.000000'
ptd-server 2021-08-10 10:13:40,371 [INFO] Reply from ptd: 'Range A changed'
ptd-server 2021-08-10 10:13:40,371 [INFO] Set initial values for Amps 1.000000 and Volts Auto
ptd-server 2021-08-10 10:13:40,371 [INFO] Stopping ptd...
