ptd-server 2021-08-13 05:11:48,904 [INFO] Got command from the client 'stop'
ptd-server 2021-08-13 05:11:48,905 [INFO] The server will be stopped after processing this client
ptd-server 2021-08-13 05:11:48,905 [INFO] Sending reply to client 'OK'
ptd-server 2021-08-13 05:11:48,910 [INFO] Got command from the client 'time'
ptd-server 2021-08-13 05:11:48,911 [INFO] Sending reply to client '1628831508.9117656'
ptd-server 2021-08-13 05:11:48,913 [INFO] Got command from the client 'new,,f014057e-b7e6-4ee1-89b7-85db1439ba3d'
ptd-server 2021-08-13 05:11:48,914 [INFO] Sending reply to client 'OK 2021-08-13_05-11-48,fbd035d6-c73d-4383-8bf1-06e37476bd36'
ptd-server 2021-08-13 05:11:48,919 [INFO] Got command from the client 'time'
ptd-server 2021-08-13 05:11:48,920 [INFO] Sending reply to client '1628831508.9201436'
ptd-server 2021-08-13 05:11:48,921 [INFO] Got command from the client 'session,2021-08-13_05-11-48,start,ranging'
ptd-server 2021-08-13 05:11:49,035 [INFO] Running PTDaemon: ['.\\ptd-windows-x86.exe', '-l', 'C:\\Users\\root\\AppData\\Local\\Temp\\tmp_h42kdbd\\ptd_logfile.txt', '-p', '8888', '-g', '8', '1']
ptd-server 2021-08-13 05:12:01,767 [INFO] Sending to ptd: 'Hello'
ptd-server 2021-08-13 05:12:01,768 [INFO] Reply from ptd: 'Hello, PTDaemon here!'
ptd-server 2021-08-13 05:12:01,768 [INFO] Sending to ptd: 'Identify'
ptd-server 2021-08-13 05:12:01,769 [INFO] Reply from ptd: 'YokogawaWT210,1000,1,1,1,1,0,0,1,version=1.9.2-3976349f-20201208,OS=Windows 8 / Server 2012,mode=power,1,1,1,0,0,no_cal_date,YOKOGAWA;760401;0;F1.12'
ptd-server 2021-08-13 05:12:01,770 [INFO] Connected to PTDaemon
ptd-server 2021-08-13 05:12:01,771 [INFO] Sending to ptd: 'RR'
ptd-server 2021-08-13 05:12:01,772 [INFO] Reply from ptd: 'Ranges,1,5.000000,1,150.000000'
ptd-server 2021-08-13 05:12:01,772 [INFO] Initial range for Amps is Auto for Volts is Auto
ptd-server 2021-08-13 05:12:01,773 [INFO] Sending to ptd: 'SR,V,Auto'
ptd-server 2021-08-13 05:12:02,294 [INFO] Reply from ptd: 'Range V changed'
ptd-server 2021-08-13 05:12:02,295 [INFO] Sending to ptd: 'SR,A,Auto'
ptd-server 2021-08-13 05:12:02,820 [INFO] Reply from ptd: 'Range A changed'
ptd-server 2021-08-13 05:12:12,833 [INFO] Starting ranging mode
ptd-server 2021-08-13 05:12:12,833 [INFO] Sending to ptd: 'Go,1000,0,2021-08-13_05-11-48_ranging'
ptd-server 2021-08-13 05:12:12,834 [INFO] Reply from ptd: 'Starting untimed measurement, maximum 500000 samples at 1000ms with 0 rampup samples'
ptd-server 2021-08-13 05:12:12,835 [INFO] Sending reply to client 'OK'
ptd-server 2021-08-13 05:24:40,092 [INFO] Got command from the client 'session,2021-08-13_05-11-48,stop,ranging'
ptd-server 2021-08-13 05:24:50,099 [INFO] Sending to ptd: 'Stop'
ptd-server 2021-08-13 05:24:50,100 [INFO] Reply from ptd: 'Stopping untimed measurement'
ptd-server 2021-08-13 05:24:50,126 [INFO] Sending reply to client 'OK'
ptd-server 2021-08-13 05:24:50,140 [INFO] Got command from the client 'time'
ptd-server 2021-08-13 05:24:50,141 [INFO] Sending reply to client '1628832290.141162'
ptd-server 2021-08-13 05:24:50,142 [INFO] Got command from the client 'session,2021-08-13_05-11-48,start,testing'
ptd-server 2021-08-13 05:24:50,142 [INFO] Sending to ptd: 'SR,V,121.700000'
ptd-server 2021-08-13 05:24:52,368 [INFO] Reply from ptd: 'Range V changed'
ptd-server 2021-08-13 05:24:52,369 [INFO] Sending to ptd: 'SR,A,4.916200'
ptd-server 2021-08-13 05:24:53,892 [INFO] Reply from ptd: 'Range A changed'
ptd-server 2021-08-13 05:25:03,908 [INFO] Starting testing mode
ptd-server 2021-08-13 05:25:03,908 [INFO] Sending to ptd: 'Go,1000,0,2021-08-13_05-11-48_testing'
ptd-server 2021-08-13 05:25:03,909 [INFO] Reply from ptd: 'Starting untimed measurement, maximum 500000 samples at 1000ms with 0 rampup samples'
ptd-server 2021-08-13 05:25:03,910 [INFO] Sending reply to client 'OK'
ptd-server 2021-08-13 05:37:31,806 [INFO] Got command from the client 'session,2021-08-13_05-11-48,stop,testing'
ptd-server 2021-08-13 05:37:41,823 [INFO] Sending to ptd: 'Stop'
ptd-server 2021-08-13 05:37:41,824 [INFO] Reply from ptd: 'Stopping untimed measurement'
ptd-server 2021-08-13 05:37:41,850 [INFO] Sending reply to client 'OK'
ptd-server 2021-08-13 05:37:41,858 [INFO] Got command from the client 'session,2021-08-13_05-11-48,done'
ptd-server 2021-08-13 05:37:41,858 [INFO] Sending to ptd: 'Stop'
ptd-server 2021-08-13 05:37:41,920 [INFO] Reply from ptd: 'Error: no measurement to stop'
ptd-server 2021-08-13 05:37:41,920 [INFO] Sending to ptd: 'SR,V,Auto'
ptd-server 2021-08-13 05:37:42,444 [INFO] Reply from ptd: 'Range V changed'
ptd-server 2021-08-13 05:37:42,445 [INFO] Sending to ptd: 'SR,A,Auto'
ptd-server 2021-08-13 05:37:42,964 [INFO] Reply from ptd: 'Range A changed'
ptd-server 2021-08-13 05:37:42,965 [INFO] Set initial values for Amps Auto and Volts Auto
ptd-server 2021-08-13 05:37:42,966 [INFO] Stopping ptd...
