ptd-server 2021-08-07 17:36:37,461 [INFO] Got command from the client 'time'
ptd-server 2021-08-07 17:36:37,461 [INFO] Sending reply to client '1628354197.4616482'
ptd-server 2021-08-07 17:36:37,464 [INFO] Got command from the client 'new,,6c6ac580-2ab6-4a31-a991-f8d9aaa3471d'
ptd-server 2021-08-07 17:36:37,464 [INFO] Sending reply to client 'OK 2021-08-07_17-36-37,73215043-7b09-44d4-a9c8-ed1cbdbafba0'
ptd-server 2021-08-07 17:36:37,499 [INFO] Got command from the client 'time'
ptd-server 2021-08-07 17:36:37,499 [INFO] Sending reply to client '1628354197.4995718'
ptd-server 2021-08-07 17:36:37,501 [INFO] Got command from the client 'session,2021-08-07_17-36-37,start,ranging'
ptd-server 2021-08-07 17:36:37,501 [INFO] Running PTDaemon: ['/home/anton/projects/mlperf/power/inference_v1.0/ptd-linux-x86', '-l', '/tmp/tmpr3iqmcco/ptd_logfile.txt', '-p', '8888', '49', '/dev/usbtmc0']
ptd-server 2021-08-07 17:36:54,674 [INFO] Sending to ptd: 'Hello'
ptd-server 2021-08-07 17:36:54,675 [INFO] Reply from ptd: 'Hello, PTDaemon here!'
ptd-server 2021-08-07 17:36:54,675 [INFO] Sending to ptd: 'Identify'
ptd-server 2021-08-07 17:36:54,675 [INFO] Reply from ptd: 'YokogawaWT310E,1000,1,1,1,1,0,1,1,version=1.9.2-e8c7a49a-20201208,OS=Linux 5.8.0-63-generic #71~20.04.1-Ubuntu SMP Thu Jul 15 17:46:08 UTC 2021 x86_64,mode=power,1,1,1,0,0,no_cal_date,YOKOGAWA;WT310E;C3XA04010E;F1.04'
ptd-server 2021-08-07 17:36:54,676 [INFO] Connected to PTDaemon
ptd-server 2021-08-07 17:36:54,676 [INFO] Sending to ptd: 'RR'
ptd-server 2021-08-07 17:36:54,676 [INFO] Reply from ptd: 'Ranges,0,0.500000,0,300.000000'
ptd-server 2021-08-07 17:36:54,676 [INFO] Initial range for Amps is 0.500000 for Volts is 300.000000
ptd-server 2021-08-07 17:36:54,676 [INFO] Sending to ptd: 'SR,V,Auto'
ptd-server 2021-08-07 17:36:55,179 [INFO] Reply from ptd: 'Range V changed'
ptd-server 2021-08-07 17:36:55,179 [INFO] Sending to ptd: 'SR,A,Auto'
ptd-server 2021-08-07 17:36:55,682 [INFO] Reply from ptd: 'Range A changed'
ptd-server 2021-08-07 17:37:05,692 [INFO] Starting ranging mode
ptd-server 2021-08-07 17:37:05,692 [INFO] Sending to ptd: 'Go,1000,0,2021-08-07_17-36-37_ranging'
ptd-server 2021-08-07 17:37:05,693 [INFO] Reply from ptd: 'Starting untimed measurement, maximum 500000 samples at 1000ms with 0 rampup samples'
ptd-server 2021-08-07 17:37:05,693 [INFO] Sending reply to client 'OK'
ptd-server 2021-08-07 17:47:25,591 [INFO] Got command from the client 'session,2021-08-07_17-36-37,stop,ranging'
ptd-server 2021-08-07 17:47:35,602 [INFO] Sending to ptd: 'Stop'
ptd-server 2021-08-07 17:47:35,602 [INFO] Reply from ptd: 'Stopping untimed measurement'
ptd-server 2021-08-07 17:47:35,647 [INFO] Sending reply to client 'OK'
ptd-server 2021-08-07 17:47:35,707 [INFO] Got command from the client 'time'
ptd-server 2021-08-07 17:47:35,707 [INFO] Sending reply to client '1628354855.7074938'
ptd-server 2021-08-07 17:47:35,709 [INFO] Got command from the client 'session,2021-08-07_17-36-37,start,testing'
ptd-server 2021-08-07 17:47:35,710 [INFO] Sending to ptd: 'SR,V,251.490000'
ptd-server 2021-08-07 17:47:37,211 [INFO] Reply from ptd: 'Range V changed'
ptd-server 2021-08-07 17:47:37,211 [INFO] Sending to ptd: 'SR,A,0.177420'
ptd-server 2021-08-07 17:47:38,712 [INFO] Reply from ptd: 'Range A changed'
ptd-server 2021-08-07 17:47:48,723 [INFO] Starting testing mode
ptd-server 2021-08-07 17:47:48,723 [INFO] Sending to ptd: 'Go,1000,0,2021-08-07_17-36-37_testing'
ptd-server 2021-08-07 17:47:48,723 [INFO] Reply from ptd: 'Starting untimed measurement, maximum 500000 samples at 1000ms with 0 rampup samples'
ptd-server 2021-08-07 17:47:48,723 [INFO] Sending reply to client 'OK'
ptd-server 2021-08-07 17:58:08,664 [INFO] Got command from the client 'session,2021-08-07_17-36-37,stop,testing'
ptd-server 2021-08-07 17:58:18,674 [INFO] Sending to ptd: 'Stop'
ptd-server 2021-08-07 17:58:18,675 [INFO] Reply from ptd: 'Stopping untimed measurement'
ptd-server 2021-08-07 17:58:18,698 [INFO] Sending reply to client 'OK'
ptd-server 2021-08-07 17:58:18,718 [INFO] Got command from the client 'session,2021-08-07_17-36-37,done'
ptd-server 2021-08-07 17:58:18,718 [INFO] Sending to ptd: 'Stop'
ptd-server 2021-08-07 17:58:18,724 [INFO] Reply from ptd: 'Error: no measurement to stop'
ptd-server 2021-08-07 17:58:18,724 [INFO] Sending to ptd: 'SR,V,300.000000'
ptd-server 2021-08-07 17:58:20,225 [INFO] Reply from ptd: 'Range V changed'
ptd-server 2021-08-07 17:58:20,225 [INFO] Sending to ptd: 'SR,A,0.500000'
ptd-server 2021-08-07 17:58:21,727 [INFO] Reply from ptd: 'Range A changed'
ptd-server 2021-08-07 17:58:21,727 [INFO] Set initial values for Amps 0.500000 and Volts 300.000000
ptd-server 2021-08-07 17:58:21,727 [INFO] Stopping ptd...
