ptd-server 2021-08-07 03:05:39,031 [INFO] Got command from the client 'stop'
ptd-server 2021-08-07 03:05:39,031 [INFO] The server will be stopped after processing this client
ptd-server 2021-08-07 03:05:39,031 [INFO] Sending reply to client 'OK'
ptd-server 2021-08-07 03:05:39,234 [INFO] Got command from the client 'time'
ptd-server 2021-08-07 03:05:39,234 [INFO] Sending reply to client '1628330739.2341948'
ptd-server 2021-08-07 03:05:39,234 [INFO] Got command from the client 'new,,cfdc325f-6e3b-4863-affa-4abe2bc68313'
ptd-server 2021-08-07 03:05:39,234 [INFO] Sending reply to client 'OK 2021-08-07_03-05-39,d2313bfb-23f2-47a6-a11a-3ada9cf7e7e3'
ptd-server 2021-08-07 03:05:39,450 [INFO] Got command from the client 'time'
ptd-server 2021-08-07 03:05:39,450 [INFO] Sending reply to client '1628330739.4503114'
ptd-server 2021-08-07 03:05:39,450 [INFO] Got command from the client 'session,2021-08-07_03-05-39,start,ranging'
ptd-server 2021-08-07 03:05:39,557 [INFO] Running PTDaemon: ['C:\\PTD\\ptd-windows-x86.exe', '-l', 'C:\\Users\\lab\\AppData\\Local\\Temp\\tmpu938oxon\\ptd_logfile.txt', '-p', '8888', '-c', '1', '-y', '52', '172.18.220.100']
ptd-server 2021-08-07 03:05:57,171 [INFO] Sending to ptd: 'Hello'
ptd-server 2021-08-07 03:05:57,171 [INFO] Reply from ptd: 'Hello, PTDaemon here!'
ptd-server 2021-08-07 03:05:57,171 [INFO] Sending to ptd: 'Identify'
ptd-server 2021-08-07 03:05:57,171 [INFO] Reply from ptd: 'YokogawaWT330E,1000,1,1,1,1,0,0,1,version=1.9.2-3976349f-20201208,OS=Windows 8 / Server 2012,mode=power,1,1,1,0,0,no_cal_date,YOKOGAWA;WT333E;C2WC23035V;F1.04'
ptd-server 2021-08-07 03:05:57,171 [INFO] Connected to PTDaemon
ptd-server 2021-08-07 03:05:57,171 [INFO] Sending to ptd: 'RR'
ptd-server 2021-08-07 03:05:57,171 [INFO] Reply from ptd: 'Ranges,1,5.000000,1,300.000000'
ptd-server 2021-08-07 03:05:57,171 [INFO] Initial range for Amps is Auto for Volts is Auto
ptd-server 2021-08-07 03:05:57,171 [INFO] Sending to ptd: 'SR,V,Auto'
ptd-server 2021-08-07 03:05:57,687 [INFO] Reply from ptd: 'Range V changed'
ptd-server 2021-08-07 03:05:57,687 [INFO] Sending to ptd: 'SR,A,20'
ptd-server 2021-08-07 03:05:59,195 [INFO] Reply from ptd: 'Range A changed'
ptd-server 2021-08-07 03:06:09,203 [INFO] Starting ranging mode
ptd-server 2021-08-07 03:06:09,203 [INFO] Sending to ptd: 'Go,1000,0,2021-08-07_03-05-39_ranging'
ptd-server 2021-08-07 03:06:09,203 [INFO] Reply from ptd: 'Starting untimed measurement, maximum 500000 samples at 1000ms with 0 rampup samples'
ptd-server 2021-08-07 03:06:09,203 [INFO] Sending reply to client 'OK'
ptd-server 2021-08-07 03:18:35,010 [INFO] Got command from the client 'session,2021-08-07_03-05-39,stop,ranging'
ptd-server 2021-08-07 03:18:45,020 [INFO] Sending to ptd: 'Stop'
ptd-server 2021-08-07 03:18:45,020 [INFO] Reply from ptd: 'Stopping untimed measurement'
ptd-server 2021-08-07 03:18:45,036 [INFO] Sending reply to client 'OK'
ptd-server 2021-08-07 03:18:45,277 [INFO] Got command from the client 'time'
ptd-server 2021-08-07 03:18:45,277 [INFO] Sending reply to client '1628331525.2774918'
ptd-server 2021-08-07 03:18:45,277 [INFO] Got command from the client 'session,2021-08-07_03-05-39,start,testing'
ptd-server 2021-08-07 03:18:45,277 [INFO] Sending to ptd: 'SR,V,206.500000'
ptd-server 2021-08-07 03:18:46,799 [INFO] Reply from ptd: 'Range V changed'
ptd-server 2021-08-07 03:18:46,799 [INFO] Sending to ptd: 'SR,A,5.910000'
ptd-server 2021-08-07 03:18:48,313 [INFO] Reply from ptd: 'Range A changed'
ptd-server 2021-08-07 03:18:58,322 [INFO] Starting testing mode
ptd-server 2021-08-07 03:18:58,322 [INFO] Sending to ptd: 'Go,1000,0,2021-08-07_03-05-39_testing'
ptd-server 2021-08-07 03:18:58,322 [INFO] Reply from ptd: 'Starting untimed measurement, maximum 500000 samples at 1000ms with 0 rampup samples'
ptd-server 2021-08-07 03:18:58,322 [INFO] Sending reply to client 'OK'
ptd-server 2021-08-07 03:31:25,314 [INFO] Got command from the client 'session,2021-08-07_03-05-39,stop,testing'
ptd-server 2021-08-07 03:31:35,328 [INFO] Sending to ptd: 'Stop'
ptd-server 2021-08-07 03:31:35,328 [INFO] Reply from ptd: 'Stopping untimed measurement'
ptd-server 2021-08-07 03:31:35,344 [INFO] Sending reply to client 'OK'
ptd-server 2021-08-07 03:31:35,391 [INFO] Got command from the client 'session,2021-08-07_03-05-39,done'
ptd-server 2021-08-07 03:31:35,391 [INFO] Sending to ptd: 'Stop'
ptd-server 2021-08-07 03:31:36,328 [INFO] Reply from ptd: 'Error: no measurement to stop'
ptd-server 2021-08-07 03:31:36,328 [INFO] Sending to ptd: 'SR,V,Auto'
ptd-server 2021-08-07 03:31:36,840 [INFO] Reply from ptd: 'Range V changed'
ptd-server 2021-08-07 03:31:36,840 [INFO] Sending to ptd: 'SR,A,Auto'
ptd-server 2021-08-07 03:31:37,356 [INFO] Reply from ptd: 'Range A changed'
ptd-server 2021-08-07 03:31:37,356 [INFO] Set initial values for Amps Auto and Volts Auto
ptd-server 2021-08-07 03:31:37,356 [INFO] Stopping ptd...
