ptd-server 2021-08-12 10:52:48,649 [INFO] Got command from the client 'time'
ptd-server 2021-08-12 10:52:48,650 [INFO] Sending reply to client '1628783568.6500304'
ptd-server 2021-08-12 10:52:48,650 [INFO] Got command from the client 'new,,39281e3b-f747-454b-85fe-b4212a27de5d'
ptd-server 2021-08-12 10:52:48,651 [INFO] Sending reply to client 'OK 2021-08-12_10-52-48,67f78d6a-f42a-49d8-b35e-4be50a49ab25'
ptd-server 2021-08-12 10:52:48,760 [INFO] Got command from the client 'time'
ptd-server 2021-08-12 10:52:48,760 [INFO] Sending reply to client '1628783568.7603035'
ptd-server 2021-08-12 10:52:48,761 [INFO] Got command from the client 'session,2021-08-12_10-52-48,start,ranging'
ptd-server 2021-08-12 10:52:48,761 [INFO] Running PTDaemon: ['/local/mnt/workspace/mlcommons/power-main/inference_v1.0/ptd-linux-x86', '-l', '/tmp/tmplv9kx47f/ptd_logfile.txt', '-p', '8888', '49', '/dev/usbtmc1']
ptd-server 2021-08-12 10:53:05,878 [INFO] Sending to ptd: 'Hello'
ptd-server 2021-08-12 10:53:05,878 [INFO] Reply from ptd: 'Hello, PTDaemon here!'
ptd-server 2021-08-12 10:53:05,879 [INFO] Sending to ptd: 'Identify'
ptd-server 2021-08-12 10:53:05,879 [INFO] Reply from ptd: 'YokogawaWT310E,1000,1,1,1,1,0,1,1,version=1.9.2-e8c7a49a-20201208,OS=Linux 4.15.0-64-generic #73-Ubuntu SMP Thu Sep 12 13:16:13 UTC 2019 x86_64,mode=power,1,1,1,0,0,no_cal_date,YOKOGAWA;WT310E;C2XF16030V;F1.04'
ptd-server 2021-08-12 10:53:05,879 [INFO] Connected to PTDaemon
ptd-server 2021-08-12 10:53:05,880 [INFO] Sending to ptd: 'RR'
ptd-server 2021-08-12 10:53:05,880 [INFO] Reply from ptd: 'Ranges,1,2.000000,1,150.000000'
ptd-server 2021-08-12 10:53:05,880 [INFO] Initial range for Amps is Auto for Volts is Auto
ptd-server 2021-08-12 10:53:05,880 [INFO] Sending to ptd: 'SR,V,Auto'
ptd-server 2021-08-12 10:53:06,383 [INFO] Reply from ptd: 'Range V changed'
ptd-server 2021-08-12 10:53:06,384 [INFO] Sending to ptd: 'SR,A,20'
ptd-server 2021-08-12 10:53:07,885 [INFO] Reply from ptd: 'Range A changed'
ptd-server 2021-08-12 10:53:17,896 [INFO] Starting ranging mode
ptd-server 2021-08-12 10:53:17,896 [INFO] Sending to ptd: 'Go,1000,0,2021-08-12_10-52-48_ranging'
ptd-server 2021-08-12 10:53:17,897 [INFO] Reply from ptd: 'Starting untimed measurement, maximum 500000 samples at 1000ms with 0 rampup samples'
ptd-server 2021-08-12 10:53:17,897 [INFO] Sending reply to client 'OK'
ptd-server 2021-08-12 11:03:38,653 [INFO] Got command from the client 'session,2021-08-12_10-52-48,stop,ranging'
ptd-server 2021-08-12 11:03:48,664 [INFO] Sending to ptd: 'Stop'
ptd-server 2021-08-12 11:03:48,665 [INFO] Reply from ptd: 'Stopping untimed measurement'
ptd-server 2021-08-12 11:03:48,689 [INFO] Sending reply to client 'OK'
ptd-server 2021-08-12 11:03:48,787 [INFO] Got command from the client 'time'
ptd-server 2021-08-12 11:03:48,787 [INFO] Sending reply to client '1628784228.7879257'
ptd-server 2021-08-12 11:03:48,788 [INFO] Got command from the client 'session,2021-08-12_10-52-48,start,testing'
ptd-server 2021-08-12 11:03:48,788 [INFO] Sending to ptd: 'SR,V,118.560000'
ptd-server 2021-08-12 11:03:50,399 [INFO] Reply from ptd: 'Range V changed'
ptd-server 2021-08-12 11:03:50,399 [INFO] Sending to ptd: 'SR,A,2.119000'
ptd-server 2021-08-12 11:03:51,901 [INFO] Reply from ptd: 'Range A changed'
ptd-server 2021-08-12 11:04:01,909 [INFO] Starting testing mode
ptd-server 2021-08-12 11:04:01,910 [INFO] Sending to ptd: 'Go,1000,0,2021-08-12_10-52-48_testing'
ptd-server 2021-08-12 11:04:01,910 [INFO] Reply from ptd: 'Starting untimed measurement, maximum 500000 samples at 1000ms with 0 rampup samples'
ptd-server 2021-08-12 11:04:01,911 [INFO] Sending reply to client 'OK'
ptd-server 2021-08-12 11:14:21,108 [INFO] Got command from the client 'session,2021-08-12_10-52-48,stop,testing'
ptd-server 2021-08-12 11:14:31,118 [INFO] Sending to ptd: 'Stop'
ptd-server 2021-08-12 11:14:31,119 [INFO] Reply from ptd: 'Stopping untimed measurement'
ptd-server 2021-08-12 11:14:31,131 [INFO] Sending reply to client 'OK'
ptd-server 2021-08-12 11:14:31,137 [INFO] Got command from the client 'session,2021-08-12_10-52-48,done'
ptd-server 2021-08-12 11:14:31,137 [INFO] Sending to ptd: 'Stop'
ptd-server 2021-08-12 11:14:31,911 [INFO] Reply from ptd: 'Error: no measurement to stop'
ptd-server 2021-08-12 11:14:31,911 [INFO] Sending to ptd: 'SR,V,Auto'
ptd-server 2021-08-12 11:14:32,414 [INFO] Reply from ptd: 'Range V changed'
ptd-server 2021-08-12 11:14:32,414 [INFO] Sending to ptd: 'SR,A,Auto'
ptd-server 2021-08-12 11:14:32,917 [INFO] Reply from ptd: 'Range A changed'
ptd-server 2021-08-12 11:14:32,917 [INFO] Set initial values for Amps Auto and Volts Auto
ptd-server 2021-08-12 11:14:32,918 [INFO] Stopping ptd...
