ptd-server 2021-08-10 11:25:51,230 [INFO] Got command from the client 'time'
ptd-server 2021-08-10 11:25:51,230 [INFO] Sending reply to client '1628591151.230962'
ptd-server 2021-08-10 11:25:51,235 [INFO] Got command from the client 'new,,616ae3ab-0c52-426d-afa0-a07e33e39761'
ptd-server 2021-08-10 11:25:51,235 [INFO] Sending reply to client 'OK 2021-08-10_11-25-51,e8712e0e-506f-4a07-8daf-5ac4b1387d9c'
ptd-server 2021-08-10 11:25:51,283 [INFO] Got command from the client 'time'
ptd-server 2021-08-10 11:25:51,283 [INFO] Sending reply to client '1628591151.283144'
ptd-server 2021-08-10 11:25:51,285 [INFO] Got command from the client 'session,2021-08-10_11-25-51,start,ranging'
ptd-server 2021-08-10 11:25:51,286 [INFO] Running PTDaemon: ['/home/anton/projects/mlperf/power/inference_v1.0/ptd-linux-x86', '-l', '/tmp/tmpr3iqmcco/ptd_logfile.txt', '-p', '8888', '49', '/dev/usbtmc0']
ptd-server 2021-08-10 11:26:08,458 [INFO] Sending to ptd: 'Hello'
ptd-server 2021-08-10 11:26:08,459 [INFO] Reply from ptd: 'Hello, PTDaemon here!'
ptd-server 2021-08-10 11:26:08,459 [INFO] Sending to ptd: 'Identify'
ptd-server 2021-08-10 11:26:08,460 [INFO] Reply from ptd: 'YokogawaWT310E,1000,1,1,1,1,0,1,1,version=1.9.2-e8c7a49a-20201208,OS=Linux 5.8.0-63-generic #71~20.04.1-Ubuntu SMP Thu Jul 15 17:46:08 UTC 2021 x86_64,mode=power,1,1,1,0,0,no_cal_date,YOKOGAWA;WT310E;C3XA04010E;F1.04'
ptd-server 2021-08-10 11:26:08,460 [INFO] Connected to PTDaemon
ptd-server 2021-08-10 11:26:08,460 [INFO] Sending to ptd: 'RR'
ptd-server 2021-08-10 11:26:08,460 [INFO] Reply from ptd: 'Ranges,0,0.500000,0,300.000000'
ptd-server 2021-08-10 11:26:08,460 [INFO] Initial range for Amps is 0.500000 for Volts is 300.000000
ptd-server 2021-08-10 11:26:08,460 [INFO] Sending to ptd: 'SR,V,Auto'
ptd-server 2021-08-10 11:26:08,963 [INFO] Reply from ptd: 'Range V changed'
ptd-server 2021-08-10 11:26:08,963 [INFO] Sending to ptd: 'SR,A,Auto'
ptd-server 2021-08-10 11:26:09,466 [INFO] Reply from ptd: 'Range A changed'
ptd-server 2021-08-10 11:26:19,468 [INFO] Starting ranging mode
ptd-server 2021-08-10 11:26:19,468 [INFO] Sending to ptd: 'Go,1000,0,2021-08-10_11-25-51_ranging'
ptd-server 2021-08-10 11:26:19,468 [INFO] Reply from ptd: 'Starting untimed measurement, maximum 500000 samples at 1000ms with 0 rampup samples'
ptd-server 2021-08-10 11:26:19,468 [INFO] Sending reply to client 'OK'
ptd-server 2021-08-10 11:36:53,238 [INFO] Got command from the client 'session,2021-08-10_11-25-51,stop,ranging'
ptd-server 2021-08-10 11:37:03,248 [INFO] Sending to ptd: 'Stop'
ptd-server 2021-08-10 11:37:03,248 [INFO] Reply from ptd: 'Stopping untimed measurement'
ptd-server 2021-08-10 11:37:03,495 [INFO] Sending reply to client 'OK'
ptd-server 2021-08-10 11:37:03,571 [INFO] Got command from the client 'time'
ptd-server 2021-08-10 11:37:03,571 [INFO] Sending reply to client '1628591823.571392'
ptd-server 2021-08-10 11:37:03,574 [INFO] Got command from the client 'session,2021-08-10_11-25-51,start,testing'
ptd-server 2021-08-10 11:37:03,574 [INFO] Sending to ptd: 'SR,V,249.930000'
ptd-server 2021-08-10 11:37:05,075 [INFO] Reply from ptd: 'Range V changed'
ptd-server 2021-08-10 11:37:05,075 [INFO] Sending to ptd: 'SR,A,0.097450'
ptd-server 2021-08-10 11:37:06,577 [INFO] Reply from ptd: 'Range A changed'
ptd-server 2021-08-10 11:37:16,587 [INFO] Starting testing mode
ptd-server 2021-08-10 11:37:16,587 [INFO] Sending to ptd: 'Go,1000,0,2021-08-10_11-25-51_testing'
ptd-server 2021-08-10 11:37:16,588 [INFO] Reply from ptd: 'Starting untimed measurement, maximum 500000 samples at 1000ms with 0 rampup samples'
ptd-server 2021-08-10 11:37:16,588 [INFO] Sending reply to client 'OK'
ptd-server 2021-08-10 11:47:50,863 [INFO] Got command from the client 'session,2021-08-10_11-25-51,stop,testing'
ptd-server 2021-08-10 11:48:00,873 [INFO] Sending to ptd: 'Stop'
ptd-server 2021-08-10 11:48:00,874 [INFO] Reply from ptd: 'Stopping untimed measurement'
ptd-server 2021-08-10 11:48:01,008 [INFO] Sending reply to client 'OK'
ptd-server 2021-08-10 11:48:01,034 [INFO] Got command from the client 'session,2021-08-10_11-25-51,done'
ptd-server 2021-08-10 11:48:01,034 [INFO] Sending to ptd: 'Stop'
ptd-server 2021-08-10 11:48:01,588 [INFO] Reply from ptd: 'Error: no measurement to stop'
ptd-server 2021-08-10 11:48:01,588 [INFO] Sending to ptd: 'SR,V,300.000000'
ptd-server 2021-08-10 11:48:03,090 [INFO] Reply from ptd: 'Range V changed'
ptd-server 2021-08-10 11:48:03,090 [INFO] Sending to ptd: 'SR,A,0.500000'
ptd-server 2021-08-10 11:48:04,591 [INFO] Reply from ptd: 'Range A changed'
ptd-server 2021-08-10 11:48:04,592 [INFO] Set initial values for Amps 0.500000 and Volts 300.000000
ptd-server 2021-08-10 11:48:04,592 [INFO] Stopping ptd...
