ptd-server 2021-08-09 03:35:12,711 [INFO] Got command from the client 'time'
ptd-server 2021-08-09 03:35:12,711 [INFO] Sending reply to client '1628476512.7116294'
ptd-server 2021-08-09 03:35:12,713 [INFO] Got command from the client 'new,,f298279c-c4d2-4cef-b1c7-d448716df4c3'
ptd-server 2021-08-09 03:35:12,714 [INFO] Sending reply to client 'OK 2021-08-09_03-35-12,5b048d93-6bf5-44d2-b0ff-38d1b5643870'
ptd-server 2021-08-09 03:35:12,751 [INFO] Got command from the client 'time'
ptd-server 2021-08-09 03:35:12,751 [INFO] Sending reply to client '1628476512.7515152'
ptd-server 2021-08-09 03:35:12,754 [INFO] Got command from the client 'session,2021-08-09_03-35-12,start,ranging'
ptd-server 2021-08-09 03:35:12,754 [INFO] Running PTDaemon: ['/home/anton/projects/mlperf/power/inference_v1.0/ptd-linux-x86', '-l', '/tmp/tmpr3iqmcco/ptd_logfile.txt', '-p', '8888', '49', '/dev/usbtmc0']
ptd-server 2021-08-09 03:35:29,926 [INFO] Sending to ptd: 'Hello'
ptd-server 2021-08-09 03:35:29,926 [INFO] Reply from ptd: 'Hello, PTDaemon here!'
ptd-server 2021-08-09 03:35:29,926 [INFO] Sending to ptd: 'Identify'
ptd-server 2021-08-09 03:35:29,927 [INFO] Reply from ptd: 'YokogawaWT310E,1000,1,1,1,1,0,1,1,version=1.9.2-e8c7a49a-20201208,OS=Linux 5.8.0-63-generic #71~20.04.1-Ubuntu SMP Thu Jul 15 17:46:08 UTC 2021 x86_64,mode=power,1,1,1,0,0,no_cal_date,YOKOGAWA;WT310E;C3XA04010E;F1.04'
ptd-server 2021-08-09 03:35:29,927 [INFO] Connected to PTDaemon
ptd-server 2021-08-09 03:35:29,927 [INFO] Sending to ptd: 'RR'
ptd-server 2021-08-09 03:35:29,927 [INFO] Reply from ptd: 'Ranges,0,0.500000,0,300.000000'
ptd-server 2021-08-09 03:35:29,927 [INFO] Initial range for Amps is 0.500000 for Volts is 300.000000
ptd-server 2021-08-09 03:35:29,928 [INFO] Sending to ptd: 'SR,V,Auto'
ptd-server 2021-08-09 03:35:30,430 [INFO] Reply from ptd: 'Range V changed'
ptd-server 2021-08-09 03:35:30,430 [INFO] Sending to ptd: 'SR,A,Auto'
ptd-server 2021-08-09 03:35:30,933 [INFO] Reply from ptd: 'Range A changed'
ptd-server 2021-08-09 03:35:40,943 [INFO] Starting ranging mode
ptd-server 2021-08-09 03:35:40,943 [INFO] Sending to ptd: 'Go,1000,0,2021-08-09_03-35-12_ranging'
ptd-server 2021-08-09 03:35:40,944 [INFO] Reply from ptd: 'Starting untimed measurement, maximum 500000 samples at 1000ms with 0 rampup samples'
ptd-server 2021-08-09 03:35:40,944 [INFO] Sending reply to client 'OK'
ptd-server 2021-08-09 03:46:00,478 [INFO] Got command from the client 'session,2021-08-09_03-35-12,stop,ranging'
ptd-server 2021-08-09 03:46:10,488 [INFO] Sending to ptd: 'Stop'
ptd-server 2021-08-09 03:46:10,489 [INFO] Reply from ptd: 'Stopping untimed measurement'
ptd-server 2021-08-09 03:46:10,705 [INFO] Sending reply to client 'OK'
ptd-server 2021-08-09 03:46:10,767 [INFO] Got command from the client 'time'
ptd-server 2021-08-09 03:46:10,767 [INFO] Sending reply to client '1628477170.767201'
ptd-server 2021-08-09 03:46:10,770 [INFO] Got command from the client 'session,2021-08-09_03-35-12,start,testing'
ptd-server 2021-08-09 03:46:10,770 [INFO] Sending to ptd: 'SR,V,251.530000'
ptd-server 2021-08-09 03:46:12,445 [INFO] Reply from ptd: 'Range V changed'
ptd-server 2021-08-09 03:46:12,445 [INFO] Sending to ptd: 'SR,A,0.171880'
ptd-server 2021-08-09 03:46:13,947 [INFO] Reply from ptd: 'Range A changed'
ptd-server 2021-08-09 03:46:23,957 [INFO] Starting testing mode
ptd-server 2021-08-09 03:46:23,957 [INFO] Sending to ptd: 'Go,1000,0,2021-08-09_03-35-12_testing'
ptd-server 2021-08-09 03:46:23,957 [INFO] Reply from ptd: 'Starting untimed measurement, maximum 500000 samples at 1000ms with 0 rampup samples'
ptd-server 2021-08-09 03:46:23,957 [INFO] Sending reply to client 'OK'
ptd-server 2021-08-09 03:56:43,375 [INFO] Got command from the client 'session,2021-08-09_03-35-12,stop,testing'
ptd-server 2021-08-09 03:56:53,385 [INFO] Sending to ptd: 'Stop'
ptd-server 2021-08-09 03:56:53,386 [INFO] Reply from ptd: 'Stopping untimed measurement'
ptd-server 2021-08-09 03:56:53,504 [INFO] Sending reply to client 'OK'
ptd-server 2021-08-09 03:56:53,523 [INFO] Got command from the client 'session,2021-08-09_03-35-12,done'
ptd-server 2021-08-09 03:56:53,523 [INFO] Sending to ptd: 'Stop'
ptd-server 2021-08-09 03:56:53,958 [INFO] Reply from ptd: 'Error: no measurement to stop'
ptd-server 2021-08-09 03:56:53,958 [INFO] Sending to ptd: 'SR,V,300.000000'
ptd-server 2021-08-09 03:56:55,459 [INFO] Reply from ptd: 'Range V changed'
ptd-server 2021-08-09 03:56:55,460 [INFO] Sending to ptd: 'SR,A,0.500000'
ptd-server 2021-08-09 03:56:56,961 [INFO] Reply from ptd: 'Range A changed'
ptd-server 2021-08-09 03:56:56,961 [INFO] Set initial values for Amps 0.500000 and Volts 300.000000
ptd-server 2021-08-09 03:56:56,961 [INFO] Stopping ptd...
