ptd-server 2021-08-04 06:01:37,486 [INFO] Got command from the client 'stop'
ptd-server 2021-08-04 06:01:37,486 [INFO] The server will be stopped after processing this client
ptd-server 2021-08-04 06:01:37,486 [INFO] Sending reply to client 'OK'
ptd-server 2021-08-04 06:01:37,908 [INFO] Got command from the client 'time'
ptd-server 2021-08-04 06:01:37,923 [INFO] Sending reply to client '1628082097.9237897'
ptd-server 2021-08-04 06:01:37,923 [INFO] Got command from the client 'new,,1f0dee02-7edd-4fa7-aa9c-2c67c352136c'
ptd-server 2021-08-04 06:01:37,923 [INFO] Sending reply to client 'OK 2021-08-04_06-01-37,659687d3-cb86-490a-a06b-0cc39eff2daf'
ptd-server 2021-08-04 06:01:38,126 [INFO] Got command from the client 'time'
ptd-server 2021-08-04 06:01:38,126 [INFO] Sending reply to client '1628082098.1269236'
ptd-server 2021-08-04 06:01:38,142 [INFO] Got command from the client 'session,2021-08-04_06-01-37,start,ranging'
ptd-server 2021-08-04 06:01:38,251 [INFO] Running PTDaemon: ['C:\\PTD\\ptd-windows-x86.exe', '-l', 'C:\\Users\\lab\\AppData\\Local\\Temp\\tmp5231uhc8\\ptd_logfile.txt', '-p', '8888', '-c', '3', '-y', '52', '10.32.209.251']
ptd-server 2021-08-04 06:01:55,845 [INFO] Sending to ptd: 'Hello'
ptd-server 2021-08-04 06:01:55,845 [INFO] Reply from ptd: 'Hello, PTDaemon here!'
ptd-server 2021-08-04 06:01:55,845 [INFO] Sending to ptd: 'Identify'
ptd-server 2021-08-04 06:01:55,845 [INFO] Reply from ptd: 'YokogawaWT330E,1000,1,1,1,1,0,0,1,version=1.9.2-3976349f-20201208,OS=Windows 8 / Server 2012,mode=power,1,1,1,0,0,no_cal_date,YOKOGAWA;WT333E;C2VL22012V;F1.04'
ptd-server 2021-08-04 06:01:55,845 [INFO] Connected to PTDaemon
ptd-server 2021-08-04 06:01:55,845 [INFO] Sending to ptd: 'RR'
ptd-server 2021-08-04 06:01:55,845 [INFO] Reply from ptd: 'Ranges,0,10.000000,1,150.000000'
ptd-server 2021-08-04 06:01:55,845 [INFO] Initial range for Amps is 10.000000 for Volts is Auto
ptd-server 2021-08-04 06:01:55,845 [INFO] Sending to ptd: 'SR,V,Auto'
ptd-server 2021-08-04 06:01:56,359 [INFO] Reply from ptd: 'Range V changed'
ptd-server 2021-08-04 06:01:56,359 [INFO] Sending to ptd: 'SR,A,20'
ptd-server 2021-08-04 06:01:57,890 [INFO] Reply from ptd: 'Range A changed'
ptd-server 2021-08-04 06:02:07,890 [INFO] Starting ranging mode
ptd-server 2021-08-04 06:02:07,890 [INFO] Sending to ptd: 'Go,1000,0,2021-08-04_06-01-37_ranging'
ptd-server 2021-08-04 06:02:07,890 [INFO] Reply from ptd: 'Starting untimed measurement, maximum 500000 samples at 1000ms with 0 rampup samples'
ptd-server 2021-08-04 06:02:07,890 [INFO] Sending reply to client 'OK'
ptd-server 2021-08-04 06:14:15,143 [INFO] Got command from the client 'session,2021-08-04_06-01-37,stop,ranging'
ptd-server 2021-08-04 06:14:25,151 [INFO] Sending to ptd: 'Stop'
ptd-server 2021-08-04 06:14:25,151 [INFO] Reply from ptd: 'Stopping untimed measurement'
ptd-server 2021-08-04 06:14:25,167 [INFO] Sending reply to client 'OK'
ptd-server 2021-08-04 06:14:25,448 [INFO] Got command from the client 'time'
ptd-server 2021-08-04 06:14:25,448 [INFO] Sending reply to client '1628082865.4482355'
ptd-server 2021-08-04 06:14:25,463 [INFO] Got command from the client 'session,2021-08-04_06-01-37,start,testing'
ptd-server 2021-08-04 06:14:25,463 [INFO] Sending to ptd: 'SR,V,120.500000'
ptd-server 2021-08-04 06:14:27,416 [INFO] Reply from ptd: 'Range V changed'
ptd-server 2021-08-04 06:14:27,416 [INFO] Sending to ptd: 'SR,A,0.463000'
ptd-server 2021-08-04 06:14:28,948 [INFO] Reply from ptd: 'Range A changed'
ptd-server 2021-08-04 06:14:38,963 [INFO] Starting testing mode
ptd-server 2021-08-04 06:14:38,963 [INFO] Sending to ptd: 'Go,1000,0,2021-08-04_06-01-37_testing'
ptd-server 2021-08-04 06:14:38,963 [INFO] Reply from ptd: 'Starting untimed measurement, maximum 500000 samples at 1000ms with 0 rampup samples'
ptd-server 2021-08-04 06:14:38,963 [INFO] Sending reply to client 'OK'
ptd-server 2021-08-04 06:26:41,483 [INFO] Got command from the client 'session,2021-08-04_06-01-37,stop,testing'
ptd-server 2021-08-04 06:26:51,492 [INFO] Sending to ptd: 'Stop'
ptd-server 2021-08-04 06:26:51,492 [INFO] Reply from ptd: 'Stopping untimed measurement'
ptd-server 2021-08-04 06:26:51,508 [INFO] Sending reply to client 'OK'
ptd-server 2021-08-04 06:26:51,586 [INFO] Got command from the client 'session,2021-08-04_06-01-37,done'
ptd-server 2021-08-04 06:26:51,586 [INFO] Sending to ptd: 'Stop'
ptd-server 2021-08-04 06:26:51,971 [INFO] Reply from ptd: 'Error: no measurement to stop'
ptd-server 2021-08-04 06:26:51,971 [INFO] Sending to ptd: 'SR,V,Auto'
ptd-server 2021-08-04 06:26:52,486 [INFO] Reply from ptd: 'Range V changed'
ptd-server 2021-08-04 06:26:52,486 [INFO] Sending to ptd: 'SR,A,10.000000'
ptd-server 2021-08-04 06:26:54,022 [INFO] Reply from ptd: 'Range A changed'
ptd-server 2021-08-04 06:26:54,022 [INFO] Set initial values for Amps 10.000000 and Volts Auto
ptd-server 2021-08-04 06:26:54,022 [INFO] Stopping ptd...
