ptd-server 2021-08-13 10:19:07,449 [INFO] Got command from the client 'stop'
ptd-server 2021-08-13 10:19:07,449 [INFO] The server will be stopped after processing this client
ptd-server 2021-08-13 10:19:07,449 [INFO] Sending reply to client 'OK'
ptd-server 2021-08-13 10:19:07,465 [INFO] Got command from the client 'time'
ptd-server 2021-08-13 10:19:07,465 [INFO] Sending reply to client '1628849947.465217'
ptd-server 2021-08-13 10:19:07,465 [INFO] Got command from the client 'new,,cb63cb33-7ded-4b2c-a9f1-c6678aeca018'
ptd-server 2021-08-13 10:19:07,465 [INFO] Sending reply to client 'OK 2021-08-13_10-19-07,40bc5e24-ca3b-4a5b-a2d8-7ae2b511421d'
ptd-server 2021-08-13 10:19:07,465 [INFO] Got command from the client 'time'
ptd-server 2021-08-13 10:19:07,465 [INFO] Sending reply to client '1628849947.465217'
ptd-server 2021-08-13 10:19:07,465 [INFO] Got command from the client 'session,2021-08-13_10-19-07,start,ranging'
ptd-server 2021-08-13 10:19:07,574 [INFO] Running PTDaemon: ['.\\ptd-windows-x86.exe', '-l', 'C:\\Users\\root\\AppData\\Local\\Temp\\tmprhx3mv19\\ptd_logfile.txt', '-p', '8888', '-c', '2', '-y', '48', '100.83.149.90']
ptd-server 2021-08-13 10:19:26,149 [INFO] Sending to ptd: 'Hello'
ptd-server 2021-08-13 10:19:26,149 [INFO] Reply from ptd: 'Hello, PTDaemon here!'
ptd-server 2021-08-13 10:19:26,149 [INFO] Sending to ptd: 'Identify'
ptd-server 2021-08-13 10:19:26,149 [INFO] Reply from ptd: 'YokogawaWT500_multichannel,1000,1,1,1,1,0,0,1,version=1.9.2-3976349f-20201208,OS=Windows 8 / Server 2012,mode=power,1,1,3,0,0,no_cal_date,YOKOGAWA;760203;U1J802935;F1.21'
ptd-server 2021-08-13 10:19:26,149 [INFO] Connected to PTDaemon
ptd-server 2021-08-13 10:19:26,149 [INFO] Sending to ptd: 'RR'
ptd-server 2021-08-13 10:19:26,149 [INFO] Reply from ptd: 'Ranges,-1,-1.000000,-1,-1.000000'
ptd-server 2021-08-13 10:19:26,149 [INFO] Initial range for Amps is Auto for Volts is Auto
ptd-server 2021-08-13 10:19:26,149 [INFO] Sending to ptd: 'SR,V,Auto'
ptd-server 2021-08-13 10:19:26,367 [INFO] Reply from ptd: 'Range V changed'
ptd-server 2021-08-13 10:19:26,367 [INFO] Sending to ptd: 'SR,A,Auto'
ptd-server 2021-08-13 10:19:26,524 [INFO] Reply from ptd: 'Range A changed'
ptd-server 2021-08-13 10:19:36,536 [INFO] Starting ranging mode
ptd-server 2021-08-13 10:19:36,536 [INFO] Sending to ptd: 'Go,1000,0,2021-08-13_10-19-07_ranging'
ptd-server 2021-08-13 10:19:36,537 [INFO] Reply from ptd: 'Starting untimed measurement, maximum 500000 samples at 1000ms with 0 rampup samples'
ptd-server 2021-08-13 10:19:36,537 [INFO] Sending reply to client 'OK'
ptd-server 2021-08-13 10:33:09,622 [INFO] Got command from the client 'session,2021-08-13_10-19-07,stop,ranging'
ptd-server 2021-08-13 10:33:19,625 [INFO] Sending to ptd: 'Stop'
ptd-server 2021-08-13 10:33:19,625 [INFO] Reply from ptd: 'Stopping untimed measurement'
ptd-server 2021-08-13 10:33:19,656 [INFO] Sending reply to client 'OK'
ptd-server 2021-08-13 10:33:19,672 [INFO] Got command from the client 'time'
ptd-server 2021-08-13 10:33:19,672 [INFO] Sending reply to client '1628850799.6727505'
ptd-server 2021-08-13 10:33:19,672 [INFO] Got command from the client 'session,2021-08-13_10-19-07,start,testing'
ptd-server 2021-08-13 10:33:19,672 [INFO] Sending to ptd: 'SR,V,130.120000'
ptd-server 2021-08-13 10:33:21,766 [INFO] Reply from ptd: 'Range V changed'
ptd-server 2021-08-13 10:33:21,766 [INFO] Sending to ptd: 'SR,A,14.677000'
ptd-server 2021-08-13 10:33:22,486 [INFO] Reply from ptd: 'Range A changed'
ptd-server 2021-08-13 10:33:32,502 [INFO] Starting testing mode
ptd-server 2021-08-13 10:33:32,502 [INFO] Sending to ptd: 'Go,1000,0,2021-08-13_10-19-07_testing'
ptd-server 2021-08-13 10:33:32,502 [INFO] Reply from ptd: 'Starting untimed measurement, maximum 500000 samples at 1000ms with 0 rampup samples'
ptd-server 2021-08-13 10:33:32,502 [INFO] Sending reply to client 'OK'
ptd-server 2021-08-13 10:47:03,602 [INFO] Got command from the client 'session,2021-08-13_10-19-07,stop,testing'
ptd-server 2021-08-13 10:47:13,612 [INFO] Sending to ptd: 'Stop'
ptd-server 2021-08-13 10:47:13,612 [INFO] Reply from ptd: 'Stopping untimed measurement'
ptd-server 2021-08-13 10:47:13,627 [INFO] Sending reply to client 'OK'
ptd-server 2021-08-13 10:47:13,643 [INFO] Got command from the client 'session,2021-08-13_10-19-07,done'
ptd-server 2021-08-13 10:47:13,643 [INFO] Sending to ptd: 'Stop'
ptd-server 2021-08-13 10:47:14,520 [INFO] Reply from ptd: 'Error: no measurement to stop'
ptd-server 2021-08-13 10:47:14,520 [INFO] Sending to ptd: 'SR,V,Auto'
ptd-server 2021-08-13 10:47:14,738 [INFO] Reply from ptd: 'Range V changed'
ptd-server 2021-08-13 10:47:14,738 [INFO] Sending to ptd: 'SR,A,Auto'
ptd-server 2021-08-13 10:47:14,895 [INFO] Reply from ptd: 'Range A changed'
ptd-server 2021-08-13 10:47:14,895 [INFO] Set initial values for Amps Auto and Volts Auto
ptd-server 2021-08-13 10:47:14,895 [INFO] Stopping ptd...
