ptd-server 2021-08-13 19:53:32,338 [INFO] Got command from the client 'time'
ptd-server 2021-08-13 19:53:32,338 [INFO] Sending reply to client '1628880812.3386927'
ptd-server 2021-08-13 19:53:32,340 [INFO] Got command from the client 'new,,890c820b-657c-4f46-8d2e-3960620c59e7'
ptd-server 2021-08-13 19:53:32,340 [INFO] Sending reply to client 'OK 2021-08-13_19-53-32,e785dd84-b434-4666-9c5a-b0c8aec5869c'
ptd-server 2021-08-13 19:53:32,389 [INFO] Got command from the client 'time'
ptd-server 2021-08-13 19:53:32,389 [INFO] Sending reply to client '1628880812.3894823'
ptd-server 2021-08-13 19:53:32,392 [INFO] Got command from the client 'session,2021-08-13_19-53-32,start,ranging'
ptd-server 2021-08-13 19:53:32,392 [INFO] Running PTDaemon: ['/home/anton/projects/mlperf/power/inference_v1.0/ptd-linux-x86', '-l', '/tmp/tmpqehsa3vp/ptd_logfile.txt', '-p', '8888', '49', '/dev/usbtmc0']
ptd-server 2021-08-13 19:53:49,566 [INFO] Sending to ptd: 'Hello'
ptd-server 2021-08-13 19:53:49,566 [INFO] Reply from ptd: 'Hello, PTDaemon here!'
ptd-server 2021-08-13 19:53:49,566 [INFO] Sending to ptd: 'Identify'
ptd-server 2021-08-13 19:53:49,567 [INFO] Reply from ptd: 'YokogawaWT310E,1000,1,1,1,1,0,1,1,version=1.9.2-e8c7a49a-20201208,OS=Linux 5.11.0-25-generic #27~20.04.1-Ubuntu SMP Tue Jul 13 17:41:23 UTC 2021 x86_64,mode=power,1,1,1,0,0,no_cal_date,YOKOGAWA;WT310E;C3XA04010E;F1.04'
ptd-server 2021-08-13 19:53:49,567 [INFO] Connected to PTDaemon
ptd-server 2021-08-13 19:53:49,567 [INFO] Sending to ptd: 'RR'
ptd-server 2021-08-13 19:53:49,567 [INFO] Reply from ptd: 'Ranges,0,0.500000,0,300.000000'
ptd-server 2021-08-13 19:53:49,568 [INFO] Initial range for Amps is 0.500000 for Volts is 300.000000
ptd-server 2021-08-13 19:53:49,568 [INFO] Sending to ptd: 'SR,V,Auto'
ptd-server 2021-08-13 19:53:50,070 [INFO] Reply from ptd: 'Range V changed'
ptd-server 2021-08-13 19:53:50,070 [INFO] Sending to ptd: 'SR,A,Auto'
ptd-server 2021-08-13 19:53:50,573 [INFO] Reply from ptd: 'Range A changed'
ptd-server 2021-08-13 19:54:00,583 [INFO] Starting ranging mode
ptd-server 2021-08-13 19:54:00,583 [INFO] Sending to ptd: 'Go,1000,0,2021-08-13_19-53-32_ranging'
ptd-server 2021-08-13 19:54:00,584 [INFO] Reply from ptd: 'Starting untimed measurement, maximum 500000 samples at 1000ms with 0 rampup samples'
ptd-server 2021-08-13 19:54:00,584 [INFO] Sending reply to client 'OK'
ptd-server 2021-08-13 20:09:54,146 [INFO] Got command from the client 'session,2021-08-13_19-53-32,stop,ranging'
ptd-server 2021-08-13 20:10:04,157 [INFO] Sending to ptd: 'Stop'
ptd-server 2021-08-13 20:10:04,157 [INFO] Reply from ptd: 'Stopping untimed measurement'
ptd-server 2021-08-13 20:10:04,184 [INFO] Sending reply to client 'OK'
ptd-server 2021-08-13 20:10:04,329 [INFO] Got command from the client 'time'
ptd-server 2021-08-13 20:10:04,329 [INFO] Sending reply to client '1628881804.3297658'
ptd-server 2021-08-13 20:10:04,334 [INFO] Got command from the client 'session,2021-08-13_19-53-32,start,testing'
ptd-server 2021-08-13 20:10:04,334 [INFO] Sending to ptd: 'SR,V,251.740000'
ptd-server 2021-08-13 20:10:06,085 [INFO] Reply from ptd: 'Range V changed'
ptd-server 2021-08-13 20:10:06,085 [INFO] Sending to ptd: 'SR,A,0.213720'
ptd-server 2021-08-13 20:10:07,586 [INFO] Reply from ptd: 'Range A changed'
ptd-server 2021-08-13 20:10:17,597 [INFO] Starting testing mode
ptd-server 2021-08-13 20:10:17,597 [INFO] Sending to ptd: 'Go,1000,0,2021-08-13_19-53-32_testing'
ptd-server 2021-08-13 20:10:17,597 [INFO] Reply from ptd: 'Starting untimed measurement, maximum 500000 samples at 1000ms with 0 rampup samples'
ptd-server 2021-08-13 20:10:17,597 [INFO] Sending reply to client 'OK'
ptd-server 2021-08-13 20:23:09,437 [INFO] Got command from the client 'session,2021-08-13_19-53-32,stop,testing'
ptd-server 2021-08-13 20:23:19,448 [INFO] Sending to ptd: 'Stop'
ptd-server 2021-08-13 20:23:19,448 [INFO] Reply from ptd: 'Stopping untimed measurement'
ptd-server 2021-08-13 20:23:19,458 [INFO] Sending reply to client 'OK'
ptd-server 2021-08-13 20:23:19,493 [INFO] Got command from the client 'session,2021-08-13_19-53-32,done'
ptd-server 2021-08-13 20:23:19,493 [INFO] Sending to ptd: 'Stop'
ptd-server 2021-08-13 20:23:19,597 [INFO] Reply from ptd: 'Error: no measurement to stop'
ptd-server 2021-08-13 20:23:19,597 [INFO] Sending to ptd: 'SR,V,300.000000'
ptd-server 2021-08-13 20:23:21,099 [INFO] Reply from ptd: 'Range V changed'
ptd-server 2021-08-13 20:23:21,099 [INFO] Sending to ptd: 'SR,A,0.500000'
ptd-server 2021-08-13 20:23:22,600 [INFO] Reply from ptd: 'Range A changed'
ptd-server 2021-08-13 20:23:22,600 [INFO] Set initial values for Amps 0.500000 and Volts 300.000000
ptd-server 2021-08-13 20:23:22,601 [INFO] Stopping ptd...
