ptd-server 2021-08-08 00:22:37,363 [INFO] Got command from the client 'time'
ptd-server 2021-08-08 00:22:37,363 [INFO] Sending reply to client '1628378557.3638303'
ptd-server 2021-08-08 00:22:37,366 [INFO] Got command from the client 'new,,a43b58cb-5635-4357-ad79-90f783dc5444'
ptd-server 2021-08-08 00:22:37,366 [INFO] Sending reply to client 'OK 2021-08-08_00-22-37,2d95b9ba-8ca8-4577-be94-bcd6bb45991e'
ptd-server 2021-08-08 00:22:37,413 [INFO] Got command from the client 'time'
ptd-server 2021-08-08 00:22:37,413 [INFO] Sending reply to client '1628378557.4132252'
ptd-server 2021-08-08 00:22:37,415 [INFO] Got command from the client 'session,2021-08-08_00-22-37,start,ranging'
ptd-server 2021-08-08 00:22:37,415 [INFO] Running PTDaemon: ['/home/anton/projects/mlperf/power/inference_v1.0/ptd-linux-x86', '-l', '/tmp/tmpr3iqmcco/ptd_logfile.txt', '-p', '8888', '49', '/dev/usbtmc0']
ptd-server 2021-08-08 00:22:54,588 [INFO] Sending to ptd: 'Hello'
ptd-server 2021-08-08 00:22:54,589 [INFO] Reply from ptd: 'Hello, PTDaemon here!'
ptd-server 2021-08-08 00:22:54,589 [INFO] Sending to ptd: 'Identify'
ptd-server 2021-08-08 00:22:54,589 [INFO] Reply from ptd: 'YokogawaWT310E,1000,1,1,1,1,0,1,1,version=1.9.2-e8c7a49a-20201208,OS=Linux 5.8.0-63-generic #71~20.04.1-Ubuntu SMP Thu Jul 15 17:46:08 UTC 2021 x86_64,mode=power,1,1,1,0,0,no_cal_date,YOKOGAWA;WT310E;C3XA04010E;F1.04'
ptd-server 2021-08-08 00:22:54,589 [INFO] Connected to PTDaemon
ptd-server 2021-08-08 00:22:54,590 [INFO] Sending to ptd: 'RR'
ptd-server 2021-08-08 00:22:54,590 [INFO] Reply from ptd: 'Ranges,0,0.500000,0,300.000000'
ptd-server 2021-08-08 00:22:54,590 [INFO] Initial range for Amps is 0.500000 for Volts is 300.000000
ptd-server 2021-08-08 00:22:54,590 [INFO] Sending to ptd: 'SR,V,Auto'
ptd-server 2021-08-08 00:22:55,093 [INFO] Reply from ptd: 'Range V changed'
ptd-server 2021-08-08 00:22:55,093 [INFO] Sending to ptd: 'SR,A,Auto'
ptd-server 2021-08-08 00:22:55,595 [INFO] Reply from ptd: 'Range A changed'
ptd-server 2021-08-08 00:23:05,606 [INFO] Starting ranging mode
ptd-server 2021-08-08 00:23:05,606 [INFO] Sending to ptd: 'Go,1000,0,2021-08-08_00-22-37_ranging'
ptd-server 2021-08-08 00:23:05,606 [INFO] Reply from ptd: 'Starting untimed measurement, maximum 500000 samples at 1000ms with 0 rampup samples'
ptd-server 2021-08-08 00:23:05,606 [INFO] Sending reply to client 'OK'
ptd-server 2021-08-08 00:33:28,356 [INFO] Got command from the client 'session,2021-08-08_00-22-37,stop,ranging'
ptd-server 2021-08-08 00:33:38,367 [INFO] Sending to ptd: 'Stop'
ptd-server 2021-08-08 00:33:38,367 [INFO] Reply from ptd: 'Stopping untimed measurement'
ptd-server 2021-08-08 00:33:38,458 [INFO] Sending reply to client 'OK'
ptd-server 2021-08-08 00:33:38,516 [INFO] Got command from the client 'time'
ptd-server 2021-08-08 00:33:38,516 [INFO] Sending reply to client '1628379218.5168262'
ptd-server 2021-08-08 00:33:38,519 [INFO] Got command from the client 'session,2021-08-08_00-22-37,start,testing'
ptd-server 2021-08-08 00:33:38,519 [INFO] Sending to ptd: 'SR,V,249.790000'
ptd-server 2021-08-08 00:33:40,108 [INFO] Reply from ptd: 'Range V changed'
ptd-server 2021-08-08 00:33:40,108 [INFO] Sending to ptd: 'SR,A,0.211540'
ptd-server 2021-08-08 00:33:41,610 [INFO] Reply from ptd: 'Range A changed'
ptd-server 2021-08-08 00:33:51,620 [INFO] Starting testing mode
ptd-server 2021-08-08 00:33:51,620 [INFO] Sending to ptd: 'Go,1000,0,2021-08-08_00-22-37_testing'
ptd-server 2021-08-08 00:33:51,620 [INFO] Reply from ptd: 'Starting untimed measurement, maximum 500000 samples at 1000ms with 0 rampup samples'
ptd-server 2021-08-08 00:33:51,620 [INFO] Sending reply to client 'OK'
ptd-server 2021-08-08 00:44:11,314 [INFO] Got command from the client 'session,2021-08-08_00-22-37,stop,testing'
ptd-server 2021-08-08 00:44:21,324 [INFO] Sending to ptd: 'Stop'
ptd-server 2021-08-08 00:44:21,324 [INFO] Reply from ptd: 'Stopping untimed measurement'
ptd-server 2021-08-08 00:44:21,372 [INFO] Sending reply to client 'OK'
ptd-server 2021-08-08 00:44:21,391 [INFO] Got command from the client 'session,2021-08-08_00-22-37,done'
ptd-server 2021-08-08 00:44:21,392 [INFO] Sending to ptd: 'Stop'
ptd-server 2021-08-08 00:44:21,620 [INFO] Reply from ptd: 'Error: no measurement to stop'
ptd-server 2021-08-08 00:44:21,620 [INFO] Sending to ptd: 'SR,V,300.000000'
ptd-server 2021-08-08 00:44:23,122 [INFO] Reply from ptd: 'Range V changed'
ptd-server 2021-08-08 00:44:23,122 [INFO] Sending to ptd: 'SR,A,0.500000'
ptd-server 2021-08-08 00:44:24,623 [INFO] Reply from ptd: 'Range A changed'
ptd-server 2021-08-08 00:44:24,624 [INFO] Set initial values for Amps 0.500000 and Volts 300.000000
ptd-server 2021-08-08 00:44:24,624 [INFO] Stopping ptd...
