ptd-server 2021-08-10 06:24:29,575 [INFO] Got command from the client 'stop'
ptd-server 2021-08-10 06:24:29,575 [INFO] The server will be stopped after processing this client
ptd-server 2021-08-10 06:24:29,575 [INFO] Sending reply to client 'OK'
ptd-server 2021-08-10 06:24:29,810 [INFO] Got command from the client 'time'
ptd-server 2021-08-10 06:24:29,810 [INFO] Sending reply to client '1628601869.8100462'
ptd-server 2021-08-10 06:24:29,810 [INFO] Got command from the client 'new,,ea7aaa24-7a34-4a2b-b4c4-3f8d2a25524c'
ptd-server 2021-08-10 06:24:29,810 [INFO] Sending reply to client 'OK 2021-08-10_06-24-29,6dd94613-e5ae-4151-a77c-c6edbf805e2b'
ptd-server 2021-08-10 06:24:30,033 [INFO] Got command from the client 'time'
ptd-server 2021-08-10 06:24:30,033 [INFO] Sending reply to client '1628601870.0337348'
ptd-server 2021-08-10 06:24:30,033 [INFO] Got command from the client 'session,2021-08-10_06-24-29,start,ranging'
ptd-server 2021-08-10 06:24:30,143 [INFO] Running PTDaemon: ['C:\\PTD\\ptd-windows-x86.exe', '-l', 'C:\\Users\\lab\\AppData\\Local\\Temp\\tmpoke2ybjf\\ptd_logfile.txt', '-p', '8888', '-c', '1', '-y', '52', '10.32.209.251']
ptd-server 2021-08-10 06:24:47,981 [INFO] Sending to ptd: 'Hello'
ptd-server 2021-08-10 06:24:47,981 [INFO] Reply from ptd: 'Hello, PTDaemon here!'
ptd-server 2021-08-10 06:24:47,981 [INFO] Sending to ptd: 'Identify'
ptd-server 2021-08-10 06:24:47,981 [INFO] Reply from ptd: 'YokogawaWT330E,1000,1,1,1,1,0,0,1,version=1.9.2-3976349f-20201208,OS=Windows 8 / Server 2012,mode=power,1,1,1,0,0,no_cal_date,YOKOGAWA;WT333E;C2VL22012V;F1.04'
ptd-server 2021-08-10 06:24:47,981 [INFO] Connected to PTDaemon
ptd-server 2021-08-10 06:24:47,981 [INFO] Sending to ptd: 'RR'
ptd-server 2021-08-10 06:24:47,981 [INFO] Reply from ptd: 'Ranges,0,1.000000,1,150.000000'
ptd-server 2021-08-10 06:24:47,981 [INFO] Initial range for Amps is 1.000000 for Volts is Auto
ptd-server 2021-08-10 06:24:47,981 [INFO] Sending to ptd: 'SR,V,Auto'
ptd-server 2021-08-10 06:24:48,497 [INFO] Reply from ptd: 'Range V changed'
ptd-server 2021-08-10 06:24:48,497 [INFO] Sending to ptd: 'SR,A,Auto'
ptd-server 2021-08-10 06:24:49,012 [INFO] Reply from ptd: 'Range A changed'
ptd-server 2021-08-10 06:24:59,026 [INFO] Starting ranging mode
ptd-server 2021-08-10 06:24:59,026 [INFO] Sending to ptd: 'Go,1000,0,2021-08-10_06-24-29_ranging'
ptd-server 2021-08-10 06:24:59,026 [INFO] Reply from ptd: 'Starting untimed measurement, maximum 500000 samples at 1000ms with 0 rampup samples'
ptd-server 2021-08-10 06:24:59,026 [INFO] Sending reply to client 'OK'
ptd-server 2021-08-10 06:35:26,837 [INFO] Got command from the client 'session,2021-08-10_06-24-29,stop,ranging'
ptd-server 2021-08-10 06:35:36,837 [INFO] Sending to ptd: 'Stop'
ptd-server 2021-08-10 06:35:36,837 [INFO] Reply from ptd: 'Stopping untimed measurement'
ptd-server 2021-08-10 06:35:36,853 [INFO] Sending reply to client 'OK'
ptd-server 2021-08-10 06:35:37,322 [INFO] Got command from the client 'time'
ptd-server 2021-08-10 06:35:37,322 [INFO] Sending reply to client '1628602537.3222625'
ptd-server 2021-08-10 06:35:37,322 [INFO] Got command from the client 'session,2021-08-10_06-24-29,start,testing'
ptd-server 2021-08-10 06:35:37,322 [INFO] Sending to ptd: 'SR,V,120.530000'
ptd-server 2021-08-10 06:35:38,848 [INFO] Reply from ptd: 'Range V changed'
ptd-server 2021-08-10 06:35:38,848 [INFO] Sending to ptd: 'SR,A,0.210800'
ptd-server 2021-08-10 06:35:40,379 [INFO] Reply from ptd: 'Range A changed'
ptd-server 2021-08-10 06:35:50,385 [INFO] Starting testing mode
ptd-server 2021-08-10 06:35:50,385 [INFO] Sending to ptd: 'Go,1000,0,2021-08-10_06-24-29_testing'
ptd-server 2021-08-10 06:35:50,385 [INFO] Reply from ptd: 'Starting untimed measurement, maximum 500000 samples at 1000ms with 0 rampup samples'
ptd-server 2021-08-10 06:35:50,385 [INFO] Sending reply to client 'OK'
ptd-server 2021-08-10 06:46:13,616 [INFO] Got command from the client 'session,2021-08-10_06-24-29,stop,testing'
ptd-server 2021-08-10 06:46:23,631 [INFO] Sending to ptd: 'Stop'
ptd-server 2021-08-10 06:46:23,631 [INFO] Reply from ptd: 'Stopping untimed measurement'
ptd-server 2021-08-10 06:46:23,646 [INFO] Sending reply to client 'OK'
ptd-server 2021-08-10 06:46:23,724 [INFO] Got command from the client 'session,2021-08-10_06-24-29,done'
ptd-server 2021-08-10 06:46:23,724 [INFO] Sending to ptd: 'Stop'
ptd-server 2021-08-10 06:46:24,396 [INFO] Reply from ptd: 'Error: no measurement to stop'
ptd-server 2021-08-10 06:46:24,396 [INFO] Sending to ptd: 'SR,V,Auto'
ptd-server 2021-08-10 06:46:24,911 [INFO] Reply from ptd: 'Range V changed'
ptd-server 2021-08-10 06:46:24,911 [INFO] Sending to ptd: 'SR,A,1.000000'
ptd-server 2021-08-10 06:46:26,435 [INFO] Reply from ptd: 'Range A changed'
ptd-server 2021-08-10 06:46:26,435 [INFO] Set initial values for Amps 1.000000 and Volts Auto
ptd-server 2021-08-10 06:46:26,435 [INFO] Stopping ptd...
