ptd-server 2021-08-07 23:38:55,453 [INFO] Got command from the client 'time'
ptd-server 2021-08-07 23:38:55,454 [INFO] Sending reply to client '1628375935.4540582'
ptd-server 2021-08-07 23:38:55,457 [INFO] Got command from the client 'new,,1f33a6a1-d813-4f6c-baf2-c5f5e6d3e2e6'
ptd-server 2021-08-07 23:38:55,457 [INFO] Sending reply to client 'OK 2021-08-07_23-38-55,3b56946b-e28b-46e3-87f3-439859eda5a4'
ptd-server 2021-08-07 23:38:55,503 [INFO] Got command from the client 'time'
ptd-server 2021-08-07 23:38:55,503 [INFO] Sending reply to client '1628375935.503224'
ptd-server 2021-08-07 23:38:55,505 [INFO] Got command from the client 'session,2021-08-07_23-38-55,start,ranging'
ptd-server 2021-08-07 23:38:55,506 [INFO] Running PTDaemon: ['/home/anton/projects/mlperf/power/inference_v1.0/ptd-linux-x86', '-l', '/tmp/tmpr3iqmcco/ptd_logfile.txt', '-p', '8888', '49', '/dev/usbtmc0']
ptd-server 2021-08-07 23:39:12,679 [INFO] Sending to ptd: 'Hello'
ptd-server 2021-08-07 23:39:12,680 [INFO] Reply from ptd: 'Hello, PTDaemon here!'
ptd-server 2021-08-07 23:39:12,680 [INFO] Sending to ptd: 'Identify'
ptd-server 2021-08-07 23:39:12,680 [INFO] Reply from ptd: 'YokogawaWT310E,1000,1,1,1,1,0,1,1,version=1.9.2-e8c7a49a-20201208,OS=Linux 5.8.0-63-generic #71~20.04.1-Ubuntu SMP Thu Jul 15 17:46:08 UTC 2021 x86_64,mode=power,1,1,1,0,0,no_cal_date,YOKOGAWA;WT310E;C3XA04010E;F1.04'
ptd-server 2021-08-07 23:39:12,680 [INFO] Connected to PTDaemon
ptd-server 2021-08-07 23:39:12,680 [INFO] Sending to ptd: 'RR'
ptd-server 2021-08-07 23:39:12,681 [INFO] Reply from ptd: 'Ranges,0,0.500000,0,300.000000'
ptd-server 2021-08-07 23:39:12,681 [INFO] Initial range for Amps is 0.500000 for Volts is 300.000000
ptd-server 2021-08-07 23:39:12,681 [INFO] Sending to ptd: 'SR,V,Auto'
ptd-server 2021-08-07 23:39:13,183 [INFO] Reply from ptd: 'Range V changed'
ptd-server 2021-08-07 23:39:13,183 [INFO] Sending to ptd: 'SR,A,Auto'
ptd-server 2021-08-07 23:39:13,686 [INFO] Reply from ptd: 'Range A changed'
ptd-server 2021-08-07 23:39:23,696 [INFO] Starting ranging mode
ptd-server 2021-08-07 23:39:23,696 [INFO] Sending to ptd: 'Go,1000,0,2021-08-07_23-38-55_ranging'
ptd-server 2021-08-07 23:39:23,697 [INFO] Reply from ptd: 'Starting untimed measurement, maximum 500000 samples at 1000ms with 0 rampup samples'
ptd-server 2021-08-07 23:39:23,697 [INFO] Sending reply to client 'OK'
ptd-server 2021-08-07 23:49:43,656 [INFO] Got command from the client 'session,2021-08-07_23-38-55,stop,ranging'
ptd-server 2021-08-07 23:49:53,667 [INFO] Sending to ptd: 'Stop'
ptd-server 2021-08-07 23:49:53,667 [INFO] Reply from ptd: 'Stopping untimed measurement'
ptd-server 2021-08-07 23:49:53,754 [INFO] Sending reply to client 'OK'
ptd-server 2021-08-07 23:49:53,811 [INFO] Got command from the client 'time'
ptd-server 2021-08-07 23:49:53,811 [INFO] Sending reply to client '1628376593.8116157'
ptd-server 2021-08-07 23:49:53,813 [INFO] Got command from the client 'session,2021-08-07_23-38-55,start,testing'
ptd-server 2021-08-07 23:49:53,814 [INFO] Sending to ptd: 'SR,V,249.490000'
ptd-server 2021-08-07 23:49:55,315 [INFO] Reply from ptd: 'Range V changed'
ptd-server 2021-08-07 23:49:55,315 [INFO] Sending to ptd: 'SR,A,0.199390'
ptd-server 2021-08-07 23:49:56,816 [INFO] Reply from ptd: 'Range A changed'
ptd-server 2021-08-07 23:50:06,827 [INFO] Starting testing mode
ptd-server 2021-08-07 23:50:06,827 [INFO] Sending to ptd: 'Go,1000,0,2021-08-07_23-38-55_testing'
ptd-server 2021-08-07 23:50:06,827 [INFO] Reply from ptd: 'Starting untimed measurement, maximum 500000 samples at 1000ms with 0 rampup samples'
ptd-server 2021-08-07 23:50:06,827 [INFO] Sending reply to client 'OK'
ptd-server 2021-08-08 00:00:26,736 [INFO] Got command from the client 'session,2021-08-07_23-38-55,stop,testing'
ptd-server 2021-08-08 00:00:36,747 [INFO] Sending to ptd: 'Stop'
ptd-server 2021-08-08 00:00:36,747 [INFO] Reply from ptd: 'Stopping untimed measurement'
ptd-server 2021-08-08 00:00:36,791 [INFO] Sending reply to client 'OK'
ptd-server 2021-08-08 00:00:36,810 [INFO] Got command from the client 'session,2021-08-07_23-38-55,done'
ptd-server 2021-08-08 00:00:36,810 [INFO] Sending to ptd: 'Stop'
ptd-server 2021-08-08 00:00:36,827 [INFO] Reply from ptd: 'Error: no measurement to stop'
ptd-server 2021-08-08 00:00:36,828 [INFO] Sending to ptd: 'SR,V,300.000000'
ptd-server 2021-08-08 00:00:38,329 [INFO] Reply from ptd: 'Range V changed'
ptd-server 2021-08-08 00:00:38,329 [INFO] Sending to ptd: 'SR,A,0.500000'
ptd-server 2021-08-08 00:00:39,830 [INFO] Reply from ptd: 'Range A changed'
ptd-server 2021-08-08 00:00:39,831 [INFO] Set initial values for Amps 0.500000 and Volts 300.000000
ptd-server 2021-08-08 00:00:39,831 [INFO] Stopping ptd...
