ptd-server 2021-08-13 03:49:31,551 [INFO] Got command from the client 'stop'
ptd-server 2021-08-13 03:49:31,551 [INFO] The server will be stopped after processing this client
ptd-server 2021-08-13 03:49:31,551 [INFO] Sending reply to client 'OK'
ptd-server 2021-08-13 03:49:31,915 [INFO] Got command from the client 'time'
ptd-server 2021-08-13 03:49:31,921 [INFO] Sending reply to client '1628826571.9219205'
ptd-server 2021-08-13 03:49:31,922 [INFO] Got command from the client 'new,,cd92c76c-eda4-48f6-a09a-33cc6fe35320'
ptd-server 2021-08-13 03:49:31,923 [INFO] Sending reply to client 'OK 2021-08-13_03-49-31,ecb66bc4-6d13-4da0-966b-e18ec8a274a7'
ptd-server 2021-08-13 03:49:32,286 [INFO] Got command from the client 'time'
ptd-server 2021-08-13 03:49:32,292 [INFO] Sending reply to client '1628826572.2927005'
ptd-server 2021-08-13 03:49:32,293 [INFO] Got command from the client 'session,2021-08-13_03-49-31,start,ranging'
ptd-server 2021-08-13 03:49:32,394 [INFO] Running PTDaemon: ['C:\\PTD\\ptd-windows-x86.exe', '-l', 'C:\\Users\\mlperf\\AppData\\Local\\Temp\\tmpbpnlq1bo\\ptd_logfile.txt', '-p', '8888', '49', 'COM4']
ptd-server 2021-08-13 03:49:51,498 [INFO] Sending to ptd: 'Hello'
ptd-server 2021-08-13 03:49:51,504 [INFO] Reply from ptd: 'Hello, PTDaemon here!'
ptd-server 2021-08-13 03:49:51,505 [INFO] Sending to ptd: 'Identify'
ptd-server 2021-08-13 03:49:51,506 [INFO] Reply from ptd: 'YokogawaWT310E,1000,1,1,1,1,0,1,1,version=1.9.2-3976349f-20201208,OS=Windows 8 / Server 2012,mode=power,1,1,1,0,0,no_cal_date,YOKOGAWA;WT310E;C3TA11005E;F1.02'
ptd-server 2021-08-13 03:49:51,506 [INFO] Connected to PTDaemon
ptd-server 2021-08-13 03:49:51,506 [INFO] Sending to ptd: 'RR'
ptd-server 2021-08-13 03:49:51,506 [INFO] Reply from ptd: 'Ranges,0,2.000000,0,300.000000'
ptd-server 2021-08-13 03:49:51,507 [INFO] Initial range for Amps is 2.000000 for Volts is 300.000000
ptd-server 2021-08-13 03:49:51,507 [INFO] Sending to ptd: 'SR,V,Auto'
ptd-server 2021-08-13 03:49:52,074 [INFO] Reply from ptd: 'Range V changed'
ptd-server 2021-08-13 03:49:52,075 [INFO] Sending to ptd: 'SR,A,20'
ptd-server 2021-08-13 03:49:53,646 [INFO] Reply from ptd: 'Range A changed'
ptd-server 2021-08-13 03:50:03,665 [INFO] Starting ranging mode
ptd-server 2021-08-13 03:50:03,671 [INFO] Sending to ptd: 'Go,1000,0,2021-08-13_03-49-31_ranging'
ptd-server 2021-08-13 03:50:03,672 [INFO] Reply from ptd: 'Starting untimed measurement, maximum 500000 samples at 1000ms with 0 rampup samples'
ptd-server 2021-08-13 03:50:03,672 [INFO] Sending reply to client 'OK'
ptd-server 2021-08-13 04:00:17,891 [INFO] Got command from the client 'session,2021-08-13_03-49-31,stop,ranging'
ptd-server 2021-08-13 04:00:27,898 [INFO] Sending to ptd: 'Stop'
ptd-server 2021-08-13 04:00:27,905 [INFO] Reply from ptd: 'Stopping untimed measurement'
ptd-server 2021-08-13 04:00:27,919 [INFO] Sending reply to client 'OK'
ptd-server 2021-08-13 04:00:28,239 [INFO] Got command from the client 'time'
ptd-server 2021-08-13 04:00:28,239 [INFO] Sending reply to client '1628827228.23988'
ptd-server 2021-08-13 04:00:28,240 [INFO] Got command from the client 'session,2021-08-13_03-49-31,start,testing'
ptd-server 2021-08-13 04:00:28,240 [INFO] Sending to ptd: 'SR,V,216.580000'
ptd-server 2021-08-13 04:00:30,269 [INFO] Reply from ptd: 'Range V changed'
ptd-server 2021-08-13 04:00:30,275 [INFO] Sending to ptd: 'SR,A,3.267000'
ptd-server 2021-08-13 04:00:31,859 [INFO] Reply from ptd: 'Range A changed'
ptd-server 2021-08-13 04:00:41,876 [INFO] Starting testing mode
ptd-server 2021-08-13 04:00:41,877 [INFO] Sending to ptd: 'Go,1000,0,2021-08-13_03-49-31_testing'
ptd-server 2021-08-13 04:00:41,878 [INFO] Reply from ptd: 'Starting untimed measurement, maximum 500000 samples at 1000ms with 0 rampup samples'
ptd-server 2021-08-13 04:00:41,878 [INFO] Sending reply to client 'OK'
ptd-server 2021-08-13 04:10:56,080 [INFO] Got command from the client 'session,2021-08-13_03-49-31,stop,testing'
ptd-server 2021-08-13 04:11:06,099 [INFO] Sending to ptd: 'Stop'
ptd-server 2021-08-13 04:11:06,100 [INFO] Reply from ptd: 'Stopping untimed measurement'
ptd-server 2021-08-13 04:11:06,111 [INFO] Sending reply to client 'OK'
ptd-server 2021-08-13 04:11:06,117 [INFO] Got command from the client 'session,2021-08-13_03-49-31,done'
ptd-server 2021-08-13 04:11:06,118 [INFO] Sending to ptd: 'Stop'
ptd-server 2021-08-13 04:11:06,884 [INFO] Reply from ptd: 'Error: no measurement to stop'
ptd-server 2021-08-13 04:11:06,887 [INFO] Sending to ptd: 'SR,V,300.000000'
ptd-server 2021-08-13 04:11:08,463 [INFO] Reply from ptd: 'Range V changed'
ptd-server 2021-08-13 04:11:08,469 [INFO] Sending to ptd: 'SR,A,2.000000'
ptd-server 2021-08-13 04:11:10,065 [INFO] Reply from ptd: 'Range A changed'
ptd-server 2021-08-13 04:11:10,066 [INFO] Set initial values for Amps 2.000000 and Volts 300.000000
ptd-server 2021-08-13 04:11:10,067 [INFO] Stopping ptd...
