client 2021-08-12 21:17:51,383 [INFO] Sending command to the server: 'mlcommons/power client v3'
client 2021-08-12 21:17:51,385 [INFO] Got response: 'mlcommons/power server v3'
client 2021-08-12 21:17:51,385 [INFO] Sending command to the server: 'stop'
client 2021-08-12 21:17:51,389 [INFO] Got response: 'OK'
client 2021-08-12 21:17:51,389 [INFO] Synchronizing with the server and with 100.64.0.18...
client 2021-08-12 21:17:51,392 [INFO] NTP:offset = -0.001 s, delay = 0.001 s 
client 2021-08-12 21:17:51,392 [INFO] Sending command to the server: 'time'
client 2021-08-12 21:17:51,394 [INFO] Got response: '1628803071.3013783'
client 2021-08-12 21:17:51,395 [INFO] The time difference between the client and the server is within range 90.895 ms..93.613 ms
client 2021-08-12 21:17:51,395 [INFO] Sending command to the server: 'new,,d8968cca-4aab-43f6-80e6-aba14186ebf5'
client 2021-08-12 21:17:51,399 [INFO] Got response: 'OK 2021-08-12_21-17-51,51a30a35-b57d-46ed-a0a8-12d8a5c58eb4'
client 2021-08-12 21:17:51,399 [INFO] Session id is '2021-08-12_21-17-51'
client 2021-08-12 21:17:51,399 [INFO] Sources: {"sources": {"__init__.py": "da39a3ee5e6b4b0d3255bfef95601890afd80709", "client.py": "33ca4f26368777ac06e01f9567b714a4b8063886", "lib/__init__.py": "da39a3ee5e6b4b0d3255bfef95601890afd80709", "lib/client.py": "4c2b78fb4849a7e5b584ef792d82aaed20b17f57", "lib/common.py": "624d0c0acc7c39aaff3674f0b99d6a09da53d1dc", "lib/external/__init__.py": "da39a3ee5e6b4b0d3255bfef95601890afd80709", "lib/external/ntplib.py": "4da8f970656505a40483206ef2b5d3dd5e81711d", "lib/server.py": "59c9fb92908260d3e9f81a895c7aa009742275e4", "lib/source_hashes.py": "60a2e02193209e8d392803326208d5466342da18", "lib/summary.py": "aa92f0a3f975eecd44d3c0cd0236342ccc9f941d", "lib/time_sync.py": "3210db56eb0ff0df57bf4293dc4d4b03fffd46f1", "server.py": "c3f90f2f7eeb4db30727556d0c815ebc89b3d28b", "tests/unit/__init__.py": "da39a3ee5e6b4b0d3255bfef95601890afd80709", "tests/unit/test_server.py": "99ae15aef722f2000ee6ed1ae1523637bf1ae42b", "tests/unit/test_source_hashes.py": "00468a2907583c593e6574a1f6b404e4651c221a"}, "modules": {"ptd_client_server.lib.client": "lib/client.py", "ptd_client_server.lib.common": "lib/common.py", "ptd_client_server.lib.external.ntplib": "lib/external/ntplib.py", "ptd_client_server.lib.source_hashes": "lib/source_hashes.py", "ptd_client_server.lib.summary": "lib/summary.py", "ptd_client_server.lib.time_sync": "lib/time_sync.py"}}
client 2021-08-12 21:17:51,399 [INFO] Running workload in ranging mode
client 2021-08-12 21:17:51,399 [INFO] Synchronizing with the server and with 100.64.0.18...
client 2021-08-12 21:17:51,400 [INFO] NTP:offset = -0.001 s, delay = 0.001 s 
client 2021-08-12 21:17:51,401 [INFO] Sending command to the server: 'time'
client 2021-08-12 21:17:51,403 [INFO] Got response: '1628803071.3169446'
client 2021-08-12 21:17:51,403 [INFO] The time difference between the client and the server is within range 84.059 ms..86.484 ms
client 2021-08-12 21:17:51,403 [INFO] Sending command to the server: 'session,2021-08-12_21-17-51,start,ranging'
client 2021-08-12 21:18:20,732 [INFO] Got response: 'OK'
client 2021-08-12 21:18:20,732 [INFO] Running the workload 'LOG_DIR=/work/build/power_logs_temp python3 code/main.py --benchmarks=ssd-resnet34 --scenarios=Server --config_ver=default --test_mode=PerformanceOnly --action="run_harness" \\\n\t\t&& if [ ! -d /work/build/power_logs/2021.08.12-21.17.45/ranging_tmp ]; \\\n\t\t\tthen mkdir /work/build/power_logs/2021.08.12-21.17.45/ranging_tmp \\\n\t\t\t\t&& mv /work/build/power_logs_temp/* /work/build/power_logs/2021.08.12-21.17.45/ranging_tmp/ \\\n\t\t\t\t&& cp -v /work/build/power_logs/2021.08.12-21.17.45/ranging_tmp/*/*/*/mlperf_log_detail.txt /work/build/power_logs_temp/ \\\n\t\t\t\t&& cp -v /work/build/power_logs/2021.08.12-21.17.45/ranging_tmp/*/*/*/mlperf_log_summary.txt /work/build/power_logs_temp/; \\\n\t\t\telse mkdir /work/build/power_logs/2021.08.12-21.17.45/testing_tmp \\\n\t\t\t\t&& mv /work/build/power_logs_temp/* /work/build/power_logs/2021.08.12-21.17.45/testing_tmp/ \\\n\t\t\t\t&& cp -v /work/build/power_logs/2021.08.12-21.17.45/testing_tmp/*/*/*/mlperf_log_detail.txt /work/build/power_logs_temp/ \\\n\t\t\t\t&& cp -v /work/build/power_logs/2021.08.12-21.17.45/testing_tmp/*/*/*/mlperf_log_summary.txt /work/build/power_logs_temp/; fi'
client 2021-08-12 21:28:36,489 [INFO] Sending command to the server: 'session,2021-08-12_21-17-51,stop,ranging'
client 2021-08-12 21:28:46,532 [INFO] Got response: 'OK'
client 2021-08-12 21:28:46,535 [INFO] Copying loadgen logs from '/work/build/power_logs_temp' to '/work/build/power_logs/2021.08.12-21.17.45/2021-08-12_21-17-51/ranging'
client 2021-08-12 21:28:46,535 [INFO] Running workload in testing mode
client 2021-08-12 21:28:46,535 [INFO] Synchronizing with the server and with 100.64.0.18...
client 2021-08-12 21:28:46,537 [INFO] NTP:offset = 0.001 s, delay = 0.001 s 
client 2021-08-12 21:28:46,537 [INFO] Sending command to the server: 'time'
client 2021-08-12 21:28:46,539 [INFO] Got response: '1628803726.4393818'
client 2021-08-12 21:28:46,539 [INFO] The time difference between the client and the server is within range 97.692 ms..99.783 ms
client 2021-08-12 21:28:46,539 [INFO] Sending command to the server: 'session,2021-08-12_21-17-51,start,testing'
client 2021-08-12 21:28:58,699 [INFO] Got response: 'OK'
client 2021-08-12 21:28:58,699 [INFO] Running the workload 'LOG_DIR=/work/build/power_logs_temp python3 code/main.py --benchmarks=ssd-resnet34 --scenarios=Server --config_ver=default --test_mode=PerformanceOnly --action="run_harness" \\\n\t\t&& if [ ! -d /work/build/power_logs/2021.08.12-21.17.45/ranging_tmp ]; \\\n\t\t\tthen mkdir /work/build/power_logs/2021.08.12-21.17.45/ranging_tmp \\\n\t\t\t\t&& mv /work/build/power_logs_temp/* /work/build/power_logs/2021.08.12-21.17.45/ranging_tmp/ \\\n\t\t\t\t&& cp -v /work/build/power_logs/2021.08.12-21.17.45/ranging_tmp/*/*/*/mlperf_log_detail.txt /work/build/power_logs_temp/ \\\n\t\t\t\t&& cp -v /work/build/power_logs/2021.08.12-21.17.45/ranging_tmp/*/*/*/mlperf_log_summary.txt /work/build/power_logs_temp/; \\\n\t\t\telse mkdir /work/build/power_logs/2021.08.12-21.17.45/testing_tmp \\\n\t\t\t\t&& mv /work/build/power_logs_temp/* /work/build/power_logs/2021.08.12-21.17.45/testing_tmp/ \\\n\t\t\t\t&& cp -v /work/build/power_logs/2021.08.12-21.17.45/testing_tmp/*/*/*/mlperf_log_detail.txt /work/build/power_logs_temp/ \\\n\t\t\t\t&& cp -v /work/build/power_logs/2021.08.12-21.17.45/testing_tmp/*/*/*/mlperf_log_summary.txt /work/build/power_logs_temp/; fi'
client 2021-08-12 21:39:14,362 [INFO] Sending command to the server: 'session,2021-08-12_21-17-51,stop,testing'
client 2021-08-12 21:39:24,389 [INFO] Got response: 'OK'
client 2021-08-12 21:39:24,390 [INFO] Copying loadgen logs from '/work/build/power_logs_temp' to '/work/build/power_logs/2021.08.12-21.17.45/2021-08-12_21-17-51/run_1'
client 2021-08-12 21:39:24,390 [INFO] Done runs
