ptd-server 2021-08-12 21:17:51,301 [INFO] Got command from the client 'stop'
ptd-server 2021-08-12 21:17:51,301 [INFO] The server will be stopped after processing this client
ptd-server 2021-08-12 21:17:51,301 [INFO] Sending reply to client 'OK'
ptd-server 2021-08-12 21:17:51,301 [INFO] Got command from the client 'time'
ptd-server 2021-08-12 21:17:51,301 [INFO] Sending reply to client '1628803071.3013783'
ptd-server 2021-08-12 21:17:51,301 [INFO] Got command from the client 'new,,d8968cca-4aab-43f6-80e6-aba14186ebf5'
ptd-server 2021-08-12 21:17:51,316 [INFO] Sending reply to client 'OK 2021-08-12_21-17-51,51a30a35-b57d-46ed-a0a8-12d8a5c58eb4'
ptd-server 2021-08-12 21:17:51,316 [INFO] Got command from the client 'time'
ptd-server 2021-08-12 21:17:51,316 [INFO] Sending reply to client '1628803071.3169446'
ptd-server 2021-08-12 21:17:51,316 [INFO] Got command from the client 'session,2021-08-12_21-17-51,start,ranging'
ptd-server 2021-08-12 21:17:51,426 [INFO] Running PTDaemon: ['.\\ptd-windows-x86.exe', '-l', 'C:\\Users\\root\\AppData\\Local\\Temp\\tmpelilfg58\\ptd_logfile.txt', '-p', '8888', '-c', '2', '-y', '48', '100.83.149.90']
ptd-server 2021-08-12 21:18:10,266 [INFO] Sending to ptd: 'Hello'
ptd-server 2021-08-12 21:18:10,266 [INFO] Reply from ptd: 'Hello, PTDaemon here!'
ptd-server 2021-08-12 21:18:10,266 [INFO] Sending to ptd: 'Identify'
ptd-server 2021-08-12 21:18:10,266 [INFO] Reply from ptd: 'YokogawaWT500_multichannel,1000,1,1,1,1,0,0,1,version=1.9.2-3976349f-20201208,OS=Windows 8 / Server 2012,mode=power,1,1,3,0,0,no_cal_date,YOKOGAWA;760203;U1J802935;F1.21'
ptd-server 2021-08-12 21:18:10,266 [INFO] Connected to PTDaemon
ptd-server 2021-08-12 21:18:10,266 [INFO] Sending to ptd: 'RR'
ptd-server 2021-08-12 21:18:10,266 [INFO] Reply from ptd: 'Ranges,-1,-1.000000,-1,-1.000000'
ptd-server 2021-08-12 21:18:10,266 [INFO] Initial range for Amps is Auto for Volts is Auto
ptd-server 2021-08-12 21:18:10,266 [INFO] Sending to ptd: 'SR,V,Auto'
ptd-server 2021-08-12 21:18:10,485 [INFO] Reply from ptd: 'Range V changed'
ptd-server 2021-08-12 21:18:10,485 [INFO] Sending to ptd: 'SR,A,Auto'
ptd-server 2021-08-12 21:18:10,642 [INFO] Reply from ptd: 'Range A changed'
ptd-server 2021-08-12 21:18:20,644 [INFO] Starting ranging mode
ptd-server 2021-08-12 21:18:20,644 [INFO] Sending to ptd: 'Go,1000,0,2021-08-12_21-17-51_ranging'
ptd-server 2021-08-12 21:18:20,644 [INFO] Reply from ptd: 'Starting untimed measurement, maximum 500000 samples at 1000ms with 0 rampup samples'
ptd-server 2021-08-12 21:18:20,644 [INFO] Sending reply to client 'OK'
ptd-server 2021-08-12 21:28:36,406 [INFO] Got command from the client 'session,2021-08-12_21-17-51,stop,ranging'
ptd-server 2021-08-12 21:28:46,408 [INFO] Sending to ptd: 'Stop'
ptd-server 2021-08-12 21:28:46,408 [INFO] Reply from ptd: 'Stopping untimed measurement'
ptd-server 2021-08-12 21:28:46,439 [INFO] Sending reply to client 'OK'
ptd-server 2021-08-12 21:28:46,439 [INFO] Got command from the client 'time'
ptd-server 2021-08-12 21:28:46,439 [INFO] Sending reply to client '1628803726.4393818'
ptd-server 2021-08-12 21:28:46,455 [INFO] Got command from the client 'session,2021-08-12_21-17-51,start,testing'
ptd-server 2021-08-12 21:28:46,455 [INFO] Sending to ptd: 'SR,V,129.150000'
ptd-server 2021-08-12 21:28:47,876 [INFO] Reply from ptd: 'Range V changed'
ptd-server 2021-08-12 21:28:47,876 [INFO] Sending to ptd: 'SR,A,13.678000'
ptd-server 2021-08-12 21:28:48,595 [INFO] Reply from ptd: 'Range A changed'
ptd-server 2021-08-12 21:28:58,609 [INFO] Starting testing mode
ptd-server 2021-08-12 21:28:58,609 [INFO] Sending to ptd: 'Go,1000,0,2021-08-12_21-17-51_testing'
ptd-server 2021-08-12 21:28:58,609 [INFO] Reply from ptd: 'Starting untimed measurement, maximum 500000 samples at 1000ms with 0 rampup samples'
ptd-server 2021-08-12 21:28:58,609 [INFO] Sending reply to client 'OK'
ptd-server 2021-08-12 21:39:14,261 [INFO] Got command from the client 'session,2021-08-12_21-17-51,stop,testing'
ptd-server 2021-08-12 21:39:24,279 [INFO] Sending to ptd: 'Stop'
ptd-server 2021-08-12 21:39:24,279 [INFO] Reply from ptd: 'Stopping untimed measurement'
ptd-server 2021-08-12 21:39:24,294 [INFO] Sending reply to client 'OK'
ptd-server 2021-08-12 21:39:24,294 [INFO] Got command from the client 'session,2021-08-12_21-17-51,done'
ptd-server 2021-08-12 21:39:24,294 [INFO] Sending to ptd: 'Stop'
ptd-server 2021-08-12 21:39:24,622 [INFO] Reply from ptd: 'Error: no measurement to stop'
ptd-server 2021-08-12 21:39:24,622 [INFO] Sending to ptd: 'SR,V,Auto'
ptd-server 2021-08-12 21:39:24,841 [INFO] Reply from ptd: 'Range V changed'
ptd-server 2021-08-12 21:39:24,841 [INFO] Sending to ptd: 'SR,A,Auto'
ptd-server 2021-08-12 21:39:24,982 [INFO] Reply from ptd: 'Range A changed'
ptd-server 2021-08-12 21:39:24,982 [INFO] Set initial values for Amps Auto and Volts Auto
ptd-server 2021-08-12 21:39:24,982 [INFO] Stopping ptd...
