ptd-server 2021-08-08 18:07:03,076 [INFO] Got command from the client 'time'
ptd-server 2021-08-08 18:07:03,076 [INFO] Sending reply to client '1628442423.0768082'
ptd-server 2021-08-08 18:07:03,078 [INFO] Got command from the client 'new,,fc9eafe7-d4fa-492e-9ec6-9e18db5f6933'
ptd-server 2021-08-08 18:07:03,078 [INFO] Sending reply to client 'OK 2021-08-08_18-07-03,c9c786c7-54ec-40e3-83ba-45d7751bfaf0'
ptd-server 2021-08-08 18:07:03,120 [INFO] Got command from the client 'time'
ptd-server 2021-08-08 18:07:03,120 [INFO] Sending reply to client '1628442423.1208265'
ptd-server 2021-08-08 18:07:03,122 [INFO] Got command from the client 'session,2021-08-08_18-07-03,start,ranging'
ptd-server 2021-08-08 18:07:03,122 [INFO] Running PTDaemon: ['/home/anton/projects/mlperf/power/inference_v1.0/ptd-linux-x86', '-l', '/tmp/tmpr3iqmcco/ptd_logfile.txt', '-p', '8888', '49', '/dev/usbtmc0']
ptd-server 2021-08-08 18:07:20,296 [INFO] Sending to ptd: 'Hello'
ptd-server 2021-08-08 18:07:20,296 [INFO] Reply from ptd: 'Hello, PTDaemon here!'
ptd-server 2021-08-08 18:07:20,296 [INFO] Sending to ptd: 'Identify'
ptd-server 2021-08-08 18:07:20,297 [INFO] Reply from ptd: 'YokogawaWT310E,1000,1,1,1,1,0,1,1,version=1.9.2-e8c7a49a-20201208,OS=Linux 5.8.0-63-generic #71~20.04.1-Ubuntu SMP Thu Jul 15 17:46:08 UTC 2021 x86_64,mode=power,1,1,1,0,0,no_cal_date,YOKOGAWA;WT310E;C3XA04010E;F1.04'
ptd-server 2021-08-08 18:07:20,297 [INFO] Connected to PTDaemon
ptd-server 2021-08-08 18:07:20,297 [INFO] Sending to ptd: 'RR'
ptd-server 2021-08-08 18:07:20,297 [INFO] Reply from ptd: 'Ranges,0,0.500000,0,300.000000'
ptd-server 2021-08-08 18:07:20,297 [INFO] Initial range for Amps is 0.500000 for Volts is 300.000000
ptd-server 2021-08-08 18:07:20,298 [INFO] Sending to ptd: 'SR,V,Auto'
ptd-server 2021-08-08 18:07:20,800 [INFO] Reply from ptd: 'Range V changed'
ptd-server 2021-08-08 18:07:20,800 [INFO] Sending to ptd: 'SR,A,Auto'
ptd-server 2021-08-08 18:07:21,303 [INFO] Reply from ptd: 'Range A changed'
ptd-server 2021-08-08 18:07:31,313 [INFO] Starting ranging mode
ptd-server 2021-08-08 18:07:31,313 [INFO] Sending to ptd: 'Go,1000,0,2021-08-08_18-07-03_ranging'
ptd-server 2021-08-08 18:07:31,314 [INFO] Reply from ptd: 'Starting untimed measurement, maximum 500000 samples at 1000ms with 0 rampup samples'
ptd-server 2021-08-08 18:07:31,314 [INFO] Sending reply to client 'OK'
ptd-server 2021-08-08 18:17:51,012 [INFO] Got command from the client 'session,2021-08-08_18-07-03,stop,ranging'
ptd-server 2021-08-08 18:18:01,022 [INFO] Sending to ptd: 'Stop'
ptd-server 2021-08-08 18:18:01,022 [INFO] Reply from ptd: 'Stopping untimed measurement'
ptd-server 2021-08-08 18:18:01,185 [INFO] Sending reply to client 'OK'
ptd-server 2021-08-08 18:18:01,251 [INFO] Got command from the client 'time'
ptd-server 2021-08-08 18:18:01,251 [INFO] Sending reply to client '1628443081.251795'
ptd-server 2021-08-08 18:18:01,255 [INFO] Got command from the client 'session,2021-08-08_18-07-03,start,testing'
ptd-server 2021-08-08 18:18:01,255 [INFO] Sending to ptd: 'SR,V,250.070000'
ptd-server 2021-08-08 18:18:02,815 [INFO] Reply from ptd: 'Range V changed'
ptd-server 2021-08-08 18:18:02,815 [INFO] Sending to ptd: 'SR,A,0.174680'
ptd-server 2021-08-08 18:18:04,317 [INFO] Reply from ptd: 'Range A changed'
ptd-server 2021-08-08 18:18:14,327 [INFO] Starting testing mode
ptd-server 2021-08-08 18:18:14,327 [INFO] Sending to ptd: 'Go,1000,0,2021-08-08_18-07-03_testing'
ptd-server 2021-08-08 18:18:14,328 [INFO] Reply from ptd: 'Starting untimed measurement, maximum 500000 samples at 1000ms with 0 rampup samples'
ptd-server 2021-08-08 18:18:14,328 [INFO] Sending reply to client 'OK'
ptd-server 2021-08-08 18:28:33,929 [INFO] Got command from the client 'session,2021-08-08_18-07-03,stop,testing'
ptd-server 2021-08-08 18:28:43,940 [INFO] Sending to ptd: 'Stop'
ptd-server 2021-08-08 18:28:43,940 [INFO] Reply from ptd: 'Stopping untimed measurement'
ptd-server 2021-08-08 18:28:44,036 [INFO] Sending reply to client 'OK'
ptd-server 2021-08-08 18:28:44,056 [INFO] Got command from the client 'session,2021-08-08_18-07-03,done'
ptd-server 2021-08-08 18:28:44,056 [INFO] Sending to ptd: 'Stop'
ptd-server 2021-08-08 18:28:44,328 [INFO] Reply from ptd: 'Error: no measurement to stop'
ptd-server 2021-08-08 18:28:44,328 [INFO] Sending to ptd: 'SR,V,300.000000'
ptd-server 2021-08-08 18:28:45,830 [INFO] Reply from ptd: 'Range V changed'
ptd-server 2021-08-08 18:28:45,830 [INFO] Sending to ptd: 'SR,A,0.500000'
ptd-server 2021-08-08 18:28:47,331 [INFO] Reply from ptd: 'Range A changed'
ptd-server 2021-08-08 18:28:47,331 [INFO] Set initial values for Amps 0.500000 and Volts 300.000000
ptd-server 2021-08-08 18:28:47,332 [INFO] Stopping ptd...
