ptd-server 2021-08-07 21:49:38,018 [INFO] Got command from the client 'time'
ptd-server 2021-08-07 21:49:38,018 [INFO] Sending reply to client '1628369378.0183377'
ptd-server 2021-08-07 21:49:38,021 [INFO] Got command from the client 'new,,028ad71d-7a1c-4e43-84ef-cceeb20d2bd6'
ptd-server 2021-08-07 21:49:38,022 [INFO] Sending reply to client 'OK 2021-08-07_21-49-38,b2ac9dfd-6d0b-463a-a38d-98125fa1f7e5'
ptd-server 2021-08-07 21:49:38,068 [INFO] Got command from the client 'time'
ptd-server 2021-08-07 21:49:38,069 [INFO] Sending reply to client '1628369378.069126'
ptd-server 2021-08-07 21:49:38,071 [INFO] Got command from the client 'session,2021-08-07_21-49-38,start,ranging'
ptd-server 2021-08-07 21:49:38,071 [INFO] Running PTDaemon: ['/home/anton/projects/mlperf/power/inference_v1.0/ptd-linux-x86', '-l', '/tmp/tmpr3iqmcco/ptd_logfile.txt', '-p', '8888', '49', '/dev/usbtmc0']
ptd-server 2021-08-07 21:49:55,246 [INFO] Sending to ptd: 'Hello'
ptd-server 2021-08-07 21:49:55,246 [INFO] Reply from ptd: 'Hello, PTDaemon here!'
ptd-server 2021-08-07 21:49:55,246 [INFO] Sending to ptd: 'Identify'
ptd-server 2021-08-07 21:49:55,247 [INFO] Reply from ptd: 'YokogawaWT310E,1000,1,1,1,1,0,1,1,version=1.9.2-e8c7a49a-20201208,OS=Linux 5.8.0-63-generic #71~20.04.1-Ubuntu SMP Thu Jul 15 17:46:08 UTC 2021 x86_64,mode=power,1,1,1,0,0,no_cal_date,YOKOGAWA;WT310E;C3XA04010E;F1.04'
ptd-server 2021-08-07 21:49:55,247 [INFO] Connected to PTDaemon
ptd-server 2021-08-07 21:49:55,247 [INFO] Sending to ptd: 'RR'
ptd-server 2021-08-07 21:49:55,247 [INFO] Reply from ptd: 'Ranges,0,0.500000,0,300.000000'
ptd-server 2021-08-07 21:49:55,247 [INFO] Initial range for Amps is 0.500000 for Volts is 300.000000
ptd-server 2021-08-07 21:49:55,248 [INFO] Sending to ptd: 'SR,V,Auto'
ptd-server 2021-08-07 21:49:55,750 [INFO] Reply from ptd: 'Range V changed'
ptd-server 2021-08-07 21:49:55,750 [INFO] Sending to ptd: 'SR,A,Auto'
ptd-server 2021-08-07 21:49:56,253 [INFO] Reply from ptd: 'Range A changed'
ptd-server 2021-08-07 21:50:06,263 [INFO] Starting ranging mode
ptd-server 2021-08-07 21:50:06,263 [INFO] Sending to ptd: 'Go,1000,0,2021-08-07_21-49-38_ranging'
ptd-server 2021-08-07 21:50:06,263 [INFO] Reply from ptd: 'Starting untimed measurement, maximum 500000 samples at 1000ms with 0 rampup samples'
ptd-server 2021-08-07 21:50:06,264 [INFO] Sending reply to client 'OK'
ptd-server 2021-08-07 22:00:26,046 [INFO] Got command from the client 'session,2021-08-07_21-49-38,stop,ranging'
ptd-server 2021-08-07 22:00:36,056 [INFO] Sending to ptd: 'Stop'
ptd-server 2021-08-07 22:00:36,057 [INFO] Reply from ptd: 'Stopping untimed measurement'
ptd-server 2021-08-07 22:00:36,132 [INFO] Sending reply to client 'OK'
ptd-server 2021-08-07 22:00:36,187 [INFO] Got command from the client 'time'
ptd-server 2021-08-07 22:00:36,187 [INFO] Sending reply to client '1628370036.1871347'
ptd-server 2021-08-07 22:00:36,189 [INFO] Got command from the client 'session,2021-08-07_21-49-38,start,testing'
ptd-server 2021-08-07 22:00:36,189 [INFO] Sending to ptd: 'SR,V,250.110000'
ptd-server 2021-08-07 22:00:37,765 [INFO] Reply from ptd: 'Range V changed'
ptd-server 2021-08-07 22:00:37,765 [INFO] Sending to ptd: 'SR,A,0.173920'
ptd-server 2021-08-07 22:00:39,266 [INFO] Reply from ptd: 'Range A changed'
ptd-server 2021-08-07 22:00:49,277 [INFO] Starting testing mode
ptd-server 2021-08-07 22:00:49,277 [INFO] Sending to ptd: 'Go,1000,0,2021-08-07_21-49-38_testing'
ptd-server 2021-08-07 22:00:49,277 [INFO] Reply from ptd: 'Starting untimed measurement, maximum 500000 samples at 1000ms with 0 rampup samples'
ptd-server 2021-08-07 22:00:49,277 [INFO] Sending reply to client 'OK'
ptd-server 2021-08-07 22:11:08,835 [INFO] Got command from the client 'session,2021-08-07_21-49-38,stop,testing'
ptd-server 2021-08-07 22:11:18,846 [INFO] Sending to ptd: 'Stop'
ptd-server 2021-08-07 22:11:18,846 [INFO] Reply from ptd: 'Stopping untimed measurement'
ptd-server 2021-08-07 22:11:18,884 [INFO] Sending reply to client 'OK'
ptd-server 2021-08-07 22:11:18,903 [INFO] Got command from the client 'session,2021-08-07_21-49-38,done'
ptd-server 2021-08-07 22:11:18,903 [INFO] Sending to ptd: 'Stop'
ptd-server 2021-08-07 22:11:19,277 [INFO] Reply from ptd: 'Error: no measurement to stop'
ptd-server 2021-08-07 22:11:19,277 [INFO] Sending to ptd: 'SR,V,300.000000'
ptd-server 2021-08-07 22:11:20,779 [INFO] Reply from ptd: 'Range V changed'
ptd-server 2021-08-07 22:11:20,779 [INFO] Sending to ptd: 'SR,A,0.500000'
ptd-server 2021-08-07 22:11:22,280 [INFO] Reply from ptd: 'Range A changed'
ptd-server 2021-08-07 22:11:22,280 [INFO] Set initial values for Amps 0.500000 and Volts 300.000000
ptd-server 2021-08-07 22:11:22,281 [INFO] Stopping ptd...
