client 2021-08-07 11:54:26,219 [INFO] Sending command to the server: 'mlcommons/power client v3'
client 2021-08-07 11:54:26,220 [INFO] Got response: 'mlcommons/power server v3'
client 2021-08-07 11:54:26,220 [INFO] Synchronizing with the server and with time.google.com...
client 2021-08-07 11:54:26,259 [INFO] NTP:offset = -0.003 s, delay = 0.028 s 
client 2021-08-07 11:54:26,260 [INFO] Sending command to the server: 'time'
client 2021-08-07 11:54:26,261 [INFO] Got response: '1628333666.2580552'
client 2021-08-07 11:54:26,261 [INFO] The time difference between the client and the server is within range 2.079 ms..3.770 ms
client 2021-08-07 11:54:26,262 [INFO] Sending command to the server: 'new,,32910268-438b-4ae0-be96-282263b46835'
client 2021-08-07 11:54:26,263 [INFO] Got response: 'OK 2021-08-07_11-54-26,2fdcfa2f-a09f-4f26-ba91-eb554a9b9355'
client 2021-08-07 11:54:26,263 [INFO] Session id is '2021-08-07_11-54-26'
client 2021-08-07 11:54:26,264 [INFO] Sources: {"sources": {"__init__.py": "da39a3ee5e6b4b0d3255bfef95601890afd80709", "client.py": "33ca4f26368777ac06e01f9567b714a4b8063886", "lib/__init__.py": "da39a3ee5e6b4b0d3255bfef95601890afd80709", "lib/client.py": "4c2b78fb4849a7e5b584ef792d82aaed20b17f57", "lib/common.py": "624d0c0acc7c39aaff3674f0b99d6a09da53d1dc", "lib/external/__init__.py": "da39a3ee5e6b4b0d3255bfef95601890afd80709", "lib/external/ntplib.py": "4da8f970656505a40483206ef2b5d3dd5e81711d", "lib/server.py": "59c9fb92908260d3e9f81a895c7aa009742275e4", "lib/source_hashes.py": "60a2e02193209e8d392803326208d5466342da18", "lib/summary.py": "aa92f0a3f975eecd44d3c0cd0236342ccc9f941d", "lib/time_sync.py": "3210db56eb0ff0df57bf4293dc4d4b03fffd46f1", "server.py": "c3f90f2f7eeb4db30727556d0c815ebc89b3d28b", "tests/unit/__init__.py": "da39a3ee5e6b4b0d3255bfef95601890afd80709", "tests/unit/test_server.py": "99ae15aef722f2000ee6ed1ae1523637bf1ae42b", "tests/unit/test_source_hashes.py": "00468a2907583c593e6574a1f6b404e4651c221a"}, "modules": {"ptd_client_server.lib.client": "lib/client.py", "ptd_client_server.lib.common": "lib/common.py", "ptd_client_server.lib.external.ntplib": "lib/external/ntplib.py", "ptd_client_server.lib.source_hashes": "lib/source_hashes.py", "ptd_client_server.lib.summary": "lib/summary.py", "ptd_client_server.lib.time_sync": "lib/time_sync.py"}}
client 2021-08-07 11:54:26,264 [INFO] Running workload in ranging mode
client 2021-08-07 11:54:26,264 [INFO] Synchronizing with the server and with time.google.com...
client 2021-08-07 11:54:26,299 [INFO] NTP:offset = -0.004 s, delay = 0.032 s 
client 2021-08-07 11:54:26,299 [INFO] Sending command to the server: 'time'
client 2021-08-07 11:54:26,301 [INFO] Got response: '1628333666.2976592'
client 2021-08-07 11:54:26,301 [INFO] The time difference between the client and the server is within range 2.122 ms..3.950 ms
client 2021-08-07 11:54:26,301 [INFO] Sending command to the server: 'session,2021-08-07_11-54-26,start,ranging'
client 2021-08-07 11:54:54,492 [INFO] Got response: 'OK'
client 2021-08-07 11:54:54,493 [INFO] Running the workload 'ck benchmark program:image-classification-tflite-loadgen --env.CK_SILENT_MODE=YES --skip_print_timers --dep_add_tags.compiler=gcc,v7 --dep_add_tags.python=v3 --dep_add_tags.mlperf-inference-src=r1.1 --dep_add_tags.weights=resnet50 --dep_add_tags.images=crop.875,preprocessed,using-opencv --dep_add_tags.library=tflite,v2.5.0,with.ruy --env.CK_LOADGEN_DATASET_SIZE=1024 --env.CK_LOADGEN_MODE=PerformanceOnly --env.CK_LOADGEN_SCENARIO=SingleStream --env.CK_LOADGEN_TARGET_LATENCY=80 --skip_stat_analysis --process_multi_keys --repetitions=1 --record --record_repo=local --record_uoa=mlperf-closed-xavier-tflite-v2.5.0-ruy-resnet50-singlestream-performance-target_latency.80-power.workload --tags=mlperf,division.closed,task.image-classification,platform.xavier,scenario.singlestream,mode.performance,workload.resnet50,preprocessed_using.opencv,inference_engine.tflite,inference_engine_version.v2.5.0,inference_engine_backend.ruy,target_latency.80,power.workload "@@@{\'meta\': {\'ck_benchmark_program\': \'ck benchmark program:image-classification-tflite-loadgen --env.CK_SILENT_MODE=YES --skip_print_timers --dep_add_tags.compiler=gcc,v7 --dep_add_tags.python=v3 --dep_add_tags.mlperf-inference-src=r1.1 --dep_add_tags.weights=resnet50 --dep_add_tags.images=crop.875,preprocessed,using-opencv --dep_add_tags.library=tflite,v2.5.0,with.ruy --env.CK_LOADGEN_DATASET_SIZE=1024 --env.CK_LOADGEN_MODE=PerformanceOnly --env.CK_LOADGEN_SCENARIO=SingleStream --env.CK_LOADGEN_TARGET_LATENCY=80 --skip_stat_analysis --process_multi_keys --repetitions=1 --record --record_repo=local --record_uoa=mlperf-closed-xavier-tflite-v2.5.0-ruy-resnet50-singlestream-performance-target_latency.80-power.workload --tags=mlperf,division.closed,task.image-classification,platform.xavier,scenario.singlestream,mode.performance,workload.resnet50,preprocessed_using.opencv,inference_engine.tflite,inference_engine_version.v2.5.0,inference_engine_backend.ruy,target_latency.80,power.workload\'}}" && cat `ck find program:image-classification-tflite-loadgen`/tmp/mlperf_log_summary.txt && mkdir -p "$CK_MLPERF_POWER_CLIENT_LOADGEN_LOGS" && cp "$CK_MLPERF_POWER_CLIENT_LOADGEN_LOGS"/../mlperf_log_* "$CK_MLPERF_POWER_CLIENT_LOADGEN_LOGS"/'
client 2021-08-07 12:05:14,301 [INFO] Sending command to the server: 'session,2021-08-07_11-54-26,stop,ranging'
client 2021-08-07 12:05:24,326 [INFO] Got response: 'OK'
client 2021-08-07 12:05:24,345 [INFO] Copying loadgen logs from '/home/maria/CK/ck-mlperf/program/image-classification-tflite-loadgen/tmp/loadgen_logs' to '/home/maria/CK/ck-mlperf/program/mlperf-power-client/tmp/2021-08-07_11-54-26/ranging'
client 2021-08-07 12:05:24,347 [INFO] Running workload in testing mode
client 2021-08-07 12:05:24,347 [INFO] Synchronizing with the server and with time.google.com...
client 2021-08-07 12:05:24,373 [INFO] NTP:offset = -0.000 s, delay = 0.023 s 
client 2021-08-07 12:05:24,374 [INFO] Sending command to the server: 'time'
client 2021-08-07 12:05:24,376 [INFO] Got response: '1628334324.3747602'
client 2021-08-07 12:05:24,376 [INFO] The time difference between the client and the server is within range -0.265 ms..2.096 ms
client 2021-08-07 12:05:24,377 [INFO] Sending command to the server: 'session,2021-08-07_11-54-26,start,testing'
client 2021-08-07 12:05:37,503 [INFO] Got response: 'OK'
client 2021-08-07 12:05:37,504 [INFO] Running the workload 'ck benchmark program:image-classification-tflite-loadgen --env.CK_SILENT_MODE=YES --skip_print_timers --dep_add_tags.compiler=gcc,v7 --dep_add_tags.python=v3 --dep_add_tags.mlperf-inference-src=r1.1 --dep_add_tags.weights=resnet50 --dep_add_tags.images=crop.875,preprocessed,using-opencv --dep_add_tags.library=tflite,v2.5.0,with.ruy --env.CK_LOADGEN_DATASET_SIZE=1024 --env.CK_LOADGEN_MODE=PerformanceOnly --env.CK_LOADGEN_SCENARIO=SingleStream --env.CK_LOADGEN_TARGET_LATENCY=80 --skip_stat_analysis --process_multi_keys --repetitions=1 --record --record_repo=local --record_uoa=mlperf-closed-xavier-tflite-v2.5.0-ruy-resnet50-singlestream-performance-target_latency.80-power.workload --tags=mlperf,division.closed,task.image-classification,platform.xavier,scenario.singlestream,mode.performance,workload.resnet50,preprocessed_using.opencv,inference_engine.tflite,inference_engine_version.v2.5.0,inference_engine_backend.ruy,target_latency.80,power.workload "@@@{\'meta\': {\'ck_benchmark_program\': \'ck benchmark program:image-classification-tflite-loadgen --env.CK_SILENT_MODE=YES --skip_print_timers --dep_add_tags.compiler=gcc,v7 --dep_add_tags.python=v3 --dep_add_tags.mlperf-inference-src=r1.1 --dep_add_tags.weights=resnet50 --dep_add_tags.images=crop.875,preprocessed,using-opencv --dep_add_tags.library=tflite,v2.5.0,with.ruy --env.CK_LOADGEN_DATASET_SIZE=1024 --env.CK_LOADGEN_MODE=PerformanceOnly --env.CK_LOADGEN_SCENARIO=SingleStream --env.CK_LOADGEN_TARGET_LATENCY=80 --skip_stat_analysis --process_multi_keys --repetitions=1 --record --record_repo=local --record_uoa=mlperf-closed-xavier-tflite-v2.5.0-ruy-resnet50-singlestream-performance-target_latency.80-power.workload --tags=mlperf,division.closed,task.image-classification,platform.xavier,scenario.singlestream,mode.performance,workload.resnet50,preprocessed_using.opencv,inference_engine.tflite,inference_engine_version.v2.5.0,inference_engine_backend.ruy,target_latency.80,power.workload\'}}" && cat `ck find program:image-classification-tflite-loadgen`/tmp/mlperf_log_summary.txt && mkdir -p "$CK_MLPERF_POWER_CLIENT_LOADGEN_LOGS" && cp "$CK_MLPERF_POWER_CLIENT_LOADGEN_LOGS"/../mlperf_log_* "$CK_MLPERF_POWER_CLIENT_LOADGEN_LOGS"/'
client 2021-08-07 12:15:57,187 [INFO] Sending command to the server: 'session,2021-08-07_11-54-26,stop,testing'
client 2021-08-07 12:16:07,204 [INFO] Got response: 'OK'
client 2021-08-07 12:16:07,212 [INFO] Copying loadgen logs from '/home/maria/CK/ck-mlperf/program/image-classification-tflite-loadgen/tmp/loadgen_logs' to '/home/maria/CK/ck-mlperf/program/mlperf-power-client/tmp/2021-08-07_11-54-26/run_1'
client 2021-08-07 12:16:07,215 [INFO] Done runs
