ptd-server 2021-08-08 20:18:08,782 [INFO] Got command from the client 'time'
ptd-server 2021-08-08 20:18:08,783 [INFO] Sending reply to client '1628450288.7829864'
ptd-server 2021-08-08 20:18:08,785 [INFO] Got command from the client 'new,,e2c30628-f899-483a-9c95-c2fe6a08a084'
ptd-server 2021-08-08 20:18:08,786 [INFO] Sending reply to client 'OK 2021-08-08_20-18-08,aa18d700-c6b8-4902-9939-45959b47833b'
ptd-server 2021-08-08 20:18:08,831 [INFO] Got command from the client 'time'
ptd-server 2021-08-08 20:18:08,831 [INFO] Sending reply to client '1628450288.831857'
ptd-server 2021-08-08 20:18:08,834 [INFO] Got command from the client 'session,2021-08-08_20-18-08,start,ranging'
ptd-server 2021-08-08 20:18:08,834 [INFO] Running PTDaemon: ['/home/anton/projects/mlperf/power/inference_v1.0/ptd-linux-x86', '-l', '/tmp/tmpr3iqmcco/ptd_logfile.txt', '-p', '8888', '49', '/dev/usbtmc0']
ptd-server 2021-08-08 20:18:26,007 [INFO] Sending to ptd: 'Hello'
ptd-server 2021-08-08 20:18:26,007 [INFO] Reply from ptd: 'Hello, PTDaemon here!'
ptd-server 2021-08-08 20:18:26,008 [INFO] Sending to ptd: 'Identify'
ptd-server 2021-08-08 20:18:26,008 [INFO] Reply from ptd: 'YokogawaWT310E,1000,1,1,1,1,0,1,1,version=1.9.2-e8c7a49a-20201208,OS=Linux 5.8.0-63-generic #71~20.04.1-Ubuntu SMP Thu Jul 15 17:46:08 UTC 2021 x86_64,mode=power,1,1,1,0,0,no_cal_date,YOKOGAWA;WT310E;C3XA04010E;F1.04'
ptd-server 2021-08-08 20:18:26,008 [INFO] Connected to PTDaemon
ptd-server 2021-08-08 20:18:26,008 [INFO] Sending to ptd: 'RR'
ptd-server 2021-08-08 20:18:26,008 [INFO] Reply from ptd: 'Ranges,0,0.500000,0,300.000000'
ptd-server 2021-08-08 20:18:26,009 [INFO] Initial range for Amps is 0.500000 for Volts is 300.000000
ptd-server 2021-08-08 20:18:26,009 [INFO] Sending to ptd: 'SR,V,Auto'
ptd-server 2021-08-08 20:18:26,511 [INFO] Reply from ptd: 'Range V changed'
ptd-server 2021-08-08 20:18:26,511 [INFO] Sending to ptd: 'SR,A,Auto'
ptd-server 2021-08-08 20:18:27,014 [INFO] Reply from ptd: 'Range A changed'
ptd-server 2021-08-08 20:18:37,024 [INFO] Starting ranging mode
ptd-server 2021-08-08 20:18:37,024 [INFO] Sending to ptd: 'Go,1000,0,2021-08-08_20-18-08_ranging'
ptd-server 2021-08-08 20:18:37,025 [INFO] Reply from ptd: 'Starting untimed measurement, maximum 500000 samples at 1000ms with 0 rampup samples'
ptd-server 2021-08-08 20:18:37,025 [INFO] Sending reply to client 'OK'
ptd-server 2021-08-08 20:28:56,574 [INFO] Got command from the client 'session,2021-08-08_20-18-08,stop,ranging'
ptd-server 2021-08-08 20:29:06,585 [INFO] Sending to ptd: 'Stop'
ptd-server 2021-08-08 20:29:06,585 [INFO] Reply from ptd: 'Stopping untimed measurement'
ptd-server 2021-08-08 20:29:06,761 [INFO] Sending reply to client 'OK'
ptd-server 2021-08-08 20:29:06,820 [INFO] Got command from the client 'time'
ptd-server 2021-08-08 20:29:06,821 [INFO] Sending reply to client '1628450946.8210661'
ptd-server 2021-08-08 20:29:06,823 [INFO] Got command from the client 'session,2021-08-08_20-18-08,start,testing'
ptd-server 2021-08-08 20:29:06,823 [INFO] Sending to ptd: 'SR,V,250.380000'
ptd-server 2021-08-08 20:29:08,526 [INFO] Reply from ptd: 'Range V changed'
ptd-server 2021-08-08 20:29:08,526 [INFO] Sending to ptd: 'SR,A,0.171920'
ptd-server 2021-08-08 20:29:10,027 [INFO] Reply from ptd: 'Range A changed'
ptd-server 2021-08-08 20:29:20,038 [INFO] Starting testing mode
ptd-server 2021-08-08 20:29:20,038 [INFO] Sending to ptd: 'Go,1000,0,2021-08-08_20-18-08_testing'
ptd-server 2021-08-08 20:29:20,038 [INFO] Reply from ptd: 'Starting untimed measurement, maximum 500000 samples at 1000ms with 0 rampup samples'
ptd-server 2021-08-08 20:29:20,039 [INFO] Sending reply to client 'OK'
ptd-server 2021-08-08 20:39:39,538 [INFO] Got command from the client 'session,2021-08-08_20-18-08,stop,testing'
ptd-server 2021-08-08 20:39:49,549 [INFO] Sending to ptd: 'Stop'
ptd-server 2021-08-08 20:39:49,549 [INFO] Reply from ptd: 'Stopping untimed measurement'
ptd-server 2021-08-08 20:39:49,650 [INFO] Sending reply to client 'OK'
ptd-server 2021-08-08 20:39:49,669 [INFO] Got command from the client 'session,2021-08-08_20-18-08,done'
ptd-server 2021-08-08 20:39:49,669 [INFO] Sending to ptd: 'Stop'
ptd-server 2021-08-08 20:39:50,039 [INFO] Reply from ptd: 'Error: no measurement to stop'
ptd-server 2021-08-08 20:39:50,039 [INFO] Sending to ptd: 'SR,V,300.000000'
ptd-server 2021-08-08 20:39:51,541 [INFO] Reply from ptd: 'Range V changed'
ptd-server 2021-08-08 20:39:51,541 [INFO] Sending to ptd: 'SR,A,0.500000'
ptd-server 2021-08-08 20:39:53,042 [INFO] Reply from ptd: 'Range A changed'
ptd-server 2021-08-08 20:39:53,042 [INFO] Set initial values for Amps 0.500000 and Volts 300.000000
ptd-server 2021-08-08 20:39:53,043 [INFO] Stopping ptd...
