ptd-server 2021-08-09 07:35:33,715 [INFO] Got command from the client 'time'
ptd-server 2021-08-09 07:35:33,716 [INFO] Sending reply to client '1628490933.7159872'
ptd-server 2021-08-09 07:35:33,718 [INFO] Got command from the client 'new,,dfef309b-f0cf-4319-a8f2-6c87be926748'
ptd-server 2021-08-09 07:35:33,718 [INFO] Sending reply to client 'OK 2021-08-09_07-35-33,75e1b8b3-dabf-45f1-b324-f301f8678769'
ptd-server 2021-08-09 07:35:33,766 [INFO] Got command from the client 'time'
ptd-server 2021-08-09 07:35:33,766 [INFO] Sending reply to client '1628490933.7664163'
ptd-server 2021-08-09 07:35:33,768 [INFO] Got command from the client 'session,2021-08-09_07-35-33,start,ranging'
ptd-server 2021-08-09 07:35:33,768 [INFO] Running PTDaemon: ['/home/anton/projects/mlperf/power/inference_v1.0/ptd-linux-x86', '-l', '/tmp/tmpr3iqmcco/ptd_logfile.txt', '-p', '8888', '49', '/dev/usbtmc0']
ptd-server 2021-08-09 07:35:50,942 [INFO] Sending to ptd: 'Hello'
ptd-server 2021-08-09 07:35:50,942 [INFO] Reply from ptd: 'Hello, PTDaemon here!'
ptd-server 2021-08-09 07:35:50,942 [INFO] Sending to ptd: 'Identify'
ptd-server 2021-08-09 07:35:50,943 [INFO] Reply from ptd: 'YokogawaWT310E,1000,1,1,1,1,0,1,1,version=1.9.2-e8c7a49a-20201208,OS=Linux 5.8.0-63-generic #71~20.04.1-Ubuntu SMP Thu Jul 15 17:46:08 UTC 2021 x86_64,mode=power,1,1,1,0,0,no_cal_date,YOKOGAWA;WT310E;C3XA04010E;F1.04'
ptd-server 2021-08-09 07:35:50,943 [INFO] Connected to PTDaemon
ptd-server 2021-08-09 07:35:50,943 [INFO] Sending to ptd: 'RR'
ptd-server 2021-08-09 07:35:50,943 [INFO] Reply from ptd: 'Ranges,0,0.500000,0,300.000000'
ptd-server 2021-08-09 07:35:50,944 [INFO] Initial range for Amps is 0.500000 for Volts is 300.000000
ptd-server 2021-08-09 07:35:50,944 [INFO] Sending to ptd: 'SR,V,Auto'
ptd-server 2021-08-09 07:35:51,446 [INFO] Reply from ptd: 'Range V changed'
ptd-server 2021-08-09 07:35:51,446 [INFO] Sending to ptd: 'SR,A,Auto'
ptd-server 2021-08-09 07:35:51,949 [INFO] Reply from ptd: 'Range A changed'
ptd-server 2021-08-09 07:36:01,959 [INFO] Starting ranging mode
ptd-server 2021-08-09 07:36:01,959 [INFO] Sending to ptd: 'Go,1000,0,2021-08-09_07-35-33_ranging'
ptd-server 2021-08-09 07:36:01,960 [INFO] Reply from ptd: 'Starting untimed measurement, maximum 500000 samples at 1000ms with 0 rampup samples'
ptd-server 2021-08-09 07:36:01,960 [INFO] Sending reply to client 'OK'
ptd-server 2021-08-09 07:46:07,230 [INFO] Got command from the client 'session,2021-08-09_07-35-33,stop,ranging'
ptd-server 2021-08-09 07:46:17,241 [INFO] Sending to ptd: 'Stop'
ptd-server 2021-08-09 07:46:17,241 [INFO] Reply from ptd: 'Stopping untimed measurement'
ptd-server 2021-08-09 07:46:17,478 [INFO] Sending reply to client 'OK'
ptd-server 2021-08-09 07:46:17,556 [INFO] Got command from the client 'time'
ptd-server 2021-08-09 07:46:17,556 [INFO] Sending reply to client '1628491577.5569398'
ptd-server 2021-08-09 07:46:17,559 [INFO] Got command from the client 'session,2021-08-09_07-35-33,start,testing'
ptd-server 2021-08-09 07:46:17,559 [INFO] Sending to ptd: 'SR,V,251.220000'
ptd-server 2021-08-09 07:46:19,461 [INFO] Reply from ptd: 'Range V changed'
ptd-server 2021-08-09 07:46:19,461 [INFO] Sending to ptd: 'SR,A,0.196990'
ptd-server 2021-08-09 07:46:20,962 [INFO] Reply from ptd: 'Range A changed'
ptd-server 2021-08-09 07:46:30,964 [INFO] Starting testing mode
ptd-server 2021-08-09 07:46:30,964 [INFO] Sending to ptd: 'Go,1000,0,2021-08-09_07-35-33_testing'
ptd-server 2021-08-09 07:46:30,964 [INFO] Reply from ptd: 'Starting untimed measurement, maximum 500000 samples at 1000ms with 0 rampup samples'
ptd-server 2021-08-09 07:46:30,964 [INFO] Sending reply to client 'OK'
ptd-server 2021-08-09 07:56:50,671 [INFO] Got command from the client 'session,2021-08-09_07-35-33,stop,testing'
ptd-server 2021-08-09 07:57:00,681 [INFO] Sending to ptd: 'Stop'
ptd-server 2021-08-09 07:57:00,682 [INFO] Reply from ptd: 'Stopping untimed measurement'
ptd-server 2021-08-09 07:57:00,814 [INFO] Sending reply to client 'OK'
ptd-server 2021-08-09 07:57:00,834 [INFO] Got command from the client 'session,2021-08-09_07-35-33,done'
ptd-server 2021-08-09 07:57:00,834 [INFO] Sending to ptd: 'Stop'
ptd-server 2021-08-09 07:57:00,965 [INFO] Reply from ptd: 'Error: no measurement to stop'
ptd-server 2021-08-09 07:57:00,965 [INFO] Sending to ptd: 'SR,V,300.000000'
ptd-server 2021-08-09 07:57:02,466 [INFO] Reply from ptd: 'Range V changed'
ptd-server 2021-08-09 07:57:02,467 [INFO] Sending to ptd: 'SR,A,0.500000'
ptd-server 2021-08-09 07:57:03,968 [INFO] Reply from ptd: 'Range A changed'
ptd-server 2021-08-09 07:57:03,968 [INFO] Set initial values for Amps 0.500000 and Volts 300.000000
ptd-server 2021-08-09 07:57:03,968 [INFO] Stopping ptd...
