ptd-server 2021-08-12 20:27:54,367 [INFO] Got command from the client 'time'
ptd-server 2021-08-12 20:27:54,367 [INFO] Sending reply to client '1628796474.3678732'
ptd-server 2021-08-12 20:27:54,370 [INFO] Got command from the client 'new,,cd2c61ee-d7d5-4fca-b131-9e9829c9b099'
ptd-server 2021-08-12 20:27:54,371 [INFO] Sending reply to client 'OK 2021-08-12_20-27-54,2fbe9af1-2f78-4cba-83df-c849e3628c13'
ptd-server 2021-08-12 20:27:54,427 [INFO] Got command from the client 'time'
ptd-server 2021-08-12 20:27:54,427 [INFO] Sending reply to client '1628796474.42758'
ptd-server 2021-08-12 20:27:54,430 [INFO] Got command from the client 'session,2021-08-12_20-27-54,start,ranging'
ptd-server 2021-08-12 20:27:54,430 [INFO] Running PTDaemon: ['/home/anton/projects/mlperf/power/inference_v1.0/ptd-linux-x86', '-l', '/tmp/tmp69denxsv/ptd_logfile.txt', '-p', '8888', '49', '/dev/usbtmc0']
ptd-server 2021-08-12 20:28:11,605 [INFO] Sending to ptd: 'Hello'
ptd-server 2021-08-12 20:28:11,605 [INFO] Reply from ptd: 'Hello, PTDaemon here!'
ptd-server 2021-08-12 20:28:11,605 [INFO] Sending to ptd: 'Identify'
ptd-server 2021-08-12 20:28:11,606 [INFO] Reply from ptd: 'YokogawaWT310E,1000,1,1,1,1,0,1,1,version=1.9.2-e8c7a49a-20201208,OS=Linux 5.11.0-25-generic #27~20.04.1-Ubuntu SMP Tue Jul 13 17:41:23 UTC 2021 x86_64,mode=power,1,1,1,0,0,no_cal_date,YOKOGAWA;WT310E;C3XA04010E;F1.04'
ptd-server 2021-08-12 20:28:11,606 [INFO] Connected to PTDaemon
ptd-server 2021-08-12 20:28:11,606 [INFO] Sending to ptd: 'RR'
ptd-server 2021-08-12 20:28:11,606 [INFO] Reply from ptd: 'Ranges,0,0.500000,0,300.000000'
ptd-server 2021-08-12 20:28:11,606 [INFO] Initial range for Amps is 0.500000 for Volts is 300.000000
ptd-server 2021-08-12 20:28:11,607 [INFO] Sending to ptd: 'SR,V,Auto'
ptd-server 2021-08-12 20:28:12,109 [INFO] Reply from ptd: 'Range V changed'
ptd-server 2021-08-12 20:28:12,109 [INFO] Sending to ptd: 'SR,A,Auto'
ptd-server 2021-08-12 20:28:12,612 [INFO] Reply from ptd: 'Range A changed'
ptd-server 2021-08-12 20:28:22,622 [INFO] Starting ranging mode
ptd-server 2021-08-12 20:28:22,622 [INFO] Sending to ptd: 'Go,1000,0,2021-08-12_20-27-54_ranging'
ptd-server 2021-08-12 20:28:22,623 [INFO] Reply from ptd: 'Starting untimed measurement, maximum 500000 samples at 1000ms with 0 rampup samples'
ptd-server 2021-08-12 20:28:22,623 [INFO] Sending reply to client 'OK'
ptd-server 2021-08-12 20:39:55,870 [INFO] Got command from the client 'session,2021-08-12_20-27-54,stop,ranging'
ptd-server 2021-08-12 20:40:05,880 [INFO] Sending to ptd: 'Stop'
ptd-server 2021-08-12 20:40:05,881 [INFO] Reply from ptd: 'Stopping untimed measurement'
ptd-server 2021-08-12 20:40:05,907 [INFO] Sending reply to client 'OK'
ptd-server 2021-08-12 20:40:06,163 [INFO] Got command from the client 'time'
ptd-server 2021-08-12 20:40:06,163 [INFO] Sending reply to client '1628797206.1637182'
ptd-server 2021-08-12 20:40:06,168 [INFO] Got command from the client 'session,2021-08-12_20-27-54,start,testing'
ptd-server 2021-08-12 20:40:06,168 [INFO] Sending to ptd: 'SR,V,249.470000'
ptd-server 2021-08-12 20:40:08,124 [INFO] Reply from ptd: 'Range V changed'
ptd-server 2021-08-12 20:40:08,125 [INFO] Sending to ptd: 'SR,A,0.180580'
ptd-server 2021-08-12 20:40:09,626 [INFO] Reply from ptd: 'Range A changed'
ptd-server 2021-08-12 20:40:19,630 [INFO] Starting testing mode
ptd-server 2021-08-12 20:40:19,630 [INFO] Sending to ptd: 'Go,1000,0,2021-08-12_20-27-54_testing'
ptd-server 2021-08-12 20:40:19,630 [INFO] Reply from ptd: 'Starting untimed measurement, maximum 500000 samples at 1000ms with 0 rampup samples'
ptd-server 2021-08-12 20:40:19,631 [INFO] Sending reply to client 'OK'
ptd-server 2021-08-12 20:51:54,558 [INFO] Got command from the client 'session,2021-08-12_20-27-54,stop,testing'
ptd-server 2021-08-12 20:52:04,568 [INFO] Sending to ptd: 'Stop'
ptd-server 2021-08-12 20:52:04,568 [INFO] Reply from ptd: 'Stopping untimed measurement'
ptd-server 2021-08-12 20:52:04,581 [INFO] Sending reply to client 'OK'
ptd-server 2021-08-12 20:52:04,629 [INFO] Got command from the client 'session,2021-08-12_20-27-54,done'
ptd-server 2021-08-12 20:52:04,629 [INFO] Sending to ptd: 'Stop'
ptd-server 2021-08-12 20:52:04,630 [INFO] Reply from ptd: 'Error: no measurement to stop'
ptd-server 2021-08-12 20:52:04,630 [INFO] Sending to ptd: 'SR,V,300.000000'
ptd-server 2021-08-12 20:52:06,132 [INFO] Reply from ptd: 'Range V changed'
ptd-server 2021-08-12 20:52:06,132 [INFO] Sending to ptd: 'SR,A,0.500000'
ptd-server 2021-08-12 20:52:07,633 [INFO] Reply from ptd: 'Range A changed'
ptd-server 2021-08-12 20:52:07,633 [INFO] Set initial values for Amps 0.500000 and Volts 300.000000
ptd-server 2021-08-12 20:52:07,633 [INFO] Stopping ptd...
