ptd-server 2021-08-12 15:32:03,991 [INFO] Got command from the client 'time'
ptd-server 2021-08-12 15:32:03,991 [INFO] Sending reply to client '1628778723.991437'
ptd-server 2021-08-12 15:32:03,994 [INFO] Got command from the client 'new,,abf9448c-e6fd-46ce-9f15-b5fbf94058c2'
ptd-server 2021-08-12 15:32:03,994 [INFO] Sending reply to client 'OK 2021-08-12_15-32-03,efc59e99-9715-417a-8181-124e91252322'
ptd-server 2021-08-12 15:32:04,041 [INFO] Got command from the client 'time'
ptd-server 2021-08-12 15:32:04,041 [INFO] Sending reply to client '1628778724.0414982'
ptd-server 2021-08-12 15:32:04,044 [INFO] Got command from the client 'session,2021-08-12_15-32-03,start,ranging'
ptd-server 2021-08-12 15:32:04,044 [INFO] Running PTDaemon: ['/home/anton/projects/mlperf/power/inference_v1.0/ptd-linux-x86', '-l', '/tmp/tmp69denxsv/ptd_logfile.txt', '-p', '8888', '49', '/dev/usbtmc0']
ptd-server 2021-08-12 15:32:21,218 [INFO] Sending to ptd: 'Hello'
ptd-server 2021-08-12 15:32:21,219 [INFO] Reply from ptd: 'Hello, PTDaemon here!'
ptd-server 2021-08-12 15:32:21,219 [INFO] Sending to ptd: 'Identify'
ptd-server 2021-08-12 15:32:21,219 [INFO] Reply from ptd: 'YokogawaWT310E,1000,1,1,1,1,0,1,1,version=1.9.2-e8c7a49a-20201208,OS=Linux 5.11.0-25-generic #27~20.04.1-Ubuntu SMP Tue Jul 13 17:41:23 UTC 2021 x86_64,mode=power,1,1,1,0,0,no_cal_date,YOKOGAWA;WT310E;C3XA04010E;F1.04'
ptd-server 2021-08-12 15:32:21,219 [INFO] Connected to PTDaemon
ptd-server 2021-08-12 15:32:21,219 [INFO] Sending to ptd: 'RR'
ptd-server 2021-08-12 15:32:21,220 [INFO] Reply from ptd: 'Ranges,0,0.500000,0,300.000000'
ptd-server 2021-08-12 15:32:21,220 [INFO] Initial range for Amps is 0.500000 for Volts is 300.000000
ptd-server 2021-08-12 15:32:21,220 [INFO] Sending to ptd: 'SR,V,Auto'
ptd-server 2021-08-12 15:32:21,723 [INFO] Reply from ptd: 'Range V changed'
ptd-server 2021-08-12 15:32:21,723 [INFO] Sending to ptd: 'SR,A,Auto'
ptd-server 2021-08-12 15:32:22,225 [INFO] Reply from ptd: 'Range A changed'
ptd-server 2021-08-12 15:32:32,236 [INFO] Starting ranging mode
ptd-server 2021-08-12 15:32:32,236 [INFO] Sending to ptd: 'Go,1000,0,2021-08-12_15-32-03_ranging'
ptd-server 2021-08-12 15:32:32,236 [INFO] Reply from ptd: 'Starting untimed measurement, maximum 500000 samples at 1000ms with 0 rampup samples'
ptd-server 2021-08-12 15:32:32,236 [INFO] Sending reply to client 'OK'
ptd-server 2021-08-12 15:45:54,474 [INFO] Got command from the client 'session,2021-08-12_15-32-03,stop,ranging'
ptd-server 2021-08-12 15:46:04,484 [INFO] Sending to ptd: 'Stop'
ptd-server 2021-08-12 15:46:04,485 [INFO] Reply from ptd: 'Stopping untimed measurement'
ptd-server 2021-08-12 15:46:04,502 [INFO] Sending reply to client 'OK'
ptd-server 2021-08-12 15:46:04,637 [INFO] Got command from the client 'time'
ptd-server 2021-08-12 15:46:04,637 [INFO] Sending reply to client '1628779564.6375575'
ptd-server 2021-08-12 15:46:04,641 [INFO] Got command from the client 'session,2021-08-12_15-32-03,start,testing'
ptd-server 2021-08-12 15:46:04,641 [INFO] Sending to ptd: 'SR,V,252.380000'
ptd-server 2021-08-12 15:46:06,738 [INFO] Reply from ptd: 'Range V changed'
ptd-server 2021-08-12 15:46:06,738 [INFO] Sending to ptd: 'SR,A,0.307470'
ptd-server 2021-08-12 15:46:08,239 [INFO] Reply from ptd: 'Range A changed'
ptd-server 2021-08-12 15:46:18,250 [INFO] Starting testing mode
ptd-server 2021-08-12 15:46:18,250 [INFO] Sending to ptd: 'Go,1000,0,2021-08-12_15-32-03_testing'
ptd-server 2021-08-12 15:46:18,250 [INFO] Reply from ptd: 'Starting untimed measurement, maximum 500000 samples at 1000ms with 0 rampup samples'
ptd-server 2021-08-12 15:46:18,250 [INFO] Sending reply to client 'OK'
ptd-server 2021-08-12 15:59:46,968 [INFO] Got command from the client 'session,2021-08-12_15-32-03,stop,testing'
ptd-server 2021-08-12 15:59:56,978 [INFO] Sending to ptd: 'Stop'
ptd-server 2021-08-12 15:59:56,978 [INFO] Reply from ptd: 'Stopping untimed measurement'
ptd-server 2021-08-12 15:59:56,986 [INFO] Sending reply to client 'OK'
ptd-server 2021-08-12 15:59:57,029 [INFO] Got command from the client 'session,2021-08-12_15-32-03,done'
ptd-server 2021-08-12 15:59:57,030 [INFO] Sending to ptd: 'Stop'
ptd-server 2021-08-12 15:59:57,250 [INFO] Reply from ptd: 'Error: no measurement to stop'
ptd-server 2021-08-12 15:59:57,250 [INFO] Sending to ptd: 'SR,V,300.000000'
ptd-server 2021-08-12 15:59:58,752 [INFO] Reply from ptd: 'Range V changed'
ptd-server 2021-08-12 15:59:58,752 [INFO] Sending to ptd: 'SR,A,0.500000'
ptd-server 2021-08-12 16:00:00,253 [INFO] Reply from ptd: 'Range A changed'
ptd-server 2021-08-12 16:00:00,254 [INFO] Set initial values for Amps 0.500000 and Volts 300.000000
ptd-server 2021-08-12 16:00:00,254 [INFO] Stopping ptd...
