ptd-server 2021-08-10 08:20:26,134 [INFO] Got command from the client 'time'
ptd-server 2021-08-10 08:20:26,134 [INFO] Sending reply to client '1628601626.1346214'
ptd-server 2021-08-10 08:20:26,135 [INFO] Got command from the client 'new,,f81e0cb3-2732-4919-bbd3-d8aa0ec807da'
ptd-server 2021-08-10 08:20:26,136 [INFO] Sending reply to client 'OK 2021-08-10_08-20-26,391f344e-5bb9-4472-9c7f-7268d382ca02'
ptd-server 2021-08-10 08:20:26,239 [INFO] Got command from the client 'time'
ptd-server 2021-08-10 08:20:26,239 [INFO] Sending reply to client '1628601626.239663'
ptd-server 2021-08-10 08:20:26,240 [INFO] Got command from the client 'session,2021-08-10_08-20-26,start,ranging'
ptd-server 2021-08-10 08:20:26,241 [INFO] Running PTDaemon: ['/local/mnt/workspace/mlcommons/power-main/inference_v1.0/ptd-linux-x86', '-l', '/tmp/tmp576e339s/ptd_logfile.txt', '-p', '8888', '-c', '1,2', '77', '/dev/usbtmc1']
ptd-server 2021-08-10 08:20:43,826 [INFO] Sending to ptd: 'Hello'
ptd-server 2021-08-10 08:20:43,827 [INFO] Reply from ptd: 'Hello, PTDaemon here!'
ptd-server 2021-08-10 08:20:43,827 [INFO] Sending to ptd: 'Identify'
ptd-server 2021-08-10 08:20:43,827 [INFO] Reply from ptd: 'YokogawaWT330_multichannel,1000,1,1,1,1,0,0,1,version=1.9.2-e8c7a49a-20201208,OS=Linux 4.15.0-118-generic #119~16.04.1-Ubuntu SMP Tue Sep 8 14:54:40 UTC 2020 x86_64,mode=power,1,1,2,0,0,no_cal_date,YOKOGAWA;WT333E;C2XC17005V;F1.04'
ptd-server 2021-08-10 08:20:43,827 [INFO] Connected to PTDaemon
ptd-server 2021-08-10 08:20:43,828 [INFO] Sending to ptd: 'RR'
ptd-server 2021-08-10 08:20:43,828 [INFO] Reply from ptd: 'Ranges,-1,-1.000000,-1,-1.000000'
ptd-server 2021-08-10 08:20:43,828 [INFO] Initial range for Amps is Auto for Volts is Auto
ptd-server 2021-08-10 08:20:43,828 [INFO] Sending to ptd: 'SR,V,Auto'
ptd-server 2021-08-10 08:20:48,881 [INFO] Reply from ptd: 'Range V changed'
ptd-server 2021-08-10 08:20:48,881 [INFO] Sending to ptd: 'SR,A,20'
ptd-server 2021-08-10 08:20:54,432 [INFO] Reply from ptd: 'Range A changed'
ptd-server 2021-08-10 08:21:04,442 [INFO] Starting ranging mode
ptd-server 2021-08-10 08:21:04,442 [INFO] Sending to ptd: 'Go,1000,0,2021-08-10_08-20-26_ranging'
ptd-server 2021-08-10 08:21:04,442 [INFO] Reply from ptd: 'Starting untimed measurement, maximum 500000 samples at 1000ms with 0 rampup samples'
ptd-server 2021-08-10 08:21:04,443 [INFO] Sending reply to client 'OK'
ptd-server 2021-08-10 08:32:38,419 [INFO] Got command from the client 'session,2021-08-10_08-20-26,stop,ranging'
ptd-server 2021-08-10 08:32:48,430 [INFO] Sending to ptd: 'Stop'
ptd-server 2021-08-10 08:32:48,430 [INFO] Reply from ptd: 'Stopping untimed measurement'
ptd-server 2021-08-10 08:32:48,451 [INFO] Sending reply to client 'OK'
ptd-server 2021-08-10 08:32:48,572 [INFO] Got command from the client 'time'
ptd-server 2021-08-10 08:32:48,572 [INFO] Sending reply to client '1628602368.5725846'
ptd-server 2021-08-10 08:32:48,573 [INFO] Got command from the client 'session,2021-08-10_08-20-26,start,testing'
ptd-server 2021-08-10 08:32:48,573 [INFO] Sending to ptd: 'SR,V,205.930000'
ptd-server 2021-08-10 08:32:54,624 [INFO] Reply from ptd: 'Range V changed'
ptd-server 2021-08-10 08:32:54,624 [INFO] Sending to ptd: 'SR,A,4.719000'
ptd-server 2021-08-10 08:33:00,176 [INFO] Reply from ptd: 'Range A changed'
ptd-server 2021-08-10 08:33:10,186 [INFO] Starting testing mode
ptd-server 2021-08-10 08:33:10,186 [INFO] Sending to ptd: 'Go,1000,0,2021-08-10_08-20-26_testing'
ptd-server 2021-08-10 08:33:10,187 [INFO] Reply from ptd: 'Starting untimed measurement, maximum 500000 samples at 1000ms with 0 rampup samples'
ptd-server 2021-08-10 08:33:10,187 [INFO] Sending reply to client 'OK'
ptd-server 2021-08-10 08:44:45,268 [INFO] Got command from the client 'session,2021-08-10_08-20-26,stop,testing'
ptd-server 2021-08-10 08:44:55,269 [INFO] Sending to ptd: 'Stop'
ptd-server 2021-08-10 08:44:55,269 [INFO] Reply from ptd: 'Stopping untimed measurement'
ptd-server 2021-08-10 08:44:55,272 [INFO] Sending reply to client 'OK'
ptd-server 2021-08-10 08:44:55,278 [INFO] Got command from the client 'session,2021-08-10_08-20-26,done'
ptd-server 2021-08-10 08:44:55,278 [INFO] Sending to ptd: 'Stop'
ptd-server 2021-08-10 08:44:56,188 [INFO] Reply from ptd: 'Error: no measurement to stop'
ptd-server 2021-08-10 08:44:56,188 [INFO] Sending to ptd: 'SR,V,Auto'
ptd-server 2021-08-10 08:45:01,241 [INFO] Reply from ptd: 'Range V changed'
ptd-server 2021-08-10 08:45:01,241 [INFO] Sending to ptd: 'SR,A,Auto'
ptd-server 2021-08-10 08:45:06,293 [INFO] Reply from ptd: 'Range A changed'
ptd-server 2021-08-10 08:45:06,293 [INFO] Set initial values for Amps Auto and Volts Auto
ptd-server 2021-08-10 08:45:06,293 [INFO] Stopping ptd...
