ptd-server 2021-08-05 00:41:58,835 [INFO] Got command from the client 'stop'
ptd-server 2021-08-05 00:41:58,835 [INFO] The server will be stopped after processing this client
ptd-server 2021-08-05 00:41:58,835 [INFO] Sending reply to client 'OK'
ptd-server 2021-08-05 00:41:59,038 [INFO] Got command from the client 'time'
ptd-server 2021-08-05 00:41:59,038 [INFO] Sending reply to client '1628149319.0381672'
ptd-server 2021-08-05 00:41:59,038 [INFO] Got command from the client 'new,,40d13150-4f03-4368-af00-9efd4939b156'
ptd-server 2021-08-05 00:41:59,038 [INFO] Sending reply to client 'OK 2021-08-05_00-41-59,83b9c32e-8be3-4a1a-90cb-8635ba287b17'
ptd-server 2021-08-05 00:41:59,241 [INFO] Got command from the client 'time'
ptd-server 2021-08-05 00:41:59,241 [INFO] Sending reply to client '1628149319.2412088'
ptd-server 2021-08-05 00:41:59,241 [INFO] Got command from the client 'session,2021-08-05_00-41-59,start,ranging'
ptd-server 2021-08-05 00:41:59,350 [INFO] Running PTDaemon: ['C:\\PTD\\ptd-windows-x86.exe', '-l', 'C:\\Users\\lab\\AppData\\Local\\Temp\\tmpjn2aq_ck\\ptd_logfile.txt', '-p', '8888', '-c', '1', '-y', '52', '172.18.220.100']
ptd-server 2021-08-05 00:42:17,851 [INFO] Sending to ptd: 'Hello'
ptd-server 2021-08-05 00:42:17,851 [INFO] Reply from ptd: 'Hello, PTDaemon here!'
ptd-server 2021-08-05 00:42:17,851 [INFO] Sending to ptd: 'Identify'
ptd-server 2021-08-05 00:42:17,851 [INFO] Reply from ptd: 'YokogawaWT330E,1000,1,1,1,1,0,0,1,version=1.9.2-3976349f-20201208,OS=Windows 8 / Server 2012,mode=power,1,1,1,0,0,no_cal_date,YOKOGAWA;WT333E;C2WC23035V;F1.04'
ptd-server 2021-08-05 00:42:17,851 [INFO] Connected to PTDaemon
ptd-server 2021-08-05 00:42:17,851 [INFO] Sending to ptd: 'RR'
ptd-server 2021-08-05 00:42:17,851 [INFO] Reply from ptd: 'Ranges,1,5.000000,1,300.000000'
ptd-server 2021-08-05 00:42:17,851 [INFO] Initial range for Amps is Auto for Volts is Auto
ptd-server 2021-08-05 00:42:17,851 [INFO] Sending to ptd: 'SR,V,Auto'
ptd-server 2021-08-05 00:42:18,366 [INFO] Reply from ptd: 'Range V changed'
ptd-server 2021-08-05 00:42:18,366 [INFO] Sending to ptd: 'SR,A,20'
ptd-server 2021-08-05 00:42:19,900 [INFO] Reply from ptd: 'Range A changed'
ptd-server 2021-08-05 00:42:29,916 [INFO] Starting ranging mode
ptd-server 2021-08-05 00:42:29,916 [INFO] Sending to ptd: 'Go,1000,0,2021-08-05_00-41-59_ranging'
ptd-server 2021-08-05 00:42:29,916 [INFO] Reply from ptd: 'Starting untimed measurement, maximum 500000 samples at 1000ms with 0 rampup samples'
ptd-server 2021-08-05 00:42:29,916 [INFO] Sending reply to client 'OK'
ptd-server 2021-08-05 00:58:15,743 [INFO] Got command from the client 'session,2021-08-05_00-41-59,stop,ranging'
ptd-server 2021-08-05 00:58:25,751 [INFO] Sending to ptd: 'Stop'
ptd-server 2021-08-05 00:58:25,751 [INFO] Reply from ptd: 'Stopping untimed measurement'
ptd-server 2021-08-05 00:58:25,767 [INFO] Sending reply to client 'OK'
ptd-server 2021-08-05 00:58:26,089 [INFO] Got command from the client 'time'
ptd-server 2021-08-05 00:58:26,089 [INFO] Sending reply to client '1628150306.0897748'
ptd-server 2021-08-05 00:58:26,089 [INFO] Got command from the client 'session,2021-08-05_00-41-59,start,testing'
ptd-server 2021-08-05 00:58:26,089 [INFO] Sending to ptd: 'SR,V,206.510000'
ptd-server 2021-08-05 00:58:27,618 [INFO] Reply from ptd: 'Range V changed'
ptd-server 2021-08-05 00:58:27,618 [INFO] Sending to ptd: 'SR,A,6.273000'
ptd-server 2021-08-05 00:58:29,149 [INFO] Reply from ptd: 'Range A changed'
ptd-server 2021-08-05 00:58:39,150 [INFO] Starting testing mode
ptd-server 2021-08-05 00:58:39,150 [INFO] Sending to ptd: 'Go,1000,0,2021-08-05_00-41-59_testing'
ptd-server 2021-08-05 00:58:39,150 [INFO] Reply from ptd: 'Starting untimed measurement, maximum 500000 samples at 1000ms with 0 rampup samples'
ptd-server 2021-08-05 00:58:39,150 [INFO] Sending reply to client 'OK'
ptd-server 2021-08-05 01:14:15,062 [INFO] Got command from the client 'session,2021-08-05_00-41-59,stop,testing'
ptd-server 2021-08-05 01:14:25,076 [INFO] Sending to ptd: 'Stop'
ptd-server 2021-08-05 01:14:25,076 [INFO] Reply from ptd: 'Stopping untimed measurement'
ptd-server 2021-08-05 01:14:25,091 [INFO] Sending reply to client 'OK'
ptd-server 2021-08-05 01:14:25,294 [INFO] Got command from the client 'session,2021-08-05_00-41-59,done'
ptd-server 2021-08-05 01:14:25,294 [INFO] Sending to ptd: 'Stop'
ptd-server 2021-08-05 01:14:25,294 [INFO] Reply from ptd: 'Error: no measurement to stop'
ptd-server 2021-08-05 01:14:25,294 [INFO] Sending to ptd: 'SR,V,Auto'
ptd-server 2021-08-05 01:14:25,810 [INFO] Reply from ptd: 'Range V changed'
ptd-server 2021-08-05 01:14:25,810 [INFO] Sending to ptd: 'SR,A,Auto'
ptd-server 2021-08-05 01:14:26,326 [INFO] Reply from ptd: 'Range A changed'
ptd-server 2021-08-05 01:14:26,326 [INFO] Set initial values for Amps Auto and Volts Auto
ptd-server 2021-08-05 01:14:26,326 [INFO] Stopping ptd...
