ptd-server 2021-08-09 02:07:46,657 [INFO] Got command from the client 'time'
ptd-server 2021-08-09 02:07:46,657 [INFO] Sending reply to client '1628471266.6573596'
ptd-server 2021-08-09 02:07:46,659 [INFO] Got command from the client 'new,,0ded3b86-1b64-47e5-8224-7d5d63f4f689'
ptd-server 2021-08-09 02:07:46,659 [INFO] Sending reply to client 'OK 2021-08-09_02-07-46,91c04bd2-a692-404b-b5c8-24cfaeda2c65'
ptd-server 2021-08-09 02:07:46,697 [INFO] Got command from the client 'time'
ptd-server 2021-08-09 02:07:46,697 [INFO] Sending reply to client '1628471266.697214'
ptd-server 2021-08-09 02:07:46,699 [INFO] Got command from the client 'session,2021-08-09_02-07-46,start,ranging'
ptd-server 2021-08-09 02:07:46,699 [INFO] Running PTDaemon: ['/home/anton/projects/mlperf/power/inference_v1.0/ptd-linux-x86', '-l', '/tmp/tmpr3iqmcco/ptd_logfile.txt', '-p', '8888', '49', '/dev/usbtmc0']
ptd-server 2021-08-09 02:08:03,871 [INFO] Sending to ptd: 'Hello'
ptd-server 2021-08-09 02:08:03,871 [INFO] Reply from ptd: 'Hello, PTDaemon here!'
ptd-server 2021-08-09 02:08:03,872 [INFO] Sending to ptd: 'Identify'
ptd-server 2021-08-09 02:08:03,872 [INFO] Reply from ptd: 'YokogawaWT310E,1000,1,1,1,1,0,1,1,version=1.9.2-e8c7a49a-20201208,OS=Linux 5.8.0-63-generic #71~20.04.1-Ubuntu SMP Thu Jul 15 17:46:08 UTC 2021 x86_64,mode=power,1,1,1,0,0,no_cal_date,YOKOGAWA;WT310E;C3XA04010E;F1.04'
ptd-server 2021-08-09 02:08:03,872 [INFO] Connected to PTDaemon
ptd-server 2021-08-09 02:08:03,872 [INFO] Sending to ptd: 'RR'
ptd-server 2021-08-09 02:08:03,873 [INFO] Reply from ptd: 'Ranges,0,0.500000,0,300.000000'
ptd-server 2021-08-09 02:08:03,873 [INFO] Initial range for Amps is 0.500000 for Volts is 300.000000
ptd-server 2021-08-09 02:08:03,873 [INFO] Sending to ptd: 'SR,V,Auto'
ptd-server 2021-08-09 02:08:04,375 [INFO] Reply from ptd: 'Range V changed'
ptd-server 2021-08-09 02:08:04,375 [INFO] Sending to ptd: 'SR,A,Auto'
ptd-server 2021-08-09 02:08:04,878 [INFO] Reply from ptd: 'Range A changed'
ptd-server 2021-08-09 02:08:14,888 [INFO] Starting ranging mode
ptd-server 2021-08-09 02:08:14,888 [INFO] Sending to ptd: 'Go,1000,0,2021-08-09_02-07-46_ranging'
ptd-server 2021-08-09 02:08:14,889 [INFO] Reply from ptd: 'Starting untimed measurement, maximum 500000 samples at 1000ms with 0 rampup samples'
ptd-server 2021-08-09 02:08:14,889 [INFO] Sending reply to client 'OK'
ptd-server 2021-08-09 02:18:34,577 [INFO] Got command from the client 'session,2021-08-09_02-07-46,stop,ranging'
ptd-server 2021-08-09 02:18:44,588 [INFO] Sending to ptd: 'Stop'
ptd-server 2021-08-09 02:18:44,588 [INFO] Reply from ptd: 'Stopping untimed measurement'
ptd-server 2021-08-09 02:18:44,793 [INFO] Sending reply to client 'OK'
ptd-server 2021-08-09 02:18:44,842 [INFO] Got command from the client 'time'
ptd-server 2021-08-09 02:18:44,843 [INFO] Sending reply to client '1628471924.84304'
ptd-server 2021-08-09 02:18:44,845 [INFO] Got command from the client 'session,2021-08-09_02-07-46,start,testing'
ptd-server 2021-08-09 02:18:44,845 [INFO] Sending to ptd: 'SR,V,250.800000'
ptd-server 2021-08-09 02:18:46,391 [INFO] Reply from ptd: 'Range V changed'
ptd-server 2021-08-09 02:18:46,391 [INFO] Sending to ptd: 'SR,A,0.174260'
ptd-server 2021-08-09 02:18:47,892 [INFO] Reply from ptd: 'Range A changed'
ptd-server 2021-08-09 02:18:57,903 [INFO] Starting testing mode
ptd-server 2021-08-09 02:18:57,903 [INFO] Sending to ptd: 'Go,1000,0,2021-08-09_02-07-46_testing'
ptd-server 2021-08-09 02:18:57,903 [INFO] Reply from ptd: 'Starting untimed measurement, maximum 500000 samples at 1000ms with 0 rampup samples'
ptd-server 2021-08-09 02:18:57,903 [INFO] Sending reply to client 'OK'
ptd-server 2021-08-09 02:29:17,796 [INFO] Got command from the client 'session,2021-08-09_02-07-46,stop,testing'
ptd-server 2021-08-09 02:29:27,806 [INFO] Sending to ptd: 'Stop'
ptd-server 2021-08-09 02:29:27,807 [INFO] Reply from ptd: 'Stopping untimed measurement'
ptd-server 2021-08-09 02:29:27,921 [INFO] Sending reply to client 'OK'
ptd-server 2021-08-09 02:29:27,940 [INFO] Got command from the client 'session,2021-08-09_02-07-46,done'
ptd-server 2021-08-09 02:29:27,940 [INFO] Sending to ptd: 'Stop'
ptd-server 2021-08-09 02:29:27,941 [INFO] Reply from ptd: 'Error: no measurement to stop'
ptd-server 2021-08-09 02:29:27,941 [INFO] Sending to ptd: 'SR,V,300.000000'
ptd-server 2021-08-09 02:29:29,442 [INFO] Reply from ptd: 'Range V changed'
ptd-server 2021-08-09 02:29:29,442 [INFO] Sending to ptd: 'SR,A,0.500000'
ptd-server 2021-08-09 02:29:30,944 [INFO] Reply from ptd: 'Range A changed'
ptd-server 2021-08-09 02:29:30,944 [INFO] Set initial values for Amps 0.500000 and Volts 300.000000
ptd-server 2021-08-09 02:29:30,944 [INFO] Stopping ptd...
