ptd-server 2021-08-04 03:27:51,321 [INFO] Got command from the client 'stop'
ptd-server 2021-08-04 03:27:51,321 [INFO] The server will be stopped after processing this client
ptd-server 2021-08-04 03:27:51,321 [INFO] Sending reply to client 'OK'
ptd-server 2021-08-04 03:27:51,700 [INFO] Got command from the client 'time'
ptd-server 2021-08-04 03:27:51,700 [INFO] Sending reply to client '1628072871.7003691'
ptd-server 2021-08-04 03:27:51,700 [INFO] Got command from the client 'new,,412997e1-80cb-425a-86d2-6f3ce7534ac4'
ptd-server 2021-08-04 03:27:51,700 [INFO] Sending reply to client 'OK 2021-08-04_03-27-51,52646610-9749-4b5d-8520-a6fe5570011f'
ptd-server 2021-08-04 03:27:52,018 [INFO] Got command from the client 'time'
ptd-server 2021-08-04 03:27:52,018 [INFO] Sending reply to client '1628072872.0185034'
ptd-server 2021-08-04 03:27:52,018 [INFO] Got command from the client 'session,2021-08-04_03-27-51,start,ranging'
ptd-server 2021-08-04 03:27:52,127 [INFO] Running PTDaemon: ['C:\\PTD\\ptd-windows-x86.exe', '-l', 'C:\\Users\\lab\\AppData\\Local\\Temp\\tmpim4urso2\\ptd_logfile.txt', '-p', '8888', '-c', '3', '-y', '52', '10.32.209.251']
ptd-server 2021-08-04 03:28:09,719 [INFO] Sending to ptd: 'Hello'
ptd-server 2021-08-04 03:28:09,719 [INFO] Reply from ptd: 'Hello, PTDaemon here!'
ptd-server 2021-08-04 03:28:09,719 [INFO] Sending to ptd: 'Identify'
ptd-server 2021-08-04 03:28:09,719 [INFO] Reply from ptd: 'YokogawaWT330E,1000,1,1,1,1,0,0,1,version=1.9.2-3976349f-20201208,OS=Windows 8 / Server 2012,mode=power,1,1,1,0,0,no_cal_date,YOKOGAWA;WT333E;C2VL22012V;F1.04'
ptd-server 2021-08-04 03:28:09,719 [INFO] Connected to PTDaemon
ptd-server 2021-08-04 03:28:09,719 [INFO] Sending to ptd: 'RR'
ptd-server 2021-08-04 03:28:09,719 [INFO] Reply from ptd: 'Ranges,0,10.000000,1,150.000000'
ptd-server 2021-08-04 03:28:09,719 [INFO] Initial range for Amps is 10.000000 for Volts is Auto
ptd-server 2021-08-04 03:28:09,719 [INFO] Sending to ptd: 'SR,V,Auto'
ptd-server 2021-08-04 03:28:10,229 [INFO] Reply from ptd: 'Range V changed'
ptd-server 2021-08-04 03:28:10,229 [INFO] Sending to ptd: 'SR,A,20'
ptd-server 2021-08-04 03:28:11,750 [INFO] Reply from ptd: 'Range A changed'
ptd-server 2021-08-04 03:28:21,761 [INFO] Starting ranging mode
ptd-server 2021-08-04 03:28:21,761 [INFO] Sending to ptd: 'Go,1000,0,2021-08-04_03-27-51_ranging'
ptd-server 2021-08-04 03:28:21,761 [INFO] Reply from ptd: 'Starting untimed measurement, maximum 500000 samples at 1000ms with 0 rampup samples'
ptd-server 2021-08-04 03:28:21,761 [INFO] Sending reply to client 'OK'
ptd-server 2021-08-04 03:39:04,920 [INFO] Got command from the client 'session,2021-08-04_03-27-51,stop,ranging'
ptd-server 2021-08-04 03:39:14,936 [INFO] Sending to ptd: 'Stop'
ptd-server 2021-08-04 03:39:14,936 [INFO] Reply from ptd: 'Stopping untimed measurement'
ptd-server 2021-08-04 03:39:14,951 [INFO] Sending reply to client 'OK'
ptd-server 2021-08-04 03:39:15,249 [INFO] Got command from the client 'time'
ptd-server 2021-08-04 03:39:15,249 [INFO] Sending reply to client '1628073555.249569'
ptd-server 2021-08-04 03:39:15,249 [INFO] Got command from the client 'session,2021-08-04_03-27-51,start,testing'
ptd-server 2021-08-04 03:39:15,249 [INFO] Sending to ptd: 'SR,V,120.610000'
ptd-server 2021-08-04 03:39:17,294 [INFO] Reply from ptd: 'Range V changed'
ptd-server 2021-08-04 03:39:17,294 [INFO] Sending to ptd: 'SR,A,0.372000'
ptd-server 2021-08-04 03:39:18,813 [INFO] Reply from ptd: 'Range A changed'
ptd-server 2021-08-04 03:39:28,814 [INFO] Starting testing mode
ptd-server 2021-08-04 03:39:28,814 [INFO] Sending to ptd: 'Go,1000,0,2021-08-04_03-27-51_testing'
ptd-server 2021-08-04 03:39:28,814 [INFO] Reply from ptd: 'Starting untimed measurement, maximum 500000 samples at 1000ms with 0 rampup samples'
ptd-server 2021-08-04 03:39:28,814 [INFO] Sending reply to client 'OK'
ptd-server 2021-08-04 03:49:50,213 [INFO] Got command from the client 'session,2021-08-04_03-27-51,stop,testing'
ptd-server 2021-08-04 03:50:00,215 [INFO] Sending to ptd: 'Stop'
ptd-server 2021-08-04 03:50:00,215 [INFO] Reply from ptd: 'Stopping untimed measurement'
ptd-server 2021-08-04 03:50:00,215 [INFO] Sending reply to client 'OK'
ptd-server 2021-08-04 03:50:00,304 [INFO] Got command from the client 'session,2021-08-04_03-27-51,done'
ptd-server 2021-08-04 03:50:00,304 [INFO] Sending to ptd: 'Stop'
ptd-server 2021-08-04 03:50:00,815 [INFO] Reply from ptd: 'Error: no measurement to stop'
ptd-server 2021-08-04 03:50:00,815 [INFO] Sending to ptd: 'SR,V,Auto'
ptd-server 2021-08-04 03:50:01,339 [INFO] Reply from ptd: 'Range V changed'
ptd-server 2021-08-04 03:50:01,339 [INFO] Sending to ptd: 'SR,A,10.000000'
ptd-server 2021-08-04 03:50:02,856 [INFO] Reply from ptd: 'Range A changed'
ptd-server 2021-08-04 03:50:02,856 [INFO] Set initial values for Amps 10.000000 and Volts Auto
ptd-server 2021-08-04 03:50:02,856 [INFO] Stopping ptd...
