ptd-server 2021-08-12 14:38:06,055 [INFO] Got command from the client 'stop'
ptd-server 2021-08-12 14:38:06,055 [INFO] The server will be stopped after processing this client
ptd-server 2021-08-12 14:38:06,055 [INFO] Sending reply to client 'OK'
ptd-server 2021-08-12 14:38:06,065 [INFO] Got command from the client 'time'
ptd-server 2021-08-12 14:38:06,065 [INFO] Sending reply to client '1628779086.0659041'
ptd-server 2021-08-12 14:38:06,065 [INFO] Got command from the client 'new,,cd0e5582-d799-45e9-adc2-938f8a5a6c7c'
ptd-server 2021-08-12 14:38:06,075 [INFO] Sending reply to client 'OK 2021-08-12_14-38-06,126b99f7-230b-44c7-8156-1fc43a3c40f1'
ptd-server 2021-08-12 14:38:06,075 [INFO] Got command from the client 'time'
ptd-server 2021-08-12 14:38:06,075 [INFO] Sending reply to client '1628779086.0756485'
ptd-server 2021-08-12 14:38:06,075 [INFO] Got command from the client 'session,2021-08-12_14-38-06,start,ranging'
ptd-server 2021-08-12 14:38:06,176 [INFO] Running PTDaemon: ['.\\ptd-windows-x86.exe', '-l', 'C:\\Users\\root\\AppData\\Local\\Temp\\tmp_agfalan\\ptd_logfile.txt', '-p', '8888', '-g', '8', '1']
ptd-server 2021-08-12 14:38:19,770 [INFO] Sending to ptd: 'Hello'
ptd-server 2021-08-12 14:38:19,770 [INFO] Reply from ptd: 'Hello, PTDaemon here!'
ptd-server 2021-08-12 14:38:19,770 [INFO] Sending to ptd: 'Identify'
ptd-server 2021-08-12 14:38:19,770 [INFO] Reply from ptd: 'YokogawaWT210,1000,1,1,1,1,0,0,1,version=1.9.2-3976349f-20201208,OS=Windows 8 / Server 2012,mode=power,1,1,1,0,0,no_cal_date,YOKOGAWA;760401;0;F1.12'
ptd-server 2021-08-12 14:38:19,770 [INFO] Connected to PTDaemon
ptd-server 2021-08-12 14:38:19,770 [INFO] Sending to ptd: 'RR'
ptd-server 2021-08-12 14:38:19,770 [INFO] Reply from ptd: 'Ranges,1,5.000000,1,150.000000'
ptd-server 2021-08-12 14:38:19,770 [INFO] Initial range for Amps is Auto for Volts is Auto
ptd-server 2021-08-12 14:38:19,770 [INFO] Sending to ptd: 'SR,V,Auto'
ptd-server 2021-08-12 14:38:20,300 [INFO] Reply from ptd: 'Range V changed'
ptd-server 2021-08-12 14:38:20,300 [INFO] Sending to ptd: 'SR,A,Auto'
ptd-server 2021-08-12 14:38:20,821 [INFO] Reply from ptd: 'Range A changed'
ptd-server 2021-08-12 14:38:30,822 [INFO] Starting ranging mode
ptd-server 2021-08-12 14:38:30,822 [INFO] Sending to ptd: 'Go,1000,0,2021-08-12_14-38-06_ranging'
ptd-server 2021-08-12 14:38:30,822 [INFO] Reply from ptd: 'Starting untimed measurement, maximum 500000 samples at 1000ms with 0 rampup samples'
ptd-server 2021-08-12 14:38:30,822 [INFO] Sending reply to client 'OK'
ptd-server 2021-08-12 14:49:07,623 [INFO] Got command from the client 'session,2021-08-12_14-38-06,stop,ranging'
ptd-server 2021-08-12 14:49:17,631 [INFO] Sending to ptd: 'Stop'
ptd-server 2021-08-12 14:49:17,631 [INFO] Reply from ptd: 'Stopping untimed measurement'
ptd-server 2021-08-12 14:49:17,651 [INFO] Sending reply to client 'OK'
ptd-server 2021-08-12 14:49:17,661 [INFO] Got command from the client 'time'
ptd-server 2021-08-12 14:49:17,661 [INFO] Sending reply to client '1628779757.6617374'
ptd-server 2021-08-12 14:49:17,671 [INFO] Got command from the client 'session,2021-08-12_14-38-06,start,testing'
ptd-server 2021-08-12 14:49:17,671 [INFO] Sending to ptd: 'SR,V,120.920000'
ptd-server 2021-08-12 14:49:19,353 [INFO] Reply from ptd: 'Range V changed'
ptd-server 2021-08-12 14:49:19,353 [INFO] Sending to ptd: 'SR,A,4.891700'
ptd-server 2021-08-12 14:49:20,881 [INFO] Reply from ptd: 'Range A changed'
ptd-server 2021-08-12 14:49:30,890 [INFO] Starting testing mode
ptd-server 2021-08-12 14:49:30,890 [INFO] Sending to ptd: 'Go,1000,0,2021-08-12_14-38-06_testing'
ptd-server 2021-08-12 14:49:30,890 [INFO] Reply from ptd: 'Starting untimed measurement, maximum 500000 samples at 1000ms with 0 rampup samples'
ptd-server 2021-08-12 14:49:30,890 [INFO] Sending reply to client 'OK'
ptd-server 2021-08-12 15:00:07,416 [INFO] Got command from the client 'session,2021-08-12_14-38-06,stop,testing'
ptd-server 2021-08-12 15:00:17,423 [INFO] Sending to ptd: 'Stop'
ptd-server 2021-08-12 15:00:17,423 [INFO] Reply from ptd: 'Stopping untimed measurement'
ptd-server 2021-08-12 15:00:17,433 [INFO] Sending reply to client 'OK'
ptd-server 2021-08-12 15:00:17,443 [INFO] Got command from the client 'session,2021-08-12_14-38-06,done'
ptd-server 2021-08-12 15:00:17,443 [INFO] Sending to ptd: 'Stop'
ptd-server 2021-08-12 15:00:17,900 [INFO] Reply from ptd: 'Error: no measurement to stop'
ptd-server 2021-08-12 15:00:17,900 [INFO] Sending to ptd: 'SR,V,Auto'
ptd-server 2021-08-12 15:00:18,421 [INFO] Reply from ptd: 'Range V changed'
ptd-server 2021-08-12 15:00:18,421 [INFO] Sending to ptd: 'SR,A,Auto'
ptd-server 2021-08-12 15:00:18,948 [INFO] Reply from ptd: 'Range A changed'
ptd-server 2021-08-12 15:00:18,948 [INFO] Set initial values for Amps Auto and Volts Auto
ptd-server 2021-08-12 15:00:18,948 [INFO] Stopping ptd...
