ptd-server 2021-08-16 21:56:48,024 [INFO] Got command from the client 'stop'
ptd-server 2021-08-16 21:56:48,024 [INFO] The server will be stopped after processing this client
ptd-server 2021-08-16 21:56:48,024 [INFO] Sending reply to client 'OK'
ptd-server 2021-08-16 21:56:48,039 [INFO] Got command from the client 'time'
ptd-server 2021-08-16 21:56:48,039 [INFO] Sending reply to client '1629151008.0397315'
ptd-server 2021-08-16 21:56:48,039 [INFO] Got command from the client 'new,,9bf6b6f1-241f-4685-bec6-7c23e60a4edf'
ptd-server 2021-08-16 21:56:48,039 [INFO] Sending reply to client 'OK 2021-08-16_21-56-48,3cd5fac8-3245-4a4e-8fd6-32d1e6e093df'
ptd-server 2021-08-16 21:56:48,039 [INFO] Got command from the client 'time'
ptd-server 2021-08-16 21:56:48,039 [INFO] Sending reply to client '1629151008.0397315'
ptd-server 2021-08-16 21:56:48,039 [INFO] Got command from the client 'session,2021-08-16_21-56-48,start,ranging'
ptd-server 2021-08-16 21:56:48,149 [INFO] Running PTDaemon: ['C:\\PTD\\ptd-windows-x86.exe', '-l', 'C:\\Users\\pa\\AppData\\Local\\Temp\\tmpvk82lqqw\\ptd_logfile.txt', '-p', '8888', '-c', '1,2', '-y', '77', 'C2WL21005V']
ptd-server 2021-08-16 21:57:06,305 [INFO] Sending to ptd: 'Hello'
ptd-server 2021-08-16 21:57:06,305 [INFO] Reply from ptd: 'Hello, PTDaemon here!'
ptd-server 2021-08-16 21:57:06,305 [INFO] Sending to ptd: 'Identify'
ptd-server 2021-08-16 21:57:06,305 [INFO] Reply from ptd: 'YokogawaWT330_multichannel,1000,1,1,1,1,0,0,1,version=1.9.2-3976349f-20201208,OS=Windows 8 / Server 2012,mode=power,1,1,2,0,0,no_cal_date,YOKOGAWA;WT333E;C2WL21005V;F1.04'
ptd-server 2021-08-16 21:57:06,305 [INFO] Connected to PTDaemon
ptd-server 2021-08-16 21:57:06,305 [INFO] Sending to ptd: 'RR'
ptd-server 2021-08-16 21:57:06,305 [INFO] Reply from ptd: 'Ranges,-1,-1.000000,-1,-1.000000'
ptd-server 2021-08-16 21:57:06,305 [INFO] Initial range for Amps is Auto for Volts is Auto
ptd-server 2021-08-16 21:57:06,305 [INFO] Sending to ptd: 'SR,V,Auto'
ptd-server 2021-08-16 21:57:11,381 [INFO] Reply from ptd: 'Range V changed'
ptd-server 2021-08-16 21:57:11,381 [INFO] Sending to ptd: 'SR,A,20'
ptd-server 2021-08-16 21:57:16,963 [INFO] Reply from ptd: 'Range A changed'
ptd-server 2021-08-16 21:57:26,963 [INFO] Starting ranging mode
ptd-server 2021-08-16 21:57:26,963 [INFO] Sending to ptd: 'Go,1000,0,2021-08-16_21-56-48_ranging'
ptd-server 2021-08-16 21:57:26,963 [INFO] Reply from ptd: 'Starting untimed measurement, maximum 500000 samples at 1000ms with 0 rampup samples'
ptd-server 2021-08-16 21:57:26,963 [INFO] Sending reply to client 'OK'
ptd-server 2021-08-16 22:10:53,031 [INFO] Got command from the client 'session,2021-08-16_21-56-48,stop,ranging'
ptd-server 2021-08-16 22:11:03,037 [INFO] Sending to ptd: 'Stop'
ptd-server 2021-08-16 22:11:03,037 [INFO] Reply from ptd: 'Stopping untimed measurement'
ptd-server 2021-08-16 22:11:03,068 [INFO] Sending reply to client 'OK'
ptd-server 2021-08-16 22:11:03,083 [INFO] Got command from the client 'time'
ptd-server 2021-08-16 22:11:03,083 [INFO] Sending reply to client '1629151863.0838668'
ptd-server 2021-08-16 22:11:03,083 [INFO] Got command from the client 'session,2021-08-16_21-56-48,start,testing'
ptd-server 2021-08-16 22:11:03,083 [INFO] Sending to ptd: 'SR,V,118.790000'
ptd-server 2021-08-16 22:11:10,063 [INFO] Reply from ptd: 'Range V changed'
ptd-server 2021-08-16 22:11:10,063 [INFO] Sending to ptd: 'SR,A,7.282000'
ptd-server 2021-08-16 22:11:15,638 [INFO] Reply from ptd: 'Range A changed'
ptd-server 2021-08-16 22:11:25,641 [INFO] Starting testing mode
ptd-server 2021-08-16 22:11:25,641 [INFO] Sending to ptd: 'Go,1000,0,2021-08-16_21-56-48_testing'
ptd-server 2021-08-16 22:11:25,641 [INFO] Reply from ptd: 'Starting untimed measurement, maximum 500000 samples at 1000ms with 0 rampup samples'
ptd-server 2021-08-16 22:11:25,641 [INFO] Sending reply to client 'OK'
ptd-server 2021-08-16 22:24:52,211 [INFO] Got command from the client 'session,2021-08-16_21-56-48,stop,testing'
ptd-server 2021-08-16 22:25:02,215 [INFO] Sending to ptd: 'Stop'
ptd-server 2021-08-16 22:25:02,215 [INFO] Reply from ptd: 'Stopping untimed measurement'
ptd-server 2021-08-16 22:25:02,231 [INFO] Sending reply to client 'OK'
ptd-server 2021-08-16 22:25:02,246 [INFO] Got command from the client 'session,2021-08-16_21-56-48,done'
ptd-server 2021-08-16 22:25:02,246 [INFO] Sending to ptd: 'Stop'
ptd-server 2021-08-16 22:25:02,649 [INFO] Reply from ptd: 'Error: no measurement to stop'
ptd-server 2021-08-16 22:25:02,649 [INFO] Sending to ptd: 'SR,V,Auto'
ptd-server 2021-08-16 22:25:07,724 [INFO] Reply from ptd: 'Range V changed'
ptd-server 2021-08-16 22:25:07,724 [INFO] Sending to ptd: 'SR,A,Auto'
ptd-server 2021-08-16 22:25:12,792 [INFO] Reply from ptd: 'Range A changed'
ptd-server 2021-08-16 22:25:12,792 [INFO] Set initial values for Amps Auto and Volts Auto
ptd-server 2021-08-16 22:25:12,792 [INFO] Stopping ptd...
