ptd-server 2021-08-08 23:12:57,295 [INFO] Got command from the client 'time'
ptd-server 2021-08-08 23:12:57,295 [INFO] Sending reply to client '1628460777.2957253'
ptd-server 2021-08-08 23:12:57,297 [INFO] Got command from the client 'new,,b81fd9d0-5582-4b30-9211-bf1d50bd17c9'
ptd-server 2021-08-08 23:12:57,297 [INFO] Sending reply to client 'OK 2021-08-08_23-12-57,0308ca48-2bde-4c13-8caa-e92a5bcae6ab'
ptd-server 2021-08-08 23:12:57,336 [INFO] Got command from the client 'time'
ptd-server 2021-08-08 23:12:57,336 [INFO] Sending reply to client '1628460777.3362389'
ptd-server 2021-08-08 23:12:57,338 [INFO] Got command from the client 'session,2021-08-08_23-12-57,start,ranging'
ptd-server 2021-08-08 23:12:57,338 [INFO] Running PTDaemon: ['/home/anton/projects/mlperf/power/inference_v1.0/ptd-linux-x86', '-l', '/tmp/tmpr3iqmcco/ptd_logfile.txt', '-p', '8888', '49', '/dev/usbtmc0']
ptd-server 2021-08-08 23:13:14,513 [INFO] Sending to ptd: 'Hello'
ptd-server 2021-08-08 23:13:14,514 [INFO] Reply from ptd: 'Hello, PTDaemon here!'
ptd-server 2021-08-08 23:13:14,514 [INFO] Sending to ptd: 'Identify'
ptd-server 2021-08-08 23:13:14,515 [INFO] Reply from ptd: 'YokogawaWT310E,1000,1,1,1,1,0,1,1,version=1.9.2-e8c7a49a-20201208,OS=Linux 5.8.0-63-generic #71~20.04.1-Ubuntu SMP Thu Jul 15 17:46:08 UTC 2021 x86_64,mode=power,1,1,1,0,0,no_cal_date,YOKOGAWA;WT310E;C3XA04010E;F1.04'
ptd-server 2021-08-08 23:13:14,515 [INFO] Connected to PTDaemon
ptd-server 2021-08-08 23:13:14,515 [INFO] Sending to ptd: 'RR'
ptd-server 2021-08-08 23:13:14,515 [INFO] Reply from ptd: 'Ranges,0,0.500000,0,300.000000'
ptd-server 2021-08-08 23:13:14,515 [INFO] Initial range for Amps is 0.500000 for Volts is 300.000000
ptd-server 2021-08-08 23:13:14,515 [INFO] Sending to ptd: 'SR,V,Auto'
ptd-server 2021-08-08 23:13:15,018 [INFO] Reply from ptd: 'Range V changed'
ptd-server 2021-08-08 23:13:15,018 [INFO] Sending to ptd: 'SR,A,Auto'
ptd-server 2021-08-08 23:13:15,521 [INFO] Reply from ptd: 'Range A changed'
ptd-server 2021-08-08 23:13:25,531 [INFO] Starting ranging mode
ptd-server 2021-08-08 23:13:25,531 [INFO] Sending to ptd: 'Go,1000,0,2021-08-08_23-12-57_ranging'
ptd-server 2021-08-08 23:13:25,531 [INFO] Reply from ptd: 'Starting untimed measurement, maximum 500000 samples at 1000ms with 0 rampup samples'
ptd-server 2021-08-08 23:13:25,532 [INFO] Sending reply to client 'OK'
ptd-server 2021-08-08 23:23:45,184 [INFO] Got command from the client 'session,2021-08-08_23-12-57,stop,ranging'
ptd-server 2021-08-08 23:23:55,195 [INFO] Sending to ptd: 'Stop'
ptd-server 2021-08-08 23:23:55,195 [INFO] Reply from ptd: 'Stopping untimed measurement'
ptd-server 2021-08-08 23:23:55,382 [INFO] Sending reply to client 'OK'
ptd-server 2021-08-08 23:23:55,495 [INFO] Got command from the client 'time'
ptd-server 2021-08-08 23:23:55,495 [INFO] Sending reply to client '1628461435.4958565'
ptd-server 2021-08-08 23:23:55,498 [INFO] Got command from the client 'session,2021-08-08_23-12-57,start,testing'
ptd-server 2021-08-08 23:23:55,499 [INFO] Sending to ptd: 'SR,V,252.280000'
ptd-server 2021-08-08 23:23:57,033 [INFO] Reply from ptd: 'Range V changed'
ptd-server 2021-08-08 23:23:57,033 [INFO] Sending to ptd: 'SR,A,0.171600'
ptd-server 2021-08-08 23:23:58,535 [INFO] Reply from ptd: 'Range A changed'
ptd-server 2021-08-08 23:24:08,545 [INFO] Starting testing mode
ptd-server 2021-08-08 23:24:08,545 [INFO] Sending to ptd: 'Go,1000,0,2021-08-08_23-12-57_testing'
ptd-server 2021-08-08 23:24:08,546 [INFO] Reply from ptd: 'Starting untimed measurement, maximum 500000 samples at 1000ms with 0 rampup samples'
ptd-server 2021-08-08 23:24:08,546 [INFO] Sending reply to client 'OK'
ptd-server 2021-08-08 23:34:28,021 [INFO] Got command from the client 'session,2021-08-08_23-12-57,stop,testing'
ptd-server 2021-08-08 23:34:38,031 [INFO] Sending to ptd: 'Stop'
ptd-server 2021-08-08 23:34:38,032 [INFO] Reply from ptd: 'Stopping untimed measurement'
ptd-server 2021-08-08 23:34:38,134 [INFO] Sending reply to client 'OK'
ptd-server 2021-08-08 23:34:38,148 [INFO] Got command from the client 'session,2021-08-08_23-12-57,done'
ptd-server 2021-08-08 23:34:38,148 [INFO] Sending to ptd: 'Stop'
ptd-server 2021-08-08 23:34:38,546 [INFO] Reply from ptd: 'Error: no measurement to stop'
ptd-server 2021-08-08 23:34:38,546 [INFO] Sending to ptd: 'SR,V,300.000000'
ptd-server 2021-08-08 23:34:40,048 [INFO] Reply from ptd: 'Range V changed'
ptd-server 2021-08-08 23:34:40,048 [INFO] Sending to ptd: 'SR,A,0.500000'
ptd-server 2021-08-08 23:34:41,549 [INFO] Reply from ptd: 'Range A changed'
ptd-server 2021-08-08 23:34:41,549 [INFO] Set initial values for Amps 0.500000 and Volts 300.000000
ptd-server 2021-08-08 23:34:41,549 [INFO] Stopping ptd...
