ptd-server 2021-08-06 03:46:02,532 [INFO] Got command from the client 'stop'
ptd-server 2021-08-06 03:46:02,532 [INFO] The server will be stopped after processing this client
ptd-server 2021-08-06 03:46:02,532 [INFO] Sending reply to client 'OK'
ptd-server 2021-08-06 03:46:02,735 [INFO] Got command from the client 'time'
ptd-server 2021-08-06 03:46:02,735 [INFO] Sending reply to client '1628246762.7358136'
ptd-server 2021-08-06 03:46:02,751 [INFO] Got command from the client 'new,,6f7a7c9a-e240-48d9-b971-f42d52fa4c04'
ptd-server 2021-08-06 03:46:02,751 [INFO] Sending reply to client 'OK 2021-08-06_03-46-02,47a6e04c-9b72-418d-915f-6438db659d04'
ptd-server 2021-08-06 03:46:02,954 [INFO] Got command from the client 'time'
ptd-server 2021-08-06 03:46:02,954 [INFO] Sending reply to client '1628246762.9545233'
ptd-server 2021-08-06 03:46:02,954 [INFO] Got command from the client 'session,2021-08-06_03-46-02,start,ranging'
ptd-server 2021-08-06 03:46:03,063 [INFO] Running PTDaemon: ['C:\\PTD\\ptd-windows-x86.exe', '-l', 'C:\\Users\\lab\\AppData\\Local\\Temp\\tmpik923kmd\\ptd_logfile.txt', '-p', '8888', '-c', '1', '-y', '52', '172.18.220.100']
ptd-server 2021-08-06 03:46:20,673 [INFO] Sending to ptd: 'Hello'
ptd-server 2021-08-06 03:46:20,673 [INFO] Reply from ptd: 'Hello, PTDaemon here!'
ptd-server 2021-08-06 03:46:20,673 [INFO] Sending to ptd: 'Identify'
ptd-server 2021-08-06 03:46:20,673 [INFO] Reply from ptd: 'YokogawaWT330E,1000,1,1,1,1,0,0,1,version=1.9.2-3976349f-20201208,OS=Windows 8 / Server 2012,mode=power,1,1,1,0,0,no_cal_date,YOKOGAWA;WT333E;C2WC23035V;F1.04'
ptd-server 2021-08-06 03:46:20,673 [INFO] Connected to PTDaemon
ptd-server 2021-08-06 03:46:20,673 [INFO] Sending to ptd: 'RR'
ptd-server 2021-08-06 03:46:20,673 [INFO] Reply from ptd: 'Ranges,1,5.000000,1,300.000000'
ptd-server 2021-08-06 03:46:20,673 [INFO] Initial range for Amps is Auto for Volts is Auto
ptd-server 2021-08-06 03:46:20,673 [INFO] Sending to ptd: 'SR,V,Auto'
ptd-server 2021-08-06 03:46:21,195 [INFO] Reply from ptd: 'Range V changed'
ptd-server 2021-08-06 03:46:21,195 [INFO] Sending to ptd: 'SR,A,20'
ptd-server 2021-08-06 03:46:22,729 [INFO] Reply from ptd: 'Range A changed'
ptd-server 2021-08-06 03:46:32,742 [INFO] Starting ranging mode
ptd-server 2021-08-06 03:46:32,742 [INFO] Sending to ptd: 'Go,1000,0,2021-08-06_03-46-02_ranging'
ptd-server 2021-08-06 03:46:32,742 [INFO] Reply from ptd: 'Starting untimed measurement, maximum 500000 samples at 1000ms with 0 rampup samples'
ptd-server 2021-08-06 03:46:32,742 [INFO] Sending reply to client 'OK'
ptd-server 2021-08-06 03:57:31,005 [INFO] Got command from the client 'session,2021-08-06_03-46-02,stop,ranging'
ptd-server 2021-08-06 03:57:41,024 [INFO] Sending to ptd: 'Stop'
ptd-server 2021-08-06 03:57:41,024 [INFO] Reply from ptd: 'Stopping untimed measurement'
ptd-server 2021-08-06 03:57:41,040 [INFO] Sending reply to client 'OK'
ptd-server 2021-08-06 03:57:41,271 [INFO] Got command from the client 'time'
ptd-server 2021-08-06 03:57:41,271 [INFO] Sending reply to client '1628247461.2712417'
ptd-server 2021-08-06 03:57:41,271 [INFO] Got command from the client 'session,2021-08-06_03-46-02,start,testing'
ptd-server 2021-08-06 03:57:41,271 [INFO] Sending to ptd: 'SR,V,206.540000'
ptd-server 2021-08-06 03:57:43,260 [INFO] Reply from ptd: 'Range V changed'
ptd-server 2021-08-06 03:57:43,260 [INFO] Sending to ptd: 'SR,A,5.579000'
ptd-server 2021-08-06 03:57:44,785 [INFO] Reply from ptd: 'Range A changed'
ptd-server 2021-08-06 03:57:54,785 [INFO] Starting testing mode
ptd-server 2021-08-06 03:57:54,785 [INFO] Sending to ptd: 'Go,1000,0,2021-08-06_03-46-02_testing'
ptd-server 2021-08-06 03:57:54,785 [INFO] Reply from ptd: 'Starting untimed measurement, maximum 500000 samples at 1000ms with 0 rampup samples'
ptd-server 2021-08-06 03:57:54,785 [INFO] Sending reply to client 'OK'
ptd-server 2021-08-06 04:08:53,463 [INFO] Got command from the client 'session,2021-08-06_03-46-02,stop,testing'
ptd-server 2021-08-06 04:09:03,489 [INFO] Sending to ptd: 'Stop'
ptd-server 2021-08-06 04:09:03,489 [INFO] Reply from ptd: 'Stopping untimed measurement'
ptd-server 2021-08-06 04:09:03,489 [INFO] Sending reply to client 'OK'
ptd-server 2021-08-06 04:09:03,520 [INFO] Got command from the client 'session,2021-08-06_03-46-02,done'
ptd-server 2021-08-06 04:09:03,520 [INFO] Sending to ptd: 'Stop'
ptd-server 2021-08-06 04:09:03,791 [INFO] Reply from ptd: 'Error: no measurement to stop'
ptd-server 2021-08-06 04:09:03,791 [INFO] Sending to ptd: 'SR,V,Auto'
ptd-server 2021-08-06 04:09:04,302 [INFO] Reply from ptd: 'Range V changed'
ptd-server 2021-08-06 04:09:04,302 [INFO] Sending to ptd: 'SR,A,Auto'
ptd-server 2021-08-06 04:09:04,818 [INFO] Reply from ptd: 'Range A changed'
ptd-server 2021-08-06 04:09:04,818 [INFO] Set initial values for Amps Auto and Volts Auto
ptd-server 2021-08-06 04:09:04,818 [INFO] Stopping ptd...
