ptd-server 2021-08-09 01:02:13,332 [INFO] Got command from the client 'time'
ptd-server 2021-08-09 01:02:13,333 [INFO] Sending reply to client '1628467333.3330102'
ptd-server 2021-08-09 01:02:13,334 [INFO] Got command from the client 'new,,07b327a9-c776-4bb0-ac84-fd3bfeffd677'
ptd-server 2021-08-09 01:02:13,335 [INFO] Sending reply to client 'OK 2021-08-09_01-02-13,8d20d591-7397-4a64-a469-c2e704d7fcac'
ptd-server 2021-08-09 01:02:13,380 [INFO] Got command from the client 'time'
ptd-server 2021-08-09 01:02:13,380 [INFO] Sending reply to client '1628467333.3802388'
ptd-server 2021-08-09 01:02:13,382 [INFO] Got command from the client 'session,2021-08-09_01-02-13,start,ranging'
ptd-server 2021-08-09 01:02:13,382 [INFO] Running PTDaemon: ['/home/anton/projects/mlperf/power/inference_v1.0/ptd-linux-x86', '-l', '/tmp/tmpr3iqmcco/ptd_logfile.txt', '-p', '8888', '49', '/dev/usbtmc0']
ptd-server 2021-08-09 01:02:30,555 [INFO] Sending to ptd: 'Hello'
ptd-server 2021-08-09 01:02:30,555 [INFO] Reply from ptd: 'Hello, PTDaemon here!'
ptd-server 2021-08-09 01:02:30,555 [INFO] Sending to ptd: 'Identify'
ptd-server 2021-08-09 01:02:30,556 [INFO] Reply from ptd: 'YokogawaWT310E,1000,1,1,1,1,0,1,1,version=1.9.2-e8c7a49a-20201208,OS=Linux 5.8.0-63-generic #71~20.04.1-Ubuntu SMP Thu Jul 15 17:46:08 UTC 2021 x86_64,mode=power,1,1,1,0,0,no_cal_date,YOKOGAWA;WT310E;C3XA04010E;F1.04'
ptd-server 2021-08-09 01:02:30,556 [INFO] Connected to PTDaemon
ptd-server 2021-08-09 01:02:30,556 [INFO] Sending to ptd: 'RR'
ptd-server 2021-08-09 01:02:30,556 [INFO] Reply from ptd: 'Ranges,0,0.500000,0,300.000000'
ptd-server 2021-08-09 01:02:30,557 [INFO] Initial range for Amps is 0.500000 for Volts is 300.000000
ptd-server 2021-08-09 01:02:30,557 [INFO] Sending to ptd: 'SR,V,Auto'
ptd-server 2021-08-09 01:02:31,059 [INFO] Reply from ptd: 'Range V changed'
ptd-server 2021-08-09 01:02:31,059 [INFO] Sending to ptd: 'SR,A,Auto'
ptd-server 2021-08-09 01:02:31,562 [INFO] Reply from ptd: 'Range A changed'
ptd-server 2021-08-09 01:02:41,572 [INFO] Starting ranging mode
ptd-server 2021-08-09 01:02:41,572 [INFO] Sending to ptd: 'Go,1000,0,2021-08-09_01-02-13_ranging'
ptd-server 2021-08-09 01:02:41,573 [INFO] Reply from ptd: 'Starting untimed measurement, maximum 500000 samples at 1000ms with 0 rampup samples'
ptd-server 2021-08-09 01:02:41,573 [INFO] Sending reply to client 'OK'
ptd-server 2021-08-09 01:13:01,490 [INFO] Got command from the client 'session,2021-08-09_01-02-13,stop,ranging'
ptd-server 2021-08-09 01:13:11,500 [INFO] Sending to ptd: 'Stop'
ptd-server 2021-08-09 01:13:11,501 [INFO] Reply from ptd: 'Stopping untimed measurement'
ptd-server 2021-08-09 01:13:11,705 [INFO] Sending reply to client 'OK'
ptd-server 2021-08-09 01:13:11,769 [INFO] Got command from the client 'time'
ptd-server 2021-08-09 01:13:11,769 [INFO] Sending reply to client '1628467991.769478'
ptd-server 2021-08-09 01:13:11,771 [INFO] Got command from the client 'session,2021-08-09_01-02-13,start,testing'
ptd-server 2021-08-09 01:13:11,771 [INFO] Sending to ptd: 'SR,V,249.880000'
ptd-server 2021-08-09 01:13:13,273 [INFO] Reply from ptd: 'Range V changed'
ptd-server 2021-08-09 01:13:13,273 [INFO] Sending to ptd: 'SR,A,0.198150'
ptd-server 2021-08-09 01:13:14,774 [INFO] Reply from ptd: 'Range A changed'
ptd-server 2021-08-09 01:13:24,785 [INFO] Starting testing mode
ptd-server 2021-08-09 01:13:24,785 [INFO] Sending to ptd: 'Go,1000,0,2021-08-09_01-02-13_testing'
ptd-server 2021-08-09 01:13:24,785 [INFO] Reply from ptd: 'Starting untimed measurement, maximum 500000 samples at 1000ms with 0 rampup samples'
ptd-server 2021-08-09 01:13:24,785 [INFO] Sending reply to client 'OK'
ptd-server 2021-08-09 01:23:44,604 [INFO] Got command from the client 'session,2021-08-09_01-02-13,stop,testing'
ptd-server 2021-08-09 01:23:54,614 [INFO] Sending to ptd: 'Stop'
ptd-server 2021-08-09 01:23:54,614 [INFO] Reply from ptd: 'Stopping untimed measurement'
ptd-server 2021-08-09 01:23:54,729 [INFO] Sending reply to client 'OK'
ptd-server 2021-08-09 01:23:54,761 [INFO] Got command from the client 'session,2021-08-09_01-02-13,done'
ptd-server 2021-08-09 01:23:54,761 [INFO] Sending to ptd: 'Stop'
ptd-server 2021-08-09 01:23:54,785 [INFO] Reply from ptd: 'Error: no measurement to stop'
ptd-server 2021-08-09 01:23:54,785 [INFO] Sending to ptd: 'SR,V,300.000000'
ptd-server 2021-08-09 01:23:56,287 [INFO] Reply from ptd: 'Range V changed'
ptd-server 2021-08-09 01:23:56,287 [INFO] Sending to ptd: 'SR,A,0.500000'
ptd-server 2021-08-09 01:23:57,788 [INFO] Reply from ptd: 'Range A changed'
ptd-server 2021-08-09 01:23:57,788 [INFO] Set initial values for Amps 0.500000 and Volts 300.000000
ptd-server 2021-08-09 01:23:57,789 [INFO] Stopping ptd...
