ptd-server 2021-08-12 18:46:47,294 [INFO] Got command from the client 'time'
ptd-server 2021-08-12 18:46:47,294 [INFO] Sending reply to client '1628790407.2946048'
ptd-server 2021-08-12 18:46:47,296 [INFO] Got command from the client 'new,,c8caa417-5568-4ab3-9bed-b604c25c04f2'
ptd-server 2021-08-12 18:46:47,296 [INFO] Sending reply to client 'OK 2021-08-12_18-46-47,9f44117f-fa53-4b09-9c28-f48a9906b181'
ptd-server 2021-08-12 18:46:47,349 [INFO] Got command from the client 'time'
ptd-server 2021-08-12 18:46:47,349 [INFO] Sending reply to client '1628790407.3498561'
ptd-server 2021-08-12 18:46:47,352 [INFO] Got command from the client 'session,2021-08-12_18-46-47,start,ranging'
ptd-server 2021-08-12 18:46:47,352 [INFO] Running PTDaemon: ['/home/anton/projects/mlperf/power/inference_v1.0/ptd-linux-x86', '-l', '/tmp/tmp69denxsv/ptd_logfile.txt', '-p', '8888', '49', '/dev/usbtmc0']
ptd-server 2021-08-12 18:47:04,527 [INFO] Sending to ptd: 'Hello'
ptd-server 2021-08-12 18:47:04,527 [INFO] Reply from ptd: 'Hello, PTDaemon here!'
ptd-server 2021-08-12 18:47:04,528 [INFO] Sending to ptd: 'Identify'
ptd-server 2021-08-12 18:47:04,528 [INFO] Reply from ptd: 'YokogawaWT310E,1000,1,1,1,1,0,1,1,version=1.9.2-e8c7a49a-20201208,OS=Linux 5.11.0-25-generic #27~20.04.1-Ubuntu SMP Tue Jul 13 17:41:23 UTC 2021 x86_64,mode=power,1,1,1,0,0,no_cal_date,YOKOGAWA;WT310E;C3XA04010E;F1.04'
ptd-server 2021-08-12 18:47:04,528 [INFO] Connected to PTDaemon
ptd-server 2021-08-12 18:47:04,529 [INFO] Sending to ptd: 'RR'
ptd-server 2021-08-12 18:47:04,529 [INFO] Reply from ptd: 'Ranges,0,0.500000,0,300.000000'
ptd-server 2021-08-12 18:47:04,529 [INFO] Initial range for Amps is 0.500000 for Volts is 300.000000
ptd-server 2021-08-12 18:47:04,529 [INFO] Sending to ptd: 'SR,V,Auto'
ptd-server 2021-08-12 18:47:05,032 [INFO] Reply from ptd: 'Range V changed'
ptd-server 2021-08-12 18:47:05,032 [INFO] Sending to ptd: 'SR,A,Auto'
ptd-server 2021-08-12 18:47:05,535 [INFO] Reply from ptd: 'Range A changed'
ptd-server 2021-08-12 18:47:15,545 [INFO] Starting ranging mode
ptd-server 2021-08-12 18:47:15,545 [INFO] Sending to ptd: 'Go,1000,0,2021-08-12_18-46-47_ranging'
ptd-server 2021-08-12 18:47:15,546 [INFO] Reply from ptd: 'Starting untimed measurement, maximum 500000 samples at 1000ms with 0 rampup samples'
ptd-server 2021-08-12 18:47:15,546 [INFO] Sending reply to client 'OK'
ptd-server 2021-08-12 19:00:22,036 [INFO] Got command from the client 'session,2021-08-12_18-46-47,stop,ranging'
ptd-server 2021-08-12 19:00:32,046 [INFO] Sending to ptd: 'Stop'
ptd-server 2021-08-12 19:00:32,047 [INFO] Reply from ptd: 'Stopping untimed measurement'
ptd-server 2021-08-12 19:00:32,071 [INFO] Sending reply to client 'OK'
ptd-server 2021-08-12 19:00:32,204 [INFO] Got command from the client 'time'
ptd-server 2021-08-12 19:00:32,204 [INFO] Sending reply to client '1628791232.204834'
ptd-server 2021-08-12 19:00:32,209 [INFO] Got command from the client 'session,2021-08-12_18-46-47,start,testing'
ptd-server 2021-08-12 19:00:32,209 [INFO] Sending to ptd: 'SR,V,250.830000'
ptd-server 2021-08-12 19:00:34,048 [INFO] Reply from ptd: 'Range V changed'
ptd-server 2021-08-12 19:00:34,048 [INFO] Sending to ptd: 'SR,A,0.315420'
ptd-server 2021-08-12 19:00:35,549 [INFO] Reply from ptd: 'Range A changed'
ptd-server 2021-08-12 19:00:45,560 [INFO] Starting testing mode
ptd-server 2021-08-12 19:00:45,560 [INFO] Sending to ptd: 'Go,1000,0,2021-08-12_18-46-47_testing'
ptd-server 2021-08-12 19:00:45,560 [INFO] Reply from ptd: 'Starting untimed measurement, maximum 500000 samples at 1000ms with 0 rampup samples'
ptd-server 2021-08-12 19:00:45,560 [INFO] Sending reply to client 'OK'
ptd-server 2021-08-12 19:14:00,586 [INFO] Got command from the client 'session,2021-08-12_18-46-47,stop,testing'
ptd-server 2021-08-12 19:14:10,596 [INFO] Sending to ptd: 'Stop'
ptd-server 2021-08-12 19:14:10,596 [INFO] Reply from ptd: 'Stopping untimed measurement'
ptd-server 2021-08-12 19:14:10,608 [INFO] Sending reply to client 'OK'
ptd-server 2021-08-12 19:14:10,664 [INFO] Got command from the client 'session,2021-08-12_18-46-47,done'
ptd-server 2021-08-12 19:14:10,664 [INFO] Sending to ptd: 'Stop'
ptd-server 2021-08-12 19:14:11,560 [INFO] Reply from ptd: 'Error: no measurement to stop'
ptd-server 2021-08-12 19:14:11,560 [INFO] Sending to ptd: 'SR,V,300.000000'
ptd-server 2021-08-12 19:14:13,062 [INFO] Reply from ptd: 'Range V changed'
ptd-server 2021-08-12 19:14:13,062 [INFO] Sending to ptd: 'SR,A,0.500000'
ptd-server 2021-08-12 19:14:14,563 [INFO] Reply from ptd: 'Range A changed'
ptd-server 2021-08-12 19:14:14,563 [INFO] Set initial values for Amps 0.500000 and Volts 300.000000
ptd-server 2021-08-12 19:14:14,563 [INFO] Stopping ptd...
