ptd-server 2021-08-08 23:34:48,294 [INFO] Got command from the client 'time'
ptd-server 2021-08-08 23:34:48,294 [INFO] Sending reply to client '1628462088.2942533'
ptd-server 2021-08-08 23:34:48,296 [INFO] Got command from the client 'new,,2568f38b-e102-4f94-9cd3-eaefb07a031f'
ptd-server 2021-08-08 23:34:48,296 [INFO] Sending reply to client 'OK 2021-08-08_23-34-48,b91a43b1-90cc-497d-a604-cc9f98fe81ca'
ptd-server 2021-08-08 23:34:48,333 [INFO] Got command from the client 'time'
ptd-server 2021-08-08 23:34:48,333 [INFO] Sending reply to client '1628462088.333792'
ptd-server 2021-08-08 23:34:48,335 [INFO] Got command from the client 'session,2021-08-08_23-34-48,start,ranging'
ptd-server 2021-08-08 23:34:48,335 [INFO] Running PTDaemon: ['/home/anton/projects/mlperf/power/inference_v1.0/ptd-linux-x86', '-l', '/tmp/tmpr3iqmcco/ptd_logfile.txt', '-p', '8888', '49', '/dev/usbtmc0']
ptd-server 2021-08-08 23:35:05,507 [INFO] Sending to ptd: 'Hello'
ptd-server 2021-08-08 23:35:05,508 [INFO] Reply from ptd: 'Hello, PTDaemon here!'
ptd-server 2021-08-08 23:35:05,508 [INFO] Sending to ptd: 'Identify'
ptd-server 2021-08-08 23:35:05,508 [INFO] Reply from ptd: 'YokogawaWT310E,1000,1,1,1,1,0,1,1,version=1.9.2-e8c7a49a-20201208,OS=Linux 5.8.0-63-generic #71~20.04.1-Ubuntu SMP Thu Jul 15 17:46:08 UTC 2021 x86_64,mode=power,1,1,1,0,0,no_cal_date,YOKOGAWA;WT310E;C3XA04010E;F1.04'
ptd-server 2021-08-08 23:35:05,508 [INFO] Connected to PTDaemon
ptd-server 2021-08-08 23:35:05,509 [INFO] Sending to ptd: 'RR'
ptd-server 2021-08-08 23:35:05,509 [INFO] Reply from ptd: 'Ranges,0,0.500000,0,300.000000'
ptd-server 2021-08-08 23:35:05,509 [INFO] Initial range for Amps is 0.500000 for Volts is 300.000000
ptd-server 2021-08-08 23:35:05,509 [INFO] Sending to ptd: 'SR,V,Auto'
ptd-server 2021-08-08 23:35:06,012 [INFO] Reply from ptd: 'Range V changed'
ptd-server 2021-08-08 23:35:06,012 [INFO] Sending to ptd: 'SR,A,Auto'
ptd-server 2021-08-08 23:35:06,514 [INFO] Reply from ptd: 'Range A changed'
ptd-server 2021-08-08 23:35:16,524 [INFO] Starting ranging mode
ptd-server 2021-08-08 23:35:16,525 [INFO] Sending to ptd: 'Go,1000,0,2021-08-08_23-34-48_ranging'
ptd-server 2021-08-08 23:35:16,525 [INFO] Reply from ptd: 'Starting untimed measurement, maximum 500000 samples at 1000ms with 0 rampup samples'
ptd-server 2021-08-08 23:35:16,525 [INFO] Sending reply to client 'OK'
ptd-server 2021-08-08 23:45:36,607 [INFO] Got command from the client 'session,2021-08-08_23-34-48,stop,ranging'
ptd-server 2021-08-08 23:45:46,618 [INFO] Sending to ptd: 'Stop'
ptd-server 2021-08-08 23:45:46,618 [INFO] Reply from ptd: 'Stopping untimed measurement'
ptd-server 2021-08-08 23:45:46,809 [INFO] Sending reply to client 'OK'
ptd-server 2021-08-08 23:45:46,869 [INFO] Got command from the client 'time'
ptd-server 2021-08-08 23:45:46,869 [INFO] Sending reply to client '1628462746.8691196'
ptd-server 2021-08-08 23:45:46,870 [INFO] Got command from the client 'session,2021-08-08_23-34-48,start,testing'
ptd-server 2021-08-08 23:45:46,870 [INFO] Sending to ptd: 'SR,V,249.760000'
ptd-server 2021-08-08 23:45:49,026 [INFO] Reply from ptd: 'Range V changed'
ptd-server 2021-08-08 23:45:49,026 [INFO] Sending to ptd: 'SR,A,0.189400'
ptd-server 2021-08-08 23:45:50,528 [INFO] Reply from ptd: 'Range A changed'
ptd-server 2021-08-08 23:46:00,538 [INFO] Starting testing mode
ptd-server 2021-08-08 23:46:00,538 [INFO] Sending to ptd: 'Go,1000,0,2021-08-08_23-34-48_testing'
ptd-server 2021-08-08 23:46:00,538 [INFO] Reply from ptd: 'Starting untimed measurement, maximum 500000 samples at 1000ms with 0 rampup samples'
ptd-server 2021-08-08 23:46:00,539 [INFO] Sending reply to client 'OK'
ptd-server 2021-08-08 23:56:20,209 [INFO] Got command from the client 'session,2021-08-08_23-34-48,stop,testing'
ptd-server 2021-08-08 23:56:30,219 [INFO] Sending to ptd: 'Stop'
ptd-server 2021-08-08 23:56:30,220 [INFO] Reply from ptd: 'Stopping untimed measurement'
ptd-server 2021-08-08 23:56:30,324 [INFO] Sending reply to client 'OK'
ptd-server 2021-08-08 23:56:30,342 [INFO] Got command from the client 'session,2021-08-08_23-34-48,done'
ptd-server 2021-08-08 23:56:30,343 [INFO] Sending to ptd: 'Stop'
ptd-server 2021-08-08 23:56:30,539 [INFO] Reply from ptd: 'Error: no measurement to stop'
ptd-server 2021-08-08 23:56:30,539 [INFO] Sending to ptd: 'SR,V,300.000000'
ptd-server 2021-08-08 23:56:32,040 [INFO] Reply from ptd: 'Range V changed'
ptd-server 2021-08-08 23:56:32,041 [INFO] Sending to ptd: 'SR,A,0.500000'
ptd-server 2021-08-08 23:56:33,542 [INFO] Reply from ptd: 'Range A changed'
ptd-server 2021-08-08 23:56:33,542 [INFO] Set initial values for Amps 0.500000 and Volts 300.000000
ptd-server 2021-08-08 23:56:33,542 [INFO] Stopping ptd...
