ptd-server 2021-08-16 18:50:10,133 [INFO] Got command from the client 'stop'
ptd-server 2021-08-16 18:50:10,133 [INFO] The server will be stopped after processing this client
ptd-server 2021-08-16 18:50:10,133 [INFO] Sending reply to client 'OK'
ptd-server 2021-08-16 18:50:10,149 [INFO] Got command from the client 'time'
ptd-server 2021-08-16 18:50:10,149 [INFO] Sending reply to client '1629139810.1490495'
ptd-server 2021-08-16 18:50:10,149 [INFO] Got command from the client 'new,,f58d4edb-4a74-4a17-8f0e-49653ff77f09'
ptd-server 2021-08-16 18:50:10,149 [INFO] Sending reply to client 'OK 2021-08-16_18-50-10,89332da8-7dbf-4186-b682-ad624f4df551'
ptd-server 2021-08-16 18:50:10,149 [INFO] Got command from the client 'time'
ptd-server 2021-08-16 18:50:10,149 [INFO] Sending reply to client '1629139810.1490495'
ptd-server 2021-08-16 18:50:10,149 [INFO] Got command from the client 'session,2021-08-16_18-50-10,start,ranging'
ptd-server 2021-08-16 18:50:10,258 [INFO] Running PTDaemon: ['C:\\PTD\\ptd-windows-x86.exe', '-l', 'C:\\Users\\pa\\AppData\\Local\\Temp\\tmpypp8i6cx\\ptd_logfile.txt', '-p', '8888', '-c', '1,2', '-y', '77', 'C2WL21005V']
ptd-server 2021-08-16 18:50:28,433 [INFO] Sending to ptd: 'Hello'
ptd-server 2021-08-16 18:50:28,433 [INFO] Reply from ptd: 'Hello, PTDaemon here!'
ptd-server 2021-08-16 18:50:28,433 [INFO] Sending to ptd: 'Identify'
ptd-server 2021-08-16 18:50:28,433 [INFO] Reply from ptd: 'YokogawaWT330_multichannel,1000,1,1,1,1,0,0,1,version=1.9.2-3976349f-20201208,OS=Windows 8 / Server 2012,mode=power,1,1,2,0,0,no_cal_date,YOKOGAWA;WT333E;C2WL21005V;F1.04'
ptd-server 2021-08-16 18:50:28,433 [INFO] Connected to PTDaemon
ptd-server 2021-08-16 18:50:28,433 [INFO] Sending to ptd: 'RR'
ptd-server 2021-08-16 18:50:28,433 [INFO] Reply from ptd: 'Ranges,-1,-1.000000,-1,-1.000000'
ptd-server 2021-08-16 18:50:28,433 [INFO] Initial range for Amps is Auto for Volts is Auto
ptd-server 2021-08-16 18:50:28,433 [INFO] Sending to ptd: 'SR,V,Auto'
ptd-server 2021-08-16 18:50:33,505 [INFO] Reply from ptd: 'Range V changed'
ptd-server 2021-08-16 18:50:33,505 [INFO] Sending to ptd: 'SR,A,20'
ptd-server 2021-08-16 18:50:39,092 [INFO] Reply from ptd: 'Range A changed'
ptd-server 2021-08-16 18:50:49,105 [INFO] Starting ranging mode
ptd-server 2021-08-16 18:50:49,105 [INFO] Sending to ptd: 'Go,1000,0,2021-08-16_18-50-10_ranging'
ptd-server 2021-08-16 18:50:49,105 [INFO] Reply from ptd: 'Starting untimed measurement, maximum 500000 samples at 1000ms with 0 rampup samples'
ptd-server 2021-08-16 18:50:49,105 [INFO] Sending reply to client 'OK'
ptd-server 2021-08-16 19:07:35,146 [INFO] Got command from the client 'session,2021-08-16_18-50-10,stop,ranging'
ptd-server 2021-08-16 19:07:45,156 [INFO] Sending to ptd: 'Stop'
ptd-server 2021-08-16 19:07:45,156 [INFO] Reply from ptd: 'Stopping untimed measurement'
ptd-server 2021-08-16 19:07:45,187 [INFO] Sending reply to client 'OK'
ptd-server 2021-08-16 19:07:45,203 [INFO] Got command from the client 'time'
ptd-server 2021-08-16 19:07:45,203 [INFO] Sending reply to client '1629140865.2030685'
ptd-server 2021-08-16 19:07:45,218 [INFO] Got command from the client 'session,2021-08-16_18-50-10,start,testing'
ptd-server 2021-08-16 19:07:45,218 [INFO] Sending to ptd: 'SR,V,119.040000'
ptd-server 2021-08-16 19:07:52,189 [INFO] Reply from ptd: 'Range V changed'
ptd-server 2021-08-16 19:07:52,189 [INFO] Sending to ptd: 'SR,A,7.115000'
ptd-server 2021-08-16 19:07:57,776 [INFO] Reply from ptd: 'Range A changed'
ptd-server 2021-08-16 19:08:07,778 [INFO] Starting testing mode
ptd-server 2021-08-16 19:08:07,778 [INFO] Sending to ptd: 'Go,1000,0,2021-08-16_18-50-10_testing'
ptd-server 2021-08-16 19:08:07,778 [INFO] Reply from ptd: 'Starting untimed measurement, maximum 500000 samples at 1000ms with 0 rampup samples'
ptd-server 2021-08-16 19:08:07,778 [INFO] Sending reply to client 'OK'
ptd-server 2021-08-16 19:24:49,043 [INFO] Got command from the client 'session,2021-08-16_18-50-10,stop,testing'
ptd-server 2021-08-16 19:24:59,058 [INFO] Sending to ptd: 'Stop'
ptd-server 2021-08-16 19:24:59,058 [INFO] Reply from ptd: 'Stopping untimed measurement'
ptd-server 2021-08-16 19:24:59,058 [INFO] Sending reply to client 'OK'
ptd-server 2021-08-16 19:24:59,089 [INFO] Got command from the client 'session,2021-08-16_18-50-10,done'
ptd-server 2021-08-16 19:24:59,089 [INFO] Sending to ptd: 'Stop'
ptd-server 2021-08-16 19:24:59,792 [INFO] Reply from ptd: 'Error: no measurement to stop'
ptd-server 2021-08-16 19:24:59,792 [INFO] Sending to ptd: 'SR,V,Auto'
ptd-server 2021-08-16 19:25:04,856 [INFO] Reply from ptd: 'Range V changed'
ptd-server 2021-08-16 19:25:04,856 [INFO] Sending to ptd: 'SR,A,Auto'
ptd-server 2021-08-16 19:25:09,928 [INFO] Reply from ptd: 'Range A changed'
ptd-server 2021-08-16 19:25:09,928 [INFO] Set initial values for Amps Auto and Volts Auto
ptd-server 2021-08-16 19:25:09,928 [INFO] Stopping ptd...
