ptd-server 2021-08-11 01:16:24,906 [INFO] Got command from the client 'time'
ptd-server 2021-08-11 01:16:24,906 [INFO] Sending reply to client '1628640984.906615'
ptd-server 2021-08-11 01:16:24,909 [INFO] Got command from the client 'new,,ec32c99f-32aa-48e0-8e16-f8aa013394bb'
ptd-server 2021-08-11 01:16:24,909 [INFO] Sending reply to client 'OK 2021-08-11_01-16-24,62bcbcdb-cc68-4d6b-bd39-5c8ab5960a88'
ptd-server 2021-08-11 01:16:24,956 [INFO] Got command from the client 'time'
ptd-server 2021-08-11 01:16:24,957 [INFO] Sending reply to client '1628640984.9570968'
ptd-server 2021-08-11 01:16:24,959 [INFO] Got command from the client 'session,2021-08-11_01-16-24,start,ranging'
ptd-server 2021-08-11 01:16:24,960 [INFO] Running PTDaemon: ['/home/anton/projects/mlperf/power/inference_v1.0/ptd-linux-x86', '-l', '/tmp/tmpr3iqmcco/ptd_logfile.txt', '-p', '8888', '49', '/dev/usbtmc0']
ptd-server 2021-08-11 01:16:42,133 [INFO] Sending to ptd: 'Hello'
ptd-server 2021-08-11 01:16:42,133 [INFO] Reply from ptd: 'Hello, PTDaemon here!'
ptd-server 2021-08-11 01:16:42,133 [INFO] Sending to ptd: 'Identify'
ptd-server 2021-08-11 01:16:42,134 [INFO] Reply from ptd: 'YokogawaWT310E,1000,1,1,1,1,0,1,1,version=1.9.2-e8c7a49a-20201208,OS=Linux 5.8.0-63-generic #71~20.04.1-Ubuntu SMP Thu Jul 15 17:46:08 UTC 2021 x86_64,mode=power,1,1,1,0,0,no_cal_date,YOKOGAWA;WT310E;C3XA04010E;F1.04'
ptd-server 2021-08-11 01:16:42,134 [INFO] Connected to PTDaemon
ptd-server 2021-08-11 01:16:42,134 [INFO] Sending to ptd: 'RR'
ptd-server 2021-08-11 01:16:42,134 [INFO] Reply from ptd: 'Ranges,0,0.500000,0,300.000000'
ptd-server 2021-08-11 01:16:42,135 [INFO] Initial range for Amps is 0.500000 for Volts is 300.000000
ptd-server 2021-08-11 01:16:42,135 [INFO] Sending to ptd: 'SR,V,Auto'
ptd-server 2021-08-11 01:16:42,637 [INFO] Reply from ptd: 'Range V changed'
ptd-server 2021-08-11 01:16:42,637 [INFO] Sending to ptd: 'SR,A,Auto'
ptd-server 2021-08-11 01:16:43,140 [INFO] Reply from ptd: 'Range A changed'
ptd-server 2021-08-11 01:16:53,150 [INFO] Starting ranging mode
ptd-server 2021-08-11 01:16:53,150 [INFO] Sending to ptd: 'Go,1000,0,2021-08-11_01-16-24_ranging'
ptd-server 2021-08-11 01:16:53,151 [INFO] Reply from ptd: 'Starting untimed measurement, maximum 500000 samples at 1000ms with 0 rampup samples'
ptd-server 2021-08-11 01:16:53,151 [INFO] Sending reply to client 'OK'
ptd-server 2021-08-11 01:27:15,132 [INFO] Got command from the client 'session,2021-08-11_01-16-24,stop,ranging'
ptd-server 2021-08-11 01:27:25,142 [INFO] Sending to ptd: 'Stop'
ptd-server 2021-08-11 01:27:25,143 [INFO] Reply from ptd: 'Stopping untimed measurement'
ptd-server 2021-08-11 01:27:25,399 [INFO] Sending reply to client 'OK'
ptd-server 2021-08-11 01:27:25,470 [INFO] Got command from the client 'time'
ptd-server 2021-08-11 01:27:25,470 [INFO] Sending reply to client '1628641645.4704127'
ptd-server 2021-08-11 01:27:25,472 [INFO] Got command from the client 'session,2021-08-11_01-16-24,start,testing'
ptd-server 2021-08-11 01:27:25,473 [INFO] Sending to ptd: 'SR,V,249.470000'
ptd-server 2021-08-11 01:27:26,974 [INFO] Reply from ptd: 'Range V changed'
ptd-server 2021-08-11 01:27:26,974 [INFO] Sending to ptd: 'SR,A,0.097040'
ptd-server 2021-08-11 01:27:28,476 [INFO] Reply from ptd: 'Range A changed'
ptd-server 2021-08-11 01:27:38,486 [INFO] Starting testing mode
ptd-server 2021-08-11 01:27:38,486 [INFO] Sending to ptd: 'Go,1000,0,2021-08-11_01-16-24_testing'
ptd-server 2021-08-11 01:27:38,486 [INFO] Reply from ptd: 'Starting untimed measurement, maximum 500000 samples at 1000ms with 0 rampup samples'
ptd-server 2021-08-11 01:27:38,487 [INFO] Sending reply to client 'OK'
ptd-server 2021-08-11 01:38:00,430 [INFO] Got command from the client 'session,2021-08-11_01-16-24,stop,testing'
ptd-server 2021-08-11 01:38:10,440 [INFO] Sending to ptd: 'Stop'
ptd-server 2021-08-11 01:38:10,441 [INFO] Reply from ptd: 'Stopping untimed measurement'
ptd-server 2021-08-11 01:38:10,586 [INFO] Sending reply to client 'OK'
ptd-server 2021-08-11 01:38:10,626 [INFO] Got command from the client 'session,2021-08-11_01-16-24,done'
ptd-server 2021-08-11 01:38:10,626 [INFO] Sending to ptd: 'Stop'
ptd-server 2021-08-11 01:38:10,627 [INFO] Reply from ptd: 'Error: no measurement to stop'
ptd-server 2021-08-11 01:38:10,627 [INFO] Sending to ptd: 'SR,V,300.000000'
ptd-server 2021-08-11 01:38:12,128 [INFO] Reply from ptd: 'Range V changed'
ptd-server 2021-08-11 01:38:12,128 [INFO] Sending to ptd: 'SR,A,0.500000'
ptd-server 2021-08-11 01:38:13,629 [INFO] Reply from ptd: 'Range A changed'
ptd-server 2021-08-11 01:38:13,630 [INFO] Set initial values for Amps 0.500000 and Volts 300.000000
ptd-server 2021-08-11 01:38:13,630 [INFO] Stopping ptd...
