ptd-server 2021-08-07 14:59:56,048 [INFO] Got command from the client 'time'
ptd-server 2021-08-07 14:59:56,048 [INFO] Sending reply to client '1628344796.048777'
ptd-server 2021-08-07 14:59:56,050 [INFO] Got command from the client 'new,,0d9cdd11-7cc3-49a0-9314-f7982377e65b'
ptd-server 2021-08-07 14:59:56,050 [INFO] Sending reply to client 'OK 2021-08-07_14-59-56,6589a00a-3b2c-429f-9f07-e58fae7aa819'
ptd-server 2021-08-07 14:59:56,128 [INFO] Got command from the client 'time'
ptd-server 2021-08-07 14:59:56,128 [INFO] Sending reply to client '1628344796.1282697'
ptd-server 2021-08-07 14:59:56,129 [INFO] Got command from the client 'session,2021-08-07_14-59-56,start,ranging'
ptd-server 2021-08-07 14:59:56,129 [INFO] Running PTDaemon: ['/home/anton/projects/mlperf/power/inference_v1.0/ptd-linux-x86', '-l', '/tmp/tmpr3iqmcco/ptd_logfile.txt', '-p', '8888', '49', '/dev/usbtmc0']
ptd-server 2021-08-07 15:00:13,303 [INFO] Sending to ptd: 'Hello'
ptd-server 2021-08-07 15:00:13,304 [INFO] Reply from ptd: 'Hello, PTDaemon here!'
ptd-server 2021-08-07 15:00:13,304 [INFO] Sending to ptd: 'Identify'
ptd-server 2021-08-07 15:00:13,304 [INFO] Reply from ptd: 'YokogawaWT310E,1000,1,1,1,1,0,1,1,version=1.9.2-e8c7a49a-20201208,OS=Linux 5.8.0-63-generic #71~20.04.1-Ubuntu SMP Thu Jul 15 17:46:08 UTC 2021 x86_64,mode=power,1,1,1,0,0,no_cal_date,YOKOGAWA;WT310E;C3XA04010E;F1.04'
ptd-server 2021-08-07 15:00:13,305 [INFO] Connected to PTDaemon
ptd-server 2021-08-07 15:00:13,305 [INFO] Sending to ptd: 'RR'
ptd-server 2021-08-07 15:00:13,305 [INFO] Reply from ptd: 'Ranges,0,0.500000,0,300.000000'
ptd-server 2021-08-07 15:00:13,305 [INFO] Initial range for Amps is 0.500000 for Volts is 300.000000
ptd-server 2021-08-07 15:00:13,305 [INFO] Sending to ptd: 'SR,V,Auto'
ptd-server 2021-08-07 15:00:13,808 [INFO] Reply from ptd: 'Range V changed'
ptd-server 2021-08-07 15:00:13,808 [INFO] Sending to ptd: 'SR,A,Auto'
ptd-server 2021-08-07 15:00:14,310 [INFO] Reply from ptd: 'Range A changed'
ptd-server 2021-08-07 15:00:24,321 [INFO] Starting ranging mode
ptd-server 2021-08-07 15:00:24,321 [INFO] Sending to ptd: 'Go,1000,0,2021-08-07_14-59-56_ranging'
ptd-server 2021-08-07 15:00:24,321 [INFO] Reply from ptd: 'Starting untimed measurement, maximum 500000 samples at 1000ms with 0 rampup samples'
ptd-server 2021-08-07 15:00:24,321 [INFO] Sending reply to client 'OK'
ptd-server 2021-08-07 15:10:44,182 [INFO] Got command from the client 'session,2021-08-07_14-59-56,stop,ranging'
ptd-server 2021-08-07 15:10:54,192 [INFO] Sending to ptd: 'Stop'
ptd-server 2021-08-07 15:10:54,192 [INFO] Reply from ptd: 'Stopping untimed measurement'
ptd-server 2021-08-07 15:10:54,221 [INFO] Sending reply to client 'OK'
ptd-server 2021-08-07 15:10:54,277 [INFO] Got command from the client 'time'
ptd-server 2021-08-07 15:10:54,278 [INFO] Sending reply to client '1628345454.27806'
ptd-server 2021-08-07 15:10:54,280 [INFO] Got command from the client 'session,2021-08-07_14-59-56,start,testing'
ptd-server 2021-08-07 15:10:54,280 [INFO] Sending to ptd: 'SR,V,250.330000'
ptd-server 2021-08-07 15:10:55,822 [INFO] Reply from ptd: 'Range V changed'
ptd-server 2021-08-07 15:10:55,823 [INFO] Sending to ptd: 'SR,A,0.229620'
ptd-server 2021-08-07 15:10:57,324 [INFO] Reply from ptd: 'Range A changed'
ptd-server 2021-08-07 15:11:07,334 [INFO] Starting testing mode
ptd-server 2021-08-07 15:11:07,334 [INFO] Sending to ptd: 'Go,1000,0,2021-08-07_14-59-56_testing'
ptd-server 2021-08-07 15:11:07,335 [INFO] Reply from ptd: 'Starting untimed measurement, maximum 500000 samples at 1000ms with 0 rampup samples'
ptd-server 2021-08-07 15:11:07,335 [INFO] Sending reply to client 'OK'
ptd-server 2021-08-07 15:21:27,162 [INFO] Got command from the client 'session,2021-08-07_14-59-56,stop,testing'
ptd-server 2021-08-07 15:21:37,173 [INFO] Sending to ptd: 'Stop'
ptd-server 2021-08-07 15:21:37,173 [INFO] Reply from ptd: 'Stopping untimed measurement'
ptd-server 2021-08-07 15:21:37,190 [INFO] Sending reply to client 'OK'
ptd-server 2021-08-07 15:21:37,209 [INFO] Got command from the client 'session,2021-08-07_14-59-56,done'
ptd-server 2021-08-07 15:21:37,210 [INFO] Sending to ptd: 'Stop'
ptd-server 2021-08-07 15:21:37,336 [INFO] Reply from ptd: 'Error: no measurement to stop'
ptd-server 2021-08-07 15:21:37,336 [INFO] Sending to ptd: 'SR,V,300.000000'
ptd-server 2021-08-07 15:21:38,837 [INFO] Reply from ptd: 'Range V changed'
ptd-server 2021-08-07 15:21:38,837 [INFO] Sending to ptd: 'SR,A,0.500000'
ptd-server 2021-08-07 15:21:40,339 [INFO] Reply from ptd: 'Range A changed'
ptd-server 2021-08-07 15:21:40,339 [INFO] Set initial values for Amps 0.500000 and Volts 300.000000
ptd-server 2021-08-07 15:21:40,339 [INFO] Stopping ptd...
