ptd-server 2021-08-07 17:58:28,414 [INFO] Got command from the client 'time'
ptd-server 2021-08-07 17:58:28,414 [INFO] Sending reply to client '1628355508.414328'
ptd-server 2021-08-07 17:58:28,415 [INFO] Got command from the client 'new,,1e9753d8-cb40-4a94-95de-030504d0dc44'
ptd-server 2021-08-07 17:58:28,416 [INFO] Sending reply to client 'OK 2021-08-07_17-58-28,1dde40c1-9232-4a70-96ca-dc82a077b037'
ptd-server 2021-08-07 17:58:28,456 [INFO] Got command from the client 'time'
ptd-server 2021-08-07 17:58:28,456 [INFO] Sending reply to client '1628355508.456487'
ptd-server 2021-08-07 17:58:28,458 [INFO] Got command from the client 'session,2021-08-07_17-58-28,start,ranging'
ptd-server 2021-08-07 17:58:28,459 [INFO] Running PTDaemon: ['/home/anton/projects/mlperf/power/inference_v1.0/ptd-linux-x86', '-l', '/tmp/tmpr3iqmcco/ptd_logfile.txt', '-p', '8888', '49', '/dev/usbtmc0']
ptd-server 2021-08-07 17:58:45,632 [INFO] Sending to ptd: 'Hello'
ptd-server 2021-08-07 17:58:45,632 [INFO] Reply from ptd: 'Hello, PTDaemon here!'
ptd-server 2021-08-07 17:58:45,633 [INFO] Sending to ptd: 'Identify'
ptd-server 2021-08-07 17:58:45,633 [INFO] Reply from ptd: 'YokogawaWT310E,1000,1,1,1,1,0,1,1,version=1.9.2-e8c7a49a-20201208,OS=Linux 5.8.0-63-generic #71~20.04.1-Ubuntu SMP Thu Jul 15 17:46:08 UTC 2021 x86_64,mode=power,1,1,1,0,0,no_cal_date,YOKOGAWA;WT310E;C3XA04010E;F1.04'
ptd-server 2021-08-07 17:58:45,633 [INFO] Connected to PTDaemon
ptd-server 2021-08-07 17:58:45,633 [INFO] Sending to ptd: 'RR'
ptd-server 2021-08-07 17:58:45,634 [INFO] Reply from ptd: 'Ranges,0,0.500000,0,300.000000'
ptd-server 2021-08-07 17:58:45,634 [INFO] Initial range for Amps is 0.500000 for Volts is 300.000000
ptd-server 2021-08-07 17:58:45,634 [INFO] Sending to ptd: 'SR,V,Auto'
ptd-server 2021-08-07 17:58:46,136 [INFO] Reply from ptd: 'Range V changed'
ptd-server 2021-08-07 17:58:46,136 [INFO] Sending to ptd: 'SR,A,Auto'
ptd-server 2021-08-07 17:58:46,639 [INFO] Reply from ptd: 'Range A changed'
ptd-server 2021-08-07 17:58:56,649 [INFO] Starting ranging mode
ptd-server 2021-08-07 17:58:56,649 [INFO] Sending to ptd: 'Go,1000,0,2021-08-07_17-58-28_ranging'
ptd-server 2021-08-07 17:58:56,650 [INFO] Reply from ptd: 'Starting untimed measurement, maximum 500000 samples at 1000ms with 0 rampup samples'
ptd-server 2021-08-07 17:58:56,650 [INFO] Sending reply to client 'OK'
ptd-server 2021-08-07 18:09:18,801 [INFO] Got command from the client 'session,2021-08-07_17-58-28,stop,ranging'
ptd-server 2021-08-07 18:09:28,811 [INFO] Sending to ptd: 'Stop'
ptd-server 2021-08-07 18:09:28,812 [INFO] Reply from ptd: 'Stopping untimed measurement'
ptd-server 2021-08-07 18:09:28,860 [INFO] Sending reply to client 'OK'
ptd-server 2021-08-07 18:09:28,941 [INFO] Got command from the client 'time'
ptd-server 2021-08-07 18:09:28,941 [INFO] Sending reply to client '1628356168.9416928'
ptd-server 2021-08-07 18:09:28,944 [INFO] Got command from the client 'session,2021-08-07_17-58-28,start,testing'
ptd-server 2021-08-07 18:09:28,944 [INFO] Sending to ptd: 'SR,V,251.350000'
ptd-server 2021-08-07 18:09:31,151 [INFO] Reply from ptd: 'Range V changed'
ptd-server 2021-08-07 18:09:31,151 [INFO] Sending to ptd: 'SR,A,0.228400'
ptd-server 2021-08-07 18:09:32,653 [INFO] Reply from ptd: 'Range A changed'
ptd-server 2021-08-07 18:09:42,663 [INFO] Starting testing mode
ptd-server 2021-08-07 18:09:42,663 [INFO] Sending to ptd: 'Go,1000,0,2021-08-07_17-58-28_testing'
ptd-server 2021-08-07 18:09:42,664 [INFO] Reply from ptd: 'Starting untimed measurement, maximum 500000 samples at 1000ms with 0 rampup samples'
ptd-server 2021-08-07 18:09:42,664 [INFO] Sending reply to client 'OK'
ptd-server 2021-08-07 18:20:02,447 [INFO] Got command from the client 'session,2021-08-07_17-58-28,stop,testing'
ptd-server 2021-08-07 18:20:12,458 [INFO] Sending to ptd: 'Stop'
ptd-server 2021-08-07 18:20:12,458 [INFO] Reply from ptd: 'Stopping untimed measurement'
ptd-server 2021-08-07 18:20:12,482 [INFO] Sending reply to client 'OK'
ptd-server 2021-08-07 18:20:12,501 [INFO] Got command from the client 'session,2021-08-07_17-58-28,done'
ptd-server 2021-08-07 18:20:12,501 [INFO] Sending to ptd: 'Stop'
ptd-server 2021-08-07 18:20:12,664 [INFO] Reply from ptd: 'Error: no measurement to stop'
ptd-server 2021-08-07 18:20:12,664 [INFO] Sending to ptd: 'SR,V,300.000000'
ptd-server 2021-08-07 18:20:14,166 [INFO] Reply from ptd: 'Range V changed'
ptd-server 2021-08-07 18:20:14,166 [INFO] Sending to ptd: 'SR,A,0.500000'
ptd-server 2021-08-07 18:20:15,667 [INFO] Reply from ptd: 'Range A changed'
ptd-server 2021-08-07 18:20:15,667 [INFO] Set initial values for Amps 0.500000 and Volts 300.000000
ptd-server 2021-08-07 18:20:15,668 [INFO] Stopping ptd...
