ptd-server 2021-09-04 16:11:44,756 [INFO] Got command from the client 'time'
ptd-server 2021-09-04 16:11:44,756 [INFO] Sending reply to client '1630768304.7567186'
ptd-server 2021-09-04 16:11:44,759 [INFO] Got command from the client 'new,,21d78a98-84b9-4e74-8254-c08028c1612a'
ptd-server 2021-09-04 16:11:44,759 [INFO] Sending reply to client 'OK 2021-09-04_16-11-44,ce8af859-990c-4f47-a3a3-2d326ea12efd'
ptd-server 2021-09-04 16:11:44,806 [INFO] Got command from the client 'time'
ptd-server 2021-09-04 16:11:44,806 [INFO] Sending reply to client '1630768304.8065054'
ptd-server 2021-09-04 16:11:44,809 [INFO] Got command from the client 'session,2021-09-04_16-11-44,start,ranging'
ptd-server 2021-09-04 16:11:44,809 [INFO] Running PTDaemon: ['/home/anton/projects/mlperf/power/inference_v1.0/ptd-linux-x86', '-l', '/tmp/tmpv6egg1ym/ptd_logfile.txt', '-p', '8888', '49', '/dev/usbtmc0']
ptd-server 2021-09-04 16:12:01,984 [INFO] Sending to ptd: 'Hello'
ptd-server 2021-09-04 16:12:01,985 [INFO] Reply from ptd: 'Hello, PTDaemon here!'
ptd-server 2021-09-04 16:12:01,985 [INFO] Sending to ptd: 'Identify'
ptd-server 2021-09-04 16:12:01,986 [INFO] Reply from ptd: 'YokogawaWT310E,1000,1,1,1,1,0,1,1,version=1.9.2-e8c7a49a-20201208,OS=Linux 5.11.0-27-generic #29~20.04.1-Ubuntu SMP Wed Aug 11 15:58:17 UTC 2021 x86_64,mode=power,1,1,1,0,0,no_cal_date,YOKOGAWA;WT310E;C3XA04010E;F1.04'
ptd-server 2021-09-04 16:12:01,986 [INFO] Connected to PTDaemon
ptd-server 2021-09-04 16:12:01,986 [INFO] Sending to ptd: 'RR'
ptd-server 2021-09-04 16:12:01,986 [INFO] Reply from ptd: 'Ranges,0,0.500000,0,300.000000'
ptd-server 2021-09-04 16:12:01,986 [INFO] Initial range for Amps is 0.500000 for Volts is 300.000000
ptd-server 2021-09-04 16:12:01,987 [INFO] Sending to ptd: 'SR,V,Auto'
ptd-server 2021-09-04 16:12:02,489 [INFO] Reply from ptd: 'Range V changed'
ptd-server 2021-09-04 16:12:02,489 [INFO] Sending to ptd: 'SR,A,Auto'
ptd-server 2021-09-04 16:12:02,992 [INFO] Reply from ptd: 'Range A changed'
ptd-server 2021-09-04 16:12:13,002 [INFO] Starting ranging mode
ptd-server 2021-09-04 16:12:13,002 [INFO] Sending to ptd: 'Go,1000,0,2021-09-04_16-11-44_ranging'
ptd-server 2021-09-04 16:12:13,003 [INFO] Reply from ptd: 'Starting untimed measurement, maximum 500000 samples at 1000ms with 0 rampup samples'
ptd-server 2021-09-04 16:12:13,003 [INFO] Sending reply to client 'OK'
ptd-server 2021-09-04 16:23:02,049 [INFO] Got command from the client 'session,2021-09-04_16-11-44,stop,ranging'
ptd-server 2021-09-04 16:23:12,060 [INFO] Sending to ptd: 'Stop'
ptd-server 2021-09-04 16:23:12,060 [INFO] Reply from ptd: 'Stopping untimed measurement'
ptd-server 2021-09-04 16:23:12,073 [INFO] Sending reply to client 'OK'
ptd-server 2021-09-04 16:23:12,164 [INFO] Got command from the client 'time'
ptd-server 2021-09-04 16:23:12,164 [INFO] Sending reply to client '1630768992.1648881'
ptd-server 2021-09-04 16:23:12,167 [INFO] Got command from the client 'session,2021-09-04_16-11-44,start,testing'
ptd-server 2021-09-04 16:23:12,167 [INFO] Sending to ptd: 'SR,V,250.740000'
ptd-server 2021-09-04 16:23:14,504 [INFO] Reply from ptd: 'Range V changed'
ptd-server 2021-09-04 16:23:14,504 [INFO] Sending to ptd: 'SR,A,0.104910'
ptd-server 2021-09-04 16:23:16,005 [INFO] Reply from ptd: 'Range A changed'
ptd-server 2021-09-04 16:23:26,016 [INFO] Starting testing mode
ptd-server 2021-09-04 16:23:26,016 [INFO] Sending to ptd: 'Go,1000,0,2021-09-04_16-11-44_testing'
ptd-server 2021-09-04 16:23:26,016 [INFO] Reply from ptd: 'Starting untimed measurement, maximum 500000 samples at 1000ms with 0 rampup samples'
ptd-server 2021-09-04 16:23:26,016 [INFO] Sending reply to client 'OK'
ptd-server 2021-09-04 16:34:05,348 [INFO] Got command from the client 'session,2021-09-04_16-11-44,stop,testing'
ptd-server 2021-09-04 16:34:15,359 [INFO] Sending to ptd: 'Stop'
ptd-server 2021-09-04 16:34:15,359 [INFO] Reply from ptd: 'Stopping untimed measurement'
ptd-server 2021-09-04 16:34:15,363 [INFO] Sending reply to client 'OK'
ptd-server 2021-09-04 16:34:15,399 [INFO] Got command from the client 'session,2021-09-04_16-11-44,done'
ptd-server 2021-09-04 16:34:15,399 [INFO] Sending to ptd: 'Stop'
ptd-server 2021-09-04 16:34:16,016 [INFO] Reply from ptd: 'Error: no measurement to stop'
ptd-server 2021-09-04 16:34:16,016 [INFO] Sending to ptd: 'SR,V,300.000000'
ptd-server 2021-09-04 16:34:17,518 [INFO] Reply from ptd: 'Range V changed'
ptd-server 2021-09-04 16:34:17,518 [INFO] Sending to ptd: 'SR,A,0.500000'
ptd-server 2021-09-04 16:34:19,019 [INFO] Reply from ptd: 'Range A changed'
ptd-server 2021-09-04 16:34:19,019 [INFO] Set initial values for Amps 0.500000 and Volts 300.000000
ptd-server 2021-09-04 16:34:19,019 [INFO] Stopping ptd...
