ptd-server 2021-08-12 23:17:17,302 [INFO] Got command from the client 'time'
ptd-server 2021-08-12 23:17:17,302 [INFO] Sending reply to client '1628806637.3024845'
ptd-server 2021-08-12 23:17:17,305 [INFO] Got command from the client 'new,,cd57f05b-4251-4ee1-a299-2afe398ebf15'
ptd-server 2021-08-12 23:17:17,305 [INFO] Sending reply to client 'OK 2021-08-12_23-17-17,e5b9f9bc-f246-496d-b5fa-5f24a5e3a91d'
ptd-server 2021-08-12 23:17:17,360 [INFO] Got command from the client 'time'
ptd-server 2021-08-12 23:17:17,361 [INFO] Sending reply to client '1628806637.3610046'
ptd-server 2021-08-12 23:17:17,363 [INFO] Got command from the client 'session,2021-08-12_23-17-17,start,ranging'
ptd-server 2021-08-12 23:17:17,364 [INFO] Running PTDaemon: ['/home/anton/projects/mlperf/power/inference_v1.0/ptd-linux-x86', '-l', '/tmp/tmp69denxsv/ptd_logfile.txt', '-p', '8888', '49', '/dev/usbtmc0']
ptd-server 2021-08-12 23:17:34,536 [INFO] Sending to ptd: 'Hello'
ptd-server 2021-08-12 23:17:34,537 [INFO] Reply from ptd: 'Hello, PTDaemon here!'
ptd-server 2021-08-12 23:17:34,537 [INFO] Sending to ptd: 'Identify'
ptd-server 2021-08-12 23:17:34,537 [INFO] Reply from ptd: 'YokogawaWT310E,1000,1,1,1,1,0,1,1,version=1.9.2-e8c7a49a-20201208,OS=Linux 5.11.0-25-generic #27~20.04.1-Ubuntu SMP Tue Jul 13 17:41:23 UTC 2021 x86_64,mode=power,1,1,1,0,0,no_cal_date,YOKOGAWA;WT310E;C3XA04010E;F1.04'
ptd-server 2021-08-12 23:17:34,537 [INFO] Connected to PTDaemon
ptd-server 2021-08-12 23:17:34,538 [INFO] Sending to ptd: 'RR'
ptd-server 2021-08-12 23:17:34,538 [INFO] Reply from ptd: 'Ranges,0,0.500000,0,300.000000'
ptd-server 2021-08-12 23:17:34,538 [INFO] Initial range for Amps is 0.500000 for Volts is 300.000000
ptd-server 2021-08-12 23:17:34,538 [INFO] Sending to ptd: 'SR,V,Auto'
ptd-server 2021-08-12 23:17:35,041 [INFO] Reply from ptd: 'Range V changed'
ptd-server 2021-08-12 23:17:35,041 [INFO] Sending to ptd: 'SR,A,Auto'
ptd-server 2021-08-12 23:17:35,543 [INFO] Reply from ptd: 'Range A changed'
ptd-server 2021-08-12 23:17:45,553 [INFO] Starting ranging mode
ptd-server 2021-08-12 23:17:45,554 [INFO] Sending to ptd: 'Go,1000,0,2021-08-12_23-17-17_ranging'
ptd-server 2021-08-12 23:17:45,554 [INFO] Reply from ptd: 'Starting untimed measurement, maximum 500000 samples at 1000ms with 0 rampup samples'
ptd-server 2021-08-12 23:17:45,554 [INFO] Sending reply to client 'OK'
ptd-server 2021-08-12 23:30:04,228 [INFO] Got command from the client 'session,2021-08-12_23-17-17,stop,ranging'
ptd-server 2021-08-12 23:30:14,238 [INFO] Sending to ptd: 'Stop'
ptd-server 2021-08-12 23:30:14,239 [INFO] Reply from ptd: 'Stopping untimed measurement'
ptd-server 2021-08-12 23:30:14,275 [INFO] Sending reply to client 'OK'
ptd-server 2021-08-12 23:30:14,405 [INFO] Got command from the client 'time'
ptd-server 2021-08-12 23:30:14,405 [INFO] Sending reply to client '1628807414.4056695'
ptd-server 2021-08-12 23:30:14,409 [INFO] Got command from the client 'session,2021-08-12_23-17-17,start,testing'
ptd-server 2021-08-12 23:30:14,409 [INFO] Sending to ptd: 'SR,V,248.830000'
ptd-server 2021-08-12 23:30:16,056 [INFO] Reply from ptd: 'Range V changed'
ptd-server 2021-08-12 23:30:16,056 [INFO] Sending to ptd: 'SR,A,0.260470'
ptd-server 2021-08-12 23:30:17,557 [INFO] Reply from ptd: 'Range A changed'
ptd-server 2021-08-12 23:30:27,568 [INFO] Starting testing mode
ptd-server 2021-08-12 23:30:27,568 [INFO] Sending to ptd: 'Go,1000,0,2021-08-12_23-17-17_testing'
ptd-server 2021-08-12 23:30:27,568 [INFO] Reply from ptd: 'Starting untimed measurement, maximum 500000 samples at 1000ms with 0 rampup samples'
ptd-server 2021-08-12 23:30:27,568 [INFO] Sending reply to client 'OK'
ptd-server 2021-08-12 23:42:48,351 [INFO] Got command from the client 'session,2021-08-12_23-17-17,stop,testing'
ptd-server 2021-08-12 23:42:58,362 [INFO] Sending to ptd: 'Stop'
ptd-server 2021-08-12 23:42:58,362 [INFO] Reply from ptd: 'Stopping untimed measurement'
ptd-server 2021-08-12 23:42:58,379 [INFO] Sending reply to client 'OK'
ptd-server 2021-08-12 23:42:58,409 [INFO] Got command from the client 'session,2021-08-12_23-17-17,done'
ptd-server 2021-08-12 23:42:58,409 [INFO] Sending to ptd: 'Stop'
ptd-server 2021-08-12 23:42:58,568 [INFO] Reply from ptd: 'Error: no measurement to stop'
ptd-server 2021-08-12 23:42:58,568 [INFO] Sending to ptd: 'SR,V,300.000000'
ptd-server 2021-08-12 23:43:00,070 [INFO] Reply from ptd: 'Range V changed'
ptd-server 2021-08-12 23:43:00,070 [INFO] Sending to ptd: 'SR,A,0.500000'
ptd-server 2021-08-12 23:43:01,571 [INFO] Reply from ptd: 'Range A changed'
ptd-server 2021-08-12 23:43:01,571 [INFO] Set initial values for Amps 0.500000 and Volts 300.000000
ptd-server 2021-08-12 23:43:01,572 [INFO] Stopping ptd...
