client 2021-08-12 17:25:54,390 [INFO] Sending command to the server: 'mlcommons/power client v3'
client 2021-08-12 17:25:54,391 [INFO] Got response: 'mlcommons/power server v3'
client 2021-08-12 17:25:54,391 [INFO] Sending command to the server: 'stop'
client 2021-08-12 17:25:54,392 [INFO] Got response: 'OK'
client 2021-08-12 17:25:54,392 [INFO] Synchronizing with the server and with ntp.aliyun.com...
client 2021-08-12 17:25:54,618 [INFO] NTP:offset = 0.019 s, delay = 0.022 s 
client 2021-08-12 17:25:54,618 [INFO] Sending command to the server: 'time'
client 2021-08-12 17:25:54,620 [INFO] Got response: '1628789154.6141036'
client 2021-08-12 17:25:54,620 [INFO] The time difference between the client and the server is within range 4.371 ms..6.390 ms
client 2021-08-12 17:25:54,620 [INFO] Sending command to the server: 'new,,d0152c43-658e-4d59-85b7-aed9648b5a79'
client 2021-08-12 17:25:54,622 [INFO] Got response: 'OK 2021-08-12_17-25-54,bf334138-654b-46e5-a44d-f15e4148a9ec'
client 2021-08-12 17:25:54,622 [INFO] Session id is '2021-08-12_17-25-54'
client 2021-08-12 17:25:54,623 [INFO] Sources: {"sources": {"__init__.py": "da39a3ee5e6b4b0d3255bfef95601890afd80709", "client.py": "33ca4f26368777ac06e01f9567b714a4b8063886", "lib/__init__.py": "da39a3ee5e6b4b0d3255bfef95601890afd80709", "lib/client.py": "4c2b78fb4849a7e5b584ef792d82aaed20b17f57", "lib/common.py": "624d0c0acc7c39aaff3674f0b99d6a09da53d1dc", "lib/external/__init__.py": "da39a3ee5e6b4b0d3255bfef95601890afd80709", "lib/external/ntplib.py": "4da8f970656505a40483206ef2b5d3dd5e81711d", "lib/server.py": "24ae49fb193809cf47f2c18b1c9c7c866244be4d", "lib/source_hashes.py": "60a2e02193209e8d392803326208d5466342da18", "lib/summary.py": "aa92f0a3f975eecd44d3c0cd0236342ccc9f941d", "lib/time_sync.py": "3210db56eb0ff0df57bf4293dc4d4b03fffd46f1", "server.py": "c3f90f2f7eeb4db30727556d0c815ebc89b3d28b", "tests/unit/__init__.py": "da39a3ee5e6b4b0d3255bfef95601890afd80709", "tests/unit/test_server.py": "99ae15aef722f2000ee6ed1ae1523637bf1ae42b", "tests/unit/test_source_hashes.py": "00468a2907583c593e6574a1f6b404e4651c221a"}, "modules": {"ptd_client_server.lib.client": "lib/client.py", "ptd_client_server.lib.common": "lib/common.py", "ptd_client_server.lib.external.ntplib": "lib/external/ntplib.py", "ptd_client_server.lib.source_hashes": "lib/source_hashes.py", "ptd_client_server.lib.summary": "lib/summary.py", "ptd_client_server.lib.time_sync": "lib/time_sync.py"}}
client 2021-08-12 17:25:54,623 [INFO] Running workload in ranging mode
client 2021-08-12 17:25:54,623 [INFO] Synchronizing with the server and with ntp.aliyun.com...
client 2021-08-12 17:25:54,743 [INFO] NTP:offset = 0.021 s, delay = 0.024 s 
client 2021-08-12 17:25:54,743 [INFO] Sending command to the server: 'time'
client 2021-08-12 17:25:54,745 [INFO] Got response: '1628789154.7385247'
client 2021-08-12 17:25:54,745 [INFO] The time difference between the client and the server is within range 4.660 ms..7.152 ms
client 2021-08-12 17:25:54,745 [INFO] Sending command to the server: 'session,2021-08-12_17-25-54,start,ranging'
client 2021-08-12 17:26:26,307 [INFO] Got response: 'OK'
client 2021-08-12 17:26:26,307 [INFO] Running the workload 'LOG_DIR=/work/build/power_logs_temp python3 code/main.py --benchmarks=rnnt --scenarios=SingleStream --test_mode=PerformanceOnly --config_ver=maxq --action="run_harness" \\\n\t\t&& if [ ! -d /work/build/power_logs/2021.08.12-17.25.49/ranging_tmp ]; \\\n\t\t\tthen mkdir /work/build/power_logs/2021.08.12-17.25.49/ranging_tmp \\\n\t\t\t\t&& mv /work/build/power_logs_temp/* /work/build/power_logs/2021.08.12-17.25.49/ranging_tmp/ \\\n\t\t\t\t&& cp -v /work/build/power_logs/2021.08.12-17.25.49/ranging_tmp/*/*/*/mlperf_log_detail.txt /work/build/power_logs_temp/ \\\n\t\t\t\t&& cp -v /work/build/power_logs/2021.08.12-17.25.49/ranging_tmp/*/*/*/mlperf_log_summary.txt /work/build/power_logs_temp/; \\\n\t\t\telse mkdir /work/build/power_logs/2021.08.12-17.25.49/testing_tmp \\\n\t\t\t\t&& mv /work/build/power_logs_temp/* /work/build/power_logs/2021.08.12-17.25.49/testing_tmp/ \\\n\t\t\t\t&& cp -v /work/build/power_logs/2021.08.12-17.25.49/testing_tmp/*/*/*/mlperf_log_detail.txt /work/build/power_logs_temp/ \\\n\t\t\t\t&& cp -v /work/build/power_logs/2021.08.12-17.25.49/testing_tmp/*/*/*/mlperf_log_summary.txt /work/build/power_logs_temp/; fi'
client 2021-08-12 17:36:36,636 [INFO] Sending command to the server: 'session,2021-08-12_17-25-54,stop,ranging'
client 2021-08-12 17:36:46,666 [INFO] Got response: 'OK'
client 2021-08-12 17:36:46,675 [INFO] Copying loadgen logs from '/work/build/power_logs_temp' to '/work/build/power_logs/2021.08.12-17.25.49/2021-08-12_17-25-54/ranging'
client 2021-08-12 17:36:46,676 [INFO] Running workload in testing mode
client 2021-08-12 17:36:46,676 [INFO] Synchronizing with the server and with ntp.aliyun.com...
client 2021-08-12 17:36:46,808 [INFO] NTP:offset = 0.019 s, delay = 0.025 s 
client 2021-08-12 17:36:46,808 [INFO] Sending command to the server: 'time'
client 2021-08-12 17:36:46,810 [INFO] Got response: '1628789806.798822'
client 2021-08-12 17:36:46,810 [INFO] The time difference between the client and the server is within range 9.484 ms..11.527 ms
client 2021-08-12 17:36:46,810 [INFO] Sending command to the server: 'session,2021-08-12_17-25-54,start,testing'
client 2021-08-12 17:37:00,513 [INFO] Got response: 'OK'
client 2021-08-12 17:37:00,513 [INFO] Running the workload 'LOG_DIR=/work/build/power_logs_temp python3 code/main.py --benchmarks=rnnt --scenarios=SingleStream --test_mode=PerformanceOnly --config_ver=maxq --action="run_harness" \\\n\t\t&& if [ ! -d /work/build/power_logs/2021.08.12-17.25.49/ranging_tmp ]; \\\n\t\t\tthen mkdir /work/build/power_logs/2021.08.12-17.25.49/ranging_tmp \\\n\t\t\t\t&& mv /work/build/power_logs_temp/* /work/build/power_logs/2021.08.12-17.25.49/ranging_tmp/ \\\n\t\t\t\t&& cp -v /work/build/power_logs/2021.08.12-17.25.49/ranging_tmp/*/*/*/mlperf_log_detail.txt /work/build/power_logs_temp/ \\\n\t\t\t\t&& cp -v /work/build/power_logs/2021.08.12-17.25.49/ranging_tmp/*/*/*/mlperf_log_summary.txt /work/build/power_logs_temp/; \\\n\t\t\telse mkdir /work/build/power_logs/2021.08.12-17.25.49/testing_tmp \\\n\t\t\t\t&& mv /work/build/power_logs_temp/* /work/build/power_logs/2021.08.12-17.25.49/testing_tmp/ \\\n\t\t\t\t&& cp -v /work/build/power_logs/2021.08.12-17.25.49/testing_tmp/*/*/*/mlperf_log_detail.txt /work/build/power_logs_temp/ \\\n\t\t\t\t&& cp -v /work/build/power_logs/2021.08.12-17.25.49/testing_tmp/*/*/*/mlperf_log_summary.txt /work/build/power_logs_temp/; fi'
client 2021-08-12 17:47:11,064 [INFO] Sending command to the server: 'session,2021-08-12_17-25-54,stop,testing'
client 2021-08-12 17:47:21,098 [INFO] Got response: 'OK'
client 2021-08-12 17:47:21,099 [INFO] Copying loadgen logs from '/work/build/power_logs_temp' to '/work/build/power_logs/2021.08.12-17.25.49/2021-08-12_17-25-54/run_1'
client 2021-08-12 17:47:21,100 [INFO] Done runs
