ptd-server 2021-08-12 17:25:54,385 [INFO] Got command from the client 'stop'
ptd-server 2021-08-12 17:25:54,385 [INFO] The server will be stopped after processing this client
ptd-server 2021-08-12 17:25:54,385 [INFO] Sending reply to client 'OK'
ptd-server 2021-08-12 17:25:54,613 [INFO] Got command from the client 'time'
ptd-server 2021-08-12 17:25:54,614 [INFO] Sending reply to client '1628789154.6141036'
ptd-server 2021-08-12 17:25:54,615 [INFO] Got command from the client 'new,,d0152c43-658e-4d59-85b7-aed9648b5a79'
ptd-server 2021-08-12 17:25:54,616 [INFO] Sending reply to client 'OK 2021-08-12_17-25-54,bf334138-654b-46e5-a44d-f15e4148a9ec'
ptd-server 2021-08-12 17:25:54,738 [INFO] Got command from the client 'time'
ptd-server 2021-08-12 17:25:54,739 [INFO] Sending reply to client '1628789154.7385247'
ptd-server 2021-08-12 17:25:54,740 [INFO] Got command from the client 'session,2021-08-12_17-25-54,start,ranging'
ptd-server 2021-08-12 17:25:54,848 [INFO] Running PTDaemon: ['C:\\PTD\\ptd-windows-x86.exe', '-l', 'C:\\Users\\mlperf\\AppData\\Local\\Temp\\tmp78_e_l6e\\ptd_logfile.txt', '-p', '8888', '49', 'COM4']
ptd-server 2021-08-12 17:26:14,130 [INFO] Sending to ptd: 'Hello'
ptd-server 2021-08-12 17:26:14,137 [INFO] Reply from ptd: 'Hello, PTDaemon here!'
ptd-server 2021-08-12 17:26:14,137 [INFO] Sending to ptd: 'Identify'
ptd-server 2021-08-12 17:26:14,138 [INFO] Reply from ptd: 'YokogawaWT310E,1000,1,1,1,1,0,1,1,version=1.9.2-3976349f-20201208,OS=Windows 8 / Server 2012,mode=power,1,1,1,0,0,no_cal_date,YOKOGAWA;WT310E;C3TA11005E;F1.02'
ptd-server 2021-08-12 17:26:14,138 [INFO] Connected to PTDaemon
ptd-server 2021-08-12 17:26:14,139 [INFO] Sending to ptd: 'RR'
ptd-server 2021-08-12 17:26:14,139 [INFO] Reply from ptd: 'Ranges,0,2.000000,0,300.000000'
ptd-server 2021-08-12 17:26:14,140 [INFO] Initial range for Amps is 2.000000 for Volts is 300.000000
ptd-server 2021-08-12 17:26:14,140 [INFO] Sending to ptd: 'SR,V,Auto'
ptd-server 2021-08-12 17:26:14,703 [INFO] Reply from ptd: 'Range V changed'
ptd-server 2021-08-12 17:26:14,704 [INFO] Sending to ptd: 'SR,A,20'
ptd-server 2021-08-12 17:26:16,289 [INFO] Reply from ptd: 'Range A changed'
ptd-server 2021-08-12 17:26:26,292 [INFO] Starting ranging mode
ptd-server 2021-08-12 17:26:26,299 [INFO] Sending to ptd: 'Go,1000,0,2021-08-12_17-25-54_ranging'
ptd-server 2021-08-12 17:26:26,299 [INFO] Reply from ptd: 'Starting untimed measurement, maximum 500000 samples at 1000ms with 0 rampup samples'
ptd-server 2021-08-12 17:26:26,300 [INFO] Sending reply to client 'OK'
ptd-server 2021-08-12 17:36:36,626 [INFO] Got command from the client 'session,2021-08-12_17-25-54,stop,ranging'
ptd-server 2021-08-12 17:36:46,634 [INFO] Sending to ptd: 'Stop'
ptd-server 2021-08-12 17:36:46,640 [INFO] Reply from ptd: 'Stopping untimed measurement'
ptd-server 2021-08-12 17:36:46,654 [INFO] Sending reply to client 'OK'
ptd-server 2021-08-12 17:36:46,798 [INFO] Got command from the client 'time'
ptd-server 2021-08-12 17:36:46,798 [INFO] Sending reply to client '1628789806.798822'
ptd-server 2021-08-12 17:36:46,799 [INFO] Got command from the client 'session,2021-08-12_17-25-54,start,testing'
ptd-server 2021-08-12 17:36:46,799 [INFO] Sending to ptd: 'SR,V,227.020000'
ptd-server 2021-08-12 17:36:48,901 [INFO] Reply from ptd: 'Range V changed'
ptd-server 2021-08-12 17:36:48,902 [INFO] Sending to ptd: 'SR,A,3.507000'
ptd-server 2021-08-12 17:36:50,488 [INFO] Reply from ptd: 'Range A changed'
ptd-server 2021-08-12 17:37:00,493 [INFO] Starting testing mode
ptd-server 2021-08-12 17:37:00,500 [INFO] Sending to ptd: 'Go,1000,0,2021-08-12_17-25-54_testing'
ptd-server 2021-08-12 17:37:00,500 [INFO] Reply from ptd: 'Starting untimed measurement, maximum 500000 samples at 1000ms with 0 rampup samples'
ptd-server 2021-08-12 17:37:00,501 [INFO] Sending reply to client 'OK'
ptd-server 2021-08-12 17:47:11,050 [INFO] Got command from the client 'session,2021-08-12_17-25-54,stop,testing'
ptd-server 2021-08-12 17:47:21,066 [INFO] Sending to ptd: 'Stop'
ptd-server 2021-08-12 17:47:21,071 [INFO] Reply from ptd: 'Stopping untimed measurement'
ptd-server 2021-08-12 17:47:21,080 [INFO] Sending reply to client 'OK'
ptd-server 2021-08-12 17:47:21,087 [INFO] Got command from the client 'session,2021-08-12_17-25-54,done'
ptd-server 2021-08-12 17:47:21,088 [INFO] Sending to ptd: 'Stop'
ptd-server 2021-08-12 17:47:21,508 [INFO] Reply from ptd: 'Error: no measurement to stop'
ptd-server 2021-08-12 17:47:21,509 [INFO] Sending to ptd: 'SR,V,300.000000'
ptd-server 2021-08-12 17:47:23,086 [INFO] Reply from ptd: 'Range V changed'
ptd-server 2021-08-12 17:47:23,090 [INFO] Sending to ptd: 'SR,A,2.000000'
ptd-server 2021-08-12 17:47:24,671 [INFO] Reply from ptd: 'Range A changed'
ptd-server 2021-08-12 17:47:24,675 [INFO] Set initial values for Amps 2.000000 and Volts 300.000000
ptd-server 2021-08-12 17:47:24,676 [INFO] Stopping ptd...
