ptd-server 2021-08-11 14:56:20,320 [INFO] Got command from the client 'stop'
ptd-server 2021-08-11 14:56:20,320 [INFO] The server will be stopped after processing this client
ptd-server 2021-08-11 14:56:20,320 [INFO] Sending reply to client 'OK'
ptd-server 2021-08-11 14:56:20,523 [INFO] Got command from the client 'time'
ptd-server 2021-08-11 14:56:20,523 [INFO] Sending reply to client '1628718980.5233657'
ptd-server 2021-08-11 14:56:20,523 [INFO] Got command from the client 'new,,701635a2-994c-45c3-97c7-27b8c755262e'
ptd-server 2021-08-11 14:56:20,523 [INFO] Sending reply to client 'OK 2021-08-11_14-56-20,188b84f0-7709-4833-b088-9c7fbf76c39a'
ptd-server 2021-08-11 14:56:20,733 [INFO] Got command from the client 'time'
ptd-server 2021-08-11 14:56:20,733 [INFO] Sending reply to client '1628718980.733041'
ptd-server 2021-08-11 14:56:20,733 [INFO] Got command from the client 'session,2021-08-11_14-56-20,start,ranging'
ptd-server 2021-08-11 14:56:20,842 [INFO] Running PTDaemon: ['C:\\PTD\\ptd-windows-x86.exe', '-l', 'C:\\Users\\lab\\AppData\\Local\\Temp\\tmpsjfxs3p8\\ptd_logfile.txt', '-p', '8888', '-c', '1,3', '-y', '77', '10.117.41.199']
ptd-server 2021-08-11 14:56:39,945 [INFO] Sending to ptd: 'Hello'
ptd-server 2021-08-11 14:56:39,945 [INFO] Reply from ptd: 'Hello, PTDaemon here!'
ptd-server 2021-08-11 14:56:39,945 [INFO] Sending to ptd: 'Identify'
ptd-server 2021-08-11 14:56:39,945 [INFO] Reply from ptd: 'YokogawaWT330_multichannel,1000,1,1,1,1,0,0,1,version=1.9.2-3976349f-20201208,OS=Windows 8 / Server 2012,mode=power,1,1,2,0,0,no_cal_date,YOKOGAWA;WT333E;C2WL21011V;F1.04'
ptd-server 2021-08-11 14:56:39,945 [INFO] Connected to PTDaemon
ptd-server 2021-08-11 14:56:39,945 [INFO] Sending to ptd: 'RR'
ptd-server 2021-08-11 14:56:39,945 [INFO] Reply from ptd: 'Ranges,0,20.000000,1,300.000000'
ptd-server 2021-08-11 14:56:39,945 [INFO] Initial range for Amps is 20.000000 for Volts is Auto
ptd-server 2021-08-11 14:56:39,945 [INFO] Sending to ptd: 'SR,V,Auto'
ptd-server 2021-08-11 14:56:45,020 [INFO] Reply from ptd: 'Range V changed'
ptd-server 2021-08-11 14:56:45,020 [INFO] Sending to ptd: 'SR,A,20'
ptd-server 2021-08-11 14:56:50,614 [INFO] Reply from ptd: 'Range A changed'
ptd-server 2021-08-11 14:57:00,620 [INFO] Starting ranging mode
ptd-server 2021-08-11 14:57:00,620 [INFO] Sending to ptd: 'Go,1000,0,2021-08-11_14-56-20_ranging'
ptd-server 2021-08-11 14:57:00,620 [INFO] Reply from ptd: 'Starting untimed measurement, maximum 500000 samples at 1000ms with 0 rampup samples'
ptd-server 2021-08-11 14:57:00,620 [INFO] Sending reply to client 'OK'
ptd-server 2021-08-11 15:10:03,171 [INFO] Got command from the client 'session,2021-08-11_14-56-20,stop,ranging'
ptd-server 2021-08-11 15:10:13,188 [INFO] Sending to ptd: 'Stop'
ptd-server 2021-08-11 15:10:13,188 [INFO] Reply from ptd: 'Stopping untimed measurement'
ptd-server 2021-08-11 15:10:13,219 [INFO] Sending reply to client 'OK'
ptd-server 2021-08-11 15:10:13,469 [INFO] Got command from the client 'time'
ptd-server 2021-08-11 15:10:13,469 [INFO] Sending reply to client '1628719813.4698465'
ptd-server 2021-08-11 15:10:13,469 [INFO] Got command from the client 'session,2021-08-11_14-56-20,start,testing'
ptd-server 2021-08-11 15:10:13,469 [INFO] Sending to ptd: 'SR,V,206.140000'
ptd-server 2021-08-11 15:10:19,700 [INFO] Reply from ptd: 'Range V changed'
ptd-server 2021-08-11 15:10:19,700 [INFO] Sending to ptd: 'SR,A,4.043000'
ptd-server 2021-08-11 15:10:25,274 [INFO] Reply from ptd: 'Range A changed'
ptd-server 2021-08-11 15:10:35,285 [INFO] Starting testing mode
ptd-server 2021-08-11 15:10:35,285 [INFO] Sending to ptd: 'Go,1000,0,2021-08-11_14-56-20_testing'
ptd-server 2021-08-11 15:10:35,285 [INFO] Reply from ptd: 'Starting untimed measurement, maximum 500000 samples at 1000ms with 0 rampup samples'
ptd-server 2021-08-11 15:10:35,285 [INFO] Sending reply to client 'OK'
ptd-server 2021-08-11 15:23:33,240 [INFO] Got command from the client 'session,2021-08-11_14-56-20,stop,testing'
ptd-server 2021-08-11 15:23:43,240 [INFO] Sending to ptd: 'Stop'
ptd-server 2021-08-11 15:23:43,246 [INFO] Reply from ptd: 'Stopping untimed measurement'
ptd-server 2021-08-11 15:23:43,261 [INFO] Sending reply to client 'OK'
ptd-server 2021-08-11 15:23:43,324 [INFO] Got command from the client 'session,2021-08-11_14-56-20,done'
ptd-server 2021-08-11 15:23:43,324 [INFO] Sending to ptd: 'Stop'
ptd-server 2021-08-11 15:23:43,324 [INFO] Reply from ptd: 'Error: no measurement to stop'
ptd-server 2021-08-11 15:23:43,324 [INFO] Sending to ptd: 'SR,V,Auto'
ptd-server 2021-08-11 15:23:48,406 [INFO] Reply from ptd: 'Range V changed'
ptd-server 2021-08-11 15:23:48,406 [INFO] Sending to ptd: 'SR,A,20.000000'
ptd-server 2021-08-11 15:23:53,995 [INFO] Reply from ptd: 'Range A changed'
ptd-server 2021-08-11 15:23:53,995 [INFO] Set initial values for Amps 20.000000 and Volts Auto
ptd-server 2021-08-11 15:23:53,995 [INFO] Stopping ptd...
