ptd-server 2021-08-10 16:44:45,367 [INFO] Got command from the client 'time'
ptd-server 2021-08-10 16:44:45,367 [INFO] Sending reply to client '1628610285.367257'
ptd-server 2021-08-10 16:44:45,370 [INFO] Got command from the client 'new,,60ee2917-645b-40dc-8297-04898885ef08'
ptd-server 2021-08-10 16:44:45,371 [INFO] Sending reply to client 'OK 2021-08-10_16-44-45,8bd8482a-8c20-4171-b92a-28d74f9535ad'
ptd-server 2021-08-10 16:44:45,410 [INFO] Got command from the client 'time'
ptd-server 2021-08-10 16:44:45,410 [INFO] Sending reply to client '1628610285.4105177'
ptd-server 2021-08-10 16:44:45,412 [INFO] Got command from the client 'session,2021-08-10_16-44-45,start,ranging'
ptd-server 2021-08-10 16:44:45,413 [INFO] Running PTDaemon: ['/home/anton/projects/mlperf/power/inference_v1.0/ptd-linux-x86', '-l', '/tmp/tmpr3iqmcco/ptd_logfile.txt', '-p', '8888', '49', '/dev/usbtmc0']
ptd-server 2021-08-10 16:45:02,586 [INFO] Sending to ptd: 'Hello'
ptd-server 2021-08-10 16:45:02,587 [INFO] Reply from ptd: 'Hello, PTDaemon here!'
ptd-server 2021-08-10 16:45:02,587 [INFO] Sending to ptd: 'Identify'
ptd-server 2021-08-10 16:45:02,588 [INFO] Reply from ptd: 'YokogawaWT310E,1000,1,1,1,1,0,1,1,version=1.9.2-e8c7a49a-20201208,OS=Linux 5.8.0-63-generic #71~20.04.1-Ubuntu SMP Thu Jul 15 17:46:08 UTC 2021 x86_64,mode=power,1,1,1,0,0,no_cal_date,YOKOGAWA;WT310E;C3XA04010E;F1.04'
ptd-server 2021-08-10 16:45:02,588 [INFO] Connected to PTDaemon
ptd-server 2021-08-10 16:45:02,588 [INFO] Sending to ptd: 'RR'
ptd-server 2021-08-10 16:45:02,588 [INFO] Reply from ptd: 'Ranges,0,0.500000,0,300.000000'
ptd-server 2021-08-10 16:45:02,588 [INFO] Initial range for Amps is 0.500000 for Volts is 300.000000
ptd-server 2021-08-10 16:45:02,588 [INFO] Sending to ptd: 'SR,V,Auto'
ptd-server 2021-08-10 16:45:03,091 [INFO] Reply from ptd: 'Range V changed'
ptd-server 2021-08-10 16:45:03,091 [INFO] Sending to ptd: 'SR,A,Auto'
ptd-server 2021-08-10 16:45:03,593 [INFO] Reply from ptd: 'Range A changed'
ptd-server 2021-08-10 16:45:13,604 [INFO] Starting ranging mode
ptd-server 2021-08-10 16:45:13,604 [INFO] Sending to ptd: 'Go,1000,0,2021-08-10_16-44-45_ranging'
ptd-server 2021-08-10 16:45:13,604 [INFO] Reply from ptd: 'Starting untimed measurement, maximum 500000 samples at 1000ms with 0 rampup samples'
ptd-server 2021-08-10 16:45:13,605 [INFO] Sending reply to client 'OK'
ptd-server 2021-08-10 16:55:45,030 [INFO] Got command from the client 'session,2021-08-10_16-44-45,stop,ranging'
ptd-server 2021-08-10 16:55:55,041 [INFO] Sending to ptd: 'Stop'
ptd-server 2021-08-10 16:55:55,041 [INFO] Reply from ptd: 'Stopping untimed measurement'
ptd-server 2021-08-10 16:55:55,290 [INFO] Sending reply to client 'OK'
ptd-server 2021-08-10 16:55:55,378 [INFO] Got command from the client 'time'
ptd-server 2021-08-10 16:55:55,378 [INFO] Sending reply to client '1628610955.3781652'
ptd-server 2021-08-10 16:55:55,382 [INFO] Got command from the client 'session,2021-08-10_16-44-45,start,testing'
ptd-server 2021-08-10 16:55:55,382 [INFO] Sending to ptd: 'SR,V,250.290000'
ptd-server 2021-08-10 16:55:57,105 [INFO] Reply from ptd: 'Range V changed'
ptd-server 2021-08-10 16:55:57,105 [INFO] Sending to ptd: 'SR,A,0.086720'
ptd-server 2021-08-10 16:55:58,607 [INFO] Reply from ptd: 'Range A changed'
ptd-server 2021-08-10 16:56:08,617 [INFO] Starting testing mode
ptd-server 2021-08-10 16:56:08,617 [INFO] Sending to ptd: 'Go,1000,0,2021-08-10_16-44-45_testing'
ptd-server 2021-08-10 16:56:08,617 [INFO] Reply from ptd: 'Starting untimed measurement, maximum 500000 samples at 1000ms with 0 rampup samples'
ptd-server 2021-08-10 16:56:08,618 [INFO] Sending reply to client 'OK'
ptd-server 2021-08-10 17:06:39,923 [INFO] Got command from the client 'session,2021-08-10_16-44-45,stop,testing'
ptd-server 2021-08-10 17:06:49,933 [INFO] Sending to ptd: 'Stop'
ptd-server 2021-08-10 17:06:49,934 [INFO] Reply from ptd: 'Stopping untimed measurement'
ptd-server 2021-08-10 17:06:50,084 [INFO] Sending reply to client 'OK'
ptd-server 2021-08-10 17:06:50,110 [INFO] Got command from the client 'session,2021-08-10_16-44-45,done'
ptd-server 2021-08-10 17:06:50,110 [INFO] Sending to ptd: 'Stop'
ptd-server 2021-08-10 17:06:50,619 [INFO] Reply from ptd: 'Error: no measurement to stop'
ptd-server 2021-08-10 17:06:50,619 [INFO] Sending to ptd: 'SR,V,300.000000'
ptd-server 2021-08-10 17:06:52,120 [INFO] Reply from ptd: 'Range V changed'
ptd-server 2021-08-10 17:06:52,120 [INFO] Sending to ptd: 'SR,A,0.500000'
ptd-server 2021-08-10 17:06:53,622 [INFO] Reply from ptd: 'Range A changed'
ptd-server 2021-08-10 17:06:53,622 [INFO] Set initial values for Amps 0.500000 and Volts 300.000000
ptd-server 2021-08-10 17:06:53,622 [INFO] Stopping ptd...
