client 2021-08-12 23:02:07,566 [INFO] Sending command to the server: 'mlcommons/power client v3'
client 2021-08-12 23:02:07,567 [INFO] Got response: 'mlcommons/power server v3'
client 2021-08-12 23:02:07,567 [INFO] Sending command to the server: 'stop'
client 2021-08-12 23:02:07,570 [INFO] Got response: 'OK'
client 2021-08-12 23:02:07,570 [INFO] Synchronizing with the server and with 100.64.0.18...
client 2021-08-12 23:02:07,572 [INFO] NTP:offset = -0.002 s, delay = 0.001 s 
client 2021-08-12 23:02:07,572 [INFO] Sending command to the server: 'time'
client 2021-08-12 23:02:07,574 [INFO] Got response: '1628809327.4458332'
client 2021-08-12 23:02:07,574 [INFO] The time difference between the client and the server is within range 126.894 ms..128.632 ms
client 2021-08-12 23:02:07,574 [INFO] Sending command to the server: 'new,,9262d861-b502-4b35-ab9d-616b5807cfb2'
client 2021-08-12 23:02:07,576 [INFO] Got response: 'OK 2021-08-12_23-02-07,2cb63d19-7c79-4594-9b79-9f6503732946'
client 2021-08-12 23:02:07,576 [INFO] Session id is '2021-08-12_23-02-07'
client 2021-08-12 23:02:07,576 [INFO] Sources: {"sources": {"__init__.py": "da39a3ee5e6b4b0d3255bfef95601890afd80709", "client.py": "33ca4f26368777ac06e01f9567b714a4b8063886", "lib/__init__.py": "da39a3ee5e6b4b0d3255bfef95601890afd80709", "lib/client.py": "4c2b78fb4849a7e5b584ef792d82aaed20b17f57", "lib/common.py": "624d0c0acc7c39aaff3674f0b99d6a09da53d1dc", "lib/external/__init__.py": "da39a3ee5e6b4b0d3255bfef95601890afd80709", "lib/external/ntplib.py": "4da8f970656505a40483206ef2b5d3dd5e81711d", "lib/server.py": "59c9fb92908260d3e9f81a895c7aa009742275e4", "lib/source_hashes.py": "60a2e02193209e8d392803326208d5466342da18", "lib/summary.py": "aa92f0a3f975eecd44d3c0cd0236342ccc9f941d", "lib/time_sync.py": "3210db56eb0ff0df57bf4293dc4d4b03fffd46f1", "server.py": "c3f90f2f7eeb4db30727556d0c815ebc89b3d28b", "tests/unit/__init__.py": "da39a3ee5e6b4b0d3255bfef95601890afd80709", "tests/unit/test_server.py": "99ae15aef722f2000ee6ed1ae1523637bf1ae42b", "tests/unit/test_source_hashes.py": "00468a2907583c593e6574a1f6b404e4651c221a"}, "modules": {"ptd_client_server.lib.client": "lib/client.py", "ptd_client_server.lib.common": "lib/common.py", "ptd_client_server.lib.external.ntplib": "lib/external/ntplib.py", "ptd_client_server.lib.source_hashes": "lib/source_hashes.py", "ptd_client_server.lib.summary": "lib/summary.py", "ptd_client_server.lib.time_sync": "lib/time_sync.py"}}
client 2021-08-12 23:02:07,577 [INFO] Running workload in ranging mode
client 2021-08-12 23:02:07,577 [INFO] Synchronizing with the server and with 100.64.0.18...
client 2021-08-12 23:02:07,578 [INFO] NTP:offset = -0.002 s, delay = 0.001 s 
client 2021-08-12 23:02:07,578 [INFO] Sending command to the server: 'time'
client 2021-08-12 23:02:07,579 [INFO] Got response: '1628809327.4458332'
client 2021-08-12 23:02:07,579 [INFO] The time difference between the client and the server is within range 132.442 ms..133.880 ms
client 2021-08-12 23:02:07,579 [INFO] Sending command to the server: 'session,2021-08-12_23-02-07,start,ranging'
client 2021-08-12 23:02:36,874 [INFO] Got response: 'OK'
client 2021-08-12 23:02:36,874 [INFO] Running the workload 'LOG_DIR=/work/build/power_logs_temp python3 code/main.py --benchmarks=rnnt --scenarios=Offline --config_ver=default --test_mode=PerformanceOnly --action="run_harness" \\\n\t\t&& if [ ! -d /work/build/power_logs/2021.08.12-23.02.01/ranging_tmp ]; \\\n\t\t\tthen mkdir /work/build/power_logs/2021.08.12-23.02.01/ranging_tmp \\\n\t\t\t\t&& mv /work/build/power_logs_temp/* /work/build/power_logs/2021.08.12-23.02.01/ranging_tmp/ \\\n\t\t\t\t&& cp -v /work/build/power_logs/2021.08.12-23.02.01/ranging_tmp/*/*/*/mlperf_log_detail.txt /work/build/power_logs_temp/ \\\n\t\t\t\t&& cp -v /work/build/power_logs/2021.08.12-23.02.01/ranging_tmp/*/*/*/mlperf_log_summary.txt /work/build/power_logs_temp/; \\\n\t\t\telse mkdir /work/build/power_logs/2021.08.12-23.02.01/testing_tmp \\\n\t\t\t\t&& mv /work/build/power_logs_temp/* /work/build/power_logs/2021.08.12-23.02.01/testing_tmp/ \\\n\t\t\t\t&& cp -v /work/build/power_logs/2021.08.12-23.02.01/testing_tmp/*/*/*/mlperf_log_detail.txt /work/build/power_logs_temp/ \\\n\t\t\t\t&& cp -v /work/build/power_logs/2021.08.12-23.02.01/testing_tmp/*/*/*/mlperf_log_summary.txt /work/build/power_logs_temp/; fi'
client 2021-08-12 23:14:33,988 [INFO] Sending command to the server: 'session,2021-08-12_23-02-07,stop,ranging'
client 2021-08-12 23:14:44,033 [INFO] Got response: 'OK'
client 2021-08-12 23:14:44,036 [INFO] Copying loadgen logs from '/work/build/power_logs_temp' to '/work/build/power_logs/2021.08.12-23.02.01/2021-08-12_23-02-07/ranging'
client 2021-08-12 23:14:44,036 [INFO] Running workload in testing mode
client 2021-08-12 23:14:44,036 [INFO] Synchronizing with the server and with 100.64.0.18...
client 2021-08-12 23:14:44,038 [INFO] NTP:offset = 0.001 s, delay = 0.001 s 
client 2021-08-12 23:14:44,038 [INFO] Sending command to the server: 'time'
client 2021-08-12 23:14:44,039 [INFO] Got response: '1628810083.8976274'
client 2021-08-12 23:14:44,040 [INFO] The time difference between the client and the server is within range 140.497 ms..142.383 ms
client 2021-08-12 23:14:44,040 [INFO] Sending command to the server: 'session,2021-08-12_23-02-07,start,testing'
client 2021-08-12 23:14:56,830 [INFO] Got response: 'OK'
client 2021-08-12 23:14:56,830 [INFO] Running the workload 'LOG_DIR=/work/build/power_logs_temp python3 code/main.py --benchmarks=rnnt --scenarios=Offline --config_ver=default --test_mode=PerformanceOnly --action="run_harness" \\\n\t\t&& if [ ! -d /work/build/power_logs/2021.08.12-23.02.01/ranging_tmp ]; \\\n\t\t\tthen mkdir /work/build/power_logs/2021.08.12-23.02.01/ranging_tmp \\\n\t\t\t\t&& mv /work/build/power_logs_temp/* /work/build/power_logs/2021.08.12-23.02.01/ranging_tmp/ \\\n\t\t\t\t&& cp -v /work/build/power_logs/2021.08.12-23.02.01/ranging_tmp/*/*/*/mlperf_log_detail.txt /work/build/power_logs_temp/ \\\n\t\t\t\t&& cp -v /work/build/power_logs/2021.08.12-23.02.01/ranging_tmp/*/*/*/mlperf_log_summary.txt /work/build/power_logs_temp/; \\\n\t\t\telse mkdir /work/build/power_logs/2021.08.12-23.02.01/testing_tmp \\\n\t\t\t\t&& mv /work/build/power_logs_temp/* /work/build/power_logs/2021.08.12-23.02.01/testing_tmp/ \\\n\t\t\t\t&& cp -v /work/build/power_logs/2021.08.12-23.02.01/testing_tmp/*/*/*/mlperf_log_detail.txt /work/build/power_logs_temp/ \\\n\t\t\t\t&& cp -v /work/build/power_logs/2021.08.12-23.02.01/testing_tmp/*/*/*/mlperf_log_summary.txt /work/build/power_logs_temp/; fi'
client 2021-08-12 23:26:53,925 [INFO] Sending command to the server: 'session,2021-08-12_23-02-07,stop,testing'
client 2021-08-12 23:27:03,948 [INFO] Got response: 'OK'
client 2021-08-12 23:27:03,950 [INFO] Copying loadgen logs from '/work/build/power_logs_temp' to '/work/build/power_logs/2021.08.12-23.02.01/2021-08-12_23-02-07/run_1'
client 2021-08-12 23:27:03,950 [INFO] Done runs
