ptd-server 2021-08-12 23:02:07,430 [INFO] Got command from the client 'stop'
ptd-server 2021-08-12 23:02:07,430 [INFO] The server will be stopped after processing this client
ptd-server 2021-08-12 23:02:07,430 [INFO] Sending reply to client 'OK'
ptd-server 2021-08-12 23:02:07,445 [INFO] Got command from the client 'time'
ptd-server 2021-08-12 23:02:07,445 [INFO] Sending reply to client '1628809327.4458332'
ptd-server 2021-08-12 23:02:07,445 [INFO] Got command from the client 'new,,9262d861-b502-4b35-ab9d-616b5807cfb2'
ptd-server 2021-08-12 23:02:07,445 [INFO] Sending reply to client 'OK 2021-08-12_23-02-07,2cb63d19-7c79-4594-9b79-9f6503732946'
ptd-server 2021-08-12 23:02:07,445 [INFO] Got command from the client 'time'
ptd-server 2021-08-12 23:02:07,445 [INFO] Sending reply to client '1628809327.4458332'
ptd-server 2021-08-12 23:02:07,445 [INFO] Got command from the client 'session,2021-08-12_23-02-07,start,ranging'
ptd-server 2021-08-12 23:02:07,555 [INFO] Running PTDaemon: ['.\\ptd-windows-x86.exe', '-l', 'C:\\Users\\root\\AppData\\Local\\Temp\\tmpjp5t95ns\\ptd_logfile.txt', '-p', '8888', '-c', '2', '-y', '48', '100.83.149.90']
ptd-server 2021-08-12 23:02:26,305 [INFO] Sending to ptd: 'Hello'
ptd-server 2021-08-12 23:02:26,305 [INFO] Reply from ptd: 'Hello, PTDaemon here!'
ptd-server 2021-08-12 23:02:26,305 [INFO] Sending to ptd: 'Identify'
ptd-server 2021-08-12 23:02:26,305 [INFO] Reply from ptd: 'YokogawaWT500_multichannel,1000,1,1,1,1,0,0,1,version=1.9.2-3976349f-20201208,OS=Windows 8 / Server 2012,mode=power,1,1,3,0,0,no_cal_date,YOKOGAWA;760203;U1J802935;F1.21'
ptd-server 2021-08-12 23:02:26,305 [INFO] Connected to PTDaemon
ptd-server 2021-08-12 23:02:26,305 [INFO] Sending to ptd: 'RR'
ptd-server 2021-08-12 23:02:26,305 [INFO] Reply from ptd: 'Ranges,-1,-1.000000,-1,-1.000000'
ptd-server 2021-08-12 23:02:26,305 [INFO] Initial range for Amps is Auto for Volts is Auto
ptd-server 2021-08-12 23:02:26,305 [INFO] Sending to ptd: 'SR,V,Auto'
ptd-server 2021-08-12 23:02:26,461 [INFO] Reply from ptd: 'Range V changed'
ptd-server 2021-08-12 23:02:26,461 [INFO] Sending to ptd: 'SR,A,Auto'
ptd-server 2021-08-12 23:02:26,726 [INFO] Reply from ptd: 'Range A changed'
ptd-server 2021-08-12 23:02:36,741 [INFO] Starting ranging mode
ptd-server 2021-08-12 23:02:36,741 [INFO] Sending to ptd: 'Go,1000,0,2021-08-12_23-02-07_ranging'
ptd-server 2021-08-12 23:02:36,741 [INFO] Reply from ptd: 'Starting untimed measurement, maximum 500000 samples at 1000ms with 0 rampup samples'
ptd-server 2021-08-12 23:02:36,741 [INFO] Sending reply to client 'OK'
ptd-server 2021-08-12 23:14:33,852 [INFO] Got command from the client 'session,2021-08-12_23-02-07,stop,ranging'
ptd-server 2021-08-12 23:14:43,866 [INFO] Sending to ptd: 'Stop'
ptd-server 2021-08-12 23:14:43,866 [INFO] Reply from ptd: 'Stopping untimed measurement'
ptd-server 2021-08-12 23:14:43,897 [INFO] Sending reply to client 'OK'
ptd-server 2021-08-12 23:14:43,897 [INFO] Got command from the client 'time'
ptd-server 2021-08-12 23:14:43,897 [INFO] Sending reply to client '1628810083.8976274'
ptd-server 2021-08-12 23:14:43,897 [INFO] Got command from the client 'session,2021-08-12_23-02-07,start,testing'
ptd-server 2021-08-12 23:14:43,897 [INFO] Sending to ptd: 'SR,V,129.660000'
ptd-server 2021-08-12 23:14:45,975 [INFO] Reply from ptd: 'Range V changed'
ptd-server 2021-08-12 23:14:45,975 [INFO] Sending to ptd: 'SR,A,12.702000'
ptd-server 2021-08-12 23:14:46,694 [INFO] Reply from ptd: 'Range A changed'
ptd-server 2021-08-12 23:14:56,695 [INFO] Starting testing mode
ptd-server 2021-08-12 23:14:56,695 [INFO] Sending to ptd: 'Go,1000,0,2021-08-12_23-02-07_testing'
ptd-server 2021-08-12 23:14:56,695 [INFO] Reply from ptd: 'Starting untimed measurement, maximum 500000 samples at 1000ms with 0 rampup samples'
ptd-server 2021-08-12 23:14:56,695 [INFO] Sending reply to client 'OK'
ptd-server 2021-08-12 23:26:53,792 [INFO] Got command from the client 'session,2021-08-12_23-02-07,stop,testing'
ptd-server 2021-08-12 23:27:03,793 [INFO] Sending to ptd: 'Stop'
ptd-server 2021-08-12 23:27:03,793 [INFO] Reply from ptd: 'Stopping untimed measurement'
ptd-server 2021-08-12 23:27:03,809 [INFO] Sending reply to client 'OK'
ptd-server 2021-08-12 23:27:03,809 [INFO] Got command from the client 'session,2021-08-12_23-02-07,done'
ptd-server 2021-08-12 23:27:03,809 [INFO] Sending to ptd: 'Stop'
ptd-server 2021-08-12 23:27:04,715 [INFO] Reply from ptd: 'Error: no measurement to stop'
ptd-server 2021-08-12 23:27:04,715 [INFO] Sending to ptd: 'SR,V,Auto'
ptd-server 2021-08-12 23:27:04,934 [INFO] Reply from ptd: 'Range V changed'
ptd-server 2021-08-12 23:27:04,934 [INFO] Sending to ptd: 'SR,A,Auto'
ptd-server 2021-08-12 23:27:05,090 [INFO] Reply from ptd: 'Range A changed'
ptd-server 2021-08-12 23:27:05,090 [INFO] Set initial values for Amps Auto and Volts Auto
ptd-server 2021-08-12 23:27:05,090 [INFO] Stopping ptd...
