ptd-server 2021-08-09 05:46:18,645 [INFO] Got command from the client 'time'
ptd-server 2021-08-09 05:46:18,645 [INFO] Sending reply to client '1628484378.6458638'
ptd-server 2021-08-09 05:46:18,648 [INFO] Got command from the client 'new,,68f8c2ad-a47d-4394-9cda-4e9b841dfcce'
ptd-server 2021-08-09 05:46:18,648 [INFO] Sending reply to client 'OK 2021-08-09_05-46-18,c6da54b3-36bb-42bd-bb52-6d987fc45c62'
ptd-server 2021-08-09 05:46:18,695 [INFO] Got command from the client 'time'
ptd-server 2021-08-09 05:46:18,695 [INFO] Sending reply to client '1628484378.69528'
ptd-server 2021-08-09 05:46:18,697 [INFO] Got command from the client 'session,2021-08-09_05-46-18,start,ranging'
ptd-server 2021-08-09 05:46:18,697 [INFO] Running PTDaemon: ['/home/anton/projects/mlperf/power/inference_v1.0/ptd-linux-x86', '-l', '/tmp/tmpr3iqmcco/ptd_logfile.txt', '-p', '8888', '49', '/dev/usbtmc0']
ptd-server 2021-08-09 05:46:35,871 [INFO] Sending to ptd: 'Hello'
ptd-server 2021-08-09 05:46:35,872 [INFO] Reply from ptd: 'Hello, PTDaemon here!'
ptd-server 2021-08-09 05:46:35,872 [INFO] Sending to ptd: 'Identify'
ptd-server 2021-08-09 05:46:35,872 [INFO] Reply from ptd: 'YokogawaWT310E,1000,1,1,1,1,0,1,1,version=1.9.2-e8c7a49a-20201208,OS=Linux 5.8.0-63-generic #71~20.04.1-Ubuntu SMP Thu Jul 15 17:46:08 UTC 2021 x86_64,mode=power,1,1,1,0,0,no_cal_date,YOKOGAWA;WT310E;C3XA04010E;F1.04'
ptd-server 2021-08-09 05:46:35,872 [INFO] Connected to PTDaemon
ptd-server 2021-08-09 05:46:35,872 [INFO] Sending to ptd: 'RR'
ptd-server 2021-08-09 05:46:35,873 [INFO] Reply from ptd: 'Ranges,0,0.500000,0,300.000000'
ptd-server 2021-08-09 05:46:35,873 [INFO] Initial range for Amps is 0.500000 for Volts is 300.000000
ptd-server 2021-08-09 05:46:35,873 [INFO] Sending to ptd: 'SR,V,Auto'
ptd-server 2021-08-09 05:46:36,375 [INFO] Reply from ptd: 'Range V changed'
ptd-server 2021-08-09 05:46:36,376 [INFO] Sending to ptd: 'SR,A,Auto'
ptd-server 2021-08-09 05:46:36,878 [INFO] Reply from ptd: 'Range A changed'
ptd-server 2021-08-09 05:46:46,888 [INFO] Starting ranging mode
ptd-server 2021-08-09 05:46:46,889 [INFO] Sending to ptd: 'Go,1000,0,2021-08-09_05-46-18_ranging'
ptd-server 2021-08-09 05:46:46,889 [INFO] Reply from ptd: 'Starting untimed measurement, maximum 500000 samples at 1000ms with 0 rampup samples'
ptd-server 2021-08-09 05:46:46,889 [INFO] Sending reply to client 'OK'
ptd-server 2021-08-09 05:57:06,480 [INFO] Got command from the client 'session,2021-08-09_05-46-18,stop,ranging'
ptd-server 2021-08-09 05:57:16,491 [INFO] Sending to ptd: 'Stop'
ptd-server 2021-08-09 05:57:16,491 [INFO] Reply from ptd: 'Stopping untimed measurement'
ptd-server 2021-08-09 05:57:16,714 [INFO] Sending reply to client 'OK'
ptd-server 2021-08-09 05:57:16,802 [INFO] Got command from the client 'time'
ptd-server 2021-08-09 05:57:16,802 [INFO] Sending reply to client '1628485036.8029354'
ptd-server 2021-08-09 05:57:16,805 [INFO] Got command from the client 'session,2021-08-09_05-46-18,start,testing'
ptd-server 2021-08-09 05:57:16,805 [INFO] Sending to ptd: 'SR,V,250.000000'
ptd-server 2021-08-09 05:57:18,391 [INFO] Reply from ptd: 'Range V changed'
ptd-server 2021-08-09 05:57:18,391 [INFO] Sending to ptd: 'SR,A,0.179460'
ptd-server 2021-08-09 05:57:19,892 [INFO] Reply from ptd: 'Range A changed'
ptd-server 2021-08-09 05:57:29,902 [INFO] Starting testing mode
ptd-server 2021-08-09 05:57:29,903 [INFO] Sending to ptd: 'Go,1000,0,2021-08-09_05-46-18_testing'
ptd-server 2021-08-09 05:57:29,903 [INFO] Reply from ptd: 'Starting untimed measurement, maximum 500000 samples at 1000ms with 0 rampup samples'
ptd-server 2021-08-09 05:57:29,903 [INFO] Sending reply to client 'OK'
ptd-server 2021-08-09 06:07:49,470 [INFO] Got command from the client 'session,2021-08-09_05-46-18,stop,testing'
ptd-server 2021-08-09 06:07:59,480 [INFO] Sending to ptd: 'Stop'
ptd-server 2021-08-09 06:07:59,481 [INFO] Reply from ptd: 'Stopping untimed measurement'
ptd-server 2021-08-09 06:07:59,608 [INFO] Sending reply to client 'OK'
ptd-server 2021-08-09 06:07:59,626 [INFO] Got command from the client 'session,2021-08-09_05-46-18,done'
ptd-server 2021-08-09 06:07:59,626 [INFO] Sending to ptd: 'Stop'
ptd-server 2021-08-09 06:07:59,903 [INFO] Reply from ptd: 'Error: no measurement to stop'
ptd-server 2021-08-09 06:07:59,903 [INFO] Sending to ptd: 'SR,V,300.000000'
ptd-server 2021-08-09 06:08:01,405 [INFO] Reply from ptd: 'Range V changed'
ptd-server 2021-08-09 06:08:01,405 [INFO] Sending to ptd: 'SR,A,0.500000'
ptd-server 2021-08-09 06:08:02,906 [INFO] Reply from ptd: 'Range A changed'
ptd-server 2021-08-09 06:08:02,906 [INFO] Set initial values for Amps 0.500000 and Volts 300.000000
ptd-server 2021-08-09 06:08:02,906 [INFO] Stopping ptd...
