ptd-server 2021-08-08 02:55:42,467 [INFO] Got command from the client 'time'
ptd-server 2021-08-08 02:55:42,467 [INFO] Sending reply to client '1628387742.4679646'
ptd-server 2021-08-08 02:55:42,470 [INFO] Got command from the client 'new,,99ecd2e2-31c1-4749-bce6-2a593753a9ed'
ptd-server 2021-08-08 02:55:42,471 [INFO] Sending reply to client 'OK 2021-08-08_02-55-42,668eb338-5b54-4136-af0b-586daf8ff90f'
ptd-server 2021-08-08 02:55:42,531 [INFO] Got command from the client 'time'
ptd-server 2021-08-08 02:55:42,531 [INFO] Sending reply to client '1628387742.531528'
ptd-server 2021-08-08 02:55:42,534 [INFO] Got command from the client 'session,2021-08-08_02-55-42,start,ranging'
ptd-server 2021-08-08 02:55:42,534 [INFO] Running PTDaemon: ['/home/anton/projects/mlperf/power/inference_v1.0/ptd-linux-x86', '-l', '/tmp/tmpr3iqmcco/ptd_logfile.txt', '-p', '8888', '49', '/dev/usbtmc0']
ptd-server 2021-08-08 02:55:59,706 [INFO] Sending to ptd: 'Hello'
ptd-server 2021-08-08 02:55:59,707 [INFO] Reply from ptd: 'Hello, PTDaemon here!'
ptd-server 2021-08-08 02:55:59,707 [INFO] Sending to ptd: 'Identify'
ptd-server 2021-08-08 02:55:59,707 [INFO] Reply from ptd: 'YokogawaWT310E,1000,1,1,1,1,0,1,1,version=1.9.2-e8c7a49a-20201208,OS=Linux 5.8.0-63-generic #71~20.04.1-Ubuntu SMP Thu Jul 15 17:46:08 UTC 2021 x86_64,mode=power,1,1,1,0,0,no_cal_date,YOKOGAWA;WT310E;C3XA04010E;F1.04'
ptd-server 2021-08-08 02:55:59,707 [INFO] Connected to PTDaemon
ptd-server 2021-08-08 02:55:59,707 [INFO] Sending to ptd: 'RR'
ptd-server 2021-08-08 02:55:59,708 [INFO] Reply from ptd: 'Ranges,0,0.500000,0,300.000000'
ptd-server 2021-08-08 02:55:59,708 [INFO] Initial range for Amps is 0.500000 for Volts is 300.000000
ptd-server 2021-08-08 02:55:59,708 [INFO] Sending to ptd: 'SR,V,Auto'
ptd-server 2021-08-08 02:56:00,211 [INFO] Reply from ptd: 'Range V changed'
ptd-server 2021-08-08 02:56:00,211 [INFO] Sending to ptd: 'SR,A,Auto'
ptd-server 2021-08-08 02:56:00,713 [INFO] Reply from ptd: 'Range A changed'
ptd-server 2021-08-08 02:56:10,723 [INFO] Starting ranging mode
ptd-server 2021-08-08 02:56:10,724 [INFO] Sending to ptd: 'Go,1000,0,2021-08-08_02-55-42_ranging'
ptd-server 2021-08-08 02:56:10,724 [INFO] Reply from ptd: 'Starting untimed measurement, maximum 500000 samples at 1000ms with 0 rampup samples'
ptd-server 2021-08-08 02:56:10,724 [INFO] Sending reply to client 'OK'
ptd-server 2021-08-08 03:06:30,579 [INFO] Got command from the client 'session,2021-08-08_02-55-42,stop,ranging'
ptd-server 2021-08-08 03:06:40,589 [INFO] Sending to ptd: 'Stop'
ptd-server 2021-08-08 03:06:40,590 [INFO] Reply from ptd: 'Stopping untimed measurement'
ptd-server 2021-08-08 03:06:40,698 [INFO] Sending reply to client 'OK'
ptd-server 2021-08-08 03:06:40,771 [INFO] Got command from the client 'time'
ptd-server 2021-08-08 03:06:40,771 [INFO] Sending reply to client '1628388400.7711864'
ptd-server 2021-08-08 03:06:40,774 [INFO] Got command from the client 'session,2021-08-08_02-55-42,start,testing'
ptd-server 2021-08-08 03:06:40,774 [INFO] Sending to ptd: 'SR,V,250.770000'
ptd-server 2021-08-08 03:06:42,275 [INFO] Reply from ptd: 'Range V changed'
ptd-server 2021-08-08 03:06:42,276 [INFO] Sending to ptd: 'SR,A,0.170460'
ptd-server 2021-08-08 03:06:43,777 [INFO] Reply from ptd: 'Range A changed'
ptd-server 2021-08-08 03:06:53,787 [INFO] Starting testing mode
ptd-server 2021-08-08 03:06:53,787 [INFO] Sending to ptd: 'Go,1000,0,2021-08-08_02-55-42_testing'
ptd-server 2021-08-08 03:06:53,788 [INFO] Reply from ptd: 'Starting untimed measurement, maximum 500000 samples at 1000ms with 0 rampup samples'
ptd-server 2021-08-08 03:06:53,788 [INFO] Sending reply to client 'OK'
ptd-server 2021-08-08 03:17:13,534 [INFO] Got command from the client 'session,2021-08-08_02-55-42,stop,testing'
ptd-server 2021-08-08 03:17:23,544 [INFO] Sending to ptd: 'Stop'
ptd-server 2021-08-08 03:17:23,545 [INFO] Reply from ptd: 'Stopping untimed measurement'
ptd-server 2021-08-08 03:17:23,601 [INFO] Sending reply to client 'OK'
ptd-server 2021-08-08 03:17:23,622 [INFO] Got command from the client 'session,2021-08-08_02-55-42,done'
ptd-server 2021-08-08 03:17:23,622 [INFO] Sending to ptd: 'Stop'
ptd-server 2021-08-08 03:17:23,789 [INFO] Reply from ptd: 'Error: no measurement to stop'
ptd-server 2021-08-08 03:17:23,789 [INFO] Sending to ptd: 'SR,V,300.000000'
ptd-server 2021-08-08 03:17:25,290 [INFO] Reply from ptd: 'Range V changed'
ptd-server 2021-08-08 03:17:25,290 [INFO] Sending to ptd: 'SR,A,0.500000'
ptd-server 2021-08-08 03:17:26,792 [INFO] Reply from ptd: 'Range A changed'
ptd-server 2021-08-08 03:17:26,792 [INFO] Set initial values for Amps 0.500000 and Volts 300.000000
ptd-server 2021-08-08 03:17:26,792 [INFO] Stopping ptd...
