ptd-server 2021-08-12 16:12:54,072 [INFO] Got command from the client 'stop'
ptd-server 2021-08-12 16:12:54,072 [INFO] The server will be stopped after processing this client
ptd-server 2021-08-12 16:12:54,072 [INFO] Sending reply to client 'OK'
ptd-server 2021-08-12 16:12:54,479 [INFO] Got command from the client 'time'
ptd-server 2021-08-12 16:12:54,479 [INFO] Sending reply to client '1628809974.479402'
ptd-server 2021-08-12 16:12:54,494 [INFO] Got command from the client 'new,,a42cdf2a-654d-4673-8158-57f2e8cc4d7a'
ptd-server 2021-08-12 16:12:54,494 [INFO] Sending reply to client 'OK 2021-08-12_16-12-54,dc0689af-5cb3-4bd0-be51-cd3e9b46d1dc'
ptd-server 2021-08-12 16:12:54,774 [INFO] Got command from the client 'time'
ptd-server 2021-08-12 16:12:54,774 [INFO] Sending reply to client '1628809974.7742062'
ptd-server 2021-08-12 16:12:54,774 [INFO] Got command from the client 'session,2021-08-12_16-12-54,start,ranging'
ptd-server 2021-08-12 16:12:54,883 [INFO] Running PTDaemon: ['C:\\PTD\\ptd-windows-x86.exe', '-l', 'C:\\Users\\lab\\AppData\\Local\\Temp\\tmpmok_87ve\\ptd_logfile.txt', '-p', '8888', '-c', '2', '-y', '52', '10.32.209.251']
ptd-server 2021-08-12 16:13:12,559 [INFO] Sending to ptd: 'Hello'
ptd-server 2021-08-12 16:13:12,559 [INFO] Reply from ptd: 'Hello, PTDaemon here!'
ptd-server 2021-08-12 16:13:12,559 [INFO] Sending to ptd: 'Identify'
ptd-server 2021-08-12 16:13:12,559 [INFO] Reply from ptd: 'YokogawaWT330E,1000,1,1,1,1,0,0,1,version=1.9.2-3976349f-20201208,OS=Windows 8 / Server 2012,mode=power,1,1,1,0,0,no_cal_date,YOKOGAWA;WT333E;C2VL22012V;F1.04'
ptd-server 2021-08-12 16:13:12,559 [INFO] Connected to PTDaemon
ptd-server 2021-08-12 16:13:12,559 [INFO] Sending to ptd: 'RR'
ptd-server 2021-08-12 16:13:12,559 [INFO] Reply from ptd: 'Ranges,0,1.000000,1,150.000000'
ptd-server 2021-08-12 16:13:12,559 [INFO] Initial range for Amps is 1.000000 for Volts is Auto
ptd-server 2021-08-12 16:13:12,559 [INFO] Sending to ptd: 'SR,V,Auto'
ptd-server 2021-08-12 16:13:13,072 [INFO] Reply from ptd: 'Range V changed'
ptd-server 2021-08-12 16:13:13,072 [INFO] Sending to ptd: 'SR,A,20'
ptd-server 2021-08-12 16:13:14,605 [INFO] Reply from ptd: 'Range A changed'
ptd-server 2021-08-12 16:13:24,606 [INFO] Starting ranging mode
ptd-server 2021-08-12 16:13:24,606 [INFO] Sending to ptd: 'Go,1000,0,2021-08-12_16-12-54_ranging'
ptd-server 2021-08-12 16:13:24,606 [INFO] Reply from ptd: 'Starting untimed measurement, maximum 500000 samples at 1000ms with 0 rampup samples'
ptd-server 2021-08-12 16:13:24,606 [INFO] Sending reply to client 'OK'
ptd-server 2021-08-12 16:25:33,363 [INFO] Got command from the client 'session,2021-08-12_16-12-54,stop,ranging'
ptd-server 2021-08-12 16:25:43,364 [INFO] Sending to ptd: 'Stop'
ptd-server 2021-08-12 16:25:43,364 [INFO] Reply from ptd: 'Stopping untimed measurement'
ptd-server 2021-08-12 16:25:43,380 [INFO] Sending reply to client 'OK'
ptd-server 2021-08-12 16:25:43,630 [INFO] Got command from the client 'time'
ptd-server 2021-08-12 16:25:43,630 [INFO] Sending reply to client '1628810743.6302953'
ptd-server 2021-08-12 16:25:43,645 [INFO] Got command from the client 'session,2021-08-12_16-12-54,start,testing'
ptd-server 2021-08-12 16:25:43,645 [INFO] Sending to ptd: 'SR,V,120.640000'
ptd-server 2021-08-12 16:25:45,163 [INFO] Reply from ptd: 'Range V changed'
ptd-server 2021-08-12 16:25:45,163 [INFO] Sending to ptd: 'SR,A,0.403000'
ptd-server 2021-08-12 16:25:46,681 [INFO] Reply from ptd: 'Range A changed'
ptd-server 2021-08-12 16:25:56,684 [INFO] Starting testing mode
ptd-server 2021-08-12 16:25:56,684 [INFO] Sending to ptd: 'Go,1000,0,2021-08-12_16-12-54_testing'
ptd-server 2021-08-12 16:25:56,684 [INFO] Reply from ptd: 'Starting untimed measurement, maximum 500000 samples at 1000ms with 0 rampup samples'
ptd-server 2021-08-12 16:25:56,684 [INFO] Sending reply to client 'OK'
ptd-server 2021-08-12 16:38:03,002 [INFO] Got command from the client 'session,2021-08-12_16-12-54,stop,testing'
ptd-server 2021-08-12 16:38:13,017 [INFO] Sending to ptd: 'Stop'
ptd-server 2021-08-12 16:38:13,017 [INFO] Reply from ptd: 'Stopping untimed measurement'
ptd-server 2021-08-12 16:38:13,017 [INFO] Sending reply to client 'OK'
ptd-server 2021-08-12 16:38:13,064 [INFO] Got command from the client 'session,2021-08-12_16-12-54,done'
ptd-server 2021-08-12 16:38:13,080 [INFO] Sending to ptd: 'Stop'
ptd-server 2021-08-12 16:38:13,689 [INFO] Reply from ptd: 'Error: no measurement to stop'
ptd-server 2021-08-12 16:38:13,689 [INFO] Sending to ptd: 'SR,V,Auto'
ptd-server 2021-08-12 16:38:14,205 [INFO] Reply from ptd: 'Range V changed'
ptd-server 2021-08-12 16:38:14,205 [INFO] Sending to ptd: 'SR,A,1.000000'
ptd-server 2021-08-12 16:38:15,735 [INFO] Reply from ptd: 'Range A changed'
ptd-server 2021-08-12 16:38:15,735 [INFO] Set initial values for Amps 1.000000 and Volts Auto
ptd-server 2021-08-12 16:38:15,735 [INFO] Stopping ptd...
