ptd-server 2021-08-13 05:08:21,889 [INFO] Got command from the client 'time'
ptd-server 2021-08-13 05:08:21,889 [INFO] Sending reply to client '1628849301.8894854'
ptd-server 2021-08-13 05:08:21,890 [INFO] Got command from the client 'new,,76b83924-79d4-443d-baed-b4c38c613cce'
ptd-server 2021-08-13 05:08:21,890 [INFO] Sending reply to client 'OK 2021-08-13_05-08-21,2951a715-3fc1-4590-ab2a-8cb6520872a8'
ptd-server 2021-08-13 05:08:22,000 [INFO] Got command from the client 'time'
ptd-server 2021-08-13 05:08:22,000 [INFO] Sending reply to client '1628849302.0008888'
ptd-server 2021-08-13 05:08:22,001 [INFO] Got command from the client 'session,2021-08-13_05-08-21,start,ranging'
ptd-server 2021-08-13 05:08:22,002 [INFO] Running PTDaemon: ['/local/mnt/workspace/mlcommons/power-main/inference_v1.0/ptd-linux-x86', '-l', '/tmp/tmpqnpdpkmr/ptd_logfile.txt', '-p', '8888', '-c', '1,2', '77', '/dev/usbtmc1']
ptd-server 2021-08-13 05:08:39,593 [INFO] Sending to ptd: 'Hello'
ptd-server 2021-08-13 05:08:39,594 [INFO] Reply from ptd: 'Hello, PTDaemon here!'
ptd-server 2021-08-13 05:08:39,594 [INFO] Sending to ptd: 'Identify'
ptd-server 2021-08-13 05:08:39,594 [INFO] Reply from ptd: 'YokogawaWT330_multichannel,1000,1,1,1,1,0,0,1,version=1.9.2-e8c7a49a-20201208,OS=Linux 4.15.0-118-generic #119~16.04.1-Ubuntu SMP Tue Sep 8 14:54:40 UTC 2020 x86_64,mode=power,1,1,2,0,0,no_cal_date,YOKOGAWA;WT333E;C2XC17005V;F1.04'
ptd-server 2021-08-13 05:08:39,594 [INFO] Connected to PTDaemon
ptd-server 2021-08-13 05:08:39,594 [INFO] Sending to ptd: 'RR'
ptd-server 2021-08-13 05:08:39,594 [INFO] Reply from ptd: 'Ranges,-1,-1.000000,-1,-1.000000'
ptd-server 2021-08-13 05:08:39,594 [INFO] Initial range for Amps is Auto for Volts is Auto
ptd-server 2021-08-13 05:08:39,594 [INFO] Sending to ptd: 'SR,V,Auto'
ptd-server 2021-08-13 05:08:44,647 [INFO] Reply from ptd: 'Range V changed'
ptd-server 2021-08-13 05:08:44,647 [INFO] Sending to ptd: 'SR,A,Auto'
ptd-server 2021-08-13 05:08:49,700 [INFO] Reply from ptd: 'Range A changed'
ptd-server 2021-08-13 05:08:59,710 [INFO] Starting ranging mode
ptd-server 2021-08-13 05:08:59,710 [INFO] Sending to ptd: 'Go,1000,0,2021-08-13_05-08-21_ranging'
ptd-server 2021-08-13 05:08:59,710 [INFO] Reply from ptd: 'Starting untimed measurement, maximum 500000 samples at 1000ms with 0 rampup samples'
ptd-server 2021-08-13 05:08:59,711 [INFO] Sending reply to client 'OK'
ptd-server 2021-08-13 05:20:17,995 [INFO] Got command from the client 'session,2021-08-13_05-08-21,stop,ranging'
ptd-server 2021-08-13 05:20:28,000 [INFO] Sending to ptd: 'Stop'
ptd-server 2021-08-13 05:20:28,000 [INFO] Reply from ptd: 'Stopping untimed measurement'
ptd-server 2021-08-13 05:20:28,022 [INFO] Sending reply to client 'OK'
ptd-server 2021-08-13 05:20:28,137 [INFO] Got command from the client 'time'
ptd-server 2021-08-13 05:20:28,137 [INFO] Sending reply to client '1628850028.1377847'
ptd-server 2021-08-13 05:20:28,139 [INFO] Got command from the client 'session,2021-08-13_05-08-21,start,testing'
ptd-server 2021-08-13 05:20:28,139 [INFO] Sending to ptd: 'SR,V,211.090000'
ptd-server 2021-08-13 05:20:34,762 [INFO] Reply from ptd: 'Range V changed'
ptd-server 2021-08-13 05:20:34,762 [INFO] Sending to ptd: 'SR,A,4.338300'
ptd-server 2021-08-13 05:20:40,314 [INFO] Reply from ptd: 'Range A changed'
ptd-server 2021-08-13 05:20:50,325 [INFO] Starting testing mode
ptd-server 2021-08-13 05:20:50,325 [INFO] Sending to ptd: 'Go,1000,0,2021-08-13_05-08-21_testing'
ptd-server 2021-08-13 05:20:50,325 [INFO] Reply from ptd: 'Starting untimed measurement, maximum 500000 samples at 1000ms with 0 rampup samples'
ptd-server 2021-08-13 05:20:50,326 [INFO] Sending reply to client 'OK'
ptd-server 2021-08-13 05:32:06,361 [INFO] Got command from the client 'session,2021-08-13_05-08-21,stop,testing'
ptd-server 2021-08-13 05:32:16,368 [INFO] Sending to ptd: 'Stop'
ptd-server 2021-08-13 05:32:16,368 [INFO] Reply from ptd: 'Stopping untimed measurement'
ptd-server 2021-08-13 05:32:16,376 [INFO] Sending reply to client 'OK'
ptd-server 2021-08-13 05:32:16,382 [INFO] Got command from the client 'session,2021-08-13_05-08-21,done'
ptd-server 2021-08-13 05:32:16,382 [INFO] Sending to ptd: 'Stop'
ptd-server 2021-08-13 05:32:17,325 [INFO] Reply from ptd: 'Error: no measurement to stop'
ptd-server 2021-08-13 05:32:17,325 [INFO] Sending to ptd: 'SR,V,Auto'
ptd-server 2021-08-13 05:32:22,378 [INFO] Reply from ptd: 'Range V changed'
ptd-server 2021-08-13 05:32:22,379 [INFO] Sending to ptd: 'SR,A,Auto'
ptd-server 2021-08-13 05:32:27,431 [INFO] Reply from ptd: 'Range A changed'
ptd-server 2021-08-13 05:32:27,431 [INFO] Set initial values for Amps Auto and Volts Auto
ptd-server 2021-08-13 05:32:27,432 [INFO] Stopping ptd...
