ptd-server 2021-08-09 02:29:37,687 [INFO] Got command from the client 'time'
ptd-server 2021-08-09 02:29:37,687 [INFO] Sending reply to client '1628472577.687215'
ptd-server 2021-08-09 02:29:37,688 [INFO] Got command from the client 'new,,ea027fd5-4ff3-434d-aa6d-22c541322204'
ptd-server 2021-08-09 02:29:37,689 [INFO] Sending reply to client 'OK 2021-08-09_02-29-37,ca57ab09-f74c-4a39-a7e3-3bf5d56ea95d'
ptd-server 2021-08-09 02:29:37,727 [INFO] Got command from the client 'time'
ptd-server 2021-08-09 02:29:37,727 [INFO] Sending reply to client '1628472577.7274327'
ptd-server 2021-08-09 02:29:37,729 [INFO] Got command from the client 'session,2021-08-09_02-29-37,start,ranging'
ptd-server 2021-08-09 02:29:37,729 [INFO] Running PTDaemon: ['/home/anton/projects/mlperf/power/inference_v1.0/ptd-linux-x86', '-l', '/tmp/tmpr3iqmcco/ptd_logfile.txt', '-p', '8888', '49', '/dev/usbtmc0']
ptd-server 2021-08-09 02:29:54,901 [INFO] Sending to ptd: 'Hello'
ptd-server 2021-08-09 02:29:54,902 [INFO] Reply from ptd: 'Hello, PTDaemon here!'
ptd-server 2021-08-09 02:29:54,902 [INFO] Sending to ptd: 'Identify'
ptd-server 2021-08-09 02:29:54,902 [INFO] Reply from ptd: 'YokogawaWT310E,1000,1,1,1,1,0,1,1,version=1.9.2-e8c7a49a-20201208,OS=Linux 5.8.0-63-generic #71~20.04.1-Ubuntu SMP Thu Jul 15 17:46:08 UTC 2021 x86_64,mode=power,1,1,1,0,0,no_cal_date,YOKOGAWA;WT310E;C3XA04010E;F1.04'
ptd-server 2021-08-09 02:29:54,902 [INFO] Connected to PTDaemon
ptd-server 2021-08-09 02:29:54,903 [INFO] Sending to ptd: 'RR'
ptd-server 2021-08-09 02:29:54,903 [INFO] Reply from ptd: 'Ranges,0,0.500000,0,300.000000'
ptd-server 2021-08-09 02:29:54,903 [INFO] Initial range for Amps is 0.500000 for Volts is 300.000000
ptd-server 2021-08-09 02:29:54,903 [INFO] Sending to ptd: 'SR,V,Auto'
ptd-server 2021-08-09 02:29:55,406 [INFO] Reply from ptd: 'Range V changed'
ptd-server 2021-08-09 02:29:55,406 [INFO] Sending to ptd: 'SR,A,Auto'
ptd-server 2021-08-09 02:29:55,908 [INFO] Reply from ptd: 'Range A changed'
ptd-server 2021-08-09 02:30:05,918 [INFO] Starting ranging mode
ptd-server 2021-08-09 02:30:05,919 [INFO] Sending to ptd: 'Go,1000,0,2021-08-09_02-29-37_ranging'
ptd-server 2021-08-09 02:30:05,919 [INFO] Reply from ptd: 'Starting untimed measurement, maximum 500000 samples at 1000ms with 0 rampup samples'
ptd-server 2021-08-09 02:30:05,919 [INFO] Sending reply to client 'OK'
ptd-server 2021-08-09 02:40:25,988 [INFO] Got command from the client 'session,2021-08-09_02-29-37,stop,ranging'
ptd-server 2021-08-09 02:40:35,999 [INFO] Sending to ptd: 'Stop'
ptd-server 2021-08-09 02:40:35,999 [INFO] Reply from ptd: 'Stopping untimed measurement'
ptd-server 2021-08-09 02:40:36,203 [INFO] Sending reply to client 'OK'
ptd-server 2021-08-09 02:40:36,260 [INFO] Got command from the client 'time'
ptd-server 2021-08-09 02:40:36,261 [INFO] Sending reply to client '1628473236.2610471'
ptd-server 2021-08-09 02:40:36,262 [INFO] Got command from the client 'session,2021-08-09_02-29-37,start,testing'
ptd-server 2021-08-09 02:40:36,262 [INFO] Sending to ptd: 'SR,V,251.080000'
ptd-server 2021-08-09 02:40:38,420 [INFO] Reply from ptd: 'Range V changed'
ptd-server 2021-08-09 02:40:38,420 [INFO] Sending to ptd: 'SR,A,0.201720'
ptd-server 2021-08-09 02:40:39,922 [INFO] Reply from ptd: 'Range A changed'
ptd-server 2021-08-09 02:40:49,932 [INFO] Starting testing mode
ptd-server 2021-08-09 02:40:49,932 [INFO] Sending to ptd: 'Go,1000,0,2021-08-09_02-29-37_testing'
ptd-server 2021-08-09 02:40:49,933 [INFO] Reply from ptd: 'Starting untimed measurement, maximum 500000 samples at 1000ms with 0 rampup samples'
ptd-server 2021-08-09 02:40:49,933 [INFO] Sending reply to client 'OK'
ptd-server 2021-08-09 02:51:09,724 [INFO] Got command from the client 'session,2021-08-09_02-29-37,stop,testing'
ptd-server 2021-08-09 02:51:19,735 [INFO] Sending to ptd: 'Stop'
ptd-server 2021-08-09 02:51:19,735 [INFO] Reply from ptd: 'Stopping untimed measurement'
ptd-server 2021-08-09 02:51:19,847 [INFO] Sending reply to client 'OK'
ptd-server 2021-08-09 02:51:19,866 [INFO] Got command from the client 'session,2021-08-09_02-29-37,done'
ptd-server 2021-08-09 02:51:19,866 [INFO] Sending to ptd: 'Stop'
ptd-server 2021-08-09 02:51:19,934 [INFO] Reply from ptd: 'Error: no measurement to stop'
ptd-server 2021-08-09 02:51:19,934 [INFO] Sending to ptd: 'SR,V,300.000000'
ptd-server 2021-08-09 02:51:21,435 [INFO] Reply from ptd: 'Range V changed'
ptd-server 2021-08-09 02:51:21,435 [INFO] Sending to ptd: 'SR,A,0.500000'
ptd-server 2021-08-09 02:51:22,937 [INFO] Reply from ptd: 'Range A changed'
ptd-server 2021-08-09 02:51:22,937 [INFO] Set initial values for Amps 0.500000 and Volts 300.000000
ptd-server 2021-08-09 02:51:22,937 [INFO] Stopping ptd...
