ptd-server 2021-08-13 09:58:33,272 [INFO] Got command from the client 'time'
ptd-server 2021-08-13 09:58:33,272 [INFO] Sending reply to client '1628866713.2726874'
ptd-server 2021-08-13 09:58:33,273 [INFO] Got command from the client 'new,,680f188f-3e44-4aea-8c79-b8c821c3f994'
ptd-server 2021-08-13 09:58:33,274 [INFO] Sending reply to client 'OK 2021-08-13_09-58-33,ba1ac7fd-e394-4395-9030-ed3b6a946679'
ptd-server 2021-08-13 09:58:33,379 [INFO] Got command from the client 'time'
ptd-server 2021-08-13 09:58:33,379 [INFO] Sending reply to client '1628866713.3792477'
ptd-server 2021-08-13 09:58:33,380 [INFO] Got command from the client 'session,2021-08-13_09-58-33,start,ranging'
ptd-server 2021-08-13 09:58:33,380 [INFO] Running PTDaemon: ['/local/mnt/workspace/mlcommons/power-main/inference_v1.0/ptd-linux-x86', '-l', '/tmp/tmpqnpdpkmr/ptd_logfile.txt', '-p', '8888', '-c', '1,2', '77', '/dev/usbtmc1']
ptd-server 2021-08-13 09:58:50,968 [INFO] Sending to ptd: 'Hello'
ptd-server 2021-08-13 09:58:50,968 [INFO] Reply from ptd: 'Hello, PTDaemon here!'
ptd-server 2021-08-13 09:58:50,969 [INFO] Sending to ptd: 'Identify'
ptd-server 2021-08-13 09:58:50,969 [INFO] Reply from ptd: 'YokogawaWT330_multichannel,1000,1,1,1,1,0,0,1,version=1.9.2-e8c7a49a-20201208,OS=Linux 4.15.0-118-generic #119~16.04.1-Ubuntu SMP Tue Sep 8 14:54:40 UTC 2020 x86_64,mode=power,1,1,2,0,0,no_cal_date,YOKOGAWA;WT333E;C2XC17005V;F1.04'
ptd-server 2021-08-13 09:58:50,969 [INFO] Connected to PTDaemon
ptd-server 2021-08-13 09:58:50,969 [INFO] Sending to ptd: 'RR'
ptd-server 2021-08-13 09:58:50,969 [INFO] Reply from ptd: 'Ranges,-1,-1.000000,-1,-1.000000'
ptd-server 2021-08-13 09:58:50,970 [INFO] Initial range for Amps is Auto for Volts is Auto
ptd-server 2021-08-13 09:58:50,970 [INFO] Sending to ptd: 'SR,V,Auto'
ptd-server 2021-08-13 09:58:56,028 [INFO] Reply from ptd: 'Range V changed'
ptd-server 2021-08-13 09:58:56,029 [INFO] Sending to ptd: 'SR,A,Auto'
ptd-server 2021-08-13 09:59:01,081 [INFO] Reply from ptd: 'Range A changed'
ptd-server 2021-08-13 09:59:11,092 [INFO] Starting ranging mode
ptd-server 2021-08-13 09:59:11,092 [INFO] Sending to ptd: 'Go,1000,0,2021-08-13_09-58-33_ranging'
ptd-server 2021-08-13 09:59:11,093 [INFO] Reply from ptd: 'Starting untimed measurement, maximum 500000 samples at 1000ms with 0 rampup samples'
ptd-server 2021-08-13 09:59:11,093 [INFO] Sending reply to client 'OK'
ptd-server 2021-08-13 10:11:56,734 [INFO] Got command from the client 'session,2021-08-13_09-58-33,stop,ranging'
ptd-server 2021-08-13 10:12:06,744 [INFO] Sending to ptd: 'Stop'
ptd-server 2021-08-13 10:12:06,745 [INFO] Reply from ptd: 'Stopping untimed measurement'
ptd-server 2021-08-13 10:12:06,783 [INFO] Sending reply to client 'OK'
ptd-server 2021-08-13 10:12:06,896 [INFO] Got command from the client 'time'
ptd-server 2021-08-13 10:12:06,896 [INFO] Sending reply to client '1628867526.8966267'
ptd-server 2021-08-13 10:12:06,897 [INFO] Got command from the client 'session,2021-08-13_09-58-33,start,testing'
ptd-server 2021-08-13 10:12:06,897 [INFO] Sending to ptd: 'SR,V,207.920000'
ptd-server 2021-08-13 10:12:13,144 [INFO] Reply from ptd: 'Range V changed'
ptd-server 2021-08-13 10:12:13,144 [INFO] Sending to ptd: 'SR,A,4.794200'
ptd-server 2021-08-13 10:12:18,695 [INFO] Reply from ptd: 'Range A changed'
ptd-server 2021-08-13 10:12:28,705 [INFO] Starting testing mode
ptd-server 2021-08-13 10:12:28,706 [INFO] Sending to ptd: 'Go,1000,0,2021-08-13_09-58-33_testing'
ptd-server 2021-08-13 10:12:28,706 [INFO] Reply from ptd: 'Starting untimed measurement, maximum 500000 samples at 1000ms with 0 rampup samples'
ptd-server 2021-08-13 10:12:28,706 [INFO] Sending reply to client 'OK'
ptd-server 2021-08-13 10:25:14,790 [INFO] Got command from the client 'session,2021-08-13_09-58-33,stop,testing'
ptd-server 2021-08-13 10:25:24,800 [INFO] Sending to ptd: 'Stop'
ptd-server 2021-08-13 10:25:24,801 [INFO] Reply from ptd: 'Stopping untimed measurement'
ptd-server 2021-08-13 10:25:24,816 [INFO] Sending reply to client 'OK'
ptd-server 2021-08-13 10:25:24,822 [INFO] Got command from the client 'session,2021-08-13_09-58-33,done'
ptd-server 2021-08-13 10:25:24,823 [INFO] Sending to ptd: 'Stop'
ptd-server 2021-08-13 10:25:25,706 [INFO] Reply from ptd: 'Error: no measurement to stop'
ptd-server 2021-08-13 10:25:25,706 [INFO] Sending to ptd: 'SR,V,Auto'
ptd-server 2021-08-13 10:25:30,759 [INFO] Reply from ptd: 'Range V changed'
ptd-server 2021-08-13 10:25:30,759 [INFO] Sending to ptd: 'SR,A,Auto'
ptd-server 2021-08-13 10:25:35,813 [INFO] Reply from ptd: 'Range A changed'
ptd-server 2021-08-13 10:25:35,813 [INFO] Set initial values for Amps Auto and Volts Auto
ptd-server 2021-08-13 10:25:35,813 [INFO] Stopping ptd...
