ptd-server 2021-08-11 12:05:40,004 [INFO] Got command from the client 'stop'
ptd-server 2021-08-11 12:05:40,004 [INFO] The server will be stopped after processing this client
ptd-server 2021-08-11 12:05:40,004 [INFO] Sending reply to client 'OK'
ptd-server 2021-08-11 12:05:40,223 [INFO] Got command from the client 'time'
ptd-server 2021-08-11 12:05:40,223 [INFO] Sending reply to client '1628708740.2230027'
ptd-server 2021-08-11 12:05:40,223 [INFO] Got command from the client 'new,,bb96663e-59b6-499a-8124-bc33915abf67'
ptd-server 2021-08-11 12:05:40,223 [INFO] Sending reply to client 'OK 2021-08-11_12-05-40,169995d0-29fa-41d5-9d6a-bef93d87872d'
ptd-server 2021-08-11 12:05:40,448 [INFO] Got command from the client 'time'
ptd-server 2021-08-11 12:05:40,448 [INFO] Sending reply to client '1628708740.4485605'
ptd-server 2021-08-11 12:05:40,448 [INFO] Got command from the client 'session,2021-08-11_12-05-40,start,ranging'
ptd-server 2021-08-11 12:05:40,557 [INFO] Running PTDaemon: ['C:\\PTD\\ptd-windows-x86.exe', '-l', 'C:\\Users\\lab\\AppData\\Local\\Temp\\tmpubh2k138\\ptd_logfile.txt', '-p', '8888', '-c', '1,3', '-y', '77', '10.117.41.199']
ptd-server 2021-08-11 12:05:59,685 [INFO] Sending to ptd: 'Hello'
ptd-server 2021-08-11 12:05:59,685 [INFO] Reply from ptd: 'Hello, PTDaemon here!'
ptd-server 2021-08-11 12:05:59,685 [INFO] Sending to ptd: 'Identify'
ptd-server 2021-08-11 12:05:59,685 [INFO] Reply from ptd: 'YokogawaWT330_multichannel,1000,1,1,1,1,0,0,1,version=1.9.2-3976349f-20201208,OS=Windows 8 / Server 2012,mode=power,1,1,2,0,0,no_cal_date,YOKOGAWA;WT333E;C2WL21011V;F1.04'
ptd-server 2021-08-11 12:05:59,685 [INFO] Connected to PTDaemon
ptd-server 2021-08-11 12:05:59,685 [INFO] Sending to ptd: 'RR'
ptd-server 2021-08-11 12:05:59,685 [INFO] Reply from ptd: 'Ranges,0,20.000000,1,300.000000'
ptd-server 2021-08-11 12:05:59,685 [INFO] Initial range for Amps is 20.000000 for Volts is Auto
ptd-server 2021-08-11 12:05:59,685 [INFO] Sending to ptd: 'SR,V,Auto'
ptd-server 2021-08-11 12:06:04,754 [INFO] Reply from ptd: 'Range V changed'
ptd-server 2021-08-11 12:06:04,754 [INFO] Sending to ptd: 'SR,A,20'
ptd-server 2021-08-11 12:06:10,347 [INFO] Reply from ptd: 'Range A changed'
ptd-server 2021-08-11 12:06:20,363 [INFO] Starting ranging mode
ptd-server 2021-08-11 12:06:20,363 [INFO] Sending to ptd: 'Go,1000,0,2021-08-11_12-05-40_ranging'
ptd-server 2021-08-11 12:06:20,363 [INFO] Reply from ptd: 'Starting untimed measurement, maximum 500000 samples at 1000ms with 0 rampup samples'
ptd-server 2021-08-11 12:06:20,363 [INFO] Sending reply to client 'OK'
ptd-server 2021-08-11 12:22:16,278 [INFO] Got command from the client 'session,2021-08-11_12-05-40,stop,ranging'
ptd-server 2021-08-11 12:22:26,285 [INFO] Sending to ptd: 'Stop'
ptd-server 2021-08-11 12:22:26,285 [INFO] Reply from ptd: 'Stopping untimed measurement'
ptd-server 2021-08-11 12:22:26,332 [INFO] Sending reply to client 'OK'
ptd-server 2021-08-11 12:22:26,582 [INFO] Got command from the client 'time'
ptd-server 2021-08-11 12:22:26,582 [INFO] Sending reply to client '1628709746.5827684'
ptd-server 2021-08-11 12:22:26,582 [INFO] Got command from the client 'session,2021-08-11_12-05-40,start,testing'
ptd-server 2021-08-11 12:22:26,582 [INFO] Sending to ptd: 'SR,V,206.110000'
ptd-server 2021-08-11 12:22:32,679 [INFO] Reply from ptd: 'Range V changed'
ptd-server 2021-08-11 12:22:32,679 [INFO] Sending to ptd: 'SR,A,4.491000'
ptd-server 2021-08-11 12:22:38,270 [INFO] Reply from ptd: 'Range A changed'
ptd-server 2021-08-11 12:22:48,270 [INFO] Starting testing mode
ptd-server 2021-08-11 12:22:48,270 [INFO] Sending to ptd: 'Go,1000,0,2021-08-11_12-05-40_testing'
ptd-server 2021-08-11 12:22:48,270 [INFO] Reply from ptd: 'Starting untimed measurement, maximum 500000 samples at 1000ms with 0 rampup samples'
ptd-server 2021-08-11 12:22:48,270 [INFO] Sending reply to client 'OK'
ptd-server 2021-08-11 12:38:43,706 [INFO] Got command from the client 'session,2021-08-11_12-05-40,stop,testing'
ptd-server 2021-08-11 12:38:53,707 [INFO] Sending to ptd: 'Stop'
ptd-server 2021-08-11 12:38:53,707 [INFO] Reply from ptd: 'Stopping untimed measurement'
ptd-server 2021-08-11 12:38:53,723 [INFO] Sending reply to client 'OK'
ptd-server 2021-08-11 12:38:53,799 [INFO] Got command from the client 'session,2021-08-11_12-05-40,done'
ptd-server 2021-08-11 12:38:53,799 [INFO] Sending to ptd: 'Stop'
ptd-server 2021-08-11 12:38:54,288 [INFO] Reply from ptd: 'Error: no measurement to stop'
ptd-server 2021-08-11 12:38:54,288 [INFO] Sending to ptd: 'SR,V,Auto'
ptd-server 2021-08-11 12:38:59,358 [INFO] Reply from ptd: 'Range V changed'
ptd-server 2021-08-11 12:38:59,358 [INFO] Sending to ptd: 'SR,A,20.000000'
ptd-server 2021-08-11 12:39:04,944 [INFO] Reply from ptd: 'Range A changed'
ptd-server 2021-08-11 12:39:04,944 [INFO] Set initial values for Amps 20.000000 and Volts Auto
ptd-server 2021-08-11 12:39:04,944 [INFO] Stopping ptd...
