ptd-server 2021-08-12 16:29:57,389 [INFO] Got command from the client 'time'
ptd-server 2021-08-12 16:29:57,389 [INFO] Sending reply to client '1628782197.389579'
ptd-server 2021-08-12 16:29:57,392 [INFO] Got command from the client 'new,,4157e4a2-1520-4a6f-9242-8e788842acfd'
ptd-server 2021-08-12 16:29:57,393 [INFO] Sending reply to client 'OK 2021-08-12_16-29-57,7f958b73-3c32-43f7-96d7-d874c94771ba'
ptd-server 2021-08-12 16:29:57,438 [INFO] Got command from the client 'time'
ptd-server 2021-08-12 16:29:57,439 [INFO] Sending reply to client '1628782197.4391065'
ptd-server 2021-08-12 16:29:57,440 [INFO] Got command from the client 'session,2021-08-12_16-29-57,start,ranging'
ptd-server 2021-08-12 16:29:57,440 [INFO] Running PTDaemon: ['/home/anton/projects/mlperf/power/inference_v1.0/ptd-linux-x86', '-l', '/tmp/tmp69denxsv/ptd_logfile.txt', '-p', '8888', '49', '/dev/usbtmc0']
ptd-server 2021-08-12 16:30:14,615 [INFO] Sending to ptd: 'Hello'
ptd-server 2021-08-12 16:30:14,615 [INFO] Reply from ptd: 'Hello, PTDaemon here!'
ptd-server 2021-08-12 16:30:14,615 [INFO] Sending to ptd: 'Identify'
ptd-server 2021-08-12 16:30:14,616 [INFO] Reply from ptd: 'YokogawaWT310E,1000,1,1,1,1,0,1,1,version=1.9.2-e8c7a49a-20201208,OS=Linux 5.11.0-25-generic #27~20.04.1-Ubuntu SMP Tue Jul 13 17:41:23 UTC 2021 x86_64,mode=power,1,1,1,0,0,no_cal_date,YOKOGAWA;WT310E;C3XA04010E;F1.04'
ptd-server 2021-08-12 16:30:14,616 [INFO] Connected to PTDaemon
ptd-server 2021-08-12 16:30:14,616 [INFO] Sending to ptd: 'RR'
ptd-server 2021-08-12 16:30:14,616 [INFO] Reply from ptd: 'Ranges,0,0.500000,0,300.000000'
ptd-server 2021-08-12 16:30:14,617 [INFO] Initial range for Amps is 0.500000 for Volts is 300.000000
ptd-server 2021-08-12 16:30:14,617 [INFO] Sending to ptd: 'SR,V,Auto'
ptd-server 2021-08-12 16:30:15,119 [INFO] Reply from ptd: 'Range V changed'
ptd-server 2021-08-12 16:30:15,119 [INFO] Sending to ptd: 'SR,A,Auto'
ptd-server 2021-08-12 16:30:15,622 [INFO] Reply from ptd: 'Range A changed'
ptd-server 2021-08-12 16:30:25,632 [INFO] Starting ranging mode
ptd-server 2021-08-12 16:30:25,632 [INFO] Sending to ptd: 'Go,1000,0,2021-08-12_16-29-57_ranging'
ptd-server 2021-08-12 16:30:25,633 [INFO] Reply from ptd: 'Starting untimed measurement, maximum 500000 samples at 1000ms with 0 rampup samples'
ptd-server 2021-08-12 16:30:25,633 [INFO] Sending reply to client 'OK'
ptd-server 2021-08-12 16:41:29,749 [INFO] Got command from the client 'session,2021-08-12_16-29-57,stop,ranging'
ptd-server 2021-08-12 16:41:39,759 [INFO] Sending to ptd: 'Stop'
ptd-server 2021-08-12 16:41:39,760 [INFO] Reply from ptd: 'Stopping untimed measurement'
ptd-server 2021-08-12 16:41:39,779 [INFO] Sending reply to client 'OK'
ptd-server 2021-08-12 16:41:39,931 [INFO] Got command from the client 'time'
ptd-server 2021-08-12 16:41:39,931 [INFO] Sending reply to client '1628782899.931147'
ptd-server 2021-08-12 16:41:39,935 [INFO] Got command from the client 'session,2021-08-12_16-29-57,start,testing'
ptd-server 2021-08-12 16:41:39,936 [INFO] Sending to ptd: 'SR,V,250.010000'
ptd-server 2021-08-12 16:41:42,135 [INFO] Reply from ptd: 'Range V changed'
ptd-server 2021-08-12 16:41:42,135 [INFO] Sending to ptd: 'SR,A,0.166100'
ptd-server 2021-08-12 16:41:43,636 [INFO] Reply from ptd: 'Range A changed'
ptd-server 2021-08-12 16:41:53,647 [INFO] Starting testing mode
ptd-server 2021-08-12 16:41:53,647 [INFO] Sending to ptd: 'Go,1000,0,2021-08-12_16-29-57_testing'
ptd-server 2021-08-12 16:41:53,647 [INFO] Reply from ptd: 'Starting untimed measurement, maximum 500000 samples at 1000ms with 0 rampup samples'
ptd-server 2021-08-12 16:41:53,647 [INFO] Sending reply to client 'OK'
ptd-server 2021-08-12 16:52:57,560 [INFO] Got command from the client 'session,2021-08-12_16-29-57,stop,testing'
ptd-server 2021-08-12 16:53:07,570 [INFO] Sending to ptd: 'Stop'
ptd-server 2021-08-12 16:53:07,571 [INFO] Reply from ptd: 'Stopping untimed measurement'
ptd-server 2021-08-12 16:53:07,581 [INFO] Sending reply to client 'OK'
ptd-server 2021-08-12 16:53:07,614 [INFO] Got command from the client 'session,2021-08-12_16-29-57,done'
ptd-server 2021-08-12 16:53:07,615 [INFO] Sending to ptd: 'Stop'
ptd-server 2021-08-12 16:53:07,648 [INFO] Reply from ptd: 'Error: no measurement to stop'
ptd-server 2021-08-12 16:53:07,648 [INFO] Sending to ptd: 'SR,V,300.000000'
ptd-server 2021-08-12 16:53:09,149 [INFO] Reply from ptd: 'Range V changed'
ptd-server 2021-08-12 16:53:09,149 [INFO] Sending to ptd: 'SR,A,0.500000'
ptd-server 2021-08-12 16:53:10,651 [INFO] Reply from ptd: 'Range A changed'
ptd-server 2021-08-12 16:53:10,651 [INFO] Set initial values for Amps 0.500000 and Volts 300.000000
ptd-server 2021-08-12 16:53:10,651 [INFO] Stopping ptd...
