ptd-server 2021-08-08 02:33:50,445 [INFO] Got command from the client 'time'
ptd-server 2021-08-08 02:33:50,445 [INFO] Sending reply to client '1628386430.4457943'
ptd-server 2021-08-08 02:33:50,449 [INFO] Got command from the client 'new,,d2cdb574-beca-4be4-b472-cc5957e5ec2f'
ptd-server 2021-08-08 02:33:50,449 [INFO] Sending reply to client 'OK 2021-08-08_02-33-50,061f1553-50f2-4c1a-9861-fef456ecf7c9'
ptd-server 2021-08-08 02:33:50,494 [INFO] Got command from the client 'time'
ptd-server 2021-08-08 02:33:50,494 [INFO] Sending reply to client '1628386430.4943852'
ptd-server 2021-08-08 02:33:50,496 [INFO] Got command from the client 'session,2021-08-08_02-33-50,start,ranging'
ptd-server 2021-08-08 02:33:50,496 [INFO] Running PTDaemon: ['/home/anton/projects/mlperf/power/inference_v1.0/ptd-linux-x86', '-l', '/tmp/tmpr3iqmcco/ptd_logfile.txt', '-p', '8888', '49', '/dev/usbtmc0']
ptd-server 2021-08-08 02:34:07,670 [INFO] Sending to ptd: 'Hello'
ptd-server 2021-08-08 02:34:07,671 [INFO] Reply from ptd: 'Hello, PTDaemon here!'
ptd-server 2021-08-08 02:34:07,671 [INFO] Sending to ptd: 'Identify'
ptd-server 2021-08-08 02:34:07,671 [INFO] Reply from ptd: 'YokogawaWT310E,1000,1,1,1,1,0,1,1,version=1.9.2-e8c7a49a-20201208,OS=Linux 5.8.0-63-generic #71~20.04.1-Ubuntu SMP Thu Jul 15 17:46:08 UTC 2021 x86_64,mode=power,1,1,1,0,0,no_cal_date,YOKOGAWA;WT310E;C3XA04010E;F1.04'
ptd-server 2021-08-08 02:34:07,671 [INFO] Connected to PTDaemon
ptd-server 2021-08-08 02:34:07,671 [INFO] Sending to ptd: 'RR'
ptd-server 2021-08-08 02:34:07,672 [INFO] Reply from ptd: 'Ranges,0,0.500000,0,300.000000'
ptd-server 2021-08-08 02:34:07,672 [INFO] Initial range for Amps is 0.500000 for Volts is 300.000000
ptd-server 2021-08-08 02:34:07,672 [INFO] Sending to ptd: 'SR,V,Auto'
ptd-server 2021-08-08 02:34:08,174 [INFO] Reply from ptd: 'Range V changed'
ptd-server 2021-08-08 02:34:08,175 [INFO] Sending to ptd: 'SR,A,Auto'
ptd-server 2021-08-08 02:34:08,677 [INFO] Reply from ptd: 'Range A changed'
ptd-server 2021-08-08 02:34:18,680 [INFO] Starting ranging mode
ptd-server 2021-08-08 02:34:18,680 [INFO] Sending to ptd: 'Go,1000,0,2021-08-08_02-33-50_ranging'
ptd-server 2021-08-08 02:34:18,680 [INFO] Reply from ptd: 'Starting untimed measurement, maximum 500000 samples at 1000ms with 0 rampup samples'
ptd-server 2021-08-08 02:34:18,681 [INFO] Sending reply to client 'OK'
ptd-server 2021-08-08 02:44:38,734 [INFO] Got command from the client 'session,2021-08-08_02-33-50,stop,ranging'
ptd-server 2021-08-08 02:44:48,740 [INFO] Sending to ptd: 'Stop'
ptd-server 2021-08-08 02:44:48,740 [INFO] Reply from ptd: 'Stopping untimed measurement'
ptd-server 2021-08-08 02:44:48,848 [INFO] Sending reply to client 'OK'
ptd-server 2021-08-08 02:44:48,913 [INFO] Got command from the client 'time'
ptd-server 2021-08-08 02:44:48,913 [INFO] Sending reply to client '1628387088.9133124'
ptd-server 2021-08-08 02:44:48,915 [INFO] Got command from the client 'session,2021-08-08_02-33-50,start,testing'
ptd-server 2021-08-08 02:44:48,915 [INFO] Sending to ptd: 'SR,V,250.120000'
ptd-server 2021-08-08 02:44:51,181 [INFO] Reply from ptd: 'Range V changed'
ptd-server 2021-08-08 02:44:51,182 [INFO] Sending to ptd: 'SR,A,0.210340'
ptd-server 2021-08-08 02:44:52,683 [INFO] Reply from ptd: 'Range A changed'
ptd-server 2021-08-08 02:45:02,693 [INFO] Starting testing mode
ptd-server 2021-08-08 02:45:02,693 [INFO] Sending to ptd: 'Go,1000,0,2021-08-08_02-33-50_testing'
ptd-server 2021-08-08 02:45:02,694 [INFO] Reply from ptd: 'Starting untimed measurement, maximum 500000 samples at 1000ms with 0 rampup samples'
ptd-server 2021-08-08 02:45:02,694 [INFO] Sending reply to client 'OK'
ptd-server 2021-08-08 02:55:22,349 [INFO] Got command from the client 'session,2021-08-08_02-33-50,stop,testing'
ptd-server 2021-08-08 02:55:32,360 [INFO] Sending to ptd: 'Stop'
ptd-server 2021-08-08 02:55:32,360 [INFO] Reply from ptd: 'Stopping untimed measurement'
ptd-server 2021-08-08 02:55:32,415 [INFO] Sending reply to client 'OK'
ptd-server 2021-08-08 02:55:32,446 [INFO] Got command from the client 'session,2021-08-08_02-33-50,done'
ptd-server 2021-08-08 02:55:32,446 [INFO] Sending to ptd: 'Stop'
ptd-server 2021-08-08 02:55:32,694 [INFO] Reply from ptd: 'Error: no measurement to stop'
ptd-server 2021-08-08 02:55:32,694 [INFO] Sending to ptd: 'SR,V,300.000000'
ptd-server 2021-08-08 02:55:34,196 [INFO] Reply from ptd: 'Range V changed'
ptd-server 2021-08-08 02:55:34,196 [INFO] Sending to ptd: 'SR,A,0.500000'
ptd-server 2021-08-08 02:55:35,697 [INFO] Reply from ptd: 'Range A changed'
ptd-server 2021-08-08 02:55:35,697 [INFO] Set initial values for Amps 0.500000 and Volts 300.000000
ptd-server 2021-08-08 02:55:35,697 [INFO] Stopping ptd...
