ptd-server 2021-08-09 01:45:55,528 [INFO] Got command from the client 'time'
ptd-server 2021-08-09 01:45:55,528 [INFO] Sending reply to client '1628469955.5286627'
ptd-server 2021-08-09 01:45:55,530 [INFO] Got command from the client 'new,,7d098ae7-84e8-4faf-8577-487bc206e9e2'
ptd-server 2021-08-09 01:45:55,530 [INFO] Sending reply to client 'OK 2021-08-09_01-45-55,97a794b8-4b20-4434-b5c1-088c2799b2b7'
ptd-server 2021-08-09 01:45:55,573 [INFO] Got command from the client 'time'
ptd-server 2021-08-09 01:45:55,573 [INFO] Sending reply to client '1628469955.573953'
ptd-server 2021-08-09 01:45:55,576 [INFO] Got command from the client 'session,2021-08-09_01-45-55,start,ranging'
ptd-server 2021-08-09 01:45:55,576 [INFO] Running PTDaemon: ['/home/anton/projects/mlperf/power/inference_v1.0/ptd-linux-x86', '-l', '/tmp/tmpr3iqmcco/ptd_logfile.txt', '-p', '8888', '49', '/dev/usbtmc0']
ptd-server 2021-08-09 01:46:12,748 [INFO] Sending to ptd: 'Hello'
ptd-server 2021-08-09 01:46:12,749 [INFO] Reply from ptd: 'Hello, PTDaemon here!'
ptd-server 2021-08-09 01:46:12,749 [INFO] Sending to ptd: 'Identify'
ptd-server 2021-08-09 01:46:12,750 [INFO] Reply from ptd: 'YokogawaWT310E,1000,1,1,1,1,0,1,1,version=1.9.2-e8c7a49a-20201208,OS=Linux 5.8.0-63-generic #71~20.04.1-Ubuntu SMP Thu Jul 15 17:46:08 UTC 2021 x86_64,mode=power,1,1,1,0,0,no_cal_date,YOKOGAWA;WT310E;C3XA04010E;F1.04'
ptd-server 2021-08-09 01:46:12,750 [INFO] Connected to PTDaemon
ptd-server 2021-08-09 01:46:12,750 [INFO] Sending to ptd: 'RR'
ptd-server 2021-08-09 01:46:12,750 [INFO] Reply from ptd: 'Ranges,0,0.500000,0,300.000000'
ptd-server 2021-08-09 01:46:12,750 [INFO] Initial range for Amps is 0.500000 for Volts is 300.000000
ptd-server 2021-08-09 01:46:12,751 [INFO] Sending to ptd: 'SR,V,Auto'
ptd-server 2021-08-09 01:46:13,253 [INFO] Reply from ptd: 'Range V changed'
ptd-server 2021-08-09 01:46:13,253 [INFO] Sending to ptd: 'SR,A,Auto'
ptd-server 2021-08-09 01:46:13,756 [INFO] Reply from ptd: 'Range A changed'
ptd-server 2021-08-09 01:46:23,764 [INFO] Starting ranging mode
ptd-server 2021-08-09 01:46:23,764 [INFO] Sending to ptd: 'Go,1000,0,2021-08-09_01-45-55_ranging'
ptd-server 2021-08-09 01:46:23,764 [INFO] Reply from ptd: 'Starting untimed measurement, maximum 500000 samples at 1000ms with 0 rampup samples'
ptd-server 2021-08-09 01:46:23,764 [INFO] Sending reply to client 'OK'
ptd-server 2021-08-09 01:56:43,672 [INFO] Got command from the client 'session,2021-08-09_01-45-55,stop,ranging'
ptd-server 2021-08-09 01:56:53,682 [INFO] Sending to ptd: 'Stop'
ptd-server 2021-08-09 01:56:53,682 [INFO] Reply from ptd: 'Stopping untimed measurement'
ptd-server 2021-08-09 01:56:53,886 [INFO] Sending reply to client 'OK'
ptd-server 2021-08-09 01:56:53,945 [INFO] Got command from the client 'time'
ptd-server 2021-08-09 01:56:53,945 [INFO] Sending reply to client '1628470613.9459236'
ptd-server 2021-08-09 01:56:53,947 [INFO] Got command from the client 'session,2021-08-09_01-45-55,start,testing'
ptd-server 2021-08-09 01:56:53,947 [INFO] Sending to ptd: 'SR,V,250.170000'
ptd-server 2021-08-09 01:56:55,449 [INFO] Reply from ptd: 'Range V changed'
ptd-server 2021-08-09 01:56:55,449 [INFO] Sending to ptd: 'SR,A,0.223140'
ptd-server 2021-08-09 01:56:56,950 [INFO] Reply from ptd: 'Range A changed'
ptd-server 2021-08-09 01:57:06,960 [INFO] Starting testing mode
ptd-server 2021-08-09 01:57:06,961 [INFO] Sending to ptd: 'Go,1000,0,2021-08-09_01-45-55_testing'
ptd-server 2021-08-09 01:57:06,961 [INFO] Reply from ptd: 'Starting untimed measurement, maximum 500000 samples at 1000ms with 0 rampup samples'
ptd-server 2021-08-09 01:57:06,961 [INFO] Sending reply to client 'OK'
ptd-server 2021-08-09 02:07:26,526 [INFO] Got command from the client 'session,2021-08-09_01-45-55,stop,testing'
ptd-server 2021-08-09 02:07:36,536 [INFO] Sending to ptd: 'Stop'
ptd-server 2021-08-09 02:07:36,536 [INFO] Reply from ptd: 'Stopping untimed measurement'
ptd-server 2021-08-09 02:07:36,654 [INFO] Sending reply to client 'OK'
ptd-server 2021-08-09 02:07:36,676 [INFO] Got command from the client 'session,2021-08-09_01-45-55,done'
ptd-server 2021-08-09 02:07:36,676 [INFO] Sending to ptd: 'Stop'
ptd-server 2021-08-09 02:07:36,961 [INFO] Reply from ptd: 'Error: no measurement to stop'
ptd-server 2021-08-09 02:07:36,961 [INFO] Sending to ptd: 'SR,V,300.000000'
ptd-server 2021-08-09 02:07:38,463 [INFO] Reply from ptd: 'Range V changed'
ptd-server 2021-08-09 02:07:38,463 [INFO] Sending to ptd: 'SR,A,0.500000'
ptd-server 2021-08-09 02:07:39,964 [INFO] Reply from ptd: 'Range A changed'
ptd-server 2021-08-09 02:07:39,964 [INFO] Set initial values for Amps 0.500000 and Volts 300.000000
ptd-server 2021-08-09 02:07:39,965 [INFO] Stopping ptd...
