ptd-server 2021-08-07 01:57:08,113 [INFO] Got command from the client 'stop'
ptd-server 2021-08-07 01:57:08,113 [INFO] The server will be stopped after processing this client
ptd-server 2021-08-07 01:57:08,113 [INFO] Sending reply to client 'OK'
ptd-server 2021-08-07 01:57:08,323 [INFO] Got command from the client 'time'
ptd-server 2021-08-07 01:57:08,323 [INFO] Sending reply to client '1628326628.323075'
ptd-server 2021-08-07 01:57:08,323 [INFO] Got command from the client 'new,,90f025d0-708c-4087-8e0d-b21f10c72e53'
ptd-server 2021-08-07 01:57:08,323 [INFO] Sending reply to client 'OK 2021-08-07_01-57-08,92fc8abe-899b-42e2-b014-146ba31c7d72'
ptd-server 2021-08-07 01:57:08,526 [INFO] Got command from the client 'time'
ptd-server 2021-08-07 01:57:08,526 [INFO] Sending reply to client '1628326628.5262282'
ptd-server 2021-08-07 01:57:08,526 [INFO] Got command from the client 'session,2021-08-07_01-57-08,start,ranging'
ptd-server 2021-08-07 01:57:08,635 [INFO] Running PTDaemon: ['C:\\PTD\\ptd-windows-x86.exe', '-l', 'C:\\Users\\lab\\AppData\\Local\\Temp\\tmpwlljccpm\\ptd_logfile.txt', '-p', '8888', '-c', '1', '-y', '52', '172.18.220.100']
ptd-server 2021-08-07 01:57:27,212 [INFO] Sending to ptd: 'Hello'
ptd-server 2021-08-07 01:57:27,212 [INFO] Reply from ptd: 'Hello, PTDaemon here!'
ptd-server 2021-08-07 01:57:27,212 [INFO] Sending to ptd: 'Identify'
ptd-server 2021-08-07 01:57:27,212 [INFO] Reply from ptd: 'YokogawaWT330E,1000,1,1,1,1,0,0,1,version=1.9.2-3976349f-20201208,OS=Windows 8 / Server 2012,mode=power,1,1,1,0,0,no_cal_date,YOKOGAWA;WT333E;C2WC23035V;F1.04'
ptd-server 2021-08-07 01:57:27,212 [INFO] Connected to PTDaemon
ptd-server 2021-08-07 01:57:27,212 [INFO] Sending to ptd: 'RR'
ptd-server 2021-08-07 01:57:27,212 [INFO] Reply from ptd: 'Ranges,1,5.000000,1,300.000000'
ptd-server 2021-08-07 01:57:27,212 [INFO] Initial range for Amps is Auto for Volts is Auto
ptd-server 2021-08-07 01:57:27,212 [INFO] Sending to ptd: 'SR,V,Auto'
ptd-server 2021-08-07 01:57:27,731 [INFO] Reply from ptd: 'Range V changed'
ptd-server 2021-08-07 01:57:27,731 [INFO] Sending to ptd: 'SR,A,20'
ptd-server 2021-08-07 01:57:29,270 [INFO] Reply from ptd: 'Range A changed'
ptd-server 2021-08-07 01:57:39,284 [INFO] Starting ranging mode
ptd-server 2021-08-07 01:57:39,284 [INFO] Sending to ptd: 'Go,1000,0,2021-08-07_01-57-08_ranging'
ptd-server 2021-08-07 01:57:39,284 [INFO] Reply from ptd: 'Starting untimed measurement, maximum 500000 samples at 1000ms with 0 rampup samples'
ptd-server 2021-08-07 01:57:39,284 [INFO] Sending reply to client 'OK'
ptd-server 2021-08-07 02:16:12,514 [INFO] Got command from the client 'session,2021-08-07_01-57-08,stop,ranging'
ptd-server 2021-08-07 02:16:22,522 [INFO] Sending to ptd: 'Stop'
ptd-server 2021-08-07 02:16:22,522 [INFO] Reply from ptd: 'Stopping untimed measurement'
ptd-server 2021-08-07 02:16:22,537 [INFO] Sending reply to client 'OK'
ptd-server 2021-08-07 02:16:22,819 [INFO] Got command from the client 'time'
ptd-server 2021-08-07 02:16:22,819 [INFO] Sending reply to client '1628327782.819121'
ptd-server 2021-08-07 02:16:22,819 [INFO] Got command from the client 'session,2021-08-07_01-57-08,start,testing'
ptd-server 2021-08-07 02:16:22,819 [INFO] Sending to ptd: 'SR,V,206.610000'
ptd-server 2021-08-07 02:16:24,802 [INFO] Reply from ptd: 'Range V changed'
ptd-server 2021-08-07 02:16:24,802 [INFO] Sending to ptd: 'SR,A,6.571000'
ptd-server 2021-08-07 02:16:26,330 [INFO] Reply from ptd: 'Range A changed'
ptd-server 2021-08-07 02:16:36,330 [INFO] Starting testing mode
ptd-server 2021-08-07 02:16:36,330 [INFO] Sending to ptd: 'Go,1000,0,2021-08-07_01-57-08_testing'
ptd-server 2021-08-07 02:16:36,330 [INFO] Reply from ptd: 'Starting untimed measurement, maximum 500000 samples at 1000ms with 0 rampup samples'
ptd-server 2021-08-07 02:16:36,330 [INFO] Sending reply to client 'OK'
ptd-server 2021-08-07 02:35:27,680 [INFO] Got command from the client 'session,2021-08-07_01-57-08,stop,testing'
ptd-server 2021-08-07 02:35:37,689 [INFO] Sending to ptd: 'Stop'
ptd-server 2021-08-07 02:35:37,689 [INFO] Reply from ptd: 'Stopping untimed measurement'
ptd-server 2021-08-07 02:35:37,705 [INFO] Sending reply to client 'OK'
ptd-server 2021-08-07 02:35:37,912 [INFO] Got command from the client 'session,2021-08-07_01-57-08,done'
ptd-server 2021-08-07 02:35:37,912 [INFO] Sending to ptd: 'Stop'
ptd-server 2021-08-07 02:35:38,333 [INFO] Reply from ptd: 'Error: no measurement to stop'
ptd-server 2021-08-07 02:35:38,333 [INFO] Sending to ptd: 'SR,V,Auto'
ptd-server 2021-08-07 02:35:38,846 [INFO] Reply from ptd: 'Range V changed'
ptd-server 2021-08-07 02:35:38,846 [INFO] Sending to ptd: 'SR,A,Auto'
ptd-server 2021-08-07 02:35:39,364 [INFO] Reply from ptd: 'Range A changed'
ptd-server 2021-08-07 02:35:39,364 [INFO] Set initial values for Amps Auto and Volts Auto
ptd-server 2021-08-07 02:35:39,364 [INFO] Stopping ptd...
