ptd-server 2021-08-13 07:37:49,777 [INFO] Got command from the client 'time'
ptd-server 2021-08-13 07:37:49,778 [INFO] Sending reply to client '1628858269.7779887'
ptd-server 2021-08-13 07:37:49,778 [INFO] Got command from the client 'new,,9971d1d9-21e7-486e-a664-7f8ce2b07b1f'
ptd-server 2021-08-13 07:37:49,779 [INFO] Sending reply to client 'OK 2021-08-13_07-37-49,19d46039-fafd-4268-a149-7c10205d8754'
ptd-server 2021-08-13 07:37:49,885 [INFO] Got command from the client 'time'
ptd-server 2021-08-13 07:37:49,885 [INFO] Sending reply to client '1628858269.8857574'
ptd-server 2021-08-13 07:37:49,886 [INFO] Got command from the client 'session,2021-08-13_07-37-49,start,ranging'
ptd-server 2021-08-13 07:37:49,886 [INFO] Running PTDaemon: ['/local/mnt/workspace/mlcommons/power-main/inference_v1.0/ptd-linux-x86', '-l', '/tmp/tmpqnpdpkmr/ptd_logfile.txt', '-p', '8888', '-c', '1,2', '77', '/dev/usbtmc1']
ptd-server 2021-08-13 07:38:07,567 [INFO] Sending to ptd: 'Hello'
ptd-server 2021-08-13 07:38:07,568 [INFO] Reply from ptd: 'Hello, PTDaemon here!'
ptd-server 2021-08-13 07:38:07,568 [INFO] Sending to ptd: 'Identify'
ptd-server 2021-08-13 07:38:07,569 [INFO] Reply from ptd: 'YokogawaWT330_multichannel,1000,1,1,1,1,0,0,1,version=1.9.2-e8c7a49a-20201208,OS=Linux 4.15.0-118-generic #119~16.04.1-Ubuntu SMP Tue Sep 8 14:54:40 UTC 2020 x86_64,mode=power,1,1,2,0,0,no_cal_date,YOKOGAWA;WT333E;C2XC17005V;F1.04'
ptd-server 2021-08-13 07:38:07,569 [INFO] Connected to PTDaemon
ptd-server 2021-08-13 07:38:07,569 [INFO] Sending to ptd: 'RR'
ptd-server 2021-08-13 07:38:07,570 [INFO] Reply from ptd: 'Ranges,-1,-1.000000,-1,-1.000000'
ptd-server 2021-08-13 07:38:07,570 [INFO] Initial range for Amps is Auto for Volts is Auto
ptd-server 2021-08-13 07:38:07,570 [INFO] Sending to ptd: 'SR,V,Auto'
ptd-server 2021-08-13 07:38:12,623 [INFO] Reply from ptd: 'Range V changed'
ptd-server 2021-08-13 07:38:12,623 [INFO] Sending to ptd: 'SR,A,Auto'
ptd-server 2021-08-13 07:38:17,675 [INFO] Reply from ptd: 'Range A changed'
ptd-server 2021-08-13 07:38:27,686 [INFO] Starting ranging mode
ptd-server 2021-08-13 07:38:27,686 [INFO] Sending to ptd: 'Go,1000,0,2021-08-13_07-37-49_ranging'
ptd-server 2021-08-13 07:38:27,686 [INFO] Reply from ptd: 'Starting untimed measurement, maximum 500000 samples at 1000ms with 0 rampup samples'
ptd-server 2021-08-13 07:38:27,687 [INFO] Sending reply to client 'OK'
ptd-server 2021-08-13 07:50:40,050 [INFO] Got command from the client 'session,2021-08-13_07-37-49,stop,ranging'
ptd-server 2021-08-13 07:50:50,059 [INFO] Sending to ptd: 'Stop'
ptd-server 2021-08-13 07:50:50,059 [INFO] Reply from ptd: 'Stopping untimed measurement'
ptd-server 2021-08-13 07:50:50,085 [INFO] Sending reply to client 'OK'
ptd-server 2021-08-13 07:50:50,201 [INFO] Got command from the client 'time'
ptd-server 2021-08-13 07:50:50,202 [INFO] Sending reply to client '1628859050.2019858'
ptd-server 2021-08-13 07:50:50,202 [INFO] Got command from the client 'session,2021-08-13_07-37-49,start,testing'
ptd-server 2021-08-13 07:50:50,203 [INFO] Sending to ptd: 'SR,V,207.040000'
ptd-server 2021-08-13 07:50:56,738 [INFO] Reply from ptd: 'Range V changed'
ptd-server 2021-08-13 07:50:56,738 [INFO] Sending to ptd: 'SR,A,4.349600'
ptd-server 2021-08-13 07:51:02,290 [INFO] Reply from ptd: 'Range A changed'
ptd-server 2021-08-13 07:51:12,294 [INFO] Starting testing mode
ptd-server 2021-08-13 07:51:12,294 [INFO] Sending to ptd: 'Go,1000,0,2021-08-13_07-37-49_testing'
ptd-server 2021-08-13 07:51:12,294 [INFO] Reply from ptd: 'Starting untimed measurement, maximum 500000 samples at 1000ms with 0 rampup samples'
ptd-server 2021-08-13 07:51:12,294 [INFO] Sending reply to client 'OK'
ptd-server 2021-08-13 08:03:24,360 [INFO] Got command from the client 'session,2021-08-13_07-37-49,stop,testing'
ptd-server 2021-08-13 08:03:34,370 [INFO] Sending to ptd: 'Stop'
ptd-server 2021-08-13 08:03:34,371 [INFO] Reply from ptd: 'Stopping untimed measurement'
ptd-server 2021-08-13 08:03:34,378 [INFO] Sending reply to client 'OK'
ptd-server 2021-08-13 08:03:34,384 [INFO] Got command from the client 'session,2021-08-13_07-37-49,done'
ptd-server 2021-08-13 08:03:34,384 [INFO] Sending to ptd: 'Stop'
ptd-server 2021-08-13 08:03:35,295 [INFO] Reply from ptd: 'Error: no measurement to stop'
ptd-server 2021-08-13 08:03:35,295 [INFO] Sending to ptd: 'SR,V,Auto'
ptd-server 2021-08-13 08:03:40,347 [INFO] Reply from ptd: 'Range V changed'
ptd-server 2021-08-13 08:03:40,347 [INFO] Sending to ptd: 'SR,A,Auto'
ptd-server 2021-08-13 08:03:45,400 [INFO] Reply from ptd: 'Range A changed'
ptd-server 2021-08-13 08:03:45,400 [INFO] Set initial values for Amps Auto and Volts Auto
ptd-server 2021-08-13 08:03:45,400 [INFO] Stopping ptd...
