client 2021-08-08 09:45:18,786 [WARNING] Removing loadgen logs directory '/home/maria/CK/ck-mlperf/program/image-classification-tflite-loadgen/tmp/loadgen_logs'
client 2021-08-08 09:45:18,788 [INFO] Sending command to the server: 'mlcommons/power client v3'
client 2021-08-08 09:45:18,789 [INFO] Got response: 'mlcommons/power server v3'
client 2021-08-08 09:45:18,789 [INFO] Synchronizing with the server and with time.google.com...
client 2021-08-08 09:45:18,835 [INFO] NTP:offset = -0.000 s, delay = 0.035 s 
client 2021-08-08 09:45:18,835 [INFO] Sending command to the server: 'time'
client 2021-08-08 09:45:18,837 [INFO] Got response: '1628412318.838833'
client 2021-08-08 09:45:18,837 [INFO] The time difference between the client and the server is within range -2.991 ms..-0.935 ms
client 2021-08-08 09:45:18,838 [INFO] Sending command to the server: 'new,,023a3a53-a0d0-4e19-87e9-da8726d12022'
client 2021-08-08 09:45:18,840 [INFO] Got response: 'OK 2021-08-08_09-45-18,4b452699-9a07-4a83-947b-b6b90b3a9f0d'
client 2021-08-08 09:45:18,841 [INFO] Session id is '2021-08-08_09-45-18'
client 2021-08-08 09:45:18,842 [INFO] Sources: {"sources": {"__init__.py": "da39a3ee5e6b4b0d3255bfef95601890afd80709", "client.py": "33ca4f26368777ac06e01f9567b714a4b8063886", "lib/__init__.py": "da39a3ee5e6b4b0d3255bfef95601890afd80709", "lib/client.py": "4c2b78fb4849a7e5b584ef792d82aaed20b17f57", "lib/common.py": "624d0c0acc7c39aaff3674f0b99d6a09da53d1dc", "lib/external/__init__.py": "da39a3ee5e6b4b0d3255bfef95601890afd80709", "lib/external/ntplib.py": "4da8f970656505a40483206ef2b5d3dd5e81711d", "lib/server.py": "59c9fb92908260d3e9f81a895c7aa009742275e4", "lib/source_hashes.py": "60a2e02193209e8d392803326208d5466342da18", "lib/summary.py": "aa92f0a3f975eecd44d3c0cd0236342ccc9f941d", "lib/time_sync.py": "3210db56eb0ff0df57bf4293dc4d4b03fffd46f1", "server.py": "c3f90f2f7eeb4db30727556d0c815ebc89b3d28b", "tests/unit/__init__.py": "da39a3ee5e6b4b0d3255bfef95601890afd80709", "tests/unit/test_server.py": "99ae15aef722f2000ee6ed1ae1523637bf1ae42b", "tests/unit/test_source_hashes.py": "00468a2907583c593e6574a1f6b404e4651c221a"}, "modules": {"ptd_client_server.lib.client": "lib/client.py", "ptd_client_server.lib.common": "lib/common.py", "ptd_client_server.lib.external.ntplib": "lib/external/ntplib.py", "ptd_client_server.lib.source_hashes": "lib/source_hashes.py", "ptd_client_server.lib.summary": "lib/summary.py", "ptd_client_server.lib.time_sync": "lib/time_sync.py"}}
client 2021-08-08 09:45:18,843 [INFO] Running workload in ranging mode
client 2021-08-08 09:45:18,844 [INFO] Synchronizing with the server and with time.google.com...
client 2021-08-08 09:45:18,884 [INFO] NTP:offset = 0.001 s, delay = 0.036 s 
client 2021-08-08 09:45:18,885 [INFO] Sending command to the server: 'time'
client 2021-08-08 09:45:18,887 [INFO] Got response: '1628412318.8882768'
client 2021-08-08 09:45:18,887 [INFO] The time difference between the client and the server is within range -2.870 ms..-0.715 ms
client 2021-08-08 09:45:18,887 [INFO] Sending command to the server: 'session,2021-08-08_09-45-18,start,ranging'
client 2021-08-08 09:45:47,080 [INFO] Got response: 'OK'
client 2021-08-08 09:45:47,081 [INFO] Running the workload 'ck benchmark program:image-classification-tflite-loadgen --env.CK_SILENT_MODE=YES --skip_print_timers --dep_add_tags.compiler=gcc,v7 --dep_add_tags.python=v3 --dep_add_tags.mlperf-inference-src=r1.1 --dep_add_tags.weights=mobilenet,v3-large_224_1.0_float --dep_add_tags.images=crop.875,preprocessed,using-opencv --dep_add_tags.library=tflite,v2.5.0,with.ruy --env.CK_LOADGEN_DATASET_SIZE=1024 --env.CK_LOADGEN_MODE=PerformanceOnly --env.CK_LOADGEN_SCENARIO=SingleStream --env.CK_LOADGEN_TARGET_LATENCY=$CK_LOADGEN_TARGET_LATENCY --skip_stat_analysis --process_multi_keys --repetitions=1 --record --record_repo=local --record_uoa=mlperf-open-xavier-tflite-v2.5.0-ruy-mobilenet-v3-large_224_1.0_float-singlestream-performance-target_latency.$CK_LOADGEN_TARGET_LATENCY-power.workload --tags=mlperf,division.open,task.image-classification,platform.xavier,scenario.singlestream,mode.performance,workload.mobilenet-v3-large_224_1.0_float,preprocessed_using.opencv,inference_engine.tflite,inference_engine_version.v2.5.0,inference_engine_backend.ruy,target_latency.$CK_LOADGEN_TARGET_LATENCY,power.workload "@@@{\'meta\': {\'ck_benchmark_program\': \'ck benchmark program:image-classification-tflite-loadgen --env.CK_SILENT_MODE=YES --skip_print_timers --dep_add_tags.compiler=gcc,v7 --dep_add_tags.python=v3 --dep_add_tags.mlperf-inference-src=r1.1 --dep_add_tags.weights=mobilenet,v3-large_224_1.0_float --dep_add_tags.images=crop.875,preprocessed,using-opencv --dep_add_tags.library=tflite,v2.5.0,with.ruy --env.CK_LOADGEN_DATASET_SIZE=1024 --env.CK_LOADGEN_MODE=PerformanceOnly --env.CK_LOADGEN_SCENARIO=SingleStream --env.CK_LOADGEN_TARGET_LATENCY=$CK_LOADGEN_TARGET_LATENCY --skip_stat_analysis --process_multi_keys --repetitions=1 --record --record_repo=local --record_uoa=mlperf-open-xavier-tflite-v2.5.0-ruy-mobilenet-v3-large_224_1.0_float-singlestream-performance-target_latency.$CK_LOADGEN_TARGET_LATENCY-power.workload --tags=mlperf,division.open,task.image-classification,platform.xavier,scenario.singlestream,mode.performance,workload.mobilenet-v3-large_224_1.0_float,preprocessed_using.opencv,inference_engine.tflite,inference_engine_version.v2.5.0,inference_engine_backend.ruy,target_latency.$CK_LOADGEN_TARGET_LATENCY,power.workload\'}}" && cat `ck find program:image-classification-tflite-loadgen`/tmp/mlperf_log_summary.txt && mkdir -p "$CK_MLPERF_POWER_CLIENT_LOADGEN_LOGS" && cp "$CK_MLPERF_POWER_CLIENT_LOADGEN_LOGS"/../mlperf_log_* "$CK_MLPERF_POWER_CLIENT_LOADGEN_LOGS"/'
client 2021-08-08 09:56:06,922 [INFO] Sending command to the server: 'session,2021-08-08_09-45-18,stop,ranging'
client 2021-08-08 09:56:17,063 [INFO] Got response: 'OK'
client 2021-08-08 09:56:17,082 [INFO] Copying loadgen logs from '/home/maria/CK/ck-mlperf/program/image-classification-tflite-loadgen/tmp/loadgen_logs' to '/home/maria/CK/ck-mlperf/program/mlperf-power-client/tmp/2021-08-08_09-45-18/ranging'
client 2021-08-08 09:56:17,084 [INFO] Running workload in testing mode
client 2021-08-08 09:56:17,084 [INFO] Synchronizing with the server and with time.google.com...
client 2021-08-08 09:56:17,121 [INFO] NTP:offset = 0.004 s, delay = 0.033 s 
client 2021-08-08 09:56:17,122 [INFO] Sending command to the server: 'time'
client 2021-08-08 09:56:17,123 [INFO] Got response: '1628412977.1266944'
client 2021-08-08 09:56:17,124 [INFO] The time difference between the client and the server is within range -4.454 ms..-2.620 ms
client 2021-08-08 09:56:17,124 [INFO] Sending command to the server: 'session,2021-08-08_09-45-18,start,testing'
client 2021-08-08 09:56:30,140 [INFO] Got response: 'OK'
client 2021-08-08 09:56:30,142 [INFO] Running the workload 'ck benchmark program:image-classification-tflite-loadgen --env.CK_SILENT_MODE=YES --skip_print_timers --dep_add_tags.compiler=gcc,v7 --dep_add_tags.python=v3 --dep_add_tags.mlperf-inference-src=r1.1 --dep_add_tags.weights=mobilenet,v3-large_224_1.0_float --dep_add_tags.images=crop.875,preprocessed,using-opencv --dep_add_tags.library=tflite,v2.5.0,with.ruy --env.CK_LOADGEN_DATASET_SIZE=1024 --env.CK_LOADGEN_MODE=PerformanceOnly --env.CK_LOADGEN_SCENARIO=SingleStream --env.CK_LOADGEN_TARGET_LATENCY=$CK_LOADGEN_TARGET_LATENCY --skip_stat_analysis --process_multi_keys --repetitions=1 --record --record_repo=local --record_uoa=mlperf-open-xavier-tflite-v2.5.0-ruy-mobilenet-v3-large_224_1.0_float-singlestream-performance-target_latency.$CK_LOADGEN_TARGET_LATENCY-power.workload --tags=mlperf,division.open,task.image-classification,platform.xavier,scenario.singlestream,mode.performance,workload.mobilenet-v3-large_224_1.0_float,preprocessed_using.opencv,inference_engine.tflite,inference_engine_version.v2.5.0,inference_engine_backend.ruy,target_latency.$CK_LOADGEN_TARGET_LATENCY,power.workload "@@@{\'meta\': {\'ck_benchmark_program\': \'ck benchmark program:image-classification-tflite-loadgen --env.CK_SILENT_MODE=YES --skip_print_timers --dep_add_tags.compiler=gcc,v7 --dep_add_tags.python=v3 --dep_add_tags.mlperf-inference-src=r1.1 --dep_add_tags.weights=mobilenet,v3-large_224_1.0_float --dep_add_tags.images=crop.875,preprocessed,using-opencv --dep_add_tags.library=tflite,v2.5.0,with.ruy --env.CK_LOADGEN_DATASET_SIZE=1024 --env.CK_LOADGEN_MODE=PerformanceOnly --env.CK_LOADGEN_SCENARIO=SingleStream --env.CK_LOADGEN_TARGET_LATENCY=$CK_LOADGEN_TARGET_LATENCY --skip_stat_analysis --process_multi_keys --repetitions=1 --record --record_repo=local --record_uoa=mlperf-open-xavier-tflite-v2.5.0-ruy-mobilenet-v3-large_224_1.0_float-singlestream-performance-target_latency.$CK_LOADGEN_TARGET_LATENCY-power.workload --tags=mlperf,division.open,task.image-classification,platform.xavier,scenario.singlestream,mode.performance,workload.mobilenet-v3-large_224_1.0_float,preprocessed_using.opencv,inference_engine.tflite,inference_engine_version.v2.5.0,inference_engine_backend.ruy,target_latency.$CK_LOADGEN_TARGET_LATENCY,power.workload\'}}" && cat `ck find program:image-classification-tflite-loadgen`/tmp/mlperf_log_summary.txt && mkdir -p "$CK_MLPERF_POWER_CLIENT_LOADGEN_LOGS" && cp "$CK_MLPERF_POWER_CLIENT_LOADGEN_LOGS"/../mlperf_log_* "$CK_MLPERF_POWER_CLIENT_LOADGEN_LOGS"/'
client 2021-08-08 10:06:49,601 [INFO] Sending command to the server: 'session,2021-08-08_09-45-18,stop,testing'
client 2021-08-08 10:06:59,681 [INFO] Got response: 'OK'
client 2021-08-08 10:06:59,688 [INFO] Copying loadgen logs from '/home/maria/CK/ck-mlperf/program/image-classification-tflite-loadgen/tmp/loadgen_logs' to '/home/maria/CK/ck-mlperf/program/mlperf-power-client/tmp/2021-08-08_09-45-18/run_1'
client 2021-08-08 10:06:59,691 [INFO] Done runs
