ptd-server 2021-08-13 19:22:50,421 [INFO] Got command from the client 'time'
ptd-server 2021-08-13 19:22:50,421 [INFO] Sending reply to client '1628878970.421224'
ptd-server 2021-08-13 19:22:50,423 [INFO] Got command from the client 'new,,86ca146a-35de-4cad-b117-3eb72e9bfb68'
ptd-server 2021-08-13 19:22:50,424 [INFO] Sending reply to client 'OK 2021-08-13_19-22-50,1b04d115-1973-4598-8f13-2cdb89c8e55b'
ptd-server 2021-08-13 19:22:50,478 [INFO] Got command from the client 'time'
ptd-server 2021-08-13 19:22:50,478 [INFO] Sending reply to client '1628878970.4788828'
ptd-server 2021-08-13 19:22:50,481 [INFO] Got command from the client 'session,2021-08-13_19-22-50,start,ranging'
ptd-server 2021-08-13 19:22:50,481 [INFO] Running PTDaemon: ['/home/anton/projects/mlperf/power/inference_v1.0/ptd-linux-x86', '-l', '/tmp/tmpqehsa3vp/ptd_logfile.txt', '-p', '8888', '49', '/dev/usbtmc0']
ptd-server 2021-08-13 19:23:07,656 [INFO] Sending to ptd: 'Hello'
ptd-server 2021-08-13 19:23:07,657 [INFO] Reply from ptd: 'Hello, PTDaemon here!'
ptd-server 2021-08-13 19:23:07,657 [INFO] Sending to ptd: 'Identify'
ptd-server 2021-08-13 19:23:07,657 [INFO] Reply from ptd: 'YokogawaWT310E,1000,1,1,1,1,0,1,1,version=1.9.2-e8c7a49a-20201208,OS=Linux 5.11.0-25-generic #27~20.04.1-Ubuntu SMP Tue Jul 13 17:41:23 UTC 2021 x86_64,mode=power,1,1,1,0,0,no_cal_date,YOKOGAWA;WT310E;C3XA04010E;F1.04'
ptd-server 2021-08-13 19:23:07,657 [INFO] Connected to PTDaemon
ptd-server 2021-08-13 19:23:07,657 [INFO] Sending to ptd: 'RR'
ptd-server 2021-08-13 19:23:07,658 [INFO] Reply from ptd: 'Ranges,0,0.500000,0,300.000000'
ptd-server 2021-08-13 19:23:07,658 [INFO] Initial range for Amps is 0.500000 for Volts is 300.000000
ptd-server 2021-08-13 19:23:07,658 [INFO] Sending to ptd: 'SR,V,Auto'
ptd-server 2021-08-13 19:23:08,160 [INFO] Reply from ptd: 'Range V changed'
ptd-server 2021-08-13 19:23:08,161 [INFO] Sending to ptd: 'SR,A,Auto'
ptd-server 2021-08-13 19:23:08,663 [INFO] Reply from ptd: 'Range A changed'
ptd-server 2021-08-13 19:23:18,673 [INFO] Starting ranging mode
ptd-server 2021-08-13 19:23:18,673 [INFO] Sending to ptd: 'Go,1000,0,2021-08-13_19-22-50_ranging'
ptd-server 2021-08-13 19:23:18,674 [INFO] Reply from ptd: 'Starting untimed measurement, maximum 500000 samples at 1000ms with 0 rampup samples'
ptd-server 2021-08-13 19:23:18,674 [INFO] Sending reply to client 'OK'
ptd-server 2021-08-13 19:36:09,556 [INFO] Got command from the client 'session,2021-08-13_19-22-50,stop,ranging'
ptd-server 2021-08-13 19:36:19,566 [INFO] Sending to ptd: 'Stop'
ptd-server 2021-08-13 19:36:19,566 [INFO] Reply from ptd: 'Stopping untimed measurement'
ptd-server 2021-08-13 19:36:19,584 [INFO] Sending reply to client 'OK'
ptd-server 2021-08-13 19:36:19,721 [INFO] Got command from the client 'time'
ptd-server 2021-08-13 19:36:19,721 [INFO] Sending reply to client '1628879779.7218974'
ptd-server 2021-08-13 19:36:19,726 [INFO] Got command from the client 'session,2021-08-13_19-22-50,start,testing'
ptd-server 2021-08-13 19:36:19,726 [INFO] Sending to ptd: 'SR,V,251.070000'
ptd-server 2021-08-13 19:36:21,227 [INFO] Reply from ptd: 'Range V changed'
ptd-server 2021-08-13 19:36:21,228 [INFO] Sending to ptd: 'SR,A,0.209450'
ptd-server 2021-08-13 19:36:22,729 [INFO] Reply from ptd: 'Range A changed'
ptd-server 2021-08-13 19:36:32,739 [INFO] Starting testing mode
ptd-server 2021-08-13 19:36:32,739 [INFO] Sending to ptd: 'Go,1000,0,2021-08-13_19-22-50_testing'
ptd-server 2021-08-13 19:36:32,740 [INFO] Reply from ptd: 'Starting untimed measurement, maximum 500000 samples at 1000ms with 0 rampup samples'
ptd-server 2021-08-13 19:36:32,740 [INFO] Sending reply to client 'OK'
ptd-server 2021-08-13 19:51:28,533 [INFO] Got command from the client 'session,2021-08-13_19-22-50,stop,testing'
ptd-server 2021-08-13 19:51:38,543 [INFO] Sending to ptd: 'Stop'
ptd-server 2021-08-13 19:51:38,544 [INFO] Reply from ptd: 'Stopping untimed measurement'
ptd-server 2021-08-13 19:51:38,551 [INFO] Sending reply to client 'OK'
ptd-server 2021-08-13 19:51:38,590 [INFO] Got command from the client 'session,2021-08-13_19-22-50,done'
ptd-server 2021-08-13 19:51:38,590 [INFO] Sending to ptd: 'Stop'
ptd-server 2021-08-13 19:51:38,740 [INFO] Reply from ptd: 'Error: no measurement to stop'
ptd-server 2021-08-13 19:51:38,740 [INFO] Sending to ptd: 'SR,V,300.000000'
ptd-server 2021-08-13 19:51:40,242 [INFO] Reply from ptd: 'Range V changed'
ptd-server 2021-08-13 19:51:40,242 [INFO] Sending to ptd: 'SR,A,0.500000'
ptd-server 2021-08-13 19:51:41,743 [INFO] Reply from ptd: 'Range A changed'
ptd-server 2021-08-13 19:51:41,744 [INFO] Set initial values for Amps 0.500000 and Volts 300.000000
ptd-server 2021-08-13 19:51:41,744 [INFO] Stopping ptd...
