ptd-server 2021-08-11 03:22:57,228 [INFO] Got command from the client 'stop'
ptd-server 2021-08-11 03:22:57,228 [INFO] The server will be stopped after processing this client
ptd-server 2021-08-11 03:22:57,228 [INFO] Sending reply to client 'OK'
ptd-server 2021-08-11 03:22:57,634 [INFO] Got command from the client 'time'
ptd-server 2021-08-11 03:22:57,634 [INFO] Sending reply to client '1628677377.6346724'
ptd-server 2021-08-11 03:22:57,634 [INFO] Got command from the client 'new,,2ba0a6a6-905a-4ed9-9137-a2bda2d78cd7'
ptd-server 2021-08-11 03:22:57,634 [INFO] Sending reply to client 'OK 2021-08-11_03-22-57,ac2d3d24-1d70-48f7-a5d4-743ee0c1eb85'
ptd-server 2021-08-11 03:22:57,837 [INFO] Got command from the client 'time'
ptd-server 2021-08-11 03:22:57,837 [INFO] Sending reply to client '1628677377.837918'
ptd-server 2021-08-11 03:22:57,853 [INFO] Got command from the client 'session,2021-08-11_03-22-57,start,ranging'
ptd-server 2021-08-11 03:22:57,962 [INFO] Running PTDaemon: ['C:\\PTD\\ptd-windows-x86.exe', '-l', 'C:\\Users\\lab\\AppData\\Local\\Temp\\tmp8izts5km\\ptd_logfile.txt', '-p', '8888', '-c', '1,3', '-y', '77', '172.22.0.90']
ptd-server 2021-08-11 03:23:17,040 [INFO] Sending to ptd: 'Hello'
ptd-server 2021-08-11 03:23:17,040 [INFO] Reply from ptd: 'Hello, PTDaemon here!'
ptd-server 2021-08-11 03:23:17,040 [INFO] Sending to ptd: 'Identify'
ptd-server 2021-08-11 03:23:17,040 [INFO] Reply from ptd: 'YokogawaWT330_multichannel,1000,1,1,1,1,0,0,1,version=1.9.2-3976349f-20201208,OS=Windows 8 / Server 2012,mode=power,1,1,2,0,0,no_cal_date,YOKOGAWA;WT333E;C2WA21018V;F1.04'
ptd-server 2021-08-11 03:23:17,040 [INFO] Connected to PTDaemon
ptd-server 2021-08-11 03:23:17,040 [INFO] Sending to ptd: 'RR'
ptd-server 2021-08-11 03:23:17,040 [INFO] Reply from ptd: 'Ranges,0,20.000000,1,300.000000'
ptd-server 2021-08-11 03:23:17,040 [INFO] Initial range for Amps is 20.000000 for Volts is Auto
ptd-server 2021-08-11 03:23:17,040 [INFO] Sending to ptd: 'SR,V,Auto'
ptd-server 2021-08-11 03:23:22,110 [INFO] Reply from ptd: 'Range V changed'
ptd-server 2021-08-11 03:23:22,110 [INFO] Sending to ptd: 'SR,A,20'
ptd-server 2021-08-11 03:23:27,700 [INFO] Reply from ptd: 'Range A changed'
ptd-server 2021-08-11 03:23:37,712 [INFO] Starting ranging mode
ptd-server 2021-08-11 03:23:37,712 [INFO] Sending to ptd: 'Go,1000,0,2021-08-11_03-22-57_ranging'
ptd-server 2021-08-11 03:23:37,712 [INFO] Reply from ptd: 'Starting untimed measurement, maximum 500000 samples at 1000ms with 0 rampup samples'
ptd-server 2021-08-11 03:23:37,712 [INFO] Sending reply to client 'OK'
ptd-server 2021-08-11 03:36:11,918 [INFO] Got command from the client 'session,2021-08-11_03-22-57,stop,ranging'
ptd-server 2021-08-11 03:36:21,927 [INFO] Sending to ptd: 'Stop'
ptd-server 2021-08-11 03:36:21,927 [INFO] Reply from ptd: 'Stopping untimed measurement'
ptd-server 2021-08-11 03:36:21,958 [INFO] Sending reply to client 'OK'
ptd-server 2021-08-11 03:36:22,177 [INFO] Got command from the client 'time'
ptd-server 2021-08-11 03:36:22,177 [INFO] Sending reply to client '1628678182.177019'
ptd-server 2021-08-11 03:36:22,177 [INFO] Got command from the client 'session,2021-08-11_03-22-57,start,testing'
ptd-server 2021-08-11 03:36:22,177 [INFO] Sending to ptd: 'SR,V,234.070000'
ptd-server 2021-08-11 03:36:28,817 [INFO] Reply from ptd: 'Range V changed'
ptd-server 2021-08-11 03:36:28,817 [INFO] Sending to ptd: 'SR,A,5.274000'
ptd-server 2021-08-11 03:36:34,404 [INFO] Reply from ptd: 'Range A changed'
ptd-server 2021-08-11 03:36:44,411 [INFO] Starting testing mode
ptd-server 2021-08-11 03:36:44,411 [INFO] Sending to ptd: 'Go,1000,0,2021-08-11_03-22-57_testing'
ptd-server 2021-08-11 03:36:44,411 [INFO] Reply from ptd: 'Starting untimed measurement, maximum 500000 samples at 1000ms with 0 rampup samples'
ptd-server 2021-08-11 03:36:44,411 [INFO] Sending reply to client 'OK'
ptd-server 2021-08-11 03:49:31,328 [INFO] Got command from the client 'session,2021-08-11_03-22-57,stop,testing'
ptd-server 2021-08-11 03:49:41,328 [INFO] Sending to ptd: 'Stop'
ptd-server 2021-08-11 03:49:41,328 [INFO] Reply from ptd: 'Stopping untimed measurement'
ptd-server 2021-08-11 03:49:41,343 [INFO] Sending reply to client 'OK'
ptd-server 2021-08-11 03:49:41,390 [INFO] Got command from the client 'session,2021-08-11_03-22-57,done'
ptd-server 2021-08-11 03:49:41,390 [INFO] Sending to ptd: 'Stop'
ptd-server 2021-08-11 03:49:41,421 [INFO] Reply from ptd: 'Error: no measurement to stop'
ptd-server 2021-08-11 03:49:41,421 [INFO] Sending to ptd: 'SR,V,Auto'
ptd-server 2021-08-11 03:49:46,490 [INFO] Reply from ptd: 'Range V changed'
ptd-server 2021-08-11 03:49:46,490 [INFO] Sending to ptd: 'SR,A,20.000000'
ptd-server 2021-08-11 03:49:52,087 [INFO] Reply from ptd: 'Range A changed'
ptd-server 2021-08-11 03:49:52,087 [INFO] Set initial values for Amps 20.000000 and Volts Auto
ptd-server 2021-08-11 03:49:52,087 [INFO] Stopping ptd...
