ptd-server 2021-08-08 01:28:14,321 [INFO] Got command from the client 'time'
ptd-server 2021-08-08 01:28:14,321 [INFO] Sending reply to client '1628382494.3219447'
ptd-server 2021-08-08 01:28:14,323 [INFO] Got command from the client 'new,,89c83306-02a7-4510-9854-8076985a182b'
ptd-server 2021-08-08 01:28:14,324 [INFO] Sending reply to client 'OK 2021-08-08_01-28-14,78ffda23-ac58-4e09-a9a9-ceaff35d8d4c'
ptd-server 2021-08-08 01:28:14,361 [INFO] Got command from the client 'time'
ptd-server 2021-08-08 01:28:14,361 [INFO] Sending reply to client '1628382494.361225'
ptd-server 2021-08-08 01:28:14,362 [INFO] Got command from the client 'session,2021-08-08_01-28-14,start,ranging'
ptd-server 2021-08-08 01:28:14,362 [INFO] Running PTDaemon: ['/home/anton/projects/mlperf/power/inference_v1.0/ptd-linux-x86', '-l', '/tmp/tmpr3iqmcco/ptd_logfile.txt', '-p', '8888', '49', '/dev/usbtmc0']
ptd-server 2021-08-08 01:28:31,535 [INFO] Sending to ptd: 'Hello'
ptd-server 2021-08-08 01:28:31,536 [INFO] Reply from ptd: 'Hello, PTDaemon here!'
ptd-server 2021-08-08 01:28:31,536 [INFO] Sending to ptd: 'Identify'
ptd-server 2021-08-08 01:28:31,536 [INFO] Reply from ptd: 'YokogawaWT310E,1000,1,1,1,1,0,1,1,version=1.9.2-e8c7a49a-20201208,OS=Linux 5.8.0-63-generic #71~20.04.1-Ubuntu SMP Thu Jul 15 17:46:08 UTC 2021 x86_64,mode=power,1,1,1,0,0,no_cal_date,YOKOGAWA;WT310E;C3XA04010E;F1.04'
ptd-server 2021-08-08 01:28:31,536 [INFO] Connected to PTDaemon
ptd-server 2021-08-08 01:28:31,536 [INFO] Sending to ptd: 'RR'
ptd-server 2021-08-08 01:28:31,537 [INFO] Reply from ptd: 'Ranges,0,0.500000,0,300.000000'
ptd-server 2021-08-08 01:28:31,537 [INFO] Initial range for Amps is 0.500000 for Volts is 300.000000
ptd-server 2021-08-08 01:28:31,537 [INFO] Sending to ptd: 'SR,V,Auto'
ptd-server 2021-08-08 01:28:32,039 [INFO] Reply from ptd: 'Range V changed'
ptd-server 2021-08-08 01:28:32,040 [INFO] Sending to ptd: 'SR,A,Auto'
ptd-server 2021-08-08 01:28:32,542 [INFO] Reply from ptd: 'Range A changed'
ptd-server 2021-08-08 01:28:42,552 [INFO] Starting ranging mode
ptd-server 2021-08-08 01:28:42,553 [INFO] Sending to ptd: 'Go,1000,0,2021-08-08_01-28-14_ranging'
ptd-server 2021-08-08 01:28:42,553 [INFO] Reply from ptd: 'Starting untimed measurement, maximum 500000 samples at 1000ms with 0 rampup samples'
ptd-server 2021-08-08 01:28:42,553 [INFO] Sending reply to client 'OK'
ptd-server 2021-08-08 01:39:02,272 [INFO] Got command from the client 'session,2021-08-08_01-28-14,stop,ranging'
ptd-server 2021-08-08 01:39:12,283 [INFO] Sending to ptd: 'Stop'
ptd-server 2021-08-08 01:39:12,283 [INFO] Reply from ptd: 'Stopping untimed measurement'
ptd-server 2021-08-08 01:39:12,380 [INFO] Sending reply to client 'OK'
ptd-server 2021-08-08 01:39:12,470 [INFO] Got command from the client 'time'
ptd-server 2021-08-08 01:39:12,470 [INFO] Sending reply to client '1628383152.4704523'
ptd-server 2021-08-08 01:39:12,472 [INFO] Got command from the client 'session,2021-08-08_01-28-14,start,testing'
ptd-server 2021-08-08 01:39:12,472 [INFO] Sending to ptd: 'SR,V,249.880000'
ptd-server 2021-08-08 01:39:14,054 [INFO] Reply from ptd: 'Range V changed'
ptd-server 2021-08-08 01:39:14,054 [INFO] Sending to ptd: 'SR,A,0.174130'
ptd-server 2021-08-08 01:39:15,556 [INFO] Reply from ptd: 'Range A changed'
ptd-server 2021-08-08 01:39:25,566 [INFO] Starting testing mode
ptd-server 2021-08-08 01:39:25,566 [INFO] Sending to ptd: 'Go,1000,0,2021-08-08_01-28-14_testing'
ptd-server 2021-08-08 01:39:25,567 [INFO] Reply from ptd: 'Starting untimed measurement, maximum 500000 samples at 1000ms with 0 rampup samples'
ptd-server 2021-08-08 01:39:25,567 [INFO] Sending reply to client 'OK'
ptd-server 2021-08-08 01:49:45,113 [INFO] Got command from the client 'session,2021-08-08_01-28-14,stop,testing'
ptd-server 2021-08-08 01:49:55,124 [INFO] Sending to ptd: 'Stop'
ptd-server 2021-08-08 01:49:55,124 [INFO] Reply from ptd: 'Stopping untimed measurement'
ptd-server 2021-08-08 01:49:55,175 [INFO] Sending reply to client 'OK'
ptd-server 2021-08-08 01:49:55,201 [INFO] Got command from the client 'session,2021-08-08_01-28-14,done'
ptd-server 2021-08-08 01:49:55,202 [INFO] Sending to ptd: 'Stop'
ptd-server 2021-08-08 01:49:55,567 [INFO] Reply from ptd: 'Error: no measurement to stop'
ptd-server 2021-08-08 01:49:55,567 [INFO] Sending to ptd: 'SR,V,300.000000'
ptd-server 2021-08-08 01:49:57,069 [INFO] Reply from ptd: 'Range V changed'
ptd-server 2021-08-08 01:49:57,069 [INFO] Sending to ptd: 'SR,A,0.500000'
ptd-server 2021-08-08 01:49:58,570 [INFO] Reply from ptd: 'Range A changed'
ptd-server 2021-08-08 01:49:58,570 [INFO] Set initial values for Amps 0.500000 and Volts 300.000000
ptd-server 2021-08-08 01:49:58,571 [INFO] Stopping ptd...
