ptd-server 2021-08-08 00:44:31,367 [INFO] Got command from the client 'time'
ptd-server 2021-08-08 00:44:31,367 [INFO] Sending reply to client '1628379871.367732'
ptd-server 2021-08-08 00:44:31,369 [INFO] Got command from the client 'new,,61f5c671-9bb4-4ccc-8c96-6361d593d498'
ptd-server 2021-08-08 00:44:31,370 [INFO] Sending reply to client 'OK 2021-08-08_00-44-31,73282891-702c-4113-9107-3f72063b2c29'
ptd-server 2021-08-08 00:44:31,408 [INFO] Got command from the client 'time'
ptd-server 2021-08-08 00:44:31,408 [INFO] Sending reply to client '1628379871.408617'
ptd-server 2021-08-08 00:44:31,410 [INFO] Got command from the client 'session,2021-08-08_00-44-31,start,ranging'
ptd-server 2021-08-08 00:44:31,411 [INFO] Running PTDaemon: ['/home/anton/projects/mlperf/power/inference_v1.0/ptd-linux-x86', '-l', '/tmp/tmpr3iqmcco/ptd_logfile.txt', '-p', '8888', '49', '/dev/usbtmc0']
ptd-server 2021-08-08 00:44:48,584 [INFO] Sending to ptd: 'Hello'
ptd-server 2021-08-08 00:44:48,584 [INFO] Reply from ptd: 'Hello, PTDaemon here!'
ptd-server 2021-08-08 00:44:48,584 [INFO] Sending to ptd: 'Identify'
ptd-server 2021-08-08 00:44:48,585 [INFO] Reply from ptd: 'YokogawaWT310E,1000,1,1,1,1,0,1,1,version=1.9.2-e8c7a49a-20201208,OS=Linux 5.8.0-63-generic #71~20.04.1-Ubuntu SMP Thu Jul 15 17:46:08 UTC 2021 x86_64,mode=power,1,1,1,0,0,no_cal_date,YOKOGAWA;WT310E;C3XA04010E;F1.04'
ptd-server 2021-08-08 00:44:48,585 [INFO] Connected to PTDaemon
ptd-server 2021-08-08 00:44:48,585 [INFO] Sending to ptd: 'RR'
ptd-server 2021-08-08 00:44:48,585 [INFO] Reply from ptd: 'Ranges,0,0.500000,0,300.000000'
ptd-server 2021-08-08 00:44:48,585 [INFO] Initial range for Amps is 0.500000 for Volts is 300.000000
ptd-server 2021-08-08 00:44:48,585 [INFO] Sending to ptd: 'SR,V,Auto'
ptd-server 2021-08-08 00:44:49,088 [INFO] Reply from ptd: 'Range V changed'
ptd-server 2021-08-08 00:44:49,088 [INFO] Sending to ptd: 'SR,A,Auto'
ptd-server 2021-08-08 00:44:49,591 [INFO] Reply from ptd: 'Range A changed'
ptd-server 2021-08-08 00:44:59,601 [INFO] Starting ranging mode
ptd-server 2021-08-08 00:44:59,601 [INFO] Sending to ptd: 'Go,1000,0,2021-08-08_00-44-31_ranging'
ptd-server 2021-08-08 00:44:59,601 [INFO] Reply from ptd: 'Starting untimed measurement, maximum 500000 samples at 1000ms with 0 rampup samples'
ptd-server 2021-08-08 00:44:59,602 [INFO] Sending reply to client 'OK'
ptd-server 2021-08-08 00:55:19,317 [INFO] Got command from the client 'session,2021-08-08_00-44-31,stop,ranging'
ptd-server 2021-08-08 00:55:29,328 [INFO] Sending to ptd: 'Stop'
ptd-server 2021-08-08 00:55:29,328 [INFO] Reply from ptd: 'Stopping untimed measurement'
ptd-server 2021-08-08 00:55:29,419 [INFO] Sending reply to client 'OK'
ptd-server 2021-08-08 00:55:29,478 [INFO] Got command from the client 'time'
ptd-server 2021-08-08 00:55:29,478 [INFO] Sending reply to client '1628380529.4788618'
ptd-server 2021-08-08 00:55:29,481 [INFO] Got command from the client 'session,2021-08-08_00-44-31,start,testing'
ptd-server 2021-08-08 00:55:29,481 [INFO] Sending to ptd: 'SR,V,249.450000'
ptd-server 2021-08-08 00:55:31,104 [INFO] Reply from ptd: 'Range V changed'
ptd-server 2021-08-08 00:55:31,104 [INFO] Sending to ptd: 'SR,A,0.172550'
ptd-server 2021-08-08 00:55:32,605 [INFO] Reply from ptd: 'Range A changed'
ptd-server 2021-08-08 00:55:42,616 [INFO] Starting testing mode
ptd-server 2021-08-08 00:55:42,616 [INFO] Sending to ptd: 'Go,1000,0,2021-08-08_00-44-31_testing'
ptd-server 2021-08-08 00:55:42,616 [INFO] Reply from ptd: 'Starting untimed measurement, maximum 500000 samples at 1000ms with 0 rampup samples'
ptd-server 2021-08-08 00:55:42,616 [INFO] Sending reply to client 'OK'
ptd-server 2021-08-08 01:06:02,219 [INFO] Got command from the client 'session,2021-08-08_00-44-31,stop,testing'
ptd-server 2021-08-08 01:06:12,230 [INFO] Sending to ptd: 'Stop'
ptd-server 2021-08-08 01:06:12,230 [INFO] Reply from ptd: 'Stopping untimed measurement'
ptd-server 2021-08-08 01:06:12,278 [INFO] Sending reply to client 'OK'
ptd-server 2021-08-08 01:06:12,297 [INFO] Got command from the client 'session,2021-08-08_00-44-31,done'
ptd-server 2021-08-08 01:06:12,298 [INFO] Sending to ptd: 'Stop'
ptd-server 2021-08-08 01:06:12,616 [INFO] Reply from ptd: 'Error: no measurement to stop'
ptd-server 2021-08-08 01:06:12,616 [INFO] Sending to ptd: 'SR,V,300.000000'
ptd-server 2021-08-08 01:06:14,118 [INFO] Reply from ptd: 'Range V changed'
ptd-server 2021-08-08 01:06:14,118 [INFO] Sending to ptd: 'SR,A,0.500000'
ptd-server 2021-08-08 01:06:15,620 [INFO] Reply from ptd: 'Range A changed'
ptd-server 2021-08-08 01:06:15,620 [INFO] Set initial values for Amps 0.500000 and Volts 300.000000
ptd-server 2021-08-08 01:06:15,620 [INFO] Stopping ptd...
