ptd-server 2021-08-04 04:52:19,866 [INFO] Got command from the client 'stop'
ptd-server 2021-08-04 04:52:19,866 [INFO] The server will be stopped after processing this client
ptd-server 2021-08-04 04:52:19,866 [INFO] Sending reply to client 'OK'
ptd-server 2021-08-04 04:52:20,088 [INFO] Got command from the client 'time'
ptd-server 2021-08-04 04:52:20,088 [INFO] Sending reply to client '1628077940.0880773'
ptd-server 2021-08-04 04:52:20,088 [INFO] Got command from the client 'new,,0b751d30-1f2f-4a4b-854b-9fa58b40b7d8'
ptd-server 2021-08-04 04:52:20,088 [INFO] Sending reply to client 'OK 2021-08-04_04-52-20,3c2a3b65-3eef-4d7c-a1a9-0a0edba1c5a2'
ptd-server 2021-08-04 04:52:20,291 [INFO] Got command from the client 'time'
ptd-server 2021-08-04 04:52:20,291 [INFO] Sending reply to client '1628077940.291162'
ptd-server 2021-08-04 04:52:20,291 [INFO] Got command from the client 'session,2021-08-04_04-52-20,start,ranging'
ptd-server 2021-08-04 04:52:20,400 [INFO] Running PTDaemon: ['C:\\PTD\\ptd-windows-x86.exe', '-l', 'C:\\Users\\lab\\AppData\\Local\\Temp\\tmp17k4lfi6\\ptd_logfile.txt', '-p', '8888', '-c', '3', '-y', '52', '10.32.209.251']
ptd-server 2021-08-04 04:52:37,949 [INFO] Sending to ptd: 'Hello'
ptd-server 2021-08-04 04:52:37,949 [INFO] Reply from ptd: 'Hello, PTDaemon here!'
ptd-server 2021-08-04 04:52:37,949 [INFO] Sending to ptd: 'Identify'
ptd-server 2021-08-04 04:52:37,949 [INFO] Reply from ptd: 'YokogawaWT330E,1000,1,1,1,1,0,0,1,version=1.9.2-3976349f-20201208,OS=Windows 8 / Server 2012,mode=power,1,1,1,0,0,no_cal_date,YOKOGAWA;WT333E;C2VL22012V;F1.04'
ptd-server 2021-08-04 04:52:37,949 [INFO] Connected to PTDaemon
ptd-server 2021-08-04 04:52:37,949 [INFO] Sending to ptd: 'RR'
ptd-server 2021-08-04 04:52:37,949 [INFO] Reply from ptd: 'Ranges,0,10.000000,1,150.000000'
ptd-server 2021-08-04 04:52:37,949 [INFO] Initial range for Amps is 10.000000 for Volts is Auto
ptd-server 2021-08-04 04:52:37,949 [INFO] Sending to ptd: 'SR,V,Auto'
ptd-server 2021-08-04 04:52:38,464 [INFO] Reply from ptd: 'Range V changed'
ptd-server 2021-08-04 04:52:38,464 [INFO] Sending to ptd: 'SR,A,20'
ptd-server 2021-08-04 04:52:39,996 [INFO] Reply from ptd: 'Range A changed'
ptd-server 2021-08-04 04:52:49,999 [INFO] Starting ranging mode
ptd-server 2021-08-04 04:52:49,999 [INFO] Sending to ptd: 'Go,1000,0,2021-08-04_04-52-20_ranging'
ptd-server 2021-08-04 04:52:49,999 [INFO] Reply from ptd: 'Starting untimed measurement, maximum 500000 samples at 1000ms with 0 rampup samples'
ptd-server 2021-08-04 04:52:49,999 [INFO] Sending reply to client 'OK'
ptd-server 2021-08-04 05:09:24,161 [INFO] Got command from the client 'session,2021-08-04_04-52-20,stop,ranging'
ptd-server 2021-08-04 05:09:34,161 [INFO] Sending to ptd: 'Stop'
ptd-server 2021-08-04 05:09:34,161 [INFO] Reply from ptd: 'Stopping untimed measurement'
ptd-server 2021-08-04 05:09:34,192 [INFO] Sending reply to client 'OK'
ptd-server 2021-08-04 05:09:34,505 [INFO] Got command from the client 'time'
ptd-server 2021-08-04 05:09:34,505 [INFO] Sending reply to client '1628078974.5051334'
ptd-server 2021-08-04 05:09:34,505 [INFO] Got command from the client 'session,2021-08-04_04-52-20,start,testing'
ptd-server 2021-08-04 05:09:34,505 [INFO] Sending to ptd: 'SR,V,120.620000'
ptd-server 2021-08-04 05:09:36,524 [INFO] Reply from ptd: 'Range V changed'
ptd-server 2021-08-04 05:09:36,524 [INFO] Sending to ptd: 'SR,A,0.500000'
ptd-server 2021-08-04 05:09:38,045 [INFO] Reply from ptd: 'Range A changed'
ptd-server 2021-08-04 05:09:48,058 [INFO] Starting testing mode
ptd-server 2021-08-04 05:09:48,058 [INFO] Sending to ptd: 'Go,1000,0,2021-08-04_04-52-20_testing'
ptd-server 2021-08-04 05:09:48,058 [INFO] Reply from ptd: 'Starting untimed measurement, maximum 500000 samples at 1000ms with 0 rampup samples'
ptd-server 2021-08-04 05:09:48,058 [INFO] Sending reply to client 'OK'
ptd-server 2021-08-04 05:26:22,641 [INFO] Got command from the client 'session,2021-08-04_04-52-20,stop,testing'
ptd-server 2021-08-04 05:26:32,645 [INFO] Sending to ptd: 'Stop'
ptd-server 2021-08-04 05:26:32,651 [INFO] Reply from ptd: 'Stopping untimed measurement'
ptd-server 2021-08-04 05:26:32,666 [INFO] Sending reply to client 'OK'
ptd-server 2021-08-04 05:26:32,729 [INFO] Got command from the client 'session,2021-08-04_04-52-20,done'
ptd-server 2021-08-04 05:26:32,729 [INFO] Sending to ptd: 'Stop'
ptd-server 2021-08-04 05:26:33,067 [INFO] Reply from ptd: 'Error: no measurement to stop'
ptd-server 2021-08-04 05:26:33,067 [INFO] Sending to ptd: 'SR,V,Auto'
ptd-server 2021-08-04 05:26:33,583 [INFO] Reply from ptd: 'Range V changed'
ptd-server 2021-08-04 05:26:33,583 [INFO] Sending to ptd: 'SR,A,10.000000'
ptd-server 2021-08-04 05:26:35,115 [INFO] Reply from ptd: 'Range A changed'
ptd-server 2021-08-04 05:26:35,115 [INFO] Set initial values for Amps 10.000000 and Volts Auto
ptd-server 2021-08-04 05:26:35,115 [INFO] Stopping ptd...
