client 2021-08-10 21:59:08,134 [INFO] Sending command to the server: 'mlcommons/power client v3'
client 2021-08-10 21:59:08,136 [INFO] Got response: 'mlcommons/power server v3'
client 2021-08-10 21:59:08,137 [INFO] Synchronizing with the server and with time.google.com...
client 2021-08-10 21:59:08,213 [INFO] NTP:offset = -0.015 s, delay = 0.032 s 
client 2021-08-10 21:59:08,215 [INFO] Sending command to the server: 'time'
client 2021-08-10 21:59:08,217 [INFO] Got response: '1628629148.1992857'
client 2021-08-10 21:59:08,217 [INFO] The time difference between the client and the server is within range 15.828 ms..18.271 ms
client 2021-08-10 21:59:08,218 [INFO] Sending command to the server: 'new,,ddf88ba5-a7be-4069-98bb-52ee891d302f'
client 2021-08-10 21:59:08,220 [INFO] Got response: 'OK 2021-08-10_21-59-08,20992d35-48cd-471b-aeb8-c62c834400dc'
client 2021-08-10 21:59:08,220 [INFO] Session id is '2021-08-10_21-59-08'
client 2021-08-10 21:59:08,221 [INFO] Sources: {"sources": {"__init__.py": "da39a3ee5e6b4b0d3255bfef95601890afd80709", "client.py": "33ca4f26368777ac06e01f9567b714a4b8063886", "lib/__init__.py": "da39a3ee5e6b4b0d3255bfef95601890afd80709", "lib/client.py": "4c2b78fb4849a7e5b584ef792d82aaed20b17f57", "lib/common.py": "624d0c0acc7c39aaff3674f0b99d6a09da53d1dc", "lib/external/__init__.py": "da39a3ee5e6b4b0d3255bfef95601890afd80709", "lib/external/ntplib.py": "4da8f970656505a40483206ef2b5d3dd5e81711d", "lib/server.py": "59c9fb92908260d3e9f81a895c7aa009742275e4", "lib/source_hashes.py": "60a2e02193209e8d392803326208d5466342da18", "lib/summary.py": "aa92f0a3f975eecd44d3c0cd0236342ccc9f941d", "lib/time_sync.py": "3210db56eb0ff0df57bf4293dc4d4b03fffd46f1", "server.py": "c3f90f2f7eeb4db30727556d0c815ebc89b3d28b", "tests/unit/__init__.py": "da39a3ee5e6b4b0d3255bfef95601890afd80709", "tests/unit/test_server.py": "99ae15aef722f2000ee6ed1ae1523637bf1ae42b", "tests/unit/test_source_hashes.py": "00468a2907583c593e6574a1f6b404e4651c221a"}, "modules": {"ptd_client_server.lib.client": "lib/client.py", "ptd_client_server.lib.common": "lib/common.py", "ptd_client_server.lib.external.ntplib": "lib/external/ntplib.py", "ptd_client_server.lib.source_hashes": "lib/source_hashes.py", "ptd_client_server.lib.summary": "lib/summary.py", "ptd_client_server.lib.time_sync": "lib/time_sync.py"}}
client 2021-08-10 21:59:08,223 [INFO] Running workload in ranging mode
client 2021-08-10 21:59:08,224 [INFO] Synchronizing with the server and with time.google.com...
client 2021-08-10 21:59:08,256 [INFO] NTP:offset = -0.014 s, delay = 0.026 s 
client 2021-08-10 21:59:08,256 [INFO] Sending command to the server: 'time'
client 2021-08-10 21:59:08,258 [INFO] Got response: '1628629148.2406747'
client 2021-08-10 21:59:08,258 [INFO] The time difference between the client and the server is within range 16.150 ms..17.989 ms
client 2021-08-10 21:59:08,259 [INFO] Sending command to the server: 'session,2021-08-10_21-59-08,start,ranging'
client 2021-08-10 21:59:36,452 [INFO] Got response: 'OK'
client 2021-08-10 21:59:36,454 [INFO] Running the workload 'ck benchmark program:image-classification-armnn-tflite-loadgen --env.CK_SILENT_MODE=YES --skip_print_timers --dep_add_tags.compiler=gcc,v7 --dep_add_tags.python=v3 --dep_add_tags.mlperf-inference-src=r1.1 --dep_add_tags.weights=resnet50 --dep_add_tags.images=crop.875,preprocessed,using-opencv --dep_add_tags.library=armnn,rel.21.05,neon --env.CK_LOADGEN_DATASET_SIZE=1024 --env.USE_NEON=1 --env.CK_LOADGEN_SCENARIO=SingleStream --env.CK_LOADGEN_MODE=PerformanceOnly --env.CK_LOADGEN_TARGET_LATENCY=300 --env.CK_POWER_MODE=3 --env.CK_FAN_MODE=cool --skip_stat_analysis --process_multi_keys --repetitions=1 --record --record_repo=local --record_uoa=mlperf-closed-xavier-armnn-v21.05-neon-resnet50-singlestream-performance-target_latency.300-power_mode.3-fan_mode.cool-power.workload --tags=mlperf,division.closed,task.image-classification,platform.xavier,scenario.singlestream,mode.performance,workload.resnet50,preprocessed_using.opencv,inference_engine.armnn,inference_engine_version.v21.05,inference_engine_backend.neon,target_latency.300,power_mode.3,fan_mode.cool,power.workload "@@@{\'meta\': {\'ck_benchmark_program\': \'ck benchmark program:image-classification-armnn-tflite-loadgen --env.CK_SILENT_MODE=YES --skip_print_timers --dep_add_tags.compiler=gcc,v7 --dep_add_tags.python=v3 --dep_add_tags.mlperf-inference-src=r1.1 --dep_add_tags.weights=resnet50 --dep_add_tags.images=crop.875,preprocessed,using-opencv --dep_add_tags.library=armnn,rel.21.05,neon --env.CK_LOADGEN_DATASET_SIZE=1024 --env.USE_NEON=1 --env.CK_LOADGEN_SCENARIO=SingleStream --env.CK_LOADGEN_MODE=PerformanceOnly --env.CK_LOADGEN_TARGET_LATENCY=300 --env.CK_POWER_MODE=3 --env.CK_FAN_MODE=cool --skip_stat_analysis --process_multi_keys --repetitions=1 --record --record_repo=local --record_uoa=mlperf-closed-xavier-armnn-v21.05-neon-resnet50-singlestream-performance-target_latency.300-power_mode.3-fan_mode.cool-power.workload --tags=mlperf,division.closed,task.image-classification,platform.xavier,scenario.singlestream,mode.performance,workload.resnet50,preprocessed_using.opencv,inference_engine.armnn,inference_engine_version.v21.05,inference_engine_backend.neon,target_latency.300,power_mode.3,fan_mode.cool,power.workload\'}}" && cat `ck find program:image-classification-armnn-tflite-loadgen`/tmp/mlperf_log_summary.txt && mkdir -p "$CK_MLPERF_POWER_CLIENT_LOADGEN_LOGS" && cp "$CK_MLPERF_POWER_CLIENT_LOADGEN_LOGS"/../mlperf_log_* "$CK_MLPERF_POWER_CLIENT_LOADGEN_LOGS"/'
client 2021-08-10 22:10:06,960 [INFO] Sending command to the server: 'session,2021-08-10_21-59-08,stop,ranging'
client 2021-08-10 22:10:17,222 [INFO] Got response: 'OK'
client 2021-08-10 22:10:17,253 [INFO] Copying loadgen logs from '/home/maria/CK/ck-mlperf/program/image-classification-armnn-tflite-loadgen/tmp/loadgen_logs' to '/home/maria/CK/ck-mlperf/program/mlperf-power-client/tmp/2021-08-10_21-59-08/ranging'
client 2021-08-10 22:10:17,257 [INFO] Running workload in testing mode
client 2021-08-10 22:10:17,258 [INFO] Synchronizing with the server and with time.google.com...
client 2021-08-10 22:10:17,297 [INFO] NTP:offset = -0.007 s, delay = 0.031 s 
client 2021-08-10 22:10:17,298 [INFO] Sending command to the server: 'time'
client 2021-08-10 22:10:17,300 [INFO] Got response: '1628629817.2890823'
client 2021-08-10 22:10:17,300 [INFO] The time difference between the client and the server is within range 9.496 ms..11.732 ms
client 2021-08-10 22:10:17,301 [INFO] Sending command to the server: 'session,2021-08-10_21-59-08,start,testing'
client 2021-08-10 22:10:30,459 [INFO] Got response: 'OK'
client 2021-08-10 22:10:30,461 [INFO] Running the workload 'ck benchmark program:image-classification-armnn-tflite-loadgen --env.CK_SILENT_MODE=YES --skip_print_timers --dep_add_tags.compiler=gcc,v7 --dep_add_tags.python=v3 --dep_add_tags.mlperf-inference-src=r1.1 --dep_add_tags.weights=resnet50 --dep_add_tags.images=crop.875,preprocessed,using-opencv --dep_add_tags.library=armnn,rel.21.05,neon --env.CK_LOADGEN_DATASET_SIZE=1024 --env.USE_NEON=1 --env.CK_LOADGEN_SCENARIO=SingleStream --env.CK_LOADGEN_MODE=PerformanceOnly --env.CK_LOADGEN_TARGET_LATENCY=300 --env.CK_POWER_MODE=3 --env.CK_FAN_MODE=cool --skip_stat_analysis --process_multi_keys --repetitions=1 --record --record_repo=local --record_uoa=mlperf-closed-xavier-armnn-v21.05-neon-resnet50-singlestream-performance-target_latency.300-power_mode.3-fan_mode.cool-power.workload --tags=mlperf,division.closed,task.image-classification,platform.xavier,scenario.singlestream,mode.performance,workload.resnet50,preprocessed_using.opencv,inference_engine.armnn,inference_engine_version.v21.05,inference_engine_backend.neon,target_latency.300,power_mode.3,fan_mode.cool,power.workload "@@@{\'meta\': {\'ck_benchmark_program\': \'ck benchmark program:image-classification-armnn-tflite-loadgen --env.CK_SILENT_MODE=YES --skip_print_timers --dep_add_tags.compiler=gcc,v7 --dep_add_tags.python=v3 --dep_add_tags.mlperf-inference-src=r1.1 --dep_add_tags.weights=resnet50 --dep_add_tags.images=crop.875,preprocessed,using-opencv --dep_add_tags.library=armnn,rel.21.05,neon --env.CK_LOADGEN_DATASET_SIZE=1024 --env.USE_NEON=1 --env.CK_LOADGEN_SCENARIO=SingleStream --env.CK_LOADGEN_MODE=PerformanceOnly --env.CK_LOADGEN_TARGET_LATENCY=300 --env.CK_POWER_MODE=3 --env.CK_FAN_MODE=cool --skip_stat_analysis --process_multi_keys --repetitions=1 --record --record_repo=local --record_uoa=mlperf-closed-xavier-armnn-v21.05-neon-resnet50-singlestream-performance-target_latency.300-power_mode.3-fan_mode.cool-power.workload --tags=mlperf,division.closed,task.image-classification,platform.xavier,scenario.singlestream,mode.performance,workload.resnet50,preprocessed_using.opencv,inference_engine.armnn,inference_engine_version.v21.05,inference_engine_backend.neon,target_latency.300,power_mode.3,fan_mode.cool,power.workload\'}}" && cat `ck find program:image-classification-armnn-tflite-loadgen`/tmp/mlperf_log_summary.txt && mkdir -p "$CK_MLPERF_POWER_CLIENT_LOADGEN_LOGS" && cp "$CK_MLPERF_POWER_CLIENT_LOADGEN_LOGS"/../mlperf_log_* "$CK_MLPERF_POWER_CLIENT_LOADGEN_LOGS"/'
client 2021-08-10 22:21:00,448 [INFO] Sending command to the server: 'session,2021-08-10_21-59-08,stop,testing'
client 2021-08-10 22:21:10,602 [INFO] Got response: 'OK'
client 2021-08-10 22:21:10,611 [INFO] Copying loadgen logs from '/home/maria/CK/ck-mlperf/program/image-classification-armnn-tflite-loadgen/tmp/loadgen_logs' to '/home/maria/CK/ck-mlperf/program/mlperf-power-client/tmp/2021-08-10_21-59-08/run_1'
client 2021-08-10 22:21:10,615 [INFO] Done runs
