ptd-server 2021-08-07 18:20:22,439 [INFO] Got command from the client 'time'
ptd-server 2021-08-07 18:20:22,439 [INFO] Sending reply to client '1628356822.4397635'
ptd-server 2021-08-07 18:20:22,441 [INFO] Got command from the client 'new,,a71d23ce-dbb1-421d-b741-426c6348dd25'
ptd-server 2021-08-07 18:20:22,442 [INFO] Sending reply to client 'OK 2021-08-07_18-20-22,90855f3c-c588-48c6-9cc0-9bbcc24e35b3'
ptd-server 2021-08-07 18:20:22,480 [INFO] Got command from the client 'time'
ptd-server 2021-08-07 18:20:22,480 [INFO] Sending reply to client '1628356822.4802709'
ptd-server 2021-08-07 18:20:22,482 [INFO] Got command from the client 'session,2021-08-07_18-20-22,start,ranging'
ptd-server 2021-08-07 18:20:22,482 [INFO] Running PTDaemon: ['/home/anton/projects/mlperf/power/inference_v1.0/ptd-linux-x86', '-l', '/tmp/tmpr3iqmcco/ptd_logfile.txt', '-p', '8888', '49', '/dev/usbtmc0']
ptd-server 2021-08-07 18:20:39,655 [INFO] Sending to ptd: 'Hello'
ptd-server 2021-08-07 18:20:39,656 [INFO] Reply from ptd: 'Hello, PTDaemon here!'
ptd-server 2021-08-07 18:20:39,656 [INFO] Sending to ptd: 'Identify'
ptd-server 2021-08-07 18:20:39,656 [INFO] Reply from ptd: 'YokogawaWT310E,1000,1,1,1,1,0,1,1,version=1.9.2-e8c7a49a-20201208,OS=Linux 5.8.0-63-generic #71~20.04.1-Ubuntu SMP Thu Jul 15 17:46:08 UTC 2021 x86_64,mode=power,1,1,1,0,0,no_cal_date,YOKOGAWA;WT310E;C3XA04010E;F1.04'
ptd-server 2021-08-07 18:20:39,656 [INFO] Connected to PTDaemon
ptd-server 2021-08-07 18:20:39,657 [INFO] Sending to ptd: 'RR'
ptd-server 2021-08-07 18:20:39,657 [INFO] Reply from ptd: 'Ranges,0,0.500000,0,300.000000'
ptd-server 2021-08-07 18:20:39,657 [INFO] Initial range for Amps is 0.500000 for Volts is 300.000000
ptd-server 2021-08-07 18:20:39,657 [INFO] Sending to ptd: 'SR,V,Auto'
ptd-server 2021-08-07 18:20:40,160 [INFO] Reply from ptd: 'Range V changed'
ptd-server 2021-08-07 18:20:40,160 [INFO] Sending to ptd: 'SR,A,Auto'
ptd-server 2021-08-07 18:20:40,662 [INFO] Reply from ptd: 'Range A changed'
ptd-server 2021-08-07 18:20:50,673 [INFO] Starting ranging mode
ptd-server 2021-08-07 18:20:50,673 [INFO] Sending to ptd: 'Go,1000,0,2021-08-07_18-20-22_ranging'
ptd-server 2021-08-07 18:20:50,673 [INFO] Reply from ptd: 'Starting untimed measurement, maximum 500000 samples at 1000ms with 0 rampup samples'
ptd-server 2021-08-07 18:20:50,673 [INFO] Sending reply to client 'OK'
ptd-server 2021-08-07 18:31:10,584 [INFO] Got command from the client 'session,2021-08-07_18-20-22,stop,ranging'
ptd-server 2021-08-07 18:31:20,594 [INFO] Sending to ptd: 'Stop'
ptd-server 2021-08-07 18:31:20,594 [INFO] Reply from ptd: 'Stopping untimed measurement'
ptd-server 2021-08-07 18:31:20,644 [INFO] Sending reply to client 'OK'
ptd-server 2021-08-07 18:31:20,698 [INFO] Got command from the client 'time'
ptd-server 2021-08-07 18:31:20,698 [INFO] Sending reply to client '1628357480.6985116'
ptd-server 2021-08-07 18:31:20,701 [INFO] Got command from the client 'session,2021-08-07_18-20-22,start,testing'
ptd-server 2021-08-07 18:31:20,701 [INFO] Sending to ptd: 'SR,V,251.510000'
ptd-server 2021-08-07 18:31:22,202 [INFO] Reply from ptd: 'Range V changed'
ptd-server 2021-08-07 18:31:22,202 [INFO] Sending to ptd: 'SR,A,0.179310'
ptd-server 2021-08-07 18:31:23,703 [INFO] Reply from ptd: 'Range A changed'
ptd-server 2021-08-07 18:31:33,713 [INFO] Starting testing mode
ptd-server 2021-08-07 18:31:33,713 [INFO] Sending to ptd: 'Go,1000,0,2021-08-07_18-20-22_testing'
ptd-server 2021-08-07 18:31:33,714 [INFO] Reply from ptd: 'Starting untimed measurement, maximum 500000 samples at 1000ms with 0 rampup samples'
ptd-server 2021-08-07 18:31:33,714 [INFO] Sending reply to client 'OK'
ptd-server 2021-08-07 18:41:53,145 [INFO] Got command from the client 'session,2021-08-07_18-20-22,stop,testing'
ptd-server 2021-08-07 18:42:03,155 [INFO] Sending to ptd: 'Stop'
ptd-server 2021-08-07 18:42:03,156 [INFO] Reply from ptd: 'Stopping untimed measurement'
ptd-server 2021-08-07 18:42:03,180 [INFO] Sending reply to client 'OK'
ptd-server 2021-08-07 18:42:03,199 [INFO] Got command from the client 'session,2021-08-07_18-20-22,done'
ptd-server 2021-08-07 18:42:03,199 [INFO] Sending to ptd: 'Stop'
ptd-server 2021-08-07 18:42:03,714 [INFO] Reply from ptd: 'Error: no measurement to stop'
ptd-server 2021-08-07 18:42:03,714 [INFO] Sending to ptd: 'SR,V,300.000000'
ptd-server 2021-08-07 18:42:05,216 [INFO] Reply from ptd: 'Range V changed'
ptd-server 2021-08-07 18:42:05,216 [INFO] Sending to ptd: 'SR,A,0.500000'
ptd-server 2021-08-07 18:42:06,717 [INFO] Reply from ptd: 'Range A changed'
ptd-server 2021-08-07 18:42:06,717 [INFO] Set initial values for Amps 0.500000 and Volts 300.000000
ptd-server 2021-08-07 18:42:06,718 [INFO] Stopping ptd...
