client 2021-08-12 13:30:07,859 [INFO] Sending command to the server: 'mlcommons/power client v3'
client 2021-08-12 13:30:07,861 [INFO] Got response: 'mlcommons/power server v3'
client 2021-08-12 13:30:07,861 [INFO] Sending command to the server: 'stop'
client 2021-08-12 13:30:07,863 [INFO] Got response: 'OK'
client 2021-08-12 13:30:07,863 [INFO] Synchronizing with the server and with ntp.aliyun.com...
client 2021-08-12 13:30:12,893 [INFO] NTP:offset = -0.025 s, delay = 0.020 s 
client 2021-08-12 13:30:12,893 [INFO] Sending command to the server: 'time'
client 2021-08-12 13:30:12,901 [INFO] Got response: '1628775012.8576167'
client 2021-08-12 13:30:12,901 [INFO] The time difference between the client and the server is within range 36.035 ms..43.968 ms
client 2021-08-12 13:30:12,901 [INFO] Sending command to the server: 'new,,17855c29-d1bc-45c5-b637-8cbc18d52ac3'
client 2021-08-12 13:30:12,904 [INFO] Got response: 'OK 2021-08-12_13-30-12,3804fd67-c85e-41e8-96f0-b0b33296531e'
client 2021-08-12 13:30:12,904 [INFO] Session id is '2021-08-12_13-30-12'
client 2021-08-12 13:30:12,904 [INFO] Sources: {"sources": {"__init__.py": "da39a3ee5e6b4b0d3255bfef95601890afd80709", "client.py": "33ca4f26368777ac06e01f9567b714a4b8063886", "lib/__init__.py": "da39a3ee5e6b4b0d3255bfef95601890afd80709", "lib/client.py": "4c2b78fb4849a7e5b584ef792d82aaed20b17f57", "lib/common.py": "624d0c0acc7c39aaff3674f0b99d6a09da53d1dc", "lib/external/__init__.py": "da39a3ee5e6b4b0d3255bfef95601890afd80709", "lib/external/ntplib.py": "4da8f970656505a40483206ef2b5d3dd5e81711d", "lib/server.py": "24ae49fb193809cf47f2c18b1c9c7c866244be4d", "lib/source_hashes.py": "60a2e02193209e8d392803326208d5466342da18", "lib/summary.py": "aa92f0a3f975eecd44d3c0cd0236342ccc9f941d", "lib/time_sync.py": "3210db56eb0ff0df57bf4293dc4d4b03fffd46f1", "server.py": "c3f90f2f7eeb4db30727556d0c815ebc89b3d28b", "tests/unit/__init__.py": "da39a3ee5e6b4b0d3255bfef95601890afd80709", "tests/unit/test_server.py": "99ae15aef722f2000ee6ed1ae1523637bf1ae42b", "tests/unit/test_source_hashes.py": "00468a2907583c593e6574a1f6b404e4651c221a"}, "modules": {"ptd_client_server.lib.client": "lib/client.py", "ptd_client_server.lib.common": "lib/common.py", "ptd_client_server.lib.external.ntplib": "lib/external/ntplib.py", "ptd_client_server.lib.source_hashes": "lib/source_hashes.py", "ptd_client_server.lib.summary": "lib/summary.py", "ptd_client_server.lib.time_sync": "lib/time_sync.py"}}
client 2021-08-12 13:30:12,904 [INFO] Running workload in ranging mode
client 2021-08-12 13:30:12,904 [INFO] Synchronizing with the server and with ntp.aliyun.com...
client 2021-08-12 13:30:13,141 [INFO] NTP:offset = -0.026 s, delay = 0.019 s 
client 2021-08-12 13:30:13,141 [INFO] Sending command to the server: 'time'
client 2021-08-12 13:30:13,149 [INFO] Got response: '1628775013.1050327'
client 2021-08-12 13:30:13,149 [INFO] The time difference between the client and the server is within range 36.213 ms..44.111 ms
client 2021-08-12 13:30:13,149 [INFO] Sending command to the server: 'session,2021-08-12_13-30-12,start,ranging'
client 2021-08-12 13:30:44,686 [INFO] Got response: 'OK'
client 2021-08-12 13:30:44,686 [INFO] Running the workload 'LOG_DIR=/work/build/power_logs_temp python3 code/main.py --benchmarks=ssd-resnet34 --scenarios=Offline --test_mode=PerformanceOnly --config_ver=maxq --action="run_harness" \\\n\t\t&& if [ ! -d /work/build/power_logs/2021.08.12-13.29.53/ranging_tmp ]; \\\n\t\t\tthen mkdir /work/build/power_logs/2021.08.12-13.29.53/ranging_tmp \\\n\t\t\t\t&& mv /work/build/power_logs_temp/* /work/build/power_logs/2021.08.12-13.29.53/ranging_tmp/ \\\n\t\t\t\t&& cp -v /work/build/power_logs/2021.08.12-13.29.53/ranging_tmp/*/*/*/mlperf_log_detail.txt /work/build/power_logs_temp/ \\\n\t\t\t\t&& cp -v /work/build/power_logs/2021.08.12-13.29.53/ranging_tmp/*/*/*/mlperf_log_summary.txt /work/build/power_logs_temp/; \\\n\t\t\telse mkdir /work/build/power_logs/2021.08.12-13.29.53/testing_tmp \\\n\t\t\t\t&& mv /work/build/power_logs_temp/* /work/build/power_logs/2021.08.12-13.29.53/testing_tmp/ \\\n\t\t\t\t&& cp -v /work/build/power_logs/2021.08.12-13.29.53/testing_tmp/*/*/*/mlperf_log_detail.txt /work/build/power_logs_temp/ \\\n\t\t\t\t&& cp -v /work/build/power_logs/2021.08.12-13.29.53/testing_tmp/*/*/*/mlperf_log_summary.txt /work/build/power_logs_temp/; fi'
client 2021-08-12 13:43:27,921 [INFO] Sending command to the server: 'session,2021-08-12_13-30-12,stop,ranging'
client 2021-08-12 13:43:37,955 [INFO] Got response: 'OK'
client 2021-08-12 13:43:37,964 [INFO] Copying loadgen logs from '/work/build/power_logs_temp' to '/work/build/power_logs/2021.08.12-13.29.53/2021-08-12_13-30-12/ranging'
client 2021-08-12 13:43:37,965 [INFO] Running workload in testing mode
client 2021-08-12 13:43:37,965 [INFO] Synchronizing with the server and with ntp.aliyun.com...
client 2021-08-12 13:43:48,045 [INFO] NTP:offset = 0.013 s, delay = 0.025 s 
client 2021-08-12 13:43:48,045 [INFO] Sending command to the server: 'time'
client 2021-08-12 13:43:48,052 [INFO] Got response: '1628775828.042892'
client 2021-08-12 13:43:48,052 [INFO] The time difference between the client and the server is within range 2.427 ms..9.285 ms
client 2021-08-12 13:43:48,052 [INFO] Sending command to the server: 'session,2021-08-12_13-30-12,start,testing'
client 2021-08-12 13:44:01,249 [INFO] Got response: 'OK'
client 2021-08-12 13:44:01,249 [INFO] Running the workload 'LOG_DIR=/work/build/power_logs_temp python3 code/main.py --benchmarks=ssd-resnet34 --scenarios=Offline --test_mode=PerformanceOnly --config_ver=maxq --action="run_harness" \\\n\t\t&& if [ ! -d /work/build/power_logs/2021.08.12-13.29.53/ranging_tmp ]; \\\n\t\t\tthen mkdir /work/build/power_logs/2021.08.12-13.29.53/ranging_tmp \\\n\t\t\t\t&& mv /work/build/power_logs_temp/* /work/build/power_logs/2021.08.12-13.29.53/ranging_tmp/ \\\n\t\t\t\t&& cp -v /work/build/power_logs/2021.08.12-13.29.53/ranging_tmp/*/*/*/mlperf_log_detail.txt /work/build/power_logs_temp/ \\\n\t\t\t\t&& cp -v /work/build/power_logs/2021.08.12-13.29.53/ranging_tmp/*/*/*/mlperf_log_summary.txt /work/build/power_logs_temp/; \\\n\t\t\telse mkdir /work/build/power_logs/2021.08.12-13.29.53/testing_tmp \\\n\t\t\t\t&& mv /work/build/power_logs_temp/* /work/build/power_logs/2021.08.12-13.29.53/testing_tmp/ \\\n\t\t\t\t&& cp -v /work/build/power_logs/2021.08.12-13.29.53/testing_tmp/*/*/*/mlperf_log_detail.txt /work/build/power_logs_temp/ \\\n\t\t\t\t&& cp -v /work/build/power_logs/2021.08.12-13.29.53/testing_tmp/*/*/*/mlperf_log_summary.txt /work/build/power_logs_temp/; fi'
client 2021-08-12 13:56:44,907 [INFO] Sending command to the server: 'session,2021-08-12_13-30-12,stop,testing'
client 2021-08-12 13:56:54,926 [INFO] Got response: 'OK'
client 2021-08-12 13:56:54,928 [INFO] Copying loadgen logs from '/work/build/power_logs_temp' to '/work/build/power_logs/2021.08.12-13.29.53/2021-08-12_13-30-12/run_1'
client 2021-08-12 13:56:54,929 [INFO] Done runs
