ptd-server 2021-08-12 13:30:07,819 [INFO] Got command from the client 'stop'
ptd-server 2021-08-12 13:30:07,819 [INFO] The server will be stopped after processing this client
ptd-server 2021-08-12 13:30:07,820 [INFO] Sending reply to client 'OK'
ptd-server 2021-08-12 13:30:12,851 [INFO] Got command from the client 'time'
ptd-server 2021-08-12 13:30:12,857 [INFO] Sending reply to client '1628775012.8576167'
ptd-server 2021-08-12 13:30:12,859 [INFO] Got command from the client 'new,,17855c29-d1bc-45c5-b637-8cbc18d52ac3'
ptd-server 2021-08-12 13:30:12,860 [INFO] Sending reply to client 'OK 2021-08-12_13-30-12,3804fd67-c85e-41e8-96f0-b0b33296531e'
ptd-server 2021-08-12 13:30:13,099 [INFO] Got command from the client 'time'
ptd-server 2021-08-12 13:30:13,105 [INFO] Sending reply to client '1628775013.1050327'
ptd-server 2021-08-12 13:30:13,106 [INFO] Got command from the client 'session,2021-08-12_13-30-12,start,ranging'
ptd-server 2021-08-12 13:30:13,210 [INFO] Running PTDaemon: ['C:\\PTD\\ptd-windows-x86.exe', '-l', 'C:\\Users\\mlperf\\AppData\\Local\\Temp\\tmpyeifb9_e\\ptd_logfile.txt', '-p', '8888', '49', 'COM4']
ptd-server 2021-08-12 13:30:32,457 [INFO] Sending to ptd: 'Hello'
ptd-server 2021-08-12 13:30:32,463 [INFO] Reply from ptd: 'Hello, PTDaemon here!'
ptd-server 2021-08-12 13:30:32,463 [INFO] Sending to ptd: 'Identify'
ptd-server 2021-08-12 13:30:32,464 [INFO] Reply from ptd: 'YokogawaWT310E,1000,1,1,1,1,0,1,1,version=1.9.2-3976349f-20201208,OS=Windows 8 / Server 2012,mode=power,1,1,1,0,0,no_cal_date,YOKOGAWA;WT310E;C3TA11005E;F1.02'
ptd-server 2021-08-12 13:30:32,465 [INFO] Connected to PTDaemon
ptd-server 2021-08-12 13:30:32,465 [INFO] Sending to ptd: 'RR'
ptd-server 2021-08-12 13:30:32,465 [INFO] Reply from ptd: 'Ranges,0,2.000000,0,300.000000'
ptd-server 2021-08-12 13:30:32,466 [INFO] Initial range for Amps is 2.000000 for Volts is 300.000000
ptd-server 2021-08-12 13:30:32,467 [INFO] Sending to ptd: 'SR,V,Auto'
ptd-server 2021-08-12 13:30:33,029 [INFO] Reply from ptd: 'Range V changed'
ptd-server 2021-08-12 13:30:33,029 [INFO] Sending to ptd: 'SR,A,20'
ptd-server 2021-08-12 13:30:34,620 [INFO] Reply from ptd: 'Range A changed'
ptd-server 2021-08-12 13:30:44,634 [INFO] Starting ranging mode
ptd-server 2021-08-12 13:30:44,640 [INFO] Sending to ptd: 'Go,1000,0,2021-08-12_13-30-12_ranging'
ptd-server 2021-08-12 13:30:44,641 [INFO] Reply from ptd: 'Starting untimed measurement, maximum 500000 samples at 1000ms with 0 rampup samples'
ptd-server 2021-08-12 13:30:44,642 [INFO] Sending reply to client 'OK'
ptd-server 2021-08-12 13:43:27,913 [INFO] Got command from the client 'session,2021-08-12_13-30-12,stop,ranging'
ptd-server 2021-08-12 13:43:37,925 [INFO] Sending to ptd: 'Stop'
ptd-server 2021-08-12 13:43:37,932 [INFO] Reply from ptd: 'Stopping untimed measurement'
ptd-server 2021-08-12 13:43:37,946 [INFO] Sending reply to client 'OK'
ptd-server 2021-08-12 13:43:48,037 [INFO] Got command from the client 'time'
ptd-server 2021-08-12 13:43:48,042 [INFO] Sending reply to client '1628775828.042892'
ptd-server 2021-08-12 13:43:48,044 [INFO] Got command from the client 'session,2021-08-12_13-30-12,start,testing'
ptd-server 2021-08-12 13:43:48,044 [INFO] Sending to ptd: 'SR,V,223.070000'
ptd-server 2021-08-12 13:43:49,628 [INFO] Reply from ptd: 'Range V changed'
ptd-server 2021-08-12 13:43:49,630 [INFO] Sending to ptd: 'SR,A,5.076000'
ptd-server 2021-08-12 13:43:51,215 [INFO] Reply from ptd: 'Range A changed'
ptd-server 2021-08-12 13:44:01,232 [INFO] Starting testing mode
ptd-server 2021-08-12 13:44:01,238 [INFO] Sending to ptd: 'Go,1000,0,2021-08-12_13-30-12_testing'
ptd-server 2021-08-12 13:44:01,239 [INFO] Reply from ptd: 'Starting untimed measurement, maximum 500000 samples at 1000ms with 0 rampup samples'
ptd-server 2021-08-12 13:44:01,240 [INFO] Sending reply to client 'OK'
ptd-server 2021-08-12 13:56:44,906 [INFO] Got command from the client 'session,2021-08-12_13-30-12,stop,testing'
ptd-server 2021-08-12 13:56:54,908 [INFO] Sending to ptd: 'Stop'
ptd-server 2021-08-12 13:56:54,915 [INFO] Reply from ptd: 'Stopping untimed measurement'
ptd-server 2021-08-12 13:56:54,924 [INFO] Sending reply to client 'OK'
ptd-server 2021-08-12 13:56:54,931 [INFO] Got command from the client 'session,2021-08-12_13-30-12,done'
ptd-server 2021-08-12 13:56:54,931 [INFO] Sending to ptd: 'Stop'
ptd-server 2021-08-12 13:56:55,260 [INFO] Reply from ptd: 'Error: no measurement to stop'
ptd-server 2021-08-12 13:56:55,261 [INFO] Sending to ptd: 'SR,V,300.000000'
ptd-server 2021-08-12 13:56:56,846 [INFO] Reply from ptd: 'Range V changed'
ptd-server 2021-08-12 13:56:56,848 [INFO] Sending to ptd: 'SR,A,2.000000'
ptd-server 2021-08-12 13:56:58,426 [INFO] Reply from ptd: 'Range A changed'
ptd-server 2021-08-12 13:56:58,432 [INFO] Set initial values for Amps 2.000000 and Volts 300.000000
ptd-server 2021-08-12 13:56:58,433 [INFO] Stopping ptd...
