ptd-server 2021-08-07 22:33:21,088 [INFO] Got command from the client 'time'
ptd-server 2021-08-07 22:33:21,088 [INFO] Sending reply to client '1628372001.0885603'
ptd-server 2021-08-07 22:33:21,091 [INFO] Got command from the client 'new,,ab280515-5015-4cbe-8cfb-88914f4009ca'
ptd-server 2021-08-07 22:33:21,092 [INFO] Sending reply to client 'OK 2021-08-07_22-33-21,6d31c017-292b-4dcc-9f59-d84bffc022b0'
ptd-server 2021-08-07 22:33:21,132 [INFO] Got command from the client 'time'
ptd-server 2021-08-07 22:33:21,132 [INFO] Sending reply to client '1628372001.1323812'
ptd-server 2021-08-07 22:33:21,134 [INFO] Got command from the client 'session,2021-08-07_22-33-21,start,ranging'
ptd-server 2021-08-07 22:33:21,134 [INFO] Running PTDaemon: ['/home/anton/projects/mlperf/power/inference_v1.0/ptd-linux-x86', '-l', '/tmp/tmpr3iqmcco/ptd_logfile.txt', '-p', '8888', '49', '/dev/usbtmc0']
ptd-server 2021-08-07 22:33:38,306 [INFO] Sending to ptd: 'Hello'
ptd-server 2021-08-07 22:33:38,307 [INFO] Reply from ptd: 'Hello, PTDaemon here!'
ptd-server 2021-08-07 22:33:38,307 [INFO] Sending to ptd: 'Identify'
ptd-server 2021-08-07 22:33:38,307 [INFO] Reply from ptd: 'YokogawaWT310E,1000,1,1,1,1,0,1,1,version=1.9.2-e8c7a49a-20201208,OS=Linux 5.8.0-63-generic #71~20.04.1-Ubuntu SMP Thu Jul 15 17:46:08 UTC 2021 x86_64,mode=power,1,1,1,0,0,no_cal_date,YOKOGAWA;WT310E;C3XA04010E;F1.04'
ptd-server 2021-08-07 22:33:38,307 [INFO] Connected to PTDaemon
ptd-server 2021-08-07 22:33:38,307 [INFO] Sending to ptd: 'RR'
ptd-server 2021-08-07 22:33:38,308 [INFO] Reply from ptd: 'Ranges,0,0.500000,0,300.000000'
ptd-server 2021-08-07 22:33:38,308 [INFO] Initial range for Amps is 0.500000 for Volts is 300.000000
ptd-server 2021-08-07 22:33:38,308 [INFO] Sending to ptd: 'SR,V,Auto'
ptd-server 2021-08-07 22:33:38,810 [INFO] Reply from ptd: 'Range V changed'
ptd-server 2021-08-07 22:33:38,811 [INFO] Sending to ptd: 'SR,A,Auto'
ptd-server 2021-08-07 22:33:39,313 [INFO] Reply from ptd: 'Range A changed'
ptd-server 2021-08-07 22:33:49,323 [INFO] Starting ranging mode
ptd-server 2021-08-07 22:33:49,323 [INFO] Sending to ptd: 'Go,1000,0,2021-08-07_22-33-21_ranging'
ptd-server 2021-08-07 22:33:49,324 [INFO] Reply from ptd: 'Starting untimed measurement, maximum 500000 samples at 1000ms with 0 rampup samples'
ptd-server 2021-08-07 22:33:49,324 [INFO] Sending reply to client 'OK'
ptd-server 2021-08-07 22:44:09,288 [INFO] Got command from the client 'session,2021-08-07_22-33-21,stop,ranging'
ptd-server 2021-08-07 22:44:19,299 [INFO] Sending to ptd: 'Stop'
ptd-server 2021-08-07 22:44:19,299 [INFO] Reply from ptd: 'Stopping untimed measurement'
ptd-server 2021-08-07 22:44:19,379 [INFO] Sending reply to client 'OK'
ptd-server 2021-08-07 22:44:19,437 [INFO] Got command from the client 'time'
ptd-server 2021-08-07 22:44:19,438 [INFO] Sending reply to client '1628372659.4380746'
ptd-server 2021-08-07 22:44:19,440 [INFO] Got command from the client 'session,2021-08-07_22-33-21,start,testing'
ptd-server 2021-08-07 22:44:19,440 [INFO] Sending to ptd: 'SR,V,249.810000'
ptd-server 2021-08-07 22:44:20,942 [INFO] Reply from ptd: 'Range V changed'
ptd-server 2021-08-07 22:44:20,942 [INFO] Sending to ptd: 'SR,A,0.168580'
ptd-server 2021-08-07 22:44:22,443 [INFO] Reply from ptd: 'Range A changed'
ptd-server 2021-08-07 22:44:32,453 [INFO] Starting testing mode
ptd-server 2021-08-07 22:44:32,454 [INFO] Sending to ptd: 'Go,1000,0,2021-08-07_22-33-21_testing'
ptd-server 2021-08-07 22:44:32,454 [INFO] Reply from ptd: 'Starting untimed measurement, maximum 500000 samples at 1000ms with 0 rampup samples'
ptd-server 2021-08-07 22:44:32,454 [INFO] Sending reply to client 'OK'
ptd-server 2021-08-07 22:54:52,320 [INFO] Got command from the client 'session,2021-08-07_22-33-21,stop,testing'
ptd-server 2021-08-07 22:55:02,330 [INFO] Sending to ptd: 'Stop'
ptd-server 2021-08-07 22:55:02,331 [INFO] Reply from ptd: 'Stopping untimed measurement'
ptd-server 2021-08-07 22:55:02,370 [INFO] Sending reply to client 'OK'
ptd-server 2021-08-07 22:55:02,402 [INFO] Got command from the client 'session,2021-08-07_22-33-21,done'
ptd-server 2021-08-07 22:55:02,402 [INFO] Sending to ptd: 'Stop'
ptd-server 2021-08-07 22:55:02,455 [INFO] Reply from ptd: 'Error: no measurement to stop'
ptd-server 2021-08-07 22:55:02,455 [INFO] Sending to ptd: 'SR,V,300.000000'
ptd-server 2021-08-07 22:55:03,956 [INFO] Reply from ptd: 'Range V changed'
ptd-server 2021-08-07 22:55:03,956 [INFO] Sending to ptd: 'SR,A,0.500000'
ptd-server 2021-08-07 22:55:05,457 [INFO] Reply from ptd: 'Range A changed'
ptd-server 2021-08-07 22:55:05,458 [INFO] Set initial values for Amps 0.500000 and Volts 300.000000
ptd-server 2021-08-07 22:55:05,458 [INFO] Stopping ptd...
