ptd-server 2021-08-07 14:38:05,062 [INFO] Got command from the client 'time'
ptd-server 2021-08-07 14:38:05,062 [INFO] Sending reply to client '1628343485.0628948'
ptd-server 2021-08-07 14:38:05,064 [INFO] Got command from the client 'new,,c6032986-3008-41c5-8e19-55d9a0b1a97d'
ptd-server 2021-08-07 14:38:05,064 [INFO] Sending reply to client 'OK 2021-08-07_14-38-05,0ab7733f-c810-436e-bbc8-e1b62662bb5a'
ptd-server 2021-08-07 14:38:05,103 [INFO] Got command from the client 'time'
ptd-server 2021-08-07 14:38:05,103 [INFO] Sending reply to client '1628343485.103727'
ptd-server 2021-08-07 14:38:05,106 [INFO] Got command from the client 'session,2021-08-07_14-38-05,start,ranging'
ptd-server 2021-08-07 14:38:05,106 [INFO] Running PTDaemon: ['/home/anton/projects/mlperf/power/inference_v1.0/ptd-linux-x86', '-l', '/tmp/tmpr3iqmcco/ptd_logfile.txt', '-p', '8888', '49', '/dev/usbtmc0']
ptd-server 2021-08-07 14:38:22,279 [INFO] Sending to ptd: 'Hello'
ptd-server 2021-08-07 14:38:22,280 [INFO] Reply from ptd: 'Hello, PTDaemon here!'
ptd-server 2021-08-07 14:38:22,280 [INFO] Sending to ptd: 'Identify'
ptd-server 2021-08-07 14:38:22,280 [INFO] Reply from ptd: 'YokogawaWT310E,1000,1,1,1,1,0,1,1,version=1.9.2-e8c7a49a-20201208,OS=Linux 5.8.0-63-generic #71~20.04.1-Ubuntu SMP Thu Jul 15 17:46:08 UTC 2021 x86_64,mode=power,1,1,1,0,0,no_cal_date,YOKOGAWA;WT310E;C3XA04010E;F1.04'
ptd-server 2021-08-07 14:38:22,280 [INFO] Connected to PTDaemon
ptd-server 2021-08-07 14:38:22,280 [INFO] Sending to ptd: 'RR'
ptd-server 2021-08-07 14:38:22,281 [INFO] Reply from ptd: 'Ranges,0,0.500000,0,300.000000'
ptd-server 2021-08-07 14:38:22,281 [INFO] Initial range for Amps is 0.500000 for Volts is 300.000000
ptd-server 2021-08-07 14:38:22,281 [INFO] Sending to ptd: 'SR,V,Auto'
ptd-server 2021-08-07 14:38:22,784 [INFO] Reply from ptd: 'Range V changed'
ptd-server 2021-08-07 14:38:22,784 [INFO] Sending to ptd: 'SR,A,Auto'
ptd-server 2021-08-07 14:38:23,286 [INFO] Reply from ptd: 'Range A changed'
ptd-server 2021-08-07 14:38:33,297 [INFO] Starting ranging mode
ptd-server 2021-08-07 14:38:33,297 [INFO] Sending to ptd: 'Go,1000,0,2021-08-07_14-38-05_ranging'
ptd-server 2021-08-07 14:38:33,297 [INFO] Reply from ptd: 'Starting untimed measurement, maximum 500000 samples at 1000ms with 0 rampup samples'
ptd-server 2021-08-07 14:38:33,297 [INFO] Sending reply to client 'OK'
ptd-server 2021-08-07 14:48:52,912 [INFO] Got command from the client 'session,2021-08-07_14-38-05,stop,ranging'
ptd-server 2021-08-07 14:49:02,923 [INFO] Sending to ptd: 'Stop'
ptd-server 2021-08-07 14:49:02,923 [INFO] Reply from ptd: 'Stopping untimed measurement'
ptd-server 2021-08-07 14:49:02,948 [INFO] Sending reply to client 'OK'
ptd-server 2021-08-07 14:49:03,011 [INFO] Got command from the client 'time'
ptd-server 2021-08-07 14:49:03,011 [INFO] Sending reply to client '1628344143.011543'
ptd-server 2021-08-07 14:49:03,013 [INFO] Got command from the client 'session,2021-08-07_14-38-05,start,testing'
ptd-server 2021-08-07 14:49:03,014 [INFO] Sending to ptd: 'SR,V,251.550000'
ptd-server 2021-08-07 14:49:04,798 [INFO] Reply from ptd: 'Range V changed'
ptd-server 2021-08-07 14:49:04,799 [INFO] Sending to ptd: 'SR,A,0.183220'
ptd-server 2021-08-07 14:49:06,300 [INFO] Reply from ptd: 'Range A changed'
ptd-server 2021-08-07 14:49:16,310 [INFO] Starting testing mode
ptd-server 2021-08-07 14:49:16,310 [INFO] Sending to ptd: 'Go,1000,0,2021-08-07_14-38-05_testing'
ptd-server 2021-08-07 14:49:16,311 [INFO] Reply from ptd: 'Starting untimed measurement, maximum 500000 samples at 1000ms with 0 rampup samples'
ptd-server 2021-08-07 14:49:16,311 [INFO] Sending reply to client 'OK'
ptd-server 2021-08-07 14:59:35,975 [INFO] Got command from the client 'session,2021-08-07_14-38-05,stop,testing'
ptd-server 2021-08-07 14:59:45,986 [INFO] Sending to ptd: 'Stop'
ptd-server 2021-08-07 14:59:45,986 [INFO] Reply from ptd: 'Stopping untimed measurement'
ptd-server 2021-08-07 14:59:46,001 [INFO] Sending reply to client 'OK'
ptd-server 2021-08-07 14:59:46,020 [INFO] Got command from the client 'session,2021-08-07_14-38-05,done'
ptd-server 2021-08-07 14:59:46,020 [INFO] Sending to ptd: 'Stop'
ptd-server 2021-08-07 14:59:46,311 [INFO] Reply from ptd: 'Error: no measurement to stop'
ptd-server 2021-08-07 14:59:46,312 [INFO] Sending to ptd: 'SR,V,300.000000'
ptd-server 2021-08-07 14:59:47,813 [INFO] Reply from ptd: 'Range V changed'
ptd-server 2021-08-07 14:59:47,813 [INFO] Sending to ptd: 'SR,A,0.500000'
ptd-server 2021-08-07 14:59:49,314 [INFO] Reply from ptd: 'Range A changed'
ptd-server 2021-08-07 14:59:49,315 [INFO] Set initial values for Amps 0.500000 and Volts 300.000000
ptd-server 2021-08-07 14:59:49,315 [INFO] Stopping ptd...
