ptd-server 2021-08-13 05:21:53,396 [INFO] Got command from the client 'stop'
ptd-server 2021-08-13 05:21:53,396 [INFO] The server will be stopped after processing this client
ptd-server 2021-08-13 05:21:53,396 [INFO] Sending reply to client 'OK'
ptd-server 2021-08-13 05:21:53,396 [INFO] Got command from the client 'time'
ptd-server 2021-08-13 05:21:53,396 [INFO] Sending reply to client '1628832113.3961294'
ptd-server 2021-08-13 05:21:53,396 [INFO] Got command from the client 'new,,ae65a3eb-a633-4c70-becf-7ab81cad3cb8'
ptd-server 2021-08-13 05:21:53,396 [INFO] Sending reply to client 'OK 2021-08-13_05-21-53,5a4a8c9e-8d80-4686-8a3a-23ad75eb8697'
ptd-server 2021-08-13 05:21:53,411 [INFO] Got command from the client 'time'
ptd-server 2021-08-13 05:21:53,411 [INFO] Sending reply to client '1628832113.4117348'
ptd-server 2021-08-13 05:21:53,411 [INFO] Got command from the client 'session,2021-08-13_05-21-53,start,ranging'
ptd-server 2021-08-13 05:21:53,521 [INFO] Running PTDaemon: ['.\\ptd-windows-x86.exe', '-l', 'C:\\Users\\root\\AppData\\Local\\Temp\\tmptaclk1h0\\ptd_logfile.txt', '-p', '8888', '-g', '8', '1']
ptd-server 2021-08-13 05:22:06,247 [INFO] Sending to ptd: 'Hello'
ptd-server 2021-08-13 05:22:06,247 [INFO] Reply from ptd: 'Hello, PTDaemon here!'
ptd-server 2021-08-13 05:22:06,247 [INFO] Sending to ptd: 'Identify'
ptd-server 2021-08-13 05:22:06,247 [INFO] Reply from ptd: 'YokogawaWT210,1000,1,1,1,1,0,0,1,version=1.9.2-3976349f-20201208,OS=Windows 8 / Server 2012,mode=power,1,1,1,0,0,no_cal_date,YOKOGAWA;760401;0;F1.12'
ptd-server 2021-08-13 05:22:06,247 [INFO] Connected to PTDaemon
ptd-server 2021-08-13 05:22:06,247 [INFO] Sending to ptd: 'RR'
ptd-server 2021-08-13 05:22:06,247 [INFO] Reply from ptd: 'Ranges,0,5.000000,0,150.000000'
ptd-server 2021-08-13 05:22:06,247 [INFO] Initial range for Amps is 5.000000 for Volts is 150.000000
ptd-server 2021-08-13 05:22:06,247 [INFO] Sending to ptd: 'SR,V,Auto'
ptd-server 2021-08-13 05:22:06,775 [INFO] Reply from ptd: 'Range V changed'
ptd-server 2021-08-13 05:22:06,775 [INFO] Sending to ptd: 'SR,A,Auto'
ptd-server 2021-08-13 05:22:07,293 [INFO] Reply from ptd: 'Range A changed'
ptd-server 2021-08-13 05:22:17,302 [INFO] Starting ranging mode
ptd-server 2021-08-13 05:22:17,302 [INFO] Sending to ptd: 'Go,1000,0,2021-08-13_05-21-53_ranging'
ptd-server 2021-08-13 05:22:17,302 [INFO] Reply from ptd: 'Starting untimed measurement, maximum 500000 samples at 1000ms with 0 rampup samples'
ptd-server 2021-08-13 05:22:17,302 [INFO] Sending reply to client 'OK'
ptd-server 2021-08-13 05:32:30,035 [INFO] Got command from the client 'session,2021-08-13_05-21-53,stop,ranging'
ptd-server 2021-08-13 05:32:40,049 [INFO] Sending to ptd: 'Stop'
ptd-server 2021-08-13 05:32:40,049 [INFO] Reply from ptd: 'Stopping untimed measurement'
ptd-server 2021-08-13 05:32:40,081 [INFO] Sending reply to client 'OK'
ptd-server 2021-08-13 05:32:40,096 [INFO] Got command from the client 'time'
ptd-server 2021-08-13 05:32:40,096 [INFO] Sending reply to client '1628832760.096816'
ptd-server 2021-08-13 05:32:40,096 [INFO] Got command from the client 'session,2021-08-13_05-21-53,start,testing'
ptd-server 2021-08-13 05:32:40,096 [INFO] Sending to ptd: 'SR,V,119.590000'
ptd-server 2021-08-13 05:32:41,848 [INFO] Reply from ptd: 'Range V changed'
ptd-server 2021-08-13 05:32:41,848 [INFO] Sending to ptd: 'SR,A,3.366300'
ptd-server 2021-08-13 05:32:43,372 [INFO] Reply from ptd: 'Range A changed'
ptd-server 2021-08-13 05:32:53,380 [INFO] Starting testing mode
ptd-server 2021-08-13 05:32:53,380 [INFO] Sending to ptd: 'Go,1000,0,2021-08-13_05-21-53_testing'
ptd-server 2021-08-13 05:32:53,380 [INFO] Reply from ptd: 'Starting untimed measurement, maximum 500000 samples at 1000ms with 0 rampup samples'
ptd-server 2021-08-13 05:32:53,380 [INFO] Sending reply to client 'OK'
ptd-server 2021-08-13 05:43:06,158 [INFO] Got command from the client 'session,2021-08-13_05-21-53,stop,testing'
ptd-server 2021-08-13 05:43:16,162 [INFO] Sending to ptd: 'Stop'
ptd-server 2021-08-13 05:43:16,162 [INFO] Reply from ptd: 'Stopping untimed measurement'
ptd-server 2021-08-13 05:43:16,178 [INFO] Sending reply to client 'OK'
ptd-server 2021-08-13 05:43:16,193 [INFO] Got command from the client 'session,2021-08-13_05-21-53,done'
ptd-server 2021-08-13 05:43:16,193 [INFO] Sending to ptd: 'Stop'
ptd-server 2021-08-13 05:43:16,397 [INFO] Reply from ptd: 'Error: no measurement to stop'
ptd-server 2021-08-13 05:43:16,397 [INFO] Sending to ptd: 'SR,V,150.000000'
ptd-server 2021-08-13 05:43:17,913 [INFO] Reply from ptd: 'Range V changed'
ptd-server 2021-08-13 05:43:17,913 [INFO] Sending to ptd: 'SR,A,5.000000'
ptd-server 2021-08-13 05:43:19,434 [INFO] Reply from ptd: 'Range A changed'
ptd-server 2021-08-13 05:43:19,434 [INFO] Set initial values for Amps 5.000000 and Volts 150.000000
ptd-server 2021-08-13 05:43:19,434 [INFO] Stopping ptd...
