ptd-server 2021-08-08 21:45:33,432 [INFO] Got command from the client 'time'
ptd-server 2021-08-08 21:45:33,432 [INFO] Sending reply to client '1628455533.432776'
ptd-server 2021-08-08 21:45:33,435 [INFO] Got command from the client 'new,,3eb3e609-e80b-413b-9db3-879f898f8ec2'
ptd-server 2021-08-08 21:45:33,436 [INFO] Sending reply to client 'OK 2021-08-08_21-45-33,f7b3a52f-c3a1-4f80-a212-d41c3cbc1102'
ptd-server 2021-08-08 21:45:33,482 [INFO] Got command from the client 'time'
ptd-server 2021-08-08 21:45:33,483 [INFO] Sending reply to client '1628455533.483061'
ptd-server 2021-08-08 21:45:33,484 [INFO] Got command from the client 'session,2021-08-08_21-45-33,start,ranging'
ptd-server 2021-08-08 21:45:33,485 [INFO] Running PTDaemon: ['/home/anton/projects/mlperf/power/inference_v1.0/ptd-linux-x86', '-l', '/tmp/tmpr3iqmcco/ptd_logfile.txt', '-p', '8888', '49', '/dev/usbtmc0']
ptd-server 2021-08-08 21:45:50,658 [INFO] Sending to ptd: 'Hello'
ptd-server 2021-08-08 21:45:50,658 [INFO] Reply from ptd: 'Hello, PTDaemon here!'
ptd-server 2021-08-08 21:45:50,659 [INFO] Sending to ptd: 'Identify'
ptd-server 2021-08-08 21:45:50,659 [INFO] Reply from ptd: 'YokogawaWT310E,1000,1,1,1,1,0,1,1,version=1.9.2-e8c7a49a-20201208,OS=Linux 5.8.0-63-generic #71~20.04.1-Ubuntu SMP Thu Jul 15 17:46:08 UTC 2021 x86_64,mode=power,1,1,1,0,0,no_cal_date,YOKOGAWA;WT310E;C3XA04010E;F1.04'
ptd-server 2021-08-08 21:45:50,659 [INFO] Connected to PTDaemon
ptd-server 2021-08-08 21:45:50,659 [INFO] Sending to ptd: 'RR'
ptd-server 2021-08-08 21:45:50,660 [INFO] Reply from ptd: 'Ranges,0,0.500000,0,300.000000'
ptd-server 2021-08-08 21:45:50,660 [INFO] Initial range for Amps is 0.500000 for Volts is 300.000000
ptd-server 2021-08-08 21:45:50,660 [INFO] Sending to ptd: 'SR,V,Auto'
ptd-server 2021-08-08 21:45:51,162 [INFO] Reply from ptd: 'Range V changed'
ptd-server 2021-08-08 21:45:51,162 [INFO] Sending to ptd: 'SR,A,Auto'
ptd-server 2021-08-08 21:45:51,665 [INFO] Reply from ptd: 'Range A changed'
ptd-server 2021-08-08 21:46:01,675 [INFO] Starting ranging mode
ptd-server 2021-08-08 21:46:01,675 [INFO] Sending to ptd: 'Go,1000,0,2021-08-08_21-45-33_ranging'
ptd-server 2021-08-08 21:46:01,676 [INFO] Reply from ptd: 'Starting untimed measurement, maximum 500000 samples at 1000ms with 0 rampup samples'
ptd-server 2021-08-08 21:46:01,676 [INFO] Sending reply to client 'OK'
ptd-server 2021-08-08 21:56:21,410 [INFO] Got command from the client 'session,2021-08-08_21-45-33,stop,ranging'
ptd-server 2021-08-08 21:56:31,420 [INFO] Sending to ptd: 'Stop'
ptd-server 2021-08-08 21:56:31,421 [INFO] Reply from ptd: 'Stopping untimed measurement'
ptd-server 2021-08-08 21:56:31,605 [INFO] Sending reply to client 'OK'
ptd-server 2021-08-08 21:56:31,670 [INFO] Got command from the client 'time'
ptd-server 2021-08-08 21:56:31,670 [INFO] Sending reply to client '1628456191.6705754'
ptd-server 2021-08-08 21:56:31,672 [INFO] Got command from the client 'session,2021-08-08_21-45-33,start,testing'
ptd-server 2021-08-08 21:56:31,672 [INFO] Sending to ptd: 'SR,V,248.980000'
ptd-server 2021-08-08 21:56:33,178 [INFO] Reply from ptd: 'Range V changed'
ptd-server 2021-08-08 21:56:33,178 [INFO] Sending to ptd: 'SR,A,0.170840'
ptd-server 2021-08-08 21:56:34,679 [INFO] Reply from ptd: 'Range A changed'
ptd-server 2021-08-08 21:56:44,689 [INFO] Starting testing mode
ptd-server 2021-08-08 21:56:44,689 [INFO] Sending to ptd: 'Go,1000,0,2021-08-08_21-45-33_testing'
ptd-server 2021-08-08 21:56:44,690 [INFO] Reply from ptd: 'Starting untimed measurement, maximum 500000 samples at 1000ms with 0 rampup samples'
ptd-server 2021-08-08 21:56:44,690 [INFO] Sending reply to client 'OK'
ptd-server 2021-08-08 22:07:04,099 [INFO] Got command from the client 'session,2021-08-08_21-45-33,stop,testing'
ptd-server 2021-08-08 22:07:14,110 [INFO] Sending to ptd: 'Stop'
ptd-server 2021-08-08 22:07:14,110 [INFO] Reply from ptd: 'Stopping untimed measurement'
ptd-server 2021-08-08 22:07:14,214 [INFO] Sending reply to client 'OK'
ptd-server 2021-08-08 22:07:14,233 [INFO] Got command from the client 'session,2021-08-08_21-45-33,done'
ptd-server 2021-08-08 22:07:14,233 [INFO] Sending to ptd: 'Stop'
ptd-server 2021-08-08 22:07:14,691 [INFO] Reply from ptd: 'Error: no measurement to stop'
ptd-server 2021-08-08 22:07:14,691 [INFO] Sending to ptd: 'SR,V,300.000000'
ptd-server 2021-08-08 22:07:16,192 [INFO] Reply from ptd: 'Range V changed'
ptd-server 2021-08-08 22:07:16,193 [INFO] Sending to ptd: 'SR,A,0.500000'
ptd-server 2021-08-08 22:07:17,694 [INFO] Reply from ptd: 'Range A changed'
ptd-server 2021-08-08 22:07:17,694 [INFO] Set initial values for Amps 0.500000 and Volts 300.000000
ptd-server 2021-08-08 22:07:17,694 [INFO] Stopping ptd...
