ptd-server 2021-08-08 10:50:52,127 [INFO] Got command from the client 'time'
ptd-server 2021-08-08 10:50:52,127 [INFO] Sending reply to client '1628416252.1273057'
ptd-server 2021-08-08 10:50:52,129 [INFO] Got command from the client 'new,,77fbfcaf-57f4-473e-ad73-5e82d7865c4f'
ptd-server 2021-08-08 10:50:52,130 [INFO] Sending reply to client 'OK 2021-08-08_10-50-52,8a5f23f8-3bfd-4700-9f70-f03ec950eb4f'
ptd-server 2021-08-08 10:50:52,171 [INFO] Got command from the client 'time'
ptd-server 2021-08-08 10:50:52,171 [INFO] Sending reply to client '1628416252.171678'
ptd-server 2021-08-08 10:50:52,173 [INFO] Got command from the client 'session,2021-08-08_10-50-52,start,ranging'
ptd-server 2021-08-08 10:50:52,173 [INFO] Running PTDaemon: ['/home/anton/projects/mlperf/power/inference_v1.0/ptd-linux-x86', '-l', '/tmp/tmpr3iqmcco/ptd_logfile.txt', '-p', '8888', '49', '/dev/usbtmc0']
ptd-server 2021-08-08 10:51:09,346 [INFO] Sending to ptd: 'Hello'
ptd-server 2021-08-08 10:51:09,347 [INFO] Reply from ptd: 'Hello, PTDaemon here!'
ptd-server 2021-08-08 10:51:09,347 [INFO] Sending to ptd: 'Identify'
ptd-server 2021-08-08 10:51:09,347 [INFO] Reply from ptd: 'YokogawaWT310E,1000,1,1,1,1,0,1,1,version=1.9.2-e8c7a49a-20201208,OS=Linux 5.8.0-63-generic #71~20.04.1-Ubuntu SMP Thu Jul 15 17:46:08 UTC 2021 x86_64,mode=power,1,1,1,0,0,no_cal_date,YOKOGAWA;WT310E;C3XA04010E;F1.04'
ptd-server 2021-08-08 10:51:09,348 [INFO] Connected to PTDaemon
ptd-server 2021-08-08 10:51:09,348 [INFO] Sending to ptd: 'RR'
ptd-server 2021-08-08 10:51:09,348 [INFO] Reply from ptd: 'Ranges,0,0.500000,0,300.000000'
ptd-server 2021-08-08 10:51:09,348 [INFO] Initial range for Amps is 0.500000 for Volts is 300.000000
ptd-server 2021-08-08 10:51:09,348 [INFO] Sending to ptd: 'SR,V,Auto'
ptd-server 2021-08-08 10:51:09,851 [INFO] Reply from ptd: 'Range V changed'
ptd-server 2021-08-08 10:51:09,851 [INFO] Sending to ptd: 'SR,A,Auto'
ptd-server 2021-08-08 10:51:10,353 [INFO] Reply from ptd: 'Range A changed'
ptd-server 2021-08-08 10:51:20,364 [INFO] Starting ranging mode
ptd-server 2021-08-08 10:51:20,364 [INFO] Sending to ptd: 'Go,1000,0,2021-08-08_10-50-52_ranging'
ptd-server 2021-08-08 10:51:20,364 [INFO] Reply from ptd: 'Starting untimed measurement, maximum 500000 samples at 1000ms with 0 rampup samples'
ptd-server 2021-08-08 10:51:20,364 [INFO] Sending reply to client 'OK'
ptd-server 2021-08-08 11:01:40,157 [INFO] Got command from the client 'session,2021-08-08_10-50-52,stop,ranging'
ptd-server 2021-08-08 11:01:50,168 [INFO] Sending to ptd: 'Stop'
ptd-server 2021-08-08 11:01:50,168 [INFO] Reply from ptd: 'Stopping untimed measurement'
ptd-server 2021-08-08 11:01:50,295 [INFO] Sending reply to client 'OK'
ptd-server 2021-08-08 11:01:50,362 [INFO] Got command from the client 'time'
ptd-server 2021-08-08 11:01:50,362 [INFO] Sending reply to client '1628416910.3621473'
ptd-server 2021-08-08 11:01:50,365 [INFO] Got command from the client 'session,2021-08-08_10-50-52,start,testing'
ptd-server 2021-08-08 11:01:50,365 [INFO] Sending to ptd: 'SR,V,248.380000'
ptd-server 2021-08-08 11:01:51,866 [INFO] Reply from ptd: 'Range V changed'
ptd-server 2021-08-08 11:01:51,866 [INFO] Sending to ptd: 'SR,A,0.201410'
ptd-server 2021-08-08 11:01:53,368 [INFO] Reply from ptd: 'Range A changed'
ptd-server 2021-08-08 11:02:03,378 [INFO] Starting testing mode
ptd-server 2021-08-08 11:02:03,378 [INFO] Sending to ptd: 'Go,1000,0,2021-08-08_10-50-52_testing'
ptd-server 2021-08-08 11:02:03,379 [INFO] Reply from ptd: 'Starting untimed measurement, maximum 500000 samples at 1000ms with 0 rampup samples'
ptd-server 2021-08-08 11:02:03,379 [INFO] Sending reply to client 'OK'
ptd-server 2021-08-08 11:12:23,138 [INFO] Got command from the client 'session,2021-08-08_10-50-52,stop,testing'
ptd-server 2021-08-08 11:12:33,149 [INFO] Sending to ptd: 'Stop'
ptd-server 2021-08-08 11:12:33,149 [INFO] Reply from ptd: 'Stopping untimed measurement'
ptd-server 2021-08-08 11:12:33,221 [INFO] Sending reply to client 'OK'
ptd-server 2021-08-08 11:12:33,241 [INFO] Got command from the client 'session,2021-08-08_10-50-52,done'
ptd-server 2021-08-08 11:12:33,242 [INFO] Sending to ptd: 'Stop'
ptd-server 2021-08-08 11:12:33,379 [INFO] Reply from ptd: 'Error: no measurement to stop'
ptd-server 2021-08-08 11:12:33,380 [INFO] Sending to ptd: 'SR,V,300.000000'
ptd-server 2021-08-08 11:12:34,881 [INFO] Reply from ptd: 'Range V changed'
ptd-server 2021-08-08 11:12:34,881 [INFO] Sending to ptd: 'SR,A,0.500000'
ptd-server 2021-08-08 11:12:36,382 [INFO] Reply from ptd: 'Range A changed'
ptd-server 2021-08-08 11:12:36,383 [INFO] Set initial values for Amps 0.500000 and Volts 300.000000
ptd-server 2021-08-08 11:12:36,383 [INFO] Stopping ptd...
