ptd-server 2021-08-08 04:44:57,315 [INFO] Got command from the client 'time'
ptd-server 2021-08-08 04:44:57,315 [INFO] Sending reply to client '1628394297.3157358'
ptd-server 2021-08-08 04:44:57,317 [INFO] Got command from the client 'new,,cf57bc5f-bed6-4ee2-9103-f6c21e1532a7'
ptd-server 2021-08-08 04:44:57,318 [INFO] Sending reply to client 'OK 2021-08-08_04-44-57,cdc4fc4f-2915-4820-b62a-0528d1fe3014'
ptd-server 2021-08-08 04:44:57,355 [INFO] Got command from the client 'time'
ptd-server 2021-08-08 04:44:57,356 [INFO] Sending reply to client '1628394297.356147'
ptd-server 2021-08-08 04:44:57,358 [INFO] Got command from the client 'session,2021-08-08_04-44-57,start,ranging'
ptd-server 2021-08-08 04:44:57,358 [INFO] Running PTDaemon: ['/home/anton/projects/mlperf/power/inference_v1.0/ptd-linux-x86', '-l', '/tmp/tmpr3iqmcco/ptd_logfile.txt', '-p', '8888', '49', '/dev/usbtmc0']
ptd-server 2021-08-08 04:45:14,531 [INFO] Sending to ptd: 'Hello'
ptd-server 2021-08-08 04:45:14,532 [INFO] Reply from ptd: 'Hello, PTDaemon here!'
ptd-server 2021-08-08 04:45:14,532 [INFO] Sending to ptd: 'Identify'
ptd-server 2021-08-08 04:45:14,532 [INFO] Reply from ptd: 'YokogawaWT310E,1000,1,1,1,1,0,1,1,version=1.9.2-e8c7a49a-20201208,OS=Linux 5.8.0-63-generic #71~20.04.1-Ubuntu SMP Thu Jul 15 17:46:08 UTC 2021 x86_64,mode=power,1,1,1,0,0,no_cal_date,YOKOGAWA;WT310E;C3XA04010E;F1.04'
ptd-server 2021-08-08 04:45:14,532 [INFO] Connected to PTDaemon
ptd-server 2021-08-08 04:45:14,532 [INFO] Sending to ptd: 'RR'
ptd-server 2021-08-08 04:45:14,533 [INFO] Reply from ptd: 'Ranges,0,0.500000,0,300.000000'
ptd-server 2021-08-08 04:45:14,533 [INFO] Initial range for Amps is 0.500000 for Volts is 300.000000
ptd-server 2021-08-08 04:45:14,533 [INFO] Sending to ptd: 'SR,V,Auto'
ptd-server 2021-08-08 04:45:15,036 [INFO] Reply from ptd: 'Range V changed'
ptd-server 2021-08-08 04:45:15,036 [INFO] Sending to ptd: 'SR,A,Auto'
ptd-server 2021-08-08 04:45:15,538 [INFO] Reply from ptd: 'Range A changed'
ptd-server 2021-08-08 04:45:25,548 [INFO] Starting ranging mode
ptd-server 2021-08-08 04:45:25,549 [INFO] Sending to ptd: 'Go,1000,0,2021-08-08_04-44-57_ranging'
ptd-server 2021-08-08 04:45:25,549 [INFO] Reply from ptd: 'Starting untimed measurement, maximum 500000 samples at 1000ms with 0 rampup samples'
ptd-server 2021-08-08 04:45:25,549 [INFO] Sending reply to client 'OK'
ptd-server 2021-08-08 04:55:45,101 [INFO] Got command from the client 'session,2021-08-08_04-44-57,stop,ranging'
ptd-server 2021-08-08 04:55:55,111 [INFO] Sending to ptd: 'Stop'
ptd-server 2021-08-08 04:55:55,112 [INFO] Reply from ptd: 'Stopping untimed measurement'
ptd-server 2021-08-08 04:55:55,226 [INFO] Sending reply to client 'OK'
ptd-server 2021-08-08 04:55:55,283 [INFO] Got command from the client 'time'
ptd-server 2021-08-08 04:55:55,283 [INFO] Sending reply to client '1628394955.2831445'
ptd-server 2021-08-08 04:55:55,285 [INFO] Got command from the client 'session,2021-08-08_04-44-57,start,testing'
ptd-server 2021-08-08 04:55:55,285 [INFO] Sending to ptd: 'SR,V,249.800000'
ptd-server 2021-08-08 04:55:57,051 [INFO] Reply from ptd: 'Range V changed'
ptd-server 2021-08-08 04:55:57,051 [INFO] Sending to ptd: 'SR,A,0.213920'
ptd-server 2021-08-08 04:55:58,552 [INFO] Reply from ptd: 'Range A changed'
ptd-server 2021-08-08 04:56:08,563 [INFO] Starting testing mode
ptd-server 2021-08-08 04:56:08,563 [INFO] Sending to ptd: 'Go,1000,0,2021-08-08_04-44-57_testing'
ptd-server 2021-08-08 04:56:08,563 [INFO] Reply from ptd: 'Starting untimed measurement, maximum 500000 samples at 1000ms with 0 rampup samples'
ptd-server 2021-08-08 04:56:08,563 [INFO] Sending reply to client 'OK'
ptd-server 2021-08-08 05:06:27,882 [INFO] Got command from the client 'session,2021-08-08_04-44-57,stop,testing'
ptd-server 2021-08-08 05:06:37,893 [INFO] Sending to ptd: 'Stop'
ptd-server 2021-08-08 05:06:37,893 [INFO] Reply from ptd: 'Stopping untimed measurement'
ptd-server 2021-08-08 05:06:37,955 [INFO] Sending reply to client 'OK'
ptd-server 2021-08-08 05:06:37,976 [INFO] Got command from the client 'session,2021-08-08_04-44-57,done'
ptd-server 2021-08-08 05:06:37,976 [INFO] Sending to ptd: 'Stop'
ptd-server 2021-08-08 05:06:38,564 [INFO] Reply from ptd: 'Error: no measurement to stop'
ptd-server 2021-08-08 05:06:38,564 [INFO] Sending to ptd: 'SR,V,300.000000'
ptd-server 2021-08-08 05:06:40,065 [INFO] Reply from ptd: 'Range V changed'
ptd-server 2021-08-08 05:06:40,065 [INFO] Sending to ptd: 'SR,A,0.500000'
ptd-server 2021-08-08 05:06:41,567 [INFO] Reply from ptd: 'Range A changed'
ptd-server 2021-08-08 05:06:41,567 [INFO] Set initial values for Amps 0.500000 and Volts 300.000000
ptd-server 2021-08-08 05:06:41,567 [INFO] Stopping ptd...
