ptd-server 2021-08-13 20:25:06,244 [INFO] Got command from the client 'time'
ptd-server 2021-08-13 20:25:06,244 [INFO] Sending reply to client '1628882706.2446427'
ptd-server 2021-08-13 20:25:06,246 [INFO] Got command from the client 'new,,0ca66f76-3941-4075-9c59-f38efbd77ead'
ptd-server 2021-08-13 20:25:06,246 [INFO] Sending reply to client 'OK 2021-08-13_20-25-06,09ff9ad2-6574-4ed6-b768-f38e34eab6c4'
ptd-server 2021-08-13 20:25:06,294 [INFO] Got command from the client 'time'
ptd-server 2021-08-13 20:25:06,294 [INFO] Sending reply to client '1628882706.2944856'
ptd-server 2021-08-13 20:25:06,297 [INFO] Got command from the client 'session,2021-08-13_20-25-06,start,ranging'
ptd-server 2021-08-13 20:25:06,297 [INFO] Running PTDaemon: ['/home/anton/projects/mlperf/power/inference_v1.0/ptd-linux-x86', '-l', '/tmp/tmpqehsa3vp/ptd_logfile.txt', '-p', '8888', '49', '/dev/usbtmc0']
ptd-server 2021-08-13 20:25:23,472 [INFO] Sending to ptd: 'Hello'
ptd-server 2021-08-13 20:25:23,472 [INFO] Reply from ptd: 'Hello, PTDaemon here!'
ptd-server 2021-08-13 20:25:23,473 [INFO] Sending to ptd: 'Identify'
ptd-server 2021-08-13 20:25:23,473 [INFO] Reply from ptd: 'YokogawaWT310E,1000,1,1,1,1,0,1,1,version=1.9.2-e8c7a49a-20201208,OS=Linux 5.11.0-25-generic #27~20.04.1-Ubuntu SMP Tue Jul 13 17:41:23 UTC 2021 x86_64,mode=power,1,1,1,0,0,no_cal_date,YOKOGAWA;WT310E;C3XA04010E;F1.04'
ptd-server 2021-08-13 20:25:23,473 [INFO] Connected to PTDaemon
ptd-server 2021-08-13 20:25:23,473 [INFO] Sending to ptd: 'RR'
ptd-server 2021-08-13 20:25:23,474 [INFO] Reply from ptd: 'Ranges,0,0.500000,0,300.000000'
ptd-server 2021-08-13 20:25:23,474 [INFO] Initial range for Amps is 0.500000 for Volts is 300.000000
ptd-server 2021-08-13 20:25:23,474 [INFO] Sending to ptd: 'SR,V,Auto'
ptd-server 2021-08-13 20:25:23,976 [INFO] Reply from ptd: 'Range V changed'
ptd-server 2021-08-13 20:25:23,976 [INFO] Sending to ptd: 'SR,A,Auto'
ptd-server 2021-08-13 20:25:24,479 [INFO] Reply from ptd: 'Range A changed'
ptd-server 2021-08-13 20:25:34,489 [INFO] Starting ranging mode
ptd-server 2021-08-13 20:25:34,489 [INFO] Sending to ptd: 'Go,1000,0,2021-08-13_20-25-06_ranging'
ptd-server 2021-08-13 20:25:34,490 [INFO] Reply from ptd: 'Starting untimed measurement, maximum 500000 samples at 1000ms with 0 rampup samples'
ptd-server 2021-08-13 20:25:34,490 [INFO] Sending reply to client 'OK'
ptd-server 2021-08-13 20:39:12,120 [INFO] Got command from the client 'session,2021-08-13_20-25-06,stop,ranging'
ptd-server 2021-08-13 20:39:22,130 [INFO] Sending to ptd: 'Stop'
ptd-server 2021-08-13 20:39:22,130 [INFO] Reply from ptd: 'Stopping untimed measurement'
ptd-server 2021-08-13 20:39:22,156 [INFO] Sending reply to client 'OK'
ptd-server 2021-08-13 20:39:22,288 [INFO] Got command from the client 'time'
ptd-server 2021-08-13 20:39:22,288 [INFO] Sending reply to client '1628883562.288661'
ptd-server 2021-08-13 20:39:22,292 [INFO] Got command from the client 'session,2021-08-13_20-25-06,start,testing'
ptd-server 2021-08-13 20:39:22,292 [INFO] Sending to ptd: 'SR,V,250.740000'
ptd-server 2021-08-13 20:39:23,992 [INFO] Reply from ptd: 'Range V changed'
ptd-server 2021-08-13 20:39:23,992 [INFO] Sending to ptd: 'SR,A,0.178560'
ptd-server 2021-08-13 20:39:25,493 [INFO] Reply from ptd: 'Range A changed'
ptd-server 2021-08-13 20:39:35,504 [INFO] Starting testing mode
ptd-server 2021-08-13 20:39:35,504 [INFO] Sending to ptd: 'Go,1000,0,2021-08-13_20-25-06_testing'
ptd-server 2021-08-13 20:39:35,504 [INFO] Reply from ptd: 'Starting untimed measurement, maximum 500000 samples at 1000ms with 0 rampup samples'
ptd-server 2021-08-13 20:39:35,504 [INFO] Sending reply to client 'OK'
ptd-server 2021-08-13 20:51:15,153 [INFO] Got command from the client 'session,2021-08-13_20-25-06,stop,testing'
ptd-server 2021-08-13 20:51:25,164 [INFO] Sending to ptd: 'Stop'
ptd-server 2021-08-13 20:51:25,164 [INFO] Reply from ptd: 'Stopping untimed measurement'
ptd-server 2021-08-13 20:51:25,176 [INFO] Sending reply to client 'OK'
ptd-server 2021-08-13 20:51:25,217 [INFO] Got command from the client 'session,2021-08-13_20-25-06,done'
ptd-server 2021-08-13 20:51:25,217 [INFO] Sending to ptd: 'Stop'
ptd-server 2021-08-13 20:51:25,505 [INFO] Reply from ptd: 'Error: no measurement to stop'
ptd-server 2021-08-13 20:51:25,505 [INFO] Sending to ptd: 'SR,V,300.000000'
ptd-server 2021-08-13 20:51:27,006 [INFO] Reply from ptd: 'Range V changed'
ptd-server 2021-08-13 20:51:27,006 [INFO] Sending to ptd: 'SR,A,0.500000'
ptd-server 2021-08-13 20:51:28,508 [INFO] Reply from ptd: 'Range A changed'
ptd-server 2021-08-13 20:51:28,508 [INFO] Set initial values for Amps 0.500000 and Volts 300.000000
ptd-server 2021-08-13 20:51:28,508 [INFO] Stopping ptd...
