ptd-server 2021-08-06 04:11:15,655 [INFO] Got command from the client 'stop'
ptd-server 2021-08-06 04:11:15,655 [INFO] The server will be stopped after processing this client
ptd-server 2021-08-06 04:11:15,655 [INFO] Sending reply to client 'OK'
ptd-server 2021-08-06 04:11:15,858 [INFO] Got command from the client 'time'
ptd-server 2021-08-06 04:11:15,858 [INFO] Sending reply to client '1628248275.8586545'
ptd-server 2021-08-06 04:11:15,858 [INFO] Got command from the client 'new,,496b1fd1-401e-4dd6-862c-e07de0e29e10'
ptd-server 2021-08-06 04:11:15,858 [INFO] Sending reply to client 'OK 2021-08-06_04-11-15,7dd07009-f8e9-4b7d-8a09-e604b2258ca9'
ptd-server 2021-08-06 04:11:16,071 [INFO] Got command from the client 'time'
ptd-server 2021-08-06 04:11:16,071 [INFO] Sending reply to client '1628248276.0718455'
ptd-server 2021-08-06 04:11:16,071 [INFO] Got command from the client 'session,2021-08-06_04-11-15,start,ranging'
ptd-server 2021-08-06 04:11:16,174 [INFO] Running PTDaemon: ['C:\\PTD\\ptd-windows-x86.exe', '-l', 'C:\\Users\\lab\\AppData\\Local\\Temp\\tmp1yri9z5g\\ptd_logfile.txt', '-p', '8888', '-c', '1', '-y', '52', '172.18.220.100']
ptd-server 2021-08-06 04:11:33,733 [INFO] Sending to ptd: 'Hello'
ptd-server 2021-08-06 04:11:33,733 [INFO] Reply from ptd: 'Hello, PTDaemon here!'
ptd-server 2021-08-06 04:11:33,733 [INFO] Sending to ptd: 'Identify'
ptd-server 2021-08-06 04:11:33,733 [INFO] Reply from ptd: 'YokogawaWT330E,1000,1,1,1,1,0,0,1,version=1.9.2-3976349f-20201208,OS=Windows 8 / Server 2012,mode=power,1,1,1,0,0,no_cal_date,YOKOGAWA;WT333E;C2WC23035V;F1.04'
ptd-server 2021-08-06 04:11:33,733 [INFO] Connected to PTDaemon
ptd-server 2021-08-06 04:11:33,733 [INFO] Sending to ptd: 'RR'
ptd-server 2021-08-06 04:11:33,733 [INFO] Reply from ptd: 'Ranges,1,5.000000,1,300.000000'
ptd-server 2021-08-06 04:11:33,733 [INFO] Initial range for Amps is Auto for Volts is Auto
ptd-server 2021-08-06 04:11:33,733 [INFO] Sending to ptd: 'SR,V,Auto'
ptd-server 2021-08-06 04:11:34,249 [INFO] Reply from ptd: 'Range V changed'
ptd-server 2021-08-06 04:11:34,249 [INFO] Sending to ptd: 'SR,A,20'
ptd-server 2021-08-06 04:11:35,776 [INFO] Reply from ptd: 'Range A changed'
ptd-server 2021-08-06 04:11:45,776 [INFO] Starting ranging mode
ptd-server 2021-08-06 04:11:45,776 [INFO] Sending to ptd: 'Go,1000,0,2021-08-06_04-11-15_ranging'
ptd-server 2021-08-06 04:11:45,776 [INFO] Reply from ptd: 'Starting untimed measurement, maximum 500000 samples at 1000ms with 0 rampup samples'
ptd-server 2021-08-06 04:11:45,776 [INFO] Sending reply to client 'OK'
ptd-server 2021-08-06 04:22:57,797 [INFO] Got command from the client 'session,2021-08-06_04-11-15,stop,ranging'
ptd-server 2021-08-06 04:23:07,809 [INFO] Sending to ptd: 'Stop'
ptd-server 2021-08-06 04:23:07,809 [INFO] Reply from ptd: 'Stopping untimed measurement'
ptd-server 2021-08-06 04:23:07,825 [INFO] Sending reply to client 'OK'
ptd-server 2021-08-06 04:23:08,043 [INFO] Got command from the client 'time'
ptd-server 2021-08-06 04:23:08,043 [INFO] Sending reply to client '1628248988.0437741'
ptd-server 2021-08-06 04:23:08,043 [INFO] Got command from the client 'session,2021-08-06_04-11-15,start,testing'
ptd-server 2021-08-06 04:23:08,043 [INFO] Sending to ptd: 'SR,V,206.520000'
ptd-server 2021-08-06 04:23:10,284 [INFO] Reply from ptd: 'Range V changed'
ptd-server 2021-08-06 04:23:10,284 [INFO] Sending to ptd: 'SR,A,6.473000'
ptd-server 2021-08-06 04:23:11,794 [INFO] Reply from ptd: 'Range A changed'
ptd-server 2021-08-06 04:23:21,803 [INFO] Starting testing mode
ptd-server 2021-08-06 04:23:21,803 [INFO] Sending to ptd: 'Go,1000,0,2021-08-06_04-11-15_testing'
ptd-server 2021-08-06 04:23:21,803 [INFO] Reply from ptd: 'Starting untimed measurement, maximum 500000 samples at 1000ms with 0 rampup samples'
ptd-server 2021-08-06 04:23:21,803 [INFO] Sending reply to client 'OK'
ptd-server 2021-08-06 04:34:35,477 [INFO] Got command from the client 'session,2021-08-06_04-11-15,stop,testing'
ptd-server 2021-08-06 04:34:45,508 [INFO] Sending to ptd: 'Stop'
ptd-server 2021-08-06 04:34:45,508 [INFO] Reply from ptd: 'Stopping untimed measurement'
ptd-server 2021-08-06 04:34:45,523 [INFO] Sending reply to client 'OK'
ptd-server 2021-08-06 04:34:45,539 [INFO] Got command from the client 'session,2021-08-06_04-11-15,done'
ptd-server 2021-08-06 04:34:45,539 [INFO] Sending to ptd: 'Stop'
ptd-server 2021-08-06 04:34:45,810 [INFO] Reply from ptd: 'Error: no measurement to stop'
ptd-server 2021-08-06 04:34:45,810 [INFO] Sending to ptd: 'SR,V,Auto'
ptd-server 2021-08-06 04:34:46,317 [INFO] Reply from ptd: 'Range V changed'
ptd-server 2021-08-06 04:34:46,317 [INFO] Sending to ptd: 'SR,A,Auto'
ptd-server 2021-08-06 04:34:46,832 [INFO] Reply from ptd: 'Range A changed'
ptd-server 2021-08-06 04:34:46,832 [INFO] Set initial values for Amps Auto and Volts Auto
ptd-server 2021-08-06 04:34:46,832 [INFO] Stopping ptd...
