ptd-server 2021-08-10 02:45:26,629 [INFO] Got command from the client 'stop'
ptd-server 2021-08-10 02:45:26,629 [INFO] The server will be stopped after processing this client
ptd-server 2021-08-10 02:45:26,629 [INFO] Sending reply to client 'OK'
ptd-server 2021-08-10 02:45:27,051 [INFO] Got command from the client 'time'
ptd-server 2021-08-10 02:45:27,051 [INFO] Sending reply to client '1628588727.0512724'
ptd-server 2021-08-10 02:45:27,051 [INFO] Got command from the client 'new,,30640fba-c6c2-4dc9-b71d-fd8b457a11cf'
ptd-server 2021-08-10 02:45:27,066 [INFO] Sending reply to client 'OK 2021-08-10_02-45-27,9959d20c-8e50-4fa8-af72-b0e32d371ea6'
ptd-server 2021-08-10 02:45:27,269 [INFO] Got command from the client 'time'
ptd-server 2021-08-10 02:45:27,269 [INFO] Sending reply to client '1628588727.2699506'
ptd-server 2021-08-10 02:45:27,269 [INFO] Got command from the client 'session,2021-08-10_02-45-27,start,ranging'
ptd-server 2021-08-10 02:45:27,380 [INFO] Running PTDaemon: ['C:\\PTD\\ptd-windows-x86.exe', '-l', 'C:\\Users\\lab\\AppData\\Local\\Temp\\tmpaj7k8cmo\\ptd_logfile.txt', '-p', '8888', '-c', '1', '-y', '52', '10.32.209.251']
ptd-server 2021-08-10 02:45:45,193 [INFO] Sending to ptd: 'Hello'
ptd-server 2021-08-10 02:45:45,193 [INFO] Reply from ptd: 'Hello, PTDaemon here!'
ptd-server 2021-08-10 02:45:45,193 [INFO] Sending to ptd: 'Identify'
ptd-server 2021-08-10 02:45:45,193 [INFO] Reply from ptd: 'YokogawaWT330E,1000,1,1,1,1,0,0,1,version=1.9.2-3976349f-20201208,OS=Windows 8 / Server 2012,mode=power,1,1,1,0,0,no_cal_date,YOKOGAWA;WT333E;C2VL22012V;F1.04'
ptd-server 2021-08-10 02:45:45,193 [INFO] Connected to PTDaemon
ptd-server 2021-08-10 02:45:45,193 [INFO] Sending to ptd: 'RR'
ptd-server 2021-08-10 02:45:45,193 [INFO] Reply from ptd: 'Ranges,0,1.000000,1,150.000000'
ptd-server 2021-08-10 02:45:45,193 [INFO] Initial range for Amps is 1.000000 for Volts is Auto
ptd-server 2021-08-10 02:45:45,193 [INFO] Sending to ptd: 'SR,V,Auto'
ptd-server 2021-08-10 02:45:45,708 [INFO] Reply from ptd: 'Range V changed'
ptd-server 2021-08-10 02:45:45,708 [INFO] Sending to ptd: 'SR,A,Auto'
ptd-server 2021-08-10 02:45:46,224 [INFO] Reply from ptd: 'Range A changed'
ptd-server 2021-08-10 02:45:56,236 [INFO] Starting ranging mode
ptd-server 2021-08-10 02:45:56,241 [INFO] Sending to ptd: 'Go,1000,0,2021-08-10_02-45-27_ranging'
ptd-server 2021-08-10 02:45:56,241 [INFO] Reply from ptd: 'Starting untimed measurement, maximum 500000 samples at 1000ms with 0 rampup samples'
ptd-server 2021-08-10 02:45:56,241 [INFO] Sending reply to client 'OK'
ptd-server 2021-08-10 02:56:28,770 [INFO] Got command from the client 'session,2021-08-10_02-45-27,stop,ranging'
ptd-server 2021-08-10 02:56:38,773 [INFO] Sending to ptd: 'Stop'
ptd-server 2021-08-10 02:56:38,773 [INFO] Reply from ptd: 'Stopping untimed measurement'
ptd-server 2021-08-10 02:56:38,789 [INFO] Sending reply to client 'OK'
ptd-server 2021-08-10 02:56:39,055 [INFO] Got command from the client 'time'
ptd-server 2021-08-10 02:56:39,055 [INFO] Sending reply to client '1628589399.055016'
ptd-server 2021-08-10 02:56:39,055 [INFO] Got command from the client 'session,2021-08-10_02-45-27,start,testing'
ptd-server 2021-08-10 02:56:39,055 [INFO] Sending to ptd: 'SR,V,120.990000'
ptd-server 2021-08-10 02:56:40,788 [INFO] Reply from ptd: 'Range V changed'
ptd-server 2021-08-10 02:56:40,788 [INFO] Sending to ptd: 'SR,A,0.285500'
ptd-server 2021-08-10 02:56:42,314 [INFO] Reply from ptd: 'Range A changed'
ptd-server 2021-08-10 02:56:52,318 [INFO] Starting testing mode
ptd-server 2021-08-10 02:56:52,318 [INFO] Sending to ptd: 'Go,1000,0,2021-08-10_02-45-27_testing'
ptd-server 2021-08-10 02:56:52,318 [INFO] Reply from ptd: 'Starting untimed measurement, maximum 500000 samples at 1000ms with 0 rampup samples'
ptd-server 2021-08-10 02:56:52,318 [INFO] Sending reply to client 'OK'
ptd-server 2021-08-10 03:07:11,404 [INFO] Got command from the client 'session,2021-08-10_02-45-27,stop,testing'
ptd-server 2021-08-10 03:07:21,417 [INFO] Sending to ptd: 'Stop'
ptd-server 2021-08-10 03:07:21,417 [INFO] Reply from ptd: 'Stopping untimed measurement'
ptd-server 2021-08-10 03:07:21,433 [INFO] Sending reply to client 'OK'
ptd-server 2021-08-10 03:07:21,511 [INFO] Got command from the client 'session,2021-08-10_02-45-27,done'
ptd-server 2021-08-10 03:07:21,511 [INFO] Sending to ptd: 'Stop'
ptd-server 2021-08-10 03:07:22,323 [INFO] Reply from ptd: 'Error: no measurement to stop'
ptd-server 2021-08-10 03:07:22,323 [INFO] Sending to ptd: 'SR,V,Auto'
ptd-server 2021-08-10 03:07:22,839 [INFO] Reply from ptd: 'Range V changed'
ptd-server 2021-08-10 03:07:22,839 [INFO] Sending to ptd: 'SR,A,1.000000'
ptd-server 2021-08-10 03:07:24,370 [INFO] Reply from ptd: 'Range A changed'
ptd-server 2021-08-10 03:07:24,370 [INFO] Set initial values for Amps 1.000000 and Volts Auto
ptd-server 2021-08-10 03:07:24,370 [INFO] Stopping ptd...
