ptd-server 2021-08-08 01:50:05,376 [INFO] Got command from the client 'time'
ptd-server 2021-08-08 01:50:05,376 [INFO] Sending reply to client '1628383805.3762856'
ptd-server 2021-08-08 01:50:05,378 [INFO] Got command from the client 'new,,b73347cb-e47d-456b-bf0a-1f77b06c8a87'
ptd-server 2021-08-08 01:50:05,378 [INFO] Sending reply to client 'OK 2021-08-08_01-50-05,cd6bcf8f-d1d2-48fc-af5f-9b4d41131c60'
ptd-server 2021-08-08 01:50:05,417 [INFO] Got command from the client 'time'
ptd-server 2021-08-08 01:50:05,418 [INFO] Sending reply to client '1628383805.4179912'
ptd-server 2021-08-08 01:50:05,420 [INFO] Got command from the client 'session,2021-08-08_01-50-05,start,ranging'
ptd-server 2021-08-08 01:50:05,420 [INFO] Running PTDaemon: ['/home/anton/projects/mlperf/power/inference_v1.0/ptd-linux-x86', '-l', '/tmp/tmpr3iqmcco/ptd_logfile.txt', '-p', '8888', '49', '/dev/usbtmc0']
ptd-server 2021-08-08 01:50:22,591 [INFO] Sending to ptd: 'Hello'
ptd-server 2021-08-08 01:50:22,592 [INFO] Reply from ptd: 'Hello, PTDaemon here!'
ptd-server 2021-08-08 01:50:22,592 [INFO] Sending to ptd: 'Identify'
ptd-server 2021-08-08 01:50:22,592 [INFO] Reply from ptd: 'YokogawaWT310E,1000,1,1,1,1,0,1,1,version=1.9.2-e8c7a49a-20201208,OS=Linux 5.8.0-63-generic #71~20.04.1-Ubuntu SMP Thu Jul 15 17:46:08 UTC 2021 x86_64,mode=power,1,1,1,0,0,no_cal_date,YOKOGAWA;WT310E;C3XA04010E;F1.04'
ptd-server 2021-08-08 01:50:22,593 [INFO] Connected to PTDaemon
ptd-server 2021-08-08 01:50:22,593 [INFO] Sending to ptd: 'RR'
ptd-server 2021-08-08 01:50:22,593 [INFO] Reply from ptd: 'Ranges,0,0.500000,0,300.000000'
ptd-server 2021-08-08 01:50:22,593 [INFO] Initial range for Amps is 0.500000 for Volts is 300.000000
ptd-server 2021-08-08 01:50:22,593 [INFO] Sending to ptd: 'SR,V,Auto'
ptd-server 2021-08-08 01:50:23,096 [INFO] Reply from ptd: 'Range V changed'
ptd-server 2021-08-08 01:50:23,096 [INFO] Sending to ptd: 'SR,A,Auto'
ptd-server 2021-08-08 01:50:23,598 [INFO] Reply from ptd: 'Range A changed'
ptd-server 2021-08-08 01:50:33,609 [INFO] Starting ranging mode
ptd-server 2021-08-08 01:50:33,609 [INFO] Sending to ptd: 'Go,1000,0,2021-08-08_01-50-05_ranging'
ptd-server 2021-08-08 01:50:33,609 [INFO] Reply from ptd: 'Starting untimed measurement, maximum 500000 samples at 1000ms with 0 rampup samples'
ptd-server 2021-08-08 01:50:33,609 [INFO] Sending reply to client 'OK'
ptd-server 2021-08-08 02:00:53,696 [INFO] Got command from the client 'session,2021-08-08_01-50-05,stop,ranging'
ptd-server 2021-08-08 02:01:03,706 [INFO] Sending to ptd: 'Stop'
ptd-server 2021-08-08 02:01:03,707 [INFO] Reply from ptd: 'Stopping untimed measurement'
ptd-server 2021-08-08 02:01:03,810 [INFO] Sending reply to client 'OK'
ptd-server 2021-08-08 02:01:03,867 [INFO] Got command from the client 'time'
ptd-server 2021-08-08 02:01:03,867 [INFO] Sending reply to client '1628384463.8676002'
ptd-server 2021-08-08 02:01:03,869 [INFO] Got command from the client 'session,2021-08-08_01-50-05,start,testing'
ptd-server 2021-08-08 02:01:03,870 [INFO] Sending to ptd: 'SR,V,249.760000'
ptd-server 2021-08-08 02:01:06,110 [INFO] Reply from ptd: 'Range V changed'
ptd-server 2021-08-08 02:01:06,110 [INFO] Sending to ptd: 'SR,A,0.185810'
ptd-server 2021-08-08 02:01:07,612 [INFO] Reply from ptd: 'Range A changed'
ptd-server 2021-08-08 02:01:17,622 [INFO] Starting testing mode
ptd-server 2021-08-08 02:01:17,622 [INFO] Sending to ptd: 'Go,1000,0,2021-08-08_01-50-05_testing'
ptd-server 2021-08-08 02:01:17,623 [INFO] Reply from ptd: 'Starting untimed measurement, maximum 500000 samples at 1000ms with 0 rampup samples'
ptd-server 2021-08-08 02:01:17,623 [INFO] Sending reply to client 'OK'
ptd-server 2021-08-08 02:11:37,462 [INFO] Got command from the client 'session,2021-08-08_01-50-05,stop,testing'
ptd-server 2021-08-08 02:11:47,473 [INFO] Sending to ptd: 'Stop'
ptd-server 2021-08-08 02:11:47,473 [INFO] Reply from ptd: 'Stopping untimed measurement'
ptd-server 2021-08-08 02:11:47,525 [INFO] Sending reply to client 'OK'
ptd-server 2021-08-08 02:11:47,545 [INFO] Got command from the client 'session,2021-08-08_01-50-05,done'
ptd-server 2021-08-08 02:11:47,545 [INFO] Sending to ptd: 'Stop'
ptd-server 2021-08-08 02:11:47,623 [INFO] Reply from ptd: 'Error: no measurement to stop'
ptd-server 2021-08-08 02:11:47,623 [INFO] Sending to ptd: 'SR,V,300.000000'
ptd-server 2021-08-08 02:11:49,125 [INFO] Reply from ptd: 'Range V changed'
ptd-server 2021-08-08 02:11:49,125 [INFO] Sending to ptd: 'SR,A,0.500000'
ptd-server 2021-08-08 02:11:50,626 [INFO] Reply from ptd: 'Range A changed'
ptd-server 2021-08-08 02:11:50,626 [INFO] Set initial values for Amps 0.500000 and Volts 300.000000
ptd-server 2021-08-08 02:11:50,626 [INFO] Stopping ptd...
