ptd-server 2021-08-08 19:12:35,783 [INFO] Got command from the client 'time'
ptd-server 2021-08-08 19:12:35,783 [INFO] Sending reply to client '1628446355.7832239'
ptd-server 2021-08-08 19:12:35,785 [INFO] Got command from the client 'new,,56d143dc-a81b-4e19-a0f5-825cf6e62a2e'
ptd-server 2021-08-08 19:12:35,785 [INFO] Sending reply to client 'OK 2021-08-08_19-12-35,f4b529a9-1e89-49fa-91f2-0f79e8f6fd5a'
ptd-server 2021-08-08 19:12:35,832 [INFO] Got command from the client 'time'
ptd-server 2021-08-08 19:12:35,832 [INFO] Sending reply to client '1628446355.832576'
ptd-server 2021-08-08 19:12:35,834 [INFO] Got command from the client 'session,2021-08-08_19-12-35,start,ranging'
ptd-server 2021-08-08 19:12:35,834 [INFO] Running PTDaemon: ['/home/anton/projects/mlperf/power/inference_v1.0/ptd-linux-x86', '-l', '/tmp/tmpr3iqmcco/ptd_logfile.txt', '-p', '8888', '49', '/dev/usbtmc0']
ptd-server 2021-08-08 19:12:53,007 [INFO] Sending to ptd: 'Hello'
ptd-server 2021-08-08 19:12:53,008 [INFO] Reply from ptd: 'Hello, PTDaemon here!'
ptd-server 2021-08-08 19:12:53,008 [INFO] Sending to ptd: 'Identify'
ptd-server 2021-08-08 19:12:53,008 [INFO] Reply from ptd: 'YokogawaWT310E,1000,1,1,1,1,0,1,1,version=1.9.2-e8c7a49a-20201208,OS=Linux 5.8.0-63-generic #71~20.04.1-Ubuntu SMP Thu Jul 15 17:46:08 UTC 2021 x86_64,mode=power,1,1,1,0,0,no_cal_date,YOKOGAWA;WT310E;C3XA04010E;F1.04'
ptd-server 2021-08-08 19:12:53,009 [INFO] Connected to PTDaemon
ptd-server 2021-08-08 19:12:53,009 [INFO] Sending to ptd: 'RR'
ptd-server 2021-08-08 19:12:53,009 [INFO] Reply from ptd: 'Ranges,0,0.500000,0,300.000000'
ptd-server 2021-08-08 19:12:53,009 [INFO] Initial range for Amps is 0.500000 for Volts is 300.000000
ptd-server 2021-08-08 19:12:53,009 [INFO] Sending to ptd: 'SR,V,Auto'
ptd-server 2021-08-08 19:12:53,512 [INFO] Reply from ptd: 'Range V changed'
ptd-server 2021-08-08 19:12:53,512 [INFO] Sending to ptd: 'SR,A,Auto'
ptd-server 2021-08-08 19:12:54,014 [INFO] Reply from ptd: 'Range A changed'
ptd-server 2021-08-08 19:13:04,025 [INFO] Starting ranging mode
ptd-server 2021-08-08 19:13:04,025 [INFO] Sending to ptd: 'Go,1000,0,2021-08-08_19-12-35_ranging'
ptd-server 2021-08-08 19:13:04,025 [INFO] Reply from ptd: 'Starting untimed measurement, maximum 500000 samples at 1000ms with 0 rampup samples'
ptd-server 2021-08-08 19:13:04,025 [INFO] Sending reply to client 'OK'
ptd-server 2021-08-08 19:23:23,613 [INFO] Got command from the client 'session,2021-08-08_19-12-35,stop,ranging'
ptd-server 2021-08-08 19:23:33,623 [INFO] Sending to ptd: 'Stop'
ptd-server 2021-08-08 19:23:33,624 [INFO] Reply from ptd: 'Stopping untimed measurement'
ptd-server 2021-08-08 19:23:33,788 [INFO] Sending reply to client 'OK'
ptd-server 2021-08-08 19:23:33,851 [INFO] Got command from the client 'time'
ptd-server 2021-08-08 19:23:33,851 [INFO] Sending reply to client '1628447013.8515894'
ptd-server 2021-08-08 19:23:33,854 [INFO] Got command from the client 'session,2021-08-08_19-12-35,start,testing'
ptd-server 2021-08-08 19:23:33,854 [INFO] Sending to ptd: 'SR,V,251.240000'
ptd-server 2021-08-08 19:23:35,527 [INFO] Reply from ptd: 'Range V changed'
ptd-server 2021-08-08 19:23:35,527 [INFO] Sending to ptd: 'SR,A,0.209760'
ptd-server 2021-08-08 19:23:37,028 [INFO] Reply from ptd: 'Range A changed'
ptd-server 2021-08-08 19:23:47,038 [INFO] Starting testing mode
ptd-server 2021-08-08 19:23:47,039 [INFO] Sending to ptd: 'Go,1000,0,2021-08-08_19-12-35_testing'
ptd-server 2021-08-08 19:23:47,039 [INFO] Reply from ptd: 'Starting untimed measurement, maximum 500000 samples at 1000ms with 0 rampup samples'
ptd-server 2021-08-08 19:23:47,039 [INFO] Sending reply to client 'OK'
ptd-server 2021-08-08 19:34:06,378 [INFO] Got command from the client 'session,2021-08-08_19-12-35,stop,testing'
ptd-server 2021-08-08 19:34:16,388 [INFO] Sending to ptd: 'Stop'
ptd-server 2021-08-08 19:34:16,389 [INFO] Reply from ptd: 'Stopping untimed measurement'
ptd-server 2021-08-08 19:34:16,485 [INFO] Sending reply to client 'OK'
ptd-server 2021-08-08 19:34:16,503 [INFO] Got command from the client 'session,2021-08-08_19-12-35,done'
ptd-server 2021-08-08 19:34:16,504 [INFO] Sending to ptd: 'Stop'
ptd-server 2021-08-08 19:34:17,039 [INFO] Reply from ptd: 'Error: no measurement to stop'
ptd-server 2021-08-08 19:34:17,039 [INFO] Sending to ptd: 'SR,V,300.000000'
ptd-server 2021-08-08 19:34:18,541 [INFO] Reply from ptd: 'Range V changed'
ptd-server 2021-08-08 19:34:18,541 [INFO] Sending to ptd: 'SR,A,0.500000'
ptd-server 2021-08-08 19:34:20,042 [INFO] Reply from ptd: 'Range A changed'
ptd-server 2021-08-08 19:34:20,042 [INFO] Set initial values for Amps 0.500000 and Volts 300.000000
ptd-server 2021-08-08 19:34:20,042 [INFO] Stopping ptd...
