ptd-server 2021-08-24 19:45:00,174 [INFO] Got command from the client 'time'
ptd-server 2021-08-24 19:45:00,174 [INFO] Sending reply to client '1629830700.1748111'
ptd-server 2021-08-24 19:45:00,177 [INFO] Got command from the client 'new,,67f63418-84ef-4264-be07-3a466becd16e'
ptd-server 2021-08-24 19:45:00,178 [INFO] Sending reply to client 'OK 2021-08-24_19-45-00,0ddde45a-d8a8-490e-9022-cf11de8b2c5c'
ptd-server 2021-08-24 19:45:00,229 [INFO] Got command from the client 'time'
ptd-server 2021-08-24 19:45:00,229 [INFO] Sending reply to client '1629830700.2298589'
ptd-server 2021-08-24 19:45:00,232 [INFO] Got command from the client 'session,2021-08-24_19-45-00,start,ranging'
ptd-server 2021-08-24 19:45:00,232 [INFO] Running PTDaemon: ['/home/anton/projects/mlperf/power/inference_v1.0/ptd-linux-x86', '-l', '/tmp/tmp4_0x26n4/ptd_logfile.txt', '-p', '8888', '49', '/dev/usbtmc0']
ptd-server 2021-08-24 19:45:17,406 [INFO] Sending to ptd: 'Hello'
ptd-server 2021-08-24 19:45:17,406 [INFO] Reply from ptd: 'Hello, PTDaemon here!'
ptd-server 2021-08-24 19:45:17,406 [INFO] Sending to ptd: 'Identify'
ptd-server 2021-08-24 19:45:17,407 [INFO] Reply from ptd: 'YokogawaWT310E,1000,1,1,1,1,0,1,1,version=1.9.2-e8c7a49a-20201208,OS=Linux 5.11.0-25-generic #27~20.04.1-Ubuntu SMP Tue Jul 13 17:41:23 UTC 2021 x86_64,mode=power,1,1,1,0,0,no_cal_date,YOKOGAWA;WT310E;C3XA04010E;F1.04'
ptd-server 2021-08-24 19:45:17,407 [INFO] Connected to PTDaemon
ptd-server 2021-08-24 19:45:17,407 [INFO] Sending to ptd: 'RR'
ptd-server 2021-08-24 19:45:17,407 [INFO] Reply from ptd: 'Ranges,0,0.500000,0,300.000000'
ptd-server 2021-08-24 19:45:17,407 [INFO] Initial range for Amps is 0.500000 for Volts is 300.000000
ptd-server 2021-08-24 19:45:17,407 [INFO] Sending to ptd: 'SR,V,Auto'
ptd-server 2021-08-24 19:45:17,910 [INFO] Reply from ptd: 'Range V changed'
ptd-server 2021-08-24 19:45:17,910 [INFO] Sending to ptd: 'SR,A,Auto'
ptd-server 2021-08-24 19:45:18,412 [INFO] Reply from ptd: 'Range A changed'
ptd-server 2021-08-24 19:45:28,423 [INFO] Starting ranging mode
ptd-server 2021-08-24 19:45:28,423 [INFO] Sending to ptd: 'Go,1000,0,2021-08-24_19-45-00_ranging'
ptd-server 2021-08-24 19:45:28,423 [INFO] Reply from ptd: 'Starting untimed measurement, maximum 500000 samples at 1000ms with 0 rampup samples'
ptd-server 2021-08-24 19:45:28,423 [INFO] Sending reply to client 'OK'
ptd-server 2021-08-24 19:57:34,684 [INFO] Got command from the client 'session,2021-08-24_19-45-00,stop,ranging'
ptd-server 2021-08-24 19:57:44,695 [INFO] Sending to ptd: 'Stop'
ptd-server 2021-08-24 19:57:44,695 [INFO] Reply from ptd: 'Stopping untimed measurement'
ptd-server 2021-08-24 19:57:44,717 [INFO] Sending reply to client 'OK'
ptd-server 2021-08-24 19:57:44,841 [INFO] Got command from the client 'time'
ptd-server 2021-08-24 19:57:44,841 [INFO] Sending reply to client '1629831464.8415701'
ptd-server 2021-08-24 19:57:44,845 [INFO] Got command from the client 'session,2021-08-24_19-45-00,start,testing'
ptd-server 2021-08-24 19:57:44,845 [INFO] Sending to ptd: 'SR,V,249.780000'
ptd-server 2021-08-24 19:57:46,924 [INFO] Reply from ptd: 'Range V changed'
ptd-server 2021-08-24 19:57:46,924 [INFO] Sending to ptd: 'SR,A,0.168900'
ptd-server 2021-08-24 19:57:48,426 [INFO] Reply from ptd: 'Range A changed'
ptd-server 2021-08-24 19:57:58,436 [INFO] Starting testing mode
ptd-server 2021-08-24 19:57:58,436 [INFO] Sending to ptd: 'Go,1000,0,2021-08-24_19-45-00_testing'
ptd-server 2021-08-24 19:57:58,436 [INFO] Reply from ptd: 'Starting untimed measurement, maximum 500000 samples at 1000ms with 0 rampup samples'
ptd-server 2021-08-24 19:57:58,437 [INFO] Sending reply to client 'OK'
ptd-server 2021-08-24 20:10:42,486 [INFO] Got command from the client 'session,2021-08-24_19-45-00,stop,testing'
ptd-server 2021-08-24 20:10:52,497 [INFO] Sending to ptd: 'Stop'
ptd-server 2021-08-24 20:10:52,497 [INFO] Reply from ptd: 'Stopping untimed measurement'
ptd-server 2021-08-24 20:10:52,509 [INFO] Sending reply to client 'OK'
ptd-server 2021-08-24 20:10:52,544 [INFO] Got command from the client 'session,2021-08-24_19-45-00,done'
ptd-server 2021-08-24 20:10:52,545 [INFO] Sending to ptd: 'Stop'
ptd-server 2021-08-24 20:10:53,437 [INFO] Reply from ptd: 'Error: no measurement to stop'
ptd-server 2021-08-24 20:10:53,437 [INFO] Sending to ptd: 'SR,V,300.000000'
ptd-server 2021-08-24 20:10:54,938 [INFO] Reply from ptd: 'Range V changed'
ptd-server 2021-08-24 20:10:54,938 [INFO] Sending to ptd: 'SR,A,0.500000'
ptd-server 2021-08-24 20:10:56,440 [INFO] Reply from ptd: 'Range A changed'
ptd-server 2021-08-24 20:10:56,440 [INFO] Set initial values for Amps 0.500000 and Volts 300.000000
ptd-server 2021-08-24 20:10:56,440 [INFO] Stopping ptd...
