ptd-server 2021-08-09 07:13:42,799 [INFO] Got command from the client 'time'
ptd-server 2021-08-09 07:13:42,799 [INFO] Sending reply to client '1628489622.7995884'
ptd-server 2021-08-09 07:13:42,802 [INFO] Got command from the client 'new,,9c145f79-0931-4677-a28e-9640d8c78fd5'
ptd-server 2021-08-09 07:13:42,802 [INFO] Sending reply to client 'OK 2021-08-09_07-13-42,075ec1fb-03b5-4aa6-ae53-45246878c9c5'
ptd-server 2021-08-09 07:13:42,840 [INFO] Got command from the client 'time'
ptd-server 2021-08-09 07:13:42,840 [INFO] Sending reply to client '1628489622.8404195'
ptd-server 2021-08-09 07:13:42,842 [INFO] Got command from the client 'session,2021-08-09_07-13-42,start,ranging'
ptd-server 2021-08-09 07:13:42,842 [INFO] Running PTDaemon: ['/home/anton/projects/mlperf/power/inference_v1.0/ptd-linux-x86', '-l', '/tmp/tmpr3iqmcco/ptd_logfile.txt', '-p', '8888', '49', '/dev/usbtmc0']
ptd-server 2021-08-09 07:14:00,017 [INFO] Sending to ptd: 'Hello'
ptd-server 2021-08-09 07:14:00,018 [INFO] Reply from ptd: 'Hello, PTDaemon here!'
ptd-server 2021-08-09 07:14:00,018 [INFO] Sending to ptd: 'Identify'
ptd-server 2021-08-09 07:14:00,018 [INFO] Reply from ptd: 'YokogawaWT310E,1000,1,1,1,1,0,1,1,version=1.9.2-e8c7a49a-20201208,OS=Linux 5.8.0-63-generic #71~20.04.1-Ubuntu SMP Thu Jul 15 17:46:08 UTC 2021 x86_64,mode=power,1,1,1,0,0,no_cal_date,YOKOGAWA;WT310E;C3XA04010E;F1.04'
ptd-server 2021-08-09 07:14:00,018 [INFO] Connected to PTDaemon
ptd-server 2021-08-09 07:14:00,018 [INFO] Sending to ptd: 'RR'
ptd-server 2021-08-09 07:14:00,019 [INFO] Reply from ptd: 'Ranges,0,0.500000,0,300.000000'
ptd-server 2021-08-09 07:14:00,019 [INFO] Initial range for Amps is 0.500000 for Volts is 300.000000
ptd-server 2021-08-09 07:14:00,019 [INFO] Sending to ptd: 'SR,V,Auto'
ptd-server 2021-08-09 07:14:00,522 [INFO] Reply from ptd: 'Range V changed'
ptd-server 2021-08-09 07:14:00,522 [INFO] Sending to ptd: 'SR,A,Auto'
ptd-server 2021-08-09 07:14:01,024 [INFO] Reply from ptd: 'Range A changed'
ptd-server 2021-08-09 07:14:11,032 [INFO] Starting ranging mode
ptd-server 2021-08-09 07:14:11,032 [INFO] Sending to ptd: 'Go,1000,0,2021-08-09_07-13-42_ranging'
ptd-server 2021-08-09 07:14:11,032 [INFO] Reply from ptd: 'Starting untimed measurement, maximum 500000 samples at 1000ms with 0 rampup samples'
ptd-server 2021-08-09 07:14:11,032 [INFO] Sending reply to client 'OK'
ptd-server 2021-08-09 07:24:30,595 [INFO] Got command from the client 'session,2021-08-09_07-13-42,stop,ranging'
ptd-server 2021-08-09 07:24:40,605 [INFO] Sending to ptd: 'Stop'
ptd-server 2021-08-09 07:24:40,605 [INFO] Reply from ptd: 'Stopping untimed measurement'
ptd-server 2021-08-09 07:24:40,838 [INFO] Sending reply to client 'OK'
ptd-server 2021-08-09 07:24:40,896 [INFO] Got command from the client 'time'
ptd-server 2021-08-09 07:24:40,896 [INFO] Sending reply to client '1628490280.8966408'
ptd-server 2021-08-09 07:24:40,898 [INFO] Got command from the client 'session,2021-08-09_07-13-42,start,testing'
ptd-server 2021-08-09 07:24:40,898 [INFO] Sending to ptd: 'SR,V,250.420000'
ptd-server 2021-08-09 07:24:42,534 [INFO] Reply from ptd: 'Range V changed'
ptd-server 2021-08-09 07:24:42,534 [INFO] Sending to ptd: 'SR,A,0.181090'
ptd-server 2021-08-09 07:24:44,035 [INFO] Reply from ptd: 'Range A changed'
ptd-server 2021-08-09 07:24:54,045 [INFO] Starting testing mode
ptd-server 2021-08-09 07:24:54,045 [INFO] Sending to ptd: 'Go,1000,0,2021-08-09_07-13-42_testing'
ptd-server 2021-08-09 07:24:54,046 [INFO] Reply from ptd: 'Starting untimed measurement, maximum 500000 samples at 1000ms with 0 rampup samples'
ptd-server 2021-08-09 07:24:54,046 [INFO] Sending reply to client 'OK'
ptd-server 2021-08-09 07:35:13,556 [INFO] Got command from the client 'session,2021-08-09_07-13-42,stop,testing'
ptd-server 2021-08-09 07:35:23,567 [INFO] Sending to ptd: 'Stop'
ptd-server 2021-08-09 07:35:23,567 [INFO] Reply from ptd: 'Stopping untimed measurement'
ptd-server 2021-08-09 07:35:23,693 [INFO] Sending reply to client 'OK'
ptd-server 2021-08-09 07:35:23,729 [INFO] Got command from the client 'session,2021-08-09_07-13-42,done'
ptd-server 2021-08-09 07:35:23,729 [INFO] Sending to ptd: 'Stop'
ptd-server 2021-08-09 07:35:24,046 [INFO] Reply from ptd: 'Error: no measurement to stop'
ptd-server 2021-08-09 07:35:24,046 [INFO] Sending to ptd: 'SR,V,300.000000'
ptd-server 2021-08-09 07:35:25,548 [INFO] Reply from ptd: 'Range V changed'
ptd-server 2021-08-09 07:35:25,548 [INFO] Sending to ptd: 'SR,A,0.500000'
ptd-server 2021-08-09 07:35:27,049 [INFO] Reply from ptd: 'Range A changed'
ptd-server 2021-08-09 07:35:27,049 [INFO] Set initial values for Amps 0.500000 and Volts 300.000000
ptd-server 2021-08-09 07:35:27,050 [INFO] Stopping ptd...
