ptd-server 2021-08-08 04:23:06,439 [INFO] Got command from the client 'time'
ptd-server 2021-08-08 04:23:06,439 [INFO] Sending reply to client '1628392986.4397898'
ptd-server 2021-08-08 04:23:06,442 [INFO] Got command from the client 'new,,8eab3ae5-caa5-4b8a-9caf-3b82817f3187'
ptd-server 2021-08-08 04:23:06,442 [INFO] Sending reply to client 'OK 2021-08-08_04-23-06,06cc3b1a-42fa-4caa-913c-d96bb2241b50'
ptd-server 2021-08-08 04:23:06,478 [INFO] Got command from the client 'time'
ptd-server 2021-08-08 04:23:06,479 [INFO] Sending reply to client '1628392986.479121'
ptd-server 2021-08-08 04:23:06,480 [INFO] Got command from the client 'session,2021-08-08_04-23-06,start,ranging'
ptd-server 2021-08-08 04:23:06,481 [INFO] Running PTDaemon: ['/home/anton/projects/mlperf/power/inference_v1.0/ptd-linux-x86', '-l', '/tmp/tmpr3iqmcco/ptd_logfile.txt', '-p', '8888', '49', '/dev/usbtmc0']
ptd-server 2021-08-08 04:23:23,654 [INFO] Sending to ptd: 'Hello'
ptd-server 2021-08-08 04:23:23,655 [INFO] Reply from ptd: 'Hello, PTDaemon here!'
ptd-server 2021-08-08 04:23:23,655 [INFO] Sending to ptd: 'Identify'
ptd-server 2021-08-08 04:23:23,656 [INFO] Reply from ptd: 'YokogawaWT310E,1000,1,1,1,1,0,1,1,version=1.9.2-e8c7a49a-20201208,OS=Linux 5.8.0-63-generic #71~20.04.1-Ubuntu SMP Thu Jul 15 17:46:08 UTC 2021 x86_64,mode=power,1,1,1,0,0,no_cal_date,YOKOGAWA;WT310E;C3XA04010E;F1.04'
ptd-server 2021-08-08 04:23:23,656 [INFO] Connected to PTDaemon
ptd-server 2021-08-08 04:23:23,656 [INFO] Sending to ptd: 'RR'
ptd-server 2021-08-08 04:23:23,656 [INFO] Reply from ptd: 'Ranges,0,0.500000,0,300.000000'
ptd-server 2021-08-08 04:23:23,656 [INFO] Initial range for Amps is 0.500000 for Volts is 300.000000
ptd-server 2021-08-08 04:23:23,656 [INFO] Sending to ptd: 'SR,V,Auto'
ptd-server 2021-08-08 04:23:24,159 [INFO] Reply from ptd: 'Range V changed'
ptd-server 2021-08-08 04:23:24,159 [INFO] Sending to ptd: 'SR,A,Auto'
ptd-server 2021-08-08 04:23:24,662 [INFO] Reply from ptd: 'Range A changed'
ptd-server 2021-08-08 04:23:34,672 [INFO] Starting ranging mode
ptd-server 2021-08-08 04:23:34,672 [INFO] Sending to ptd: 'Go,1000,0,2021-08-08_04-23-06_ranging'
ptd-server 2021-08-08 04:23:34,673 [INFO] Reply from ptd: 'Starting untimed measurement, maximum 500000 samples at 1000ms with 0 rampup samples'
ptd-server 2021-08-08 04:23:34,673 [INFO] Sending reply to client 'OK'
ptd-server 2021-08-08 04:33:54,050 [INFO] Got command from the client 'session,2021-08-08_04-23-06,stop,ranging'
ptd-server 2021-08-08 04:34:04,061 [INFO] Sending to ptd: 'Stop'
ptd-server 2021-08-08 04:34:04,061 [INFO] Reply from ptd: 'Stopping untimed measurement'
ptd-server 2021-08-08 04:34:04,178 [INFO] Sending reply to client 'OK'
ptd-server 2021-08-08 04:34:04,239 [INFO] Got command from the client 'time'
ptd-server 2021-08-08 04:34:04,239 [INFO] Sending reply to client '1628393644.2391396'
ptd-server 2021-08-08 04:34:04,242 [INFO] Got command from the client 'session,2021-08-08_04-23-06,start,testing'
ptd-server 2021-08-08 04:34:04,242 [INFO] Sending to ptd: 'SR,V,249.710000'
ptd-server 2021-08-08 04:34:06,175 [INFO] Reply from ptd: 'Range V changed'
ptd-server 2021-08-08 04:34:06,175 [INFO] Sending to ptd: 'SR,A,0.175280'
ptd-server 2021-08-08 04:34:07,676 [INFO] Reply from ptd: 'Range A changed'
ptd-server 2021-08-08 04:34:17,687 [INFO] Starting testing mode
ptd-server 2021-08-08 04:34:17,687 [INFO] Sending to ptd: 'Go,1000,0,2021-08-08_04-23-06_testing'
ptd-server 2021-08-08 04:34:17,687 [INFO] Reply from ptd: 'Starting untimed measurement, maximum 500000 samples at 1000ms with 0 rampup samples'
ptd-server 2021-08-08 04:34:17,687 [INFO] Sending reply to client 'OK'
ptd-server 2021-08-08 04:44:37,032 [INFO] Got command from the client 'session,2021-08-08_04-23-06,stop,testing'
ptd-server 2021-08-08 04:44:47,042 [INFO] Sending to ptd: 'Stop'
ptd-server 2021-08-08 04:44:47,042 [INFO] Reply from ptd: 'Stopping untimed measurement'
ptd-server 2021-08-08 04:44:47,102 [INFO] Sending reply to client 'OK'
ptd-server 2021-08-08 04:44:47,125 [INFO] Got command from the client 'session,2021-08-08_04-23-06,done'
ptd-server 2021-08-08 04:44:47,125 [INFO] Sending to ptd: 'Stop'
ptd-server 2021-08-08 04:44:47,687 [INFO] Reply from ptd: 'Error: no measurement to stop'
ptd-server 2021-08-08 04:44:47,687 [INFO] Sending to ptd: 'SR,V,300.000000'
ptd-server 2021-08-08 04:44:49,189 [INFO] Reply from ptd: 'Range V changed'
ptd-server 2021-08-08 04:44:49,189 [INFO] Sending to ptd: 'SR,A,0.500000'
ptd-server 2021-08-08 04:44:50,690 [INFO] Reply from ptd: 'Range A changed'
ptd-server 2021-08-08 04:44:50,690 [INFO] Set initial values for Amps 0.500000 and Volts 300.000000
ptd-server 2021-08-08 04:44:50,691 [INFO] Stopping ptd...
