ptd-server 2021-08-04 23:37:26,846 [INFO] Got command from the client 'stop'
ptd-server 2021-08-04 23:37:26,846 [INFO] The server will be stopped after processing this client
ptd-server 2021-08-04 23:37:26,846 [INFO] Sending reply to client 'OK'
ptd-server 2021-08-04 23:37:27,063 [INFO] Got command from the client 'time'
ptd-server 2021-08-04 23:37:27,063 [INFO] Sending reply to client '1628145447.0632732'
ptd-server 2021-08-04 23:37:27,063 [INFO] Got command from the client 'new,,7f9ff924-92fc-4fe3-9e76-21dd47d39efc'
ptd-server 2021-08-04 23:37:27,063 [INFO] Sending reply to client 'OK 2021-08-04_23-37-27,27cbf642-f412-49f3-acad-aa1810740295'
ptd-server 2021-08-04 23:37:27,257 [INFO] Got command from the client 'time'
ptd-server 2021-08-04 23:37:27,257 [INFO] Sending reply to client '1628145447.2579463'
ptd-server 2021-08-04 23:37:27,257 [INFO] Got command from the client 'session,2021-08-04_23-37-27,start,ranging'
ptd-server 2021-08-04 23:37:27,367 [INFO] Running PTDaemon: ['C:\\PTD\\ptd-windows-x86.exe', '-l', 'C:\\Users\\lab\\AppData\\Local\\Temp\\tmpirruvejf\\ptd_logfile.txt', '-p', '8888', '-c', '1', '-y', '52', '172.18.220.100']
ptd-server 2021-08-04 23:37:44,992 [INFO] Sending to ptd: 'Hello'
ptd-server 2021-08-04 23:37:44,992 [INFO] Reply from ptd: 'Hello, PTDaemon here!'
ptd-server 2021-08-04 23:37:44,992 [INFO] Sending to ptd: 'Identify'
ptd-server 2021-08-04 23:37:44,992 [INFO] Reply from ptd: 'YokogawaWT330E,1000,1,1,1,1,0,0,1,version=1.9.2-3976349f-20201208,OS=Windows 8 / Server 2012,mode=power,1,1,1,0,0,no_cal_date,YOKOGAWA;WT333E;C2WC23035V;F1.04'
ptd-server 2021-08-04 23:37:44,992 [INFO] Connected to PTDaemon
ptd-server 2021-08-04 23:37:44,992 [INFO] Sending to ptd: 'RR'
ptd-server 2021-08-04 23:37:44,992 [INFO] Reply from ptd: 'Ranges,1,5.000000,1,300.000000'
ptd-server 2021-08-04 23:37:44,992 [INFO] Initial range for Amps is Auto for Volts is Auto
ptd-server 2021-08-04 23:37:44,992 [INFO] Sending to ptd: 'SR,V,Auto'
ptd-server 2021-08-04 23:37:45,508 [INFO] Reply from ptd: 'Range V changed'
ptd-server 2021-08-04 23:37:45,508 [INFO] Sending to ptd: 'SR,A,20'
ptd-server 2021-08-04 23:37:47,027 [INFO] Reply from ptd: 'Range A changed'
ptd-server 2021-08-04 23:37:57,027 [INFO] Starting ranging mode
ptd-server 2021-08-04 23:37:57,027 [INFO] Sending to ptd: 'Go,1000,0,2021-08-04_23-37-27_ranging'
ptd-server 2021-08-04 23:37:57,027 [INFO] Reply from ptd: 'Starting untimed measurement, maximum 500000 samples at 1000ms with 0 rampup samples'
ptd-server 2021-08-04 23:37:57,027 [INFO] Sending reply to client 'OK'
ptd-server 2021-08-04 23:48:55,495 [INFO] Got command from the client 'session,2021-08-04_23-37-27,stop,ranging'
ptd-server 2021-08-04 23:49:05,495 [INFO] Sending to ptd: 'Stop'
ptd-server 2021-08-04 23:49:05,495 [INFO] Reply from ptd: 'Stopping untimed measurement'
ptd-server 2021-08-04 23:49:05,510 [INFO] Sending reply to client 'OK'
ptd-server 2021-08-04 23:49:05,743 [INFO] Got command from the client 'time'
ptd-server 2021-08-04 23:49:05,743 [INFO] Sending reply to client '1628146145.743349'
ptd-server 2021-08-04 23:49:05,743 [INFO] Got command from the client 'session,2021-08-04_23-37-27,start,testing'
ptd-server 2021-08-04 23:49:05,743 [INFO] Sending to ptd: 'SR,V,206.460000'
ptd-server 2021-08-04 23:49:07,545 [INFO] Reply from ptd: 'Range V changed'
ptd-server 2021-08-04 23:49:07,545 [INFO] Sending to ptd: 'SR,A,6.222000'
ptd-server 2021-08-04 23:49:09,071 [INFO] Reply from ptd: 'Range A changed'
ptd-server 2021-08-04 23:49:19,072 [INFO] Starting testing mode
ptd-server 2021-08-04 23:49:19,072 [INFO] Sending to ptd: 'Go,1000,0,2021-08-04_23-37-27_testing'
ptd-server 2021-08-04 23:49:19,072 [INFO] Reply from ptd: 'Starting untimed measurement, maximum 500000 samples at 1000ms with 0 rampup samples'
ptd-server 2021-08-04 23:49:19,072 [INFO] Sending reply to client 'OK'
ptd-server 2021-08-05 00:00:20,671 [INFO] Got command from the client 'session,2021-08-04_23-37-27,stop,testing'
ptd-server 2021-08-05 00:00:30,674 [INFO] Sending to ptd: 'Stop'
ptd-server 2021-08-05 00:00:30,674 [INFO] Reply from ptd: 'Stopping untimed measurement'
ptd-server 2021-08-05 00:00:30,689 [INFO] Sending reply to client 'OK'
ptd-server 2021-08-05 00:00:30,752 [INFO] Got command from the client 'session,2021-08-04_23-37-27,done'
ptd-server 2021-08-05 00:00:30,752 [INFO] Sending to ptd: 'Stop'
ptd-server 2021-08-05 00:00:31,080 [INFO] Reply from ptd: 'Error: no measurement to stop'
ptd-server 2021-08-05 00:00:31,080 [INFO] Sending to ptd: 'SR,V,Auto'
ptd-server 2021-08-05 00:00:31,604 [INFO] Reply from ptd: 'Range V changed'
ptd-server 2021-08-05 00:00:31,604 [INFO] Sending to ptd: 'SR,A,Auto'
ptd-server 2021-08-05 00:00:32,114 [INFO] Reply from ptd: 'Range A changed'
ptd-server 2021-08-05 00:00:32,114 [INFO] Set initial values for Amps Auto and Volts Auto
ptd-server 2021-08-05 00:00:32,114 [INFO] Stopping ptd...
