ptd-server 2021-08-10 06:50:37,452 [INFO] Got command from the client 'stop'
ptd-server 2021-08-10 06:50:37,452 [INFO] The server will be stopped after processing this client
ptd-server 2021-08-10 06:50:37,452 [INFO] Sending reply to client 'OK'
ptd-server 2021-08-10 06:50:37,656 [INFO] Got command from the client 'time'
ptd-server 2021-08-10 06:50:37,656 [INFO] Sending reply to client '1628603437.6560774'
ptd-server 2021-08-10 06:50:37,656 [INFO] Got command from the client 'new,,bdc12945-313b-4a30-87d1-2e0d0fad7d7c'
ptd-server 2021-08-10 06:50:37,656 [INFO] Sending reply to client 'OK 2021-08-10_06-50-37,c1ad7f02-1733-4377-89d9-c58c764a509a'
ptd-server 2021-08-10 06:50:37,859 [INFO] Got command from the client 'time'
ptd-server 2021-08-10 06:50:37,859 [INFO] Sending reply to client '1628603437.8591504'
ptd-server 2021-08-10 06:50:37,859 [INFO] Got command from the client 'session,2021-08-10_06-50-37,start,ranging'
ptd-server 2021-08-10 06:50:37,968 [INFO] Running PTDaemon: ['C:\\PTD\\ptd-windows-x86.exe', '-l', 'C:\\Users\\lab\\AppData\\Local\\Temp\\tmp3ybq4y7_\\ptd_logfile.txt', '-p', '8888', '-c', '1,3', '-y', '77', '172.22.0.90']
ptd-server 2021-08-10 06:50:57,115 [INFO] Sending to ptd: 'Hello'
ptd-server 2021-08-10 06:50:57,115 [INFO] Reply from ptd: 'Hello, PTDaemon here!'
ptd-server 2021-08-10 06:50:57,115 [INFO] Sending to ptd: 'Identify'
ptd-server 2021-08-10 06:50:57,115 [INFO] Reply from ptd: 'YokogawaWT330_multichannel,1000,1,1,1,1,0,0,1,version=1.9.2-3976349f-20201208,OS=Windows 8 / Server 2012,mode=power,1,1,2,0,0,no_cal_date,YOKOGAWA;WT333E;C2WA21018V;F1.04'
ptd-server 2021-08-10 06:50:57,115 [INFO] Connected to PTDaemon
ptd-server 2021-08-10 06:50:57,115 [INFO] Sending to ptd: 'RR'
ptd-server 2021-08-10 06:50:57,115 [INFO] Reply from ptd: 'Ranges,0,20.000000,1,300.000000'
ptd-server 2021-08-10 06:50:57,115 [INFO] Initial range for Amps is 20.000000 for Volts is Auto
ptd-server 2021-08-10 06:50:57,115 [INFO] Sending to ptd: 'SR,V,Auto'
ptd-server 2021-08-10 06:51:02,192 [INFO] Reply from ptd: 'Range V changed'
ptd-server 2021-08-10 06:51:02,192 [INFO] Sending to ptd: 'SR,A,20'
ptd-server 2021-08-10 06:51:07,785 [INFO] Reply from ptd: 'Range A changed'
ptd-server 2021-08-10 06:51:17,797 [INFO] Starting ranging mode
ptd-server 2021-08-10 06:51:17,797 [INFO] Sending to ptd: 'Go,1000,0,2021-08-10_06-50-37_ranging'
ptd-server 2021-08-10 06:51:17,797 [INFO] Reply from ptd: 'Starting untimed measurement, maximum 500000 samples at 1000ms with 0 rampup samples'
ptd-server 2021-08-10 06:51:17,797 [INFO] Sending reply to client 'OK'
ptd-server 2021-08-10 07:05:04,131 [INFO] Got command from the client 'session,2021-08-10_06-50-37,stop,ranging'
ptd-server 2021-08-10 07:05:14,145 [INFO] Sending to ptd: 'Stop'
ptd-server 2021-08-10 07:05:14,145 [INFO] Reply from ptd: 'Stopping untimed measurement'
ptd-server 2021-08-10 07:05:14,192 [INFO] Sending reply to client 'OK'
ptd-server 2021-08-10 07:05:14,411 [INFO] Got command from the client 'time'
ptd-server 2021-08-10 07:05:14,411 [INFO] Sending reply to client '1628604314.4113364'
ptd-server 2021-08-10 07:05:14,411 [INFO] Got command from the client 'session,2021-08-10_06-50-37,start,testing'
ptd-server 2021-08-10 07:05:14,411 [INFO] Sending to ptd: 'SR,V,234.140000'
ptd-server 2021-08-10 07:05:20,886 [INFO] Reply from ptd: 'Range V changed'
ptd-server 2021-08-10 07:05:20,886 [INFO] Sending to ptd: 'SR,A,4.865000'
ptd-server 2021-08-10 07:05:26,475 [INFO] Reply from ptd: 'Range A changed'
ptd-server 2021-08-10 07:05:36,484 [INFO] Starting testing mode
ptd-server 2021-08-10 07:05:36,484 [INFO] Sending to ptd: 'Go,1000,0,2021-08-10_06-50-37_testing'
ptd-server 2021-08-10 07:05:36,484 [INFO] Reply from ptd: 'Starting untimed measurement, maximum 500000 samples at 1000ms with 0 rampup samples'
ptd-server 2021-08-10 07:05:36,484 [INFO] Sending reply to client 'OK'
ptd-server 2021-08-10 07:19:26,006 [INFO] Got command from the client 'session,2021-08-10_06-50-37,stop,testing'
ptd-server 2021-08-10 07:19:36,010 [INFO] Sending to ptd: 'Stop'
ptd-server 2021-08-10 07:19:36,010 [INFO] Reply from ptd: 'Stopping untimed measurement'
ptd-server 2021-08-10 07:19:36,026 [INFO] Sending reply to client 'OK'
ptd-server 2021-08-10 07:19:36,057 [INFO] Got command from the client 'session,2021-08-10_06-50-37,done'
ptd-server 2021-08-10 07:19:36,057 [INFO] Sending to ptd: 'Stop'
ptd-server 2021-08-10 07:19:36,495 [INFO] Reply from ptd: 'Error: no measurement to stop'
ptd-server 2021-08-10 07:19:36,495 [INFO] Sending to ptd: 'SR,V,Auto'
ptd-server 2021-08-10 07:19:41,574 [INFO] Reply from ptd: 'Range V changed'
ptd-server 2021-08-10 07:19:41,574 [INFO] Sending to ptd: 'SR,A,20.000000'
ptd-server 2021-08-10 07:19:47,158 [INFO] Reply from ptd: 'Range A changed'
ptd-server 2021-08-10 07:19:47,158 [INFO] Set initial values for Amps 20.000000 and Volts Auto
ptd-server 2021-08-10 07:19:47,158 [INFO] Stopping ptd...
