ptd-server 2021-08-09 01:24:04,437 [INFO] Got command from the client 'time'
ptd-server 2021-08-09 01:24:04,437 [INFO] Sending reply to client '1628468644.4375455'
ptd-server 2021-08-09 01:24:04,438 [INFO] Got command from the client 'new,,c48e132e-c185-4842-9d7a-2b40e87c4dfd'
ptd-server 2021-08-09 01:24:04,439 [INFO] Sending reply to client 'OK 2021-08-09_01-24-04,6740acbc-eac6-41dc-bf72-79df83e47f93'
ptd-server 2021-08-09 01:24:04,476 [INFO] Got command from the client 'time'
ptd-server 2021-08-09 01:24:04,476 [INFO] Sending reply to client '1628468644.476785'
ptd-server 2021-08-09 01:24:04,478 [INFO] Got command from the client 'session,2021-08-09_01-24-04,start,ranging'
ptd-server 2021-08-09 01:24:04,478 [INFO] Running PTDaemon: ['/home/anton/projects/mlperf/power/inference_v1.0/ptd-linux-x86', '-l', '/tmp/tmpr3iqmcco/ptd_logfile.txt', '-p', '8888', '49', '/dev/usbtmc0']
ptd-server 2021-08-09 01:24:21,652 [INFO] Sending to ptd: 'Hello'
ptd-server 2021-08-09 01:24:21,653 [INFO] Reply from ptd: 'Hello, PTDaemon here!'
ptd-server 2021-08-09 01:24:21,653 [INFO] Sending to ptd: 'Identify'
ptd-server 2021-08-09 01:24:21,654 [INFO] Reply from ptd: 'YokogawaWT310E,1000,1,1,1,1,0,1,1,version=1.9.2-e8c7a49a-20201208,OS=Linux 5.8.0-63-generic #71~20.04.1-Ubuntu SMP Thu Jul 15 17:46:08 UTC 2021 x86_64,mode=power,1,1,1,0,0,no_cal_date,YOKOGAWA;WT310E;C3XA04010E;F1.04'
ptd-server 2021-08-09 01:24:21,654 [INFO] Connected to PTDaemon
ptd-server 2021-08-09 01:24:21,654 [INFO] Sending to ptd: 'RR'
ptd-server 2021-08-09 01:24:21,654 [INFO] Reply from ptd: 'Ranges,0,0.500000,0,300.000000'
ptd-server 2021-08-09 01:24:21,655 [INFO] Initial range for Amps is 0.500000 for Volts is 300.000000
ptd-server 2021-08-09 01:24:21,655 [INFO] Sending to ptd: 'SR,V,Auto'
ptd-server 2021-08-09 01:24:22,157 [INFO] Reply from ptd: 'Range V changed'
ptd-server 2021-08-09 01:24:22,158 [INFO] Sending to ptd: 'SR,A,Auto'
ptd-server 2021-08-09 01:24:22,660 [INFO] Reply from ptd: 'Range A changed'
ptd-server 2021-08-09 01:24:32,670 [INFO] Starting ranging mode
ptd-server 2021-08-09 01:24:32,671 [INFO] Sending to ptd: 'Go,1000,0,2021-08-09_01-24-04_ranging'
ptd-server 2021-08-09 01:24:32,671 [INFO] Reply from ptd: 'Starting untimed measurement, maximum 500000 samples at 1000ms with 0 rampup samples'
ptd-server 2021-08-09 01:24:32,671 [INFO] Sending reply to client 'OK'
ptd-server 2021-08-09 01:34:52,311 [INFO] Got command from the client 'session,2021-08-09_01-24-04,stop,ranging'
ptd-server 2021-08-09 01:35:02,321 [INFO] Sending to ptd: 'Stop'
ptd-server 2021-08-09 01:35:02,321 [INFO] Reply from ptd: 'Stopping untimed measurement'
ptd-server 2021-08-09 01:35:02,525 [INFO] Sending reply to client 'OK'
ptd-server 2021-08-09 01:35:02,578 [INFO] Got command from the client 'time'
ptd-server 2021-08-09 01:35:02,579 [INFO] Sending reply to client '1628469302.57903'
ptd-server 2021-08-09 01:35:02,580 [INFO] Got command from the client 'session,2021-08-09_01-24-04,start,testing'
ptd-server 2021-08-09 01:35:02,581 [INFO] Sending to ptd: 'SR,V,250.360000'
ptd-server 2021-08-09 01:35:04,172 [INFO] Reply from ptd: 'Range V changed'
ptd-server 2021-08-09 01:35:04,172 [INFO] Sending to ptd: 'SR,A,0.173880'
ptd-server 2021-08-09 01:35:05,674 [INFO] Reply from ptd: 'Range A changed'
ptd-server 2021-08-09 01:35:15,684 [INFO] Starting testing mode
ptd-server 2021-08-09 01:35:15,684 [INFO] Sending to ptd: 'Go,1000,0,2021-08-09_01-24-04_testing'
ptd-server 2021-08-09 01:35:15,685 [INFO] Reply from ptd: 'Starting untimed measurement, maximum 500000 samples at 1000ms with 0 rampup samples'
ptd-server 2021-08-09 01:35:15,685 [INFO] Sending reply to client 'OK'
ptd-server 2021-08-09 01:45:35,393 [INFO] Got command from the client 'session,2021-08-09_01-24-04,stop,testing'
ptd-server 2021-08-09 01:45:45,403 [INFO] Sending to ptd: 'Stop'
ptd-server 2021-08-09 01:45:45,403 [INFO] Reply from ptd: 'Stopping untimed measurement'
ptd-server 2021-08-09 01:45:45,512 [INFO] Sending reply to client 'OK'
ptd-server 2021-08-09 01:45:45,531 [INFO] Got command from the client 'session,2021-08-09_01-24-04,done'
ptd-server 2021-08-09 01:45:45,531 [INFO] Sending to ptd: 'Stop'
ptd-server 2021-08-09 01:45:45,685 [INFO] Reply from ptd: 'Error: no measurement to stop'
ptd-server 2021-08-09 01:45:45,686 [INFO] Sending to ptd: 'SR,V,300.000000'
ptd-server 2021-08-09 01:45:47,187 [INFO] Reply from ptd: 'Range V changed'
ptd-server 2021-08-09 01:45:47,187 [INFO] Sending to ptd: 'SR,A,0.500000'
ptd-server 2021-08-09 01:45:48,689 [INFO] Reply from ptd: 'Range A changed'
ptd-server 2021-08-09 01:45:48,689 [INFO] Set initial values for Amps 0.500000 and Volts 300.000000
ptd-server 2021-08-09 01:45:48,689 [INFO] Stopping ptd...
