ptd-server 2021-08-09 07:57:10,725 [INFO] Got command from the client 'time'
ptd-server 2021-08-09 07:57:10,725 [INFO] Sending reply to client '1628492230.7256927'
ptd-server 2021-08-09 07:57:10,727 [INFO] Got command from the client 'new,,c4ef3c08-f44f-4817-9d6f-8075ee22e510'
ptd-server 2021-08-09 07:57:10,727 [INFO] Sending reply to client 'OK 2021-08-09_07-57-10,08a9d87c-59fa-4b9e-a11e-cf5e8fbe77bb'
ptd-server 2021-08-09 07:57:10,776 [INFO] Got command from the client 'time'
ptd-server 2021-08-09 07:57:10,776 [INFO] Sending reply to client '1628492230.7763374'
ptd-server 2021-08-09 07:57:10,779 [INFO] Got command from the client 'session,2021-08-09_07-57-10,start,ranging'
ptd-server 2021-08-09 07:57:10,779 [INFO] Running PTDaemon: ['/home/anton/projects/mlperf/power/inference_v1.0/ptd-linux-x86', '-l', '/tmp/tmpr3iqmcco/ptd_logfile.txt', '-p', '8888', '49', '/dev/usbtmc0']
ptd-server 2021-08-09 07:57:27,952 [INFO] Sending to ptd: 'Hello'
ptd-server 2021-08-09 07:57:27,953 [INFO] Reply from ptd: 'Hello, PTDaemon here!'
ptd-server 2021-08-09 07:57:27,953 [INFO] Sending to ptd: 'Identify'
ptd-server 2021-08-09 07:57:27,954 [INFO] Reply from ptd: 'YokogawaWT310E,1000,1,1,1,1,0,1,1,version=1.9.2-e8c7a49a-20201208,OS=Linux 5.8.0-63-generic #71~20.04.1-Ubuntu SMP Thu Jul 15 17:46:08 UTC 2021 x86_64,mode=power,1,1,1,0,0,no_cal_date,YOKOGAWA;WT310E;C3XA04010E;F1.04'
ptd-server 2021-08-09 07:57:27,954 [INFO] Connected to PTDaemon
ptd-server 2021-08-09 07:57:27,954 [INFO] Sending to ptd: 'RR'
ptd-server 2021-08-09 07:57:27,954 [INFO] Reply from ptd: 'Ranges,0,0.500000,0,300.000000'
ptd-server 2021-08-09 07:57:27,954 [INFO] Initial range for Amps is 0.500000 for Volts is 300.000000
ptd-server 2021-08-09 07:57:27,954 [INFO] Sending to ptd: 'SR,V,Auto'
ptd-server 2021-08-09 07:57:28,457 [INFO] Reply from ptd: 'Range V changed'
ptd-server 2021-08-09 07:57:28,457 [INFO] Sending to ptd: 'SR,A,Auto'
ptd-server 2021-08-09 07:57:28,960 [INFO] Reply from ptd: 'Range A changed'
ptd-server 2021-08-09 07:57:38,970 [INFO] Starting ranging mode
ptd-server 2021-08-09 07:57:38,970 [INFO] Sending to ptd: 'Go,1000,0,2021-08-09_07-57-10_ranging'
ptd-server 2021-08-09 07:57:38,971 [INFO] Reply from ptd: 'Starting untimed measurement, maximum 500000 samples at 1000ms with 0 rampup samples'
ptd-server 2021-08-09 07:57:38,971 [INFO] Sending reply to client 'OK'
ptd-server 2021-08-09 08:07:58,700 [INFO] Got command from the client 'session,2021-08-09_07-57-10,stop,ranging'
ptd-server 2021-08-09 08:08:08,710 [INFO] Sending to ptd: 'Stop'
ptd-server 2021-08-09 08:08:08,711 [INFO] Reply from ptd: 'Stopping untimed measurement'
ptd-server 2021-08-09 08:08:08,953 [INFO] Sending reply to client 'OK'
ptd-server 2021-08-09 08:08:09,014 [INFO] Got command from the client 'time'
ptd-server 2021-08-09 08:08:09,014 [INFO] Sending reply to client '1628492889.0146103'
ptd-server 2021-08-09 08:08:09,017 [INFO] Got command from the client 'session,2021-08-09_07-57-10,start,testing'
ptd-server 2021-08-09 08:08:09,017 [INFO] Sending to ptd: 'SR,V,250.110000'
ptd-server 2021-08-09 08:08:10,518 [INFO] Reply from ptd: 'Range V changed'
ptd-server 2021-08-09 08:08:10,518 [INFO] Sending to ptd: 'SR,A,0.178760'
ptd-server 2021-08-09 08:08:12,020 [INFO] Reply from ptd: 'Range A changed'
ptd-server 2021-08-09 08:08:22,030 [INFO] Starting testing mode
ptd-server 2021-08-09 08:08:22,030 [INFO] Sending to ptd: 'Go,1000,0,2021-08-09_07-57-10_testing'
ptd-server 2021-08-09 08:08:22,031 [INFO] Reply from ptd: 'Starting untimed measurement, maximum 500000 samples at 1000ms with 0 rampup samples'
ptd-server 2021-08-09 08:08:22,031 [INFO] Sending reply to client 'OK'
ptd-server 2021-08-09 08:18:41,668 [INFO] Got command from the client 'session,2021-08-09_07-57-10,stop,testing'
ptd-server 2021-08-09 08:18:51,678 [INFO] Sending to ptd: 'Stop'
ptd-server 2021-08-09 08:18:51,679 [INFO] Reply from ptd: 'Stopping untimed measurement'
ptd-server 2021-08-09 08:18:51,809 [INFO] Sending reply to client 'OK'
ptd-server 2021-08-09 08:18:51,828 [INFO] Got command from the client 'session,2021-08-09_07-57-10,done'
ptd-server 2021-08-09 08:18:51,829 [INFO] Sending to ptd: 'Stop'
ptd-server 2021-08-09 08:18:52,032 [INFO] Reply from ptd: 'Error: no measurement to stop'
ptd-server 2021-08-09 08:18:52,032 [INFO] Sending to ptd: 'SR,V,300.000000'
ptd-server 2021-08-09 08:18:53,533 [INFO] Reply from ptd: 'Range V changed'
ptd-server 2021-08-09 08:18:53,533 [INFO] Sending to ptd: 'SR,A,0.500000'
ptd-server 2021-08-09 08:18:55,035 [INFO] Reply from ptd: 'Range A changed'
ptd-server 2021-08-09 08:18:55,035 [INFO] Set initial values for Amps 0.500000 and Volts 300.000000
ptd-server 2021-08-09 08:18:55,035 [INFO] Stopping ptd...
