ptd-server 2021-08-08 20:39:59,950 [INFO] Got command from the client 'time'
ptd-server 2021-08-08 20:39:59,950 [INFO] Sending reply to client '1628451599.95034'
ptd-server 2021-08-08 20:39:59,952 [INFO] Got command from the client 'new,,3a184740-c77e-4f59-8c72-449f094fa037'
ptd-server 2021-08-08 20:39:59,953 [INFO] Sending reply to client 'OK 2021-08-08_20-39-59,519216a5-ad38-4c99-8bfe-40d7efbdd24c'
ptd-server 2021-08-08 20:39:59,999 [INFO] Got command from the client 'time'
ptd-server 2021-08-08 20:39:59,999 [INFO] Sending reply to client '1628451599.9993794'
ptd-server 2021-08-08 20:40:00,001 [INFO] Got command from the client 'session,2021-08-08_20-39-59,start,ranging'
ptd-server 2021-08-08 20:40:00,001 [INFO] Running PTDaemon: ['/home/anton/projects/mlperf/power/inference_v1.0/ptd-linux-x86', '-l', '/tmp/tmpr3iqmcco/ptd_logfile.txt', '-p', '8888', '49', '/dev/usbtmc0']
ptd-server 2021-08-08 20:40:17,174 [INFO] Sending to ptd: 'Hello'
ptd-server 2021-08-08 20:40:17,175 [INFO] Reply from ptd: 'Hello, PTDaemon here!'
ptd-server 2021-08-08 20:40:17,175 [INFO] Sending to ptd: 'Identify'
ptd-server 2021-08-08 20:40:17,175 [INFO] Reply from ptd: 'YokogawaWT310E,1000,1,1,1,1,0,1,1,version=1.9.2-e8c7a49a-20201208,OS=Linux 5.8.0-63-generic #71~20.04.1-Ubuntu SMP Thu Jul 15 17:46:08 UTC 2021 x86_64,mode=power,1,1,1,0,0,no_cal_date,YOKOGAWA;WT310E;C3XA04010E;F1.04'
ptd-server 2021-08-08 20:40:17,175 [INFO] Connected to PTDaemon
ptd-server 2021-08-08 20:40:17,175 [INFO] Sending to ptd: 'RR'
ptd-server 2021-08-08 20:40:17,176 [INFO] Reply from ptd: 'Ranges,0,0.500000,0,300.000000'
ptd-server 2021-08-08 20:40:17,176 [INFO] Initial range for Amps is 0.500000 for Volts is 300.000000
ptd-server 2021-08-08 20:40:17,176 [INFO] Sending to ptd: 'SR,V,Auto'
ptd-server 2021-08-08 20:40:17,679 [INFO] Reply from ptd: 'Range V changed'
ptd-server 2021-08-08 20:40:17,679 [INFO] Sending to ptd: 'SR,A,Auto'
ptd-server 2021-08-08 20:40:18,181 [INFO] Reply from ptd: 'Range A changed'
ptd-server 2021-08-08 20:40:28,191 [INFO] Starting ranging mode
ptd-server 2021-08-08 20:40:28,192 [INFO] Sending to ptd: 'Go,1000,0,2021-08-08_20-39-59_ranging'
ptd-server 2021-08-08 20:40:28,192 [INFO] Reply from ptd: 'Starting untimed measurement, maximum 500000 samples at 1000ms with 0 rampup samples'
ptd-server 2021-08-08 20:40:28,192 [INFO] Sending reply to client 'OK'
ptd-server 2021-08-08 20:50:48,138 [INFO] Got command from the client 'session,2021-08-08_20-39-59,stop,ranging'
ptd-server 2021-08-08 20:50:58,149 [INFO] Sending to ptd: 'Stop'
ptd-server 2021-08-08 20:50:58,149 [INFO] Reply from ptd: 'Stopping untimed measurement'
ptd-server 2021-08-08 20:50:58,334 [INFO] Sending reply to client 'OK'
ptd-server 2021-08-08 20:50:58,397 [INFO] Got command from the client 'time'
ptd-server 2021-08-08 20:50:58,398 [INFO] Sending reply to client '1628452258.3980587'
ptd-server 2021-08-08 20:50:58,400 [INFO] Got command from the client 'session,2021-08-08_20-39-59,start,testing'
ptd-server 2021-08-08 20:50:58,400 [INFO] Sending to ptd: 'SR,V,249.290000'
ptd-server 2021-08-08 20:50:59,902 [INFO] Reply from ptd: 'Range V changed'
ptd-server 2021-08-08 20:50:59,902 [INFO] Sending to ptd: 'SR,A,0.207700'
ptd-server 2021-08-08 20:51:01,403 [INFO] Reply from ptd: 'Range A changed'
ptd-server 2021-08-08 20:51:11,413 [INFO] Starting testing mode
ptd-server 2021-08-08 20:51:11,414 [INFO] Sending to ptd: 'Go,1000,0,2021-08-08_20-39-59_testing'
ptd-server 2021-08-08 20:51:11,414 [INFO] Reply from ptd: 'Starting untimed measurement, maximum 500000 samples at 1000ms with 0 rampup samples'
ptd-server 2021-08-08 20:51:11,414 [INFO] Sending reply to client 'OK'
ptd-server 2021-08-08 21:01:31,001 [INFO] Got command from the client 'session,2021-08-08_20-39-59,stop,testing'
ptd-server 2021-08-08 21:01:41,011 [INFO] Sending to ptd: 'Stop'
ptd-server 2021-08-08 21:01:41,012 [INFO] Reply from ptd: 'Stopping untimed measurement'
ptd-server 2021-08-08 21:01:41,108 [INFO] Sending reply to client 'OK'
ptd-server 2021-08-08 21:01:41,125 [INFO] Got command from the client 'session,2021-08-08_20-39-59,done'
ptd-server 2021-08-08 21:01:41,125 [INFO] Sending to ptd: 'Stop'
ptd-server 2021-08-08 21:01:41,415 [INFO] Reply from ptd: 'Error: no measurement to stop'
ptd-server 2021-08-08 21:01:41,415 [INFO] Sending to ptd: 'SR,V,300.000000'
ptd-server 2021-08-08 21:01:42,916 [INFO] Reply from ptd: 'Range V changed'
ptd-server 2021-08-08 21:01:42,917 [INFO] Sending to ptd: 'SR,A,0.500000'
ptd-server 2021-08-08 21:01:44,418 [INFO] Reply from ptd: 'Range A changed'
ptd-server 2021-08-08 21:01:44,418 [INFO] Set initial values for Amps 0.500000 and Volts 300.000000
ptd-server 2021-08-08 21:01:44,418 [INFO] Stopping ptd...
