client 2021-08-12 05:24:23,775 [INFO] Sending command to the server: 'mlcommons/power client v3'
client 2021-08-12 05:24:23,776 [INFO] Got response: 'mlcommons/power server v3'
client 2021-08-12 05:24:23,777 [INFO] Sending command to the server: 'stop'
client 2021-08-12 05:24:23,779 [INFO] Got response: 'OK'
client 2021-08-12 05:24:23,779 [INFO] Synchronizing with the server and with 100.64.0.18...
client 2021-08-12 05:24:23,785 [INFO] NTP:offset = -0.000 s, delay = 0.001 s 
client 2021-08-12 05:24:23,785 [INFO] Sending command to the server: 'time'
client 2021-08-12 05:24:23,788 [INFO] Got response: '1628745863.592389'
client 2021-08-12 05:24:23,788 [INFO] The time difference between the client and the server is within range 193.313 ms..195.950 ms
client 2021-08-12 05:24:23,788 [INFO] Sending command to the server: 'new,,462939ba-e884-4bab-9af1-4785d1ce9a5f'
client 2021-08-12 05:24:23,791 [INFO] Got response: 'OK 2021-08-12_05-24-23,35a66fa0-fdbe-4aaa-8643-fd174311e7ab'
client 2021-08-12 05:24:23,791 [INFO] Session id is '2021-08-12_05-24-23'
client 2021-08-12 05:24:23,791 [INFO] Sources: {"sources": {"__init__.py": "da39a3ee5e6b4b0d3255bfef95601890afd80709", "client.py": "33ca4f26368777ac06e01f9567b714a4b8063886", "lib/__init__.py": "da39a3ee5e6b4b0d3255bfef95601890afd80709", "lib/client.py": "4c2b78fb4849a7e5b584ef792d82aaed20b17f57", "lib/common.py": "624d0c0acc7c39aaff3674f0b99d6a09da53d1dc", "lib/external/__init__.py": "da39a3ee5e6b4b0d3255bfef95601890afd80709", "lib/external/ntplib.py": "4da8f970656505a40483206ef2b5d3dd5e81711d", "lib/server.py": "59c9fb92908260d3e9f81a895c7aa009742275e4", "lib/source_hashes.py": "60a2e02193209e8d392803326208d5466342da18", "lib/summary.py": "aa92f0a3f975eecd44d3c0cd0236342ccc9f941d", "lib/time_sync.py": "3210db56eb0ff0df57bf4293dc4d4b03fffd46f1", "server.py": "c3f90f2f7eeb4db30727556d0c815ebc89b3d28b", "tests/unit/__init__.py": "da39a3ee5e6b4b0d3255bfef95601890afd80709", "tests/unit/test_server.py": "99ae15aef722f2000ee6ed1ae1523637bf1ae42b", "tests/unit/test_source_hashes.py": "00468a2907583c593e6574a1f6b404e4651c221a"}, "modules": {"ptd_client_server.lib.client": "lib/client.py", "ptd_client_server.lib.common": "lib/common.py", "ptd_client_server.lib.external.ntplib": "lib/external/ntplib.py", "ptd_client_server.lib.source_hashes": "lib/source_hashes.py", "ptd_client_server.lib.summary": "lib/summary.py", "ptd_client_server.lib.time_sync": "lib/time_sync.py"}}
client 2021-08-12 05:24:23,791 [INFO] Running workload in ranging mode
client 2021-08-12 05:24:23,791 [INFO] Synchronizing with the server and with 100.64.0.18...
client 2021-08-12 05:24:23,793 [INFO] NTP:offset = -0.000 s, delay = 0.001 s 
client 2021-08-12 05:24:23,794 [INFO] Sending command to the server: 'time'
client 2021-08-12 05:24:23,796 [INFO] Got response: '1628745863.592389'
client 2021-08-12 05:24:23,796 [INFO] The time difference between the client and the server is within range 201.596 ms..204.209 ms
client 2021-08-12 05:24:23,796 [WARNING] The time difference between the client and the server is more than 200 ms
client 2021-08-12 05:24:23,796 [INFO] Sending command to the server: 'set_ntp'
client 2021-08-12 05:24:24,800 [INFO] Got response: 'OK'
client 2021-08-12 05:24:24,800 [INFO] Synchronizing with 100.64.0.18 time using NTP...
client 2021-08-12 05:24:31,909 [INFO] Set system time at 2021-08-12 05:24:31.909632
client 2021-08-12 05:24:31,912 [INFO] NTP:offset = 0.000 s, delay = 0.001 s 
client 2021-08-12 05:24:31,912 [INFO] Sending command to the server: 'time'
client 2021-08-12 05:24:31,914 [INFO] Got response: '1628745871.9111598'
client 2021-08-12 05:24:31,914 [INFO] The time difference between the client and the server is within range 1.159 ms..3.372 ms
client 2021-08-12 05:24:31,914 [INFO] Sending command to the server: 'session,2021-08-12_05-24-23,start,ranging'
client 2021-08-12 05:24:56,788 [INFO] Got response: 'OK'
client 2021-08-12 05:24:56,789 [INFO] Running the workload 'LOG_DIR=/work/build/power_logs_temp python3 code/main.py --benchmarks=resnet50 --scenarios=Server --config_ver=maxq--test_mode=PerformanceOnly --action="run_harness" \\\n\t\t&& if [ ! -d /work/build/power_logs/2021.08.12-05.24.19/ranging_tmp ]; \\\n\t\t\tthen mkdir /work/build/power_logs/2021.08.12-05.24.19/ranging_tmp \\\n\t\t\t\t&& mv /work/build/power_logs_temp/* /work/build/power_logs/2021.08.12-05.24.19/ranging_tmp/ \\\n\t\t\t\t&& cp -v /work/build/power_logs/2021.08.12-05.24.19/ranging_tmp/*/*/*/mlperf_log_detail.txt /work/build/power_logs_temp/ \\\n\t\t\t\t&& cp -v /work/build/power_logs/2021.08.12-05.24.19/ranging_tmp/*/*/*/mlperf_log_summary.txt /work/build/power_logs_temp/; \\\n\t\t\telse mkdir /work/build/power_logs/2021.08.12-05.24.19/testing_tmp \\\n\t\t\t\t&& mv /work/build/power_logs_temp/* /work/build/power_logs/2021.08.12-05.24.19/testing_tmp/ \\\n\t\t\t\t&& cp -v /work/build/power_logs/2021.08.12-05.24.19/testing_tmp/*/*/*/mlperf_log_detail.txt /work/build/power_logs_temp/ \\\n\t\t\t\t&& cp -v /work/build/power_logs/2021.08.12-05.24.19/testing_tmp/*/*/*/mlperf_log_summary.txt /work/build/power_logs_temp/; fi'
client 2021-08-12 05:35:28,776 [INFO] Sending command to the server: 'session,2021-08-12_05-24-23,stop,ranging'
client 2021-08-12 05:35:38,812 [INFO] Got response: 'OK'
client 2021-08-12 05:35:38,821 [INFO] Copying loadgen logs from '/work/build/power_logs_temp' to '/work/build/power_logs/2021.08.12-05.24.19/2021-08-12_05-24-23/ranging'
client 2021-08-12 05:35:38,822 [INFO] Running workload in testing mode
client 2021-08-12 05:35:38,822 [INFO] Synchronizing with the server and with 100.64.0.18...
client 2021-08-12 05:35:38,824 [INFO] NTP:offset = -0.000 s, delay = 0.001 s 
client 2021-08-12 05:35:38,824 [INFO] Sending command to the server: 'time'
client 2021-08-12 05:35:38,826 [INFO] Got response: '1628746538.7884536'
client 2021-08-12 05:35:38,826 [INFO] The time difference between the client and the server is within range 36.270 ms..38.182 ms
client 2021-08-12 05:35:38,826 [INFO] Sending command to the server: 'session,2021-08-12_05-24-23,start,testing'
client 2021-08-12 05:35:51,884 [INFO] Got response: 'OK'
client 2021-08-12 05:35:51,884 [INFO] Running the workload 'LOG_DIR=/work/build/power_logs_temp python3 code/main.py --benchmarks=resnet50 --scenarios=Server --config_ver=maxq--test_mode=PerformanceOnly --action="run_harness" \\\n\t\t&& if [ ! -d /work/build/power_logs/2021.08.12-05.24.19/ranging_tmp ]; \\\n\t\t\tthen mkdir /work/build/power_logs/2021.08.12-05.24.19/ranging_tmp \\\n\t\t\t\t&& mv /work/build/power_logs_temp/* /work/build/power_logs/2021.08.12-05.24.19/ranging_tmp/ \\\n\t\t\t\t&& cp -v /work/build/power_logs/2021.08.12-05.24.19/ranging_tmp/*/*/*/mlperf_log_detail.txt /work/build/power_logs_temp/ \\\n\t\t\t\t&& cp -v /work/build/power_logs/2021.08.12-05.24.19/ranging_tmp/*/*/*/mlperf_log_summary.txt /work/build/power_logs_temp/; \\\n\t\t\telse mkdir /work/build/power_logs/2021.08.12-05.24.19/testing_tmp \\\n\t\t\t\t&& mv /work/build/power_logs_temp/* /work/build/power_logs/2021.08.12-05.24.19/testing_tmp/ \\\n\t\t\t\t&& cp -v /work/build/power_logs/2021.08.12-05.24.19/testing_tmp/*/*/*/mlperf_log_detail.txt /work/build/power_logs_temp/ \\\n\t\t\t\t&& cp -v /work/build/power_logs/2021.08.12-05.24.19/testing_tmp/*/*/*/mlperf_log_summary.txt /work/build/power_logs_temp/; fi'
client 2021-08-12 05:46:23,959 [INFO] Sending command to the server: 'session,2021-08-12_05-24-23,stop,testing'
client 2021-08-12 05:46:33,978 [INFO] Got response: 'OK'
client 2021-08-12 05:46:33,979 [INFO] Copying loadgen logs from '/work/build/power_logs_temp' to '/work/build/power_logs/2021.08.12-05.24.19/2021-08-12_05-24-23/run_1'
client 2021-08-12 05:46:33,980 [INFO] Done runs
