ptd-server 2021-08-12 05:24:23,582 [INFO] Got command from the client 'stop'
ptd-server 2021-08-12 05:24:23,582 [INFO] The server will be stopped after processing this client
ptd-server 2021-08-12 05:24:23,582 [INFO] Sending reply to client 'OK'
ptd-server 2021-08-12 05:24:23,582 [INFO] Got command from the client 'time'
ptd-server 2021-08-12 05:24:23,592 [INFO] Sending reply to client '1628745863.592389'
ptd-server 2021-08-12 05:24:23,592 [INFO] Got command from the client 'new,,462939ba-e884-4bab-9af1-4785d1ce9a5f'
ptd-server 2021-08-12 05:24:23,592 [INFO] Sending reply to client 'OK 2021-08-12_05-24-23,35a66fa0-fdbe-4aaa-8643-fd174311e7ab'
ptd-server 2021-08-12 05:24:23,592 [INFO] Got command from the client 'time'
ptd-server 2021-08-12 05:24:23,592 [INFO] Sending reply to client '1628745863.592389'
ptd-server 2021-08-12 05:24:23,592 [INFO] Got command from the client 'set_ntp'
ptd-server 2021-08-12 05:24:23,602 [INFO] Synchronizing with 100.64.0.18 time using NTP...
ptd-server 2021-08-12 05:24:24,797 [INFO] Set system time at 2021-08-12 05:24:24.797035
ptd-server 2021-08-12 05:24:24,797 [INFO] Sending reply to client 'OK'
ptd-server 2021-08-12 05:24:31,911 [INFO] Got command from the client 'time'
ptd-server 2021-08-12 05:24:31,911 [INFO] Sending reply to client '1628745871.9111598'
ptd-server 2021-08-12 05:24:31,911 [INFO] Got command from the client 'session,2021-08-12_05-24-23,start,ranging'
ptd-server 2021-08-12 05:24:32,011 [INFO] Running PTDaemon: ['.\\ptd-windows-x86.exe', '-l', 'C:\\Users\\root\\AppData\\Local\\Temp\\tmp4sllqlcf\\ptd_logfile.txt', '-p', '8888', '-g', '8', '1']
ptd-server 2021-08-12 05:24:44,729 [INFO] Sending to ptd: 'Hello'
ptd-server 2021-08-12 05:24:44,729 [INFO] Reply from ptd: 'Hello, PTDaemon here!'
ptd-server 2021-08-12 05:24:44,729 [INFO] Sending to ptd: 'Identify'
ptd-server 2021-08-12 05:24:44,729 [INFO] Reply from ptd: 'YokogawaWT210,1000,1,1,1,1,0,0,1,version=1.9.2-3976349f-20201208,OS=Windows 8 / Server 2012,mode=power,1,1,1,0,0,no_cal_date,YOKOGAWA;760401;0;F1.12'
ptd-server 2021-08-12 05:24:44,729 [INFO] Connected to PTDaemon
ptd-server 2021-08-12 05:24:44,729 [INFO] Sending to ptd: 'RR'
ptd-server 2021-08-12 05:24:44,729 [INFO] Reply from ptd: 'Ranges,1,5.000000,1,150.000000'
ptd-server 2021-08-12 05:24:44,729 [INFO] Initial range for Amps is Auto for Volts is Auto
ptd-server 2021-08-12 05:24:44,729 [INFO] Sending to ptd: 'SR,V,Auto'
ptd-server 2021-08-12 05:24:45,259 [INFO] Reply from ptd: 'Range V changed'
ptd-server 2021-08-12 05:24:45,259 [INFO] Sending to ptd: 'SR,A,20'
ptd-server 2021-08-12 05:24:46,781 [INFO] Reply from ptd: 'Range A changed'
ptd-server 2021-08-12 05:24:56,782 [INFO] Starting ranging mode
ptd-server 2021-08-12 05:24:56,782 [INFO] Sending to ptd: 'Go,1000,0,2021-08-12_05-24-23_ranging'
ptd-server 2021-08-12 05:24:56,782 [INFO] Reply from ptd: 'Starting untimed measurement, maximum 500000 samples at 1000ms with 0 rampup samples'
ptd-server 2021-08-12 05:24:56,782 [INFO] Sending reply to client 'OK'
ptd-server 2021-08-12 05:35:28,749 [INFO] Got command from the client 'session,2021-08-12_05-24-23,stop,ranging'
ptd-server 2021-08-12 05:35:38,758 [INFO] Sending to ptd: 'Stop'
ptd-server 2021-08-12 05:35:38,758 [INFO] Reply from ptd: 'Stopping untimed measurement'
ptd-server 2021-08-12 05:35:38,778 [INFO] Sending reply to client 'OK'
ptd-server 2021-08-12 05:35:38,788 [INFO] Got command from the client 'time'
ptd-server 2021-08-12 05:35:38,788 [INFO] Sending reply to client '1628746538.7884536'
ptd-server 2021-08-12 05:35:38,798 [INFO] Got command from the client 'session,2021-08-12_05-24-23,start,testing'
ptd-server 2021-08-12 05:35:38,798 [INFO] Sending to ptd: 'SR,V,121.310000'
ptd-server 2021-08-12 05:35:40,329 [INFO] Reply from ptd: 'Range V changed'
ptd-server 2021-08-12 05:35:40,329 [INFO] Sending to ptd: 'SR,A,4.366000'
ptd-server 2021-08-12 05:35:41,851 [INFO] Reply from ptd: 'Range A changed'
ptd-server 2021-08-12 05:35:51,852 [INFO] Starting testing mode
ptd-server 2021-08-12 05:35:51,852 [INFO] Sending to ptd: 'Go,1000,0,2021-08-12_05-24-23_testing'
ptd-server 2021-08-12 05:35:51,852 [INFO] Reply from ptd: 'Starting untimed measurement, maximum 500000 samples at 1000ms with 0 rampup samples'
ptd-server 2021-08-12 05:35:51,852 [INFO] Sending reply to client 'OK'
ptd-server 2021-08-12 05:46:23,904 [INFO] Got command from the client 'session,2021-08-12_05-24-23,stop,testing'
ptd-server 2021-08-12 05:46:33,905 [INFO] Sending to ptd: 'Stop'
ptd-server 2021-08-12 05:46:33,905 [INFO] Reply from ptd: 'Stopping untimed measurement'
ptd-server 2021-08-12 05:46:33,915 [INFO] Sending reply to client 'OK'
ptd-server 2021-08-12 05:46:33,925 [INFO] Got command from the client 'session,2021-08-12_05-24-23,done'
ptd-server 2021-08-12 05:46:33,925 [INFO] Sending to ptd: 'Stop'
ptd-server 2021-08-12 05:46:34,855 [INFO] Reply from ptd: 'Error: no measurement to stop'
ptd-server 2021-08-12 05:46:34,855 [INFO] Sending to ptd: 'SR,V,Auto'
ptd-server 2021-08-12 05:46:35,376 [INFO] Reply from ptd: 'Range V changed'
ptd-server 2021-08-12 05:46:35,376 [INFO] Sending to ptd: 'SR,A,Auto'
ptd-server 2021-08-12 05:46:35,897 [INFO] Reply from ptd: 'Range A changed'
ptd-server 2021-08-12 05:46:35,897 [INFO] Set initial values for Amps Auto and Volts Auto
ptd-server 2021-08-12 05:46:35,897 [INFO] Stopping ptd...
