ptd-server 2021-08-08 05:06:48,364 [INFO] Got command from the client 'time'
ptd-server 2021-08-08 05:06:48,364 [INFO] Sending reply to client '1628395608.3649614'
ptd-server 2021-08-08 05:06:48,366 [INFO] Got command from the client 'new,,b09c7eb8-6e13-41d1-a966-b02601e45aaa'
ptd-server 2021-08-08 05:06:48,367 [INFO] Sending reply to client 'OK 2021-08-08_05-06-48,9ec1fd82-0901-4480-a6e7-041b7b82e1f2'
ptd-server 2021-08-08 05:06:48,409 [INFO] Got command from the client 'time'
ptd-server 2021-08-08 05:06:48,409 [INFO] Sending reply to client '1628395608.4094584'
ptd-server 2021-08-08 05:06:48,411 [INFO] Got command from the client 'session,2021-08-08_05-06-48,start,ranging'
ptd-server 2021-08-08 05:06:48,411 [INFO] Running PTDaemon: ['/home/anton/projects/mlperf/power/inference_v1.0/ptd-linux-x86', '-l', '/tmp/tmpr3iqmcco/ptd_logfile.txt', '-p', '8888', '49', '/dev/usbtmc0']
ptd-server 2021-08-08 05:07:05,584 [INFO] Sending to ptd: 'Hello'
ptd-server 2021-08-08 05:07:05,585 [INFO] Reply from ptd: 'Hello, PTDaemon here!'
ptd-server 2021-08-08 05:07:05,585 [INFO] Sending to ptd: 'Identify'
ptd-server 2021-08-08 05:07:05,586 [INFO] Reply from ptd: 'YokogawaWT310E,1000,1,1,1,1,0,1,1,version=1.9.2-e8c7a49a-20201208,OS=Linux 5.8.0-63-generic #71~20.04.1-Ubuntu SMP Thu Jul 15 17:46:08 UTC 2021 x86_64,mode=power,1,1,1,0,0,no_cal_date,YOKOGAWA;WT310E;C3XA04010E;F1.04'
ptd-server 2021-08-08 05:07:05,586 [INFO] Connected to PTDaemon
ptd-server 2021-08-08 05:07:05,586 [INFO] Sending to ptd: 'RR'
ptd-server 2021-08-08 05:07:05,586 [INFO] Reply from ptd: 'Ranges,0,0.500000,0,300.000000'
ptd-server 2021-08-08 05:07:05,586 [INFO] Initial range for Amps is 0.500000 for Volts is 300.000000
ptd-server 2021-08-08 05:07:05,586 [INFO] Sending to ptd: 'SR,V,Auto'
ptd-server 2021-08-08 05:07:06,089 [INFO] Reply from ptd: 'Range V changed'
ptd-server 2021-08-08 05:07:06,089 [INFO] Sending to ptd: 'SR,A,Auto'
ptd-server 2021-08-08 05:07:06,591 [INFO] Reply from ptd: 'Range A changed'
ptd-server 2021-08-08 05:07:16,602 [INFO] Starting ranging mode
ptd-server 2021-08-08 05:07:16,602 [INFO] Sending to ptd: 'Go,1000,0,2021-08-08_05-06-48_ranging'
ptd-server 2021-08-08 05:07:16,602 [INFO] Reply from ptd: 'Starting untimed measurement, maximum 500000 samples at 1000ms with 0 rampup samples'
ptd-server 2021-08-08 05:07:16,603 [INFO] Sending reply to client 'OK'
ptd-server 2021-08-08 05:17:36,081 [INFO] Got command from the client 'session,2021-08-08_05-06-48,stop,ranging'
ptd-server 2021-08-08 05:17:46,091 [INFO] Sending to ptd: 'Stop'
ptd-server 2021-08-08 05:17:46,092 [INFO] Reply from ptd: 'Stopping untimed measurement'
ptd-server 2021-08-08 05:17:46,207 [INFO] Sending reply to client 'OK'
ptd-server 2021-08-08 05:17:46,277 [INFO] Got command from the client 'time'
ptd-server 2021-08-08 05:17:46,278 [INFO] Sending reply to client '1628396266.278114'
ptd-server 2021-08-08 05:17:46,280 [INFO] Got command from the client 'session,2021-08-08_05-06-48,start,testing'
ptd-server 2021-08-08 05:17:46,280 [INFO] Sending to ptd: 'SR,V,249.050000'
ptd-server 2021-08-08 05:17:48,104 [INFO] Reply from ptd: 'Range V changed'
ptd-server 2021-08-08 05:17:48,104 [INFO] Sending to ptd: 'SR,A,0.173500'
ptd-server 2021-08-08 05:17:49,605 [INFO] Reply from ptd: 'Range A changed'
ptd-server 2021-08-08 05:17:59,615 [INFO] Starting testing mode
ptd-server 2021-08-08 05:17:59,616 [INFO] Sending to ptd: 'Go,1000,0,2021-08-08_05-06-48_testing'
ptd-server 2021-08-08 05:17:59,616 [INFO] Reply from ptd: 'Starting untimed measurement, maximum 500000 samples at 1000ms with 0 rampup samples'
ptd-server 2021-08-08 05:17:59,616 [INFO] Sending reply to client 'OK'
ptd-server 2021-08-08 05:28:19,140 [INFO] Got command from the client 'session,2021-08-08_05-06-48,stop,testing'
ptd-server 2021-08-08 05:28:29,151 [INFO] Sending to ptd: 'Stop'
ptd-server 2021-08-08 05:28:29,151 [INFO] Reply from ptd: 'Stopping untimed measurement'
ptd-server 2021-08-08 05:28:29,213 [INFO] Sending reply to client 'OK'
ptd-server 2021-08-08 05:28:29,235 [INFO] Got command from the client 'session,2021-08-08_05-06-48,done'
ptd-server 2021-08-08 05:28:29,235 [INFO] Sending to ptd: 'Stop'
ptd-server 2021-08-08 05:28:29,616 [INFO] Reply from ptd: 'Error: no measurement to stop'
ptd-server 2021-08-08 05:28:29,616 [INFO] Sending to ptd: 'SR,V,300.000000'
ptd-server 2021-08-08 05:28:31,118 [INFO] Reply from ptd: 'Range V changed'
ptd-server 2021-08-08 05:28:31,118 [INFO] Sending to ptd: 'SR,A,0.500000'
ptd-server 2021-08-08 05:28:32,619 [INFO] Reply from ptd: 'Range A changed'
ptd-server 2021-08-08 05:28:32,619 [INFO] Set initial values for Amps 0.500000 and Volts 300.000000
ptd-server 2021-08-08 05:28:32,619 [INFO] Stopping ptd...
