ptd-server 2021-08-10 23:48:00,189 [INFO] Got command from the client 'time'
ptd-server 2021-08-10 23:48:00,189 [INFO] Sending reply to client '1628635680.1897204'
ptd-server 2021-08-10 23:48:00,192 [INFO] Got command from the client 'new,,2636ae1e-1a7e-4bbb-b386-7bf66f1a743a'
ptd-server 2021-08-10 23:48:00,193 [INFO] Sending reply to client 'OK 2021-08-10_23-48-00,2e419cdf-6dea-4ff7-9faf-af18568782cd'
ptd-server 2021-08-10 23:48:00,232 [INFO] Got command from the client 'time'
ptd-server 2021-08-10 23:48:00,232 [INFO] Sending reply to client '1628635680.2329142'
ptd-server 2021-08-10 23:48:00,234 [INFO] Got command from the client 'session,2021-08-10_23-48-00,start,ranging'
ptd-server 2021-08-10 23:48:00,235 [INFO] Running PTDaemon: ['/home/anton/projects/mlperf/power/inference_v1.0/ptd-linux-x86', '-l', '/tmp/tmpr3iqmcco/ptd_logfile.txt', '-p', '8888', '49', '/dev/usbtmc0']
ptd-server 2021-08-10 23:48:17,406 [INFO] Sending to ptd: 'Hello'
ptd-server 2021-08-10 23:48:17,407 [INFO] Reply from ptd: 'Hello, PTDaemon here!'
ptd-server 2021-08-10 23:48:17,407 [INFO] Sending to ptd: 'Identify'
ptd-server 2021-08-10 23:48:17,407 [INFO] Reply from ptd: 'YokogawaWT310E,1000,1,1,1,1,0,1,1,version=1.9.2-e8c7a49a-20201208,OS=Linux 5.8.0-63-generic #71~20.04.1-Ubuntu SMP Thu Jul 15 17:46:08 UTC 2021 x86_64,mode=power,1,1,1,0,0,no_cal_date,YOKOGAWA;WT310E;C3XA04010E;F1.04'
ptd-server 2021-08-10 23:48:17,408 [INFO] Connected to PTDaemon
ptd-server 2021-08-10 23:48:17,408 [INFO] Sending to ptd: 'RR'
ptd-server 2021-08-10 23:48:17,408 [INFO] Reply from ptd: 'Ranges,0,0.500000,0,300.000000'
ptd-server 2021-08-10 23:48:17,408 [INFO] Initial range for Amps is 0.500000 for Volts is 300.000000
ptd-server 2021-08-10 23:48:17,408 [INFO] Sending to ptd: 'SR,V,Auto'
ptd-server 2021-08-10 23:48:17,911 [INFO] Reply from ptd: 'Range V changed'
ptd-server 2021-08-10 23:48:17,911 [INFO] Sending to ptd: 'SR,A,Auto'
ptd-server 2021-08-10 23:48:18,413 [INFO] Reply from ptd: 'Range A changed'
ptd-server 2021-08-10 23:48:28,416 [INFO] Starting ranging mode
ptd-server 2021-08-10 23:48:28,416 [INFO] Sending to ptd: 'Go,1000,0,2021-08-10_23-48-00_ranging'
ptd-server 2021-08-10 23:48:28,416 [INFO] Reply from ptd: 'Starting untimed measurement, maximum 500000 samples at 1000ms with 0 rampup samples'
ptd-server 2021-08-10 23:48:28,416 [INFO] Sending reply to client 'OK'
ptd-server 2021-08-10 23:58:56,393 [INFO] Got command from the client 'session,2021-08-10_23-48-00,stop,ranging'
ptd-server 2021-08-10 23:59:06,404 [INFO] Sending to ptd: 'Stop'
ptd-server 2021-08-10 23:59:06,404 [INFO] Reply from ptd: 'Stopping untimed measurement'
ptd-server 2021-08-10 23:59:06,656 [INFO] Sending reply to client 'OK'
ptd-server 2021-08-10 23:59:06,734 [INFO] Got command from the client 'time'
ptd-server 2021-08-10 23:59:06,734 [INFO] Sending reply to client '1628636346.7344558'
ptd-server 2021-08-10 23:59:06,737 [INFO] Got command from the client 'session,2021-08-10_23-48-00,start,testing'
ptd-server 2021-08-10 23:59:06,737 [INFO] Sending to ptd: 'SR,V,250.830000'
ptd-server 2021-08-10 23:59:08,239 [INFO] Reply from ptd: 'Range V changed'
ptd-server 2021-08-10 23:59:08,239 [INFO] Sending to ptd: 'SR,A,0.090030'
ptd-server 2021-08-10 23:59:09,740 [INFO] Reply from ptd: 'Range A changed'
ptd-server 2021-08-10 23:59:19,750 [INFO] Starting testing mode
ptd-server 2021-08-10 23:59:19,750 [INFO] Sending to ptd: 'Go,1000,0,2021-08-10_23-48-00_testing'
ptd-server 2021-08-10 23:59:19,751 [INFO] Reply from ptd: 'Starting untimed measurement, maximum 500000 samples at 1000ms with 0 rampup samples'
ptd-server 2021-08-10 23:59:19,751 [INFO] Sending reply to client 'OK'
ptd-server 2021-08-11 00:09:47,827 [INFO] Got command from the client 'session,2021-08-10_23-48-00,stop,testing'
ptd-server 2021-08-11 00:09:57,838 [INFO] Sending to ptd: 'Stop'
ptd-server 2021-08-11 00:09:57,838 [INFO] Reply from ptd: 'Stopping untimed measurement'
ptd-server 2021-08-11 00:09:57,977 [INFO] Sending reply to client 'OK'
ptd-server 2021-08-11 00:09:58,001 [INFO] Got command from the client 'session,2021-08-10_23-48-00,done'
ptd-server 2021-08-11 00:09:58,002 [INFO] Sending to ptd: 'Stop'
ptd-server 2021-08-11 00:09:58,751 [INFO] Reply from ptd: 'Error: no measurement to stop'
ptd-server 2021-08-11 00:09:58,751 [INFO] Sending to ptd: 'SR,V,300.000000'
ptd-server 2021-08-11 00:10:00,253 [INFO] Reply from ptd: 'Range V changed'
ptd-server 2021-08-11 00:10:00,253 [INFO] Sending to ptd: 'SR,A,0.500000'
ptd-server 2021-08-11 00:10:01,754 [INFO] Reply from ptd: 'Range A changed'
ptd-server 2021-08-11 00:10:01,754 [INFO] Set initial values for Amps 0.500000 and Volts 300.000000
ptd-server 2021-08-11 00:10:01,755 [INFO] Stopping ptd...
