client 2021-08-13 08:59:34,545 [INFO] Sending command to the server: 'mlcommons/power client v3'
client 2021-08-13 08:59:34,546 [INFO] Got response: 'mlcommons/power server v3'
client 2021-08-13 08:59:34,546 [INFO] Sending command to the server: 'stop'
client 2021-08-13 08:59:34,548 [INFO] Got response: 'OK'
client 2021-08-13 08:59:34,548 [INFO] Synchronizing with the server and with ntp.aliyun.com...
client 2021-08-13 08:59:34,676 [INFO] NTP:offset = 0.021 s, delay = 0.019 s 
client 2021-08-13 08:59:34,676 [INFO] Sending command to the server: 'time'
client 2021-08-13 08:59:34,678 [INFO] Got response: '1628845174.6758535'
client 2021-08-13 08:59:34,678 [INFO] The time difference between the client and the server is within range 0.574 ms..2.519 ms
client 2021-08-13 08:59:34,678 [INFO] Sending command to the server: 'new,,0f724215-de56-4b9c-9f10-1e07ae887f1c'
client 2021-08-13 08:59:34,680 [INFO] Got response: 'OK 2021-08-13_08-59-34,6c5993b0-cf6c-4e00-9654-6a77d5228403'
client 2021-08-13 08:59:34,680 [INFO] Session id is '2021-08-13_08-59-34'
client 2021-08-13 08:59:34,680 [INFO] Sources: {"sources": {"__init__.py": "da39a3ee5e6b4b0d3255bfef95601890afd80709", "client.py": "33ca4f26368777ac06e01f9567b714a4b8063886", "lib/__init__.py": "da39a3ee5e6b4b0d3255bfef95601890afd80709", "lib/client.py": "4c2b78fb4849a7e5b584ef792d82aaed20b17f57", "lib/common.py": "624d0c0acc7c39aaff3674f0b99d6a09da53d1dc", "lib/external/__init__.py": "da39a3ee5e6b4b0d3255bfef95601890afd80709", "lib/external/ntplib.py": "4da8f970656505a40483206ef2b5d3dd5e81711d", "lib/server.py": "24ae49fb193809cf47f2c18b1c9c7c866244be4d", "lib/source_hashes.py": "60a2e02193209e8d392803326208d5466342da18", "lib/summary.py": "aa92f0a3f975eecd44d3c0cd0236342ccc9f941d", "lib/time_sync.py": "3210db56eb0ff0df57bf4293dc4d4b03fffd46f1", "server.py": "c3f90f2f7eeb4db30727556d0c815ebc89b3d28b", "tests/unit/__init__.py": "da39a3ee5e6b4b0d3255bfef95601890afd80709", "tests/unit/test_server.py": "99ae15aef722f2000ee6ed1ae1523637bf1ae42b", "tests/unit/test_source_hashes.py": "00468a2907583c593e6574a1f6b404e4651c221a"}, "modules": {"ptd_client_server.lib.client": "lib/client.py", "ptd_client_server.lib.common": "lib/common.py", "ptd_client_server.lib.external.ntplib": "lib/external/ntplib.py", "ptd_client_server.lib.source_hashes": "lib/source_hashes.py", "ptd_client_server.lib.summary": "lib/summary.py", "ptd_client_server.lib.time_sync": "lib/time_sync.py"}}
client 2021-08-13 08:59:34,681 [INFO] Running workload in ranging mode
client 2021-08-13 08:59:34,681 [INFO] Synchronizing with the server and with ntp.aliyun.com...
client 2021-08-13 08:59:34,816 [INFO] NTP:offset = 0.023 s, delay = 0.024 s 
client 2021-08-13 08:59:34,816 [INFO] Sending command to the server: 'time'
client 2021-08-13 08:59:34,817 [INFO] Got response: '1628845174.8156035'
client 2021-08-13 08:59:34,817 [INFO] The time difference between the client and the server is within range 0.863 ms..2.350 ms
client 2021-08-13 08:59:34,818 [INFO] Sending command to the server: 'session,2021-08-13_08-59-34,start,ranging'
client 2021-08-13 09:00:06,229 [INFO] Got response: 'OK'
client 2021-08-13 09:00:06,229 [INFO] Running the workload 'LOG_DIR=/work/build/power_logs_temp python3 code/main.py --benchmarks=bert --scenarios=Offline --test_mode=PerformanceOnly --config_ver=maxq --action="run_harness" \\\n\t\t&& if [ ! -d /work/build/power_logs/2021.08.13-08.59.29/ranging_tmp ]; \\\n\t\t\tthen mkdir /work/build/power_logs/2021.08.13-08.59.29/ranging_tmp \\\n\t\t\t\t&& mv /work/build/power_logs_temp/* /work/build/power_logs/2021.08.13-08.59.29/ranging_tmp/ \\\n\t\t\t\t&& cp -v /work/build/power_logs/2021.08.13-08.59.29/ranging_tmp/*/*/*/mlperf_log_detail.txt /work/build/power_logs_temp/ \\\n\t\t\t\t&& cp -v /work/build/power_logs/2021.08.13-08.59.29/ranging_tmp/*/*/*/mlperf_log_summary.txt /work/build/power_logs_temp/; \\\n\t\t\telse mkdir /work/build/power_logs/2021.08.13-08.59.29/testing_tmp \\\n\t\t\t\t&& mv /work/build/power_logs_temp/* /work/build/power_logs/2021.08.13-08.59.29/testing_tmp/ \\\n\t\t\t\t&& cp -v /work/build/power_logs/2021.08.13-08.59.29/testing_tmp/*/*/*/mlperf_log_detail.txt /work/build/power_logs_temp/ \\\n\t\t\t\t&& cp -v /work/build/power_logs/2021.08.13-08.59.29/testing_tmp/*/*/*/mlperf_log_summary.txt /work/build/power_logs_temp/; fi'
client 2021-08-13 09:16:31,421 [INFO] Sending command to the server: 'session,2021-08-13_08-59-34,stop,ranging'
client 2021-08-13 09:16:41,461 [INFO] Got response: 'OK'
client 2021-08-13 09:16:41,471 [INFO] Copying loadgen logs from '/work/build/power_logs_temp' to '/work/build/power_logs/2021.08.13-08.59.29/2021-08-13_08-59-34/ranging'
client 2021-08-13 09:16:41,472 [INFO] Running workload in testing mode
client 2021-08-13 09:16:41,472 [INFO] Synchronizing with the server and with ntp.aliyun.com...
client 2021-08-13 09:16:41,595 [INFO] NTP:offset = 0.023 s, delay = 0.023 s 
client 2021-08-13 09:16:41,595 [INFO] Sending command to the server: 'time'
client 2021-08-13 09:16:41,597 [INFO] Got response: '1628846201.5909832'
client 2021-08-13 09:16:41,597 [INFO] The time difference between the client and the server is within range 4.856 ms..6.389 ms
client 2021-08-13 09:16:41,597 [INFO] Sending command to the server: 'session,2021-08-13_08-59-34,start,testing'
client 2021-08-13 09:16:55,435 [INFO] Got response: 'OK'
client 2021-08-13 09:16:55,435 [INFO] Running the workload 'LOG_DIR=/work/build/power_logs_temp python3 code/main.py --benchmarks=bert --scenarios=Offline --test_mode=PerformanceOnly --config_ver=maxq --action="run_harness" \\\n\t\t&& if [ ! -d /work/build/power_logs/2021.08.13-08.59.29/ranging_tmp ]; \\\n\t\t\tthen mkdir /work/build/power_logs/2021.08.13-08.59.29/ranging_tmp \\\n\t\t\t\t&& mv /work/build/power_logs_temp/* /work/build/power_logs/2021.08.13-08.59.29/ranging_tmp/ \\\n\t\t\t\t&& cp -v /work/build/power_logs/2021.08.13-08.59.29/ranging_tmp/*/*/*/mlperf_log_detail.txt /work/build/power_logs_temp/ \\\n\t\t\t\t&& cp -v /work/build/power_logs/2021.08.13-08.59.29/ranging_tmp/*/*/*/mlperf_log_summary.txt /work/build/power_logs_temp/; \\\n\t\t\telse mkdir /work/build/power_logs/2021.08.13-08.59.29/testing_tmp \\\n\t\t\t\t&& mv /work/build/power_logs_temp/* /work/build/power_logs/2021.08.13-08.59.29/testing_tmp/ \\\n\t\t\t\t&& cp -v /work/build/power_logs/2021.08.13-08.59.29/testing_tmp/*/*/*/mlperf_log_detail.txt /work/build/power_logs_temp/ \\\n\t\t\t\t&& cp -v /work/build/power_logs/2021.08.13-08.59.29/testing_tmp/*/*/*/mlperf_log_summary.txt /work/build/power_logs_temp/; fi'
client 2021-08-13 09:33:16,505 [INFO] Sending command to the server: 'session,2021-08-13_08-59-34,stop,testing'
client 2021-08-13 09:33:26,544 [INFO] Got response: 'OK'
client 2021-08-13 09:33:26,546 [INFO] Copying loadgen logs from '/work/build/power_logs_temp' to '/work/build/power_logs/2021.08.13-08.59.29/2021-08-13_08-59-34/run_1'
client 2021-08-13 09:33:26,547 [INFO] Done runs
