ptd-server 2021-08-13 08:59:34,545 [INFO] Got command from the client 'stop'
ptd-server 2021-08-13 08:59:34,545 [INFO] The server will be stopped after processing this client
ptd-server 2021-08-13 08:59:34,545 [INFO] Sending reply to client 'OK'
ptd-server 2021-08-13 08:59:34,675 [INFO] Got command from the client 'time'
ptd-server 2021-08-13 08:59:34,675 [INFO] Sending reply to client '1628845174.6758535'
ptd-server 2021-08-13 08:59:34,677 [INFO] Got command from the client 'new,,0f724215-de56-4b9c-9f10-1e07ae887f1c'
ptd-server 2021-08-13 08:59:34,678 [INFO] Sending reply to client 'OK 2021-08-13_08-59-34,6c5993b0-cf6c-4e00-9654-6a77d5228403'
ptd-server 2021-08-13 08:59:34,815 [INFO] Got command from the client 'time'
ptd-server 2021-08-13 08:59:34,815 [INFO] Sending reply to client '1628845174.8156035'
ptd-server 2021-08-13 08:59:34,817 [INFO] Got command from the client 'session,2021-08-13_08-59-34,start,ranging'
ptd-server 2021-08-13 08:59:34,928 [INFO] Running PTDaemon: ['C:\\PTD\\ptd-windows-x86.exe', '-l', 'C:\\Users\\mlperf\\AppData\\Local\\Temp\\tmp38jo7s70\\ptd_logfile.txt', '-p', '8888', '49', 'COM4']
ptd-server 2021-08-13 08:59:54,051 [INFO] Sending to ptd: 'Hello'
ptd-server 2021-08-13 08:59:54,058 [INFO] Reply from ptd: 'Hello, PTDaemon here!'
ptd-server 2021-08-13 08:59:54,058 [INFO] Sending to ptd: 'Identify'
ptd-server 2021-08-13 08:59:54,059 [INFO] Reply from ptd: 'YokogawaWT310E,1000,1,1,1,1,0,1,1,version=1.9.2-3976349f-20201208,OS=Windows 8 / Server 2012,mode=power,1,1,1,0,0,no_cal_date,YOKOGAWA;WT310E;C3TA11005E;F1.02'
ptd-server 2021-08-13 08:59:54,060 [INFO] Connected to PTDaemon
ptd-server 2021-08-13 08:59:54,060 [INFO] Sending to ptd: 'RR'
ptd-server 2021-08-13 08:59:54,061 [INFO] Reply from ptd: 'Ranges,0,2.000000,0,300.000000'
ptd-server 2021-08-13 08:59:54,061 [INFO] Initial range for Amps is 2.000000 for Volts is 300.000000
ptd-server 2021-08-13 08:59:54,061 [INFO] Sending to ptd: 'SR,V,Auto'
ptd-server 2021-08-13 08:59:54,626 [INFO] Reply from ptd: 'Range V changed'
ptd-server 2021-08-13 08:59:54,633 [INFO] Sending to ptd: 'SR,A,20'
ptd-server 2021-08-13 08:59:56,210 [INFO] Reply from ptd: 'Range A changed'
ptd-server 2021-08-13 09:00:06,219 [INFO] Starting ranging mode
ptd-server 2021-08-13 09:00:06,225 [INFO] Sending to ptd: 'Go,1000,0,2021-08-13_08-59-34_ranging'
ptd-server 2021-08-13 09:00:06,226 [INFO] Reply from ptd: 'Starting untimed measurement, maximum 500000 samples at 1000ms with 0 rampup samples'
ptd-server 2021-08-13 09:00:06,226 [INFO] Sending reply to client 'OK'
ptd-server 2021-08-13 09:16:31,416 [INFO] Got command from the client 'session,2021-08-13_08-59-34,stop,ranging'
ptd-server 2021-08-13 09:16:41,432 [INFO] Sending to ptd: 'Stop'
ptd-server 2021-08-13 09:16:41,438 [INFO] Reply from ptd: 'Stopping untimed measurement'
ptd-server 2021-08-13 09:16:41,455 [INFO] Sending reply to client 'OK'
ptd-server 2021-08-13 09:16:41,590 [INFO] Got command from the client 'time'
ptd-server 2021-08-13 09:16:41,590 [INFO] Sending reply to client '1628846201.5909832'
ptd-server 2021-08-13 09:16:41,591 [INFO] Got command from the client 'session,2021-08-13_08-59-34,start,testing'
ptd-server 2021-08-13 09:16:41,591 [INFO] Sending to ptd: 'SR,V,216.360000'
ptd-server 2021-08-13 09:16:43,814 [INFO] Reply from ptd: 'Range V changed'
ptd-server 2021-08-13 09:16:43,815 [INFO] Sending to ptd: 'SR,A,3.435000'
ptd-server 2021-08-13 09:16:45,404 [INFO] Reply from ptd: 'Range A changed'
ptd-server 2021-08-13 09:16:55,422 [INFO] Starting testing mode
ptd-server 2021-08-13 09:16:55,428 [INFO] Sending to ptd: 'Go,1000,0,2021-08-13_08-59-34_testing'
ptd-server 2021-08-13 09:16:55,429 [INFO] Reply from ptd: 'Starting untimed measurement, maximum 500000 samples at 1000ms with 0 rampup samples'
ptd-server 2021-08-13 09:16:55,429 [INFO] Sending reply to client 'OK'
ptd-server 2021-08-13 09:33:16,494 [INFO] Got command from the client 'session,2021-08-13_08-59-34,stop,testing'
ptd-server 2021-08-13 09:33:26,515 [INFO] Sending to ptd: 'Stop'
ptd-server 2021-08-13 09:33:26,521 [INFO] Reply from ptd: 'Stopping untimed measurement'
ptd-server 2021-08-13 09:33:26,532 [INFO] Sending reply to client 'OK'
ptd-server 2021-08-13 09:33:26,539 [INFO] Got command from the client 'session,2021-08-13_08-59-34,done'
ptd-server 2021-08-13 09:33:26,540 [INFO] Sending to ptd: 'Stop'
ptd-server 2021-08-13 09:33:27,432 [INFO] Reply from ptd: 'Error: no measurement to stop'
ptd-server 2021-08-13 09:33:27,438 [INFO] Sending to ptd: 'SR,V,300.000000'
ptd-server 2021-08-13 09:33:29,028 [INFO] Reply from ptd: 'Range V changed'
ptd-server 2021-08-13 09:33:29,034 [INFO] Sending to ptd: 'SR,A,2.000000'
ptd-server 2021-08-13 09:33:30,623 [INFO] Reply from ptd: 'Range A changed'
ptd-server 2021-08-13 09:33:30,624 [INFO] Set initial values for Amps 2.000000 and Volts 300.000000
ptd-server 2021-08-13 09:33:30,624 [INFO] Stopping ptd...
