ptd-server 2021-08-17 15:39:02,265 [INFO] Got command from the client 'stop'
ptd-server 2021-08-17 15:39:02,265 [INFO] The server will be stopped after processing this client
ptd-server 2021-08-17 15:39:02,265 [INFO] Sending reply to client 'OK'
ptd-server 2021-08-17 15:39:02,265 [INFO] Got command from the client 'time'
ptd-server 2021-08-17 15:39:02,265 [INFO] Sending reply to client '1629214742.265427'
ptd-server 2021-08-17 15:39:02,265 [INFO] Got command from the client 'new,,a92a9296-b80d-4a4c-8f5a-94ce69ca5d8a'
ptd-server 2021-08-17 15:39:02,265 [INFO] Sending reply to client 'OK 2021-08-17_15-39-02,83748d8f-7950-4f18-a9d2-b9e39b8794e1'
ptd-server 2021-08-17 15:39:02,265 [INFO] Got command from the client 'time'
ptd-server 2021-08-17 15:39:02,265 [INFO] Sending reply to client '1629214742.265427'
ptd-server 2021-08-17 15:39:02,265 [INFO] Got command from the client 'session,2021-08-17_15-39-02,start,ranging'
ptd-server 2021-08-17 15:39:02,390 [INFO] Running PTDaemon: ['C:\\PTD\\ptd-windows-x86.exe', '-l', 'C:\\Users\\pa\\AppData\\Local\\Temp\\tmpyegvztgf\\ptd_logfile.txt', '-p', '8888', '-c', '1,2', '-y', '77', 'C2WL21005V']
ptd-server 2021-08-17 15:39:20,572 [INFO] Sending to ptd: 'Hello'
ptd-server 2021-08-17 15:39:20,572 [INFO] Reply from ptd: 'Hello, PTDaemon here!'
ptd-server 2021-08-17 15:39:20,572 [INFO] Sending to ptd: 'Identify'
ptd-server 2021-08-17 15:39:20,572 [INFO] Reply from ptd: 'YokogawaWT330_multichannel,1000,1,1,1,1,0,0,1,version=1.9.2-3976349f-20201208,OS=Windows 8 / Server 2012,mode=power,1,1,2,0,0,no_cal_date,YOKOGAWA;WT333E;C2WL21005V;F1.04'
ptd-server 2021-08-17 15:39:20,572 [INFO] Connected to PTDaemon
ptd-server 2021-08-17 15:39:20,572 [INFO] Sending to ptd: 'RR'
ptd-server 2021-08-17 15:39:20,572 [INFO] Reply from ptd: 'Ranges,-1,-1.000000,-1,-1.000000'
ptd-server 2021-08-17 15:39:20,572 [INFO] Initial range for Amps is Auto for Volts is Auto
ptd-server 2021-08-17 15:39:20,572 [INFO] Sending to ptd: 'SR,V,Auto'
ptd-server 2021-08-17 15:39:25,638 [INFO] Reply from ptd: 'Range V changed'
ptd-server 2021-08-17 15:39:25,638 [INFO] Sending to ptd: 'SR,A,20'
ptd-server 2021-08-17 15:39:31,206 [INFO] Reply from ptd: 'Range A changed'
ptd-server 2021-08-17 15:39:41,214 [INFO] Starting ranging mode
ptd-server 2021-08-17 15:39:41,214 [INFO] Sending to ptd: 'Go,1000,0,2021-08-17_15-39-02_ranging'
ptd-server 2021-08-17 15:39:41,214 [INFO] Reply from ptd: 'Starting untimed measurement, maximum 500000 samples at 1000ms with 0 rampup samples'
ptd-server 2021-08-17 15:39:41,214 [INFO] Sending reply to client 'OK'
ptd-server 2021-08-17 15:50:26,763 [INFO] Got command from the client 'session,2021-08-17_15-39-02,stop,ranging'
ptd-server 2021-08-17 15:50:36,763 [INFO] Sending to ptd: 'Stop'
ptd-server 2021-08-17 15:50:36,763 [INFO] Reply from ptd: 'Stopping untimed measurement'
ptd-server 2021-08-17 15:50:36,779 [INFO] Sending reply to client 'OK'
ptd-server 2021-08-17 15:50:36,810 [INFO] Got command from the client 'time'
ptd-server 2021-08-17 15:50:36,810 [INFO] Sending reply to client '1629215436.8108208'
ptd-server 2021-08-17 15:50:36,810 [INFO] Got command from the client 'session,2021-08-17_15-39-02,start,testing'
ptd-server 2021-08-17 15:50:36,810 [INFO] Sending to ptd: 'SR,V,118.420000'
ptd-server 2021-08-17 15:50:43,302 [INFO] Reply from ptd: 'Range V changed'
ptd-server 2021-08-17 15:50:43,302 [INFO] Sending to ptd: 'SR,A,7.374000'
ptd-server 2021-08-17 15:50:48,881 [INFO] Reply from ptd: 'Range A changed'
ptd-server 2021-08-17 15:50:58,890 [INFO] Starting testing mode
ptd-server 2021-08-17 15:50:58,890 [INFO] Sending to ptd: 'Go,1000,0,2021-08-17_15-39-02_testing'
ptd-server 2021-08-17 15:50:58,890 [INFO] Reply from ptd: 'Starting untimed measurement, maximum 500000 samples at 1000ms with 0 rampup samples'
ptd-server 2021-08-17 15:50:58,890 [INFO] Sending reply to client 'OK'
ptd-server 2021-08-17 16:01:44,320 [INFO] Got command from the client 'session,2021-08-17_15-39-02,stop,testing'
ptd-server 2021-08-17 16:01:54,330 [INFO] Sending to ptd: 'Stop'
ptd-server 2021-08-17 16:01:54,330 [INFO] Reply from ptd: 'Stopping untimed measurement'
ptd-server 2021-08-17 16:01:54,330 [INFO] Sending reply to client 'OK'
ptd-server 2021-08-17 16:01:54,362 [INFO] Got command from the client 'session,2021-08-17_15-39-02,done'
ptd-server 2021-08-17 16:01:54,362 [INFO] Sending to ptd: 'Stop'
ptd-server 2021-08-17 16:01:54,893 [INFO] Reply from ptd: 'Error: no measurement to stop'
ptd-server 2021-08-17 16:01:54,893 [INFO] Sending to ptd: 'SR,V,Auto'
ptd-server 2021-08-17 16:01:59,959 [INFO] Reply from ptd: 'Range V changed'
ptd-server 2021-08-17 16:01:59,959 [INFO] Sending to ptd: 'SR,A,Auto'
ptd-server 2021-08-17 16:02:05,036 [INFO] Reply from ptd: 'Range A changed'
ptd-server 2021-08-17 16:02:05,036 [INFO] Set initial values for Amps Auto and Volts Auto
ptd-server 2021-08-17 16:02:05,036 [INFO] Stopping ptd...
