ptd-server 2021-08-09 02:51:29,631 [INFO] Got command from the client 'time'
ptd-server 2021-08-09 02:51:29,632 [INFO] Sending reply to client '1628473889.6319818'
ptd-server 2021-08-09 02:51:29,634 [INFO] Got command from the client 'new,,f13ac376-be92-4c56-9e77-01423c302748'
ptd-server 2021-08-09 02:51:29,635 [INFO] Sending reply to client 'OK 2021-08-09_02-51-29,e37a335a-7116-4ab3-91da-94a65d4a9a7f'
ptd-server 2021-08-09 02:51:29,678 [INFO] Got command from the client 'time'
ptd-server 2021-08-09 02:51:29,678 [INFO] Sending reply to client '1628473889.678946'
ptd-server 2021-08-09 02:51:29,681 [INFO] Got command from the client 'session,2021-08-09_02-51-29,start,ranging'
ptd-server 2021-08-09 02:51:29,681 [INFO] Running PTDaemon: ['/home/anton/projects/mlperf/power/inference_v1.0/ptd-linux-x86', '-l', '/tmp/tmpr3iqmcco/ptd_logfile.txt', '-p', '8888', '49', '/dev/usbtmc0']
ptd-server 2021-08-09 02:51:46,854 [INFO] Sending to ptd: 'Hello'
ptd-server 2021-08-09 02:51:46,855 [INFO] Reply from ptd: 'Hello, PTDaemon here!'
ptd-server 2021-08-09 02:51:46,855 [INFO] Sending to ptd: 'Identify'
ptd-server 2021-08-09 02:51:46,855 [INFO] Reply from ptd: 'YokogawaWT310E,1000,1,1,1,1,0,1,1,version=1.9.2-e8c7a49a-20201208,OS=Linux 5.8.0-63-generic #71~20.04.1-Ubuntu SMP Thu Jul 15 17:46:08 UTC 2021 x86_64,mode=power,1,1,1,0,0,no_cal_date,YOKOGAWA;WT310E;C3XA04010E;F1.04'
ptd-server 2021-08-09 02:51:46,855 [INFO] Connected to PTDaemon
ptd-server 2021-08-09 02:51:46,855 [INFO] Sending to ptd: 'RR'
ptd-server 2021-08-09 02:51:46,856 [INFO] Reply from ptd: 'Ranges,0,0.500000,0,300.000000'
ptd-server 2021-08-09 02:51:46,856 [INFO] Initial range for Amps is 0.500000 for Volts is 300.000000
ptd-server 2021-08-09 02:51:46,856 [INFO] Sending to ptd: 'SR,V,Auto'
ptd-server 2021-08-09 02:51:47,359 [INFO] Reply from ptd: 'Range V changed'
ptd-server 2021-08-09 02:51:47,359 [INFO] Sending to ptd: 'SR,A,Auto'
ptd-server 2021-08-09 02:51:47,861 [INFO] Reply from ptd: 'Range A changed'
ptd-server 2021-08-09 02:51:57,871 [INFO] Starting ranging mode
ptd-server 2021-08-09 02:51:57,872 [INFO] Sending to ptd: 'Go,1000,0,2021-08-09_02-51-29_ranging'
ptd-server 2021-08-09 02:51:57,872 [INFO] Reply from ptd: 'Starting untimed measurement, maximum 500000 samples at 1000ms with 0 rampup samples'
ptd-server 2021-08-09 02:51:57,872 [INFO] Sending reply to client 'OK'
ptd-server 2021-08-09 03:02:17,805 [INFO] Got command from the client 'session,2021-08-09_02-51-29,stop,ranging'
ptd-server 2021-08-09 03:02:27,815 [INFO] Sending to ptd: 'Stop'
ptd-server 2021-08-09 03:02:27,816 [INFO] Reply from ptd: 'Stopping untimed measurement'
ptd-server 2021-08-09 03:02:28,026 [INFO] Sending reply to client 'OK'
ptd-server 2021-08-09 03:02:28,084 [INFO] Got command from the client 'time'
ptd-server 2021-08-09 03:02:28,084 [INFO] Sending reply to client '1628474548.084605'
ptd-server 2021-08-09 03:02:28,086 [INFO] Got command from the client 'session,2021-08-09_02-51-29,start,testing'
ptd-server 2021-08-09 03:02:28,086 [INFO] Sending to ptd: 'SR,V,251.240000'
ptd-server 2021-08-09 03:02:29,587 [INFO] Reply from ptd: 'Range V changed'
ptd-server 2021-08-09 03:02:29,588 [INFO] Sending to ptd: 'SR,A,0.174620'
ptd-server 2021-08-09 03:02:31,089 [INFO] Reply from ptd: 'Range A changed'
ptd-server 2021-08-09 03:02:41,099 [INFO] Starting testing mode
ptd-server 2021-08-09 03:02:41,100 [INFO] Sending to ptd: 'Go,1000,0,2021-08-09_02-51-29_testing'
ptd-server 2021-08-09 03:02:41,100 [INFO] Reply from ptd: 'Starting untimed measurement, maximum 500000 samples at 1000ms with 0 rampup samples'
ptd-server 2021-08-09 03:02:41,100 [INFO] Sending reply to client 'OK'
ptd-server 2021-08-09 03:13:00,960 [INFO] Got command from the client 'session,2021-08-09_02-51-29,stop,testing'
ptd-server 2021-08-09 03:13:10,971 [INFO] Sending to ptd: 'Stop'
ptd-server 2021-08-09 03:13:10,971 [INFO] Reply from ptd: 'Stopping untimed measurement'
ptd-server 2021-08-09 03:13:11,085 [INFO] Sending reply to client 'OK'
ptd-server 2021-08-09 03:13:11,103 [INFO] Got command from the client 'session,2021-08-09_02-51-29,done'
ptd-server 2021-08-09 03:13:11,103 [INFO] Sending to ptd: 'Stop'
ptd-server 2021-08-09 03:13:11,103 [INFO] Reply from ptd: 'Error: no measurement to stop'
ptd-server 2021-08-09 03:13:11,103 [INFO] Sending to ptd: 'SR,V,300.000000'
ptd-server 2021-08-09 03:13:12,605 [INFO] Reply from ptd: 'Range V changed'
ptd-server 2021-08-09 03:13:12,605 [INFO] Sending to ptd: 'SR,A,0.500000'
ptd-server 2021-08-09 03:13:14,106 [INFO] Reply from ptd: 'Range A changed'
ptd-server 2021-08-09 03:13:14,106 [INFO] Set initial values for Amps 0.500000 and Volts 300.000000
ptd-server 2021-08-09 03:13:14,106 [INFO] Stopping ptd...
