ptd-server 2021-08-08 03:17:33,550 [INFO] Got command from the client 'time'
ptd-server 2021-08-08 03:17:33,550 [INFO] Sending reply to client '1628389053.550178'
ptd-server 2021-08-08 03:17:33,553 [INFO] Got command from the client 'new,,35242e32-be7d-49dc-a747-a71178c78ab0'
ptd-server 2021-08-08 03:17:33,553 [INFO] Sending reply to client 'OK 2021-08-08_03-17-33,ff6ccb7f-ef43-4470-8db8-f603e4c163f4'
ptd-server 2021-08-08 03:17:33,599 [INFO] Got command from the client 'time'
ptd-server 2021-08-08 03:17:33,600 [INFO] Sending reply to client '1628389053.6001697'
ptd-server 2021-08-08 03:17:33,602 [INFO] Got command from the client 'session,2021-08-08_03-17-33,start,ranging'
ptd-server 2021-08-08 03:17:33,602 [INFO] Running PTDaemon: ['/home/anton/projects/mlperf/power/inference_v1.0/ptd-linux-x86', '-l', '/tmp/tmpr3iqmcco/ptd_logfile.txt', '-p', '8888', '49', '/dev/usbtmc0']
ptd-server 2021-08-08 03:17:50,774 [INFO] Sending to ptd: 'Hello'
ptd-server 2021-08-08 03:17:50,775 [INFO] Reply from ptd: 'Hello, PTDaemon here!'
ptd-server 2021-08-08 03:17:50,775 [INFO] Sending to ptd: 'Identify'
ptd-server 2021-08-08 03:17:50,775 [INFO] Reply from ptd: 'YokogawaWT310E,1000,1,1,1,1,0,1,1,version=1.9.2-e8c7a49a-20201208,OS=Linux 5.8.0-63-generic #71~20.04.1-Ubuntu SMP Thu Jul 15 17:46:08 UTC 2021 x86_64,mode=power,1,1,1,0,0,no_cal_date,YOKOGAWA;WT310E;C3XA04010E;F1.04'
ptd-server 2021-08-08 03:17:50,775 [INFO] Connected to PTDaemon
ptd-server 2021-08-08 03:17:50,775 [INFO] Sending to ptd: 'RR'
ptd-server 2021-08-08 03:17:50,776 [INFO] Reply from ptd: 'Ranges,0,0.500000,0,300.000000'
ptd-server 2021-08-08 03:17:50,776 [INFO] Initial range for Amps is 0.500000 for Volts is 300.000000
ptd-server 2021-08-08 03:17:50,776 [INFO] Sending to ptd: 'SR,V,Auto'
ptd-server 2021-08-08 03:17:51,279 [INFO] Reply from ptd: 'Range V changed'
ptd-server 2021-08-08 03:17:51,279 [INFO] Sending to ptd: 'SR,A,Auto'
ptd-server 2021-08-08 03:17:51,781 [INFO] Reply from ptd: 'Range A changed'
ptd-server 2021-08-08 03:18:01,791 [INFO] Starting ranging mode
ptd-server 2021-08-08 03:18:01,792 [INFO] Sending to ptd: 'Go,1000,0,2021-08-08_03-17-33_ranging'
ptd-server 2021-08-08 03:18:01,792 [INFO] Reply from ptd: 'Starting untimed measurement, maximum 500000 samples at 1000ms with 0 rampup samples'
ptd-server 2021-08-08 03:18:01,792 [INFO] Sending reply to client 'OK'
ptd-server 2021-08-08 03:28:21,322 [INFO] Got command from the client 'session,2021-08-08_03-17-33,stop,ranging'
ptd-server 2021-08-08 03:28:31,333 [INFO] Sending to ptd: 'Stop'
ptd-server 2021-08-08 03:28:31,333 [INFO] Reply from ptd: 'Stopping untimed measurement'
ptd-server 2021-08-08 03:28:31,444 [INFO] Sending reply to client 'OK'
ptd-server 2021-08-08 03:28:31,519 [INFO] Got command from the client 'time'
ptd-server 2021-08-08 03:28:31,519 [INFO] Sending reply to client '1628389711.5193653'
ptd-server 2021-08-08 03:28:31,522 [INFO] Got command from the client 'session,2021-08-08_03-17-33,start,testing'
ptd-server 2021-08-08 03:28:31,522 [INFO] Sending to ptd: 'SR,V,251.250000'
ptd-server 2021-08-08 03:28:33,294 [INFO] Reply from ptd: 'Range V changed'
ptd-server 2021-08-08 03:28:33,294 [INFO] Sending to ptd: 'SR,A,0.199230'
ptd-server 2021-08-08 03:28:34,795 [INFO] Reply from ptd: 'Range A changed'
ptd-server 2021-08-08 03:28:44,805 [INFO] Starting testing mode
ptd-server 2021-08-08 03:28:44,805 [INFO] Sending to ptd: 'Go,1000,0,2021-08-08_03-17-33_testing'
ptd-server 2021-08-08 03:28:44,806 [INFO] Reply from ptd: 'Starting untimed measurement, maximum 500000 samples at 1000ms with 0 rampup samples'
ptd-server 2021-08-08 03:28:44,806 [INFO] Sending reply to client 'OK'
ptd-server 2021-08-08 03:39:04,160 [INFO] Got command from the client 'session,2021-08-08_03-17-33,stop,testing'
ptd-server 2021-08-08 03:39:14,170 [INFO] Sending to ptd: 'Stop'
ptd-server 2021-08-08 03:39:14,171 [INFO] Reply from ptd: 'Stopping untimed measurement'
ptd-server 2021-08-08 03:39:14,227 [INFO] Sending reply to client 'OK'
ptd-server 2021-08-08 03:39:14,262 [INFO] Got command from the client 'session,2021-08-08_03-17-33,done'
ptd-server 2021-08-08 03:39:14,262 [INFO] Sending to ptd: 'Stop'
ptd-server 2021-08-08 03:39:14,806 [INFO] Reply from ptd: 'Error: no measurement to stop'
ptd-server 2021-08-08 03:39:14,807 [INFO] Sending to ptd: 'SR,V,300.000000'
ptd-server 2021-08-08 03:39:16,308 [INFO] Reply from ptd: 'Range V changed'
ptd-server 2021-08-08 03:39:16,308 [INFO] Sending to ptd: 'SR,A,0.500000'
ptd-server 2021-08-08 03:39:17,810 [INFO] Reply from ptd: 'Range A changed'
ptd-server 2021-08-08 03:39:17,810 [INFO] Set initial values for Amps 0.500000 and Volts 300.000000
ptd-server 2021-08-08 03:39:17,810 [INFO] Stopping ptd...
