ptd-server 2021-08-04 05:35:44,389 [INFO] Got command from the client 'stop'
ptd-server 2021-08-04 05:35:44,389 [INFO] The server will be stopped after processing this client
ptd-server 2021-08-04 05:35:44,389 [INFO] Sending reply to client 'OK'
ptd-server 2021-08-04 05:35:44,618 [INFO] Got command from the client 'time'
ptd-server 2021-08-04 05:35:44,618 [INFO] Sending reply to client '1628080544.6182773'
ptd-server 2021-08-04 05:35:44,618 [INFO] Got command from the client 'new,,2f4939d8-a017-436b-86b4-3f37524b278a'
ptd-server 2021-08-04 05:35:44,618 [INFO] Sending reply to client 'OK 2021-08-04_05-35-44,9b614a19-7271-4279-92e7-a9b6f1736398'
ptd-server 2021-08-04 05:35:44,844 [INFO] Got command from the client 'time'
ptd-server 2021-08-04 05:35:44,844 [INFO] Sending reply to client '1628080544.8441343'
ptd-server 2021-08-04 05:35:44,844 [INFO] Got command from the client 'session,2021-08-04_05-35-44,start,ranging'
ptd-server 2021-08-04 05:35:44,953 [INFO] Running PTDaemon: ['C:\\PTD\\ptd-windows-x86.exe', '-l', 'C:\\Users\\lab\\AppData\\Local\\Temp\\tmpp862wi61\\ptd_logfile.txt', '-p', '8888', '-c', '3', '-y', '52', '10.32.209.251']
ptd-server 2021-08-04 05:36:02,543 [INFO] Sending to ptd: 'Hello'
ptd-server 2021-08-04 05:36:02,543 [INFO] Reply from ptd: 'Hello, PTDaemon here!'
ptd-server 2021-08-04 05:36:02,543 [INFO] Sending to ptd: 'Identify'
ptd-server 2021-08-04 05:36:02,543 [INFO] Reply from ptd: 'YokogawaWT330E,1000,1,1,1,1,0,0,1,version=1.9.2-3976349f-20201208,OS=Windows 8 / Server 2012,mode=power,1,1,1,0,0,no_cal_date,YOKOGAWA;WT333E;C2VL22012V;F1.04'
ptd-server 2021-08-04 05:36:02,543 [INFO] Connected to PTDaemon
ptd-server 2021-08-04 05:36:02,543 [INFO] Sending to ptd: 'RR'
ptd-server 2021-08-04 05:36:02,543 [INFO] Reply from ptd: 'Ranges,0,10.000000,1,150.000000'
ptd-server 2021-08-04 05:36:02,543 [INFO] Initial range for Amps is 10.000000 for Volts is Auto
ptd-server 2021-08-04 05:36:02,543 [INFO] Sending to ptd: 'SR,V,Auto'
ptd-server 2021-08-04 05:36:03,064 [INFO] Reply from ptd: 'Range V changed'
ptd-server 2021-08-04 05:36:03,064 [INFO] Sending to ptd: 'SR,A,20'
ptd-server 2021-08-04 05:36:04,593 [INFO] Reply from ptd: 'Range A changed'
ptd-server 2021-08-04 05:36:14,601 [INFO] Starting ranging mode
ptd-server 2021-08-04 05:36:14,601 [INFO] Sending to ptd: 'Go,1000,0,2021-08-04_05-35-44_ranging'
ptd-server 2021-08-04 05:36:14,601 [INFO] Reply from ptd: 'Starting untimed measurement, maximum 500000 samples at 1000ms with 0 rampup samples'
ptd-server 2021-08-04 05:36:14,601 [INFO] Sending reply to client 'OK'
ptd-server 2021-08-04 05:47:01,868 [INFO] Got command from the client 'session,2021-08-04_05-35-44,stop,ranging'
ptd-server 2021-08-04 05:47:11,869 [INFO] Sending to ptd: 'Stop'
ptd-server 2021-08-04 05:47:11,869 [INFO] Reply from ptd: 'Stopping untimed measurement'
ptd-server 2021-08-04 05:47:11,885 [INFO] Sending reply to client 'OK'
ptd-server 2021-08-04 05:47:12,142 [INFO] Got command from the client 'time'
ptd-server 2021-08-04 05:47:12,142 [INFO] Sending reply to client '1628081232.1429143'
ptd-server 2021-08-04 05:47:12,142 [INFO] Got command from the client 'session,2021-08-04_05-35-44,start,testing'
ptd-server 2021-08-04 05:47:12,142 [INFO] Sending to ptd: 'SR,V,120.440000'
ptd-server 2021-08-04 05:47:14,118 [INFO] Reply from ptd: 'Range V changed'
ptd-server 2021-08-04 05:47:14,118 [INFO] Sending to ptd: 'SR,A,0.551000'
ptd-server 2021-08-04 05:47:15,645 [INFO] Reply from ptd: 'Range A changed'
ptd-server 2021-08-04 05:47:25,659 [INFO] Starting testing mode
ptd-server 2021-08-04 05:47:25,659 [INFO] Sending to ptd: 'Go,1000,0,2021-08-04_05-35-44_testing'
ptd-server 2021-08-04 05:47:25,659 [INFO] Reply from ptd: 'Starting untimed measurement, maximum 500000 samples at 1000ms with 0 rampup samples'
ptd-server 2021-08-04 05:47:25,659 [INFO] Sending reply to client 'OK'
ptd-server 2021-08-04 05:58:10,996 [INFO] Got command from the client 'session,2021-08-04_05-35-44,stop,testing'
ptd-server 2021-08-04 05:58:21,015 [INFO] Sending to ptd: 'Stop'
ptd-server 2021-08-04 05:58:21,015 [INFO] Reply from ptd: 'Stopping untimed measurement'
ptd-server 2021-08-04 05:58:21,015 [INFO] Sending reply to client 'OK'
ptd-server 2021-08-04 05:58:21,078 [INFO] Got command from the client 'session,2021-08-04_05-35-44,done'
ptd-server 2021-08-04 05:58:21,078 [INFO] Sending to ptd: 'Stop'
ptd-server 2021-08-04 05:58:21,669 [INFO] Reply from ptd: 'Error: no measurement to stop'
ptd-server 2021-08-04 05:58:21,669 [INFO] Sending to ptd: 'SR,V,Auto'
ptd-server 2021-08-04 05:58:22,184 [INFO] Reply from ptd: 'Range V changed'
ptd-server 2021-08-04 05:58:22,184 [INFO] Sending to ptd: 'SR,A,10.000000'
ptd-server 2021-08-04 05:58:23,717 [INFO] Reply from ptd: 'Range A changed'
ptd-server 2021-08-04 05:58:23,717 [INFO] Set initial values for Amps 10.000000 and Volts Auto
ptd-server 2021-08-04 05:58:23,717 [INFO] Stopping ptd...
