ptd-server 2021-08-08 01:06:22,307 [INFO] Got command from the client 'time'
ptd-server 2021-08-08 01:06:22,307 [INFO] Sending reply to client '1628381182.307339'
ptd-server 2021-08-08 01:06:22,309 [INFO] Got command from the client 'new,,a5992b1b-e69f-4e87-985e-319581080749'
ptd-server 2021-08-08 01:06:22,310 [INFO] Sending reply to client 'OK 2021-08-08_01-06-22,12d01978-f0f1-445c-af5c-c31059b6cbf3'
ptd-server 2021-08-08 01:06:22,356 [INFO] Got command from the client 'time'
ptd-server 2021-08-08 01:06:22,356 [INFO] Sending reply to client '1628381182.3566642'
ptd-server 2021-08-08 01:06:22,359 [INFO] Got command from the client 'session,2021-08-08_01-06-22,start,ranging'
ptd-server 2021-08-08 01:06:22,359 [INFO] Running PTDaemon: ['/home/anton/projects/mlperf/power/inference_v1.0/ptd-linux-x86', '-l', '/tmp/tmpr3iqmcco/ptd_logfile.txt', '-p', '8888', '49', '/dev/usbtmc0']
ptd-server 2021-08-08 01:06:39,532 [INFO] Sending to ptd: 'Hello'
ptd-server 2021-08-08 01:06:39,533 [INFO] Reply from ptd: 'Hello, PTDaemon here!'
ptd-server 2021-08-08 01:06:39,533 [INFO] Sending to ptd: 'Identify'
ptd-server 2021-08-08 01:06:39,534 [INFO] Reply from ptd: 'YokogawaWT310E,1000,1,1,1,1,0,1,1,version=1.9.2-e8c7a49a-20201208,OS=Linux 5.8.0-63-generic #71~20.04.1-Ubuntu SMP Thu Jul 15 17:46:08 UTC 2021 x86_64,mode=power,1,1,1,0,0,no_cal_date,YOKOGAWA;WT310E;C3XA04010E;F1.04'
ptd-server 2021-08-08 01:06:39,534 [INFO] Connected to PTDaemon
ptd-server 2021-08-08 01:06:39,534 [INFO] Sending to ptd: 'RR'
ptd-server 2021-08-08 01:06:39,534 [INFO] Reply from ptd: 'Ranges,0,0.500000,0,300.000000'
ptd-server 2021-08-08 01:06:39,534 [INFO] Initial range for Amps is 0.500000 for Volts is 300.000000
ptd-server 2021-08-08 01:06:39,534 [INFO] Sending to ptd: 'SR,V,Auto'
ptd-server 2021-08-08 01:06:40,037 [INFO] Reply from ptd: 'Range V changed'
ptd-server 2021-08-08 01:06:40,037 [INFO] Sending to ptd: 'SR,A,Auto'
ptd-server 2021-08-08 01:06:40,539 [INFO] Reply from ptd: 'Range A changed'
ptd-server 2021-08-08 01:06:50,550 [INFO] Starting ranging mode
ptd-server 2021-08-08 01:06:50,550 [INFO] Sending to ptd: 'Go,1000,0,2021-08-08_01-06-22_ranging'
ptd-server 2021-08-08 01:06:50,551 [INFO] Reply from ptd: 'Starting untimed measurement, maximum 500000 samples at 1000ms with 0 rampup samples'
ptd-server 2021-08-08 01:06:50,551 [INFO] Sending reply to client 'OK'
ptd-server 2021-08-08 01:17:10,547 [INFO] Got command from the client 'session,2021-08-08_01-06-22,stop,ranging'
ptd-server 2021-08-08 01:17:20,558 [INFO] Sending to ptd: 'Stop'
ptd-server 2021-08-08 01:17:20,558 [INFO] Reply from ptd: 'Stopping untimed measurement'
ptd-server 2021-08-08 01:17:20,655 [INFO] Sending reply to client 'OK'
ptd-server 2021-08-08 01:17:20,715 [INFO] Got command from the client 'time'
ptd-server 2021-08-08 01:17:20,715 [INFO] Sending reply to client '1628381840.7157435'
ptd-server 2021-08-08 01:17:20,718 [INFO] Got command from the client 'session,2021-08-08_01-06-22,start,testing'
ptd-server 2021-08-08 01:17:20,718 [INFO] Sending to ptd: 'SR,V,249.620000'
ptd-server 2021-08-08 01:17:23,053 [INFO] Reply from ptd: 'Range V changed'
ptd-server 2021-08-08 01:17:23,053 [INFO] Sending to ptd: 'SR,A,0.214370'
ptd-server 2021-08-08 01:17:24,554 [INFO] Reply from ptd: 'Range A changed'
ptd-server 2021-08-08 01:17:34,564 [INFO] Starting testing mode
ptd-server 2021-08-08 01:17:34,565 [INFO] Sending to ptd: 'Go,1000,0,2021-08-08_01-06-22_testing'
ptd-server 2021-08-08 01:17:34,565 [INFO] Reply from ptd: 'Starting untimed measurement, maximum 500000 samples at 1000ms with 0 rampup samples'
ptd-server 2021-08-08 01:17:34,565 [INFO] Sending reply to client 'OK'
ptd-server 2021-08-08 01:27:54,230 [INFO] Got command from the client 'session,2021-08-08_01-06-22,stop,testing'
ptd-server 2021-08-08 01:28:04,240 [INFO] Sending to ptd: 'Stop'
ptd-server 2021-08-08 01:28:04,241 [INFO] Reply from ptd: 'Stopping untimed measurement'
ptd-server 2021-08-08 01:28:04,290 [INFO] Sending reply to client 'OK'
ptd-server 2021-08-08 01:28:04,313 [INFO] Got command from the client 'session,2021-08-08_01-06-22,done'
ptd-server 2021-08-08 01:28:04,313 [INFO] Sending to ptd: 'Stop'
ptd-server 2021-08-08 01:28:04,566 [INFO] Reply from ptd: 'Error: no measurement to stop'
ptd-server 2021-08-08 01:28:04,566 [INFO] Sending to ptd: 'SR,V,300.000000'
ptd-server 2021-08-08 01:28:06,067 [INFO] Reply from ptd: 'Range V changed'
ptd-server 2021-08-08 01:28:06,067 [INFO] Sending to ptd: 'SR,A,0.500000'
ptd-server 2021-08-08 01:28:07,569 [INFO] Reply from ptd: 'Range A changed'
ptd-server 2021-08-08 01:28:07,569 [INFO] Set initial values for Amps 0.500000 and Volts 300.000000
ptd-server 2021-08-08 01:28:07,569 [INFO] Stopping ptd...
