ptd-server 2021-08-07 21:27:47,047 [INFO] Got command from the client 'time'
ptd-server 2021-08-07 21:27:47,048 [INFO] Sending reply to client '1628368067.048104'
ptd-server 2021-08-07 21:27:47,051 [INFO] Got command from the client 'new,,b5b9cb8f-e657-4963-ad39-21c2687c72cc'
ptd-server 2021-08-07 21:27:47,051 [INFO] Sending reply to client 'OK 2021-08-07_21-27-47,06fa0866-8ce5-482f-ab90-c8ec04709ad5'
ptd-server 2021-08-07 21:27:47,087 [INFO] Got command from the client 'time'
ptd-server 2021-08-07 21:27:47,088 [INFO] Sending reply to client '1628368067.0880287'
ptd-server 2021-08-07 21:27:47,090 [INFO] Got command from the client 'session,2021-08-07_21-27-47,start,ranging'
ptd-server 2021-08-07 21:27:47,090 [INFO] Running PTDaemon: ['/home/anton/projects/mlperf/power/inference_v1.0/ptd-linux-x86', '-l', '/tmp/tmpr3iqmcco/ptd_logfile.txt', '-p', '8888', '49', '/dev/usbtmc0']
ptd-server 2021-08-07 21:28:04,262 [INFO] Sending to ptd: 'Hello'
ptd-server 2021-08-07 21:28:04,262 [INFO] Reply from ptd: 'Hello, PTDaemon here!'
ptd-server 2021-08-07 21:28:04,263 [INFO] Sending to ptd: 'Identify'
ptd-server 2021-08-07 21:28:04,263 [INFO] Reply from ptd: 'YokogawaWT310E,1000,1,1,1,1,0,1,1,version=1.9.2-e8c7a49a-20201208,OS=Linux 5.8.0-63-generic #71~20.04.1-Ubuntu SMP Thu Jul 15 17:46:08 UTC 2021 x86_64,mode=power,1,1,1,0,0,no_cal_date,YOKOGAWA;WT310E;C3XA04010E;F1.04'
ptd-server 2021-08-07 21:28:04,263 [INFO] Connected to PTDaemon
ptd-server 2021-08-07 21:28:04,263 [INFO] Sending to ptd: 'RR'
ptd-server 2021-08-07 21:28:04,264 [INFO] Reply from ptd: 'Ranges,0,0.500000,0,300.000000'
ptd-server 2021-08-07 21:28:04,264 [INFO] Initial range for Amps is 0.500000 for Volts is 300.000000
ptd-server 2021-08-07 21:28:04,264 [INFO] Sending to ptd: 'SR,V,Auto'
ptd-server 2021-08-07 21:28:04,766 [INFO] Reply from ptd: 'Range V changed'
ptd-server 2021-08-07 21:28:04,766 [INFO] Sending to ptd: 'SR,A,Auto'
ptd-server 2021-08-07 21:28:05,269 [INFO] Reply from ptd: 'Range A changed'
ptd-server 2021-08-07 21:28:15,279 [INFO] Starting ranging mode
ptd-server 2021-08-07 21:28:15,279 [INFO] Sending to ptd: 'Go,1000,0,2021-08-07_21-27-47_ranging'
ptd-server 2021-08-07 21:28:15,280 [INFO] Reply from ptd: 'Starting untimed measurement, maximum 500000 samples at 1000ms with 0 rampup samples'
ptd-server 2021-08-07 21:28:15,280 [INFO] Sending reply to client 'OK'
ptd-server 2021-08-07 21:38:35,061 [INFO] Got command from the client 'session,2021-08-07_21-27-47,stop,ranging'
ptd-server 2021-08-07 21:38:45,071 [INFO] Sending to ptd: 'Stop'
ptd-server 2021-08-07 21:38:45,072 [INFO] Reply from ptd: 'Stopping untimed measurement'
ptd-server 2021-08-07 21:38:45,143 [INFO] Sending reply to client 'OK'
ptd-server 2021-08-07 21:38:45,198 [INFO] Got command from the client 'time'
ptd-server 2021-08-07 21:38:45,198 [INFO] Sending reply to client '1628368725.1985168'
ptd-server 2021-08-07 21:38:45,201 [INFO] Got command from the client 'session,2021-08-07_21-27-47,start,testing'
ptd-server 2021-08-07 21:38:45,201 [INFO] Sending to ptd: 'SR,V,249.960000'
ptd-server 2021-08-07 21:38:46,782 [INFO] Reply from ptd: 'Range V changed'
ptd-server 2021-08-07 21:38:46,782 [INFO] Sending to ptd: 'SR,A,0.207110'
ptd-server 2021-08-07 21:38:48,283 [INFO] Reply from ptd: 'Range A changed'
ptd-server 2021-08-07 21:38:58,294 [INFO] Starting testing mode
ptd-server 2021-08-07 21:38:58,294 [INFO] Sending to ptd: 'Go,1000,0,2021-08-07_21-27-47_testing'
ptd-server 2021-08-07 21:38:58,294 [INFO] Reply from ptd: 'Starting untimed measurement, maximum 500000 samples at 1000ms with 0 rampup samples'
ptd-server 2021-08-07 21:38:58,294 [INFO] Sending reply to client 'OK'
ptd-server 2021-08-07 21:49:17,982 [INFO] Got command from the client 'session,2021-08-07_21-27-47,stop,testing'
ptd-server 2021-08-07 21:49:27,992 [INFO] Sending to ptd: 'Stop'
ptd-server 2021-08-07 21:49:27,992 [INFO] Reply from ptd: 'Stopping untimed measurement'
ptd-server 2021-08-07 21:49:28,030 [INFO] Sending reply to client 'OK'
ptd-server 2021-08-07 21:49:28,051 [INFO] Got command from the client 'session,2021-08-07_21-27-47,done'
ptd-server 2021-08-07 21:49:28,051 [INFO] Sending to ptd: 'Stop'
ptd-server 2021-08-07 21:49:28,294 [INFO] Reply from ptd: 'Error: no measurement to stop'
ptd-server 2021-08-07 21:49:28,294 [INFO] Sending to ptd: 'SR,V,300.000000'
ptd-server 2021-08-07 21:49:29,796 [INFO] Reply from ptd: 'Range V changed'
ptd-server 2021-08-07 21:49:29,796 [INFO] Sending to ptd: 'SR,A,0.500000'
ptd-server 2021-08-07 21:49:31,297 [INFO] Reply from ptd: 'Range A changed'
ptd-server 2021-08-07 21:49:31,297 [INFO] Set initial values for Amps 0.500000 and Volts 300.000000
ptd-server 2021-08-07 21:49:31,297 [INFO] Stopping ptd...
