ptd-server 2021-08-27 12:20:36,908 [INFO] Got command from the client 'time'
ptd-server 2021-08-27 12:20:36,908 [INFO] Sending reply to client '1630084836.9084535'
ptd-server 2021-08-27 12:20:36,909 [INFO] Got command from the client 'new,,ff2e3ed5-c2d2-4bae-adc1-b13d1d13fbeb'
ptd-server 2021-08-27 12:20:36,910 [INFO] Sending reply to client 'OK 2021-08-27_12-20-36,a38aaf7d-30bb-4eb9-b825-04bed699c6ee'
ptd-server 2021-08-27 12:20:36,996 [INFO] Got command from the client 'time'
ptd-server 2021-08-27 12:20:36,996 [INFO] Sending reply to client '1630084836.9963799'
ptd-server 2021-08-27 12:20:36,997 [INFO] Got command from the client 'session,2021-08-27_12-20-36,start,ranging'
ptd-server 2021-08-27 12:20:36,997 [INFO] Running PTDaemon: ['/local/mnt/workspace/mlcommons/power-main/inference_v1.0/ptd-linux-x86', '-l', '/tmp/tmp9p3k8a22/ptd_logfile.txt', '-p', '8888', '-c', '1,2', '77', '/dev/usbtmc1']
ptd-server 2021-08-27 12:20:54,592 [INFO] Sending to ptd: 'Hello'
ptd-server 2021-08-27 12:20:54,593 [INFO] Reply from ptd: 'Hello, PTDaemon here!'
ptd-server 2021-08-27 12:20:54,593 [INFO] Sending to ptd: 'Identify'
ptd-server 2021-08-27 12:20:54,594 [INFO] Reply from ptd: 'YokogawaWT330_multichannel,1000,1,1,1,1,0,0,1,version=1.9.2-e8c7a49a-20201208,OS=Linux 4.15.0-118-generic #119~16.04.1-Ubuntu SMP Tue Sep 8 14:54:40 UTC 2020 x86_64,mode=power,1,1,2,0,0,no_cal_date,YOKOGAWA;WT333E;C2XC17005V;F1.04'
ptd-server 2021-08-27 12:20:54,594 [INFO] Connected to PTDaemon
ptd-server 2021-08-27 12:20:54,595 [INFO] Sending to ptd: 'RR'
ptd-server 2021-08-27 12:20:54,595 [INFO] Reply from ptd: 'Ranges,-1,-1.000000,-1,-1.000000'
ptd-server 2021-08-27 12:20:54,595 [INFO] Initial range for Amps is Auto for Volts is Auto
ptd-server 2021-08-27 12:20:54,596 [INFO] Sending to ptd: 'SR,V,Auto'
ptd-server 2021-08-27 12:20:59,656 [INFO] Reply from ptd: 'Range V changed'
ptd-server 2021-08-27 12:20:59,656 [INFO] Sending to ptd: 'SR,A,Auto'
ptd-server 2021-08-27 12:21:04,709 [INFO] Reply from ptd: 'Range A changed'
ptd-server 2021-08-27 12:21:14,720 [INFO] Starting ranging mode
ptd-server 2021-08-27 12:21:14,720 [INFO] Sending to ptd: 'Go,1000,0,2021-08-27_12-20-36_ranging'
ptd-server 2021-08-27 12:21:14,721 [INFO] Reply from ptd: 'Starting untimed measurement, maximum 500000 samples at 1000ms with 0 rampup samples'
ptd-server 2021-08-27 12:21:14,721 [INFO] Sending reply to client 'OK'
ptd-server 2021-08-27 12:34:26,485 [INFO] Got command from the client 'session,2021-08-27_12-20-36,stop,ranging'
ptd-server 2021-08-27 12:34:36,493 [INFO] Sending to ptd: 'Stop'
ptd-server 2021-08-27 12:34:36,493 [INFO] Reply from ptd: 'Stopping untimed measurement'
ptd-server 2021-08-27 12:34:36,520 [INFO] Sending reply to client 'OK'
ptd-server 2021-08-27 12:34:36,634 [INFO] Got command from the client 'time'
ptd-server 2021-08-27 12:34:36,635 [INFO] Sending reply to client '1630085676.6350174'
ptd-server 2021-08-27 12:34:36,635 [INFO] Got command from the client 'session,2021-08-27_12-20-36,start,testing'
ptd-server 2021-08-27 12:34:36,636 [INFO] Sending to ptd: 'SR,V,208.280000'
ptd-server 2021-08-27 12:34:42,772 [INFO] Reply from ptd: 'Range V changed'
ptd-server 2021-08-27 12:34:42,772 [INFO] Sending to ptd: 'SR,A,4.631700'
ptd-server 2021-08-27 12:34:48,324 [INFO] Reply from ptd: 'Range A changed'
ptd-server 2021-08-27 12:34:58,334 [INFO] Starting testing mode
ptd-server 2021-08-27 12:34:58,334 [INFO] Sending to ptd: 'Go,1000,0,2021-08-27_12-20-36_testing'
ptd-server 2021-08-27 12:34:58,335 [INFO] Reply from ptd: 'Starting untimed measurement, maximum 500000 samples at 1000ms with 0 rampup samples'
ptd-server 2021-08-27 12:34:58,335 [INFO] Sending reply to client 'OK'
ptd-server 2021-08-27 12:48:24,465 [INFO] Got command from the client 'session,2021-08-27_12-20-36,stop,testing'
ptd-server 2021-08-27 12:48:34,476 [INFO] Sending to ptd: 'Stop'
ptd-server 2021-08-27 12:48:34,476 [INFO] Reply from ptd: 'Stopping untimed measurement'
ptd-server 2021-08-27 12:48:34,482 [INFO] Sending reply to client 'OK'
ptd-server 2021-08-27 12:48:34,488 [INFO] Got command from the client 'session,2021-08-27_12-20-36,done'
ptd-server 2021-08-27 12:48:34,488 [INFO] Sending to ptd: 'Stop'
ptd-server 2021-08-27 12:48:35,334 [INFO] Reply from ptd: 'Error: no measurement to stop'
ptd-server 2021-08-27 12:48:35,334 [INFO] Sending to ptd: 'SR,V,Auto'
ptd-server 2021-08-27 12:48:40,387 [INFO] Reply from ptd: 'Range V changed'
ptd-server 2021-08-27 12:48:40,388 [INFO] Sending to ptd: 'SR,A,Auto'
ptd-server 2021-08-27 12:48:45,441 [INFO] Reply from ptd: 'Range A changed'
ptd-server 2021-08-27 12:48:45,441 [INFO] Set initial values for Amps Auto and Volts Auto
ptd-server 2021-08-27 12:48:45,441 [INFO] Stopping ptd...
