ptd-server 2021-08-13 11:16:21,417 [INFO] Got command from the client 'time'
ptd-server 2021-08-13 11:16:21,417 [INFO] Sending reply to client '1628871381.4175687'
ptd-server 2021-08-13 11:16:21,418 [INFO] Got command from the client 'new,,5a7ce1dd-576c-49cd-9744-67c66ffa3876'
ptd-server 2021-08-13 11:16:21,418 [INFO] Sending reply to client 'OK 2021-08-13_11-16-21,dd5482bf-c284-4034-97b2-4bd89bebddf1'
ptd-server 2021-08-13 11:16:21,523 [INFO] Got command from the client 'time'
ptd-server 2021-08-13 11:16:21,523 [INFO] Sending reply to client '1628871381.5233107'
ptd-server 2021-08-13 11:16:21,524 [INFO] Got command from the client 'session,2021-08-13_11-16-21,start,ranging'
ptd-server 2021-08-13 11:16:21,524 [INFO] Running PTDaemon: ['/local/mnt/workspace/mlcommons/power-main/inference_v1.0/ptd-linux-x86', '-l', '/tmp/tmpqnpdpkmr/ptd_logfile.txt', '-p', '8888', '-c', '1,2', '77', '/dev/usbtmc1']
ptd-server 2021-08-13 11:16:39,129 [INFO] Sending to ptd: 'Hello'
ptd-server 2021-08-13 11:16:39,129 [INFO] Reply from ptd: 'Hello, PTDaemon here!'
ptd-server 2021-08-13 11:16:39,129 [INFO] Sending to ptd: 'Identify'
ptd-server 2021-08-13 11:16:39,130 [INFO] Reply from ptd: 'YokogawaWT330_multichannel,1000,1,1,1,1,0,0,1,version=1.9.2-e8c7a49a-20201208,OS=Linux 4.15.0-118-generic #119~16.04.1-Ubuntu SMP Tue Sep 8 14:54:40 UTC 2020 x86_64,mode=power,1,1,2,0,0,no_cal_date,YOKOGAWA;WT333E;C2XC17005V;F1.04'
ptd-server 2021-08-13 11:16:39,130 [INFO] Connected to PTDaemon
ptd-server 2021-08-13 11:16:39,130 [INFO] Sending to ptd: 'RR'
ptd-server 2021-08-13 11:16:39,130 [INFO] Reply from ptd: 'Ranges,-1,-1.000000,-1,-1.000000'
ptd-server 2021-08-13 11:16:39,130 [INFO] Initial range for Amps is Auto for Volts is Auto
ptd-server 2021-08-13 11:16:39,130 [INFO] Sending to ptd: 'SR,V,Auto'
ptd-server 2021-08-13 11:16:44,185 [INFO] Reply from ptd: 'Range V changed'
ptd-server 2021-08-13 11:16:44,185 [INFO] Sending to ptd: 'SR,A,Auto'
ptd-server 2021-08-13 11:16:49,238 [INFO] Reply from ptd: 'Range A changed'
ptd-server 2021-08-13 11:16:59,248 [INFO] Starting ranging mode
ptd-server 2021-08-13 11:16:59,248 [INFO] Sending to ptd: 'Go,1000,0,2021-08-13_11-16-21_ranging'
ptd-server 2021-08-13 11:16:59,248 [INFO] Reply from ptd: 'Starting untimed measurement, maximum 500000 samples at 1000ms with 0 rampup samples'
ptd-server 2021-08-13 11:16:59,248 [INFO] Sending reply to client 'OK'
ptd-server 2021-08-13 11:28:45,985 [INFO] Got command from the client 'session,2021-08-13_11-16-21,stop,ranging'
ptd-server 2021-08-13 11:28:55,993 [INFO] Sending to ptd: 'Stop'
ptd-server 2021-08-13 11:28:55,993 [INFO] Reply from ptd: 'Stopping untimed measurement'
ptd-server 2021-08-13 11:28:56,031 [INFO] Sending reply to client 'OK'
ptd-server 2021-08-13 11:28:56,146 [INFO] Got command from the client 'time'
ptd-server 2021-08-13 11:28:56,146 [INFO] Sending reply to client '1628872136.146896'
ptd-server 2021-08-13 11:28:56,147 [INFO] Got command from the client 'session,2021-08-13_11-16-21,start,testing'
ptd-server 2021-08-13 11:28:56,147 [INFO] Sending to ptd: 'SR,V,208.690000'
ptd-server 2021-08-13 11:29:02,300 [INFO] Reply from ptd: 'Range V changed'
ptd-server 2021-08-13 11:29:02,300 [INFO] Sending to ptd: 'SR,A,4.685200'
ptd-server 2021-08-13 11:29:07,852 [INFO] Reply from ptd: 'Range A changed'
ptd-server 2021-08-13 11:29:17,862 [INFO] Starting testing mode
ptd-server 2021-08-13 11:29:17,862 [INFO] Sending to ptd: 'Go,1000,0,2021-08-13_11-16-21_testing'
ptd-server 2021-08-13 11:29:17,862 [INFO] Reply from ptd: 'Starting untimed measurement, maximum 500000 samples at 1000ms with 0 rampup samples'
ptd-server 2021-08-13 11:29:17,862 [INFO] Sending reply to client 'OK'
ptd-server 2021-08-13 11:41:04,714 [INFO] Got command from the client 'session,2021-08-13_11-16-21,stop,testing'
ptd-server 2021-08-13 11:41:14,721 [INFO] Sending to ptd: 'Stop'
ptd-server 2021-08-13 11:41:14,721 [INFO] Reply from ptd: 'Stopping untimed measurement'
ptd-server 2021-08-13 11:41:14,736 [INFO] Sending reply to client 'OK'
ptd-server 2021-08-13 11:41:14,742 [INFO] Got command from the client 'session,2021-08-13_11-16-21,done'
ptd-server 2021-08-13 11:41:14,742 [INFO] Sending to ptd: 'Stop'
ptd-server 2021-08-13 11:41:14,862 [INFO] Reply from ptd: 'Error: no measurement to stop'
ptd-server 2021-08-13 11:41:14,863 [INFO] Sending to ptd: 'SR,V,Auto'
ptd-server 2021-08-13 11:41:19,915 [INFO] Reply from ptd: 'Range V changed'
ptd-server 2021-08-13 11:41:19,916 [INFO] Sending to ptd: 'SR,A,Auto'
ptd-server 2021-08-13 11:41:24,969 [INFO] Reply from ptd: 'Range A changed'
ptd-server 2021-08-13 11:41:24,969 [INFO] Set initial values for Amps Auto and Volts Auto
ptd-server 2021-08-13 11:41:24,969 [INFO] Stopping ptd...
