ptd-server 2021-08-11 01:17:35,637 [INFO] Got command from the client 'stop'
ptd-server 2021-08-11 01:17:35,637 [INFO] The server will be stopped after processing this client
ptd-server 2021-08-11 01:17:35,637 [INFO] Sending reply to client 'OK'
ptd-server 2021-08-11 01:17:35,840 [INFO] Got command from the client 'time'
ptd-server 2021-08-11 01:17:35,840 [INFO] Sending reply to client '1628669855.840617'
ptd-server 2021-08-11 01:17:35,840 [INFO] Got command from the client 'new,,804cd63f-2c73-4de3-8ac6-251fd352be5c'
ptd-server 2021-08-11 01:17:35,856 [INFO] Sending reply to client 'OK 2021-08-11_01-17-35,bf6d98f8-488a-4962-9e1a-979081001e16'
ptd-server 2021-08-11 01:17:36,059 [INFO] Got command from the client 'time'
ptd-server 2021-08-11 01:17:36,059 [INFO] Sending reply to client '1628669856.0593212'
ptd-server 2021-08-11 01:17:36,059 [INFO] Got command from the client 'session,2021-08-11_01-17-35,start,ranging'
ptd-server 2021-08-11 01:17:36,168 [INFO] Running PTDaemon: ['C:\\PTD\\ptd-windows-x86.exe', '-l', 'C:\\Users\\lab\\AppData\\Local\\Temp\\tmp1ul_y1th\\ptd_logfile.txt', '-p', '8888', '-c', '1,3', '-y', '77', '172.22.0.90']
ptd-server 2021-08-11 01:17:55,258 [INFO] Sending to ptd: 'Hello'
ptd-server 2021-08-11 01:17:55,258 [INFO] Reply from ptd: 'Hello, PTDaemon here!'
ptd-server 2021-08-11 01:17:55,258 [INFO] Sending to ptd: 'Identify'
ptd-server 2021-08-11 01:17:55,258 [INFO] Reply from ptd: 'YokogawaWT330_multichannel,1000,1,1,1,1,0,0,1,version=1.9.2-3976349f-20201208,OS=Windows 8 / Server 2012,mode=power,1,1,2,0,0,no_cal_date,YOKOGAWA;WT333E;C2WA21018V;F1.04'
ptd-server 2021-08-11 01:17:55,258 [INFO] Connected to PTDaemon
ptd-server 2021-08-11 01:17:55,258 [INFO] Sending to ptd: 'RR'
ptd-server 2021-08-11 01:17:55,258 [INFO] Reply from ptd: 'Ranges,0,20.000000,1,300.000000'
ptd-server 2021-08-11 01:17:55,258 [INFO] Initial range for Amps is 20.000000 for Volts is Auto
ptd-server 2021-08-11 01:17:55,258 [INFO] Sending to ptd: 'SR,V,Auto'
ptd-server 2021-08-11 01:18:00,336 [INFO] Reply from ptd: 'Range V changed'
ptd-server 2021-08-11 01:18:00,336 [INFO] Sending to ptd: 'SR,A,20'
ptd-server 2021-08-11 01:18:05,918 [INFO] Reply from ptd: 'Range A changed'
ptd-server 2021-08-11 01:18:15,918 [INFO] Starting ranging mode
ptd-server 2021-08-11 01:18:15,918 [INFO] Sending to ptd: 'Go,1000,0,2021-08-11_01-17-35_ranging'
ptd-server 2021-08-11 01:18:15,918 [INFO] Reply from ptd: 'Starting untimed measurement, maximum 500000 samples at 1000ms with 0 rampup samples'
ptd-server 2021-08-11 01:18:15,918 [INFO] Sending reply to client 'OK'
ptd-server 2021-08-11 01:46:39,162 [INFO] Got command from the client 'session,2021-08-11_01-17-35,stop,ranging'
ptd-server 2021-08-11 01:46:49,177 [INFO] Sending to ptd: 'Stop'
ptd-server 2021-08-11 01:46:49,177 [INFO] Reply from ptd: 'Stopping untimed measurement'
ptd-server 2021-08-11 01:46:49,239 [INFO] Sending reply to client 'OK'
ptd-server 2021-08-11 01:46:49,611 [INFO] Got command from the client 'time'
ptd-server 2021-08-11 01:46:49,611 [INFO] Sending reply to client '1628671609.6117072'
ptd-server 2021-08-11 01:46:49,611 [INFO] Got command from the client 'session,2021-08-11_01-17-35,start,testing'
ptd-server 2021-08-11 01:46:49,611 [INFO] Sending to ptd: 'SR,V,235.070000'
ptd-server 2021-08-11 01:46:56,015 [INFO] Reply from ptd: 'Range V changed'
ptd-server 2021-08-11 01:46:56,015 [INFO] Sending to ptd: 'SR,A,5.199000'
ptd-server 2021-08-11 01:47:01,593 [INFO] Reply from ptd: 'Range A changed'
ptd-server 2021-08-11 01:47:11,593 [INFO] Starting testing mode
ptd-server 2021-08-11 01:47:11,593 [INFO] Sending to ptd: 'Go,1000,0,2021-08-11_01-17-35_testing'
ptd-server 2021-08-11 01:47:11,593 [INFO] Reply from ptd: 'Starting untimed measurement, maximum 500000 samples at 1000ms with 0 rampup samples'
ptd-server 2021-08-11 01:47:11,593 [INFO] Sending reply to client 'OK'
ptd-server 2021-08-11 02:15:24,739 [INFO] Got command from the client 'session,2021-08-11_01-17-35,stop,testing'
ptd-server 2021-08-11 02:15:34,769 [INFO] Sending to ptd: 'Stop'
ptd-server 2021-08-11 02:15:34,769 [INFO] Reply from ptd: 'Stopping untimed measurement'
ptd-server 2021-08-11 02:15:34,800 [INFO] Sending reply to client 'OK'
ptd-server 2021-08-11 02:15:35,258 [INFO] Got command from the client 'session,2021-08-11_01-17-35,done'
ptd-server 2021-08-11 02:15:35,258 [INFO] Sending to ptd: 'Stop'
ptd-server 2021-08-11 02:15:35,602 [INFO] Reply from ptd: 'Error: no measurement to stop'
ptd-server 2021-08-11 02:15:35,602 [INFO] Sending to ptd: 'SR,V,Auto'
ptd-server 2021-08-11 02:15:40,670 [INFO] Reply from ptd: 'Range V changed'
ptd-server 2021-08-11 02:15:40,670 [INFO] Sending to ptd: 'SR,A,20.000000'
ptd-server 2021-08-11 02:15:46,266 [INFO] Reply from ptd: 'Range A changed'
ptd-server 2021-08-11 02:15:46,266 [INFO] Set initial values for Amps 20.000000 and Volts Auto
ptd-server 2021-08-11 02:15:46,266 [INFO] Stopping ptd...
