ptd-server 2021-08-07 16:27:21,006 [INFO] Got command from the client 'time'
ptd-server 2021-08-07 16:27:21,006 [INFO] Sending reply to client '1628350041.0064678'
ptd-server 2021-08-07 16:27:21,008 [INFO] Got command from the client 'new,,8782684e-615e-4d77-a642-6b2f33a34521'
ptd-server 2021-08-07 16:27:21,009 [INFO] Sending reply to client 'OK 2021-08-07_16-27-21,03e65200-5d8d-4267-8bd9-81d66909ff10'
ptd-server 2021-08-07 16:27:21,046 [INFO] Got command from the client 'time'
ptd-server 2021-08-07 16:27:21,046 [INFO] Sending reply to client '1628350041.0464704'
ptd-server 2021-08-07 16:27:21,048 [INFO] Got command from the client 'session,2021-08-07_16-27-21,start,ranging'
ptd-server 2021-08-07 16:27:21,049 [INFO] Running PTDaemon: ['/home/anton/projects/mlperf/power/inference_v1.0/ptd-linux-x86', '-l', '/tmp/tmpr3iqmcco/ptd_logfile.txt', '-p', '8888', '49', '/dev/usbtmc0']
ptd-server 2021-08-07 16:27:38,222 [INFO] Sending to ptd: 'Hello'
ptd-server 2021-08-07 16:27:38,222 [INFO] Reply from ptd: 'Hello, PTDaemon here!'
ptd-server 2021-08-07 16:27:38,223 [INFO] Sending to ptd: 'Identify'
ptd-server 2021-08-07 16:27:38,223 [INFO] Reply from ptd: 'YokogawaWT310E,1000,1,1,1,1,0,1,1,version=1.9.2-e8c7a49a-20201208,OS=Linux 5.8.0-63-generic #71~20.04.1-Ubuntu SMP Thu Jul 15 17:46:08 UTC 2021 x86_64,mode=power,1,1,1,0,0,no_cal_date,YOKOGAWA;WT310E;C3XA04010E;F1.04'
ptd-server 2021-08-07 16:27:38,223 [INFO] Connected to PTDaemon
ptd-server 2021-08-07 16:27:38,223 [INFO] Sending to ptd: 'RR'
ptd-server 2021-08-07 16:27:38,223 [INFO] Reply from ptd: 'Ranges,0,0.500000,0,300.000000'
ptd-server 2021-08-07 16:27:38,224 [INFO] Initial range for Amps is 0.500000 for Volts is 300.000000
ptd-server 2021-08-07 16:27:38,224 [INFO] Sending to ptd: 'SR,V,Auto'
ptd-server 2021-08-07 16:27:38,726 [INFO] Reply from ptd: 'Range V changed'
ptd-server 2021-08-07 16:27:38,726 [INFO] Sending to ptd: 'SR,A,Auto'
ptd-server 2021-08-07 16:27:39,229 [INFO] Reply from ptd: 'Range A changed'
ptd-server 2021-08-07 16:27:49,236 [INFO] Starting ranging mode
ptd-server 2021-08-07 16:27:49,236 [INFO] Sending to ptd: 'Go,1000,0,2021-08-07_16-27-21_ranging'
ptd-server 2021-08-07 16:27:49,236 [INFO] Reply from ptd: 'Starting untimed measurement, maximum 500000 samples at 1000ms with 0 rampup samples'
ptd-server 2021-08-07 16:27:49,236 [INFO] Sending reply to client 'OK'
ptd-server 2021-08-07 16:38:08,875 [INFO] Got command from the client 'session,2021-08-07_16-27-21,stop,ranging'
ptd-server 2021-08-07 16:38:18,886 [INFO] Sending to ptd: 'Stop'
ptd-server 2021-08-07 16:38:18,886 [INFO] Reply from ptd: 'Stopping untimed measurement'
ptd-server 2021-08-07 16:38:18,924 [INFO] Sending reply to client 'OK'
ptd-server 2021-08-07 16:38:18,978 [INFO] Got command from the client 'time'
ptd-server 2021-08-07 16:38:18,978 [INFO] Sending reply to client '1628350698.9783986'
ptd-server 2021-08-07 16:38:18,980 [INFO] Got command from the client 'session,2021-08-07_16-27-21,start,testing'
ptd-server 2021-08-07 16:38:18,980 [INFO] Sending to ptd: 'SR,V,247.970000'
ptd-server 2021-08-07 16:38:20,738 [INFO] Reply from ptd: 'Range V changed'
ptd-server 2021-08-07 16:38:20,738 [INFO] Sending to ptd: 'SR,A,0.223250'
ptd-server 2021-08-07 16:38:22,239 [INFO] Reply from ptd: 'Range A changed'
ptd-server 2021-08-07 16:38:32,250 [INFO] Starting testing mode
ptd-server 2021-08-07 16:38:32,250 [INFO] Sending to ptd: 'Go,1000,0,2021-08-07_16-27-21_testing'
ptd-server 2021-08-07 16:38:32,250 [INFO] Reply from ptd: 'Starting untimed measurement, maximum 500000 samples at 1000ms with 0 rampup samples'
ptd-server 2021-08-07 16:38:32,250 [INFO] Sending reply to client 'OK'
ptd-server 2021-08-07 16:48:51,931 [INFO] Got command from the client 'session,2021-08-07_16-27-21,stop,testing'
ptd-server 2021-08-07 16:49:01,942 [INFO] Sending to ptd: 'Stop'
ptd-server 2021-08-07 16:49:01,942 [INFO] Reply from ptd: 'Stopping untimed measurement'
ptd-server 2021-08-07 16:49:01,961 [INFO] Sending reply to client 'OK'
ptd-server 2021-08-07 16:49:01,980 [INFO] Got command from the client 'session,2021-08-07_16-27-21,done'
ptd-server 2021-08-07 16:49:01,980 [INFO] Sending to ptd: 'Stop'
ptd-server 2021-08-07 16:49:02,251 [INFO] Reply from ptd: 'Error: no measurement to stop'
ptd-server 2021-08-07 16:49:02,251 [INFO] Sending to ptd: 'SR,V,300.000000'
ptd-server 2021-08-07 16:49:03,752 [INFO] Reply from ptd: 'Range V changed'
ptd-server 2021-08-07 16:49:03,753 [INFO] Sending to ptd: 'SR,A,0.500000'
ptd-server 2021-08-07 16:49:05,254 [INFO] Reply from ptd: 'Range A changed'
ptd-server 2021-08-07 16:49:05,254 [INFO] Set initial values for Amps 0.500000 and Volts 300.000000
ptd-server 2021-08-07 16:49:05,254 [INFO] Stopping ptd...
