ptd-server 2021-08-08 22:51:06,368 [INFO] Got command from the client 'time'
ptd-server 2021-08-08 22:51:06,368 [INFO] Sending reply to client '1628459466.3682003'
ptd-server 2021-08-08 22:51:06,369 [INFO] Got command from the client 'new,,0621e4a8-56d9-4449-8e90-1b56971cb2d3'
ptd-server 2021-08-08 22:51:06,370 [INFO] Sending reply to client 'OK 2021-08-08_22-51-06,aa07e0b8-9287-45d3-a6ae-5317f6882d84'
ptd-server 2021-08-08 22:51:06,409 [INFO] Got command from the client 'time'
ptd-server 2021-08-08 22:51:06,409 [INFO] Sending reply to client '1628459466.4095955'
ptd-server 2021-08-08 22:51:06,411 [INFO] Got command from the client 'session,2021-08-08_22-51-06,start,ranging'
ptd-server 2021-08-08 22:51:06,412 [INFO] Running PTDaemon: ['/home/anton/projects/mlperf/power/inference_v1.0/ptd-linux-x86', '-l', '/tmp/tmpr3iqmcco/ptd_logfile.txt', '-p', '8888', '49', '/dev/usbtmc0']
ptd-server 2021-08-08 22:51:23,584 [INFO] Sending to ptd: 'Hello'
ptd-server 2021-08-08 22:51:23,584 [INFO] Reply from ptd: 'Hello, PTDaemon here!'
ptd-server 2021-08-08 22:51:23,585 [INFO] Sending to ptd: 'Identify'
ptd-server 2021-08-08 22:51:23,585 [INFO] Reply from ptd: 'YokogawaWT310E,1000,1,1,1,1,0,1,1,version=1.9.2-e8c7a49a-20201208,OS=Linux 5.8.0-63-generic #71~20.04.1-Ubuntu SMP Thu Jul 15 17:46:08 UTC 2021 x86_64,mode=power,1,1,1,0,0,no_cal_date,YOKOGAWA;WT310E;C3XA04010E;F1.04'
ptd-server 2021-08-08 22:51:23,585 [INFO] Connected to PTDaemon
ptd-server 2021-08-08 22:51:23,585 [INFO] Sending to ptd: 'RR'
ptd-server 2021-08-08 22:51:23,586 [INFO] Reply from ptd: 'Ranges,0,0.500000,0,300.000000'
ptd-server 2021-08-08 22:51:23,586 [INFO] Initial range for Amps is 0.500000 for Volts is 300.000000
ptd-server 2021-08-08 22:51:23,586 [INFO] Sending to ptd: 'SR,V,Auto'
ptd-server 2021-08-08 22:51:24,088 [INFO] Reply from ptd: 'Range V changed'
ptd-server 2021-08-08 22:51:24,088 [INFO] Sending to ptd: 'SR,A,Auto'
ptd-server 2021-08-08 22:51:24,591 [INFO] Reply from ptd: 'Range A changed'
ptd-server 2021-08-08 22:51:34,601 [INFO] Starting ranging mode
ptd-server 2021-08-08 22:51:34,601 [INFO] Sending to ptd: 'Go,1000,0,2021-08-08_22-51-06_ranging'
ptd-server 2021-08-08 22:51:34,602 [INFO] Reply from ptd: 'Starting untimed measurement, maximum 500000 samples at 1000ms with 0 rampup samples'
ptd-server 2021-08-08 22:51:34,602 [INFO] Sending reply to client 'OK'
ptd-server 2021-08-08 23:01:54,282 [INFO] Got command from the client 'session,2021-08-08_22-51-06,stop,ranging'
ptd-server 2021-08-08 23:02:04,292 [INFO] Sending to ptd: 'Stop'
ptd-server 2021-08-08 23:02:04,293 [INFO] Reply from ptd: 'Stopping untimed measurement'
ptd-server 2021-08-08 23:02:04,484 [INFO] Sending reply to client 'OK'
ptd-server 2021-08-08 23:02:04,547 [INFO] Got command from the client 'time'
ptd-server 2021-08-08 23:02:04,547 [INFO] Sending reply to client '1628460124.5474098'
ptd-server 2021-08-08 23:02:04,549 [INFO] Got command from the client 'session,2021-08-08_22-51-06,start,testing'
ptd-server 2021-08-08 23:02:04,549 [INFO] Sending to ptd: 'SR,V,250.570000'
ptd-server 2021-08-08 23:02:06,103 [INFO] Reply from ptd: 'Range V changed'
ptd-server 2021-08-08 23:02:06,103 [INFO] Sending to ptd: 'SR,A,0.212200'
ptd-server 2021-08-08 23:02:07,605 [INFO] Reply from ptd: 'Range A changed'
ptd-server 2021-08-08 23:02:17,615 [INFO] Starting testing mode
ptd-server 2021-08-08 23:02:17,615 [INFO] Sending to ptd: 'Go,1000,0,2021-08-08_22-51-06_testing'
ptd-server 2021-08-08 23:02:17,616 [INFO] Reply from ptd: 'Starting untimed measurement, maximum 500000 samples at 1000ms with 0 rampup samples'
ptd-server 2021-08-08 23:02:17,616 [INFO] Sending reply to client 'OK'
ptd-server 2021-08-08 23:12:37,238 [INFO] Got command from the client 'session,2021-08-08_22-51-06,stop,testing'
ptd-server 2021-08-08 23:12:47,248 [INFO] Sending to ptd: 'Stop'
ptd-server 2021-08-08 23:12:47,248 [INFO] Reply from ptd: 'Stopping untimed measurement'
ptd-server 2021-08-08 23:12:47,358 [INFO] Sending reply to client 'OK'
ptd-server 2021-08-08 23:12:47,377 [INFO] Got command from the client 'session,2021-08-08_22-51-06,done'
ptd-server 2021-08-08 23:12:47,377 [INFO] Sending to ptd: 'Stop'
ptd-server 2021-08-08 23:12:47,617 [INFO] Reply from ptd: 'Error: no measurement to stop'
ptd-server 2021-08-08 23:12:47,617 [INFO] Sending to ptd: 'SR,V,300.000000'
ptd-server 2021-08-08 23:12:49,118 [INFO] Reply from ptd: 'Range V changed'
ptd-server 2021-08-08 23:12:49,119 [INFO] Sending to ptd: 'SR,A,0.500000'
ptd-server 2021-08-08 23:12:50,620 [INFO] Reply from ptd: 'Range A changed'
ptd-server 2021-08-08 23:12:50,620 [INFO] Set initial values for Amps 0.500000 and Volts 300.000000
ptd-server 2021-08-08 23:12:50,620 [INFO] Stopping ptd...
