ptd-server 2021-08-04 02:18:58,032 [INFO] Got command from the client 'stop'
ptd-server 2021-08-04 02:18:58,032 [INFO] The server will be stopped after processing this client
ptd-server 2021-08-04 02:18:58,032 [INFO] Sending reply to client 'OK'
ptd-server 2021-08-04 02:18:58,251 [INFO] Got command from the client 'time'
ptd-server 2021-08-04 02:18:58,251 [INFO] Sending reply to client '1628068738.2511704'
ptd-server 2021-08-04 02:18:58,251 [INFO] Got command from the client 'new,,be476c09-5440-45ef-ab73-673c2b06f197'
ptd-server 2021-08-04 02:18:58,251 [INFO] Sending reply to client 'OK 2021-08-04_02-18-58,7be1ec31-7ac5-461c-af85-2d41c4e9054a'
ptd-server 2021-08-04 02:18:58,470 [INFO] Got command from the client 'time'
ptd-server 2021-08-04 02:18:58,470 [INFO] Sending reply to client '1628068738.470037'
ptd-server 2021-08-04 02:18:58,470 [INFO] Got command from the client 'session,2021-08-04_02-18-58,start,ranging'
ptd-server 2021-08-04 02:18:58,579 [INFO] Running PTDaemon: ['C:\\PTD\\ptd-windows-x86.exe', '-l', 'C:\\Users\\lab\\AppData\\Local\\Temp\\tmpqfvrt2wq\\ptd_logfile.txt', '-p', '8888', '-c', '3', '-y', '52', '10.32.209.251']
ptd-server 2021-08-04 02:19:17,160 [INFO] Sending to ptd: 'Hello'
ptd-server 2021-08-04 02:19:17,160 [INFO] Reply from ptd: 'Hello, PTDaemon here!'
ptd-server 2021-08-04 02:19:17,160 [INFO] Sending to ptd: 'Identify'
ptd-server 2021-08-04 02:19:17,160 [INFO] Reply from ptd: 'YokogawaWT330E,1000,1,1,1,1,0,0,1,version=1.9.2-3976349f-20201208,OS=Windows 8 / Server 2012,mode=power,1,1,1,0,0,no_cal_date,YOKOGAWA;WT333E;C2VL22012V;F1.04'
ptd-server 2021-08-04 02:19:17,160 [INFO] Connected to PTDaemon
ptd-server 2021-08-04 02:19:17,160 [INFO] Sending to ptd: 'RR'
ptd-server 2021-08-04 02:19:17,160 [INFO] Reply from ptd: 'Ranges,0,10.000000,1,150.000000'
ptd-server 2021-08-04 02:19:17,160 [INFO] Initial range for Amps is 10.000000 for Volts is Auto
ptd-server 2021-08-04 02:19:17,160 [INFO] Sending to ptd: 'SR,V,Auto'
ptd-server 2021-08-04 02:19:17,676 [INFO] Reply from ptd: 'Range V changed'
ptd-server 2021-08-04 02:19:17,676 [INFO] Sending to ptd: 'SR,A,20'
ptd-server 2021-08-04 02:19:19,201 [INFO] Reply from ptd: 'Range A changed'
ptd-server 2021-08-04 02:19:29,207 [INFO] Starting ranging mode
ptd-server 2021-08-04 02:19:29,207 [INFO] Sending to ptd: 'Go,1000,0,2021-08-04_02-18-58_ranging'
ptd-server 2021-08-04 02:19:29,207 [INFO] Reply from ptd: 'Starting untimed measurement, maximum 500000 samples at 1000ms with 0 rampup samples'
ptd-server 2021-08-04 02:19:29,207 [INFO] Sending reply to client 'OK'
ptd-server 2021-08-04 02:30:34,994 [INFO] Got command from the client 'session,2021-08-04_02-18-58,stop,ranging'
ptd-server 2021-08-04 02:30:45,008 [INFO] Sending to ptd: 'Stop'
ptd-server 2021-08-04 02:30:45,008 [INFO] Reply from ptd: 'Stopping untimed measurement'
ptd-server 2021-08-04 02:30:45,023 [INFO] Sending reply to client 'OK'
ptd-server 2021-08-04 02:30:45,289 [INFO] Got command from the client 'time'
ptd-server 2021-08-04 02:30:45,289 [INFO] Sending reply to client '1628069445.28927'
ptd-server 2021-08-04 02:30:45,304 [INFO] Got command from the client 'session,2021-08-04_02-18-58,start,testing'
ptd-server 2021-08-04 02:30:45,304 [INFO] Sending to ptd: 'SR,V,120.590000'
ptd-server 2021-08-04 02:30:46,815 [INFO] Reply from ptd: 'Range V changed'
ptd-server 2021-08-04 02:30:46,815 [INFO] Sending to ptd: 'SR,A,0.475000'
ptd-server 2021-08-04 02:30:48,336 [INFO] Reply from ptd: 'Range A changed'
ptd-server 2021-08-04 02:30:58,336 [INFO] Starting testing mode
ptd-server 2021-08-04 02:30:58,336 [INFO] Sending to ptd: 'Go,1000,0,2021-08-04_02-18-58_testing'
ptd-server 2021-08-04 02:30:58,336 [INFO] Reply from ptd: 'Starting untimed measurement, maximum 500000 samples at 1000ms with 0 rampup samples'
ptd-server 2021-08-04 02:30:58,336 [INFO] Sending reply to client 'OK'
ptd-server 2021-08-04 02:42:01,370 [INFO] Got command from the client 'session,2021-08-04_02-18-58,stop,testing'
ptd-server 2021-08-04 02:42:11,399 [INFO] Sending to ptd: 'Stop'
ptd-server 2021-08-04 02:42:11,399 [INFO] Reply from ptd: 'Stopping untimed measurement'
ptd-server 2021-08-04 02:42:11,414 [INFO] Sending reply to client 'OK'
ptd-server 2021-08-04 02:42:11,555 [INFO] Got command from the client 'session,2021-08-04_02-18-58,done'
ptd-server 2021-08-04 02:42:11,555 [INFO] Sending to ptd: 'Stop'
ptd-server 2021-08-04 02:42:12,344 [INFO] Reply from ptd: 'Error: no measurement to stop'
ptd-server 2021-08-04 02:42:12,344 [INFO] Sending to ptd: 'SR,V,Auto'
ptd-server 2021-08-04 02:42:12,860 [INFO] Reply from ptd: 'Range V changed'
ptd-server 2021-08-04 02:42:12,860 [INFO] Sending to ptd: 'SR,A,10.000000'
ptd-server 2021-08-04 02:42:14,370 [INFO] Reply from ptd: 'Range A changed'
ptd-server 2021-08-04 02:42:14,370 [INFO] Set initial values for Amps 10.000000 and Volts Auto
ptd-server 2021-08-04 02:42:14,370 [INFO] Stopping ptd...
