ptd-server 2021-08-09 06:08:09,635 [INFO] Got command from the client 'time'
ptd-server 2021-08-09 06:08:09,635 [INFO] Sending reply to client '1628485689.6352615'
ptd-server 2021-08-09 06:08:09,636 [INFO] Got command from the client 'new,,f3688065-aedd-4d5a-9e3d-d695df9823b2'
ptd-server 2021-08-09 06:08:09,637 [INFO] Sending reply to client 'OK 2021-08-09_06-08-09,a064477f-0af6-4d6c-9d0f-1ecd0a8746b6'
ptd-server 2021-08-09 06:08:09,680 [INFO] Got command from the client 'time'
ptd-server 2021-08-09 06:08:09,680 [INFO] Sending reply to client '1628485689.6803527'
ptd-server 2021-08-09 06:08:09,682 [INFO] Got command from the client 'session,2021-08-09_06-08-09,start,ranging'
ptd-server 2021-08-09 06:08:09,683 [INFO] Running PTDaemon: ['/home/anton/projects/mlperf/power/inference_v1.0/ptd-linux-x86', '-l', '/tmp/tmpr3iqmcco/ptd_logfile.txt', '-p', '8888', '49', '/dev/usbtmc0']
ptd-server 2021-08-09 06:08:26,855 [INFO] Sending to ptd: 'Hello'
ptd-server 2021-08-09 06:08:26,855 [INFO] Reply from ptd: 'Hello, PTDaemon here!'
ptd-server 2021-08-09 06:08:26,855 [INFO] Sending to ptd: 'Identify'
ptd-server 2021-08-09 06:08:26,856 [INFO] Reply from ptd: 'YokogawaWT310E,1000,1,1,1,1,0,1,1,version=1.9.2-e8c7a49a-20201208,OS=Linux 5.8.0-63-generic #71~20.04.1-Ubuntu SMP Thu Jul 15 17:46:08 UTC 2021 x86_64,mode=power,1,1,1,0,0,no_cal_date,YOKOGAWA;WT310E;C3XA04010E;F1.04'
ptd-server 2021-08-09 06:08:26,856 [INFO] Connected to PTDaemon
ptd-server 2021-08-09 06:08:26,856 [INFO] Sending to ptd: 'RR'
ptd-server 2021-08-09 06:08:26,856 [INFO] Reply from ptd: 'Ranges,0,0.500000,0,300.000000'
ptd-server 2021-08-09 06:08:26,856 [INFO] Initial range for Amps is 0.500000 for Volts is 300.000000
ptd-server 2021-08-09 06:08:26,857 [INFO] Sending to ptd: 'SR,V,Auto'
ptd-server 2021-08-09 06:08:27,359 [INFO] Reply from ptd: 'Range V changed'
ptd-server 2021-08-09 06:08:27,359 [INFO] Sending to ptd: 'SR,A,Auto'
ptd-server 2021-08-09 06:08:27,862 [INFO] Reply from ptd: 'Range A changed'
ptd-server 2021-08-09 06:08:37,872 [INFO] Starting ranging mode
ptd-server 2021-08-09 06:08:37,872 [INFO] Sending to ptd: 'Go,1000,0,2021-08-09_06-08-09_ranging'
ptd-server 2021-08-09 06:08:37,872 [INFO] Reply from ptd: 'Starting untimed measurement, maximum 500000 samples at 1000ms with 0 rampup samples'
ptd-server 2021-08-09 06:08:37,873 [INFO] Sending reply to client 'OK'
ptd-server 2021-08-09 06:18:57,678 [INFO] Got command from the client 'session,2021-08-09_06-08-09,stop,ranging'
ptd-server 2021-08-09 06:19:07,688 [INFO] Sending to ptd: 'Stop'
ptd-server 2021-08-09 06:19:07,688 [INFO] Reply from ptd: 'Stopping untimed measurement'
ptd-server 2021-08-09 06:19:07,921 [INFO] Sending reply to client 'OK'
ptd-server 2021-08-09 06:19:07,978 [INFO] Got command from the client 'time'
ptd-server 2021-08-09 06:19:07,979 [INFO] Sending reply to client '1628486347.9790523'
ptd-server 2021-08-09 06:19:07,981 [INFO] Got command from the client 'session,2021-08-09_06-08-09,start,testing'
ptd-server 2021-08-09 06:19:07,981 [INFO] Sending to ptd: 'SR,V,249.180000'
ptd-server 2021-08-09 06:19:09,482 [INFO] Reply from ptd: 'Range V changed'
ptd-server 2021-08-09 06:19:09,482 [INFO] Sending to ptd: 'SR,A,0.226910'
ptd-server 2021-08-09 06:19:10,984 [INFO] Reply from ptd: 'Range A changed'
ptd-server 2021-08-09 06:19:20,994 [INFO] Starting testing mode
ptd-server 2021-08-09 06:19:20,994 [INFO] Sending to ptd: 'Go,1000,0,2021-08-09_06-08-09_testing'
ptd-server 2021-08-09 06:19:20,995 [INFO] Reply from ptd: 'Starting untimed measurement, maximum 500000 samples at 1000ms with 0 rampup samples'
ptd-server 2021-08-09 06:19:20,995 [INFO] Sending reply to client 'OK'
ptd-server 2021-08-09 06:29:40,432 [INFO] Got command from the client 'session,2021-08-09_06-08-09,stop,testing'
ptd-server 2021-08-09 06:29:50,442 [INFO] Sending to ptd: 'Stop'
ptd-server 2021-08-09 06:29:50,443 [INFO] Reply from ptd: 'Stopping untimed measurement'
ptd-server 2021-08-09 06:29:50,568 [INFO] Sending reply to client 'OK'
ptd-server 2021-08-09 06:29:50,592 [INFO] Got command from the client 'session,2021-08-09_06-08-09,done'
ptd-server 2021-08-09 06:29:50,592 [INFO] Sending to ptd: 'Stop'
ptd-server 2021-08-09 06:29:50,995 [INFO] Reply from ptd: 'Error: no measurement to stop'
ptd-server 2021-08-09 06:29:50,995 [INFO] Sending to ptd: 'SR,V,300.000000'
ptd-server 2021-08-09 06:29:52,497 [INFO] Reply from ptd: 'Range V changed'
ptd-server 2021-08-09 06:29:52,497 [INFO] Sending to ptd: 'SR,A,0.500000'
ptd-server 2021-08-09 06:29:53,998 [INFO] Reply from ptd: 'Range A changed'
ptd-server 2021-08-09 06:29:53,998 [INFO] Set initial values for Amps 0.500000 and Volts 300.000000
ptd-server 2021-08-09 06:29:53,998 [INFO] Stopping ptd...
