client 2021-08-13 08:24:46,695 [INFO] Sending command to the server: 'mlcommons/power client v3'
client 2021-08-13 08:24:46,696 [INFO] Got response: 'mlcommons/power server v3'
client 2021-08-13 08:24:46,696 [INFO] Sending command to the server: 'stop'
client 2021-08-13 08:24:46,698 [INFO] Got response: 'OK'
client 2021-08-13 08:24:46,698 [INFO] Synchronizing with the server and with ntp.aliyun.com...
client 2021-08-13 08:24:51,728 [INFO] NTP:offset = 0.020 s, delay = 0.019 s 
client 2021-08-13 08:24:51,729 [INFO] Sending command to the server: 'time'
client 2021-08-13 08:24:51,736 [INFO] Got response: '1628843091.735485'
client 2021-08-13 08:24:51,736 [INFO] The time difference between the client and the server is within range -6.416 ms..0.689 ms
client 2021-08-13 08:24:51,736 [INFO] Sending command to the server: 'new,,a1f5c84d-b444-4c0c-9ce2-3f542910256b'
client 2021-08-13 08:24:51,737 [INFO] Got response: 'OK 2021-08-13_08-24-51,af583b3b-3412-4fcc-87ec-eeb80978efcb'
client 2021-08-13 08:24:51,738 [INFO] Session id is '2021-08-13_08-24-51'
client 2021-08-13 08:24:51,738 [INFO] Sources: {"sources": {"__init__.py": "da39a3ee5e6b4b0d3255bfef95601890afd80709", "client.py": "33ca4f26368777ac06e01f9567b714a4b8063886", "lib/__init__.py": "da39a3ee5e6b4b0d3255bfef95601890afd80709", "lib/client.py": "4c2b78fb4849a7e5b584ef792d82aaed20b17f57", "lib/common.py": "624d0c0acc7c39aaff3674f0b99d6a09da53d1dc", "lib/external/__init__.py": "da39a3ee5e6b4b0d3255bfef95601890afd80709", "lib/external/ntplib.py": "4da8f970656505a40483206ef2b5d3dd5e81711d", "lib/server.py": "24ae49fb193809cf47f2c18b1c9c7c866244be4d", "lib/source_hashes.py": "60a2e02193209e8d392803326208d5466342da18", "lib/summary.py": "aa92f0a3f975eecd44d3c0cd0236342ccc9f941d", "lib/time_sync.py": "3210db56eb0ff0df57bf4293dc4d4b03fffd46f1", "server.py": "c3f90f2f7eeb4db30727556d0c815ebc89b3d28b", "tests/unit/__init__.py": "da39a3ee5e6b4b0d3255bfef95601890afd80709", "tests/unit/test_server.py": "99ae15aef722f2000ee6ed1ae1523637bf1ae42b", "tests/unit/test_source_hashes.py": "00468a2907583c593e6574a1f6b404e4651c221a"}, "modules": {"ptd_client_server.lib.client": "lib/client.py", "ptd_client_server.lib.common": "lib/common.py", "ptd_client_server.lib.external.ntplib": "lib/external/ntplib.py", "ptd_client_server.lib.source_hashes": "lib/source_hashes.py", "ptd_client_server.lib.summary": "lib/summary.py", "ptd_client_server.lib.time_sync": "lib/time_sync.py"}}
client 2021-08-13 08:24:51,738 [INFO] Running workload in ranging mode
client 2021-08-13 08:24:51,738 [INFO] Synchronizing with the server and with ntp.aliyun.com...
client 2021-08-13 08:24:51,966 [INFO] NTP:offset = 0.019 s, delay = 0.021 s 
client 2021-08-13 08:24:51,967 [INFO] Sending command to the server: 'time'
client 2021-08-13 08:24:51,974 [INFO] Got response: '1628843091.973844'
client 2021-08-13 08:24:51,974 [INFO] The time difference between the client and the server is within range -6.823 ms..0.902 ms
client 2021-08-13 08:24:51,974 [INFO] Sending command to the server: 'session,2021-08-13_08-24-51,start,ranging'
client 2021-08-13 08:25:23,312 [INFO] Got response: 'OK'
client 2021-08-13 08:25:23,313 [INFO] Running the workload 'LOG_DIR=/work/build/power_logs_temp python3 code/main.py --benchmarks=resnet50 --scenarios=Offline --test_mode=PerformanceOnly --config_ver=maxq --action="run_harness" \\\n\t\t&& if [ ! -d /work/build/power_logs/2021.08.13-08.24.36/ranging_tmp ]; \\\n\t\t\tthen mkdir /work/build/power_logs/2021.08.13-08.24.36/ranging_tmp \\\n\t\t\t\t&& mv /work/build/power_logs_temp/* /work/build/power_logs/2021.08.13-08.24.36/ranging_tmp/ \\\n\t\t\t\t&& cp -v /work/build/power_logs/2021.08.13-08.24.36/ranging_tmp/*/*/*/mlperf_log_detail.txt /work/build/power_logs_temp/ \\\n\t\t\t\t&& cp -v /work/build/power_logs/2021.08.13-08.24.36/ranging_tmp/*/*/*/mlperf_log_summary.txt /work/build/power_logs_temp/; \\\n\t\t\telse mkdir /work/build/power_logs/2021.08.13-08.24.36/testing_tmp \\\n\t\t\t\t&& mv /work/build/power_logs_temp/* /work/build/power_logs/2021.08.13-08.24.36/testing_tmp/ \\\n\t\t\t\t&& cp -v /work/build/power_logs/2021.08.13-08.24.36/testing_tmp/*/*/*/mlperf_log_detail.txt /work/build/power_logs_temp/ \\\n\t\t\t\t&& cp -v /work/build/power_logs/2021.08.13-08.24.36/testing_tmp/*/*/*/mlperf_log_summary.txt /work/build/power_logs_temp/; fi'
client 2021-08-13 08:36:58,345 [INFO] Sending command to the server: 'session,2021-08-13_08-24-51,stop,ranging'
client 2021-08-13 08:37:08,373 [INFO] Got response: 'OK'
client 2021-08-13 08:37:08,382 [INFO] Copying loadgen logs from '/work/build/power_logs_temp' to '/work/build/power_logs/2021.08.13-08.24.36/2021-08-13_08-24-51/ranging'
client 2021-08-13 08:37:08,383 [INFO] Running workload in testing mode
client 2021-08-13 08:37:08,383 [INFO] Synchronizing with the server and with ntp.aliyun.com...
client 2021-08-13 08:37:08,510 [INFO] NTP:offset = 0.020 s, delay = 0.020 s 
client 2021-08-13 08:37:08,510 [INFO] Sending command to the server: 'time'
client 2021-08-13 08:37:08,512 [INFO] Got response: '1628843828.5086248'
client 2021-08-13 08:37:08,512 [INFO] The time difference between the client and the server is within range 1.548 ms..3.851 ms
client 2021-08-13 08:37:08,512 [INFO] Sending command to the server: 'session,2021-08-13_08-24-51,start,testing'
client 2021-08-13 08:37:22,516 [INFO] Got response: 'OK'
client 2021-08-13 08:37:22,517 [INFO] Running the workload 'LOG_DIR=/work/build/power_logs_temp python3 code/main.py --benchmarks=resnet50 --scenarios=Offline --test_mode=PerformanceOnly --config_ver=maxq --action="run_harness" \\\n\t\t&& if [ ! -d /work/build/power_logs/2021.08.13-08.24.36/ranging_tmp ]; \\\n\t\t\tthen mkdir /work/build/power_logs/2021.08.13-08.24.36/ranging_tmp \\\n\t\t\t\t&& mv /work/build/power_logs_temp/* /work/build/power_logs/2021.08.13-08.24.36/ranging_tmp/ \\\n\t\t\t\t&& cp -v /work/build/power_logs/2021.08.13-08.24.36/ranging_tmp/*/*/*/mlperf_log_detail.txt /work/build/power_logs_temp/ \\\n\t\t\t\t&& cp -v /work/build/power_logs/2021.08.13-08.24.36/ranging_tmp/*/*/*/mlperf_log_summary.txt /work/build/power_logs_temp/; \\\n\t\t\telse mkdir /work/build/power_logs/2021.08.13-08.24.36/testing_tmp \\\n\t\t\t\t&& mv /work/build/power_logs_temp/* /work/build/power_logs/2021.08.13-08.24.36/testing_tmp/ \\\n\t\t\t\t&& cp -v /work/build/power_logs/2021.08.13-08.24.36/testing_tmp/*/*/*/mlperf_log_detail.txt /work/build/power_logs_temp/ \\\n\t\t\t\t&& cp -v /work/build/power_logs/2021.08.13-08.24.36/testing_tmp/*/*/*/mlperf_log_summary.txt /work/build/power_logs_temp/; fi'
client 2021-08-13 08:49:16,837 [INFO] Sending command to the server: 'session,2021-08-13_08-24-51,stop,testing'
client 2021-08-13 08:49:26,873 [INFO] Got response: 'OK'
client 2021-08-13 08:49:26,875 [INFO] Copying loadgen logs from '/work/build/power_logs_temp' to '/work/build/power_logs/2021.08.13-08.24.36/2021-08-13_08-24-51/run_1'
client 2021-08-13 08:49:26,876 [INFO] Done runs
