ptd-server 2021-08-13 08:24:46,697 [INFO] Got command from the client 'stop'
ptd-server 2021-08-13 08:24:46,697 [INFO] The server will be stopped after processing this client
ptd-server 2021-08-13 08:24:46,697 [INFO] Sending reply to client 'OK'
ptd-server 2021-08-13 08:24:51,729 [INFO] Got command from the client 'time'
ptd-server 2021-08-13 08:24:51,735 [INFO] Sending reply to client '1628843091.735485'
ptd-server 2021-08-13 08:24:51,736 [INFO] Got command from the client 'new,,a1f5c84d-b444-4c0c-9ce2-3f542910256b'
ptd-server 2021-08-13 08:24:51,737 [INFO] Sending reply to client 'OK 2021-08-13_08-24-51,af583b3b-3412-4fcc-87ec-eeb80978efcb'
ptd-server 2021-08-13 08:24:51,967 [INFO] Got command from the client 'time'
ptd-server 2021-08-13 08:24:51,973 [INFO] Sending reply to client '1628843091.973844'
ptd-server 2021-08-13 08:24:51,974 [INFO] Got command from the client 'session,2021-08-13_08-24-51,start,ranging'
ptd-server 2021-08-13 08:24:52,082 [INFO] Running PTDaemon: ['C:\\PTD\\ptd-windows-x86.exe', '-l', 'C:\\Users\\mlperf\\AppData\\Local\\Temp\\tmpymczh838\\ptd_logfile.txt', '-p', '8888', '49', 'COM4']
ptd-server 2021-08-13 08:25:11,134 [INFO] Sending to ptd: 'Hello'
ptd-server 2021-08-13 08:25:11,141 [INFO] Reply from ptd: 'Hello, PTDaemon here!'
ptd-server 2021-08-13 08:25:11,142 [INFO] Sending to ptd: 'Identify'
ptd-server 2021-08-13 08:25:11,142 [INFO] Reply from ptd: 'YokogawaWT310E,1000,1,1,1,1,0,1,1,version=1.9.2-3976349f-20201208,OS=Windows 8 / Server 2012,mode=power,1,1,1,0,0,no_cal_date,YOKOGAWA;WT310E;C3TA11005E;F1.02'
ptd-server 2021-08-13 08:25:11,143 [INFO] Connected to PTDaemon
ptd-server 2021-08-13 08:25:11,143 [INFO] Sending to ptd: 'RR'
ptd-server 2021-08-13 08:25:11,144 [INFO] Reply from ptd: 'Ranges,0,2.000000,0,300.000000'
ptd-server 2021-08-13 08:25:11,144 [INFO] Initial range for Amps is 2.000000 for Volts is 300.000000
ptd-server 2021-08-13 08:25:11,145 [INFO] Sending to ptd: 'SR,V,Auto'
ptd-server 2021-08-13 08:25:11,713 [INFO] Reply from ptd: 'Range V changed'
ptd-server 2021-08-13 08:25:11,713 [INFO] Sending to ptd: 'SR,A,20'
ptd-server 2021-08-13 08:25:13,292 [INFO] Reply from ptd: 'Range A changed'
ptd-server 2021-08-13 08:25:23,304 [INFO] Starting ranging mode
ptd-server 2021-08-13 08:25:23,310 [INFO] Sending to ptd: 'Go,1000,0,2021-08-13_08-24-51_ranging'
ptd-server 2021-08-13 08:25:23,311 [INFO] Reply from ptd: 'Starting untimed measurement, maximum 500000 samples at 1000ms with 0 rampup samples'
ptd-server 2021-08-13 08:25:23,312 [INFO] Sending reply to client 'OK'
ptd-server 2021-08-13 08:36:58,343 [INFO] Got command from the client 'session,2021-08-13_08-24-51,stop,ranging'
ptd-server 2021-08-13 08:37:08,351 [INFO] Sending to ptd: 'Stop'
ptd-server 2021-08-13 08:37:08,356 [INFO] Reply from ptd: 'Stopping untimed measurement'
ptd-server 2021-08-13 08:37:08,369 [INFO] Sending reply to client 'OK'
ptd-server 2021-08-13 08:37:08,508 [INFO] Got command from the client 'time'
ptd-server 2021-08-13 08:37:08,508 [INFO] Sending reply to client '1628843828.5086248'
ptd-server 2021-08-13 08:37:08,510 [INFO] Got command from the client 'session,2021-08-13_08-24-51,start,testing'
ptd-server 2021-08-13 08:37:08,510 [INFO] Sending to ptd: 'SR,V,215.370000'
ptd-server 2021-08-13 08:37:10,896 [INFO] Reply from ptd: 'Range V changed'
ptd-server 2021-08-13 08:37:10,901 [INFO] Sending to ptd: 'SR,A,3.299000'
ptd-server 2021-08-13 08:37:12,493 [INFO] Reply from ptd: 'Range A changed'
ptd-server 2021-08-13 08:37:22,505 [INFO] Starting testing mode
ptd-server 2021-08-13 08:37:22,511 [INFO] Sending to ptd: 'Go,1000,0,2021-08-13_08-24-51_testing'
ptd-server 2021-08-13 08:37:22,512 [INFO] Reply from ptd: 'Starting untimed measurement, maximum 500000 samples at 1000ms with 0 rampup samples'
ptd-server 2021-08-13 08:37:22,513 [INFO] Sending reply to client 'OK'
ptd-server 2021-08-13 08:49:16,837 [INFO] Got command from the client 'session,2021-08-13_08-24-51,stop,testing'
ptd-server 2021-08-13 08:49:26,855 [INFO] Sending to ptd: 'Stop'
ptd-server 2021-08-13 08:49:26,862 [INFO] Reply from ptd: 'Stopping untimed measurement'
ptd-server 2021-08-13 08:49:26,871 [INFO] Sending reply to client 'OK'
ptd-server 2021-08-13 08:49:26,879 [INFO] Got command from the client 'session,2021-08-13_08-24-51,done'
ptd-server 2021-08-13 08:49:26,879 [INFO] Sending to ptd: 'Stop'
ptd-server 2021-08-13 08:49:27,526 [INFO] Reply from ptd: 'Error: no measurement to stop'
ptd-server 2021-08-13 08:49:27,526 [INFO] Sending to ptd: 'SR,V,300.000000'
ptd-server 2021-08-13 08:49:29,104 [INFO] Reply from ptd: 'Range V changed'
ptd-server 2021-08-13 08:49:29,106 [INFO] Sending to ptd: 'SR,A,2.000000'
ptd-server 2021-08-13 08:49:30,692 [INFO] Reply from ptd: 'Range A changed'
ptd-server 2021-08-13 08:49:30,697 [INFO] Set initial values for Amps 2.000000 and Volts 300.000000
ptd-server 2021-08-13 08:49:30,698 [INFO] Stopping ptd...
