ptd-server 2021-08-10 04:02:29,052 [INFO] Got command from the client 'stop'
ptd-server 2021-08-10 04:02:29,052 [INFO] The server will be stopped after processing this client
ptd-server 2021-08-10 04:02:29,052 [INFO] Sending reply to client 'OK'
ptd-server 2021-08-10 04:02:29,271 [INFO] Got command from the client 'time'
ptd-server 2021-08-10 04:02:29,271 [INFO] Sending reply to client '1628593349.2711844'
ptd-server 2021-08-10 04:02:29,271 [INFO] Got command from the client 'new,,ceef6ad9-bd0d-4d81-b8ea-e5bcdacb7e9e'
ptd-server 2021-08-10 04:02:29,271 [INFO] Sending reply to client 'OK 2021-08-10_04-02-29,28a5ef78-2742-47cb-931b-321cfc8e8778'
ptd-server 2021-08-10 04:02:29,481 [INFO] Got command from the client 'time'
ptd-server 2021-08-10 04:02:29,481 [INFO] Sending reply to client '1628593349.4813533'
ptd-server 2021-08-10 04:02:29,481 [INFO] Got command from the client 'session,2021-08-10_04-02-29,start,ranging'
ptd-server 2021-08-10 04:02:29,590 [INFO] Running PTDaemon: ['C:\\PTD\\ptd-windows-x86.exe', '-l', 'C:\\Users\\lab\\AppData\\Local\\Temp\\tmpnl49usvd\\ptd_logfile.txt', '-p', '8888', '-c', '1,3', '-y', '77', '172.22.0.90']
ptd-server 2021-08-10 04:02:48,685 [INFO] Sending to ptd: 'Hello'
ptd-server 2021-08-10 04:02:48,685 [INFO] Reply from ptd: 'Hello, PTDaemon here!'
ptd-server 2021-08-10 04:02:48,685 [INFO] Sending to ptd: 'Identify'
ptd-server 2021-08-10 04:02:48,685 [INFO] Reply from ptd: 'YokogawaWT330_multichannel,1000,1,1,1,1,0,0,1,version=1.9.2-3976349f-20201208,OS=Windows 8 / Server 2012,mode=power,1,1,2,0,0,no_cal_date,YOKOGAWA;WT333E;C2WA21018V;F1.04'
ptd-server 2021-08-10 04:02:48,685 [INFO] Connected to PTDaemon
ptd-server 2021-08-10 04:02:48,685 [INFO] Sending to ptd: 'RR'
ptd-server 2021-08-10 04:02:48,685 [INFO] Reply from ptd: 'Ranges,0,20.000000,1,300.000000'
ptd-server 2021-08-10 04:02:48,685 [INFO] Initial range for Amps is 20.000000 for Volts is Auto
ptd-server 2021-08-10 04:02:48,685 [INFO] Sending to ptd: 'SR,V,Auto'
ptd-server 2021-08-10 04:02:53,755 [INFO] Reply from ptd: 'Range V changed'
ptd-server 2021-08-10 04:02:53,755 [INFO] Sending to ptd: 'SR,A,20'
ptd-server 2021-08-10 04:02:59,350 [INFO] Reply from ptd: 'Range A changed'
ptd-server 2021-08-10 04:03:09,363 [INFO] Starting ranging mode
ptd-server 2021-08-10 04:03:09,363 [INFO] Sending to ptd: 'Go,1000,0,2021-08-10_04-02-29_ranging'
ptd-server 2021-08-10 04:03:09,363 [INFO] Reply from ptd: 'Starting untimed measurement, maximum 500000 samples at 1000ms with 0 rampup samples'
ptd-server 2021-08-10 04:03:09,363 [INFO] Sending reply to client 'OK'
ptd-server 2021-08-10 04:17:09,376 [INFO] Got command from the client 'session,2021-08-10_04-02-29,stop,ranging'
ptd-server 2021-08-10 04:17:19,377 [INFO] Sending to ptd: 'Stop'
ptd-server 2021-08-10 04:17:19,377 [INFO] Reply from ptd: 'Stopping untimed measurement'
ptd-server 2021-08-10 04:17:19,408 [INFO] Sending reply to client 'OK'
ptd-server 2021-08-10 04:17:19,643 [INFO] Got command from the client 'time'
ptd-server 2021-08-10 04:17:19,643 [INFO] Sending reply to client '1628594239.6430535'
ptd-server 2021-08-10 04:17:19,643 [INFO] Got command from the client 'session,2021-08-10_04-02-29,start,testing'
ptd-server 2021-08-10 04:17:19,643 [INFO] Sending to ptd: 'SR,V,234.720000'
ptd-server 2021-08-10 04:17:26,439 [INFO] Reply from ptd: 'Range V changed'
ptd-server 2021-08-10 04:17:26,439 [INFO] Sending to ptd: 'SR,A,5.587000'
ptd-server 2021-08-10 04:17:32,019 [INFO] Reply from ptd: 'Range A changed'
ptd-server 2021-08-10 04:17:42,032 [INFO] Starting testing mode
ptd-server 2021-08-10 04:17:42,032 [INFO] Sending to ptd: 'Go,1000,0,2021-08-10_04-02-29_testing'
ptd-server 2021-08-10 04:17:42,032 [INFO] Reply from ptd: 'Starting untimed measurement, maximum 500000 samples at 1000ms with 0 rampup samples'
ptd-server 2021-08-10 04:17:42,032 [INFO] Sending reply to client 'OK'
ptd-server 2021-08-10 04:31:46,437 [INFO] Got command from the client 'session,2021-08-10_04-02-29,stop,testing'
ptd-server 2021-08-10 04:31:56,441 [INFO] Sending to ptd: 'Stop'
ptd-server 2021-08-10 04:31:56,441 [INFO] Reply from ptd: 'Stopping untimed measurement'
ptd-server 2021-08-10 04:31:56,457 [INFO] Sending reply to client 'OK'
ptd-server 2021-08-10 04:31:56,488 [INFO] Got command from the client 'session,2021-08-10_04-02-29,done'
ptd-server 2021-08-10 04:31:56,488 [INFO] Sending to ptd: 'Stop'
ptd-server 2021-08-10 04:31:57,044 [INFO] Reply from ptd: 'Error: no measurement to stop'
ptd-server 2021-08-10 04:31:57,044 [INFO] Sending to ptd: 'SR,V,Auto'
ptd-server 2021-08-10 04:32:02,112 [INFO] Reply from ptd: 'Range V changed'
ptd-server 2021-08-10 04:32:02,112 [INFO] Sending to ptd: 'SR,A,20.000000'
ptd-server 2021-08-10 04:32:07,706 [INFO] Reply from ptd: 'Range A changed'
ptd-server 2021-08-10 04:32:07,706 [INFO] Set initial values for Amps 20.000000 and Volts Auto
ptd-server 2021-08-10 04:32:07,706 [INFO] Stopping ptd...
