ptd-server 2021-08-08 18:50:44,945 [INFO] Got command from the client 'time'
ptd-server 2021-08-08 18:50:44,945 [INFO] Sending reply to client '1628445044.9452598'
ptd-server 2021-08-08 18:50:44,947 [INFO] Got command from the client 'new,,37e6b8d4-8082-49d0-a927-79f3662def46'
ptd-server 2021-08-08 18:50:44,948 [INFO] Sending reply to client 'OK 2021-08-08_18-50-44,d10dfe53-90a9-4179-8f1e-d19ade81cd80'
ptd-server 2021-08-08 18:50:44,994 [INFO] Got command from the client 'time'
ptd-server 2021-08-08 18:50:44,994 [INFO] Sending reply to client '1628445044.994698'
ptd-server 2021-08-08 18:50:44,997 [INFO] Got command from the client 'session,2021-08-08_18-50-44,start,ranging'
ptd-server 2021-08-08 18:50:44,997 [INFO] Running PTDaemon: ['/home/anton/projects/mlperf/power/inference_v1.0/ptd-linux-x86', '-l', '/tmp/tmpr3iqmcco/ptd_logfile.txt', '-p', '8888', '49', '/dev/usbtmc0']
ptd-server 2021-08-08 18:51:02,170 [INFO] Sending to ptd: 'Hello'
ptd-server 2021-08-08 18:51:02,171 [INFO] Reply from ptd: 'Hello, PTDaemon here!'
ptd-server 2021-08-08 18:51:02,171 [INFO] Sending to ptd: 'Identify'
ptd-server 2021-08-08 18:51:02,171 [INFO] Reply from ptd: 'YokogawaWT310E,1000,1,1,1,1,0,1,1,version=1.9.2-e8c7a49a-20201208,OS=Linux 5.8.0-63-generic #71~20.04.1-Ubuntu SMP Thu Jul 15 17:46:08 UTC 2021 x86_64,mode=power,1,1,1,0,0,no_cal_date,YOKOGAWA;WT310E;C3XA04010E;F1.04'
ptd-server 2021-08-08 18:51:02,171 [INFO] Connected to PTDaemon
ptd-server 2021-08-08 18:51:02,172 [INFO] Sending to ptd: 'RR'
ptd-server 2021-08-08 18:51:02,172 [INFO] Reply from ptd: 'Ranges,0,0.500000,0,300.000000'
ptd-server 2021-08-08 18:51:02,172 [INFO] Initial range for Amps is 0.500000 for Volts is 300.000000
ptd-server 2021-08-08 18:51:02,172 [INFO] Sending to ptd: 'SR,V,Auto'
ptd-server 2021-08-08 18:51:02,675 [INFO] Reply from ptd: 'Range V changed'
ptd-server 2021-08-08 18:51:02,675 [INFO] Sending to ptd: 'SR,A,Auto'
ptd-server 2021-08-08 18:51:03,177 [INFO] Reply from ptd: 'Range A changed'
ptd-server 2021-08-08 18:51:13,188 [INFO] Starting ranging mode
ptd-server 2021-08-08 18:51:13,188 [INFO] Sending to ptd: 'Go,1000,0,2021-08-08_18-50-44_ranging'
ptd-server 2021-08-08 18:51:13,188 [INFO] Reply from ptd: 'Starting untimed measurement, maximum 500000 samples at 1000ms with 0 rampup samples'
ptd-server 2021-08-08 18:51:13,189 [INFO] Sending reply to client 'OK'
ptd-server 2021-08-08 19:01:32,496 [INFO] Got command from the client 'session,2021-08-08_18-50-44,stop,ranging'
ptd-server 2021-08-08 19:01:42,507 [INFO] Sending to ptd: 'Stop'
ptd-server 2021-08-08 19:01:42,507 [INFO] Reply from ptd: 'Stopping untimed measurement'
ptd-server 2021-08-08 19:01:42,671 [INFO] Sending reply to client 'OK'
ptd-server 2021-08-08 19:01:42,763 [INFO] Got command from the client 'time'
ptd-server 2021-08-08 19:01:42,763 [INFO] Sending reply to client '1628445702.7636955'
ptd-server 2021-08-08 19:01:42,766 [INFO] Got command from the client 'session,2021-08-08_18-50-44,start,testing'
ptd-server 2021-08-08 19:01:42,766 [INFO] Sending to ptd: 'SR,V,250.330000'
ptd-server 2021-08-08 19:01:44,689 [INFO] Reply from ptd: 'Range V changed'
ptd-server 2021-08-08 19:01:44,690 [INFO] Sending to ptd: 'SR,A,0.174190'
ptd-server 2021-08-08 19:01:46,191 [INFO] Reply from ptd: 'Range A changed'
ptd-server 2021-08-08 19:01:56,201 [INFO] Starting testing mode
ptd-server 2021-08-08 19:01:56,201 [INFO] Sending to ptd: 'Go,1000,0,2021-08-08_18-50-44_testing'
ptd-server 2021-08-08 19:01:56,202 [INFO] Reply from ptd: 'Starting untimed measurement, maximum 500000 samples at 1000ms with 0 rampup samples'
ptd-server 2021-08-08 19:01:56,202 [INFO] Sending reply to client 'OK'
ptd-server 2021-08-08 19:12:15,373 [INFO] Got command from the client 'session,2021-08-08_18-50-44,stop,testing'
ptd-server 2021-08-08 19:12:25,384 [INFO] Sending to ptd: 'Stop'
ptd-server 2021-08-08 19:12:25,384 [INFO] Reply from ptd: 'Stopping untimed measurement'
ptd-server 2021-08-08 19:12:25,479 [INFO] Sending reply to client 'OK'
ptd-server 2021-08-08 19:12:25,514 [INFO] Got command from the client 'session,2021-08-08_18-50-44,done'
ptd-server 2021-08-08 19:12:25,514 [INFO] Sending to ptd: 'Stop'
ptd-server 2021-08-08 19:12:26,203 [INFO] Reply from ptd: 'Error: no measurement to stop'
ptd-server 2021-08-08 19:12:26,203 [INFO] Sending to ptd: 'SR,V,300.000000'
ptd-server 2021-08-08 19:12:27,704 [INFO] Reply from ptd: 'Range V changed'
ptd-server 2021-08-08 19:12:27,704 [INFO] Sending to ptd: 'SR,A,0.500000'
ptd-server 2021-08-08 19:12:29,206 [INFO] Reply from ptd: 'Range A changed'
ptd-server 2021-08-08 19:12:29,206 [INFO] Set initial values for Amps 0.500000 and Volts 300.000000
ptd-server 2021-08-08 19:12:29,206 [INFO] Stopping ptd...
