ptd-server 2021-08-08 17:45:09,052 [INFO] Got command from the client 'time'
ptd-server 2021-08-08 17:45:09,052 [INFO] Sending reply to client '1628441109.052518'
ptd-server 2021-08-08 17:45:09,054 [INFO] Got command from the client 'new,,901356ff-2e42-411d-b5b3-ded0b774e3e5'
ptd-server 2021-08-08 17:45:09,054 [INFO] Sending reply to client 'OK 2021-08-08_17-45-09,0c639508-7874-4e3b-a333-3b3bd841c5f9'
ptd-server 2021-08-08 17:45:09,093 [INFO] Got command from the client 'time'
ptd-server 2021-08-08 17:45:09,093 [INFO] Sending reply to client '1628441109.0931697'
ptd-server 2021-08-08 17:45:09,096 [INFO] Got command from the client 'session,2021-08-08_17-45-09,start,ranging'
ptd-server 2021-08-08 17:45:09,096 [INFO] Running PTDaemon: ['/home/anton/projects/mlperf/power/inference_v1.0/ptd-linux-x86', '-l', '/tmp/tmpr3iqmcco/ptd_logfile.txt', '-p', '8888', '49', '/dev/usbtmc0']
ptd-server 2021-08-08 17:45:26,267 [INFO] Sending to ptd: 'Hello'
ptd-server 2021-08-08 17:45:26,268 [INFO] Reply from ptd: 'Hello, PTDaemon here!'
ptd-server 2021-08-08 17:45:26,268 [INFO] Sending to ptd: 'Identify'
ptd-server 2021-08-08 17:45:26,269 [INFO] Reply from ptd: 'YokogawaWT310E,1000,1,1,1,1,0,1,1,version=1.9.2-e8c7a49a-20201208,OS=Linux 5.8.0-63-generic #71~20.04.1-Ubuntu SMP Thu Jul 15 17:46:08 UTC 2021 x86_64,mode=power,1,1,1,0,0,no_cal_date,YOKOGAWA;WT310E;C3XA04010E;F1.04'
ptd-server 2021-08-08 17:45:26,269 [INFO] Connected to PTDaemon
ptd-server 2021-08-08 17:45:26,269 [INFO] Sending to ptd: 'RR'
ptd-server 2021-08-08 17:45:26,269 [INFO] Reply from ptd: 'Ranges,0,0.500000,0,300.000000'
ptd-server 2021-08-08 17:45:26,269 [INFO] Initial range for Amps is 0.500000 for Volts is 300.000000
ptd-server 2021-08-08 17:45:26,269 [INFO] Sending to ptd: 'SR,V,Auto'
ptd-server 2021-08-08 17:45:26,772 [INFO] Reply from ptd: 'Range V changed'
ptd-server 2021-08-08 17:45:26,772 [INFO] Sending to ptd: 'SR,A,Auto'
ptd-server 2021-08-08 17:45:27,274 [INFO] Reply from ptd: 'Range A changed'
ptd-server 2021-08-08 17:45:37,285 [INFO] Starting ranging mode
ptd-server 2021-08-08 17:45:37,285 [INFO] Sending to ptd: 'Go,1000,0,2021-08-08_17-45-09_ranging'
ptd-server 2021-08-08 17:45:37,285 [INFO] Reply from ptd: 'Starting untimed measurement, maximum 500000 samples at 1000ms with 0 rampup samples'
ptd-server 2021-08-08 17:45:37,285 [INFO] Sending reply to client 'OK'
ptd-server 2021-08-08 17:55:59,429 [INFO] Got command from the client 'session,2021-08-08_17-45-09,stop,ranging'
ptd-server 2021-08-08 17:56:09,439 [INFO] Sending to ptd: 'Stop'
ptd-server 2021-08-08 17:56:09,439 [INFO] Reply from ptd: 'Stopping untimed measurement'
ptd-server 2021-08-08 17:56:09,601 [INFO] Sending reply to client 'OK'
ptd-server 2021-08-08 17:56:09,673 [INFO] Got command from the client 'time'
ptd-server 2021-08-08 17:56:09,674 [INFO] Sending reply to client '1628441769.6740716'
ptd-server 2021-08-08 17:56:09,676 [INFO] Got command from the client 'session,2021-08-08_17-45-09,start,testing'
ptd-server 2021-08-08 17:56:09,676 [INFO] Sending to ptd: 'SR,V,250.850000'
ptd-server 2021-08-08 17:56:11,786 [INFO] Reply from ptd: 'Range V changed'
ptd-server 2021-08-08 17:56:11,787 [INFO] Sending to ptd: 'SR,A,0.209560'
ptd-server 2021-08-08 17:56:13,288 [INFO] Reply from ptd: 'Range A changed'
ptd-server 2021-08-08 17:56:23,298 [INFO] Starting testing mode
ptd-server 2021-08-08 17:56:23,298 [INFO] Sending to ptd: 'Go,1000,0,2021-08-08_17-45-09_testing'
ptd-server 2021-08-08 17:56:23,299 [INFO] Reply from ptd: 'Starting untimed measurement, maximum 500000 samples at 1000ms with 0 rampup samples'
ptd-server 2021-08-08 17:56:23,299 [INFO] Sending reply to client 'OK'
ptd-server 2021-08-08 18:06:42,981 [INFO] Got command from the client 'session,2021-08-08_17-45-09,stop,testing'
ptd-server 2021-08-08 18:06:52,991 [INFO] Sending to ptd: 'Stop'
ptd-server 2021-08-08 18:06:52,992 [INFO] Reply from ptd: 'Stopping untimed measurement'
ptd-server 2021-08-08 18:06:53,080 [INFO] Sending reply to client 'OK'
ptd-server 2021-08-08 18:06:53,099 [INFO] Got command from the client 'session,2021-08-08_17-45-09,done'
ptd-server 2021-08-08 18:06:53,100 [INFO] Sending to ptd: 'Stop'
ptd-server 2021-08-08 18:06:53,299 [INFO] Reply from ptd: 'Error: no measurement to stop'
ptd-server 2021-08-08 18:06:53,299 [INFO] Sending to ptd: 'SR,V,300.000000'
ptd-server 2021-08-08 18:06:54,801 [INFO] Reply from ptd: 'Range V changed'
ptd-server 2021-08-08 18:06:54,801 [INFO] Sending to ptd: 'SR,A,0.500000'
ptd-server 2021-08-08 18:06:56,302 [INFO] Reply from ptd: 'Range A changed'
ptd-server 2021-08-08 18:06:56,302 [INFO] Set initial values for Amps 0.500000 and Volts 300.000000
ptd-server 2021-08-08 18:06:56,302 [INFO] Stopping ptd...
