ptd-server 2021-08-24 18:15:12,047 [INFO] Got command from the client 'time'
ptd-server 2021-08-24 18:15:12,047 [INFO] Sending reply to client '1629825312.0476987'
ptd-server 2021-08-24 18:15:12,050 [INFO] Got command from the client 'new,,11a7d24b-3ef6-4727-8363-5d69a1bd9e3a'
ptd-server 2021-08-24 18:15:12,051 [INFO] Sending reply to client 'OK 2021-08-24_18-15-12,e6f64cf6-1bd5-4c0c-96f2-3466cbb8d007'
ptd-server 2021-08-24 18:15:12,108 [INFO] Got command from the client 'time'
ptd-server 2021-08-24 18:15:12,109 [INFO] Sending reply to client '1629825312.1089995'
ptd-server 2021-08-24 18:15:12,112 [INFO] Got command from the client 'session,2021-08-24_18-15-12,start,ranging'
ptd-server 2021-08-24 18:15:12,112 [INFO] Running PTDaemon: ['/home/anton/projects/mlperf/power/inference_v1.0/ptd-linux-x86', '-l', '/tmp/tmp4_0x26n4/ptd_logfile.txt', '-p', '8888', '49', '/dev/usbtmc0']
ptd-server 2021-08-24 18:15:29,287 [INFO] Sending to ptd: 'Hello'
ptd-server 2021-08-24 18:15:29,288 [INFO] Reply from ptd: 'Hello, PTDaemon here!'
ptd-server 2021-08-24 18:15:29,288 [INFO] Sending to ptd: 'Identify'
ptd-server 2021-08-24 18:15:29,288 [INFO] Reply from ptd: 'YokogawaWT310E,1000,1,1,1,1,0,1,1,version=1.9.2-e8c7a49a-20201208,OS=Linux 5.11.0-25-generic #27~20.04.1-Ubuntu SMP Tue Jul 13 17:41:23 UTC 2021 x86_64,mode=power,1,1,1,0,0,no_cal_date,YOKOGAWA;WT310E;C3XA04010E;F1.04'
ptd-server 2021-08-24 18:15:29,288 [INFO] Connected to PTDaemon
ptd-server 2021-08-24 18:15:29,288 [INFO] Sending to ptd: 'RR'
ptd-server 2021-08-24 18:15:29,289 [INFO] Reply from ptd: 'Ranges,0,0.500000,0,300.000000'
ptd-server 2021-08-24 18:15:29,289 [INFO] Initial range for Amps is 0.500000 for Volts is 300.000000
ptd-server 2021-08-24 18:15:29,289 [INFO] Sending to ptd: 'SR,V,Auto'
ptd-server 2021-08-24 18:15:29,791 [INFO] Reply from ptd: 'Range V changed'
ptd-server 2021-08-24 18:15:29,792 [INFO] Sending to ptd: 'SR,A,Auto'
ptd-server 2021-08-24 18:15:30,294 [INFO] Reply from ptd: 'Range A changed'
ptd-server 2021-08-24 18:15:40,304 [INFO] Starting ranging mode
ptd-server 2021-08-24 18:15:40,304 [INFO] Sending to ptd: 'Go,1000,0,2021-08-24_18-15-12_ranging'
ptd-server 2021-08-24 18:15:40,305 [INFO] Reply from ptd: 'Starting untimed measurement, maximum 500000 samples at 1000ms with 0 rampup samples'
ptd-server 2021-08-24 18:15:40,305 [INFO] Sending reply to client 'OK'
ptd-server 2021-08-24 18:28:23,679 [INFO] Got command from the client 'session,2021-08-24_18-15-12,stop,ranging'
ptd-server 2021-08-24 18:28:33,689 [INFO] Sending to ptd: 'Stop'
ptd-server 2021-08-24 18:28:33,690 [INFO] Reply from ptd: 'Stopping untimed measurement'
ptd-server 2021-08-24 18:28:33,704 [INFO] Sending reply to client 'OK'
ptd-server 2021-08-24 18:28:33,858 [INFO] Got command from the client 'time'
ptd-server 2021-08-24 18:28:33,859 [INFO] Sending reply to client '1629826113.8590598'
ptd-server 2021-08-24 18:28:33,863 [INFO] Got command from the client 'session,2021-08-24_18-15-12,start,testing'
ptd-server 2021-08-24 18:28:33,863 [INFO] Sending to ptd: 'SR,V,248.260000'
ptd-server 2021-08-24 18:28:35,806 [INFO] Reply from ptd: 'Range V changed'
ptd-server 2021-08-24 18:28:35,807 [INFO] Sending to ptd: 'SR,A,0.170150'
ptd-server 2021-08-24 18:28:37,308 [INFO] Reply from ptd: 'Range A changed'
ptd-server 2021-08-24 18:28:47,318 [INFO] Starting testing mode
ptd-server 2021-08-24 18:28:47,318 [INFO] Sending to ptd: 'Go,1000,0,2021-08-24_18-15-12_testing'
ptd-server 2021-08-24 18:28:47,319 [INFO] Reply from ptd: 'Starting untimed measurement, maximum 500000 samples at 1000ms with 0 rampup samples'
ptd-server 2021-08-24 18:28:47,319 [INFO] Sending reply to client 'OK'
ptd-server 2021-08-24 18:44:22,470 [INFO] Got command from the client 'session,2021-08-24_18-15-12,stop,testing'
ptd-server 2021-08-24 18:44:32,480 [INFO] Sending to ptd: 'Stop'
ptd-server 2021-08-24 18:44:32,481 [INFO] Reply from ptd: 'Stopping untimed measurement'
ptd-server 2021-08-24 18:44:32,485 [INFO] Sending reply to client 'OK'
ptd-server 2021-08-24 18:44:32,527 [INFO] Got command from the client 'session,2021-08-24_18-15-12,done'
ptd-server 2021-08-24 18:44:32,527 [INFO] Sending to ptd: 'Stop'
ptd-server 2021-08-24 18:44:33,319 [INFO] Reply from ptd: 'Error: no measurement to stop'
ptd-server 2021-08-24 18:44:33,319 [INFO] Sending to ptd: 'SR,V,300.000000'
ptd-server 2021-08-24 18:44:34,821 [INFO] Reply from ptd: 'Range V changed'
ptd-server 2021-08-24 18:44:34,821 [INFO] Sending to ptd: 'SR,A,0.500000'
ptd-server 2021-08-24 18:44:36,322 [INFO] Reply from ptd: 'Range A changed'
ptd-server 2021-08-24 18:44:36,322 [INFO] Set initial values for Amps 0.500000 and Volts 300.000000
ptd-server 2021-08-24 18:44:36,323 [INFO] Stopping ptd...
