ptd-server 2021-08-11 02:21:00,095 [INFO] Got command from the client 'stop'
ptd-server 2021-08-11 02:21:00,095 [INFO] The server will be stopped after processing this client
ptd-server 2021-08-11 02:21:00,095 [INFO] Sending reply to client 'OK'
ptd-server 2021-08-11 02:21:00,298 [INFO] Got command from the client 'time'
ptd-server 2021-08-11 02:21:00,298 [INFO] Sending reply to client '1628673660.2982938'
ptd-server 2021-08-11 02:21:00,298 [INFO] Got command from the client 'new,,898048a9-7f4d-4788-ab38-f11bd3a3cf70'
ptd-server 2021-08-11 02:21:00,298 [INFO] Sending reply to client 'OK 2021-08-11_02-21-00,4d25215b-561c-4f6f-8559-6f7a02b8e75d'
ptd-server 2021-08-11 02:21:00,501 [INFO] Got command from the client 'time'
ptd-server 2021-08-11 02:21:00,501 [INFO] Sending reply to client '1628673660.501511'
ptd-server 2021-08-11 02:21:00,501 [INFO] Got command from the client 'session,2021-08-11_02-21-00,start,ranging'
ptd-server 2021-08-11 02:21:00,610 [INFO] Running PTDaemon: ['C:\\PTD\\ptd-windows-x86.exe', '-l', 'C:\\Users\\lab\\AppData\\Local\\Temp\\tmp1d_txhhx\\ptd_logfile.txt', '-p', '8888', '-c', '1,3', '-y', '77', '172.22.0.90']
ptd-server 2021-08-11 02:21:19,742 [INFO] Sending to ptd: 'Hello'
ptd-server 2021-08-11 02:21:19,742 [INFO] Reply from ptd: 'Hello, PTDaemon here!'
ptd-server 2021-08-11 02:21:19,742 [INFO] Sending to ptd: 'Identify'
ptd-server 2021-08-11 02:21:19,742 [INFO] Reply from ptd: 'YokogawaWT330_multichannel,1000,1,1,1,1,0,0,1,version=1.9.2-3976349f-20201208,OS=Windows 8 / Server 2012,mode=power,1,1,2,0,0,no_cal_date,YOKOGAWA;WT333E;C2WA21018V;F1.04'
ptd-server 2021-08-11 02:21:19,742 [INFO] Connected to PTDaemon
ptd-server 2021-08-11 02:21:19,742 [INFO] Sending to ptd: 'RR'
ptd-server 2021-08-11 02:21:19,742 [INFO] Reply from ptd: 'Ranges,0,20.000000,1,300.000000'
ptd-server 2021-08-11 02:21:19,742 [INFO] Initial range for Amps is 20.000000 for Volts is Auto
ptd-server 2021-08-11 02:21:19,742 [INFO] Sending to ptd: 'SR,V,Auto'
ptd-server 2021-08-11 02:21:24,810 [INFO] Reply from ptd: 'Range V changed'
ptd-server 2021-08-11 02:21:24,810 [INFO] Sending to ptd: 'SR,A,20'
ptd-server 2021-08-11 02:21:30,404 [INFO] Reply from ptd: 'Range A changed'
ptd-server 2021-08-11 02:21:40,419 [INFO] Starting ranging mode
ptd-server 2021-08-11 02:21:40,419 [INFO] Sending to ptd: 'Go,1000,0,2021-08-11_02-21-00_ranging'
ptd-server 2021-08-11 02:21:40,419 [INFO] Reply from ptd: 'Starting untimed measurement, maximum 500000 samples at 1000ms with 0 rampup samples'
ptd-server 2021-08-11 02:21:40,419 [INFO] Sending reply to client 'OK'
ptd-server 2021-08-11 02:35:43,102 [INFO] Got command from the client 'session,2021-08-11_02-21-00,stop,ranging'
ptd-server 2021-08-11 02:35:53,102 [INFO] Sending to ptd: 'Stop'
ptd-server 2021-08-11 02:35:53,102 [INFO] Reply from ptd: 'Stopping untimed measurement'
ptd-server 2021-08-11 02:35:53,149 [INFO] Sending reply to client 'OK'
ptd-server 2021-08-11 02:35:53,367 [INFO] Got command from the client 'time'
ptd-server 2021-08-11 02:35:53,367 [INFO] Sending reply to client '1628674553.3678653'
ptd-server 2021-08-11 02:35:53,367 [INFO] Got command from the client 'session,2021-08-11_02-21-00,start,testing'
ptd-server 2021-08-11 02:35:53,367 [INFO] Sending to ptd: 'SR,V,235.330000'
ptd-server 2021-08-11 02:35:59,523 [INFO] Reply from ptd: 'Range V changed'
ptd-server 2021-08-11 02:35:59,523 [INFO] Sending to ptd: 'SR,A,5.082000'
ptd-server 2021-08-11 02:36:05,115 [INFO] Reply from ptd: 'Range A changed'
ptd-server 2021-08-11 02:36:15,125 [INFO] Starting testing mode
ptd-server 2021-08-11 02:36:15,125 [INFO] Sending to ptd: 'Go,1000,0,2021-08-11_02-21-00_testing'
ptd-server 2021-08-11 02:36:15,125 [INFO] Reply from ptd: 'Starting untimed measurement, maximum 500000 samples at 1000ms with 0 rampup samples'
ptd-server 2021-08-11 02:36:15,125 [INFO] Sending reply to client 'OK'
ptd-server 2021-08-11 02:50:20,034 [INFO] Got command from the client 'session,2021-08-11_02-21-00,stop,testing'
ptd-server 2021-08-11 02:50:30,041 [INFO] Sending to ptd: 'Stop'
ptd-server 2021-08-11 02:50:30,042 [INFO] Reply from ptd: 'Stopping untimed measurement'
ptd-server 2021-08-11 02:50:30,057 [INFO] Sending reply to client 'OK'
ptd-server 2021-08-11 02:50:30,089 [INFO] Got command from the client 'session,2021-08-11_02-21-00,done'
ptd-server 2021-08-11 02:50:30,089 [INFO] Sending to ptd: 'Stop'
ptd-server 2021-08-11 02:50:30,135 [INFO] Reply from ptd: 'Error: no measurement to stop'
ptd-server 2021-08-11 02:50:30,135 [INFO] Sending to ptd: 'SR,V,Auto'
ptd-server 2021-08-11 02:50:35,209 [INFO] Reply from ptd: 'Range V changed'
ptd-server 2021-08-11 02:50:35,209 [INFO] Sending to ptd: 'SR,A,20.000000'
ptd-server 2021-08-11 02:50:40,788 [INFO] Reply from ptd: 'Range A changed'
ptd-server 2021-08-11 02:50:40,788 [INFO] Set initial values for Amps 20.000000 and Volts Auto
ptd-server 2021-08-11 02:50:40,788 [INFO] Stopping ptd...
