ptd-server 2021-08-07 23:17:04,284 [INFO] Got command from the client 'time'
ptd-server 2021-08-07 23:17:04,285 [INFO] Sending reply to client '1628374624.2851055'
ptd-server 2021-08-07 23:17:04,286 [INFO] Got command from the client 'new,,cb3e3b42-d772-4a84-889b-42bedf068cad'
ptd-server 2021-08-07 23:17:04,287 [INFO] Sending reply to client 'OK 2021-08-07_23-17-04,c1cf4a89-4dd2-4cf2-92de-f5b8f0b5af39'
ptd-server 2021-08-07 23:17:04,321 [INFO] Got command from the client 'time'
ptd-server 2021-08-07 23:17:04,321 [INFO] Sending reply to client '1628374624.3215327'
ptd-server 2021-08-07 23:17:04,323 [INFO] Got command from the client 'session,2021-08-07_23-17-04,start,ranging'
ptd-server 2021-08-07 23:17:04,323 [INFO] Running PTDaemon: ['/home/anton/projects/mlperf/power/inference_v1.0/ptd-linux-x86', '-l', '/tmp/tmpr3iqmcco/ptd_logfile.txt', '-p', '8888', '49', '/dev/usbtmc0']
ptd-server 2021-08-07 23:17:21,497 [INFO] Sending to ptd: 'Hello'
ptd-server 2021-08-07 23:17:21,497 [INFO] Reply from ptd: 'Hello, PTDaemon here!'
ptd-server 2021-08-07 23:17:21,497 [INFO] Sending to ptd: 'Identify'
ptd-server 2021-08-07 23:17:21,498 [INFO] Reply from ptd: 'YokogawaWT310E,1000,1,1,1,1,0,1,1,version=1.9.2-e8c7a49a-20201208,OS=Linux 5.8.0-63-generic #71~20.04.1-Ubuntu SMP Thu Jul 15 17:46:08 UTC 2021 x86_64,mode=power,1,1,1,0,0,no_cal_date,YOKOGAWA;WT310E;C3XA04010E;F1.04'
ptd-server 2021-08-07 23:17:21,498 [INFO] Connected to PTDaemon
ptd-server 2021-08-07 23:17:21,498 [INFO] Sending to ptd: 'RR'
ptd-server 2021-08-07 23:17:21,498 [INFO] Reply from ptd: 'Ranges,0,0.500000,0,300.000000'
ptd-server 2021-08-07 23:17:21,499 [INFO] Initial range for Amps is 0.500000 for Volts is 300.000000
ptd-server 2021-08-07 23:17:21,499 [INFO] Sending to ptd: 'SR,V,Auto'
ptd-server 2021-08-07 23:17:22,001 [INFO] Reply from ptd: 'Range V changed'
ptd-server 2021-08-07 23:17:22,001 [INFO] Sending to ptd: 'SR,A,Auto'
ptd-server 2021-08-07 23:17:22,504 [INFO] Reply from ptd: 'Range A changed'
ptd-server 2021-08-07 23:17:32,514 [INFO] Starting ranging mode
ptd-server 2021-08-07 23:17:32,514 [INFO] Sending to ptd: 'Go,1000,0,2021-08-07_23-17-04_ranging'
ptd-server 2021-08-07 23:17:32,515 [INFO] Reply from ptd: 'Starting untimed measurement, maximum 500000 samples at 1000ms with 0 rampup samples'
ptd-server 2021-08-07 23:17:32,515 [INFO] Sending reply to client 'OK'
ptd-server 2021-08-07 23:27:52,074 [INFO] Got command from the client 'session,2021-08-07_23-17-04,stop,ranging'
ptd-server 2021-08-07 23:28:02,084 [INFO] Sending to ptd: 'Stop'
ptd-server 2021-08-07 23:28:02,085 [INFO] Reply from ptd: 'Stopping untimed measurement'
ptd-server 2021-08-07 23:28:02,170 [INFO] Sending reply to client 'OK'
ptd-server 2021-08-07 23:28:02,229 [INFO] Got command from the client 'time'
ptd-server 2021-08-07 23:28:02,229 [INFO] Sending reply to client '1628375282.229317'
ptd-server 2021-08-07 23:28:02,232 [INFO] Got command from the client 'session,2021-08-07_23-17-04,start,testing'
ptd-server 2021-08-07 23:28:02,232 [INFO] Sending to ptd: 'SR,V,251.860000'
ptd-server 2021-08-07 23:28:04,016 [INFO] Reply from ptd: 'Range V changed'
ptd-server 2021-08-07 23:28:04,016 [INFO] Sending to ptd: 'SR,A,0.173020'
ptd-server 2021-08-07 23:28:05,518 [INFO] Reply from ptd: 'Range A changed'
ptd-server 2021-08-07 23:28:15,528 [INFO] Starting testing mode
ptd-server 2021-08-07 23:28:15,528 [INFO] Sending to ptd: 'Go,1000,0,2021-08-07_23-17-04_testing'
ptd-server 2021-08-07 23:28:15,528 [INFO] Reply from ptd: 'Starting untimed measurement, maximum 500000 samples at 1000ms with 0 rampup samples'
ptd-server 2021-08-07 23:28:15,529 [INFO] Sending reply to client 'OK'
ptd-server 2021-08-07 23:38:35,081 [INFO] Got command from the client 'session,2021-08-07_23-17-04,stop,testing'
ptd-server 2021-08-07 23:38:45,092 [INFO] Sending to ptd: 'Stop'
ptd-server 2021-08-07 23:38:45,092 [INFO] Reply from ptd: 'Stopping untimed measurement'
ptd-server 2021-08-07 23:38:45,134 [INFO] Sending reply to client 'OK'
ptd-server 2021-08-07 23:38:45,153 [INFO] Got command from the client 'session,2021-08-07_23-17-04,done'
ptd-server 2021-08-07 23:38:45,153 [INFO] Sending to ptd: 'Stop'
ptd-server 2021-08-07 23:38:45,529 [INFO] Reply from ptd: 'Error: no measurement to stop'
ptd-server 2021-08-07 23:38:45,529 [INFO] Sending to ptd: 'SR,V,300.000000'
ptd-server 2021-08-07 23:38:47,030 [INFO] Reply from ptd: 'Range V changed'
ptd-server 2021-08-07 23:38:47,030 [INFO] Sending to ptd: 'SR,A,0.500000'
ptd-server 2021-08-07 23:38:48,532 [INFO] Reply from ptd: 'Range A changed'
ptd-server 2021-08-07 23:38:48,532 [INFO] Set initial values for Amps 0.500000 and Volts 300.000000
ptd-server 2021-08-07 23:38:48,532 [INFO] Stopping ptd...
