ptd-server 2021-08-12 13:54:41,813 [INFO] Got command from the client 'time'
ptd-server 2021-08-12 13:54:41,813 [INFO] Sending reply to client '1628794481.8133469'
ptd-server 2021-08-12 13:54:41,814 [INFO] Got command from the client 'new,,2a8bc4e2-489f-4834-b5dc-c1062f036b68'
ptd-server 2021-08-12 13:54:41,815 [INFO] Sending reply to client 'OK 2021-08-12_13-54-41,168a60b7-d9b2-4cbf-bf48-17d5dbf50f73'
ptd-server 2021-08-12 13:54:41,927 [INFO] Got command from the client 'time'
ptd-server 2021-08-12 13:54:41,927 [INFO] Sending reply to client '1628794481.92753'
ptd-server 2021-08-12 13:54:41,928 [INFO] Got command from the client 'session,2021-08-12_13-54-41,start,ranging'
ptd-server 2021-08-12 13:54:41,928 [INFO] Running PTDaemon: ['/local/mnt/workspace/mlcommons/power-main/inference_v1.0/ptd-linux-x86', '-l', '/tmp/tmpsqhkajo9/ptd_logfile.txt', '-p', '8888', '49', '/dev/usbtmc0']
ptd-server 2021-08-12 13:54:59,046 [INFO] Sending to ptd: 'Hello'
ptd-server 2021-08-12 13:54:59,047 [INFO] Reply from ptd: 'Hello, PTDaemon here!'
ptd-server 2021-08-12 13:54:59,047 [INFO] Sending to ptd: 'Identify'
ptd-server 2021-08-12 13:54:59,048 [INFO] Reply from ptd: 'YokogawaWT310E,1000,1,1,1,1,0,1,1,version=1.9.2-e8c7a49a-20201208,OS=Linux 4.15.0-64-generic #73-Ubuntu SMP Thu Sep 12 13:16:13 UTC 2019 x86_64,mode=power,1,1,1,0,0,no_cal_date,YOKOGAWA;WT310E;C2XF16028V;F1.04'
ptd-server 2021-08-12 13:54:59,048 [INFO] Connected to PTDaemon
ptd-server 2021-08-12 13:54:59,048 [INFO] Sending to ptd: 'RR'
ptd-server 2021-08-12 13:54:59,049 [INFO] Reply from ptd: 'Ranges,1,5.000000,1,150.000000'
ptd-server 2021-08-12 13:54:59,049 [INFO] Initial range for Amps is Auto for Volts is Auto
ptd-server 2021-08-12 13:54:59,049 [INFO] Sending to ptd: 'SR,V,Auto'
ptd-server 2021-08-12 13:54:59,552 [INFO] Reply from ptd: 'Range V changed'
ptd-server 2021-08-12 13:54:59,553 [INFO] Sending to ptd: 'SR,A,20'
ptd-server 2021-08-12 13:55:01,054 [INFO] Reply from ptd: 'Range A changed'
ptd-server 2021-08-12 13:55:11,065 [INFO] Starting ranging mode
ptd-server 2021-08-12 13:55:11,065 [INFO] Sending to ptd: 'Go,1000,0,2021-08-12_13-54-41_ranging'
ptd-server 2021-08-12 13:55:11,066 [INFO] Reply from ptd: 'Starting untimed measurement, maximum 500000 samples at 1000ms with 0 rampup samples'
ptd-server 2021-08-12 13:55:11,066 [INFO] Sending reply to client 'OK'
ptd-server 2021-08-12 14:05:31,938 [INFO] Got command from the client 'session,2021-08-12_13-54-41,stop,ranging'
ptd-server 2021-08-12 14:05:41,949 [INFO] Sending to ptd: 'Stop'
ptd-server 2021-08-12 14:05:41,950 [INFO] Reply from ptd: 'Stopping untimed measurement'
ptd-server 2021-08-12 14:05:41,968 [INFO] Sending reply to client 'OK'
ptd-server 2021-08-12 14:05:42,065 [INFO] Got command from the client 'time'
ptd-server 2021-08-12 14:05:42,065 [INFO] Sending reply to client '1628795142.065394'
ptd-server 2021-08-12 14:05:42,066 [INFO] Got command from the client 'session,2021-08-12_13-54-41,start,testing'
ptd-server 2021-08-12 14:05:42,066 [INFO] Sending to ptd: 'SR,V,118.950000'
ptd-server 2021-08-12 14:05:43,568 [INFO] Reply from ptd: 'Range V changed'
ptd-server 2021-08-12 14:05:43,568 [INFO] Sending to ptd: 'SR,A,2.352000'
ptd-server 2021-08-12 14:05:45,070 [INFO] Reply from ptd: 'Range A changed'
ptd-server 2021-08-12 14:05:55,081 [INFO] Starting testing mode
ptd-server 2021-08-12 14:05:55,081 [INFO] Sending to ptd: 'Go,1000,0,2021-08-12_13-54-41_testing'
ptd-server 2021-08-12 14:05:55,082 [INFO] Reply from ptd: 'Starting untimed measurement, maximum 500000 samples at 1000ms with 0 rampup samples'
ptd-server 2021-08-12 14:05:55,082 [INFO] Sending reply to client 'OK'
ptd-server 2021-08-12 14:16:15,857 [INFO] Got command from the client 'session,2021-08-12_13-54-41,stop,testing'
ptd-server 2021-08-12 14:16:25,867 [INFO] Sending to ptd: 'Stop'
ptd-server 2021-08-12 14:16:25,868 [INFO] Reply from ptd: 'Stopping untimed measurement'
ptd-server 2021-08-12 14:16:25,878 [INFO] Sending reply to client 'OK'
ptd-server 2021-08-12 14:16:25,884 [INFO] Got command from the client 'session,2021-08-12_13-54-41,done'
ptd-server 2021-08-12 14:16:25,884 [INFO] Sending to ptd: 'Stop'
ptd-server 2021-08-12 14:16:26,083 [INFO] Reply from ptd: 'Error: no measurement to stop'
ptd-server 2021-08-12 14:16:26,083 [INFO] Sending to ptd: 'SR,V,Auto'
ptd-server 2021-08-12 14:16:26,586 [INFO] Reply from ptd: 'Range V changed'
ptd-server 2021-08-12 14:16:26,586 [INFO] Sending to ptd: 'SR,A,Auto'
ptd-server 2021-08-12 14:16:27,089 [INFO] Reply from ptd: 'Range A changed'
ptd-server 2021-08-12 14:16:27,090 [INFO] Set initial values for Amps Auto and Volts Auto
ptd-server 2021-08-12 14:16:27,090 [INFO] Stopping ptd...
