ptd-server 2021-08-07 12:47:24,953 [INFO] Got command from the client 'time'
ptd-server 2021-08-07 12:47:24,953 [INFO] Sending reply to client '1628336844.9533012'
ptd-server 2021-08-07 12:47:24,955 [INFO] Got command from the client 'new,,f6787254-1b8b-4cef-bee9-d21d527d3ea3'
ptd-server 2021-08-07 12:47:24,956 [INFO] Sending reply to client 'OK 2021-08-07_12-47-24,9469ee02-5f90-460a-8dd1-ae90917ca23d'
ptd-server 2021-08-07 12:47:25,012 [INFO] Got command from the client 'time'
ptd-server 2021-08-07 12:47:25,012 [INFO] Sending reply to client '1628336845.012959'
ptd-server 2021-08-07 12:47:25,015 [INFO] Got command from the client 'session,2021-08-07_12-47-24,start,ranging'
ptd-server 2021-08-07 12:47:25,015 [INFO] Running PTDaemon: ['/home/anton/projects/mlperf/power/inference_v1.0/ptd-linux-x86', '-l', '/tmp/tmpr3iqmcco/ptd_logfile.txt', '-p', '8888', '49', '/dev/usbtmc0']
ptd-server 2021-08-07 12:47:42,189 [INFO] Sending to ptd: 'Hello'
ptd-server 2021-08-07 12:47:42,189 [INFO] Reply from ptd: 'Hello, PTDaemon here!'
ptd-server 2021-08-07 12:47:42,190 [INFO] Sending to ptd: 'Identify'
ptd-server 2021-08-07 12:47:42,190 [INFO] Reply from ptd: 'YokogawaWT310E,1000,1,1,1,1,0,1,1,version=1.9.2-e8c7a49a-20201208,OS=Linux 5.8.0-63-generic #71~20.04.1-Ubuntu SMP Thu Jul 15 17:46:08 UTC 2021 x86_64,mode=power,1,1,1,0,0,no_cal_date,YOKOGAWA;WT310E;C3XA04010E;F1.04'
ptd-server 2021-08-07 12:47:42,190 [INFO] Connected to PTDaemon
ptd-server 2021-08-07 12:47:42,190 [INFO] Sending to ptd: 'RR'
ptd-server 2021-08-07 12:47:42,191 [INFO] Reply from ptd: 'Ranges,0,0.500000,0,300.000000'
ptd-server 2021-08-07 12:47:42,191 [INFO] Initial range for Amps is 0.500000 for Volts is 300.000000
ptd-server 2021-08-07 12:47:42,191 [INFO] Sending to ptd: 'SR,V,Auto'
ptd-server 2021-08-07 12:47:42,693 [INFO] Reply from ptd: 'Range V changed'
ptd-server 2021-08-07 12:47:42,693 [INFO] Sending to ptd: 'SR,A,Auto'
ptd-server 2021-08-07 12:47:43,196 [INFO] Reply from ptd: 'Range A changed'
ptd-server 2021-08-07 12:47:53,206 [INFO] Starting ranging mode
ptd-server 2021-08-07 12:47:53,206 [INFO] Sending to ptd: 'Go,1000,0,2021-08-07_12-47-24_ranging'
ptd-server 2021-08-07 12:47:53,207 [INFO] Reply from ptd: 'Starting untimed measurement, maximum 500000 samples at 1000ms with 0 rampup samples'
ptd-server 2021-08-07 12:47:53,207 [INFO] Sending reply to client 'OK'
ptd-server 2021-08-07 12:58:09,856 [INFO] Got command from the client 'session,2021-08-07_12-47-24,stop,ranging'
ptd-server 2021-08-07 12:58:19,867 [INFO] Sending to ptd: 'Stop'
ptd-server 2021-08-07 12:58:19,867 [INFO] Reply from ptd: 'Stopping untimed measurement'
ptd-server 2021-08-07 12:58:19,881 [INFO] Sending reply to client 'OK'
ptd-server 2021-08-07 12:58:19,948 [INFO] Got command from the client 'time'
ptd-server 2021-08-07 12:58:19,948 [INFO] Sending reply to client '1628337499.9485173'
ptd-server 2021-08-07 12:58:19,950 [INFO] Got command from the client 'session,2021-08-07_12-47-24,start,testing'
ptd-server 2021-08-07 12:58:19,951 [INFO] Sending to ptd: 'SR,V,249.680000'
ptd-server 2021-08-07 12:58:21,709 [INFO] Reply from ptd: 'Range V changed'
ptd-server 2021-08-07 12:58:21,709 [INFO] Sending to ptd: 'SR,A,0.198860'
ptd-server 2021-08-07 12:58:23,210 [INFO] Reply from ptd: 'Range A changed'
ptd-server 2021-08-07 12:58:33,220 [INFO] Starting testing mode
ptd-server 2021-08-07 12:58:33,221 [INFO] Sending to ptd: 'Go,1000,0,2021-08-07_12-47-24_testing'
ptd-server 2021-08-07 12:58:33,221 [INFO] Reply from ptd: 'Starting untimed measurement, maximum 500000 samples at 1000ms with 0 rampup samples'
ptd-server 2021-08-07 12:58:33,221 [INFO] Sending reply to client 'OK'
ptd-server 2021-08-07 13:08:49,714 [INFO] Got command from the client 'session,2021-08-07_12-47-24,stop,testing'
ptd-server 2021-08-07 13:08:59,725 [INFO] Sending to ptd: 'Stop'
ptd-server 2021-08-07 13:08:59,725 [INFO] Reply from ptd: 'Stopping untimed measurement'
ptd-server 2021-08-07 13:08:59,731 [INFO] Sending reply to client 'OK'
ptd-server 2021-08-07 13:08:59,755 [INFO] Got command from the client 'session,2021-08-07_12-47-24,done'
ptd-server 2021-08-07 13:08:59,755 [INFO] Sending to ptd: 'Stop'
ptd-server 2021-08-07 13:09:00,221 [INFO] Reply from ptd: 'Error: no measurement to stop'
ptd-server 2021-08-07 13:09:00,222 [INFO] Sending to ptd: 'SR,V,300.000000'
ptd-server 2021-08-07 13:09:01,723 [INFO] Reply from ptd: 'Range V changed'
ptd-server 2021-08-07 13:09:01,723 [INFO] Sending to ptd: 'SR,A,0.500000'
ptd-server 2021-08-07 13:09:03,225 [INFO] Reply from ptd: 'Range A changed'
ptd-server 2021-08-07 13:09:03,225 [INFO] Set initial values for Amps 0.500000 and Volts 300.000000
ptd-server 2021-08-07 13:09:03,225 [INFO] Stopping ptd...
