ptd-server 2021-08-07 18:42:13,310 [INFO] Got command from the client 'time'
ptd-server 2021-08-07 18:42:13,310 [INFO] Sending reply to client '1628358133.3105266'
ptd-server 2021-08-07 18:42:13,313 [INFO] Got command from the client 'new,,6dd2e302-e80f-405e-abbd-850f6b00a8b7'
ptd-server 2021-08-07 18:42:13,314 [INFO] Sending reply to client 'OK 2021-08-07_18-42-13,8258e788-ffeb-408a-8d37-a4725ec38953'
ptd-server 2021-08-07 18:42:13,359 [INFO] Got command from the client 'time'
ptd-server 2021-08-07 18:42:13,359 [INFO] Sending reply to client '1628358133.359509'
ptd-server 2021-08-07 18:42:13,361 [INFO] Got command from the client 'session,2021-08-07_18-42-13,start,ranging'
ptd-server 2021-08-07 18:42:13,362 [INFO] Running PTDaemon: ['/home/anton/projects/mlperf/power/inference_v1.0/ptd-linux-x86', '-l', '/tmp/tmpr3iqmcco/ptd_logfile.txt', '-p', '8888', '49', '/dev/usbtmc0']
ptd-server 2021-08-07 18:42:30,534 [INFO] Sending to ptd: 'Hello'
ptd-server 2021-08-07 18:42:30,534 [INFO] Reply from ptd: 'Hello, PTDaemon here!'
ptd-server 2021-08-07 18:42:30,534 [INFO] Sending to ptd: 'Identify'
ptd-server 2021-08-07 18:42:30,535 [INFO] Reply from ptd: 'YokogawaWT310E,1000,1,1,1,1,0,1,1,version=1.9.2-e8c7a49a-20201208,OS=Linux 5.8.0-63-generic #71~20.04.1-Ubuntu SMP Thu Jul 15 17:46:08 UTC 2021 x86_64,mode=power,1,1,1,0,0,no_cal_date,YOKOGAWA;WT310E;C3XA04010E;F1.04'
ptd-server 2021-08-07 18:42:30,535 [INFO] Connected to PTDaemon
ptd-server 2021-08-07 18:42:30,535 [INFO] Sending to ptd: 'RR'
ptd-server 2021-08-07 18:42:30,536 [INFO] Reply from ptd: 'Ranges,0,0.500000,0,300.000000'
ptd-server 2021-08-07 18:42:30,536 [INFO] Initial range for Amps is 0.500000 for Volts is 300.000000
ptd-server 2021-08-07 18:42:30,536 [INFO] Sending to ptd: 'SR,V,Auto'
ptd-server 2021-08-07 18:42:31,038 [INFO] Reply from ptd: 'Range V changed'
ptd-server 2021-08-07 18:42:31,039 [INFO] Sending to ptd: 'SR,A,Auto'
ptd-server 2021-08-07 18:42:31,541 [INFO] Reply from ptd: 'Range A changed'
ptd-server 2021-08-07 18:42:41,551 [INFO] Starting ranging mode
ptd-server 2021-08-07 18:42:41,552 [INFO] Sending to ptd: 'Go,1000,0,2021-08-07_18-42-13_ranging'
ptd-server 2021-08-07 18:42:41,552 [INFO] Reply from ptd: 'Starting untimed measurement, maximum 500000 samples at 1000ms with 0 rampup samples'
ptd-server 2021-08-07 18:42:41,552 [INFO] Sending reply to client 'OK'
ptd-server 2021-08-07 18:53:01,193 [INFO] Got command from the client 'session,2021-08-07_18-42-13,stop,ranging'
ptd-server 2021-08-07 18:53:11,203 [INFO] Sending to ptd: 'Stop'
ptd-server 2021-08-07 18:53:11,204 [INFO] Reply from ptd: 'Stopping untimed measurement'
ptd-server 2021-08-07 18:53:11,255 [INFO] Sending reply to client 'OK'
ptd-server 2021-08-07 18:53:11,309 [INFO] Got command from the client 'time'
ptd-server 2021-08-07 18:53:11,310 [INFO] Sending reply to client '1628358791.3100712'
ptd-server 2021-08-07 18:53:11,312 [INFO] Got command from the client 'session,2021-08-07_18-42-13,start,testing'
ptd-server 2021-08-07 18:53:11,312 [INFO] Sending to ptd: 'SR,V,250.800000'
ptd-server 2021-08-07 18:53:13,053 [INFO] Reply from ptd: 'Range V changed'
ptd-server 2021-08-07 18:53:13,054 [INFO] Sending to ptd: 'SR,A,0.215070'
ptd-server 2021-08-07 18:53:14,555 [INFO] Reply from ptd: 'Range A changed'
ptd-server 2021-08-07 18:53:24,565 [INFO] Starting testing mode
ptd-server 2021-08-07 18:53:24,565 [INFO] Sending to ptd: 'Go,1000,0,2021-08-07_18-42-13_testing'
ptd-server 2021-08-07 18:53:24,566 [INFO] Reply from ptd: 'Starting untimed measurement, maximum 500000 samples at 1000ms with 0 rampup samples'
ptd-server 2021-08-07 18:53:24,566 [INFO] Sending reply to client 'OK'
ptd-server 2021-08-07 19:03:44,107 [INFO] Got command from the client 'session,2021-08-07_18-42-13,stop,testing'
ptd-server 2021-08-07 19:03:54,117 [INFO] Sending to ptd: 'Stop'
ptd-server 2021-08-07 19:03:54,118 [INFO] Reply from ptd: 'Stopping untimed measurement'
ptd-server 2021-08-07 19:03:54,145 [INFO] Sending reply to client 'OK'
ptd-server 2021-08-07 19:03:54,164 [INFO] Got command from the client 'session,2021-08-07_18-42-13,done'
ptd-server 2021-08-07 19:03:54,164 [INFO] Sending to ptd: 'Stop'
ptd-server 2021-08-07 19:03:54,567 [INFO] Reply from ptd: 'Error: no measurement to stop'
ptd-server 2021-08-07 19:03:54,567 [INFO] Sending to ptd: 'SR,V,300.000000'
ptd-server 2021-08-07 19:03:56,068 [INFO] Reply from ptd: 'Range V changed'
ptd-server 2021-08-07 19:03:56,068 [INFO] Sending to ptd: 'SR,A,0.500000'
ptd-server 2021-08-07 19:03:57,570 [INFO] Reply from ptd: 'Range A changed'
ptd-server 2021-08-07 19:03:57,570 [INFO] Set initial values for Amps 0.500000 and Volts 300.000000
ptd-server 2021-08-07 19:03:57,570 [INFO] Stopping ptd...
