client 2021-08-13 07:22:56,856 [INFO] Sending command to the server: 'mlcommons/power client v3'
client 2021-08-13 07:22:56,858 [INFO] Got response: 'mlcommons/power server v3'
client 2021-08-13 07:22:56,858 [INFO] Sending command to the server: 'stop'
client 2021-08-13 07:22:56,862 [INFO] Got response: 'OK'
client 2021-08-13 07:22:56,862 [INFO] Synchronizing with the server and with 100.64.0.18...
client 2021-08-13 07:22:56,864 [INFO] NTP:offset = 0.001 s, delay = 0.001 s 
client 2021-08-13 07:22:56,864 [INFO] Sending command to the server: 'time'
client 2021-08-13 07:22:56,867 [INFO] Got response: '1628839376.8588765'
client 2021-08-13 07:22:56,867 [INFO] The time difference between the client and the server is within range 6.071 ms..8.564 ms
client 2021-08-13 07:22:56,867 [INFO] Sending command to the server: 'new,,acfaca18-5cac-4cbc-82a9-9670735e7685'
client 2021-08-13 07:22:56,871 [INFO] Got response: 'OK 2021-08-13_07-22-56,c2298df3-8de9-4e80-b4b0-1964d00e8431'
client 2021-08-13 07:22:56,871 [INFO] Session id is '2021-08-13_07-22-56'
client 2021-08-13 07:22:56,871 [INFO] Sources: {"sources": {"__init__.py": "da39a3ee5e6b4b0d3255bfef95601890afd80709", "client.py": "33ca4f26368777ac06e01f9567b714a4b8063886", "lib/__init__.py": "da39a3ee5e6b4b0d3255bfef95601890afd80709", "lib/client.py": "4c2b78fb4849a7e5b584ef792d82aaed20b17f57", "lib/common.py": "624d0c0acc7c39aaff3674f0b99d6a09da53d1dc", "lib/external/__init__.py": "da39a3ee5e6b4b0d3255bfef95601890afd80709", "lib/external/ntplib.py": "4da8f970656505a40483206ef2b5d3dd5e81711d", "lib/server.py": "59c9fb92908260d3e9f81a895c7aa009742275e4", "lib/source_hashes.py": "60a2e02193209e8d392803326208d5466342da18", "lib/summary.py": "aa92f0a3f975eecd44d3c0cd0236342ccc9f941d", "lib/time_sync.py": "3210db56eb0ff0df57bf4293dc4d4b03fffd46f1", "server.py": "c3f90f2f7eeb4db30727556d0c815ebc89b3d28b", "tests/unit/__init__.py": "da39a3ee5e6b4b0d3255bfef95601890afd80709", "tests/unit/test_server.py": "99ae15aef722f2000ee6ed1ae1523637bf1ae42b", "tests/unit/test_source_hashes.py": "00468a2907583c593e6574a1f6b404e4651c221a"}, "modules": {"ptd_client_server.lib.client": "lib/client.py", "ptd_client_server.lib.common": "lib/common.py", "ptd_client_server.lib.external.ntplib": "lib/external/ntplib.py", "ptd_client_server.lib.source_hashes": "lib/source_hashes.py", "ptd_client_server.lib.summary": "lib/summary.py", "ptd_client_server.lib.time_sync": "lib/time_sync.py"}}
client 2021-08-13 07:22:56,871 [INFO] Running workload in ranging mode
client 2021-08-13 07:22:56,871 [INFO] Synchronizing with the server and with 100.64.0.18...
client 2021-08-13 07:22:56,873 [INFO] NTP:offset = 0.001 s, delay = 0.001 s 
client 2021-08-13 07:22:56,873 [INFO] Sending command to the server: 'time'
client 2021-08-13 07:22:56,875 [INFO] Got response: '1628839376.8588765'
client 2021-08-13 07:22:56,875 [INFO] The time difference between the client and the server is within range 14.217 ms..16.642 ms
client 2021-08-13 07:22:56,875 [INFO] Sending command to the server: 'session,2021-08-13_07-22-56,start,ranging'
client 2021-08-13 07:23:25,927 [INFO] Got response: 'OK'
client 2021-08-13 07:23:25,927 [INFO] Running the workload 'LOG_DIR=/work/build/power_logs_temp python3 code/main.py --benchmarks=dlrm --scenarios=Server --config_ver=high_accuracy --test_mode=PerformanceOnly --action="run_harness" \\\n\t\t&& if [ ! -d /work/build/power_logs/2021.08.13-07.22.49/ranging_tmp ]; \\\n\t\t\tthen mkdir /work/build/power_logs/2021.08.13-07.22.49/ranging_tmp \\\n\t\t\t\t&& mv /work/build/power_logs_temp/* /work/build/power_logs/2021.08.13-07.22.49/ranging_tmp/ \\\n\t\t\t\t&& cp -v /work/build/power_logs/2021.08.13-07.22.49/ranging_tmp/*/*/*/mlperf_log_detail.txt /work/build/power_logs_temp/ \\\n\t\t\t\t&& cp -v /work/build/power_logs/2021.08.13-07.22.49/ranging_tmp/*/*/*/mlperf_log_summary.txt /work/build/power_logs_temp/; \\\n\t\t\telse mkdir /work/build/power_logs/2021.08.13-07.22.49/testing_tmp \\\n\t\t\t\t&& mv /work/build/power_logs_temp/* /work/build/power_logs/2021.08.13-07.22.49/testing_tmp/ \\\n\t\t\t\t&& cp -v /work/build/power_logs/2021.08.13-07.22.49/testing_tmp/*/*/*/mlperf_log_detail.txt /work/build/power_logs_temp/ \\\n\t\t\t\t&& cp -v /work/build/power_logs/2021.08.13-07.22.49/testing_tmp/*/*/*/mlperf_log_summary.txt /work/build/power_logs_temp/; fi'
client 2021-08-13 07:42:02,089 [INFO] Sending command to the server: 'session,2021-08-13_07-22-56,stop,ranging'
client 2021-08-13 07:42:12,164 [INFO] Got response: 'OK'
client 2021-08-13 07:42:12,173 [INFO] Copying loadgen logs from '/work/build/power_logs_temp' to '/work/build/power_logs/2021.08.13-07.22.49/2021-08-13_07-22-56/ranging'
client 2021-08-13 07:42:12,174 [INFO] Running workload in testing mode
client 2021-08-13 07:42:12,174 [INFO] Synchronizing with the server and with 100.64.0.18...
client 2021-08-13 07:42:12,175 [INFO] NTP:offset = 0.001 s, delay = 0.001 s 
client 2021-08-13 07:42:12,175 [INFO] Sending command to the server: 'time'
client 2021-08-13 07:42:12,178 [INFO] Got response: '1628840532.1606758'
client 2021-08-13 07:42:12,178 [INFO] The time difference between the client and the server is within range 15.158 ms..17.791 ms
client 2021-08-13 07:42:12,178 [INFO] Sending command to the server: 'session,2021-08-13_07-22-56,start,testing'
client 2021-08-13 07:42:24,909 [INFO] Got response: 'OK'
client 2021-08-13 07:42:24,909 [INFO] Running the workload 'LOG_DIR=/work/build/power_logs_temp python3 code/main.py --benchmarks=dlrm --scenarios=Server --config_ver=high_accuracy --test_mode=PerformanceOnly --action="run_harness" \\\n\t\t&& if [ ! -d /work/build/power_logs/2021.08.13-07.22.49/ranging_tmp ]; \\\n\t\t\tthen mkdir /work/build/power_logs/2021.08.13-07.22.49/ranging_tmp \\\n\t\t\t\t&& mv /work/build/power_logs_temp/* /work/build/power_logs/2021.08.13-07.22.49/ranging_tmp/ \\\n\t\t\t\t&& cp -v /work/build/power_logs/2021.08.13-07.22.49/ranging_tmp/*/*/*/mlperf_log_detail.txt /work/build/power_logs_temp/ \\\n\t\t\t\t&& cp -v /work/build/power_logs/2021.08.13-07.22.49/ranging_tmp/*/*/*/mlperf_log_summary.txt /work/build/power_logs_temp/; \\\n\t\t\telse mkdir /work/build/power_logs/2021.08.13-07.22.49/testing_tmp \\\n\t\t\t\t&& mv /work/build/power_logs_temp/* /work/build/power_logs/2021.08.13-07.22.49/testing_tmp/ \\\n\t\t\t\t&& cp -v /work/build/power_logs/2021.08.13-07.22.49/testing_tmp/*/*/*/mlperf_log_detail.txt /work/build/power_logs_temp/ \\\n\t\t\t\t&& cp -v /work/build/power_logs/2021.08.13-07.22.49/testing_tmp/*/*/*/mlperf_log_summary.txt /work/build/power_logs_temp/; fi'
client 2021-08-13 08:00:59,821 [INFO] Sending command to the server: 'session,2021-08-13_07-22-56,stop,testing'
client 2021-08-13 08:01:09,839 [INFO] Got response: 'OK'
client 2021-08-13 08:01:09,844 [INFO] Copying loadgen logs from '/work/build/power_logs_temp' to '/work/build/power_logs/2021.08.13-07.22.49/2021-08-13_07-22-56/run_1'
client 2021-08-13 08:01:09,844 [INFO] Done runs
