ptd-server 2021-08-13 07:22:56,843 [INFO] Got command from the client 'stop'
ptd-server 2021-08-13 07:22:56,858 [INFO] The server will be stopped after processing this client
ptd-server 2021-08-13 07:22:56,858 [INFO] Sending reply to client 'OK'
ptd-server 2021-08-13 07:22:56,858 [INFO] Got command from the client 'time'
ptd-server 2021-08-13 07:22:56,858 [INFO] Sending reply to client '1628839376.8588765'
ptd-server 2021-08-13 07:22:56,858 [INFO] Got command from the client 'new,,acfaca18-5cac-4cbc-82a9-9670735e7685'
ptd-server 2021-08-13 07:22:56,858 [INFO] Sending reply to client 'OK 2021-08-13_07-22-56,c2298df3-8de9-4e80-b4b0-1964d00e8431'
ptd-server 2021-08-13 07:22:56,858 [INFO] Got command from the client 'time'
ptd-server 2021-08-13 07:22:56,858 [INFO] Sending reply to client '1628839376.8588765'
ptd-server 2021-08-13 07:22:56,874 [INFO] Got command from the client 'session,2021-08-13_07-22-56,start,ranging'
ptd-server 2021-08-13 07:22:56,984 [INFO] Running PTDaemon: ['.\\ptd-windows-x86.exe', '-l', 'C:\\Users\\root\\AppData\\Local\\Temp\\tmpdz6awz5e\\ptd_logfile.txt', '-p', '8888', '-c', '2', '-y', '48', '100.83.149.90']
ptd-server 2021-08-13 07:23:15,542 [INFO] Sending to ptd: 'Hello'
ptd-server 2021-08-13 07:23:15,542 [INFO] Reply from ptd: 'Hello, PTDaemon here!'
ptd-server 2021-08-13 07:23:15,542 [INFO] Sending to ptd: 'Identify'
ptd-server 2021-08-13 07:23:15,542 [INFO] Reply from ptd: 'YokogawaWT500_multichannel,1000,1,1,1,1,0,0,1,version=1.9.2-3976349f-20201208,OS=Windows 8 / Server 2012,mode=power,1,1,3,0,0,no_cal_date,YOKOGAWA;760203;U1J802935;F1.21'
ptd-server 2021-08-13 07:23:15,542 [INFO] Connected to PTDaemon
ptd-server 2021-08-13 07:23:15,542 [INFO] Sending to ptd: 'RR'
ptd-server 2021-08-13 07:23:15,542 [INFO] Reply from ptd: 'Ranges,-1,-1.000000,-1,-1.000000'
ptd-server 2021-08-13 07:23:15,542 [INFO] Initial range for Amps is Auto for Volts is Auto
ptd-server 2021-08-13 07:23:15,542 [INFO] Sending to ptd: 'SR,V,Auto'
ptd-server 2021-08-13 07:23:15,761 [INFO] Reply from ptd: 'Range V changed'
ptd-server 2021-08-13 07:23:15,761 [INFO] Sending to ptd: 'SR,A,Auto'
ptd-server 2021-08-13 07:23:15,917 [INFO] Reply from ptd: 'Range A changed'
ptd-server 2021-08-13 07:23:25,921 [INFO] Starting ranging mode
ptd-server 2021-08-13 07:23:25,921 [INFO] Sending to ptd: 'Go,1000,0,2021-08-13_07-22-56_ranging'
ptd-server 2021-08-13 07:23:25,921 [INFO] Reply from ptd: 'Starting untimed measurement, maximum 500000 samples at 1000ms with 0 rampup samples'
ptd-server 2021-08-13 07:23:25,921 [INFO] Sending reply to client 'OK'
ptd-server 2021-08-13 07:42:02,078 [INFO] Got command from the client 'session,2021-08-13_07-22-56,stop,ranging'
ptd-server 2021-08-13 07:42:12,082 [INFO] Sending to ptd: 'Stop'
ptd-server 2021-08-13 07:42:12,082 [INFO] Reply from ptd: 'Stopping untimed measurement'
ptd-server 2021-08-13 07:42:12,144 [INFO] Sending reply to client 'OK'
ptd-server 2021-08-13 07:42:12,160 [INFO] Got command from the client 'time'
ptd-server 2021-08-13 07:42:12,160 [INFO] Sending reply to client '1628840532.1606758'
ptd-server 2021-08-13 07:42:12,160 [INFO] Got command from the client 'session,2021-08-13_07-22-56,start,testing'
ptd-server 2021-08-13 07:42:12,160 [INFO] Sending to ptd: 'SR,V,130.600000'
ptd-server 2021-08-13 07:42:14,162 [INFO] Reply from ptd: 'Range V changed'
ptd-server 2021-08-13 07:42:14,162 [INFO] Sending to ptd: 'SR,A,14.318000'
ptd-server 2021-08-13 07:42:14,880 [INFO] Reply from ptd: 'Range A changed'
ptd-server 2021-08-13 07:42:24,892 [INFO] Starting testing mode
ptd-server 2021-08-13 07:42:24,892 [INFO] Sending to ptd: 'Go,1000,0,2021-08-13_07-22-56_testing'
ptd-server 2021-08-13 07:42:24,892 [INFO] Reply from ptd: 'Starting untimed measurement, maximum 500000 samples at 1000ms with 0 rampup samples'
ptd-server 2021-08-13 07:42:24,892 [INFO] Sending reply to client 'OK'
ptd-server 2021-08-13 08:00:59,800 [INFO] Got command from the client 'session,2021-08-13_07-22-56,stop,testing'
ptd-server 2021-08-13 08:01:09,800 [INFO] Sending to ptd: 'Stop'
ptd-server 2021-08-13 08:01:09,800 [INFO] Reply from ptd: 'Stopping untimed measurement'
ptd-server 2021-08-13 08:01:09,816 [INFO] Sending reply to client 'OK'
ptd-server 2021-08-13 08:01:09,816 [INFO] Got command from the client 'session,2021-08-13_07-22-56,done'
ptd-server 2021-08-13 08:01:09,831 [INFO] Sending to ptd: 'Stop'
ptd-server 2021-08-13 08:01:09,910 [INFO] Reply from ptd: 'Error: no measurement to stop'
ptd-server 2021-08-13 08:01:09,910 [INFO] Sending to ptd: 'SR,V,Auto'
ptd-server 2021-08-13 08:01:10,128 [INFO] Reply from ptd: 'Range V changed'
ptd-server 2021-08-13 08:01:10,128 [INFO] Sending to ptd: 'SR,A,Auto'
ptd-server 2021-08-13 08:01:10,284 [INFO] Reply from ptd: 'Range A changed'
ptd-server 2021-08-13 08:01:10,284 [INFO] Set initial values for Amps Auto and Volts Auto
ptd-server 2021-08-13 08:01:10,284 [INFO] Stopping ptd...
