ptd-server 2021-08-10 02:02:26,008 [INFO] Got command from the client 'stop'
ptd-server 2021-08-10 02:02:26,008 [INFO] The server will be stopped after processing this client
ptd-server 2021-08-10 02:02:26,008 [INFO] Sending reply to client 'OK'
ptd-server 2021-08-10 02:02:26,445 [INFO] Got command from the client 'time'
ptd-server 2021-08-10 02:02:26,461 [INFO] Sending reply to client '1628586146.4616747'
ptd-server 2021-08-10 02:02:26,461 [INFO] Got command from the client 'new,,1331f5a9-35f7-4c66-9f65-b16e2af8490e'
ptd-server 2021-08-10 02:02:26,461 [INFO] Sending reply to client 'OK 2021-08-10_02-02-26,a9465f53-b9fe-4a85-9e82-f05ea1dafd08'
ptd-server 2021-08-10 02:02:26,673 [INFO] Got command from the client 'time'
ptd-server 2021-08-10 02:02:26,673 [INFO] Sending reply to client '1628586146.673158'
ptd-server 2021-08-10 02:02:26,673 [INFO] Got command from the client 'session,2021-08-10_02-02-26,start,ranging'
ptd-server 2021-08-10 02:02:26,782 [INFO] Running PTDaemon: ['C:\\PTD\\ptd-windows-x86.exe', '-l', 'C:\\Users\\lab\\AppData\\Local\\Temp\\tmpwk75sv0l\\ptd_logfile.txt', '-p', '8888', '-c', '1', '-y', '52', '10.32.209.251']
ptd-server 2021-08-10 02:02:44,584 [INFO] Sending to ptd: 'Hello'
ptd-server 2021-08-10 02:02:44,584 [INFO] Reply from ptd: 'Hello, PTDaemon here!'
ptd-server 2021-08-10 02:02:44,584 [INFO] Sending to ptd: 'Identify'
ptd-server 2021-08-10 02:02:44,584 [INFO] Reply from ptd: 'YokogawaWT330E,1000,1,1,1,1,0,0,1,version=1.9.2-3976349f-20201208,OS=Windows 8 / Server 2012,mode=power,1,1,1,0,0,no_cal_date,YOKOGAWA;WT333E;C2VL22012V;F1.04'
ptd-server 2021-08-10 02:02:44,584 [INFO] Connected to PTDaemon
ptd-server 2021-08-10 02:02:44,584 [INFO] Sending to ptd: 'RR'
ptd-server 2021-08-10 02:02:44,584 [INFO] Reply from ptd: 'Ranges,0,1.000000,1,150.000000'
ptd-server 2021-08-10 02:02:44,584 [INFO] Initial range for Amps is 1.000000 for Volts is Auto
ptd-server 2021-08-10 02:02:44,584 [INFO] Sending to ptd: 'SR,V,Auto'
ptd-server 2021-08-10 02:02:45,100 [INFO] Reply from ptd: 'Range V changed'
ptd-server 2021-08-10 02:02:45,100 [INFO] Sending to ptd: 'SR,A,Auto'
ptd-server 2021-08-10 02:02:45,616 [INFO] Reply from ptd: 'Range A changed'
ptd-server 2021-08-10 02:02:55,618 [INFO] Starting ranging mode
ptd-server 2021-08-10 02:02:55,618 [INFO] Sending to ptd: 'Go,1000,0,2021-08-10_02-02-26_ranging'
ptd-server 2021-08-10 02:02:55,618 [INFO] Reply from ptd: 'Starting untimed measurement, maximum 500000 samples at 1000ms with 0 rampup samples'
ptd-server 2021-08-10 02:02:55,618 [INFO] Sending reply to client 'OK'
ptd-server 2021-08-10 02:18:56,359 [INFO] Got command from the client 'session,2021-08-10_02-02-26,stop,ranging'
ptd-server 2021-08-10 02:19:06,372 [INFO] Sending to ptd: 'Stop'
ptd-server 2021-08-10 02:19:06,372 [INFO] Reply from ptd: 'Stopping untimed measurement'
ptd-server 2021-08-10 02:19:06,388 [INFO] Sending reply to client 'OK'
ptd-server 2021-08-10 02:19:06,669 [INFO] Got command from the client 'time'
ptd-server 2021-08-10 02:19:06,669 [INFO] Sending reply to client '1628587146.6696174'
ptd-server 2021-08-10 02:19:06,669 [INFO] Got command from the client 'session,2021-08-10_02-02-26,start,testing'
ptd-server 2021-08-10 02:19:06,669 [INFO] Sending to ptd: 'SR,V,121.210000'
ptd-server 2021-08-10 02:19:08,200 [INFO] Reply from ptd: 'Range V changed'
ptd-server 2021-08-10 02:19:08,200 [INFO] Sending to ptd: 'SR,A,0.261100'
ptd-server 2021-08-10 02:19:09,727 [INFO] Reply from ptd: 'Range A changed'
ptd-server 2021-08-10 02:19:19,741 [INFO] Starting testing mode
ptd-server 2021-08-10 02:19:19,741 [INFO] Sending to ptd: 'Go,1000,0,2021-08-10_02-02-26_testing'
ptd-server 2021-08-10 02:19:19,741 [INFO] Reply from ptd: 'Starting untimed measurement, maximum 500000 samples at 1000ms with 0 rampup samples'
ptd-server 2021-08-10 02:19:19,741 [INFO] Sending reply to client 'OK'
ptd-server 2021-08-10 02:35:14,118 [INFO] Got command from the client 'session,2021-08-10_02-02-26,stop,testing'
ptd-server 2021-08-10 02:35:24,132 [INFO] Sending to ptd: 'Stop'
ptd-server 2021-08-10 02:35:24,132 [INFO] Reply from ptd: 'Stopping untimed measurement'
ptd-server 2021-08-10 02:35:24,147 [INFO] Sending reply to client 'OK'
ptd-server 2021-08-10 02:35:24,491 [INFO] Got command from the client 'session,2021-08-10_02-02-26,done'
ptd-server 2021-08-10 02:35:24,491 [INFO] Sending to ptd: 'Stop'
ptd-server 2021-08-10 02:35:24,756 [INFO] Reply from ptd: 'Error: no measurement to stop'
ptd-server 2021-08-10 02:35:24,756 [INFO] Sending to ptd: 'SR,V,Auto'
ptd-server 2021-08-10 02:35:25,287 [INFO] Reply from ptd: 'Range V changed'
ptd-server 2021-08-10 02:35:25,287 [INFO] Sending to ptd: 'SR,A,1.000000'
ptd-server 2021-08-10 02:35:26,834 [INFO] Reply from ptd: 'Range A changed'
ptd-server 2021-08-10 02:35:26,834 [INFO] Set initial values for Amps 1.000000 and Volts Auto
ptd-server 2021-08-10 02:35:26,834 [INFO] Stopping ptd...
