ptd-server 2021-08-10 07:02:07,257 [INFO] Got command from the client 'stop'
ptd-server 2021-08-10 07:02:07,257 [INFO] The server will be stopped after processing this client
ptd-server 2021-08-10 07:02:07,257 [INFO] Sending reply to client 'OK'
ptd-server 2021-08-10 07:02:07,772 [INFO] Got command from the client 'time'
ptd-server 2021-08-10 07:02:07,772 [INFO] Sending reply to client '1628604127.7726655'
ptd-server 2021-08-10 07:02:07,772 [INFO] Got command from the client 'new,,e97fc790-b280-464e-9097-690182e736e1'
ptd-server 2021-08-10 07:02:07,772 [INFO] Sending reply to client 'OK 2021-08-10_07-02-07,022f7639-f3d3-4290-8442-2a18088fecd2'
ptd-server 2021-08-10 07:02:08,006 [INFO] Got command from the client 'time'
ptd-server 2021-08-10 07:02:08,006 [INFO] Sending reply to client '1628604128.0069911'
ptd-server 2021-08-10 07:02:08,006 [INFO] Got command from the client 'session,2021-08-10_07-02-07,start,ranging'
ptd-server 2021-08-10 07:02:08,131 [INFO] Running PTDaemon: ['C:\\PTD\\ptd-windows-x86.exe', '-l', 'C:\\Users\\lab\\AppData\\Local\\Temp\\tmpp4stzml2\\ptd_logfile.txt', '-p', '8888', '-c', '1', '-y', '52', '10.32.209.251']
ptd-server 2021-08-10 07:02:25,905 [INFO] Sending to ptd: 'Hello'
ptd-server 2021-08-10 07:02:25,905 [INFO] Reply from ptd: 'Hello, PTDaemon here!'
ptd-server 2021-08-10 07:02:25,905 [INFO] Sending to ptd: 'Identify'
ptd-server 2021-08-10 07:02:25,905 [INFO] Reply from ptd: 'YokogawaWT330E,1000,1,1,1,1,0,0,1,version=1.9.2-3976349f-20201208,OS=Windows 8 / Server 2012,mode=power,1,1,1,0,0,no_cal_date,YOKOGAWA;WT333E;C2VL22012V;F1.04'
ptd-server 2021-08-10 07:02:25,905 [INFO] Connected to PTDaemon
ptd-server 2021-08-10 07:02:25,905 [INFO] Sending to ptd: 'RR'
ptd-server 2021-08-10 07:02:25,905 [INFO] Reply from ptd: 'Ranges,0,1.000000,1,150.000000'
ptd-server 2021-08-10 07:02:25,905 [INFO] Initial range for Amps is 1.000000 for Volts is Auto
ptd-server 2021-08-10 07:02:25,905 [INFO] Sending to ptd: 'SR,V,Auto'
ptd-server 2021-08-10 07:02:26,421 [INFO] Reply from ptd: 'Range V changed'
ptd-server 2021-08-10 07:02:26,421 [INFO] Sending to ptd: 'SR,A,Auto'
ptd-server 2021-08-10 07:02:26,936 [INFO] Reply from ptd: 'Range A changed'
ptd-server 2021-08-10 07:02:36,948 [INFO] Starting ranging mode
ptd-server 2021-08-10 07:02:36,948 [INFO] Sending to ptd: 'Go,1000,0,2021-08-10_07-02-07_ranging'
ptd-server 2021-08-10 07:02:36,948 [INFO] Reply from ptd: 'Starting untimed measurement, maximum 500000 samples at 1000ms with 0 rampup samples'
ptd-server 2021-08-10 07:02:36,948 [INFO] Sending reply to client 'OK'
ptd-server 2021-08-10 07:17:58,388 [INFO] Got command from the client 'session,2021-08-10_07-02-07,stop,ranging'
ptd-server 2021-08-10 07:18:08,399 [INFO] Sending to ptd: 'Stop'
ptd-server 2021-08-10 07:18:08,399 [INFO] Reply from ptd: 'Stopping untimed measurement'
ptd-server 2021-08-10 07:18:08,414 [INFO] Sending reply to client 'OK'
ptd-server 2021-08-10 07:18:08,695 [INFO] Got command from the client 'time'
ptd-server 2021-08-10 07:18:08,695 [INFO] Sending reply to client '1628605088.6959443'
ptd-server 2021-08-10 07:18:08,695 [INFO] Got command from the client 'session,2021-08-10_07-02-07,start,testing'
ptd-server 2021-08-10 07:18:08,711 [INFO] Sending to ptd: 'SR,V,120.810000'
ptd-server 2021-08-10 07:18:10,492 [INFO] Reply from ptd: 'Range V changed'
ptd-server 2021-08-10 07:18:10,492 [INFO] Sending to ptd: 'SR,A,0.360500'
ptd-server 2021-08-10 07:18:12,023 [INFO] Reply from ptd: 'Range A changed'
ptd-server 2021-08-10 07:18:22,035 [INFO] Starting testing mode
ptd-server 2021-08-10 07:18:22,035 [INFO] Sending to ptd: 'Go,1000,0,2021-08-10_07-02-07_testing'
ptd-server 2021-08-10 07:18:22,035 [INFO] Reply from ptd: 'Starting untimed measurement, maximum 500000 samples at 1000ms with 0 rampup samples'
ptd-server 2021-08-10 07:18:22,035 [INFO] Sending reply to client 'OK'
ptd-server 2021-08-10 07:33:40,919 [INFO] Got command from the client 'session,2021-08-10_07-02-07,stop,testing'
ptd-server 2021-08-10 07:33:50,931 [INFO] Sending to ptd: 'Stop'
ptd-server 2021-08-10 07:33:50,931 [INFO] Reply from ptd: 'Stopping untimed measurement'
ptd-server 2021-08-10 07:33:50,947 [INFO] Sending reply to client 'OK'
ptd-server 2021-08-10 07:33:50,994 [INFO] Got command from the client 'session,2021-08-10_07-02-07,done'
ptd-server 2021-08-10 07:33:50,994 [INFO] Sending to ptd: 'Stop'
ptd-server 2021-08-10 07:33:51,040 [INFO] Reply from ptd: 'Error: no measurement to stop'
ptd-server 2021-08-10 07:33:51,040 [INFO] Sending to ptd: 'SR,V,Auto'
ptd-server 2021-08-10 07:33:51,556 [INFO] Reply from ptd: 'Range V changed'
ptd-server 2021-08-10 07:33:51,556 [INFO] Sending to ptd: 'SR,A,1.000000'
ptd-server 2021-08-10 07:33:53,087 [INFO] Reply from ptd: 'Range A changed'
ptd-server 2021-08-10 07:33:53,087 [INFO] Set initial values for Amps 1.000000 and Volts Auto
ptd-server 2021-08-10 07:33:53,087 [INFO] Stopping ptd...
