ptd-server 2021-08-08 22:07:24,466 [INFO] Got command from the client 'time'
ptd-server 2021-08-08 22:07:24,466 [INFO] Sending reply to client '1628456844.4662063'
ptd-server 2021-08-08 22:07:24,467 [INFO] Got command from the client 'new,,9b32e0d8-c5d2-4d25-9ab7-3ac574cad8b9'
ptd-server 2021-08-08 22:07:24,467 [INFO] Sending reply to client 'OK 2021-08-08_22-07-24,21d6732e-a5d9-4c8a-8e41-deb3dc1eef5e'
ptd-server 2021-08-08 22:07:24,505 [INFO] Got command from the client 'time'
ptd-server 2021-08-08 22:07:24,505 [INFO] Sending reply to client '1628456844.5059643'
ptd-server 2021-08-08 22:07:24,508 [INFO] Got command from the client 'session,2021-08-08_22-07-24,start,ranging'
ptd-server 2021-08-08 22:07:24,508 [INFO] Running PTDaemon: ['/home/anton/projects/mlperf/power/inference_v1.0/ptd-linux-x86', '-l', '/tmp/tmpr3iqmcco/ptd_logfile.txt', '-p', '8888', '49', '/dev/usbtmc0']
ptd-server 2021-08-08 22:07:41,681 [INFO] Sending to ptd: 'Hello'
ptd-server 2021-08-08 22:07:41,682 [INFO] Reply from ptd: 'Hello, PTDaemon here!'
ptd-server 2021-08-08 22:07:41,682 [INFO] Sending to ptd: 'Identify'
ptd-server 2021-08-08 22:07:41,683 [INFO] Reply from ptd: 'YokogawaWT310E,1000,1,1,1,1,0,1,1,version=1.9.2-e8c7a49a-20201208,OS=Linux 5.8.0-63-generic #71~20.04.1-Ubuntu SMP Thu Jul 15 17:46:08 UTC 2021 x86_64,mode=power,1,1,1,0,0,no_cal_date,YOKOGAWA;WT310E;C3XA04010E;F1.04'
ptd-server 2021-08-08 22:07:41,683 [INFO] Connected to PTDaemon
ptd-server 2021-08-08 22:07:41,683 [INFO] Sending to ptd: 'RR'
ptd-server 2021-08-08 22:07:41,683 [INFO] Reply from ptd: 'Ranges,0,0.500000,0,300.000000'
ptd-server 2021-08-08 22:07:41,683 [INFO] Initial range for Amps is 0.500000 for Volts is 300.000000
ptd-server 2021-08-08 22:07:41,683 [INFO] Sending to ptd: 'SR,V,Auto'
ptd-server 2021-08-08 22:07:42,186 [INFO] Reply from ptd: 'Range V changed'
ptd-server 2021-08-08 22:07:42,186 [INFO] Sending to ptd: 'SR,A,Auto'
ptd-server 2021-08-08 22:07:42,688 [INFO] Reply from ptd: 'Range A changed'
ptd-server 2021-08-08 22:07:52,699 [INFO] Starting ranging mode
ptd-server 2021-08-08 22:07:52,699 [INFO] Sending to ptd: 'Go,1000,0,2021-08-08_22-07-24_ranging'
ptd-server 2021-08-08 22:07:52,699 [INFO] Reply from ptd: 'Starting untimed measurement, maximum 500000 samples at 1000ms with 0 rampup samples'
ptd-server 2021-08-08 22:07:52,699 [INFO] Sending reply to client 'OK'
ptd-server 2021-08-08 22:18:12,457 [INFO] Got command from the client 'session,2021-08-08_22-07-24,stop,ranging'
ptd-server 2021-08-08 22:18:22,468 [INFO] Sending to ptd: 'Stop'
ptd-server 2021-08-08 22:18:22,468 [INFO] Reply from ptd: 'Stopping untimed measurement'
ptd-server 2021-08-08 22:18:22,656 [INFO] Sending reply to client 'OK'
ptd-server 2021-08-08 22:18:22,735 [INFO] Got command from the client 'time'
ptd-server 2021-08-08 22:18:22,735 [INFO] Sending reply to client '1628457502.7359388'
ptd-server 2021-08-08 22:18:22,737 [INFO] Got command from the client 'session,2021-08-08_22-07-24,start,testing'
ptd-server 2021-08-08 22:18:22,738 [INFO] Sending to ptd: 'SR,V,249.180000'
ptd-server 2021-08-08 22:18:24,239 [INFO] Reply from ptd: 'Range V changed'
ptd-server 2021-08-08 22:18:24,239 [INFO] Sending to ptd: 'SR,A,0.210290'
ptd-server 2021-08-08 22:18:25,740 [INFO] Reply from ptd: 'Range A changed'
ptd-server 2021-08-08 22:18:35,751 [INFO] Starting testing mode
ptd-server 2021-08-08 22:18:35,751 [INFO] Sending to ptd: 'Go,1000,0,2021-08-08_22-07-24_testing'
ptd-server 2021-08-08 22:18:35,751 [INFO] Reply from ptd: 'Starting untimed measurement, maximum 500000 samples at 1000ms with 0 rampup samples'
ptd-server 2021-08-08 22:18:35,751 [INFO] Sending reply to client 'OK'
ptd-server 2021-08-08 22:28:55,186 [INFO] Got command from the client 'session,2021-08-08_22-07-24,stop,testing'
ptd-server 2021-08-08 22:29:05,196 [INFO] Sending to ptd: 'Stop'
ptd-server 2021-08-08 22:29:05,197 [INFO] Reply from ptd: 'Stopping untimed measurement'
ptd-server 2021-08-08 22:29:05,303 [INFO] Sending reply to client 'OK'
ptd-server 2021-08-08 22:29:05,313 [INFO] Got command from the client 'session,2021-08-08_22-07-24,done'
ptd-server 2021-08-08 22:29:05,313 [INFO] Sending to ptd: 'Stop'
ptd-server 2021-08-08 22:29:05,752 [INFO] Reply from ptd: 'Error: no measurement to stop'
ptd-server 2021-08-08 22:29:05,752 [INFO] Sending to ptd: 'SR,V,300.000000'
ptd-server 2021-08-08 22:29:07,253 [INFO] Reply from ptd: 'Range V changed'
ptd-server 2021-08-08 22:29:07,253 [INFO] Sending to ptd: 'SR,A,0.500000'
ptd-server 2021-08-08 22:29:08,755 [INFO] Reply from ptd: 'Range A changed'
ptd-server 2021-08-08 22:29:08,755 [INFO] Set initial values for Amps 0.500000 and Volts 300.000000
ptd-server 2021-08-08 22:29:08,755 [INFO] Stopping ptd...
