ptd-server 2021-08-06 01:58:37,611 [INFO] Got command from the client 'stop'
ptd-server 2021-08-06 01:58:37,611 [INFO] The server will be stopped after processing this client
ptd-server 2021-08-06 01:58:37,611 [INFO] Sending reply to client 'OK'
ptd-server 2021-08-06 01:58:37,814 [INFO] Got command from the client 'time'
ptd-server 2021-08-06 01:58:37,830 [INFO] Sending reply to client '1628240317.8149714'
ptd-server 2021-08-06 01:58:37,830 [INFO] Got command from the client 'new,,c1bc5393-68a4-4fe9-85e3-b53b14a1689f'
ptd-server 2021-08-06 01:58:37,830 [INFO] Sending reply to client 'OK 2021-08-06_01-58-37,f7c176fb-0c9a-4b96-b8de-650d49bfd033'
ptd-server 2021-08-06 01:58:38,037 [INFO] Got command from the client 'time'
ptd-server 2021-08-06 01:58:38,037 [INFO] Sending reply to client '1628240318.0372036'
ptd-server 2021-08-06 01:58:38,037 [INFO] Got command from the client 'session,2021-08-06_01-58-37,start,ranging'
ptd-server 2021-08-06 01:58:38,146 [INFO] Running PTDaemon: ['C:\\PTD\\ptd-windows-x86.exe', '-l', 'C:\\Users\\lab\\AppData\\Local\\Temp\\tmp6400eydd\\ptd_logfile.txt', '-p', '8888', '-c', '1', '-y', '52', '172.18.220.100']
ptd-server 2021-08-06 01:58:56,726 [INFO] Sending to ptd: 'Hello'
ptd-server 2021-08-06 01:58:56,726 [INFO] Reply from ptd: 'Hello, PTDaemon here!'
ptd-server 2021-08-06 01:58:56,726 [INFO] Sending to ptd: 'Identify'
ptd-server 2021-08-06 01:58:56,726 [INFO] Reply from ptd: 'YokogawaWT330E,1000,1,1,1,1,0,0,1,version=1.9.2-3976349f-20201208,OS=Windows 8 / Server 2012,mode=power,1,1,1,0,0,no_cal_date,YOKOGAWA;WT333E;C2WC23035V;F1.04'
ptd-server 2021-08-06 01:58:56,726 [INFO] Connected to PTDaemon
ptd-server 2021-08-06 01:58:56,726 [INFO] Sending to ptd: 'RR'
ptd-server 2021-08-06 01:58:56,726 [INFO] Reply from ptd: 'Ranges,1,5.000000,1,300.000000'
ptd-server 2021-08-06 01:58:56,726 [INFO] Initial range for Amps is Auto for Volts is Auto
ptd-server 2021-08-06 01:58:56,726 [INFO] Sending to ptd: 'SR,V,Auto'
ptd-server 2021-08-06 01:58:57,236 [INFO] Reply from ptd: 'Range V changed'
ptd-server 2021-08-06 01:58:57,236 [INFO] Sending to ptd: 'SR,A,20'
ptd-server 2021-08-06 01:58:58,759 [INFO] Reply from ptd: 'Range A changed'
ptd-server 2021-08-06 01:59:08,769 [INFO] Starting ranging mode
ptd-server 2021-08-06 01:59:08,769 [INFO] Sending to ptd: 'Go,1000,0,2021-08-06_01-58-37_ranging'
ptd-server 2021-08-06 01:59:08,769 [INFO] Reply from ptd: 'Starting untimed measurement, maximum 500000 samples at 1000ms with 0 rampup samples'
ptd-server 2021-08-06 01:59:08,769 [INFO] Sending reply to client 'OK'
ptd-server 2021-08-06 02:09:46,399 [INFO] Got command from the client 'session,2021-08-06_01-58-37,stop,ranging'
ptd-server 2021-08-06 02:09:56,411 [INFO] Sending to ptd: 'Stop'
ptd-server 2021-08-06 02:09:56,411 [INFO] Reply from ptd: 'Stopping untimed measurement'
ptd-server 2021-08-06 02:09:56,427 [INFO] Sending reply to client 'OK'
ptd-server 2021-08-06 02:09:56,666 [INFO] Got command from the client 'time'
ptd-server 2021-08-06 02:09:56,666 [INFO] Sending reply to client '1628240996.6662226'
ptd-server 2021-08-06 02:09:56,666 [INFO] Got command from the client 'session,2021-08-06_01-58-37,start,testing'
ptd-server 2021-08-06 02:09:56,666 [INFO] Sending to ptd: 'SR,V,206.550000'
ptd-server 2021-08-06 02:09:58,291 [INFO] Reply from ptd: 'Range V changed'
ptd-server 2021-08-06 02:09:58,291 [INFO] Sending to ptd: 'SR,A,6.278000'
ptd-server 2021-08-06 02:09:59,826 [INFO] Reply from ptd: 'Range A changed'
ptd-server 2021-08-06 02:10:09,826 [INFO] Starting testing mode
ptd-server 2021-08-06 02:10:09,826 [INFO] Sending to ptd: 'Go,1000,0,2021-08-06_01-58-37_testing'
ptd-server 2021-08-06 02:10:09,826 [INFO] Reply from ptd: 'Starting untimed measurement, maximum 500000 samples at 1000ms with 0 rampup samples'
ptd-server 2021-08-06 02:10:09,826 [INFO] Sending reply to client 'OK'
ptd-server 2021-08-06 02:20:45,472 [INFO] Got command from the client 'session,2021-08-06_01-58-37,stop,testing'
ptd-server 2021-08-06 02:20:55,488 [INFO] Sending to ptd: 'Stop'
ptd-server 2021-08-06 02:20:55,488 [INFO] Reply from ptd: 'Stopping untimed measurement'
ptd-server 2021-08-06 02:20:55,488 [INFO] Sending reply to client 'OK'
ptd-server 2021-08-06 02:20:55,551 [INFO] Got command from the client 'session,2021-08-06_01-58-37,done'
ptd-server 2021-08-06 02:20:55,551 [INFO] Sending to ptd: 'Stop'
ptd-server 2021-08-06 02:20:55,832 [INFO] Reply from ptd: 'Error: no measurement to stop'
ptd-server 2021-08-06 02:20:55,832 [INFO] Sending to ptd: 'SR,V,Auto'
ptd-server 2021-08-06 02:20:56,337 [INFO] Reply from ptd: 'Range V changed'
ptd-server 2021-08-06 02:20:56,337 [INFO] Sending to ptd: 'SR,A,Auto'
ptd-server 2021-08-06 02:20:56,856 [INFO] Reply from ptd: 'Range A changed'
ptd-server 2021-08-06 02:20:56,856 [INFO] Set initial values for Amps Auto and Volts Auto
ptd-server 2021-08-06 02:20:56,856 [INFO] Stopping ptd...
