ptd-server 2021-08-06 02:22:05,181 [INFO] Got command from the client 'stop'
ptd-server 2021-08-06 02:22:05,181 [INFO] The server will be stopped after processing this client
ptd-server 2021-08-06 02:22:05,181 [INFO] Sending reply to client 'OK'
ptd-server 2021-08-06 02:22:05,386 [INFO] Got command from the client 'time'
ptd-server 2021-08-06 02:22:05,386 [INFO] Sending reply to client '1628241725.3868454'
ptd-server 2021-08-06 02:22:05,386 [INFO] Got command from the client 'new,,12c37a39-8c03-43d1-b76a-c527c252d67a'
ptd-server 2021-08-06 02:22:05,386 [INFO] Sending reply to client 'OK 2021-08-06_02-22-05,f89d143c-f837-4e5b-9eea-159e7ed33a31'
ptd-server 2021-08-06 02:22:05,588 [INFO] Got command from the client 'time'
ptd-server 2021-08-06 02:22:05,588 [INFO] Sending reply to client '1628241725.588183'
ptd-server 2021-08-06 02:22:05,588 [INFO] Got command from the client 'session,2021-08-06_02-22-05,start,ranging'
ptd-server 2021-08-06 02:22:05,697 [INFO] Running PTDaemon: ['C:\\PTD\\ptd-windows-x86.exe', '-l', 'C:\\Users\\lab\\AppData\\Local\\Temp\\tmpy_r992zj\\ptd_logfile.txt', '-p', '8888', '-c', '1', '-y', '52', '172.18.220.100']
ptd-server 2021-08-06 02:22:23,298 [INFO] Sending to ptd: 'Hello'
ptd-server 2021-08-06 02:22:23,298 [INFO] Reply from ptd: 'Hello, PTDaemon here!'
ptd-server 2021-08-06 02:22:23,298 [INFO] Sending to ptd: 'Identify'
ptd-server 2021-08-06 02:22:23,298 [INFO] Reply from ptd: 'YokogawaWT330E,1000,1,1,1,1,0,0,1,version=1.9.2-3976349f-20201208,OS=Windows 8 / Server 2012,mode=power,1,1,1,0,0,no_cal_date,YOKOGAWA;WT333E;C2WC23035V;F1.04'
ptd-server 2021-08-06 02:22:23,298 [INFO] Connected to PTDaemon
ptd-server 2021-08-06 02:22:23,298 [INFO] Sending to ptd: 'RR'
ptd-server 2021-08-06 02:22:23,298 [INFO] Reply from ptd: 'Ranges,1,5.000000,1,300.000000'
ptd-server 2021-08-06 02:22:23,298 [INFO] Initial range for Amps is Auto for Volts is Auto
ptd-server 2021-08-06 02:22:23,298 [INFO] Sending to ptd: 'SR,V,Auto'
ptd-server 2021-08-06 02:22:23,814 [INFO] Reply from ptd: 'Range V changed'
ptd-server 2021-08-06 02:22:23,814 [INFO] Sending to ptd: 'SR,A,20'
ptd-server 2021-08-06 02:22:25,338 [INFO] Reply from ptd: 'Range A changed'
ptd-server 2021-08-06 02:22:35,343 [INFO] Starting ranging mode
ptd-server 2021-08-06 02:22:35,343 [INFO] Sending to ptd: 'Go,1000,0,2021-08-06_02-22-05_ranging'
ptd-server 2021-08-06 02:22:35,343 [INFO] Reply from ptd: 'Starting untimed measurement, maximum 500000 samples at 1000ms with 0 rampup samples'
ptd-server 2021-08-06 02:22:35,343 [INFO] Sending reply to client 'OK'
ptd-server 2021-08-06 02:33:22,833 [INFO] Got command from the client 'session,2021-08-06_02-22-05,stop,ranging'
ptd-server 2021-08-06 02:33:32,838 [INFO] Sending to ptd: 'Stop'
ptd-server 2021-08-06 02:33:32,838 [INFO] Reply from ptd: 'Stopping untimed measurement'
ptd-server 2021-08-06 02:33:32,854 [INFO] Sending reply to client 'OK'
ptd-server 2021-08-06 02:33:33,073 [INFO] Got command from the client 'time'
ptd-server 2021-08-06 02:33:33,073 [INFO] Sending reply to client '1628242413.0730321'
ptd-server 2021-08-06 02:33:33,073 [INFO] Got command from the client 'session,2021-08-06_02-22-05,start,testing'
ptd-server 2021-08-06 02:33:33,073 [INFO] Sending to ptd: 'SR,V,206.480000'
ptd-server 2021-08-06 02:33:34,877 [INFO] Reply from ptd: 'Range V changed'
ptd-server 2021-08-06 02:33:34,877 [INFO] Sending to ptd: 'SR,A,6.286000'
ptd-server 2021-08-06 02:33:36,402 [INFO] Reply from ptd: 'Range A changed'
ptd-server 2021-08-06 02:33:46,409 [INFO] Starting testing mode
ptd-server 2021-08-06 02:33:46,409 [INFO] Sending to ptd: 'Go,1000,0,2021-08-06_02-22-05_testing'
ptd-server 2021-08-06 02:33:46,409 [INFO] Reply from ptd: 'Starting untimed measurement, maximum 500000 samples at 1000ms with 0 rampup samples'
ptd-server 2021-08-06 02:33:46,409 [INFO] Sending reply to client 'OK'
ptd-server 2021-08-06 02:44:35,246 [INFO] Got command from the client 'session,2021-08-06_02-22-05,stop,testing'
ptd-server 2021-08-06 02:44:45,254 [INFO] Sending to ptd: 'Stop'
ptd-server 2021-08-06 02:44:45,254 [INFO] Reply from ptd: 'Stopping untimed measurement'
ptd-server 2021-08-06 02:44:45,269 [INFO] Sending reply to client 'OK'
ptd-server 2021-08-06 02:44:45,285 [INFO] Got command from the client 'session,2021-08-06_02-22-05,done'
ptd-server 2021-08-06 02:44:45,285 [INFO] Sending to ptd: 'Stop'
ptd-server 2021-08-06 02:44:45,426 [INFO] Reply from ptd: 'Error: no measurement to stop'
ptd-server 2021-08-06 02:44:45,426 [INFO] Sending to ptd: 'SR,V,Auto'
ptd-server 2021-08-06 02:44:45,942 [INFO] Reply from ptd: 'Range V changed'
ptd-server 2021-08-06 02:44:45,942 [INFO] Sending to ptd: 'SR,A,Auto'
ptd-server 2021-08-06 02:44:46,457 [INFO] Reply from ptd: 'Range A changed'
ptd-server 2021-08-06 02:44:46,457 [INFO] Set initial values for Amps Auto and Volts Auto
ptd-server 2021-08-06 02:44:46,457 [INFO] Stopping ptd...
