ptd-server 2021-08-12 04:14:02,614 [INFO] Got command from the client 'stop'
ptd-server 2021-08-12 04:14:02,614 [INFO] The server will be stopped after processing this client
ptd-server 2021-08-12 04:14:02,614 [INFO] Sending reply to client 'OK'
ptd-server 2021-08-12 04:14:02,624 [INFO] Got command from the client 'time'
ptd-server 2021-08-12 04:14:02,624 [INFO] Sending reply to client '1628741642.6242795'
ptd-server 2021-08-12 04:14:02,624 [INFO] Got command from the client 'new,,5662f8e2-f84d-4515-aac8-7bf166becf8e'
ptd-server 2021-08-12 04:14:02,624 [INFO] Sending reply to client 'OK 2021-08-12_04-14-02,02772db3-c1bb-4f76-a8f2-a29c4b79f30e'
ptd-server 2021-08-12 04:14:02,634 [INFO] Got command from the client 'time'
ptd-server 2021-08-12 04:14:02,634 [INFO] Sending reply to client '1628741642.6342707'
ptd-server 2021-08-12 04:14:02,634 [INFO] Got command from the client 'session,2021-08-12_04-14-02,start,ranging'
ptd-server 2021-08-12 04:14:02,734 [INFO] Running PTDaemon: ['.\\ptd-windows-x86.exe', '-l', 'C:\\Users\\root\\AppData\\Local\\Temp\\tmpsgh5lfn2\\ptd_logfile.txt', '-p', '8888', '-g', '8', '1']
ptd-server 2021-08-12 04:14:15,469 [INFO] Sending to ptd: 'Hello'
ptd-server 2021-08-12 04:14:15,469 [INFO] Reply from ptd: 'Hello, PTDaemon here!'
ptd-server 2021-08-12 04:14:15,469 [INFO] Sending to ptd: 'Identify'
ptd-server 2021-08-12 04:14:15,469 [INFO] Reply from ptd: 'YokogawaWT210,1000,1,1,1,1,0,0,1,version=1.9.2-3976349f-20201208,OS=Windows 8 / Server 2012,mode=power,1,1,1,0,0,no_cal_date,YOKOGAWA;760401;0;F1.12'
ptd-server 2021-08-12 04:14:15,469 [INFO] Connected to PTDaemon
ptd-server 2021-08-12 04:14:15,469 [INFO] Sending to ptd: 'RR'
ptd-server 2021-08-12 04:14:15,469 [INFO] Reply from ptd: 'Ranges,1,5.000000,1,150.000000'
ptd-server 2021-08-12 04:14:15,469 [INFO] Initial range for Amps is Auto for Volts is Auto
ptd-server 2021-08-12 04:14:15,469 [INFO] Sending to ptd: 'SR,V,Auto'
ptd-server 2021-08-12 04:14:15,996 [INFO] Reply from ptd: 'Range V changed'
ptd-server 2021-08-12 04:14:15,996 [INFO] Sending to ptd: 'SR,A,20'
ptd-server 2021-08-12 04:14:17,527 [INFO] Reply from ptd: 'Range A changed'
ptd-server 2021-08-12 04:14:27,540 [INFO] Starting ranging mode
ptd-server 2021-08-12 04:14:27,540 [INFO] Sending to ptd: 'Go,1000,0,2021-08-12_04-14-02_ranging'
ptd-server 2021-08-12 04:14:27,540 [INFO] Reply from ptd: 'Starting untimed measurement, maximum 500000 samples at 1000ms with 0 rampup samples'
ptd-server 2021-08-12 04:14:27,540 [INFO] Sending reply to client 'OK'
ptd-server 2021-08-12 04:26:48,599 [INFO] Got command from the client 'session,2021-08-12_04-14-02,stop,ranging'
ptd-server 2021-08-12 04:26:58,607 [INFO] Sending to ptd: 'Stop'
ptd-server 2021-08-12 04:26:58,607 [INFO] Reply from ptd: 'Stopping untimed measurement'
ptd-server 2021-08-12 04:26:58,637 [INFO] Sending reply to client 'OK'
ptd-server 2021-08-12 04:26:58,647 [INFO] Got command from the client 'time'
ptd-server 2021-08-12 04:26:58,647 [INFO] Sending reply to client '1628742418.6474838'
ptd-server 2021-08-12 04:26:58,647 [INFO] Got command from the client 'session,2021-08-12_04-14-02,start,testing'
ptd-server 2021-08-12 04:26:58,647 [INFO] Sending to ptd: 'SR,V,121.440000'
ptd-server 2021-08-12 04:27:01,060 [INFO] Reply from ptd: 'Range V changed'
ptd-server 2021-08-12 04:27:01,060 [INFO] Sending to ptd: 'SR,A,5.080000'
ptd-server 2021-08-12 04:27:02,586 [INFO] Reply from ptd: 'Range A changed'
ptd-server 2021-08-12 04:27:12,587 [INFO] Starting testing mode
ptd-server 2021-08-12 04:27:12,587 [INFO] Sending to ptd: 'Go,1000,0,2021-08-12_04-14-02_testing'
ptd-server 2021-08-12 04:27:12,587 [INFO] Reply from ptd: 'Starting untimed measurement, maximum 500000 samples at 1000ms with 0 rampup samples'
ptd-server 2021-08-12 04:27:12,587 [INFO] Sending reply to client 'OK'
ptd-server 2021-08-12 04:39:35,520 [INFO] Got command from the client 'session,2021-08-12_04-14-02,stop,testing'
ptd-server 2021-08-12 04:39:45,531 [INFO] Sending to ptd: 'Stop'
ptd-server 2021-08-12 04:39:45,531 [INFO] Reply from ptd: 'Stopping untimed measurement'
ptd-server 2021-08-12 04:39:45,541 [INFO] Sending reply to client 'OK'
ptd-server 2021-08-12 04:39:45,551 [INFO] Got command from the client 'session,2021-08-12_04-14-02,done'
ptd-server 2021-08-12 04:39:45,551 [INFO] Sending to ptd: 'Stop'
ptd-server 2021-08-12 04:39:45,601 [INFO] Reply from ptd: 'Error: no measurement to stop'
ptd-server 2021-08-12 04:39:45,601 [INFO] Sending to ptd: 'SR,V,Auto'
ptd-server 2021-08-12 04:39:46,121 [INFO] Reply from ptd: 'Range V changed'
ptd-server 2021-08-12 04:39:46,121 [INFO] Sending to ptd: 'SR,A,Auto'
ptd-server 2021-08-12 04:39:46,651 [INFO] Reply from ptd: 'Range A changed'
ptd-server 2021-08-12 04:39:46,651 [INFO] Set initial values for Amps Auto and Volts Auto
ptd-server 2021-08-12 04:39:46,651 [INFO] Stopping ptd...
