ptd-server 2021-08-08 11:34:34,248 [INFO] Got command from the client 'time'
ptd-server 2021-08-08 11:34:34,248 [INFO] Sending reply to client '1628418874.2483032'
ptd-server 2021-08-08 11:34:34,250 [INFO] Got command from the client 'new,,d1696e41-17da-4888-9771-68408b38c5e4'
ptd-server 2021-08-08 11:34:34,250 [INFO] Sending reply to client 'OK 2021-08-08_11-34-34,a98fa39f-b897-4efb-b70d-cab8c3a0f816'
ptd-server 2021-08-08 11:34:34,289 [INFO] Got command from the client 'time'
ptd-server 2021-08-08 11:34:34,289 [INFO] Sending reply to client '1628418874.289521'
ptd-server 2021-08-08 11:34:34,291 [INFO] Got command from the client 'session,2021-08-08_11-34-34,start,ranging'
ptd-server 2021-08-08 11:34:34,291 [INFO] Running PTDaemon: ['/home/anton/projects/mlperf/power/inference_v1.0/ptd-linux-x86', '-l', '/tmp/tmpr3iqmcco/ptd_logfile.txt', '-p', '8888', '49', '/dev/usbtmc0']
ptd-server 2021-08-08 11:34:51,465 [INFO] Sending to ptd: 'Hello'
ptd-server 2021-08-08 11:34:51,465 [INFO] Reply from ptd: 'Hello, PTDaemon here!'
ptd-server 2021-08-08 11:34:51,466 [INFO] Sending to ptd: 'Identify'
ptd-server 2021-08-08 11:34:51,466 [INFO] Reply from ptd: 'YokogawaWT310E,1000,1,1,1,1,0,1,1,version=1.9.2-e8c7a49a-20201208,OS=Linux 5.8.0-63-generic #71~20.04.1-Ubuntu SMP Thu Jul 15 17:46:08 UTC 2021 x86_64,mode=power,1,1,1,0,0,no_cal_date,YOKOGAWA;WT310E;C3XA04010E;F1.04'
ptd-server 2021-08-08 11:34:51,466 [INFO] Connected to PTDaemon
ptd-server 2021-08-08 11:34:51,466 [INFO] Sending to ptd: 'RR'
ptd-server 2021-08-08 11:34:51,467 [INFO] Reply from ptd: 'Ranges,0,0.500000,0,300.000000'
ptd-server 2021-08-08 11:34:51,467 [INFO] Initial range for Amps is 0.500000 for Volts is 300.000000
ptd-server 2021-08-08 11:34:51,467 [INFO] Sending to ptd: 'SR,V,Auto'
ptd-server 2021-08-08 11:34:51,970 [INFO] Reply from ptd: 'Range V changed'
ptd-server 2021-08-08 11:34:51,970 [INFO] Sending to ptd: 'SR,A,Auto'
ptd-server 2021-08-08 11:34:52,472 [INFO] Reply from ptd: 'Range A changed'
ptd-server 2021-08-08 11:35:02,482 [INFO] Starting ranging mode
ptd-server 2021-08-08 11:35:02,483 [INFO] Sending to ptd: 'Go,1000,0,2021-08-08_11-34-34_ranging'
ptd-server 2021-08-08 11:35:02,483 [INFO] Reply from ptd: 'Starting untimed measurement, maximum 500000 samples at 1000ms with 0 rampup samples'
ptd-server 2021-08-08 11:35:02,483 [INFO] Sending reply to client 'OK'
ptd-server 2021-08-08 11:45:22,062 [INFO] Got command from the client 'session,2021-08-08_11-34-34,stop,ranging'
ptd-server 2021-08-08 11:45:32,072 [INFO] Sending to ptd: 'Stop'
ptd-server 2021-08-08 11:45:32,073 [INFO] Reply from ptd: 'Stopping untimed measurement'
ptd-server 2021-08-08 11:45:32,212 [INFO] Sending reply to client 'OK'
ptd-server 2021-08-08 11:45:32,268 [INFO] Got command from the client 'time'
ptd-server 2021-08-08 11:45:32,268 [INFO] Sending reply to client '1628419532.2685428'
ptd-server 2021-08-08 11:45:32,270 [INFO] Got command from the client 'session,2021-08-08_11-34-34,start,testing'
ptd-server 2021-08-08 11:45:32,270 [INFO] Sending to ptd: 'SR,V,249.110000'
ptd-server 2021-08-08 11:45:33,985 [INFO] Reply from ptd: 'Range V changed'
ptd-server 2021-08-08 11:45:33,985 [INFO] Sending to ptd: 'SR,A,0.178400'
ptd-server 2021-08-08 11:45:35,486 [INFO] Reply from ptd: 'Range A changed'
ptd-server 2021-08-08 11:45:45,497 [INFO] Starting testing mode
ptd-server 2021-08-08 11:45:45,497 [INFO] Sending to ptd: 'Go,1000,0,2021-08-08_11-34-34_testing'
ptd-server 2021-08-08 11:45:45,497 [INFO] Reply from ptd: 'Starting untimed measurement, maximum 500000 samples at 1000ms with 0 rampup samples'
ptd-server 2021-08-08 11:45:45,497 [INFO] Sending reply to client 'OK'
ptd-server 2021-08-08 11:56:05,088 [INFO] Got command from the client 'session,2021-08-08_11-34-34,stop,testing'
ptd-server 2021-08-08 11:56:15,098 [INFO] Sending to ptd: 'Stop'
ptd-server 2021-08-08 11:56:15,099 [INFO] Reply from ptd: 'Stopping untimed measurement'
ptd-server 2021-08-08 11:56:15,173 [INFO] Sending reply to client 'OK'
ptd-server 2021-08-08 11:56:15,197 [INFO] Got command from the client 'session,2021-08-08_11-34-34,done'
ptd-server 2021-08-08 11:56:15,197 [INFO] Sending to ptd: 'Stop'
ptd-server 2021-08-08 11:56:15,498 [INFO] Reply from ptd: 'Error: no measurement to stop'
ptd-server 2021-08-08 11:56:15,498 [INFO] Sending to ptd: 'SR,V,300.000000'
ptd-server 2021-08-08 11:56:16,999 [INFO] Reply from ptd: 'Range V changed'
ptd-server 2021-08-08 11:56:17,000 [INFO] Sending to ptd: 'SR,A,0.500000'
ptd-server 2021-08-08 11:56:18,501 [INFO] Reply from ptd: 'Range A changed'
ptd-server 2021-08-08 11:56:18,501 [INFO] Set initial values for Amps 0.500000 and Volts 300.000000
ptd-server 2021-08-08 11:56:18,501 [INFO] Stopping ptd...
