ptd-server 2021-08-13 05:06:05,497 [INFO] Got command from the client 'time'
ptd-server 2021-08-13 05:06:05,498 [INFO] Sending reply to client '1628849165.49819'
ptd-server 2021-08-13 05:06:05,499 [INFO] Got command from the client 'new,,f8baece1-2f3a-47c8-8732-348e8ee89c6f'
ptd-server 2021-08-13 05:06:05,499 [INFO] Sending reply to client 'OK 2021-08-13_05-06-05,c7cdf5a7-df4a-4687-b4a7-7308d4f16aca'
ptd-server 2021-08-13 05:06:05,614 [INFO] Got command from the client 'time'
ptd-server 2021-08-13 05:06:05,614 [INFO] Sending reply to client '1628849165.6148367'
ptd-server 2021-08-13 05:06:05,615 [INFO] Got command from the client 'session,2021-08-13_05-06-05,start,ranging'
ptd-server 2021-08-13 05:06:05,616 [INFO] Running PTDaemon: ['/local/mnt/workspace/mlcommons/power-main/inference_v1.0/ptd-linux-x86', '-l', '/tmp/tmpn1gwi8yw/ptd_logfile.txt', '-p', '8888', '49', '/dev/usbtmc0']
ptd-server 2021-08-13 05:06:22,733 [INFO] Sending to ptd: 'Hello'
ptd-server 2021-08-13 05:06:22,734 [INFO] Reply from ptd: 'Hello, PTDaemon here!'
ptd-server 2021-08-13 05:06:22,734 [INFO] Sending to ptd: 'Identify'
ptd-server 2021-08-13 05:06:22,735 [INFO] Reply from ptd: 'YokogawaWT310E,1000,1,1,1,1,0,1,1,version=1.9.2-e8c7a49a-20201208,OS=Linux 4.15.0-64-generic #73-Ubuntu SMP Thu Sep 12 13:16:13 UTC 2019 x86_64,mode=power,1,1,1,0,0,no_cal_date,YOKOGAWA;WT310E;C2XF16028V;F1.04'
ptd-server 2021-08-13 05:06:22,735 [INFO] Connected to PTDaemon
ptd-server 2021-08-13 05:06:22,735 [INFO] Sending to ptd: 'RR'
ptd-server 2021-08-13 05:06:22,736 [INFO] Reply from ptd: 'Ranges,1,5.000000,1,150.000000'
ptd-server 2021-08-13 05:06:22,736 [INFO] Initial range for Amps is Auto for Volts is Auto
ptd-server 2021-08-13 05:06:22,736 [INFO] Sending to ptd: 'SR,V,Auto'
ptd-server 2021-08-13 05:06:23,239 [INFO] Reply from ptd: 'Range V changed'
ptd-server 2021-08-13 05:06:23,239 [INFO] Sending to ptd: 'SR,A,Auto'
ptd-server 2021-08-13 05:06:23,742 [INFO] Reply from ptd: 'Range A changed'
ptd-server 2021-08-13 05:06:33,753 [INFO] Starting ranging mode
ptd-server 2021-08-13 05:06:33,753 [INFO] Sending to ptd: 'Go,1000,0,2021-08-13_05-06-05_ranging'
ptd-server 2021-08-13 05:06:33,754 [INFO] Reply from ptd: 'Starting untimed measurement, maximum 500000 samples at 1000ms with 0 rampup samples'
ptd-server 2021-08-13 05:06:33,754 [INFO] Sending reply to client 'OK'
ptd-server 2021-08-13 05:17:27,934 [INFO] Got command from the client 'session,2021-08-13_05-06-05,stop,ranging'
ptd-server 2021-08-13 05:17:37,944 [INFO] Sending to ptd: 'Stop'
ptd-server 2021-08-13 05:17:37,945 [INFO] Reply from ptd: 'Stopping untimed measurement'
ptd-server 2021-08-13 05:17:37,955 [INFO] Sending reply to client 'OK'
ptd-server 2021-08-13 05:17:38,073 [INFO] Got command from the client 'time'
ptd-server 2021-08-13 05:17:38,073 [INFO] Sending reply to client '1628849858.0735207'
ptd-server 2021-08-13 05:17:38,074 [INFO] Got command from the client 'session,2021-08-13_05-06-05,start,testing'
ptd-server 2021-08-13 05:17:38,075 [INFO] Sending to ptd: 'SR,V,120.340000'
ptd-server 2021-08-13 05:17:40,255 [INFO] Reply from ptd: 'Range V changed'
ptd-server 2021-08-13 05:17:40,255 [INFO] Sending to ptd: 'SR,A,6.624000'
ptd-server 2021-08-13 05:17:41,757 [INFO] Reply from ptd: 'Range A changed'
ptd-server 2021-08-13 05:17:51,768 [INFO] Starting testing mode
ptd-server 2021-08-13 05:17:51,768 [INFO] Sending to ptd: 'Go,1000,0,2021-08-13_05-06-05_testing'
ptd-server 2021-08-13 05:17:51,769 [INFO] Reply from ptd: 'Starting untimed measurement, maximum 500000 samples at 1000ms with 0 rampup samples'
ptd-server 2021-08-13 05:17:51,769 [INFO] Sending reply to client 'OK'
ptd-server 2021-08-13 05:28:45,758 [INFO] Got command from the client 'session,2021-08-13_05-06-05,stop,testing'
ptd-server 2021-08-13 05:28:55,765 [INFO] Sending to ptd: 'Stop'
ptd-server 2021-08-13 05:28:55,766 [INFO] Reply from ptd: 'Stopping untimed measurement'
ptd-server 2021-08-13 05:28:55,771 [INFO] Sending reply to client 'OK'
ptd-server 2021-08-13 05:28:55,778 [INFO] Got command from the client 'session,2021-08-13_05-06-05,done'
ptd-server 2021-08-13 05:28:55,778 [INFO] Sending to ptd: 'Stop'
ptd-server 2021-08-13 05:28:55,779 [INFO] Reply from ptd: 'Error: no measurement to stop'
ptd-server 2021-08-13 05:28:55,779 [INFO] Sending to ptd: 'SR,V,Auto'
ptd-server 2021-08-13 05:28:56,282 [INFO] Reply from ptd: 'Range V changed'
ptd-server 2021-08-13 05:28:56,282 [INFO] Sending to ptd: 'SR,A,Auto'
ptd-server 2021-08-13 05:28:56,785 [INFO] Reply from ptd: 'Range A changed'
ptd-server 2021-08-13 05:28:56,785 [INFO] Set initial values for Amps Auto and Volts Auto
ptd-server 2021-08-13 05:28:56,785 [INFO] Stopping ptd...
