ptd-server 2021-08-04 23:07:00,176 [INFO] Got command from the client 'stop'
ptd-server 2021-08-04 23:07:00,176 [INFO] The server will be stopped after processing this client
ptd-server 2021-08-04 23:07:00,176 [INFO] Sending reply to client 'OK'
ptd-server 2021-08-04 23:07:00,379 [INFO] Got command from the client 'time'
ptd-server 2021-08-04 23:07:00,379 [INFO] Sending reply to client '1628143620.3797107'
ptd-server 2021-08-04 23:07:00,379 [INFO] Got command from the client 'new,,ebda937a-e176-480b-840f-b683a37f0dff'
ptd-server 2021-08-04 23:07:00,379 [INFO] Sending reply to client 'OK 2021-08-04_23-07-00,2e0b36d9-99f8-408a-b1f1-1b74a24f112d'
ptd-server 2021-08-04 23:07:00,582 [INFO] Got command from the client 'time'
ptd-server 2021-08-04 23:07:00,582 [INFO] Sending reply to client '1628143620.5827818'
ptd-server 2021-08-04 23:07:00,582 [INFO] Got command from the client 'session,2021-08-04_23-07-00,start,ranging'
ptd-server 2021-08-04 23:07:00,692 [INFO] Running PTDaemon: ['C:\\PTD\\ptd-windows-x86.exe', '-l', 'C:\\Users\\lab\\AppData\\Local\\Temp\\tmpw4eug4ct\\ptd_logfile.txt', '-p', '8888', '-c', '1', '-y', '52', '172.18.220.100']
ptd-server 2021-08-04 23:07:18,317 [INFO] Sending to ptd: 'Hello'
ptd-server 2021-08-04 23:07:18,317 [INFO] Reply from ptd: 'Hello, PTDaemon here!'
ptd-server 2021-08-04 23:07:18,317 [INFO] Sending to ptd: 'Identify'
ptd-server 2021-08-04 23:07:18,317 [INFO] Reply from ptd: 'YokogawaWT330E,1000,1,1,1,1,0,0,1,version=1.9.2-3976349f-20201208,OS=Windows 8 / Server 2012,mode=power,1,1,1,0,0,no_cal_date,YOKOGAWA;WT333E;C2WC23035V;F1.04'
ptd-server 2021-08-04 23:07:18,317 [INFO] Connected to PTDaemon
ptd-server 2021-08-04 23:07:18,317 [INFO] Sending to ptd: 'RR'
ptd-server 2021-08-04 23:07:18,317 [INFO] Reply from ptd: 'Ranges,1,5.000000,1,300.000000'
ptd-server 2021-08-04 23:07:18,317 [INFO] Initial range for Amps is Auto for Volts is Auto
ptd-server 2021-08-04 23:07:18,317 [INFO] Sending to ptd: 'SR,V,Auto'
ptd-server 2021-08-04 23:07:18,828 [INFO] Reply from ptd: 'Range V changed'
ptd-server 2021-08-04 23:07:18,828 [INFO] Sending to ptd: 'SR,A,20'
ptd-server 2021-08-04 23:07:20,353 [INFO] Reply from ptd: 'Range A changed'
ptd-server 2021-08-04 23:07:30,355 [INFO] Starting ranging mode
ptd-server 2021-08-04 23:07:30,355 [INFO] Sending to ptd: 'Go,1000,0,2021-08-04_23-07-00_ranging'
ptd-server 2021-08-04 23:07:30,355 [INFO] Reply from ptd: 'Starting untimed measurement, maximum 500000 samples at 1000ms with 0 rampup samples'
ptd-server 2021-08-04 23:07:30,355 [INFO] Sending reply to client 'OK'
ptd-server 2021-08-04 23:19:57,872 [INFO] Got command from the client 'session,2021-08-04_23-07-00,stop,ranging'
ptd-server 2021-08-04 23:20:07,897 [INFO] Sending to ptd: 'Stop'
ptd-server 2021-08-04 23:20:07,897 [INFO] Reply from ptd: 'Stopping untimed measurement'
ptd-server 2021-08-04 23:20:07,913 [INFO] Sending reply to client 'OK'
ptd-server 2021-08-04 23:20:08,153 [INFO] Got command from the client 'time'
ptd-server 2021-08-04 23:20:08,153 [INFO] Sending reply to client '1628144408.1530898'
ptd-server 2021-08-04 23:20:08,153 [INFO] Got command from the client 'session,2021-08-04_23-07-00,start,testing'
ptd-server 2021-08-04 23:20:08,153 [INFO] Sending to ptd: 'SR,V,206.480000'
ptd-server 2021-08-04 23:20:09,896 [INFO] Reply from ptd: 'Range V changed'
ptd-server 2021-08-04 23:20:09,896 [INFO] Sending to ptd: 'SR,A,5.674000'
ptd-server 2021-08-04 23:20:11,428 [INFO] Reply from ptd: 'Range A changed'
ptd-server 2021-08-04 23:20:21,428 [INFO] Starting testing mode
ptd-server 2021-08-04 23:20:21,428 [INFO] Sending to ptd: 'Go,1000,0,2021-08-04_23-07-00_testing'
ptd-server 2021-08-04 23:20:21,428 [INFO] Reply from ptd: 'Starting untimed measurement, maximum 500000 samples at 1000ms with 0 rampup samples'
ptd-server 2021-08-04 23:20:21,428 [INFO] Sending reply to client 'OK'
ptd-server 2021-08-04 23:32:51,010 [INFO] Got command from the client 'session,2021-08-04_23-07-00,stop,testing'
ptd-server 2021-08-04 23:33:01,024 [INFO] Sending to ptd: 'Stop'
ptd-server 2021-08-04 23:33:01,024 [INFO] Reply from ptd: 'Stopping untimed measurement'
ptd-server 2021-08-04 23:33:01,039 [INFO] Sending reply to client 'OK'
ptd-server 2021-08-04 23:33:01,071 [INFO] Got command from the client 'session,2021-08-04_23-07-00,done'
ptd-server 2021-08-04 23:33:01,071 [INFO] Sending to ptd: 'Stop'
ptd-server 2021-08-04 23:33:01,433 [INFO] Reply from ptd: 'Error: no measurement to stop'
ptd-server 2021-08-04 23:33:01,433 [INFO] Sending to ptd: 'SR,V,Auto'
ptd-server 2021-08-04 23:33:01,945 [INFO] Reply from ptd: 'Range V changed'
ptd-server 2021-08-04 23:33:01,945 [INFO] Sending to ptd: 'SR,A,Auto'
ptd-server 2021-08-04 23:33:02,456 [INFO] Reply from ptd: 'Range A changed'
ptd-server 2021-08-04 23:33:02,456 [INFO] Set initial values for Amps Auto and Volts Auto
ptd-server 2021-08-04 23:33:02,456 [INFO] Stopping ptd...
