ptd-server 2021-08-04 06:29:55,010 [INFO] Got command from the client 'stop'
ptd-server 2021-08-04 06:29:55,010 [INFO] The server will be stopped after processing this client
ptd-server 2021-08-04 06:29:55,010 [INFO] Sending reply to client 'OK'
ptd-server 2021-08-04 06:29:55,432 [INFO] Got command from the client 'time'
ptd-server 2021-08-04 06:29:55,432 [INFO] Sending reply to client '1628083795.4324093'
ptd-server 2021-08-04 06:29:55,432 [INFO] Got command from the client 'new,,c0be8b8c-6e1a-4268-80fe-6c8f0553058c'
ptd-server 2021-08-04 06:29:55,432 [INFO] Sending reply to client 'OK 2021-08-04_06-29-55,a7c4ab94-d67a-41b5-aa94-459a04c4f3e8'
ptd-server 2021-08-04 06:29:55,651 [INFO] Got command from the client 'time'
ptd-server 2021-08-04 06:29:55,651 [INFO] Sending reply to client '1628083795.6511135'
ptd-server 2021-08-04 06:29:55,651 [INFO] Got command from the client 'session,2021-08-04_06-29-55,start,ranging'
ptd-server 2021-08-04 06:29:55,760 [INFO] Running PTDaemon: ['C:\\PTD\\ptd-windows-x86.exe', '-l', 'C:\\Users\\lab\\AppData\\Local\\Temp\\tmpk7fyz8cf\\ptd_logfile.txt', '-p', '8888', '-c', '3', '-y', '52', '10.32.209.251']
ptd-server 2021-08-04 06:30:13,407 [INFO] Sending to ptd: 'Hello'
ptd-server 2021-08-04 06:30:13,407 [INFO] Reply from ptd: 'Hello, PTDaemon here!'
ptd-server 2021-08-04 06:30:13,407 [INFO] Sending to ptd: 'Identify'
ptd-server 2021-08-04 06:30:13,407 [INFO] Reply from ptd: 'YokogawaWT330E,1000,1,1,1,1,0,0,1,version=1.9.2-3976349f-20201208,OS=Windows 8 / Server 2012,mode=power,1,1,1,0,0,no_cal_date,YOKOGAWA;WT333E;C2VL22012V;F1.04'
ptd-server 2021-08-04 06:30:13,407 [INFO] Connected to PTDaemon
ptd-server 2021-08-04 06:30:13,407 [INFO] Sending to ptd: 'RR'
ptd-server 2021-08-04 06:30:13,407 [INFO] Reply from ptd: 'Ranges,0,10.000000,1,150.000000'
ptd-server 2021-08-04 06:30:13,407 [INFO] Initial range for Amps is 10.000000 for Volts is Auto
ptd-server 2021-08-04 06:30:13,407 [INFO] Sending to ptd: 'SR,V,Auto'
ptd-server 2021-08-04 06:30:13,923 [INFO] Reply from ptd: 'Range V changed'
ptd-server 2021-08-04 06:30:13,923 [INFO] Sending to ptd: 'SR,A,20'
ptd-server 2021-08-04 06:30:15,462 [INFO] Reply from ptd: 'Range A changed'
ptd-server 2021-08-04 06:30:25,470 [INFO] Starting ranging mode
ptd-server 2021-08-04 06:30:25,470 [INFO] Sending to ptd: 'Go,1000,0,2021-08-04_06-29-55_ranging'
ptd-server 2021-08-04 06:30:25,470 [INFO] Reply from ptd: 'Starting untimed measurement, maximum 500000 samples at 1000ms with 0 rampup samples'
ptd-server 2021-08-04 06:30:25,470 [INFO] Sending reply to client 'OK'
ptd-server 2021-08-04 06:40:49,445 [INFO] Got command from the client 'session,2021-08-04_06-29-55,stop,ranging'
ptd-server 2021-08-04 06:40:59,449 [INFO] Sending to ptd: 'Stop'
ptd-server 2021-08-04 06:40:59,449 [INFO] Reply from ptd: 'Stopping untimed measurement'
ptd-server 2021-08-04 06:40:59,465 [INFO] Sending reply to client 'OK'
ptd-server 2021-08-04 06:40:59,731 [INFO] Got command from the client 'time'
ptd-server 2021-08-04 06:40:59,731 [INFO] Sending reply to client '1628084459.7311637'
ptd-server 2021-08-04 06:40:59,731 [INFO] Got command from the client 'session,2021-08-04_06-29-55,start,testing'
ptd-server 2021-08-04 06:40:59,731 [INFO] Sending to ptd: 'SR,V,120.580000'
ptd-server 2021-08-04 06:41:01,248 [INFO] Reply from ptd: 'Range V changed'
ptd-server 2021-08-04 06:41:01,248 [INFO] Sending to ptd: 'SR,A,0.351000'
ptd-server 2021-08-04 06:41:02,772 [INFO] Reply from ptd: 'Range A changed'
ptd-server 2021-08-04 06:41:12,778 [INFO] Starting testing mode
ptd-server 2021-08-04 06:41:12,778 [INFO] Sending to ptd: 'Go,1000,0,2021-08-04_06-29-55_testing'
ptd-server 2021-08-04 06:41:12,778 [INFO] Reply from ptd: 'Starting untimed measurement, maximum 500000 samples at 1000ms with 0 rampup samples'
ptd-server 2021-08-04 06:41:12,778 [INFO] Sending reply to client 'OK'
ptd-server 2021-08-04 06:51:36,913 [INFO] Got command from the client 'session,2021-08-04_06-29-55,stop,testing'
ptd-server 2021-08-04 06:51:46,920 [INFO] Sending to ptd: 'Stop'
ptd-server 2021-08-04 06:51:46,920 [INFO] Reply from ptd: 'Stopping untimed measurement'
ptd-server 2021-08-04 06:51:46,936 [INFO] Sending reply to client 'OK'
ptd-server 2021-08-04 06:51:47,045 [INFO] Got command from the client 'session,2021-08-04_06-29-55,done'
ptd-server 2021-08-04 06:51:47,045 [INFO] Sending to ptd: 'Stop'
ptd-server 2021-08-04 06:51:47,783 [INFO] Reply from ptd: 'Error: no measurement to stop'
ptd-server 2021-08-04 06:51:47,783 [INFO] Sending to ptd: 'SR,V,Auto'
ptd-server 2021-08-04 06:51:48,293 [INFO] Reply from ptd: 'Range V changed'
ptd-server 2021-08-04 06:51:48,293 [INFO] Sending to ptd: 'SR,A,10.000000'
ptd-server 2021-08-04 06:51:49,815 [INFO] Reply from ptd: 'Range A changed'
ptd-server 2021-08-04 06:51:49,815 [INFO] Set initial values for Amps 10.000000 and Volts Auto
ptd-server 2021-08-04 06:51:49,815 [INFO] Stopping ptd...
