ptd-server 2021-08-08 19:56:17,823 [INFO] Got command from the client 'time'
ptd-server 2021-08-08 19:56:17,824 [INFO] Sending reply to client '1628448977.824097'
ptd-server 2021-08-08 19:56:17,826 [INFO] Got command from the client 'new,,52cbc37f-1fbf-47b9-b9dc-13a02761c2e5'
ptd-server 2021-08-08 19:56:17,827 [INFO] Sending reply to client 'OK 2021-08-08_19-56-17,c58f2c37-8047-4a4d-b544-264624242ff8'
ptd-server 2021-08-08 19:56:17,873 [INFO] Got command from the client 'time'
ptd-server 2021-08-08 19:56:17,873 [INFO] Sending reply to client '1628448977.8739424'
ptd-server 2021-08-08 19:56:17,876 [INFO] Got command from the client 'session,2021-08-08_19-56-17,start,ranging'
ptd-server 2021-08-08 19:56:17,876 [INFO] Running PTDaemon: ['/home/anton/projects/mlperf/power/inference_v1.0/ptd-linux-x86', '-l', '/tmp/tmpr3iqmcco/ptd_logfile.txt', '-p', '8888', '49', '/dev/usbtmc0']
ptd-server 2021-08-08 19:56:35,048 [INFO] Sending to ptd: 'Hello'
ptd-server 2021-08-08 19:56:35,048 [INFO] Reply from ptd: 'Hello, PTDaemon here!'
ptd-server 2021-08-08 19:56:35,049 [INFO] Sending to ptd: 'Identify'
ptd-server 2021-08-08 19:56:35,049 [INFO] Reply from ptd: 'YokogawaWT310E,1000,1,1,1,1,0,1,1,version=1.9.2-e8c7a49a-20201208,OS=Linux 5.8.0-63-generic #71~20.04.1-Ubuntu SMP Thu Jul 15 17:46:08 UTC 2021 x86_64,mode=power,1,1,1,0,0,no_cal_date,YOKOGAWA;WT310E;C3XA04010E;F1.04'
ptd-server 2021-08-08 19:56:35,049 [INFO] Connected to PTDaemon
ptd-server 2021-08-08 19:56:35,049 [INFO] Sending to ptd: 'RR'
ptd-server 2021-08-08 19:56:35,049 [INFO] Reply from ptd: 'Ranges,0,0.500000,0,300.000000'
ptd-server 2021-08-08 19:56:35,050 [INFO] Initial range for Amps is 0.500000 for Volts is 300.000000
ptd-server 2021-08-08 19:56:35,050 [INFO] Sending to ptd: 'SR,V,Auto'
ptd-server 2021-08-08 19:56:35,552 [INFO] Reply from ptd: 'Range V changed'
ptd-server 2021-08-08 19:56:35,552 [INFO] Sending to ptd: 'SR,A,Auto'
ptd-server 2021-08-08 19:56:36,055 [INFO] Reply from ptd: 'Range A changed'
ptd-server 2021-08-08 19:56:46,065 [INFO] Starting ranging mode
ptd-server 2021-08-08 19:56:46,065 [INFO] Sending to ptd: 'Go,1000,0,2021-08-08_19-56-17_ranging'
ptd-server 2021-08-08 19:56:46,066 [INFO] Reply from ptd: 'Starting untimed measurement, maximum 500000 samples at 1000ms with 0 rampup samples'
ptd-server 2021-08-08 19:56:46,066 [INFO] Sending reply to client 'OK'
ptd-server 2021-08-08 20:07:05,742 [INFO] Got command from the client 'session,2021-08-08_19-56-17,stop,ranging'
ptd-server 2021-08-08 20:07:15,753 [INFO] Sending to ptd: 'Stop'
ptd-server 2021-08-08 20:07:15,753 [INFO] Reply from ptd: 'Stopping untimed measurement'
ptd-server 2021-08-08 20:07:15,927 [INFO] Sending reply to client 'OK'
ptd-server 2021-08-08 20:07:15,992 [INFO] Got command from the client 'time'
ptd-server 2021-08-08 20:07:15,992 [INFO] Sending reply to client '1628449635.9928308'
ptd-server 2021-08-08 20:07:15,995 [INFO] Got command from the client 'session,2021-08-08_19-56-17,start,testing'
ptd-server 2021-08-08 20:07:15,995 [INFO] Sending to ptd: 'SR,V,252.020000'
ptd-server 2021-08-08 20:07:17,568 [INFO] Reply from ptd: 'Range V changed'
ptd-server 2021-08-08 20:07:17,568 [INFO] Sending to ptd: 'SR,A,0.202790'
ptd-server 2021-08-08 20:07:19,069 [INFO] Reply from ptd: 'Range A changed'
ptd-server 2021-08-08 20:07:29,079 [INFO] Starting testing mode
ptd-server 2021-08-08 20:07:29,079 [INFO] Sending to ptd: 'Go,1000,0,2021-08-08_19-56-17_testing'
ptd-server 2021-08-08 20:07:29,080 [INFO] Reply from ptd: 'Starting untimed measurement, maximum 500000 samples at 1000ms with 0 rampup samples'
ptd-server 2021-08-08 20:07:29,080 [INFO] Sending reply to client 'OK'
ptd-server 2021-08-08 20:17:48,600 [INFO] Got command from the client 'session,2021-08-08_19-56-17,stop,testing'
ptd-server 2021-08-08 20:17:58,611 [INFO] Sending to ptd: 'Stop'
ptd-server 2021-08-08 20:17:58,611 [INFO] Reply from ptd: 'Stopping untimed measurement'
ptd-server 2021-08-08 20:17:58,707 [INFO] Sending reply to client 'OK'
ptd-server 2021-08-08 20:17:58,727 [INFO] Got command from the client 'session,2021-08-08_19-56-17,done'
ptd-server 2021-08-08 20:17:58,727 [INFO] Sending to ptd: 'Stop'
ptd-server 2021-08-08 20:17:59,081 [INFO] Reply from ptd: 'Error: no measurement to stop'
ptd-server 2021-08-08 20:17:59,081 [INFO] Sending to ptd: 'SR,V,300.000000'
ptd-server 2021-08-08 20:18:00,582 [INFO] Reply from ptd: 'Range V changed'
ptd-server 2021-08-08 20:18:00,583 [INFO] Sending to ptd: 'SR,A,0.500000'
ptd-server 2021-08-08 20:18:02,084 [INFO] Reply from ptd: 'Range A changed'
ptd-server 2021-08-08 20:18:02,084 [INFO] Set initial values for Amps 0.500000 and Volts 300.000000
ptd-server 2021-08-08 20:18:02,084 [INFO] Stopping ptd...
