ptd-server 2021-08-06 04:30:03,732 [INFO] Got command from the client 'stop'
ptd-server 2021-08-06 04:30:03,732 [INFO] The server will be stopped after processing this client
ptd-server 2021-08-06 04:30:03,732 [INFO] Sending reply to client 'OK'
ptd-server 2021-08-06 04:30:03,951 [INFO] Got command from the client 'time'
ptd-server 2021-08-06 04:30:03,951 [INFO] Sending reply to client '1628249403.9510534'
ptd-server 2021-08-06 04:30:03,951 [INFO] Got command from the client 'new,,b78fe817-f532-4a23-93ed-27ef66a6dc64'
ptd-server 2021-08-06 04:30:03,951 [INFO] Sending reply to client 'OK 2021-08-06_04-30-03,8bafbf5c-dcde-42f8-9eef-926da3e52417'
ptd-server 2021-08-06 04:30:04,154 [INFO] Got command from the client 'time'
ptd-server 2021-08-06 04:30:04,154 [INFO] Sending reply to client '1628249404.1541371'
ptd-server 2021-08-06 04:30:04,154 [INFO] Got command from the client 'session,2021-08-06_04-30-03,start,ranging'
ptd-server 2021-08-06 04:30:04,263 [INFO] Running PTDaemon: ['C:\\PTD\\ptd-windows-x86.exe', '-l', 'C:\\Users\\lab\\AppData\\Local\\Temp\\tmphl5cgkeh\\ptd_logfile.txt', '-p', '8888', '-c', '1,3', '-y', '77', '10.117.41.199']
ptd-server 2021-08-06 04:30:23,393 [INFO] Sending to ptd: 'Hello'
ptd-server 2021-08-06 04:30:23,393 [INFO] Reply from ptd: 'Hello, PTDaemon here!'
ptd-server 2021-08-06 04:30:23,393 [INFO] Sending to ptd: 'Identify'
ptd-server 2021-08-06 04:30:23,393 [INFO] Reply from ptd: 'YokogawaWT330_multichannel,1000,1,1,1,1,0,0,1,version=1.9.2-3976349f-20201208,OS=Windows 8 / Server 2012,mode=power,1,1,2,0,0,no_cal_date,YOKOGAWA;WT333E;C2WL21011V;F1.04'
ptd-server 2021-08-06 04:30:23,393 [INFO] Connected to PTDaemon
ptd-server 2021-08-06 04:30:23,393 [INFO] Sending to ptd: 'RR'
ptd-server 2021-08-06 04:30:23,393 [INFO] Reply from ptd: 'Ranges,0,20.000000,1,300.000000'
ptd-server 2021-08-06 04:30:23,393 [INFO] Initial range for Amps is 20.000000 for Volts is Auto
ptd-server 2021-08-06 04:30:23,393 [INFO] Sending to ptd: 'SR,V,Auto'
ptd-server 2021-08-06 04:30:28,466 [INFO] Reply from ptd: 'Range V changed'
ptd-server 2021-08-06 04:30:28,466 [INFO] Sending to ptd: 'SR,A,20'
ptd-server 2021-08-06 04:30:34,033 [INFO] Reply from ptd: 'Range A changed'
ptd-server 2021-08-06 04:30:44,045 [INFO] Starting ranging mode
ptd-server 2021-08-06 04:30:44,045 [INFO] Sending to ptd: 'Go,1000,0,2021-08-06_04-30-03_ranging'
ptd-server 2021-08-06 04:30:44,045 [INFO] Reply from ptd: 'Starting untimed measurement, maximum 500000 samples at 1000ms with 0 rampup samples'
ptd-server 2021-08-06 04:30:44,045 [INFO] Sending reply to client 'OK'
ptd-server 2021-08-06 04:43:27,644 [INFO] Got command from the client 'session,2021-08-06_04-30-03,stop,ranging'
ptd-server 2021-08-06 04:43:37,656 [INFO] Sending to ptd: 'Stop'
ptd-server 2021-08-06 04:43:37,656 [INFO] Reply from ptd: 'Stopping untimed measurement'
ptd-server 2021-08-06 04:43:37,703 [INFO] Sending reply to client 'OK'
ptd-server 2021-08-06 04:43:37,952 [INFO] Got command from the client 'time'
ptd-server 2021-08-06 04:43:37,952 [INFO] Sending reply to client '1628250217.95248'
ptd-server 2021-08-06 04:43:37,952 [INFO] Got command from the client 'session,2021-08-06_04-30-03,start,testing'
ptd-server 2021-08-06 04:43:37,952 [INFO] Sending to ptd: 'SR,V,206.200000'
ptd-server 2021-08-06 04:43:44,147 [INFO] Reply from ptd: 'Range V changed'
ptd-server 2021-08-06 04:43:44,147 [INFO] Sending to ptd: 'SR,A,4.115000'
ptd-server 2021-08-06 04:43:49,733 [INFO] Reply from ptd: 'Range A changed'
ptd-server 2021-08-06 04:43:59,742 [INFO] Starting testing mode
ptd-server 2021-08-06 04:43:59,742 [INFO] Sending to ptd: 'Go,1000,0,2021-08-06_04-30-03_testing'
ptd-server 2021-08-06 04:43:59,742 [INFO] Reply from ptd: 'Starting untimed measurement, maximum 500000 samples at 1000ms with 0 rampup samples'
ptd-server 2021-08-06 04:43:59,742 [INFO] Sending reply to client 'OK'
ptd-server 2021-08-06 04:56:50,350 [INFO] Got command from the client 'session,2021-08-06_04-30-03,stop,testing'
ptd-server 2021-08-06 04:57:00,356 [INFO] Sending to ptd: 'Stop'
ptd-server 2021-08-06 04:57:00,356 [INFO] Reply from ptd: 'Stopping untimed measurement'
ptd-server 2021-08-06 04:57:00,371 [INFO] Sending reply to client 'OK'
ptd-server 2021-08-06 04:57:00,418 [INFO] Got command from the client 'session,2021-08-06_04-30-03,done'
ptd-server 2021-08-06 04:57:00,418 [INFO] Sending to ptd: 'Stop'
ptd-server 2021-08-06 04:57:00,747 [INFO] Reply from ptd: 'Error: no measurement to stop'
ptd-server 2021-08-06 04:57:00,747 [INFO] Sending to ptd: 'SR,V,Auto'
ptd-server 2021-08-06 04:57:05,820 [INFO] Reply from ptd: 'Range V changed'
ptd-server 2021-08-06 04:57:05,820 [INFO] Sending to ptd: 'SR,A,20.000000'
ptd-server 2021-08-06 04:57:11,407 [INFO] Reply from ptd: 'Range A changed'
ptd-server 2021-08-06 04:57:11,407 [INFO] Set initial values for Amps 20.000000 and Volts Auto
ptd-server 2021-08-06 04:57:11,407 [INFO] Stopping ptd...
