ptd-server 2021-08-10 03:21:31,196 [INFO] Got command from the client 'stop'
ptd-server 2021-08-10 03:21:31,196 [INFO] The server will be stopped after processing this client
ptd-server 2021-08-10 03:21:31,196 [INFO] Sending reply to client 'OK'
ptd-server 2021-08-10 03:21:31,625 [INFO] Got command from the client 'time'
ptd-server 2021-08-10 03:21:31,625 [INFO] Sending reply to client '1628590891.6258743'
ptd-server 2021-08-10 03:21:31,625 [INFO] Got command from the client 'new,,1aff78d5-30dd-4bee-8aa2-c390c1762011'
ptd-server 2021-08-10 03:21:31,625 [INFO] Sending reply to client 'OK 2021-08-10_03-21-31,19e724f9-a03c-4d18-a7c5-018dfa586e69'
ptd-server 2021-08-10 03:21:31,844 [INFO] Got command from the client 'time'
ptd-server 2021-08-10 03:21:31,844 [INFO] Sending reply to client '1628590891.8445616'
ptd-server 2021-08-10 03:21:31,844 [INFO] Got command from the client 'session,2021-08-10_03-21-31,start,ranging'
ptd-server 2021-08-10 03:21:31,953 [INFO] Running PTDaemon: ['C:\\PTD\\ptd-windows-x86.exe', '-l', 'C:\\Users\\lab\\AppData\\Local\\Temp\\tmpn1zojhpl\\ptd_logfile.txt', '-p', '8888', '-c', '1', '-y', '52', '10.32.209.251']
ptd-server 2021-08-10 03:21:49,811 [INFO] Sending to ptd: 'Hello'
ptd-server 2021-08-10 03:21:49,811 [INFO] Reply from ptd: 'Hello, PTDaemon here!'
ptd-server 2021-08-10 03:21:49,811 [INFO] Sending to ptd: 'Identify'
ptd-server 2021-08-10 03:21:49,811 [INFO] Reply from ptd: 'YokogawaWT330E,1000,1,1,1,1,0,0,1,version=1.9.2-3976349f-20201208,OS=Windows 8 / Server 2012,mode=power,1,1,1,0,0,no_cal_date,YOKOGAWA;WT333E;C2VL22012V;F1.04'
ptd-server 2021-08-10 03:21:49,811 [INFO] Connected to PTDaemon
ptd-server 2021-08-10 03:21:49,811 [INFO] Sending to ptd: 'RR'
ptd-server 2021-08-10 03:21:49,811 [INFO] Reply from ptd: 'Ranges,0,1.000000,1,150.000000'
ptd-server 2021-08-10 03:21:49,811 [INFO] Initial range for Amps is 1.000000 for Volts is Auto
ptd-server 2021-08-10 03:21:49,811 [INFO] Sending to ptd: 'SR,V,Auto'
ptd-server 2021-08-10 03:21:50,327 [INFO] Reply from ptd: 'Range V changed'
ptd-server 2021-08-10 03:21:50,327 [INFO] Sending to ptd: 'SR,A,Auto'
ptd-server 2021-08-10 03:21:50,842 [INFO] Reply from ptd: 'Range A changed'
ptd-server 2021-08-10 03:22:00,858 [INFO] Starting ranging mode
ptd-server 2021-08-10 03:22:00,858 [INFO] Sending to ptd: 'Go,1000,0,2021-08-10_03-21-31_ranging'
ptd-server 2021-08-10 03:22:00,858 [INFO] Reply from ptd: 'Starting untimed measurement, maximum 500000 samples at 1000ms with 0 rampup samples'
ptd-server 2021-08-10 03:22:00,858 [INFO] Sending reply to client 'OK'
ptd-server 2021-08-10 03:32:27,020 [INFO] Got command from the client 'session,2021-08-10_03-21-31,stop,ranging'
ptd-server 2021-08-10 03:32:37,041 [INFO] Sending to ptd: 'Stop'
ptd-server 2021-08-10 03:32:37,041 [INFO] Reply from ptd: 'Stopping untimed measurement'
ptd-server 2021-08-10 03:32:37,057 [INFO] Sending reply to client 'OK'
ptd-server 2021-08-10 03:32:37,307 [INFO] Got command from the client 'time'
ptd-server 2021-08-10 03:32:37,307 [INFO] Sending reply to client '1628591557.3072093'
ptd-server 2021-08-10 03:32:37,322 [INFO] Got command from the client 'session,2021-08-10_03-21-31,start,testing'
ptd-server 2021-08-10 03:32:37,322 [INFO] Sending to ptd: 'SR,V,121.030000'
ptd-server 2021-08-10 03:32:39,400 [INFO] Reply from ptd: 'Range V changed'
ptd-server 2021-08-10 03:32:39,400 [INFO] Sending to ptd: 'SR,A,0.259600'
ptd-server 2021-08-10 03:32:40,931 [INFO] Reply from ptd: 'Range A changed'
ptd-server 2021-08-10 03:32:50,938 [INFO] Starting testing mode
ptd-server 2021-08-10 03:32:50,938 [INFO] Sending to ptd: 'Go,1000,0,2021-08-10_03-21-31_testing'
ptd-server 2021-08-10 03:32:50,938 [INFO] Reply from ptd: 'Starting untimed measurement, maximum 500000 samples at 1000ms with 0 rampup samples'
ptd-server 2021-08-10 03:32:50,938 [INFO] Sending reply to client 'OK'
ptd-server 2021-08-10 03:43:04,151 [INFO] Got command from the client 'session,2021-08-10_03-21-31,stop,testing'
ptd-server 2021-08-10 03:43:14,162 [INFO] Sending to ptd: 'Stop'
ptd-server 2021-08-10 03:43:14,162 [INFO] Reply from ptd: 'Stopping untimed measurement'
ptd-server 2021-08-10 03:43:14,178 [INFO] Sending reply to client 'OK'
ptd-server 2021-08-10 03:43:14,225 [INFO] Got command from the client 'session,2021-08-10_03-21-31,done'
ptd-server 2021-08-10 03:43:14,225 [INFO] Sending to ptd: 'Stop'
ptd-server 2021-08-10 03:43:14,943 [INFO] Reply from ptd: 'Error: no measurement to stop'
ptd-server 2021-08-10 03:43:14,943 [INFO] Sending to ptd: 'SR,V,Auto'
ptd-server 2021-08-10 03:43:15,459 [INFO] Reply from ptd: 'Range V changed'
ptd-server 2021-08-10 03:43:15,459 [INFO] Sending to ptd: 'SR,A,1.000000'
ptd-server 2021-08-10 03:43:16,995 [INFO] Reply from ptd: 'Range A changed'
ptd-server 2021-08-10 03:43:16,995 [INFO] Set initial values for Amps 1.000000 and Volts Auto
ptd-server 2021-08-10 03:43:16,995 [INFO] Stopping ptd...
