ptd-server 2021-08-05 02:26:20,233 [INFO] Got command from the client 'stop'
ptd-server 2021-08-05 02:26:20,233 [INFO] The server will be stopped after processing this client
ptd-server 2021-08-05 02:26:20,233 [INFO] Sending reply to client 'OK'
ptd-server 2021-08-05 02:26:20,450 [INFO] Got command from the client 'time'
ptd-server 2021-08-05 02:26:20,450 [INFO] Sending reply to client '1628155580.4500823'
ptd-server 2021-08-05 02:26:20,450 [INFO] Got command from the client 'new,,7253bbcd-882f-4065-ba3e-6bbc7c84e6ee'
ptd-server 2021-08-05 02:26:20,450 [INFO] Sending reply to client 'OK 2021-08-05_02-26-20,4fe5b2b2-0a7e-4358-96bb-bb7c7fa0d26e'
ptd-server 2021-08-05 02:26:20,653 [INFO] Got command from the client 'time'
ptd-server 2021-08-05 02:26:20,653 [INFO] Sending reply to client '1628155580.6534302'
ptd-server 2021-08-05 02:26:20,653 [INFO] Got command from the client 'session,2021-08-05_02-26-20,start,ranging'
ptd-server 2021-08-05 02:26:20,762 [INFO] Running PTDaemon: ['C:\\PTD\\ptd-windows-x86.exe', '-l', 'C:\\Users\\lab\\AppData\\Local\\Temp\\tmpqkil2ojs\\ptd_logfile.txt', '-p', '8888', '-c', '1,3', '-y', '77', '10.117.41.199']
ptd-server 2021-08-05 02:26:39,889 [INFO] Sending to ptd: 'Hello'
ptd-server 2021-08-05 02:26:39,889 [INFO] Reply from ptd: 'Hello, PTDaemon here!'
ptd-server 2021-08-05 02:26:39,889 [INFO] Sending to ptd: 'Identify'
ptd-server 2021-08-05 02:26:39,889 [INFO] Reply from ptd: 'YokogawaWT330_multichannel,1000,1,1,1,1,0,0,1,version=1.9.2-3976349f-20201208,OS=Windows 8 / Server 2012,mode=power,1,1,2,0,0,no_cal_date,YOKOGAWA;WT333E;C2WL21011V;F1.04'
ptd-server 2021-08-05 02:26:39,889 [INFO] Connected to PTDaemon
ptd-server 2021-08-05 02:26:39,889 [INFO] Sending to ptd: 'RR'
ptd-server 2021-08-05 02:26:39,889 [INFO] Reply from ptd: 'Ranges,0,20.000000,1,300.000000'
ptd-server 2021-08-05 02:26:39,889 [INFO] Initial range for Amps is 20.000000 for Volts is Auto
ptd-server 2021-08-05 02:26:39,889 [INFO] Sending to ptd: 'SR,V,Auto'
ptd-server 2021-08-05 02:26:44,960 [INFO] Reply from ptd: 'Range V changed'
ptd-server 2021-08-05 02:26:44,960 [INFO] Sending to ptd: 'SR,A,20'
ptd-server 2021-08-05 02:26:50,552 [INFO] Reply from ptd: 'Range A changed'
ptd-server 2021-08-05 02:27:00,561 [INFO] Starting ranging mode
ptd-server 2021-08-05 02:27:00,561 [INFO] Sending to ptd: 'Go,1000,0,2021-08-05_02-26-20_ranging'
ptd-server 2021-08-05 02:27:00,561 [INFO] Reply from ptd: 'Starting untimed measurement, maximum 500000 samples at 1000ms with 0 rampup samples'
ptd-server 2021-08-05 02:27:00,561 [INFO] Sending reply to client 'OK'
ptd-server 2021-08-05 02:38:35,744 [INFO] Got command from the client 'session,2021-08-05_02-26-20,stop,ranging'
ptd-server 2021-08-05 02:38:45,746 [INFO] Sending to ptd: 'Stop'
ptd-server 2021-08-05 02:38:45,746 [INFO] Reply from ptd: 'Stopping untimed measurement'
ptd-server 2021-08-05 02:38:45,777 [INFO] Sending reply to client 'OK'
ptd-server 2021-08-05 02:38:46,031 [INFO] Got command from the client 'time'
ptd-server 2021-08-05 02:38:46,031 [INFO] Sending reply to client '1628156326.0314395'
ptd-server 2021-08-05 02:38:46,031 [INFO] Got command from the client 'session,2021-08-05_02-26-20,start,testing'
ptd-server 2021-08-05 02:38:46,046 [INFO] Sending to ptd: 'SR,V,206.090000'
ptd-server 2021-08-05 02:38:52,637 [INFO] Reply from ptd: 'Range V changed'
ptd-server 2021-08-05 02:38:52,637 [INFO] Sending to ptd: 'SR,A,3.919000'
ptd-server 2021-08-05 02:38:58,210 [INFO] Reply from ptd: 'Range A changed'
ptd-server 2021-08-05 02:39:08,225 [INFO] Starting testing mode
ptd-server 2021-08-05 02:39:08,225 [INFO] Sending to ptd: 'Go,1000,0,2021-08-05_02-26-20_testing'
ptd-server 2021-08-05 02:39:08,225 [INFO] Reply from ptd: 'Starting untimed measurement, maximum 500000 samples at 1000ms with 0 rampup samples'
ptd-server 2021-08-05 02:39:08,225 [INFO] Sending reply to client 'OK'
ptd-server 2021-08-05 02:50:41,564 [INFO] Got command from the client 'session,2021-08-05_02-26-20,stop,testing'
ptd-server 2021-08-05 02:50:51,577 [INFO] Sending to ptd: 'Stop'
ptd-server 2021-08-05 02:50:51,577 [INFO] Reply from ptd: 'Stopping untimed measurement'
ptd-server 2021-08-05 02:50:51,592 [INFO] Sending reply to client 'OK'
ptd-server 2021-08-05 02:50:51,670 [INFO] Got command from the client 'session,2021-08-05_02-26-20,done'
ptd-server 2021-08-05 02:50:51,670 [INFO] Sending to ptd: 'Stop'
ptd-server 2021-08-05 02:50:52,237 [INFO] Reply from ptd: 'Error: no measurement to stop'
ptd-server 2021-08-05 02:50:52,237 [INFO] Sending to ptd: 'SR,V,Auto'
ptd-server 2021-08-05 02:50:57,315 [INFO] Reply from ptd: 'Range V changed'
ptd-server 2021-08-05 02:50:57,315 [INFO] Sending to ptd: 'SR,A,20.000000'
ptd-server 2021-08-05 02:51:02,901 [INFO] Reply from ptd: 'Range A changed'
ptd-server 2021-08-05 02:51:02,901 [INFO] Set initial values for Amps 20.000000 and Volts Auto
ptd-server 2021-08-05 02:51:02,901 [INFO] Stopping ptd...
