client 2021-08-12 10:31:41,789 [INFO] Sending command to the server: 'mlcommons/power client v3'
client 2021-08-12 10:31:41,791 [INFO] Got response: 'mlcommons/power server v3'
client 2021-08-12 10:31:41,791 [INFO] Sending command to the server: 'stop'
client 2021-08-12 10:31:41,794 [INFO] Got response: 'OK'
client 2021-08-12 10:31:41,794 [INFO] Synchronizing with the server and with 100.64.0.18...
client 2021-08-12 10:31:41,796 [INFO] NTP:offset = -0.001 s, delay = 0.001 s 
client 2021-08-12 10:31:41,796 [INFO] Sending command to the server: 'time'
client 2021-08-12 10:31:41,798 [INFO] Got response: '1628764301.7300434'
client 2021-08-12 10:31:41,798 [INFO] The time difference between the client and the server is within range 66.469 ms..68.882 ms
client 2021-08-12 10:31:41,799 [INFO] Sending command to the server: 'new,,2f854a58-249f-4c26-9656-e4fd4aa76802'
client 2021-08-12 10:31:41,801 [INFO] Got response: 'OK 2021-08-12_10-31-41,f94410df-88b4-41a4-aefd-82118c56fd92'
client 2021-08-12 10:31:41,802 [INFO] Session id is '2021-08-12_10-31-41'
client 2021-08-12 10:31:41,802 [INFO] Sources: {"sources": {"__init__.py": "da39a3ee5e6b4b0d3255bfef95601890afd80709", "client.py": "33ca4f26368777ac06e01f9567b714a4b8063886", "lib/__init__.py": "da39a3ee5e6b4b0d3255bfef95601890afd80709", "lib/client.py": "4c2b78fb4849a7e5b584ef792d82aaed20b17f57", "lib/common.py": "624d0c0acc7c39aaff3674f0b99d6a09da53d1dc", "lib/external/__init__.py": "da39a3ee5e6b4b0d3255bfef95601890afd80709", "lib/external/ntplib.py": "4da8f970656505a40483206ef2b5d3dd5e81711d", "lib/server.py": "59c9fb92908260d3e9f81a895c7aa009742275e4", "lib/source_hashes.py": "60a2e02193209e8d392803326208d5466342da18", "lib/summary.py": "aa92f0a3f975eecd44d3c0cd0236342ccc9f941d", "lib/time_sync.py": "3210db56eb0ff0df57bf4293dc4d4b03fffd46f1", "server.py": "c3f90f2f7eeb4db30727556d0c815ebc89b3d28b", "tests/unit/__init__.py": "da39a3ee5e6b4b0d3255bfef95601890afd80709", "tests/unit/test_server.py": "99ae15aef722f2000ee6ed1ae1523637bf1ae42b", "tests/unit/test_source_hashes.py": "00468a2907583c593e6574a1f6b404e4651c221a"}, "modules": {"ptd_client_server.lib.client": "lib/client.py", "ptd_client_server.lib.common": "lib/common.py", "ptd_client_server.lib.external.ntplib": "lib/external/ntplib.py", "ptd_client_server.lib.source_hashes": "lib/source_hashes.py", "ptd_client_server.lib.summary": "lib/summary.py", "ptd_client_server.lib.time_sync": "lib/time_sync.py"}}
client 2021-08-12 10:31:41,802 [INFO] Running workload in ranging mode
client 2021-08-12 10:31:41,802 [INFO] Synchronizing with the server and with 100.64.0.18...
client 2021-08-12 10:31:41,803 [INFO] NTP:offset = -0.001 s, delay = 0.001 s 
client 2021-08-12 10:31:41,803 [INFO] Sending command to the server: 'time'
client 2021-08-12 10:31:41,805 [INFO] Got response: '1628764301.7300434'
client 2021-08-12 10:31:41,805 [INFO] The time difference between the client and the server is within range 73.350 ms..75.864 ms
client 2021-08-12 10:31:41,805 [INFO] Sending command to the server: 'session,2021-08-12_10-31-41,start,ranging'
client 2021-08-12 10:32:10,871 [INFO] Got response: 'OK'
client 2021-08-12 10:32:10,871 [INFO] Running the workload 'LOG_DIR=/work/build/power_logs_temp python3 code/main.py --benchmarks=bert --scenarios=Server --config_ver=high_accuracy --test_mode=PerformanceOnly --action="run_harness" \\\n\t\t&& if [ ! -d /work/build/power_logs/2021.08.12-10.31.35/ranging_tmp ]; \\\n\t\t\tthen mkdir /work/build/power_logs/2021.08.12-10.31.35/ranging_tmp \\\n\t\t\t\t&& mv /work/build/power_logs_temp/* /work/build/power_logs/2021.08.12-10.31.35/ranging_tmp/ \\\n\t\t\t\t&& cp -v /work/build/power_logs/2021.08.12-10.31.35/ranging_tmp/*/*/*/mlperf_log_detail.txt /work/build/power_logs_temp/ \\\n\t\t\t\t&& cp -v /work/build/power_logs/2021.08.12-10.31.35/ranging_tmp/*/*/*/mlperf_log_summary.txt /work/build/power_logs_temp/; \\\n\t\t\telse mkdir /work/build/power_logs/2021.08.12-10.31.35/testing_tmp \\\n\t\t\t\t&& mv /work/build/power_logs_temp/* /work/build/power_logs/2021.08.12-10.31.35/testing_tmp/ \\\n\t\t\t\t&& cp -v /work/build/power_logs/2021.08.12-10.31.35/testing_tmp/*/*/*/mlperf_log_detail.txt /work/build/power_logs_temp/ \\\n\t\t\t\t&& cp -v /work/build/power_logs/2021.08.12-10.31.35/testing_tmp/*/*/*/mlperf_log_summary.txt /work/build/power_logs_temp/; fi'
client 2021-08-12 10:42:41,895 [INFO] Sending command to the server: 'session,2021-08-12_10-31-41,stop,ranging'
client 2021-08-12 10:42:51,942 [INFO] Got response: 'OK'
client 2021-08-12 10:42:51,945 [INFO] Copying loadgen logs from '/work/build/power_logs_temp' to '/work/build/power_logs/2021.08.12-10.31.35/2021-08-12_10-31-41/ranging'
client 2021-08-12 10:42:51,946 [INFO] Running workload in testing mode
client 2021-08-12 10:42:51,946 [INFO] Synchronizing with the server and with 100.64.0.18...
client 2021-08-12 10:42:51,947 [INFO] NTP:offset = -0.000 s, delay = 0.001 s 
client 2021-08-12 10:42:51,947 [INFO] Sending command to the server: 'time'
client 2021-08-12 10:42:51,950 [INFO] Got response: '1628764971.8718262'
client 2021-08-12 10:42:51,950 [INFO] The time difference between the client and the server is within range 75.726 ms..78.569 ms
client 2021-08-12 10:42:51,950 [INFO] Sending command to the server: 'session,2021-08-12_10-31-41,start,testing'
client 2021-08-12 10:43:04,829 [INFO] Got response: 'OK'
client 2021-08-12 10:43:04,829 [INFO] Running the workload 'LOG_DIR=/work/build/power_logs_temp python3 code/main.py --benchmarks=bert --scenarios=Server --config_ver=high_accuracy --test_mode=PerformanceOnly --action="run_harness" \\\n\t\t&& if [ ! -d /work/build/power_logs/2021.08.12-10.31.35/ranging_tmp ]; \\\n\t\t\tthen mkdir /work/build/power_logs/2021.08.12-10.31.35/ranging_tmp \\\n\t\t\t\t&& mv /work/build/power_logs_temp/* /work/build/power_logs/2021.08.12-10.31.35/ranging_tmp/ \\\n\t\t\t\t&& cp -v /work/build/power_logs/2021.08.12-10.31.35/ranging_tmp/*/*/*/mlperf_log_detail.txt /work/build/power_logs_temp/ \\\n\t\t\t\t&& cp -v /work/build/power_logs/2021.08.12-10.31.35/ranging_tmp/*/*/*/mlperf_log_summary.txt /work/build/power_logs_temp/; \\\n\t\t\telse mkdir /work/build/power_logs/2021.08.12-10.31.35/testing_tmp \\\n\t\t\t\t&& mv /work/build/power_logs_temp/* /work/build/power_logs/2021.08.12-10.31.35/testing_tmp/ \\\n\t\t\t\t&& cp -v /work/build/power_logs/2021.08.12-10.31.35/testing_tmp/*/*/*/mlperf_log_detail.txt /work/build/power_logs_temp/ \\\n\t\t\t\t&& cp -v /work/build/power_logs/2021.08.12-10.31.35/testing_tmp/*/*/*/mlperf_log_summary.txt /work/build/power_logs_temp/; fi'
client 2021-08-12 10:53:35,172 [INFO] Sending command to the server: 'session,2021-08-12_10-31-41,stop,testing'
client 2021-08-12 10:53:45,186 [INFO] Got response: 'OK'
client 2021-08-12 10:53:45,187 [INFO] Copying loadgen logs from '/work/build/power_logs_temp' to '/work/build/power_logs/2021.08.12-10.31.35/2021-08-12_10-31-41/run_1'
client 2021-08-12 10:53:45,188 [INFO] Done runs
