ptd-server 2021-08-12 10:31:41,714 [INFO] Got command from the client 'stop'
ptd-server 2021-08-12 10:31:41,714 [INFO] The server will be stopped after processing this client
ptd-server 2021-08-12 10:31:41,714 [INFO] Sending reply to client 'OK'
ptd-server 2021-08-12 10:31:41,730 [INFO] Got command from the client 'time'
ptd-server 2021-08-12 10:31:41,730 [INFO] Sending reply to client '1628764301.7300434'
ptd-server 2021-08-12 10:31:41,730 [INFO] Got command from the client 'new,,2f854a58-249f-4c26-9656-e4fd4aa76802'
ptd-server 2021-08-12 10:31:41,730 [INFO] Sending reply to client 'OK 2021-08-12_10-31-41,f94410df-88b4-41a4-aefd-82118c56fd92'
ptd-server 2021-08-12 10:31:41,730 [INFO] Got command from the client 'time'
ptd-server 2021-08-12 10:31:41,730 [INFO] Sending reply to client '1628764301.7300434'
ptd-server 2021-08-12 10:31:41,730 [INFO] Got command from the client 'session,2021-08-12_10-31-41,start,ranging'
ptd-server 2021-08-12 10:31:41,839 [INFO] Running PTDaemon: ['.\\ptd-windows-x86.exe', '-l', 'C:\\Users\\root\\AppData\\Local\\Temp\\tmp7i9xmbzi\\ptd_logfile.txt', '-p', '8888', '-c', '2', '-y', '48', '100.83.149.90']
ptd-server 2021-08-12 10:32:00,420 [INFO] Sending to ptd: 'Hello'
ptd-server 2021-08-12 10:32:00,420 [INFO] Reply from ptd: 'Hello, PTDaemon here!'
ptd-server 2021-08-12 10:32:00,420 [INFO] Sending to ptd: 'Identify'
ptd-server 2021-08-12 10:32:00,420 [INFO] Reply from ptd: 'YokogawaWT500_multichannel,1000,1,1,1,1,0,0,1,version=1.9.2-3976349f-20201208,OS=Windows 8 / Server 2012,mode=power,1,1,3,0,0,no_cal_date,YOKOGAWA;760203;U1J802935;F1.21'
ptd-server 2021-08-12 10:32:00,420 [INFO] Connected to PTDaemon
ptd-server 2021-08-12 10:32:00,420 [INFO] Sending to ptd: 'RR'
ptd-server 2021-08-12 10:32:00,420 [INFO] Reply from ptd: 'Ranges,-1,-1.000000,-1,-1.000000'
ptd-server 2021-08-12 10:32:00,420 [INFO] Initial range for Amps is Auto for Volts is Auto
ptd-server 2021-08-12 10:32:00,420 [INFO] Sending to ptd: 'SR,V,Auto'
ptd-server 2021-08-12 10:32:00,636 [INFO] Reply from ptd: 'Range V changed'
ptd-server 2021-08-12 10:32:00,636 [INFO] Sending to ptd: 'SR,A,Auto'
ptd-server 2021-08-12 10:32:00,792 [INFO] Reply from ptd: 'Range A changed'
ptd-server 2021-08-12 10:32:10,800 [INFO] Starting ranging mode
ptd-server 2021-08-12 10:32:10,801 [INFO] Sending to ptd: 'Go,1000,0,2021-08-12_10-31-41_ranging'
ptd-server 2021-08-12 10:32:10,802 [INFO] Reply from ptd: 'Starting untimed measurement, maximum 500000 samples at 1000ms with 0 rampup samples'
ptd-server 2021-08-12 10:32:10,802 [INFO] Sending reply to client 'OK'
ptd-server 2021-08-12 10:42:41,818 [INFO] Got command from the client 'session,2021-08-12_10-31-41,stop,ranging'
ptd-server 2021-08-12 10:42:51,823 [INFO] Sending to ptd: 'Stop'
ptd-server 2021-08-12 10:42:51,824 [INFO] Reply from ptd: 'Stopping untimed measurement'
ptd-server 2021-08-12 10:42:51,871 [INFO] Sending reply to client 'OK'
ptd-server 2021-08-12 10:42:51,871 [INFO] Got command from the client 'time'
ptd-server 2021-08-12 10:42:51,871 [INFO] Sending reply to client '1628764971.8718262'
ptd-server 2021-08-12 10:42:51,871 [INFO] Got command from the client 'session,2021-08-12_10-31-41,start,testing'
ptd-server 2021-08-12 10:42:51,871 [INFO] Sending to ptd: 'SR,V,129.830000'
ptd-server 2021-08-12 10:42:54,026 [INFO] Reply from ptd: 'Range V changed'
ptd-server 2021-08-12 10:42:54,026 [INFO] Sending to ptd: 'SR,A,14.807000'
ptd-server 2021-08-12 10:42:54,742 [INFO] Reply from ptd: 'Range A changed'
ptd-server 2021-08-12 10:43:04,754 [INFO] Starting testing mode
ptd-server 2021-08-12 10:43:04,754 [INFO] Sending to ptd: 'Go,1000,0,2021-08-12_10-31-41_testing'
ptd-server 2021-08-12 10:43:04,754 [INFO] Reply from ptd: 'Starting untimed measurement, maximum 500000 samples at 1000ms with 0 rampup samples'
ptd-server 2021-08-12 10:43:04,754 [INFO] Sending reply to client 'OK'
ptd-server 2021-08-12 10:53:35,092 [INFO] Got command from the client 'session,2021-08-12_10-31-41,stop,testing'
ptd-server 2021-08-12 10:53:45,093 [INFO] Sending to ptd: 'Stop'
ptd-server 2021-08-12 10:53:45,093 [INFO] Reply from ptd: 'Stopping untimed measurement'
ptd-server 2021-08-12 10:53:45,108 [INFO] Sending reply to client 'OK'
ptd-server 2021-08-12 10:53:45,108 [INFO] Got command from the client 'session,2021-08-12_10-31-41,done'
ptd-server 2021-08-12 10:53:45,108 [INFO] Sending to ptd: 'Stop'
ptd-server 2021-08-12 10:53:45,765 [INFO] Reply from ptd: 'Error: no measurement to stop'
ptd-server 2021-08-12 10:53:45,765 [INFO] Sending to ptd: 'SR,V,Auto'
ptd-server 2021-08-12 10:53:45,983 [INFO] Reply from ptd: 'Range V changed'
ptd-server 2021-08-12 10:53:45,983 [INFO] Sending to ptd: 'SR,A,Auto'
ptd-server 2021-08-12 10:53:46,131 [INFO] Reply from ptd: 'Range A changed'
ptd-server 2021-08-12 10:53:46,131 [INFO] Set initial values for Amps Auto and Volts Auto
ptd-server 2021-08-12 10:53:46,131 [INFO] Stopping ptd...
