ptd-server 2021-08-08 10:07:10,031 [INFO] Got command from the client 'time'
ptd-server 2021-08-08 10:07:10,031 [INFO] Sending reply to client '1628413630.0319214'
ptd-server 2021-08-08 10:07:10,033 [INFO] Got command from the client 'new,,74e47f14-4dbc-49a6-951a-21a2a155e0d5'
ptd-server 2021-08-08 10:07:10,034 [INFO] Sending reply to client 'OK 2021-08-08_10-07-10,3c688ed9-a026-4ea2-a9b0-09bbb69bfddd'
ptd-server 2021-08-08 10:07:10,073 [INFO] Got command from the client 'time'
ptd-server 2021-08-08 10:07:10,073 [INFO] Sending reply to client '1628413630.073866'
ptd-server 2021-08-08 10:07:10,075 [INFO] Got command from the client 'session,2021-08-08_10-07-10,start,ranging'
ptd-server 2021-08-08 10:07:10,076 [INFO] Running PTDaemon: ['/home/anton/projects/mlperf/power/inference_v1.0/ptd-linux-x86', '-l', '/tmp/tmpr3iqmcco/ptd_logfile.txt', '-p', '8888', '49', '/dev/usbtmc0']
ptd-server 2021-08-08 10:07:27,249 [INFO] Sending to ptd: 'Hello'
ptd-server 2021-08-08 10:07:27,250 [INFO] Reply from ptd: 'Hello, PTDaemon here!'
ptd-server 2021-08-08 10:07:27,250 [INFO] Sending to ptd: 'Identify'
ptd-server 2021-08-08 10:07:27,250 [INFO] Reply from ptd: 'YokogawaWT310E,1000,1,1,1,1,0,1,1,version=1.9.2-e8c7a49a-20201208,OS=Linux 5.8.0-63-generic #71~20.04.1-Ubuntu SMP Thu Jul 15 17:46:08 UTC 2021 x86_64,mode=power,1,1,1,0,0,no_cal_date,YOKOGAWA;WT310E;C3XA04010E;F1.04'
ptd-server 2021-08-08 10:07:27,251 [INFO] Connected to PTDaemon
ptd-server 2021-08-08 10:07:27,251 [INFO] Sending to ptd: 'RR'
ptd-server 2021-08-08 10:07:27,251 [INFO] Reply from ptd: 'Ranges,0,0.500000,0,300.000000'
ptd-server 2021-08-08 10:07:27,251 [INFO] Initial range for Amps is 0.500000 for Volts is 300.000000
ptd-server 2021-08-08 10:07:27,252 [INFO] Sending to ptd: 'SR,V,Auto'
ptd-server 2021-08-08 10:07:27,754 [INFO] Reply from ptd: 'Range V changed'
ptd-server 2021-08-08 10:07:27,754 [INFO] Sending to ptd: 'SR,A,Auto'
ptd-server 2021-08-08 10:07:28,257 [INFO] Reply from ptd: 'Range A changed'
ptd-server 2021-08-08 10:07:38,267 [INFO] Starting ranging mode
ptd-server 2021-08-08 10:07:38,268 [INFO] Sending to ptd: 'Go,1000,0,2021-08-08_10-07-10_ranging'
ptd-server 2021-08-08 10:07:38,268 [INFO] Reply from ptd: 'Starting untimed measurement, maximum 500000 samples at 1000ms with 0 rampup samples'
ptd-server 2021-08-08 10:07:38,268 [INFO] Sending reply to client 'OK'
ptd-server 2021-08-08 10:17:58,019 [INFO] Got command from the client 'session,2021-08-08_10-07-10,stop,ranging'
ptd-server 2021-08-08 10:18:08,030 [INFO] Sending to ptd: 'Stop'
ptd-server 2021-08-08 10:18:08,030 [INFO] Reply from ptd: 'Stopping untimed measurement'
ptd-server 2021-08-08 10:18:08,158 [INFO] Sending reply to client 'OK'
ptd-server 2021-08-08 10:18:08,222 [INFO] Got command from the client 'time'
ptd-server 2021-08-08 10:18:08,222 [INFO] Sending reply to client '1628414288.2227688'
ptd-server 2021-08-08 10:18:08,224 [INFO] Got command from the client 'session,2021-08-08_10-07-10,start,testing'
ptd-server 2021-08-08 10:18:08,225 [INFO] Sending to ptd: 'SR,V,248.420000'
ptd-server 2021-08-08 10:18:09,769 [INFO] Reply from ptd: 'Range V changed'
ptd-server 2021-08-08 10:18:09,770 [INFO] Sending to ptd: 'SR,A,0.180090'
ptd-server 2021-08-08 10:18:11,271 [INFO] Reply from ptd: 'Range A changed'
ptd-server 2021-08-08 10:18:21,281 [INFO] Starting testing mode
ptd-server 2021-08-08 10:18:21,281 [INFO] Sending to ptd: 'Go,1000,0,2021-08-08_10-07-10_testing'
ptd-server 2021-08-08 10:18:21,282 [INFO] Reply from ptd: 'Starting untimed measurement, maximum 500000 samples at 1000ms with 0 rampup samples'
ptd-server 2021-08-08 10:18:21,282 [INFO] Sending reply to client 'OK'
ptd-server 2021-08-08 10:28:41,094 [INFO] Got command from the client 'session,2021-08-08_10-07-10,stop,testing'
ptd-server 2021-08-08 10:28:51,096 [INFO] Sending to ptd: 'Stop'
ptd-server 2021-08-08 10:28:51,096 [INFO] Reply from ptd: 'Stopping untimed measurement'
ptd-server 2021-08-08 10:28:51,166 [INFO] Sending reply to client 'OK'
ptd-server 2021-08-08 10:28:51,215 [INFO] Got command from the client 'session,2021-08-08_10-07-10,done'
ptd-server 2021-08-08 10:28:51,215 [INFO] Sending to ptd: 'Stop'
ptd-server 2021-08-08 10:28:51,283 [INFO] Reply from ptd: 'Error: no measurement to stop'
ptd-server 2021-08-08 10:28:51,283 [INFO] Sending to ptd: 'SR,V,300.000000'
ptd-server 2021-08-08 10:28:52,784 [INFO] Reply from ptd: 'Range V changed'
ptd-server 2021-08-08 10:28:52,784 [INFO] Sending to ptd: 'SR,A,0.500000'
ptd-server 2021-08-08 10:28:54,286 [INFO] Reply from ptd: 'Range A changed'
ptd-server 2021-08-08 10:28:54,286 [INFO] Set initial values for Amps 0.500000 and Volts 300.000000
ptd-server 2021-08-08 10:28:54,286 [INFO] Stopping ptd...
