ptd-server 2021-08-12 06:33:38,216 [INFO] Got command from the client 'stop'
ptd-server 2021-08-12 06:33:38,216 [INFO] The server will be stopped after processing this client
ptd-server 2021-08-12 06:33:38,216 [INFO] Sending reply to client 'OK'
ptd-server 2021-08-12 06:33:38,232 [INFO] Got command from the client 'time'
ptd-server 2021-08-12 06:33:38,232 [INFO] Sending reply to client '1628750018.2322094'
ptd-server 2021-08-12 06:33:38,232 [INFO] Got command from the client 'new,,84df17a1-696c-4138-9880-70a5de1d23be'
ptd-server 2021-08-12 06:33:38,232 [INFO] Sending reply to client 'OK 2021-08-12_06-33-38,54c20f1d-e3a7-4ee9-8245-d43c61fe1346'
ptd-server 2021-08-12 06:33:38,232 [INFO] Got command from the client 'time'
ptd-server 2021-08-12 06:33:38,232 [INFO] Sending reply to client '1628750018.2322094'
ptd-server 2021-08-12 06:33:38,232 [INFO] Got command from the client 'session,2021-08-12_06-33-38,start,ranging'
ptd-server 2021-08-12 06:33:38,341 [INFO] Running PTDaemon: ['.\\ptd-windows-x86.exe', '-l', 'C:\\Users\\root\\AppData\\Local\\Temp\\tmp0ukmvf2c\\ptd_logfile.txt', '-p', '8888', '-c', '2', '-y', '48', '100.83.149.90']
ptd-server 2021-08-12 06:33:56,906 [INFO] Sending to ptd: 'Hello'
ptd-server 2021-08-12 06:33:56,906 [INFO] Reply from ptd: 'Hello, PTDaemon here!'
ptd-server 2021-08-12 06:33:56,906 [INFO] Sending to ptd: 'Identify'
ptd-server 2021-08-12 06:33:56,906 [INFO] Reply from ptd: 'YokogawaWT500_multichannel,1000,1,1,1,1,0,0,1,version=1.9.2-3976349f-20201208,OS=Windows 8 / Server 2012,mode=power,1,1,3,0,0,no_cal_date,YOKOGAWA;760203;U1J802935;F1.21'
ptd-server 2021-08-12 06:33:56,906 [INFO] Connected to PTDaemon
ptd-server 2021-08-12 06:33:56,906 [INFO] Sending to ptd: 'RR'
ptd-server 2021-08-12 06:33:56,906 [INFO] Reply from ptd: 'Ranges,-1,-1.000000,-1,-1.000000'
ptd-server 2021-08-12 06:33:56,906 [INFO] Initial range for Amps is Auto for Volts is Auto
ptd-server 2021-08-12 06:33:56,921 [INFO] Sending to ptd: 'SR,V,Auto'
ptd-server 2021-08-12 06:33:57,125 [INFO] Reply from ptd: 'Range V changed'
ptd-server 2021-08-12 06:33:57,125 [INFO] Sending to ptd: 'SR,A,Auto'
ptd-server 2021-08-12 06:33:57,281 [INFO] Reply from ptd: 'Range A changed'
ptd-server 2021-08-12 06:34:07,291 [INFO] Starting ranging mode
ptd-server 2021-08-12 06:34:07,291 [INFO] Sending to ptd: 'Go,1000,0,2021-08-12_06-33-38_ranging'
ptd-server 2021-08-12 06:34:07,291 [INFO] Reply from ptd: 'Starting untimed measurement, maximum 500000 samples at 1000ms with 0 rampup samples'
ptd-server 2021-08-12 06:34:07,291 [INFO] Sending reply to client 'OK'
ptd-server 2021-08-12 06:45:16,704 [INFO] Got command from the client 'session,2021-08-12_06-33-38,stop,ranging'
ptd-server 2021-08-12 06:45:26,708 [INFO] Sending to ptd: 'Stop'
ptd-server 2021-08-12 06:45:26,708 [INFO] Reply from ptd: 'Stopping untimed measurement'
ptd-server 2021-08-12 06:45:26,739 [INFO] Sending reply to client 'OK'
ptd-server 2021-08-12 06:45:26,739 [INFO] Got command from the client 'time'
ptd-server 2021-08-12 06:45:26,739 [INFO] Sending reply to client '1628750726.7391925'
ptd-server 2021-08-12 06:45:26,739 [INFO] Got command from the client 'session,2021-08-12_06-33-38,start,testing'
ptd-server 2021-08-12 06:45:26,739 [INFO] Sending to ptd: 'SR,V,129.890000'
ptd-server 2021-08-12 06:45:28,526 [INFO] Reply from ptd: 'Range V changed'
ptd-server 2021-08-12 06:45:28,526 [INFO] Sending to ptd: 'SR,A,14.502000'
ptd-server 2021-08-12 06:45:29,245 [INFO] Reply from ptd: 'Range A changed'
ptd-server 2021-08-12 06:45:39,260 [INFO] Starting testing mode
ptd-server 2021-08-12 06:45:39,260 [INFO] Sending to ptd: 'Go,1000,0,2021-08-12_06-33-38_testing'
ptd-server 2021-08-12 06:45:39,260 [INFO] Reply from ptd: 'Starting untimed measurement, maximum 500000 samples at 1000ms with 0 rampup samples'
ptd-server 2021-08-12 06:45:39,260 [INFO] Sending reply to client 'OK'
ptd-server 2021-08-12 06:56:47,112 [INFO] Got command from the client 'session,2021-08-12_06-33-38,stop,testing'
ptd-server 2021-08-12 06:56:57,123 [INFO] Sending to ptd: 'Stop'
ptd-server 2021-08-12 06:56:57,123 [INFO] Reply from ptd: 'Stopping untimed measurement'
ptd-server 2021-08-12 06:56:57,154 [INFO] Sending reply to client 'OK'
ptd-server 2021-08-12 06:56:57,154 [INFO] Got command from the client 'session,2021-08-12_06-33-38,done'
ptd-server 2021-08-12 06:56:57,154 [INFO] Sending to ptd: 'Stop'
ptd-server 2021-08-12 06:56:57,279 [INFO] Reply from ptd: 'Error: no measurement to stop'
ptd-server 2021-08-12 06:56:57,279 [INFO] Sending to ptd: 'SR,V,Auto'
ptd-server 2021-08-12 06:56:57,498 [INFO] Reply from ptd: 'Range V changed'
ptd-server 2021-08-12 06:56:57,498 [INFO] Sending to ptd: 'SR,A,Auto'
ptd-server 2021-08-12 06:56:57,654 [INFO] Reply from ptd: 'Range A changed'
ptd-server 2021-08-12 06:56:57,654 [INFO] Set initial values for Amps Auto and Volts Auto
ptd-server 2021-08-12 06:56:57,654 [INFO] Stopping ptd...
