client 2021-08-09 06:30:00,669 [WARNING] Removing loadgen logs directory '/home/maria/CK/ck-mlperf/program/image-classification-tflite-loadgen/tmp/loadgen_logs'
client 2021-08-09 06:30:00,700 [INFO] Sending command to the server: 'mlcommons/power client v3'
client 2021-08-09 06:30:00,701 [INFO] Got response: 'mlcommons/power server v3'
client 2021-08-09 06:30:00,701 [INFO] Synchronizing with the server and with time.google.com...
client 2021-08-09 06:30:00,744 [INFO] NTP:offset = 0.004 s, delay = 0.028 s 
client 2021-08-09 06:30:00,745 [INFO] Sending command to the server: 'time'
client 2021-08-09 06:30:00,747 [INFO] Got response: '1628487000.750436'
client 2021-08-09 06:30:00,747 [INFO] The time difference between the client and the server is within range -4.729 ms..-2.729 ms
client 2021-08-09 06:30:00,748 [INFO] Sending command to the server: 'new,,29b7ccee-33ed-4660-af04-103201bda98b'
client 2021-08-09 06:30:00,749 [INFO] Got response: 'OK 2021-08-09_06-30-00,c2eac6f7-7303-4bd9-8762-3382170edca1'
client 2021-08-09 06:30:00,750 [INFO] Session id is '2021-08-09_06-30-00'
client 2021-08-09 06:30:00,751 [INFO] Sources: {"sources": {"__init__.py": "da39a3ee5e6b4b0d3255bfef95601890afd80709", "client.py": "33ca4f26368777ac06e01f9567b714a4b8063886", "lib/__init__.py": "da39a3ee5e6b4b0d3255bfef95601890afd80709", "lib/client.py": "4c2b78fb4849a7e5b584ef792d82aaed20b17f57", "lib/common.py": "624d0c0acc7c39aaff3674f0b99d6a09da53d1dc", "lib/external/__init__.py": "da39a3ee5e6b4b0d3255bfef95601890afd80709", "lib/external/ntplib.py": "4da8f970656505a40483206ef2b5d3dd5e81711d", "lib/server.py": "59c9fb92908260d3e9f81a895c7aa009742275e4", "lib/source_hashes.py": "60a2e02193209e8d392803326208d5466342da18", "lib/summary.py": "aa92f0a3f975eecd44d3c0cd0236342ccc9f941d", "lib/time_sync.py": "3210db56eb0ff0df57bf4293dc4d4b03fffd46f1", "server.py": "c3f90f2f7eeb4db30727556d0c815ebc89b3d28b", "tests/unit/__init__.py": "da39a3ee5e6b4b0d3255bfef95601890afd80709", "tests/unit/test_server.py": "99ae15aef722f2000ee6ed1ae1523637bf1ae42b", "tests/unit/test_source_hashes.py": "00468a2907583c593e6574a1f6b404e4651c221a"}, "modules": {"ptd_client_server.lib.client": "lib/client.py", "ptd_client_server.lib.common": "lib/common.py", "ptd_client_server.lib.external.ntplib": "lib/external/ntplib.py", "ptd_client_server.lib.source_hashes": "lib/source_hashes.py", "ptd_client_server.lib.summary": "lib/summary.py", "ptd_client_server.lib.time_sync": "lib/time_sync.py"}}
client 2021-08-09 06:30:00,752 [INFO] Running workload in ranging mode
client 2021-08-09 06:30:00,752 [INFO] Synchronizing with the server and with time.google.com...
client 2021-08-09 06:30:00,794 [INFO] NTP:offset = -0.001 s, delay = 0.037 s 
client 2021-08-09 06:30:00,795 [INFO] Sending command to the server: 'time'
client 2021-08-09 06:30:00,796 [INFO] Got response: '1628487000.7999778'
client 2021-08-09 06:30:00,797 [INFO] The time difference between the client and the server is within range -4.600 ms..-2.867 ms
client 2021-08-09 06:30:00,797 [INFO] Sending command to the server: 'session,2021-08-09_06-30-00,start,ranging'
client 2021-08-09 06:30:28,991 [INFO] Got response: 'OK'
client 2021-08-09 06:30:28,992 [INFO] Running the workload 'ck benchmark program:image-classification-tflite-loadgen --env.CK_SILENT_MODE=YES --skip_print_timers --dep_add_tags.compiler=gcc,v7 --dep_add_tags.python=v3 --dep_add_tags.mlperf-inference-src=r1.1 --dep_add_tags.weights=mobilenet,v2-1.0-224,quantized --dep_add_tags.images=crop.875,preprocessed,using-opencv --dep_add_tags.library=tflite,v2.5.0,with.ruy --env.CK_LOADGEN_DATASET_SIZE=1024 --env.CK_LOADGEN_MODE=PerformanceOnly --env.CK_LOADGEN_SCENARIO=SingleStream --env.CK_LOADGEN_TARGET_LATENCY=$CK_LOADGEN_TARGET_LATENCY --skip_stat_analysis --process_multi_keys --repetitions=1 --record --record_repo=local --record_uoa=mlperf-open-xavier-tflite-v2.5.0-ruy-mobilenet-v2-1.0-224-quantized-singlestream-performance-target_latency.$CK_LOADGEN_TARGET_LATENCY-power.workload --tags=mlperf,division.open,task.image-classification,platform.xavier,scenario.singlestream,mode.performance,workload.mobilenet-v2-1.0-224-quantized,preprocessed_using.opencv,inference_engine.tflite,inference_engine_version.v2.5.0,inference_engine_backend.ruy,target_latency.$CK_LOADGEN_TARGET_LATENCY,power.workload "@@@{\'meta\': {\'ck_benchmark_program\': \'ck benchmark program:image-classification-tflite-loadgen --env.CK_SILENT_MODE=YES --skip_print_timers --dep_add_tags.compiler=gcc,v7 --dep_add_tags.python=v3 --dep_add_tags.mlperf-inference-src=r1.1 --dep_add_tags.weights=mobilenet,v2-1.0-224,quantized --dep_add_tags.images=crop.875,preprocessed,using-opencv --dep_add_tags.library=tflite,v2.5.0,with.ruy --env.CK_LOADGEN_DATASET_SIZE=1024 --env.CK_LOADGEN_MODE=PerformanceOnly --env.CK_LOADGEN_SCENARIO=SingleStream --env.CK_LOADGEN_TARGET_LATENCY=$CK_LOADGEN_TARGET_LATENCY --skip_stat_analysis --process_multi_keys --repetitions=1 --record --record_repo=local --record_uoa=mlperf-open-xavier-tflite-v2.5.0-ruy-mobilenet-v2-1.0-224-quantized-singlestream-performance-target_latency.$CK_LOADGEN_TARGET_LATENCY-power.workload --tags=mlperf,division.open,task.image-classification,platform.xavier,scenario.singlestream,mode.performance,workload.mobilenet-v2-1.0-224-quantized,preprocessed_using.opencv,inference_engine.tflite,inference_engine_version.v2.5.0,inference_engine_backend.ruy,target_latency.$CK_LOADGEN_TARGET_LATENCY,power.workload\'}}" && cat `ck find program:image-classification-tflite-loadgen`/tmp/mlperf_log_summary.txt && mkdir -p "$CK_MLPERF_POWER_CLIENT_LOADGEN_LOGS" && cp "$CK_MLPERF_POWER_CLIENT_LOADGEN_LOGS"/../mlperf_log_* "$CK_MLPERF_POWER_CLIENT_LOADGEN_LOGS"/'
client 2021-08-09 06:40:48,616 [INFO] Sending command to the server: 'session,2021-08-09_06-30-00,stop,ranging'
client 2021-08-09 06:40:58,854 [INFO] Got response: 'OK'
client 2021-08-09 06:40:58,876 [INFO] Copying loadgen logs from '/home/maria/CK/ck-mlperf/program/image-classification-tflite-loadgen/tmp/loadgen_logs' to '/home/maria/CK/ck-mlperf/program/mlperf-power-client/tmp/2021-08-09_06-30-00/ranging'
client 2021-08-09 06:40:58,882 [INFO] Running workload in testing mode
client 2021-08-09 06:40:58,883 [INFO] Synchronizing with the server and with time.google.com...
client 2021-08-09 06:40:58,917 [INFO] NTP:offset = -0.001 s, delay = 0.029 s 
client 2021-08-09 06:40:58,919 [INFO] Sending command to the server: 'time'
client 2021-08-09 06:40:58,921 [INFO] Got response: '1628487658.9231982'
client 2021-08-09 06:40:58,922 [INFO] The time difference between the client and the server is within range -4.139 ms..-1.248 ms
client 2021-08-09 06:40:58,922 [INFO] Sending command to the server: 'session,2021-08-09_06-30-00,start,testing'
client 2021-08-09 06:41:12,006 [INFO] Got response: 'OK'
client 2021-08-09 06:41:12,008 [INFO] Running the workload 'ck benchmark program:image-classification-tflite-loadgen --env.CK_SILENT_MODE=YES --skip_print_timers --dep_add_tags.compiler=gcc,v7 --dep_add_tags.python=v3 --dep_add_tags.mlperf-inference-src=r1.1 --dep_add_tags.weights=mobilenet,v2-1.0-224,quantized --dep_add_tags.images=crop.875,preprocessed,using-opencv --dep_add_tags.library=tflite,v2.5.0,with.ruy --env.CK_LOADGEN_DATASET_SIZE=1024 --env.CK_LOADGEN_MODE=PerformanceOnly --env.CK_LOADGEN_SCENARIO=SingleStream --env.CK_LOADGEN_TARGET_LATENCY=$CK_LOADGEN_TARGET_LATENCY --skip_stat_analysis --process_multi_keys --repetitions=1 --record --record_repo=local --record_uoa=mlperf-open-xavier-tflite-v2.5.0-ruy-mobilenet-v2-1.0-224-quantized-singlestream-performance-target_latency.$CK_LOADGEN_TARGET_LATENCY-power.workload --tags=mlperf,division.open,task.image-classification,platform.xavier,scenario.singlestream,mode.performance,workload.mobilenet-v2-1.0-224-quantized,preprocessed_using.opencv,inference_engine.tflite,inference_engine_version.v2.5.0,inference_engine_backend.ruy,target_latency.$CK_LOADGEN_TARGET_LATENCY,power.workload "@@@{\'meta\': {\'ck_benchmark_program\': \'ck benchmark program:image-classification-tflite-loadgen --env.CK_SILENT_MODE=YES --skip_print_timers --dep_add_tags.compiler=gcc,v7 --dep_add_tags.python=v3 --dep_add_tags.mlperf-inference-src=r1.1 --dep_add_tags.weights=mobilenet,v2-1.0-224,quantized --dep_add_tags.images=crop.875,preprocessed,using-opencv --dep_add_tags.library=tflite,v2.5.0,with.ruy --env.CK_LOADGEN_DATASET_SIZE=1024 --env.CK_LOADGEN_MODE=PerformanceOnly --env.CK_LOADGEN_SCENARIO=SingleStream --env.CK_LOADGEN_TARGET_LATENCY=$CK_LOADGEN_TARGET_LATENCY --skip_stat_analysis --process_multi_keys --repetitions=1 --record --record_repo=local --record_uoa=mlperf-open-xavier-tflite-v2.5.0-ruy-mobilenet-v2-1.0-224-quantized-singlestream-performance-target_latency.$CK_LOADGEN_TARGET_LATENCY-power.workload --tags=mlperf,division.open,task.image-classification,platform.xavier,scenario.singlestream,mode.performance,workload.mobilenet-v2-1.0-224-quantized,preprocessed_using.opencv,inference_engine.tflite,inference_engine_version.v2.5.0,inference_engine_backend.ruy,target_latency.$CK_LOADGEN_TARGET_LATENCY,power.workload\'}}" && cat `ck find program:image-classification-tflite-loadgen`/tmp/mlperf_log_summary.txt && mkdir -p "$CK_MLPERF_POWER_CLIENT_LOADGEN_LOGS" && cp "$CK_MLPERF_POWER_CLIENT_LOADGEN_LOGS"/../mlperf_log_* "$CK_MLPERF_POWER_CLIENT_LOADGEN_LOGS"/'
client 2021-08-09 06:51:31,541 [INFO] Sending command to the server: 'session,2021-08-09_06-30-00,stop,testing'
client 2021-08-09 06:51:41,677 [INFO] Got response: 'OK'
client 2021-08-09 06:51:41,684 [INFO] Copying loadgen logs from '/home/maria/CK/ck-mlperf/program/image-classification-tflite-loadgen/tmp/loadgen_logs' to '/home/maria/CK/ck-mlperf/program/mlperf-power-client/tmp/2021-08-09_06-30-00/run_1'
client 2021-08-09 06:51:41,688 [INFO] Done runs
