ptd-server 2021-08-09 06:30:00,750 [INFO] Got command from the client 'time'
ptd-server 2021-08-09 06:30:00,750 [INFO] Sending reply to client '1628487000.750436'
ptd-server 2021-08-09 06:30:00,752 [INFO] Got command from the client 'new,,29b7ccee-33ed-4660-af04-103201bda98b'
ptd-server 2021-08-09 06:30:00,753 [INFO] Sending reply to client 'OK 2021-08-09_06-30-00,c2eac6f7-7303-4bd9-8762-3382170edca1'
ptd-server 2021-08-09 06:30:00,799 [INFO] Got command from the client 'time'
ptd-server 2021-08-09 06:30:00,800 [INFO] Sending reply to client '1628487000.7999778'
ptd-server 2021-08-09 06:30:00,801 [INFO] Got command from the client 'session,2021-08-09_06-30-00,start,ranging'
ptd-server 2021-08-09 06:30:00,802 [INFO] Running PTDaemon: ['/home/anton/projects/mlperf/power/inference_v1.0/ptd-linux-x86', '-l', '/tmp/tmpr3iqmcco/ptd_logfile.txt', '-p', '8888', '49', '/dev/usbtmc0']
ptd-server 2021-08-09 06:30:17,975 [INFO] Sending to ptd: 'Hello'
ptd-server 2021-08-09 06:30:17,976 [INFO] Reply from ptd: 'Hello, PTDaemon here!'
ptd-server 2021-08-09 06:30:17,976 [INFO] Sending to ptd: 'Identify'
ptd-server 2021-08-09 06:30:17,976 [INFO] Reply from ptd: 'YokogawaWT310E,1000,1,1,1,1,0,1,1,version=1.9.2-e8c7a49a-20201208,OS=Linux 5.8.0-63-generic #71~20.04.1-Ubuntu SMP Thu Jul 15 17:46:08 UTC 2021 x86_64,mode=power,1,1,1,0,0,no_cal_date,YOKOGAWA;WT310E;C3XA04010E;F1.04'
ptd-server 2021-08-09 06:30:17,976 [INFO] Connected to PTDaemon
ptd-server 2021-08-09 06:30:17,976 [INFO] Sending to ptd: 'RR'
ptd-server 2021-08-09 06:30:17,977 [INFO] Reply from ptd: 'Ranges,0,0.500000,0,300.000000'
ptd-server 2021-08-09 06:30:17,977 [INFO] Initial range for Amps is 0.500000 for Volts is 300.000000
ptd-server 2021-08-09 06:30:17,977 [INFO] Sending to ptd: 'SR,V,Auto'
ptd-server 2021-08-09 06:30:18,479 [INFO] Reply from ptd: 'Range V changed'
ptd-server 2021-08-09 06:30:18,480 [INFO] Sending to ptd: 'SR,A,Auto'
ptd-server 2021-08-09 06:30:18,982 [INFO] Reply from ptd: 'Range A changed'
ptd-server 2021-08-09 06:30:28,992 [INFO] Starting ranging mode
ptd-server 2021-08-09 06:30:28,993 [INFO] Sending to ptd: 'Go,1000,0,2021-08-09_06-30-00_ranging'
ptd-server 2021-08-09 06:30:28,993 [INFO] Reply from ptd: 'Starting untimed measurement, maximum 500000 samples at 1000ms with 0 rampup samples'
ptd-server 2021-08-09 06:30:28,993 [INFO] Sending reply to client 'OK'
ptd-server 2021-08-09 06:40:48,620 [INFO] Got command from the client 'session,2021-08-09_06-30-00,stop,ranging'
ptd-server 2021-08-09 06:40:58,631 [INFO] Sending to ptd: 'Stop'
ptd-server 2021-08-09 06:40:58,631 [INFO] Reply from ptd: 'Stopping untimed measurement'
ptd-server 2021-08-09 06:40:58,856 [INFO] Sending reply to client 'OK'
ptd-server 2021-08-09 06:40:58,923 [INFO] Got command from the client 'time'
ptd-server 2021-08-09 06:40:58,923 [INFO] Sending reply to client '1628487658.9231982'
ptd-server 2021-08-09 06:40:58,926 [INFO] Got command from the client 'session,2021-08-09_06-30-00,start,testing'
ptd-server 2021-08-09 06:40:58,926 [INFO] Sending to ptd: 'SR,V,248.680000'
ptd-server 2021-08-09 06:41:00,495 [INFO] Reply from ptd: 'Range V changed'
ptd-server 2021-08-09 06:41:00,495 [INFO] Sending to ptd: 'SR,A,0.189460'
ptd-server 2021-08-09 06:41:01,996 [INFO] Reply from ptd: 'Range A changed'
ptd-server 2021-08-09 06:41:12,006 [INFO] Starting testing mode
ptd-server 2021-08-09 06:41:12,007 [INFO] Sending to ptd: 'Go,1000,0,2021-08-09_06-30-00_testing'
ptd-server 2021-08-09 06:41:12,007 [INFO] Reply from ptd: 'Starting untimed measurement, maximum 500000 samples at 1000ms with 0 rampup samples'
ptd-server 2021-08-09 06:41:12,007 [INFO] Sending reply to client 'OK'
ptd-server 2021-08-09 06:51:31,544 [INFO] Got command from the client 'session,2021-08-09_06-30-00,stop,testing'
ptd-server 2021-08-09 06:51:41,555 [INFO] Sending to ptd: 'Stop'
ptd-server 2021-08-09 06:51:41,555 [INFO] Reply from ptd: 'Stopping untimed measurement'
ptd-server 2021-08-09 06:51:41,678 [INFO] Sending reply to client 'OK'
ptd-server 2021-08-09 06:51:41,697 [INFO] Got command from the client 'session,2021-08-09_06-30-00,done'
ptd-server 2021-08-09 06:51:41,698 [INFO] Sending to ptd: 'Stop'
ptd-server 2021-08-09 06:51:42,008 [INFO] Reply from ptd: 'Error: no measurement to stop'
ptd-server 2021-08-09 06:51:42,008 [INFO] Sending to ptd: 'SR,V,300.000000'
ptd-server 2021-08-09 06:51:43,509 [INFO] Reply from ptd: 'Range V changed'
ptd-server 2021-08-09 06:51:43,509 [INFO] Sending to ptd: 'SR,A,0.500000'
ptd-server 2021-08-09 06:51:45,011 [INFO] Reply from ptd: 'Range A changed'
ptd-server 2021-08-09 06:51:45,011 [INFO] Set initial values for Amps 0.500000 and Volts 300.000000
ptd-server 2021-08-09 06:51:45,011 [INFO] Stopping ptd...
