client 2021-08-10 15:09:49,445 [INFO] Sending command to the server: 'mlcommons/power client v3'
client 2021-08-10 15:09:49,446 [INFO] Got response: 'mlcommons/power server v3'
client 2021-08-10 15:09:49,447 [INFO] Synchronizing with the server and with time.google.com...
client 2021-08-10 15:09:49,507 [INFO] NTP:offset = -0.001 s, delay = 0.027 s 
client 2021-08-10 15:09:49,508 [INFO] Sending command to the server: 'time'
client 2021-08-10 15:09:49,509 [INFO] Got response: '1628604589.5071604'
client 2021-08-10 15:09:49,509 [INFO] The time difference between the client and the server is within range 0.808 ms..2.688 ms
client 2021-08-10 15:09:49,510 [INFO] Sending command to the server: 'new,,ee0174ea-4f4a-4fc5-ba72-231f3a920099'
client 2021-08-10 15:09:49,512 [INFO] Got response: 'OK 2021-08-10_15-09-49,1b9a88b2-de87-4f63-8244-77da180f8c2a'
client 2021-08-10 15:09:49,513 [INFO] Session id is '2021-08-10_15-09-49'
client 2021-08-10 15:09:49,514 [INFO] Sources: {"sources": {"__init__.py": "da39a3ee5e6b4b0d3255bfef95601890afd80709", "client.py": "33ca4f26368777ac06e01f9567b714a4b8063886", "lib/__init__.py": "da39a3ee5e6b4b0d3255bfef95601890afd80709", "lib/client.py": "4c2b78fb4849a7e5b584ef792d82aaed20b17f57", "lib/common.py": "624d0c0acc7c39aaff3674f0b99d6a09da53d1dc", "lib/external/__init__.py": "da39a3ee5e6b4b0d3255bfef95601890afd80709", "lib/external/ntplib.py": "4da8f970656505a40483206ef2b5d3dd5e81711d", "lib/server.py": "59c9fb92908260d3e9f81a895c7aa009742275e4", "lib/source_hashes.py": "60a2e02193209e8d392803326208d5466342da18", "lib/summary.py": "aa92f0a3f975eecd44d3c0cd0236342ccc9f941d", "lib/time_sync.py": "3210db56eb0ff0df57bf4293dc4d4b03fffd46f1", "server.py": "c3f90f2f7eeb4db30727556d0c815ebc89b3d28b", "tests/unit/__init__.py": "da39a3ee5e6b4b0d3255bfef95601890afd80709", "tests/unit/test_server.py": "99ae15aef722f2000ee6ed1ae1523637bf1ae42b", "tests/unit/test_source_hashes.py": "00468a2907583c593e6574a1f6b404e4651c221a"}, "modules": {"ptd_client_server.lib.client": "lib/client.py", "ptd_client_server.lib.common": "lib/common.py", "ptd_client_server.lib.external.ntplib": "lib/external/ntplib.py", "ptd_client_server.lib.source_hashes": "lib/source_hashes.py", "ptd_client_server.lib.summary": "lib/summary.py", "ptd_client_server.lib.time_sync": "lib/time_sync.py"}}
client 2021-08-10 15:09:49,515 [INFO] Running workload in ranging mode
client 2021-08-10 15:09:49,515 [INFO] Synchronizing with the server and with time.google.com...
client 2021-08-10 15:09:49,553 [INFO] NTP:offset = 0.000 s, delay = 0.033 s 
client 2021-08-10 15:09:49,554 [INFO] Sending command to the server: 'time'
client 2021-08-10 15:09:49,556 [INFO] Got response: '1628604589.554088'
client 2021-08-10 15:09:49,557 [INFO] The time difference between the client and the server is within range 0.527 ms..2.973 ms
client 2021-08-10 15:09:49,557 [INFO] Sending command to the server: 'session,2021-08-10_15-09-49,start,ranging'
client 2021-08-10 15:10:17,751 [INFO] Got response: 'OK'
client 2021-08-10 15:10:17,752 [INFO] Running the workload 'ck benchmark program:image-classification-tflite-loadgen --env.CK_SILENT_MODE=YES --skip_print_timers --dep_add_tags.compiler=gcc,v7 --dep_add_tags.python=v3 --dep_add_tags.mlperf-inference-src=r1.1 --dep_add_tags.weights=resnet50 --dep_add_tags.images=crop.875,preprocessed,using-opencv --dep_add_tags.library=tflite,v2.5.0,with.ruy --env.CK_LOADGEN_DATASET_SIZE=1024 --env.CK_LOADGEN_SCENARIO=SingleStream --env.CK_LOADGEN_MODE=PerformanceOnly --env.CK_LOADGEN_TARGET_LATENCY=300 --env.CK_POWER_MODE=5 --env.CK_FAN_MODE=cool --skip_stat_analysis --process_multi_keys --repetitions=1 --record --record_repo=local --record_uoa=mlperf-closed-xavier-tflite-v2.5.0-ruy-resnet50-singlestream-performance-target_latency.300-power_mode.5-fan_mode.cool-power.workload --tags=mlperf,division.closed,task.image-classification,platform.xavier,scenario.singlestream,mode.performance,workload.resnet50,preprocessed_using.opencv,inference_engine.tflite,inference_engine_version.v2.5.0,inference_engine_backend.ruy,target_latency.300,power_mode.5,fan_mode.cool,power.workload "@@@{\'meta\': {\'ck_benchmark_program\': \'ck benchmark program:image-classification-tflite-loadgen --env.CK_SILENT_MODE=YES --skip_print_timers --dep_add_tags.compiler=gcc,v7 --dep_add_tags.python=v3 --dep_add_tags.mlperf-inference-src=r1.1 --dep_add_tags.weights=resnet50 --dep_add_tags.images=crop.875,preprocessed,using-opencv --dep_add_tags.library=tflite,v2.5.0,with.ruy --env.CK_LOADGEN_DATASET_SIZE=1024 --env.CK_LOADGEN_SCENARIO=SingleStream --env.CK_LOADGEN_MODE=PerformanceOnly --env.CK_LOADGEN_TARGET_LATENCY=300 --env.CK_POWER_MODE=5 --env.CK_FAN_MODE=cool --skip_stat_analysis --process_multi_keys --repetitions=1 --record --record_repo=local --record_uoa=mlperf-closed-xavier-tflite-v2.5.0-ruy-resnet50-singlestream-performance-target_latency.300-power_mode.5-fan_mode.cool-power.workload --tags=mlperf,division.closed,task.image-classification,platform.xavier,scenario.singlestream,mode.performance,workload.resnet50,preprocessed_using.opencv,inference_engine.tflite,inference_engine_version.v2.5.0,inference_engine_backend.ruy,target_latency.300,power_mode.5,fan_mode.cool,power.workload\'}}" && cat `ck find program:image-classification-tflite-loadgen`/tmp/mlperf_log_summary.txt && mkdir -p "$CK_MLPERF_POWER_CLIENT_LOADGEN_LOGS" && cp "$CK_MLPERF_POWER_CLIENT_LOADGEN_LOGS"/../mlperf_log_* "$CK_MLPERF_POWER_CLIENT_LOADGEN_LOGS"/'
client 2021-08-10 15:20:44,161 [INFO] Sending command to the server: 'session,2021-08-10_15-09-49,stop,ranging'
client 2021-08-10 15:20:54,419 [INFO] Got response: 'OK'
client 2021-08-10 15:20:54,445 [INFO] Copying loadgen logs from '/home/maria/CK/ck-mlperf/program/image-classification-tflite-loadgen/tmp/loadgen_logs' to '/home/maria/CK/ck-mlperf/program/mlperf-power-client/tmp/2021-08-10_15-09-49/ranging'
client 2021-08-10 15:20:54,449 [INFO] Running workload in testing mode
client 2021-08-10 15:20:54,450 [INFO] Synchronizing with the server and with time.google.com...
client 2021-08-10 15:20:54,491 [INFO] NTP:offset = 0.003 s, delay = 0.032 s 
client 2021-08-10 15:20:54,492 [INFO] Sending command to the server: 'time'
client 2021-08-10 15:20:54,494 [INFO] Got response: '1628605254.498049'
client 2021-08-10 15:20:54,495 [INFO] The time difference between the client and the server is within range -5.198 ms..-2.892 ms
client 2021-08-10 15:20:54,495 [INFO] Sending command to the server: 'session,2021-08-10_15-09-49,start,testing'
client 2021-08-10 15:21:07,759 [INFO] Got response: 'OK'
client 2021-08-10 15:21:07,763 [INFO] Running the workload 'ck benchmark program:image-classification-tflite-loadgen --env.CK_SILENT_MODE=YES --skip_print_timers --dep_add_tags.compiler=gcc,v7 --dep_add_tags.python=v3 --dep_add_tags.mlperf-inference-src=r1.1 --dep_add_tags.weights=resnet50 --dep_add_tags.images=crop.875,preprocessed,using-opencv --dep_add_tags.library=tflite,v2.5.0,with.ruy --env.CK_LOADGEN_DATASET_SIZE=1024 --env.CK_LOADGEN_SCENARIO=SingleStream --env.CK_LOADGEN_MODE=PerformanceOnly --env.CK_LOADGEN_TARGET_LATENCY=300 --env.CK_POWER_MODE=5 --env.CK_FAN_MODE=cool --skip_stat_analysis --process_multi_keys --repetitions=1 --record --record_repo=local --record_uoa=mlperf-closed-xavier-tflite-v2.5.0-ruy-resnet50-singlestream-performance-target_latency.300-power_mode.5-fan_mode.cool-power.workload --tags=mlperf,division.closed,task.image-classification,platform.xavier,scenario.singlestream,mode.performance,workload.resnet50,preprocessed_using.opencv,inference_engine.tflite,inference_engine_version.v2.5.0,inference_engine_backend.ruy,target_latency.300,power_mode.5,fan_mode.cool,power.workload "@@@{\'meta\': {\'ck_benchmark_program\': \'ck benchmark program:image-classification-tflite-loadgen --env.CK_SILENT_MODE=YES --skip_print_timers --dep_add_tags.compiler=gcc,v7 --dep_add_tags.python=v3 --dep_add_tags.mlperf-inference-src=r1.1 --dep_add_tags.weights=resnet50 --dep_add_tags.images=crop.875,preprocessed,using-opencv --dep_add_tags.library=tflite,v2.5.0,with.ruy --env.CK_LOADGEN_DATASET_SIZE=1024 --env.CK_LOADGEN_SCENARIO=SingleStream --env.CK_LOADGEN_MODE=PerformanceOnly --env.CK_LOADGEN_TARGET_LATENCY=300 --env.CK_POWER_MODE=5 --env.CK_FAN_MODE=cool --skip_stat_analysis --process_multi_keys --repetitions=1 --record --record_repo=local --record_uoa=mlperf-closed-xavier-tflite-v2.5.0-ruy-resnet50-singlestream-performance-target_latency.300-power_mode.5-fan_mode.cool-power.workload --tags=mlperf,division.closed,task.image-classification,platform.xavier,scenario.singlestream,mode.performance,workload.resnet50,preprocessed_using.opencv,inference_engine.tflite,inference_engine_version.v2.5.0,inference_engine_backend.ruy,target_latency.300,power_mode.5,fan_mode.cool,power.workload\'}}" && cat `ck find program:image-classification-tflite-loadgen`/tmp/mlperf_log_summary.txt && mkdir -p "$CK_MLPERF_POWER_CLIENT_LOADGEN_LOGS" && cp "$CK_MLPERF_POWER_CLIENT_LOADGEN_LOGS"/../mlperf_log_* "$CK_MLPERF_POWER_CLIENT_LOADGEN_LOGS"/'
client 2021-08-10 15:31:34,614 [INFO] Sending command to the server: 'session,2021-08-10_15-09-49,stop,testing'
client 2021-08-10 15:31:44,767 [INFO] Got response: 'OK'
client 2021-08-10 15:31:44,777 [INFO] Copying loadgen logs from '/home/maria/CK/ck-mlperf/program/image-classification-tflite-loadgen/tmp/loadgen_logs' to '/home/maria/CK/ck-mlperf/program/mlperf-power-client/tmp/2021-08-10_15-09-49/run_1'
client 2021-08-10 15:31:44,780 [INFO] Done runs
