ptd-server 2021-08-10 15:09:49,507 [INFO] Got command from the client 'time'
ptd-server 2021-08-10 15:09:49,507 [INFO] Sending reply to client '1628604589.5071604'
ptd-server 2021-08-10 15:09:49,509 [INFO] Got command from the client 'new,,ee0174ea-4f4a-4fc5-ba72-231f3a920099'
ptd-server 2021-08-10 15:09:49,510 [INFO] Sending reply to client 'OK 2021-08-10_15-09-49,1b9a88b2-de87-4f63-8244-77da180f8c2a'
ptd-server 2021-08-10 15:09:49,553 [INFO] Got command from the client 'time'
ptd-server 2021-08-10 15:09:49,554 [INFO] Sending reply to client '1628604589.554088'
ptd-server 2021-08-10 15:09:49,556 [INFO] Got command from the client 'session,2021-08-10_15-09-49,start,ranging'
ptd-server 2021-08-10 15:09:49,556 [INFO] Running PTDaemon: ['/home/anton/projects/mlperf/power/inference_v1.0/ptd-linux-x86', '-l', '/tmp/tmpr3iqmcco/ptd_logfile.txt', '-p', '8888', '49', '/dev/usbtmc0']
ptd-server 2021-08-10 15:10:06,730 [INFO] Sending to ptd: 'Hello'
ptd-server 2021-08-10 15:10:06,731 [INFO] Reply from ptd: 'Hello, PTDaemon here!'
ptd-server 2021-08-10 15:10:06,731 [INFO] Sending to ptd: 'Identify'
ptd-server 2021-08-10 15:10:06,731 [INFO] Reply from ptd: 'YokogawaWT310E,1000,1,1,1,1,0,1,1,version=1.9.2-e8c7a49a-20201208,OS=Linux 5.8.0-63-generic #71~20.04.1-Ubuntu SMP Thu Jul 15 17:46:08 UTC 2021 x86_64,mode=power,1,1,1,0,0,no_cal_date,YOKOGAWA;WT310E;C3XA04010E;F1.04'
ptd-server 2021-08-10 15:10:06,731 [INFO] Connected to PTDaemon
ptd-server 2021-08-10 15:10:06,731 [INFO] Sending to ptd: 'RR'
ptd-server 2021-08-10 15:10:06,732 [INFO] Reply from ptd: 'Ranges,0,0.500000,0,300.000000'
ptd-server 2021-08-10 15:10:06,732 [INFO] Initial range for Amps is 0.500000 for Volts is 300.000000
ptd-server 2021-08-10 15:10:06,732 [INFO] Sending to ptd: 'SR,V,Auto'
ptd-server 2021-08-10 15:10:07,234 [INFO] Reply from ptd: 'Range V changed'
ptd-server 2021-08-10 15:10:07,235 [INFO] Sending to ptd: 'SR,A,Auto'
ptd-server 2021-08-10 15:10:07,737 [INFO] Reply from ptd: 'Range A changed'
ptd-server 2021-08-10 15:10:17,747 [INFO] Starting ranging mode
ptd-server 2021-08-10 15:10:17,747 [INFO] Sending to ptd: 'Go,1000,0,2021-08-10_15-09-49_ranging'
ptd-server 2021-08-10 15:10:17,748 [INFO] Reply from ptd: 'Starting untimed measurement, maximum 500000 samples at 1000ms with 0 rampup samples'
ptd-server 2021-08-10 15:10:17,748 [INFO] Sending reply to client 'OK'
ptd-server 2021-08-10 15:20:44,167 [INFO] Got command from the client 'session,2021-08-10_15-09-49,stop,ranging'
ptd-server 2021-08-10 15:20:54,177 [INFO] Sending to ptd: 'Stop'
ptd-server 2021-08-10 15:20:54,177 [INFO] Reply from ptd: 'Stopping untimed measurement'
ptd-server 2021-08-10 15:20:54,422 [INFO] Sending reply to client 'OK'
ptd-server 2021-08-10 15:20:54,497 [INFO] Got command from the client 'time'
ptd-server 2021-08-10 15:20:54,498 [INFO] Sending reply to client '1628605254.498049'
ptd-server 2021-08-10 15:20:54,500 [INFO] Got command from the client 'session,2021-08-10_15-09-49,start,testing'
ptd-server 2021-08-10 15:20:54,500 [INFO] Sending to ptd: 'SR,V,252.950000'
ptd-server 2021-08-10 15:20:56,250 [INFO] Reply from ptd: 'Range V changed'
ptd-server 2021-08-10 15:20:56,250 [INFO] Sending to ptd: 'SR,A,0.106740'
ptd-server 2021-08-10 15:20:57,751 [INFO] Reply from ptd: 'Range A changed'
ptd-server 2021-08-10 15:21:07,762 [INFO] Starting testing mode
ptd-server 2021-08-10 15:21:07,762 [INFO] Sending to ptd: 'Go,1000,0,2021-08-10_15-09-49_testing'
ptd-server 2021-08-10 15:21:07,762 [INFO] Reply from ptd: 'Starting untimed measurement, maximum 500000 samples at 1000ms with 0 rampup samples'
ptd-server 2021-08-10 15:21:07,762 [INFO] Sending reply to client 'OK'
ptd-server 2021-08-10 15:31:34,622 [INFO] Got command from the client 'session,2021-08-10_15-09-49,stop,testing'
ptd-server 2021-08-10 15:31:44,632 [INFO] Sending to ptd: 'Stop'
ptd-server 2021-08-10 15:31:44,633 [INFO] Reply from ptd: 'Stopping untimed measurement'
ptd-server 2021-08-10 15:31:44,772 [INFO] Sending reply to client 'OK'
ptd-server 2021-08-10 15:31:44,796 [INFO] Got command from the client 'session,2021-08-10_15-09-49,done'
ptd-server 2021-08-10 15:31:44,796 [INFO] Sending to ptd: 'Stop'
ptd-server 2021-08-10 15:31:44,797 [INFO] Reply from ptd: 'Error: no measurement to stop'
ptd-server 2021-08-10 15:31:44,797 [INFO] Sending to ptd: 'SR,V,300.000000'
ptd-server 2021-08-10 15:31:46,298 [INFO] Reply from ptd: 'Range V changed'
ptd-server 2021-08-10 15:31:46,298 [INFO] Sending to ptd: 'SR,A,0.500000'
ptd-server 2021-08-10 15:31:47,800 [INFO] Reply from ptd: 'Range A changed'
ptd-server 2021-08-10 15:31:47,800 [INFO] Set initial values for Amps 0.500000 and Volts 300.000000
ptd-server 2021-08-10 15:31:47,800 [INFO] Stopping ptd...
