ptd-server 2021-08-01 11:59:19,770 [INFO] Got command from the client 'stop'
ptd-server 2021-08-01 11:59:19,770 [INFO] The server will be stopped after processing this client
ptd-server 2021-08-01 11:59:19,770 [INFO] Sending reply to client 'OK'
ptd-server 2021-08-01 11:59:19,973 [INFO] Got command from the client 'time'
ptd-server 2021-08-01 11:59:19,973 [INFO] Sending reply to client '1627844359.9732287'
ptd-server 2021-08-01 11:59:19,973 [INFO] Got command from the client 'new,,a5a39cab-e22b-4bd5-9cdf-e213ebf04eb8'
ptd-server 2021-08-01 11:59:19,973 [INFO] Sending reply to client 'OK 2021-08-01_11-59-19,d78dabf4-95b1-4a10-8d52-3b19214a8d1c'
ptd-server 2021-08-01 11:59:20,187 [INFO] Got command from the client 'time'
ptd-server 2021-08-01 11:59:20,187 [INFO] Sending reply to client '1627844360.18763'
ptd-server 2021-08-01 11:59:20,187 [INFO] Got command from the client 'session,2021-08-01_11-59-19,start,ranging'
ptd-server 2021-08-01 11:59:20,296 [INFO] Running PTDaemon: ['C:\\PTD\\ptd-windows-x86.exe', '-l', 'C:\\Users\\lab\\AppData\\Local\\Temp\\tmpu6u9jflt\\ptd_logfile.txt', '-p', '8888', '-c', '1,3', '-y', '77', '10.117.41.199']
ptd-server 2021-08-01 11:59:40,562 [INFO] Sending to ptd: 'Hello'
ptd-server 2021-08-01 11:59:40,562 [INFO] Reply from ptd: 'Hello, PTDaemon here!'
ptd-server 2021-08-01 11:59:40,562 [INFO] Sending to ptd: 'Identify'
ptd-server 2021-08-01 11:59:40,562 [INFO] Reply from ptd: 'YokogawaWT330_multichannel,1000,1,1,1,1,0,0,1,version=1.9.2-3976349f-20201208,OS=Windows 8 / Server 2012,mode=power,1,1,2,0,0,no_cal_date,YOKOGAWA;WT333E;C2WL21011V;F1.04'
ptd-server 2021-08-01 11:59:40,562 [INFO] Connected to PTDaemon
ptd-server 2021-08-01 11:59:40,562 [INFO] Sending to ptd: 'RR'
ptd-server 2021-08-01 11:59:40,562 [INFO] Reply from ptd: 'Ranges,0,20.000000,1,300.000000'
ptd-server 2021-08-01 11:59:40,562 [INFO] Initial range for Amps is 20.000000 for Volts is Auto
ptd-server 2021-08-01 11:59:40,562 [INFO] Sending to ptd: 'SR,V,Auto'
ptd-server 2021-08-01 11:59:45,637 [INFO] Reply from ptd: 'Range V changed'
ptd-server 2021-08-01 11:59:45,637 [INFO] Sending to ptd: 'SR,A,20'
ptd-server 2021-08-01 11:59:51,227 [INFO] Reply from ptd: 'Range A changed'
ptd-server 2021-08-01 12:00:01,239 [INFO] Starting ranging mode
ptd-server 2021-08-01 12:00:01,239 [INFO] Sending to ptd: 'Go,1000,0,2021-08-01_11-59-19_ranging'
ptd-server 2021-08-01 12:00:01,239 [INFO] Reply from ptd: 'Starting untimed measurement, maximum 500000 samples at 1000ms with 0 rampup samples'
ptd-server 2021-08-01 12:00:01,239 [INFO] Sending reply to client 'OK'
ptd-server 2021-08-01 12:11:06,274 [INFO] Got command from the client 'session,2021-08-01_11-59-19,stop,ranging'
ptd-server 2021-08-01 12:11:16,283 [INFO] Sending to ptd: 'Stop'
ptd-server 2021-08-01 12:11:16,283 [INFO] Reply from ptd: 'Stopping untimed measurement'
ptd-server 2021-08-01 12:11:16,314 [INFO] Sending reply to client 'OK'
ptd-server 2021-08-01 12:11:16,549 [INFO] Got command from the client 'time'
ptd-server 2021-08-01 12:11:16,549 [INFO] Sending reply to client '1627845076.5491416'
ptd-server 2021-08-01 12:11:16,549 [INFO] Got command from the client 'session,2021-08-01_11-59-19,start,testing'
ptd-server 2021-08-01 12:11:16,549 [INFO] Sending to ptd: 'SR,V,205.950000'
ptd-server 2021-08-01 12:11:23,330 [INFO] Reply from ptd: 'Range V changed'
ptd-server 2021-08-01 12:11:23,330 [INFO] Sending to ptd: 'SR,A,3.868000'
ptd-server 2021-08-01 12:11:28,923 [INFO] Reply from ptd: 'Range A changed'
ptd-server 2021-08-01 12:11:38,935 [INFO] Starting testing mode
ptd-server 2021-08-01 12:11:38,935 [INFO] Sending to ptd: 'Go,1000,0,2021-08-01_11-59-19_testing'
ptd-server 2021-08-01 12:11:38,935 [INFO] Reply from ptd: 'Starting untimed measurement, maximum 500000 samples at 1000ms with 0 rampup samples'
ptd-server 2021-08-01 12:11:38,935 [INFO] Sending reply to client 'OK'
ptd-server 2021-08-01 12:22:45,595 [INFO] Got command from the client 'session,2021-08-01_11-59-19,stop,testing'
ptd-server 2021-08-01 12:22:55,610 [INFO] Sending to ptd: 'Stop'
ptd-server 2021-08-01 12:22:55,610 [INFO] Reply from ptd: 'Stopping untimed measurement'
ptd-server 2021-08-01 12:22:55,625 [INFO] Sending reply to client 'OK'
ptd-server 2021-08-01 12:22:55,656 [INFO] Got command from the client 'session,2021-08-01_11-59-19,done'
ptd-server 2021-08-01 12:22:55,656 [INFO] Sending to ptd: 'Stop'
ptd-server 2021-08-01 12:22:55,954 [INFO] Reply from ptd: 'Error: no measurement to stop'
ptd-server 2021-08-01 12:22:55,954 [INFO] Sending to ptd: 'SR,V,Auto'
ptd-server 2021-08-01 12:23:01,032 [INFO] Reply from ptd: 'Range V changed'
ptd-server 2021-08-01 12:23:01,032 [INFO] Sending to ptd: 'SR,A,20.000000'
ptd-server 2021-08-01 12:23:06,599 [INFO] Reply from ptd: 'Range A changed'
ptd-server 2021-08-01 12:23:06,599 [INFO] Set initial values for Amps 20.000000 and Volts Auto
ptd-server 2021-08-01 12:23:06,599 [INFO] Stopping ptd...
