client 2021-08-11 22:33:58,563 [INFO] Sending command to the server: 'mlcommons/power client v3'
client 2021-08-11 22:33:58,565 [INFO] Got response: 'mlcommons/power server v3'
client 2021-08-11 22:33:58,565 [INFO] Sending command to the server: 'stop'
client 2021-08-11 22:33:58,566 [INFO] Got response: 'OK'
client 2021-08-11 22:33:58,566 [INFO] Synchronizing with the server and with ib-01.dc4-in.nvidia.com...
client 2021-08-11 22:33:58,899 [INFO] NTP:offset = -5.218 s, delay = 0.201 s 
client 2021-08-11 22:33:58,899 [WARNING] The time offset between the system time and ib-01.dc4-in.nvidia.com is more then 200 ms (-5218.057 ms)
client 2021-08-11 22:33:58,899 [INFO] Sending command to the server: 'set_ntp'
client 2021-08-11 22:34:00,121 [INFO] Got response: 'OK'
client 2021-08-11 22:34:00,121 [INFO] Synchronizing with ib-01.dc4-in.nvidia.com time using NTP...
client 2021-08-11 22:34:03,013 [INFO] Set system time at 2021-08-11 22:34:03.013627
client 2021-08-11 22:34:03,215 [INFO] NTP:offset = 0.000 s, delay = 0.201 s 
client 2021-08-11 22:34:03,216 [INFO] Sending command to the server: 'time'
client 2021-08-11 22:34:03,222 [INFO] Got response: '1628746443.2163916'
client 2021-08-11 22:34:03,222 [INFO] The time difference between the client and the server is within range -0.279 ms..5.743 ms
client 2021-08-11 22:34:03,222 [INFO] Sending command to the server: 'new,,84578245-9b5b-48f7-8d9b-8a8a9637ad8f'
client 2021-08-11 22:34:03,223 [INFO] Got response: 'OK 2021-08-11_22-34-03,593d6fbc-06e9-482b-b77f-47f3b8c7eaa7'
client 2021-08-11 22:34:03,223 [INFO] Session id is '2021-08-11_22-34-03'
client 2021-08-11 22:34:03,224 [INFO] Sources: {"sources": {"__init__.py": "da39a3ee5e6b4b0d3255bfef95601890afd80709", "client.py": "33ca4f26368777ac06e01f9567b714a4b8063886", "lib/__init__.py": "da39a3ee5e6b4b0d3255bfef95601890afd80709", "lib/client.py": "4c2b78fb4849a7e5b584ef792d82aaed20b17f57", "lib/common.py": "624d0c0acc7c39aaff3674f0b99d6a09da53d1dc", "lib/external/__init__.py": "da39a3ee5e6b4b0d3255bfef95601890afd80709", "lib/external/ntplib.py": "4da8f970656505a40483206ef2b5d3dd5e81711d", "lib/server.py": "24ae49fb193809cf47f2c18b1c9c7c866244be4d", "lib/source_hashes.py": "60a2e02193209e8d392803326208d5466342da18", "lib/summary.py": "aa92f0a3f975eecd44d3c0cd0236342ccc9f941d", "lib/time_sync.py": "3210db56eb0ff0df57bf4293dc4d4b03fffd46f1", "server.py": "c3f90f2f7eeb4db30727556d0c815ebc89b3d28b", "tests/unit/__init__.py": "da39a3ee5e6b4b0d3255bfef95601890afd80709", "tests/unit/test_server.py": "99ae15aef722f2000ee6ed1ae1523637bf1ae42b", "tests/unit/test_source_hashes.py": "00468a2907583c593e6574a1f6b404e4651c221a"}, "modules": {"ptd_client_server.lib.client": "lib/client.py", "ptd_client_server.lib.common": "lib/common.py", "ptd_client_server.lib.external.ntplib": "lib/external/ntplib.py", "ptd_client_server.lib.source_hashes": "lib/source_hashes.py", "ptd_client_server.lib.summary": "lib/summary.py", "ptd_client_server.lib.time_sync": "lib/time_sync.py"}}
client 2021-08-11 22:34:03,225 [INFO] Running workload in ranging mode
client 2021-08-11 22:34:03,225 [INFO] Synchronizing with the server and with ib-01.dc4-in.nvidia.com...
client 2021-08-11 22:34:03,427 [INFO] NTP:offset = 0.001 s, delay = 0.201 s 
client 2021-08-11 22:34:03,427 [INFO] Sending command to the server: 'time'
client 2021-08-11 22:34:03,429 [INFO] Got response: '1628746443.4195263'
client 2021-08-11 22:34:03,429 [INFO] The time difference between the client and the server is within range 8.467 ms..9.704 ms
client 2021-08-11 22:34:03,429 [INFO] Sending command to the server: 'session,2021-08-11_22-34-03,start,ranging'
client 2021-08-11 22:34:43,328 [INFO] Got response: 'OK'
client 2021-08-11 22:34:43,329 [INFO] Running the workload 'LOG_DIR=/home/scratch.mlperf_inf_ci/mlPerf/L2/A100x8_MaxQ-Computelab-A100x8-MaxQ-L2-14-2021-08-12-03-36-44-UTC/mlperf-inference/closed/NVIDIA/build/power_logs_temp python3 code/main.py --benchmarks=resnet50 --scenarios=Server --test_mode=PerformanceOnly --config_ver=maxq --action="run_harness" \\\n\t\t&& if [ ! -d /home/scratch.mlperf_inf_ci/mlPerf/L2/A100x8_MaxQ-Computelab-A100x8-MaxQ-L2-14-2021-08-12-03-36-44-UTC/mlperf-inference/closed/NVIDIA/build/power_logs/2021.08.11-22.33.47/ranging_tmp ]; \\\n\t\t\tthen mkdir /home/scratch.mlperf_inf_ci/mlPerf/L2/A100x8_MaxQ-Computelab-A100x8-MaxQ-L2-14-2021-08-12-03-36-44-UTC/mlperf-inference/closed/NVIDIA/build/power_logs/2021.08.11-22.33.47/ranging_tmp \\\n\t\t\t\t&& mv /home/scratch.mlperf_inf_ci/mlPerf/L2/A100x8_MaxQ-Computelab-A100x8-MaxQ-L2-14-2021-08-12-03-36-44-UTC/mlperf-inference/closed/NVIDIA/build/power_logs_temp/* /home/scratch.mlperf_inf_ci/mlPerf/L2/A100x8_MaxQ-Computelab-A100x8-MaxQ-L2-14-2021-08-12-03-36-44-UTC/mlperf-inference/closed/NVIDIA/build/power_logs/2021.08.11-22.33.47/ranging_tmp/ \\\n\t\t\t\t&& cp -v /home/scratch.mlperf_inf_ci/mlPerf/L2/A100x8_MaxQ-Computelab-A100x8-MaxQ-L2-14-2021-08-12-03-36-44-UTC/mlperf-inference/closed/NVIDIA/build/power_logs/2021.08.11-22.33.47/ranging_tmp/*/*/*/mlperf_log_detail.txt /home/scratch.mlperf_inf_ci/mlPerf/L2/A100x8_MaxQ-Computelab-A100x8-MaxQ-L2-14-2021-08-12-03-36-44-UTC/mlperf-inference/closed/NVIDIA/build/power_logs_temp/ \\\n\t\t\t\t&& cp -v /home/scratch.mlperf_inf_ci/mlPerf/L2/A100x8_MaxQ-Computelab-A100x8-MaxQ-L2-14-2021-08-12-03-36-44-UTC/mlperf-inference/closed/NVIDIA/build/power_logs/2021.08.11-22.33.47/ranging_tmp/*/*/*/mlperf_log_summary.txt /home/scratch.mlperf_inf_ci/mlPerf/L2/A100x8_MaxQ-Computelab-A100x8-MaxQ-L2-14-2021-08-12-03-36-44-UTC/mlperf-inference/closed/NVIDIA/build/power_logs_temp/; \\\n\t\t\telse mkdir /home/scratch.mlperf_inf_ci/mlPerf/L2/A100x8_MaxQ-Computelab-A100x8-MaxQ-L2-14-2021-08-12-03-36-44-UTC/mlperf-inference/closed/NVIDIA/build/power_logs/2021.08.11-22.33.47/testing_tmp \\\n\t\t\t\t&& mv /home/scratch.mlperf_inf_ci/mlPerf/L2/A100x8_MaxQ-Computelab-A100x8-MaxQ-L2-14-2021-08-12-03-36-44-UTC/mlperf-inference/closed/NVIDIA/build/power_logs_temp/* /home/scratch.mlperf_inf_ci/mlPerf/L2/A100x8_MaxQ-Computelab-A100x8-MaxQ-L2-14-2021-08-12-03-36-44-UTC/mlperf-inference/closed/NVIDIA/build/power_logs/2021.08.11-22.33.47/testing_tmp/ \\\n\t\t\t\t&& cp -v /home/scratch.mlperf_inf_ci/mlPerf/L2/A100x8_MaxQ-Computelab-A100x8-MaxQ-L2-14-2021-08-12-03-36-44-UTC/mlperf-inference/closed/NVIDIA/build/power_logs/2021.08.11-22.33.47/testing_tmp/*/*/*/mlperf_log_detail.txt /home/scratch.mlperf_inf_ci/mlPerf/L2/A100x8_MaxQ-Computelab-A100x8-MaxQ-L2-14-2021-08-12-03-36-44-UTC/mlperf-inference/closed/NVIDIA/build/power_logs_temp/ \\\n\t\t\t\t&& cp -v /home/scratch.mlperf_inf_ci/mlPerf/L2/A100x8_MaxQ-Computelab-A100x8-MaxQ-L2-14-2021-08-12-03-36-44-UTC/mlperf-inference/closed/NVIDIA/build/power_logs/2021.08.11-22.33.47/testing_tmp/*/*/*/mlperf_log_summary.txt /home/scratch.mlperf_inf_ci/mlPerf/L2/A100x8_MaxQ-Computelab-A100x8-MaxQ-L2-14-2021-08-12-03-36-44-UTC/mlperf-inference/closed/NVIDIA/build/power_logs_temp/; fi'
client 2021-08-11 22:47:03,538 [INFO] Sending command to the server: 'session,2021-08-11_22-34-03,stop,ranging'
client 2021-08-11 22:47:13,576 [INFO] Got response: 'OK'
client 2021-08-11 22:47:13,585 [INFO] Copying loadgen logs from '/home/scratch.mlperf_inf_ci/mlPerf/L2/A100x8_MaxQ-Computelab-A100x8-MaxQ-L2-14-2021-08-12-03-36-44-UTC/mlperf-inference/closed/NVIDIA/build/power_logs_temp' to '/home/scratch.mlperf_inf_ci/mlPerf/L2/A100x8_MaxQ-Computelab-A100x8-MaxQ-L2-14-2021-08-12-03-36-44-UTC/mlperf-inference/closed/NVIDIA/build/power_logs/2021.08.11-22.33.47/2021-08-11_22-34-03/ranging'
client 2021-08-11 22:47:13,593 [INFO] Running workload in testing mode
client 2021-08-11 22:47:13,593 [INFO] Synchronizing with the server and with ib-01.dc4-in.nvidia.com...
client 2021-08-11 22:47:13,809 [INFO] NTP:offset = 0.005 s, delay = 0.215 s 
client 2021-08-11 22:47:13,809 [INFO] Sending command to the server: 'time'
client 2021-08-11 22:47:13,810 [INFO] Got response: '1628747233.8137143'
client 2021-08-11 22:47:13,810 [INFO] The time difference between the client and the server is within range -4.539 ms..-3.408 ms
client 2021-08-11 22:47:13,810 [INFO] Sending command to the server: 'session,2021-08-11_22-34-03,start,testing'
client 2021-08-11 22:47:35,983 [INFO] Got response: 'OK'
client 2021-08-11 22:47:35,983 [INFO] Running the workload 'LOG_DIR=/home/scratch.mlperf_inf_ci/mlPerf/L2/A100x8_MaxQ-Computelab-A100x8-MaxQ-L2-14-2021-08-12-03-36-44-UTC/mlperf-inference/closed/NVIDIA/build/power_logs_temp python3 code/main.py --benchmarks=resnet50 --scenarios=Server --test_mode=PerformanceOnly --config_ver=maxq --action="run_harness" \\\n\t\t&& if [ ! -d /home/scratch.mlperf_inf_ci/mlPerf/L2/A100x8_MaxQ-Computelab-A100x8-MaxQ-L2-14-2021-08-12-03-36-44-UTC/mlperf-inference/closed/NVIDIA/build/power_logs/2021.08.11-22.33.47/ranging_tmp ]; \\\n\t\t\tthen mkdir /home/scratch.mlperf_inf_ci/mlPerf/L2/A100x8_MaxQ-Computelab-A100x8-MaxQ-L2-14-2021-08-12-03-36-44-UTC/mlperf-inference/closed/NVIDIA/build/power_logs/2021.08.11-22.33.47/ranging_tmp \\\n\t\t\t\t&& mv /home/scratch.mlperf_inf_ci/mlPerf/L2/A100x8_MaxQ-Computelab-A100x8-MaxQ-L2-14-2021-08-12-03-36-44-UTC/mlperf-inference/closed/NVIDIA/build/power_logs_temp/* /home/scratch.mlperf_inf_ci/mlPerf/L2/A100x8_MaxQ-Computelab-A100x8-MaxQ-L2-14-2021-08-12-03-36-44-UTC/mlperf-inference/closed/NVIDIA/build/power_logs/2021.08.11-22.33.47/ranging_tmp/ \\\n\t\t\t\t&& cp -v /home/scratch.mlperf_inf_ci/mlPerf/L2/A100x8_MaxQ-Computelab-A100x8-MaxQ-L2-14-2021-08-12-03-36-44-UTC/mlperf-inference/closed/NVIDIA/build/power_logs/2021.08.11-22.33.47/ranging_tmp/*/*/*/mlperf_log_detail.txt /home/scratch.mlperf_inf_ci/mlPerf/L2/A100x8_MaxQ-Computelab-A100x8-MaxQ-L2-14-2021-08-12-03-36-44-UTC/mlperf-inference/closed/NVIDIA/build/power_logs_temp/ \\\n\t\t\t\t&& cp -v /home/scratch.mlperf_inf_ci/mlPerf/L2/A100x8_MaxQ-Computelab-A100x8-MaxQ-L2-14-2021-08-12-03-36-44-UTC/mlperf-inference/closed/NVIDIA/build/power_logs/2021.08.11-22.33.47/ranging_tmp/*/*/*/mlperf_log_summary.txt /home/scratch.mlperf_inf_ci/mlPerf/L2/A100x8_MaxQ-Computelab-A100x8-MaxQ-L2-14-2021-08-12-03-36-44-UTC/mlperf-inference/closed/NVIDIA/build/power_logs_temp/; \\\n\t\t\telse mkdir /home/scratch.mlperf_inf_ci/mlPerf/L2/A100x8_MaxQ-Computelab-A100x8-MaxQ-L2-14-2021-08-12-03-36-44-UTC/mlperf-inference/closed/NVIDIA/build/power_logs/2021.08.11-22.33.47/testing_tmp \\\n\t\t\t\t&& mv /home/scratch.mlperf_inf_ci/mlPerf/L2/A100x8_MaxQ-Computelab-A100x8-MaxQ-L2-14-2021-08-12-03-36-44-UTC/mlperf-inference/closed/NVIDIA/build/power_logs_temp/* /home/scratch.mlperf_inf_ci/mlPerf/L2/A100x8_MaxQ-Computelab-A100x8-MaxQ-L2-14-2021-08-12-03-36-44-UTC/mlperf-inference/closed/NVIDIA/build/power_logs/2021.08.11-22.33.47/testing_tmp/ \\\n\t\t\t\t&& cp -v /home/scratch.mlperf_inf_ci/mlPerf/L2/A100x8_MaxQ-Computelab-A100x8-MaxQ-L2-14-2021-08-12-03-36-44-UTC/mlperf-inference/closed/NVIDIA/build/power_logs/2021.08.11-22.33.47/testing_tmp/*/*/*/mlperf_log_detail.txt /home/scratch.mlperf_inf_ci/mlPerf/L2/A100x8_MaxQ-Computelab-A100x8-MaxQ-L2-14-2021-08-12-03-36-44-UTC/mlperf-inference/closed/NVIDIA/build/power_logs_temp/ \\\n\t\t\t\t&& cp -v /home/scratch.mlperf_inf_ci/mlPerf/L2/A100x8_MaxQ-Computelab-A100x8-MaxQ-L2-14-2021-08-12-03-36-44-UTC/mlperf-inference/closed/NVIDIA/build/power_logs/2021.08.11-22.33.47/testing_tmp/*/*/*/mlperf_log_summary.txt /home/scratch.mlperf_inf_ci/mlPerf/L2/A100x8_MaxQ-Computelab-A100x8-MaxQ-L2-14-2021-08-12-03-36-44-UTC/mlperf-inference/closed/NVIDIA/build/power_logs_temp/; fi'
client 2021-08-11 22:59:56,312 [INFO] Sending command to the server: 'session,2021-08-11_22-34-03,stop,testing'
client 2021-08-11 23:00:06,325 [INFO] Got response: 'OK'
client 2021-08-11 23:00:06,329 [INFO] Copying loadgen logs from '/home/scratch.mlperf_inf_ci/mlPerf/L2/A100x8_MaxQ-Computelab-A100x8-MaxQ-L2-14-2021-08-12-03-36-44-UTC/mlperf-inference/closed/NVIDIA/build/power_logs_temp' to '/home/scratch.mlperf_inf_ci/mlPerf/L2/A100x8_MaxQ-Computelab-A100x8-MaxQ-L2-14-2021-08-12-03-36-44-UTC/mlperf-inference/closed/NVIDIA/build/power_logs/2021.08.11-22.33.47/2021-08-11_22-34-03/run_1'
client 2021-08-11 23:00:06,337 [INFO] Done runs
