ptd-server 2021-08-11 22:33:53,436 [INFO] Got command from the client 'stop'
ptd-server 2021-08-11 22:33:53,436 [INFO] The server will be stopped after processing this client
ptd-server 2021-08-11 22:33:53,436 [INFO] Sending reply to client 'OK'
ptd-server 2021-08-11 22:33:53,780 [INFO] Got command from the client 'set_ntp'
ptd-server 2021-08-11 22:33:53,780 [INFO] Synchronizing with ib-01.dc4-in.nvidia.com time using NTP...
ptd-server 2021-08-11 22:33:54,897 [INFO] Set system time at 2021-08-11 22:33:54.897689
ptd-server 2021-08-11 22:33:54,897 [INFO] Sending reply to client 'OK'
ptd-server 2021-08-11 22:34:03,216 [INFO] Got command from the client 'time'
ptd-server 2021-08-11 22:34:03,216 [INFO] Sending reply to client '1628746443.2163916'
ptd-server 2021-08-11 22:34:03,216 [INFO] Got command from the client 'new,,84578245-9b5b-48f7-8d9b-8a8a9637ad8f'
ptd-server 2021-08-11 22:34:03,216 [INFO] Sending reply to client 'OK 2021-08-11_22-34-03,593d6fbc-06e9-482b-b77f-47f3b8c7eaa7'
ptd-server 2021-08-11 22:34:03,419 [INFO] Got command from the client 'time'
ptd-server 2021-08-11 22:34:03,419 [INFO] Sending reply to client '1628746443.4195263'
ptd-server 2021-08-11 22:34:03,419 [INFO] Got command from the client 'session,2021-08-11_22-34-03,start,ranging'
ptd-server 2021-08-11 22:34:03,528 [INFO] Running PTDaemon: ['C:\\PTD\\ptd-windows-x86.exe', '-l', 'C:\\Users\\lab\\AppData\\Local\\Temp\\tmpwbx6f4q1\\ptd_logfile.txt', '-p', '8888', '-c', '1,3', '-y', '77', '172.22.0.90']
ptd-server 2021-08-11 22:34:22,664 [INFO] Sending to ptd: 'Hello'
ptd-server 2021-08-11 22:34:22,664 [INFO] Reply from ptd: 'Hello, PTDaemon here!'
ptd-server 2021-08-11 22:34:22,664 [INFO] Sending to ptd: 'Identify'
ptd-server 2021-08-11 22:34:22,664 [INFO] Reply from ptd: 'YokogawaWT330_multichannel,1000,1,1,1,1,0,0,1,version=1.9.2-3976349f-20201208,OS=Windows 8 / Server 2012,mode=power,1,1,2,0,0,no_cal_date,YOKOGAWA;WT333E;C2WA21018V;F1.04'
ptd-server 2021-08-11 22:34:22,664 [INFO] Connected to PTDaemon
ptd-server 2021-08-11 22:34:22,664 [INFO] Sending to ptd: 'RR'
ptd-server 2021-08-11 22:34:22,664 [INFO] Reply from ptd: 'Ranges,0,20.000000,1,300.000000'
ptd-server 2021-08-11 22:34:22,664 [INFO] Initial range for Amps is 20.000000 for Volts is Auto
ptd-server 2021-08-11 22:34:22,664 [INFO] Sending to ptd: 'SR,V,Auto'
ptd-server 2021-08-11 22:34:27,732 [INFO] Reply from ptd: 'Range V changed'
ptd-server 2021-08-11 22:34:27,732 [INFO] Sending to ptd: 'SR,A,20'
ptd-server 2021-08-11 22:34:33,313 [INFO] Reply from ptd: 'Range A changed'
ptd-server 2021-08-11 22:34:43,322 [INFO] Starting ranging mode
ptd-server 2021-08-11 22:34:43,322 [INFO] Sending to ptd: 'Go,1000,0,2021-08-11_22-34-03_ranging'
ptd-server 2021-08-11 22:34:43,322 [INFO] Reply from ptd: 'Starting untimed measurement, maximum 500000 samples at 1000ms with 0 rampup samples'
ptd-server 2021-08-11 22:34:43,322 [INFO] Sending reply to client 'OK'
ptd-server 2021-08-11 22:47:03,538 [INFO] Got command from the client 'session,2021-08-11_22-34-03,stop,ranging'
ptd-server 2021-08-11 22:47:13,547 [INFO] Sending to ptd: 'Stop'
ptd-server 2021-08-11 22:47:13,547 [INFO] Reply from ptd: 'Stopping untimed measurement'
ptd-server 2021-08-11 22:47:13,579 [INFO] Sending reply to client 'OK'
ptd-server 2021-08-11 22:47:13,813 [INFO] Got command from the client 'time'
ptd-server 2021-08-11 22:47:13,813 [INFO] Sending reply to client '1628747233.8137143'
ptd-server 2021-08-11 22:47:13,813 [INFO] Got command from the client 'session,2021-08-11_22-34-03,start,testing'
ptd-server 2021-08-11 22:47:13,813 [INFO] Sending to ptd: 'SR,V,234.560000'
ptd-server 2021-08-11 22:47:20,412 [INFO] Reply from ptd: 'Range V changed'
ptd-server 2021-08-11 22:47:20,412 [INFO] Sending to ptd: 'SR,A,4.969000'
ptd-server 2021-08-11 22:47:25,984 [INFO] Reply from ptd: 'Range A changed'
ptd-server 2021-08-11 22:47:35,988 [INFO] Starting testing mode
ptd-server 2021-08-11 22:47:35,988 [INFO] Sending to ptd: 'Go,1000,0,2021-08-11_22-34-03_testing'
ptd-server 2021-08-11 22:47:35,988 [INFO] Reply from ptd: 'Starting untimed measurement, maximum 500000 samples at 1000ms with 0 rampup samples'
ptd-server 2021-08-11 22:47:35,988 [INFO] Sending reply to client 'OK'
ptd-server 2021-08-11 22:59:56,323 [INFO] Got command from the client 'session,2021-08-11_22-34-03,stop,testing'
ptd-server 2021-08-11 23:00:06,329 [INFO] Sending to ptd: 'Stop'
ptd-server 2021-08-11 23:00:06,329 [INFO] Reply from ptd: 'Stopping untimed measurement'
ptd-server 2021-08-11 23:00:06,345 [INFO] Sending reply to client 'OK'
ptd-server 2021-08-11 23:00:06,360 [INFO] Got command from the client 'session,2021-08-11_22-34-03,done'
ptd-server 2021-08-11 23:00:06,360 [INFO] Sending to ptd: 'Stop'
ptd-server 2021-08-11 23:00:06,990 [INFO] Reply from ptd: 'Error: no measurement to stop'
ptd-server 2021-08-11 23:00:06,990 [INFO] Sending to ptd: 'SR,V,Auto'
ptd-server 2021-08-11 23:00:12,074 [INFO] Reply from ptd: 'Range V changed'
ptd-server 2021-08-11 23:00:12,074 [INFO] Sending to ptd: 'SR,A,20.000000'
ptd-server 2021-08-11 23:00:17,661 [INFO] Reply from ptd: 'Range A changed'
ptd-server 2021-08-11 23:00:17,661 [INFO] Set initial values for Amps 20.000000 and Volts Auto
ptd-server 2021-08-11 23:00:17,661 [INFO] Stopping ptd...
