client 2021-08-17 05:24:50,214 [INFO] Sending command to the server: 'mlcommons/power client v3'
client 2021-08-17 05:24:50,215 [INFO] Got response: 'mlcommons/power server v3'
client 2021-08-17 05:24:50,215 [INFO] Sending command to the server: 'stop'
client 2021-08-17 05:24:50,216 [INFO] Got response: 'OK'
client 2021-08-17 05:24:50,217 [INFO] Synchronizing with the server and with 192.168.123.123...
client 2021-08-17 05:24:50,219 [INFO] NTP:offset = -0.000 s, delay = 0.000 s 
client 2021-08-17 05:24:50,219 [INFO] Sending command to the server: 'time'
client 2021-08-17 05:24:50,220 [INFO] Got response: '1629177890.2177563'
client 2021-08-17 05:24:50,220 [INFO] The time difference between the client and the server is within range 2.100 ms..2.974 ms
client 2021-08-17 05:24:50,220 [INFO] Sending command to the server: 'new,,ea5c02a7-765c-409a-aec1-fe85a8773a09'
client 2021-08-17 05:24:50,222 [INFO] Got response: 'OK 2021-08-17_05-24-50,0ee93002-71f4-4042-a6fc-4c4daa717a04'
client 2021-08-17 05:24:50,222 [INFO] Session id is '2021-08-17_05-24-50'
client 2021-08-17 05:24:50,222 [INFO] Sources: {"sources": {"__init__.py": "da39a3ee5e6b4b0d3255bfef95601890afd80709", "client.py": "33ca4f26368777ac06e01f9567b714a4b8063886", "lib/__init__.py": "da39a3ee5e6b4b0d3255bfef95601890afd80709", "lib/client.py": "4c2b78fb4849a7e5b584ef792d82aaed20b17f57", "lib/common.py": "624d0c0acc7c39aaff3674f0b99d6a09da53d1dc", "lib/external/__init__.py": "da39a3ee5e6b4b0d3255bfef95601890afd80709", "lib/external/ntplib.py": "4da8f970656505a40483206ef2b5d3dd5e81711d", "lib/server.py": "59c9fb92908260d3e9f81a895c7aa009742275e4", "lib/source_hashes.py": "60a2e02193209e8d392803326208d5466342da18", "lib/summary.py": "aa92f0a3f975eecd44d3c0cd0236342ccc9f941d", "lib/time_sync.py": "3210db56eb0ff0df57bf4293dc4d4b03fffd46f1", "server.py": "c3f90f2f7eeb4db30727556d0c815ebc89b3d28b", "tests/unit/__init__.py": "da39a3ee5e6b4b0d3255bfef95601890afd80709", "tests/unit/test_server.py": "99ae15aef722f2000ee6ed1ae1523637bf1ae42b", "tests/unit/test_source_hashes.py": "00468a2907583c593e6574a1f6b404e4651c221a"}, "modules": {"ptd_client_server.lib.client": "lib/client.py", "ptd_client_server.lib.common": "lib/common.py", "ptd_client_server.lib.external.ntplib": "lib/external/ntplib.py", "ptd_client_server.lib.source_hashes": "lib/source_hashes.py", "ptd_client_server.lib.summary": "lib/summary.py", "ptd_client_server.lib.time_sync": "lib/time_sync.py"}}
client 2021-08-17 05:24:50,225 [INFO] Running workload in ranging mode
client 2021-08-17 05:24:50,225 [INFO] Synchronizing with the server and with 192.168.123.123...
client 2021-08-17 05:24:50,226 [INFO] NTP:offset = -0.000 s, delay = 0.000 s 
client 2021-08-17 05:24:50,226 [INFO] Sending command to the server: 'time'
client 2021-08-17 05:24:50,227 [INFO] Got response: '1629177890.2177563'
client 2021-08-17 05:24:50,227 [INFO] The time difference between the client and the server is within range 8.830 ms..9.641 ms
client 2021-08-17 05:24:50,227 [INFO] Sending command to the server: 'session,2021-08-17_05-24-50,start,ranging'
client 2021-08-17 05:25:29,971 [INFO] Got response: 'OK'
client 2021-08-17 05:25:29,971 [INFO] Running the workload 'LOG_DIR=/work/build/power_logs_temp python3 code/main.py --benchmarks=bert --scenarios=Offline --config_ver=maxq --action="run_harness" \\\n\t\t&& if [ ! -d /work/build/power_logs/2021.08.17-05.24.43/ranging_tmp ]; \\\n\t\t\tthen mkdir /work/build/power_logs/2021.08.17-05.24.43/ranging_tmp \\\n\t\t\t\t&& mv /work/build/power_logs_temp/* /work/build/power_logs/2021.08.17-05.24.43/ranging_tmp/ \\\n\t\t\t\t&& cp -v /work/build/power_logs/2021.08.17-05.24.43/ranging_tmp/*/*/*/mlperf_log_detail.txt /work/build/power_logs_temp/ \\\n\t\t\t\t&& cp -v /work/build/power_logs/2021.08.17-05.24.43/ranging_tmp/*/*/*/mlperf_log_summary.txt /work/build/power_logs_temp/; \\\n\t\t\telse mkdir /work/build/power_logs/2021.08.17-05.24.43/testing_tmp \\\n\t\t\t\t&& mv /work/build/power_logs_temp/* /work/build/power_logs/2021.08.17-05.24.43/testing_tmp/ \\\n\t\t\t\t&& cp -v /work/build/power_logs/2021.08.17-05.24.43/testing_tmp/*/*/*/mlperf_log_detail.txt /work/build/power_logs_temp/ \\\n\t\t\t\t&& cp -v /work/build/power_logs/2021.08.17-05.24.43/testing_tmp/*/*/*/mlperf_log_summary.txt /work/build/power_logs_temp/; fi'
client 2021-08-17 05:45:34,723 [INFO] Sending command to the server: 'session,2021-08-17_05-24-50,stop,ranging'
client 2021-08-17 05:45:44,766 [INFO] Got response: 'OK'
client 2021-08-17 05:45:44,776 [INFO] Copying loadgen logs from '/work/build/power_logs_temp' to '/work/build/power_logs/2021.08.17-05.24.43/2021-08-17_05-24-50/ranging'
client 2021-08-17 05:45:44,785 [INFO] Running workload in testing mode
client 2021-08-17 05:45:44,785 [INFO] Synchronizing with the server and with 192.168.123.123...
client 2021-08-17 05:45:44,786 [INFO] NTP:offset = -0.000 s, delay = 0.000 s 
client 2021-08-17 05:45:44,786 [INFO] Sending command to the server: 'time'
client 2021-08-17 05:45:44,787 [INFO] Got response: '1629179144.7322145'
client 2021-08-17 05:45:44,787 [INFO] The time difference between the client and the server is within range 54.532 ms..55.541 ms
client 2021-08-17 05:45:44,787 [INFO] Sending command to the server: 'session,2021-08-17_05-24-50,start,testing'
client 2021-08-17 05:46:06,696 [INFO] Got response: 'OK'
client 2021-08-17 05:46:06,697 [INFO] Running the workload 'LOG_DIR=/work/build/power_logs_temp python3 code/main.py --benchmarks=bert --scenarios=Offline --config_ver=maxq --action="run_harness" \\\n\t\t&& if [ ! -d /work/build/power_logs/2021.08.17-05.24.43/ranging_tmp ]; \\\n\t\t\tthen mkdir /work/build/power_logs/2021.08.17-05.24.43/ranging_tmp \\\n\t\t\t\t&& mv /work/build/power_logs_temp/* /work/build/power_logs/2021.08.17-05.24.43/ranging_tmp/ \\\n\t\t\t\t&& cp -v /work/build/power_logs/2021.08.17-05.24.43/ranging_tmp/*/*/*/mlperf_log_detail.txt /work/build/power_logs_temp/ \\\n\t\t\t\t&& cp -v /work/build/power_logs/2021.08.17-05.24.43/ranging_tmp/*/*/*/mlperf_log_summary.txt /work/build/power_logs_temp/; \\\n\t\t\telse mkdir /work/build/power_logs/2021.08.17-05.24.43/testing_tmp \\\n\t\t\t\t&& mv /work/build/power_logs_temp/* /work/build/power_logs/2021.08.17-05.24.43/testing_tmp/ \\\n\t\t\t\t&& cp -v /work/build/power_logs/2021.08.17-05.24.43/testing_tmp/*/*/*/mlperf_log_detail.txt /work/build/power_logs_temp/ \\\n\t\t\t\t&& cp -v /work/build/power_logs/2021.08.17-05.24.43/testing_tmp/*/*/*/mlperf_log_summary.txt /work/build/power_logs_temp/; fi'
client 2021-08-17 06:05:44,412 [INFO] Sending command to the server: 'session,2021-08-17_05-24-50,stop,testing'
client 2021-08-17 06:05:54,424 [INFO] Got response: 'OK'
client 2021-08-17 06:05:54,428 [INFO] Copying loadgen logs from '/work/build/power_logs_temp' to '/work/build/power_logs/2021.08.17-05.24.43/2021-08-17_05-24-50/run_1'
client 2021-08-17 06:05:54,436 [INFO] Done runs
