ptd-server 2021-08-17 05:24:50,202 [INFO] Got command from the client 'stop'
ptd-server 2021-08-17 05:24:50,202 [INFO] The server will be stopped after processing this client
ptd-server 2021-08-17 05:24:50,202 [INFO] Sending reply to client 'OK'
ptd-server 2021-08-17 05:24:50,217 [INFO] Got command from the client 'time'
ptd-server 2021-08-17 05:24:50,217 [INFO] Sending reply to client '1629177890.2177563'
ptd-server 2021-08-17 05:24:50,217 [INFO] Got command from the client 'new,,ea5c02a7-765c-409a-aec1-fe85a8773a09'
ptd-server 2021-08-17 05:24:50,217 [INFO] Sending reply to client 'OK 2021-08-17_05-24-50,0ee93002-71f4-4042-a6fc-4c4daa717a04'
ptd-server 2021-08-17 05:24:50,217 [INFO] Got command from the client 'time'
ptd-server 2021-08-17 05:24:50,217 [INFO] Sending reply to client '1629177890.2177563'
ptd-server 2021-08-17 05:24:50,217 [INFO] Got command from the client 'session,2021-08-17_05-24-50,start,ranging'
ptd-server 2021-08-17 05:24:50,327 [INFO] Running PTDaemon: ['C:\\PTD\\ptd-windows-x86.exe', '-l', 'C:\\Users\\pa\\AppData\\Local\\Temp\\tmpt2q1bqov\\ptd_logfile.txt', '-p', '8888', '-c', '1,2', '-y', '77', 'C2WL21005V']
ptd-server 2021-08-17 05:25:09,319 [INFO] Sending to ptd: 'Hello'
ptd-server 2021-08-17 05:25:09,319 [INFO] Reply from ptd: 'Hello, PTDaemon here!'
ptd-server 2021-08-17 05:25:09,319 [INFO] Sending to ptd: 'Identify'
ptd-server 2021-08-17 05:25:09,319 [INFO] Reply from ptd: 'YokogawaWT330_multichannel,1000,1,1,1,1,0,0,1,version=1.9.2-3976349f-20201208,OS=Windows 8 / Server 2012,mode=power,1,1,2,0,0,no_cal_date,YOKOGAWA;WT333E;C2WL21005V;F1.04'
ptd-server 2021-08-17 05:25:09,319 [INFO] Connected to PTDaemon
ptd-server 2021-08-17 05:25:09,319 [INFO] Sending to ptd: 'RR'
ptd-server 2021-08-17 05:25:09,319 [INFO] Reply from ptd: 'Ranges,-1,-1.000000,-1,-1.000000'
ptd-server 2021-08-17 05:25:09,319 [INFO] Initial range for Amps is Auto for Volts is Auto
ptd-server 2021-08-17 05:25:09,319 [INFO] Sending to ptd: 'SR,V,Auto'
ptd-server 2021-08-17 05:25:14,382 [INFO] Reply from ptd: 'Range V changed'
ptd-server 2021-08-17 05:25:14,382 [INFO] Sending to ptd: 'SR,A,20'
ptd-server 2021-08-17 05:25:19,964 [INFO] Reply from ptd: 'Range A changed'
ptd-server 2021-08-17 05:25:29,966 [INFO] Starting ranging mode
ptd-server 2021-08-17 05:25:29,966 [INFO] Sending to ptd: 'Go,1000,0,2021-08-17_05-24-50_ranging'
ptd-server 2021-08-17 05:25:29,966 [INFO] Reply from ptd: 'Starting untimed measurement, maximum 500000 samples at 1000ms with 0 rampup samples'
ptd-server 2021-08-17 05:25:29,966 [INFO] Sending reply to client 'OK'
ptd-server 2021-08-17 05:45:34,669 [INFO] Got command from the client 'session,2021-08-17_05-24-50,stop,ranging'
ptd-server 2021-08-17 05:45:44,669 [INFO] Sending to ptd: 'Stop'
ptd-server 2021-08-17 05:45:44,669 [INFO] Reply from ptd: 'Stopping untimed measurement'
ptd-server 2021-08-17 05:45:44,700 [INFO] Sending reply to client 'OK'
ptd-server 2021-08-17 05:45:44,732 [INFO] Got command from the client 'time'
ptd-server 2021-08-17 05:45:44,732 [INFO] Sending reply to client '1629179144.7322145'
ptd-server 2021-08-17 05:45:44,732 [INFO] Got command from the client 'session,2021-08-17_05-24-50,start,testing'
ptd-server 2021-08-17 05:45:44,732 [INFO] Sending to ptd: 'SR,V,120.370000'
ptd-server 2021-08-17 05:45:51,057 [INFO] Reply from ptd: 'Range V changed'
ptd-server 2021-08-17 05:45:51,057 [INFO] Sending to ptd: 'SR,A,7.186000'
ptd-server 2021-08-17 05:45:56,638 [INFO] Reply from ptd: 'Range A changed'
ptd-server 2021-08-17 05:46:06,643 [INFO] Starting testing mode
ptd-server 2021-08-17 05:46:06,643 [INFO] Sending to ptd: 'Go,1000,0,2021-08-17_05-24-50_testing'
ptd-server 2021-08-17 05:46:06,643 [INFO] Reply from ptd: 'Starting untimed measurement, maximum 500000 samples at 1000ms with 0 rampup samples'
ptd-server 2021-08-17 05:46:06,643 [INFO] Sending reply to client 'OK'
ptd-server 2021-08-17 06:05:44,301 [INFO] Got command from the client 'session,2021-08-17_05-24-50,stop,testing'
ptd-server 2021-08-17 06:05:54,309 [INFO] Sending to ptd: 'Stop'
ptd-server 2021-08-17 06:05:54,309 [INFO] Reply from ptd: 'Stopping untimed measurement'
ptd-server 2021-08-17 06:05:54,309 [INFO] Sending reply to client 'OK'
ptd-server 2021-08-17 06:05:54,340 [INFO] Got command from the client 'session,2021-08-17_05-24-50,done'
ptd-server 2021-08-17 06:05:54,340 [INFO] Sending to ptd: 'Stop'
ptd-server 2021-08-17 06:05:54,653 [INFO] Reply from ptd: 'Error: no measurement to stop'
ptd-server 2021-08-17 06:05:54,653 [INFO] Sending to ptd: 'SR,V,Auto'
ptd-server 2021-08-17 06:05:59,723 [INFO] Reply from ptd: 'Range V changed'
ptd-server 2021-08-17 06:05:59,723 [INFO] Sending to ptd: 'SR,A,Auto'
ptd-server 2021-08-17 06:06:04,792 [INFO] Reply from ptd: 'Range A changed'
ptd-server 2021-08-17 06:06:04,792 [INFO] Set initial values for Amps Auto and Volts Auto
ptd-server 2021-08-17 06:06:04,792 [INFO] Stopping ptd...
