ptd-server 2021-08-08 10:29:00,980 [INFO] Got command from the client 'time'
ptd-server 2021-08-08 10:29:00,980 [INFO] Sending reply to client '1628414940.9804955'
ptd-server 2021-08-08 10:29:00,981 [INFO] Got command from the client 'new,,59a54754-39ad-4f17-9da7-6b7d75982e5a'
ptd-server 2021-08-08 10:29:00,982 [INFO] Sending reply to client 'OK 2021-08-08_10-29-00,975119b2-0738-44ac-ba6d-59789305ba40'
ptd-server 2021-08-08 10:29:01,020 [INFO] Got command from the client 'time'
ptd-server 2021-08-08 10:29:01,020 [INFO] Sending reply to client '1628414941.02025'
ptd-server 2021-08-08 10:29:01,021 [INFO] Got command from the client 'session,2021-08-08_10-29-00,start,ranging'
ptd-server 2021-08-08 10:29:01,021 [INFO] Running PTDaemon: ['/home/anton/projects/mlperf/power/inference_v1.0/ptd-linux-x86', '-l', '/tmp/tmpr3iqmcco/ptd_logfile.txt', '-p', '8888', '49', '/dev/usbtmc0']
ptd-server 2021-08-08 10:29:18,194 [INFO] Sending to ptd: 'Hello'
ptd-server 2021-08-08 10:29:18,195 [INFO] Reply from ptd: 'Hello, PTDaemon here!'
ptd-server 2021-08-08 10:29:18,195 [INFO] Sending to ptd: 'Identify'
ptd-server 2021-08-08 10:29:18,196 [INFO] Reply from ptd: 'YokogawaWT310E,1000,1,1,1,1,0,1,1,version=1.9.2-e8c7a49a-20201208,OS=Linux 5.8.0-63-generic #71~20.04.1-Ubuntu SMP Thu Jul 15 17:46:08 UTC 2021 x86_64,mode=power,1,1,1,0,0,no_cal_date,YOKOGAWA;WT310E;C3XA04010E;F1.04'
ptd-server 2021-08-08 10:29:18,196 [INFO] Connected to PTDaemon
ptd-server 2021-08-08 10:29:18,196 [INFO] Sending to ptd: 'RR'
ptd-server 2021-08-08 10:29:18,196 [INFO] Reply from ptd: 'Ranges,0,0.500000,0,300.000000'
ptd-server 2021-08-08 10:29:18,196 [INFO] Initial range for Amps is 0.500000 for Volts is 300.000000
ptd-server 2021-08-08 10:29:18,196 [INFO] Sending to ptd: 'SR,V,Auto'
ptd-server 2021-08-08 10:29:18,699 [INFO] Reply from ptd: 'Range V changed'
ptd-server 2021-08-08 10:29:18,699 [INFO] Sending to ptd: 'SR,A,Auto'
ptd-server 2021-08-08 10:29:19,202 [INFO] Reply from ptd: 'Range A changed'
ptd-server 2021-08-08 10:29:29,212 [INFO] Starting ranging mode
ptd-server 2021-08-08 10:29:29,212 [INFO] Sending to ptd: 'Go,1000,0,2021-08-08_10-29-00_ranging'
ptd-server 2021-08-08 10:29:29,213 [INFO] Reply from ptd: 'Starting untimed measurement, maximum 500000 samples at 1000ms with 0 rampup samples'
ptd-server 2021-08-08 10:29:29,213 [INFO] Sending reply to client 'OK'
ptd-server 2021-08-08 10:39:48,856 [INFO] Got command from the client 'session,2021-08-08_10-29-00,stop,ranging'
ptd-server 2021-08-08 10:39:58,866 [INFO] Sending to ptd: 'Stop'
ptd-server 2021-08-08 10:39:58,867 [INFO] Reply from ptd: 'Stopping untimed measurement'
ptd-server 2021-08-08 10:39:58,994 [INFO] Sending reply to client 'OK'
ptd-server 2021-08-08 10:39:59,062 [INFO] Got command from the client 'time'
ptd-server 2021-08-08 10:39:59,062 [INFO] Sending reply to client '1628415599.0625136'
ptd-server 2021-08-08 10:39:59,064 [INFO] Got command from the client 'session,2021-08-08_10-29-00,start,testing'
ptd-server 2021-08-08 10:39:59,064 [INFO] Sending to ptd: 'SR,V,249.450000'
ptd-server 2021-08-08 10:40:00,714 [INFO] Reply from ptd: 'Range V changed'
ptd-server 2021-08-08 10:40:00,714 [INFO] Sending to ptd: 'SR,A,0.177030'
ptd-server 2021-08-08 10:40:02,216 [INFO] Reply from ptd: 'Range A changed'
ptd-server 2021-08-08 10:40:12,226 [INFO] Starting testing mode
ptd-server 2021-08-08 10:40:12,226 [INFO] Sending to ptd: 'Go,1000,0,2021-08-08_10-29-00_testing'
ptd-server 2021-08-08 10:40:12,226 [INFO] Reply from ptd: 'Starting untimed measurement, maximum 500000 samples at 1000ms with 0 rampup samples'
ptd-server 2021-08-08 10:40:12,227 [INFO] Sending reply to client 'OK'
ptd-server 2021-08-08 10:50:31,735 [INFO] Got command from the client 'session,2021-08-08_10-29-00,stop,testing'
ptd-server 2021-08-08 10:50:41,736 [INFO] Sending to ptd: 'Stop'
ptd-server 2021-08-08 10:50:41,736 [INFO] Reply from ptd: 'Stopping untimed measurement'
ptd-server 2021-08-08 10:50:41,807 [INFO] Sending reply to client 'OK'
ptd-server 2021-08-08 10:50:41,825 [INFO] Got command from the client 'session,2021-08-08_10-29-00,done'
ptd-server 2021-08-08 10:50:41,825 [INFO] Sending to ptd: 'Stop'
ptd-server 2021-08-08 10:50:42,226 [INFO] Reply from ptd: 'Error: no measurement to stop'
ptd-server 2021-08-08 10:50:42,226 [INFO] Sending to ptd: 'SR,V,300.000000'
ptd-server 2021-08-08 10:50:43,728 [INFO] Reply from ptd: 'Range V changed'
ptd-server 2021-08-08 10:50:43,728 [INFO] Sending to ptd: 'SR,A,0.500000'
ptd-server 2021-08-08 10:50:45,229 [INFO] Reply from ptd: 'Range A changed'
ptd-server 2021-08-08 10:50:45,229 [INFO] Set initial values for Amps 0.500000 and Volts 300.000000
ptd-server 2021-08-08 10:50:45,229 [INFO] Stopping ptd...
