client 2021-08-12 19:33:54,598 [INFO] Sending command to the server: 'mlcommons/power client v3'
client 2021-08-12 19:33:54,599 [INFO] Got response: 'mlcommons/power server v3'
client 2021-08-12 19:33:54,599 [INFO] Sending command to the server: 'stop'
client 2021-08-12 19:33:54,601 [INFO] Got response: 'OK'
client 2021-08-12 19:33:54,601 [INFO] Synchronizing with the server and with 100.64.0.18...
client 2021-08-12 19:33:54,605 [INFO] NTP:offset = 0.000 s, delay = 0.001 s 
client 2021-08-12 19:33:54,606 [INFO] Sending command to the server: 'time'
client 2021-08-12 19:33:54,607 [INFO] Got response: '1628796834.582742'
client 2021-08-12 19:33:54,608 [INFO] The time difference between the client and the server is within range 23.381 ms..25.362 ms
client 2021-08-12 19:33:54,608 [INFO] Sending command to the server: 'new,,1da3619c-65cd-4a18-b644-840b5c9916a2'
client 2021-08-12 19:33:54,611 [INFO] Got response: 'OK 2021-08-12_19-33-54,3206a941-bd5c-4eff-8753-620f0a27e4df'
client 2021-08-12 19:33:54,611 [INFO] Session id is '2021-08-12_19-33-54'
client 2021-08-12 19:33:54,611 [INFO] Sources: {"sources": {"__init__.py": "da39a3ee5e6b4b0d3255bfef95601890afd80709", "client.py": "33ca4f26368777ac06e01f9567b714a4b8063886", "lib/__init__.py": "da39a3ee5e6b4b0d3255bfef95601890afd80709", "lib/client.py": "4c2b78fb4849a7e5b584ef792d82aaed20b17f57", "lib/common.py": "624d0c0acc7c39aaff3674f0b99d6a09da53d1dc", "lib/external/__init__.py": "da39a3ee5e6b4b0d3255bfef95601890afd80709", "lib/external/ntplib.py": "4da8f970656505a40483206ef2b5d3dd5e81711d", "lib/server.py": "59c9fb92908260d3e9f81a895c7aa009742275e4", "lib/source_hashes.py": "60a2e02193209e8d392803326208d5466342da18", "lib/summary.py": "aa92f0a3f975eecd44d3c0cd0236342ccc9f941d", "lib/time_sync.py": "3210db56eb0ff0df57bf4293dc4d4b03fffd46f1", "server.py": "c3f90f2f7eeb4db30727556d0c815ebc89b3d28b", "tests/unit/__init__.py": "da39a3ee5e6b4b0d3255bfef95601890afd80709", "tests/unit/test_server.py": "99ae15aef722f2000ee6ed1ae1523637bf1ae42b", "tests/unit/test_source_hashes.py": "00468a2907583c593e6574a1f6b404e4651c221a"}, "modules": {"ptd_client_server.lib.client": "lib/client.py", "ptd_client_server.lib.common": "lib/common.py", "ptd_client_server.lib.external.ntplib": "lib/external/ntplib.py", "ptd_client_server.lib.source_hashes": "lib/source_hashes.py", "ptd_client_server.lib.summary": "lib/summary.py", "ptd_client_server.lib.time_sync": "lib/time_sync.py"}}
client 2021-08-12 19:33:54,612 [INFO] Running workload in ranging mode
client 2021-08-12 19:33:54,612 [INFO] Synchronizing with the server and with 100.64.0.18...
client 2021-08-12 19:33:54,614 [INFO] NTP:offset = 0.000 s, delay = 0.001 s 
client 2021-08-12 19:33:54,614 [INFO] Sending command to the server: 'time'
client 2021-08-12 19:33:54,616 [INFO] Got response: '1628796834.5983117'
client 2021-08-12 19:33:54,616 [INFO] The time difference between the client and the server is within range 15.934 ms..17.987 ms
client 2021-08-12 19:33:54,616 [INFO] Sending command to the server: 'session,2021-08-12_19-33-54,start,ranging'
client 2021-08-12 19:34:18,458 [INFO] Got response: 'OK'
client 2021-08-12 19:34:18,458 [INFO] Running the workload 'LOG_DIR=/work/build/power_logs_temp python3 code/main.py --benchmarks=rnnt --scenarios=SingleStream --config_ver=maxq--test_mode=PerformanceOnly --action="run_harness" \\\n\t\t&& if [ ! -d /work/build/power_logs/2021.08.12-19.33.48/ranging_tmp ]; \\\n\t\t\tthen mkdir /work/build/power_logs/2021.08.12-19.33.48/ranging_tmp \\\n\t\t\t\t&& mv /work/build/power_logs_temp/* /work/build/power_logs/2021.08.12-19.33.48/ranging_tmp/ \\\n\t\t\t\t&& cp -v /work/build/power_logs/2021.08.12-19.33.48/ranging_tmp/*/*/*/mlperf_log_detail.txt /work/build/power_logs_temp/ \\\n\t\t\t\t&& cp -v /work/build/power_logs/2021.08.12-19.33.48/ranging_tmp/*/*/*/mlperf_log_summary.txt /work/build/power_logs_temp/; \\\n\t\t\telse mkdir /work/build/power_logs/2021.08.12-19.33.48/testing_tmp \\\n\t\t\t\t&& mv /work/build/power_logs_temp/* /work/build/power_logs/2021.08.12-19.33.48/testing_tmp/ \\\n\t\t\t\t&& cp -v /work/build/power_logs/2021.08.12-19.33.48/testing_tmp/*/*/*/mlperf_log_detail.txt /work/build/power_logs_temp/ \\\n\t\t\t\t&& cp -v /work/build/power_logs/2021.08.12-19.33.48/testing_tmp/*/*/*/mlperf_log_summary.txt /work/build/power_logs_temp/; fi'
client 2021-08-12 19:44:27,172 [INFO] Sending command to the server: 'session,2021-08-12_19-33-54,stop,ranging'
client 2021-08-12 19:44:37,214 [INFO] Got response: 'OK'
client 2021-08-12 19:44:37,223 [INFO] Copying loadgen logs from '/work/build/power_logs_temp' to '/work/build/power_logs/2021.08.12-19.33.48/2021-08-12_19-33-54/ranging'
client 2021-08-12 19:44:37,224 [INFO] Running workload in testing mode
client 2021-08-12 19:44:37,224 [INFO] Synchronizing with the server and with 100.64.0.18...
client 2021-08-12 19:44:37,227 [INFO] NTP:offset = -0.000 s, delay = 0.001 s 
client 2021-08-12 19:44:37,227 [INFO] Sending command to the server: 'time'
client 2021-08-12 19:44:37,228 [INFO] Got response: '1628797477.2082818'
client 2021-08-12 19:44:37,229 [INFO] The time difference between the client and the server is within range 19.033 ms..20.696 ms
client 2021-08-12 19:44:37,229 [INFO] Sending command to the server: 'session,2021-08-12_19-33-54,start,testing'
client 2021-08-12 19:44:50,535 [INFO] Got response: 'OK'
client 2021-08-12 19:44:50,535 [INFO] Running the workload 'LOG_DIR=/work/build/power_logs_temp python3 code/main.py --benchmarks=rnnt --scenarios=SingleStream --config_ver=maxq--test_mode=PerformanceOnly --action="run_harness" \\\n\t\t&& if [ ! -d /work/build/power_logs/2021.08.12-19.33.48/ranging_tmp ]; \\\n\t\t\tthen mkdir /work/build/power_logs/2021.08.12-19.33.48/ranging_tmp \\\n\t\t\t\t&& mv /work/build/power_logs_temp/* /work/build/power_logs/2021.08.12-19.33.48/ranging_tmp/ \\\n\t\t\t\t&& cp -v /work/build/power_logs/2021.08.12-19.33.48/ranging_tmp/*/*/*/mlperf_log_detail.txt /work/build/power_logs_temp/ \\\n\t\t\t\t&& cp -v /work/build/power_logs/2021.08.12-19.33.48/ranging_tmp/*/*/*/mlperf_log_summary.txt /work/build/power_logs_temp/; \\\n\t\t\telse mkdir /work/build/power_logs/2021.08.12-19.33.48/testing_tmp \\\n\t\t\t\t&& mv /work/build/power_logs_temp/* /work/build/power_logs/2021.08.12-19.33.48/testing_tmp/ \\\n\t\t\t\t&& cp -v /work/build/power_logs/2021.08.12-19.33.48/testing_tmp/*/*/*/mlperf_log_detail.txt /work/build/power_logs_temp/ \\\n\t\t\t\t&& cp -v /work/build/power_logs/2021.08.12-19.33.48/testing_tmp/*/*/*/mlperf_log_summary.txt /work/build/power_logs_temp/; fi'
client 2021-08-12 19:54:59,472 [INFO] Sending command to the server: 'session,2021-08-12_19-33-54,stop,testing'
client 2021-08-12 19:55:09,518 [INFO] Got response: 'OK'
client 2021-08-12 19:55:09,520 [INFO] Copying loadgen logs from '/work/build/power_logs_temp' to '/work/build/power_logs/2021.08.12-19.33.48/2021-08-12_19-33-54/run_1'
client 2021-08-12 19:55:09,521 [INFO] Done runs
