ptd-server 2021-08-12 19:33:54,582 [INFO] Got command from the client 'stop'
ptd-server 2021-08-12 19:33:54,582 [INFO] The server will be stopped after processing this client
ptd-server 2021-08-12 19:33:54,582 [INFO] Sending reply to client 'OK'
ptd-server 2021-08-12 19:33:54,582 [INFO] Got command from the client 'time'
ptd-server 2021-08-12 19:33:54,582 [INFO] Sending reply to client '1628796834.582742'
ptd-server 2021-08-12 19:33:54,582 [INFO] Got command from the client 'new,,1da3619c-65cd-4a18-b644-840b5c9916a2'
ptd-server 2021-08-12 19:33:54,598 [INFO] Sending reply to client 'OK 2021-08-12_19-33-54,3206a941-bd5c-4eff-8753-620f0a27e4df'
ptd-server 2021-08-12 19:33:54,598 [INFO] Got command from the client 'time'
ptd-server 2021-08-12 19:33:54,598 [INFO] Sending reply to client '1628796834.5983117'
ptd-server 2021-08-12 19:33:54,598 [INFO] Got command from the client 'session,2021-08-12_19-33-54,start,ranging'
ptd-server 2021-08-12 19:33:54,707 [INFO] Running PTDaemon: ['.\\ptd-windows-x86.exe', '-l', 'C:\\Users\\root\\AppData\\Local\\Temp\\tmpadv3lw_7\\ptd_logfile.txt', '-p', '8888', '-g', '8', '1']
ptd-server 2021-08-12 19:34:07,401 [INFO] Sending to ptd: 'Hello'
ptd-server 2021-08-12 19:34:07,401 [INFO] Reply from ptd: 'Hello, PTDaemon here!'
ptd-server 2021-08-12 19:34:07,401 [INFO] Sending to ptd: 'Identify'
ptd-server 2021-08-12 19:34:07,401 [INFO] Reply from ptd: 'YokogawaWT210,1000,1,1,1,1,0,0,1,version=1.9.2-3976349f-20201208,OS=Windows 8 / Server 2012,mode=power,1,1,1,0,0,no_cal_date,YOKOGAWA;760401;0;F1.12'
ptd-server 2021-08-12 19:34:07,401 [INFO] Connected to PTDaemon
ptd-server 2021-08-12 19:34:07,401 [INFO] Sending to ptd: 'RR'
ptd-server 2021-08-12 19:34:07,401 [INFO] Reply from ptd: 'Ranges,0,5.000000,0,150.000000'
ptd-server 2021-08-12 19:34:07,401 [INFO] Initial range for Amps is 5.000000 for Volts is 150.000000
ptd-server 2021-08-12 19:34:07,401 [INFO] Sending to ptd: 'SR,V,Auto'
ptd-server 2021-08-12 19:34:07,923 [INFO] Reply from ptd: 'Range V changed'
ptd-server 2021-08-12 19:34:07,923 [INFO] Sending to ptd: 'SR,A,Auto'
ptd-server 2021-08-12 19:34:08,442 [INFO] Reply from ptd: 'Range A changed'
ptd-server 2021-08-12 19:34:18,442 [INFO] Starting ranging mode
ptd-server 2021-08-12 19:34:18,442 [INFO] Sending to ptd: 'Go,1000,0,2021-08-12_19-33-54_ranging'
ptd-server 2021-08-12 19:34:18,442 [INFO] Reply from ptd: 'Starting untimed measurement, maximum 500000 samples at 1000ms with 0 rampup samples'
ptd-server 2021-08-12 19:34:18,442 [INFO] Sending reply to client 'OK'
ptd-server 2021-08-12 19:44:27,153 [INFO] Got command from the client 'session,2021-08-12_19-33-54,stop,ranging'
ptd-server 2021-08-12 19:44:37,161 [INFO] Sending to ptd: 'Stop'
ptd-server 2021-08-12 19:44:37,161 [INFO] Reply from ptd: 'Stopping untimed measurement'
ptd-server 2021-08-12 19:44:37,192 [INFO] Sending reply to client 'OK'
ptd-server 2021-08-12 19:44:37,208 [INFO] Got command from the client 'time'
ptd-server 2021-08-12 19:44:37,208 [INFO] Sending reply to client '1628797477.2082818'
ptd-server 2021-08-12 19:44:37,208 [INFO] Got command from the client 'session,2021-08-12_19-33-54,start,testing'
ptd-server 2021-08-12 19:44:37,208 [INFO] Sending to ptd: 'SR,V,118.220000'
ptd-server 2021-08-12 19:44:38,986 [INFO] Reply from ptd: 'Range V changed'
ptd-server 2021-08-12 19:44:38,986 [INFO] Sending to ptd: 'SR,A,3.565200'
ptd-server 2021-08-12 19:44:40,515 [INFO] Reply from ptd: 'Range A changed'
ptd-server 2021-08-12 19:44:50,516 [INFO] Starting testing mode
ptd-server 2021-08-12 19:44:50,516 [INFO] Sending to ptd: 'Go,1000,0,2021-08-12_19-33-54_testing'
ptd-server 2021-08-12 19:44:50,518 [INFO] Reply from ptd: 'Starting untimed measurement, maximum 500000 samples at 1000ms with 0 rampup samples'
ptd-server 2021-08-12 19:44:50,518 [INFO] Sending reply to client 'OK'
ptd-server 2021-08-12 19:54:59,455 [INFO] Got command from the client 'session,2021-08-12_19-33-54,stop,testing'
ptd-server 2021-08-12 19:55:09,470 [INFO] Sending to ptd: 'Stop'
ptd-server 2021-08-12 19:55:09,470 [INFO] Reply from ptd: 'Stopping untimed measurement'
ptd-server 2021-08-12 19:55:09,486 [INFO] Sending reply to client 'OK'
ptd-server 2021-08-12 19:55:09,501 [INFO] Got command from the client 'session,2021-08-12_19-33-54,done'
ptd-server 2021-08-12 19:55:09,501 [INFO] Sending to ptd: 'Stop'
ptd-server 2021-08-12 19:55:09,548 [INFO] Reply from ptd: 'Error: no measurement to stop'
ptd-server 2021-08-12 19:55:09,548 [INFO] Sending to ptd: 'SR,V,150.000000'
ptd-server 2021-08-12 19:55:11,071 [INFO] Reply from ptd: 'Range V changed'
ptd-server 2021-08-12 19:55:11,071 [INFO] Sending to ptd: 'SR,A,5.000000'
ptd-server 2021-08-12 19:55:12,595 [INFO] Reply from ptd: 'Range A changed'
ptd-server 2021-08-12 19:55:12,595 [INFO] Set initial values for Amps 5.000000 and Volts 150.000000
ptd-server 2021-08-12 19:55:12,595 [INFO] Stopping ptd...
