client 2021-08-26 03:52:43,288 [INFO] Sending command to the server: 'mlcommons/power client v3'
client 2021-08-26 03:52:43,289 [INFO] Got response: 'mlcommons/power server v3'
client 2021-08-26 03:52:43,289 [INFO] Synchronizing with the server and with time.google.com...
client 2021-08-26 03:52:43,449 [INFO] NTP:offset = 0.001 s, delay = 0.074 s 
client 2021-08-26 03:52:43,449 [INFO] Sending command to the server: 'time'
client 2021-08-26 03:52:43,450 [INFO] Got response: '1629967963.4516387'
client 2021-08-26 03:52:43,450 [INFO] The time difference between the client and the server is within range -2.354 ms..-0.933 ms
client 2021-08-26 03:52:43,450 [INFO] Sending command to the server: 'new,,e254a380-22c8-49b1-a138-76a6390e3d9a'
client 2021-08-26 03:52:43,452 [INFO] Got response: 'OK 2021-08-26_03-52-43,7a03891d-c945-46d9-b962-ffe0ffcb7623'
client 2021-08-26 03:52:43,452 [INFO] Session id is '2021-08-26_03-52-43'
client 2021-08-26 03:52:43,452 [INFO] Sources: {"sources": {"__init__.py": "da39a3ee5e6b4b0d3255bfef95601890afd80709", "client.py": "33ca4f26368777ac06e01f9567b714a4b8063886", "lib/__init__.py": "da39a3ee5e6b4b0d3255bfef95601890afd80709", "lib/client.py": "4c2b78fb4849a7e5b584ef792d82aaed20b17f57", "lib/common.py": "624d0c0acc7c39aaff3674f0b99d6a09da53d1dc", "lib/external/__init__.py": "da39a3ee5e6b4b0d3255bfef95601890afd80709", "lib/external/ntplib.py": "4da8f970656505a40483206ef2b5d3dd5e81711d", "lib/server.py": "59c9fb92908260d3e9f81a895c7aa009742275e4", "lib/source_hashes.py": "60a2e02193209e8d392803326208d5466342da18", "lib/summary.py": "aa92f0a3f975eecd44d3c0cd0236342ccc9f941d", "lib/time_sync.py": "3210db56eb0ff0df57bf4293dc4d4b03fffd46f1", "server.py": "c3f90f2f7eeb4db30727556d0c815ebc89b3d28b", "tests/unit/__init__.py": "da39a3ee5e6b4b0d3255bfef95601890afd80709", "tests/unit/test_server.py": "99ae15aef722f2000ee6ed1ae1523637bf1ae42b", "tests/unit/test_source_hashes.py": "00468a2907583c593e6574a1f6b404e4651c221a"}, "modules": {"ptd_client_server.lib.client": "lib/client.py", "ptd_client_server.lib.common": "lib/common.py", "ptd_client_server.lib.external.ntplib": "lib/external/ntplib.py", "ptd_client_server.lib.source_hashes": "lib/source_hashes.py", "ptd_client_server.lib.summary": "lib/summary.py", "ptd_client_server.lib.time_sync": "lib/time_sync.py"}}
client 2021-08-26 03:52:43,452 [INFO] Running workload in ranging mode
client 2021-08-26 03:52:43,452 [INFO] Synchronizing with the server and with time.google.com...
client 2021-08-26 03:52:43,561 [INFO] NTP:offset = 0.004 s, delay = 0.099 s 
client 2021-08-26 03:52:43,562 [INFO] Sending command to the server: 'time'
client 2021-08-26 03:52:43,563 [INFO] Got response: '1629967963.564511'
client 2021-08-26 03:52:43,563 [INFO] The time difference between the client and the server is within range -2.374 ms..-0.884 ms
client 2021-08-26 03:52:43,563 [INFO] Sending command to the server: 'session,2021-08-26_03-52-43,start,ranging'
client 2021-08-26 03:53:11,707 [INFO] Got response: 'OK'
client 2021-08-26 03:53:11,707 [INFO] Running the workload 'sleep 0; numactl --interleave=all ck benchmark program:packed-bert-qaic-loadgen --env.CK_SILENT_MODE=YES --skip_print_timers --dep_add_tags.compiler=gcc,v10 --dep_add_tags.python=v3 --dep_add_tags.mlperf-inference-src=r1.1 --dep_add_tags.weights=bert,bert,precision.mixed --dep_add_tags.dataset-tokenized=dataset,squad,tokenized,raw  --dep_add_tags.dataset-tokenized=dataset,squad,tokenized,raw --env.CK_LOADGEN_DATASET_SIZE=10833 --env.CK_ENV_QAIC_DEVICE_IDS=0,1,2,3,4 --env.CK_ENV_QAIC_INPUT_SELECT=0 --env.CK_ENV_QAIC_QUEUE_LENGTH=8 --env.CK_ENV_QAIC_THREADS_PER_QUEUE=8 --env.CK_VERBOSE=0 --env.CK_EXTRA_COMPILER_DEPS=-march=znver2 --env.CK_EXTRA_COMPILER_DEPS2=-DENABLE_ZEN2  --env.ML_MODEL_MODEL_NAME=bert --env.CK_ENV_QAIC_MODEL_BATCH_SIZE=1 --env.CK_ENV_QAIC_ACTIVATION_COUNT=1 --env.CK_LOADGEN_SCENARIO=SingleStream --env.CK_LOADGEN_MODE=PerformanceOnly --env.CK_LOADGEN_TARGET_LATENCY=11 --speed --skip_stat_analysis --process_multi_keys --repetitions=1 --record --record_repo=local --record_uoa=mlperf-closed-r282_z93_q5-qaic-v1.5.9-aic100-bert-bert-precision.mixed-singlestream-performance-target_latency.11-power.workload --tags=mlperf,division.closed,task.language,platform.r282_z93_q5,scenario.singlestream,mode.performance,workload.bert,input_select.0,queue_length.8,threads_per_queue.8,target_latency.11,power.workload "@@@{\'meta\': {\'ck_benchmark_program\': \'sleep 0; numactl --interleave=all ck benchmark program:packed-bert-qaic-loadgen --env.CK_SILENT_MODE=YES --skip_print_timers --dep_add_tags.compiler=gcc,v10 --dep_add_tags.python=v3 --dep_add_tags.mlperf-inference-src=r1.1 --dep_add_tags.weights=bert,bert,precision.mixed --dep_add_tags.dataset-tokenized=dataset,squad,tokenized,raw  --dep_add_tags.dataset-tokenized=dataset,squad,tokenized,raw --env.CK_LOADGEN_DATASET_SIZE=10833 --env.CK_ENV_QAIC_DEVICE_IDS=0,1,2,3,4 --env.CK_ENV_QAIC_INPUT_SELECT=0 --env.CK_ENV_QAIC_QUEUE_LENGTH=8 --env.CK_ENV_QAIC_THREADS_PER_QUEUE=8 --env.CK_VERBOSE=0 --env.CK_EXTRA_COMPILER_DEPS=-march=znver2 --env.CK_EXTRA_COMPILER_DEPS2=-DENABLE_ZEN2  --env.ML_MODEL_MODEL_NAME=bert --env.CK_ENV_QAIC_MODEL_BATCH_SIZE=1 --env.CK_ENV_QAIC_ACTIVATION_COUNT=1 --env.CK_LOADGEN_SCENARIO=SingleStream --env.CK_LOADGEN_MODE=PerformanceOnly --env.CK_LOADGEN_TARGET_LATENCY=11 --speed --skip_stat_analysis --process_multi_keys --repetitions=1 --record --record_repo=local --record_uoa=mlperf-closed-r282_z93_q5-qaic-v1.5.9-aic100-bert-bert-precision.mixed-singlestream-performance-target_latency.11-power.workload --tags=mlperf,division.closed,task.language,platform.r282_z93_q5,scenario.singlestream,mode.performance,workload.bert,input_select.0,queue_length.8,threads_per_queue.8,target_latency.11,power.workload\'}}" && cat `ck find program:packed-bert-qaic-loadgen`/tmp/mlperf_log_summary.txt && mkdir -p "$CK_MLPERF_POWER_CLIENT_LOADGEN_LOGS" && cp "$CK_MLPERF_POWER_CLIENT_LOADGEN_LOGS"/../mlperf_log_* "$CK_MLPERF_POWER_CLIENT_LOADGEN_LOGS"/'
client 2021-08-26 04:03:35,478 [INFO] Sending command to the server: 'session,2021-08-26_03-52-43,stop,ranging'
client 2021-08-26 04:03:45,510 [INFO] Got response: 'OK'
client 2021-08-26 04:03:45,518 [INFO] Copying loadgen logs from '/home/krai/CK_REPOS/qualcomm-private-bert/program/packed-bert-qaic-loadgen/tmp/loadgen_logs' to '/home/krai/CK_REPOS/ck-mlperf/program/mlperf-power-client/tmp/2021-08-26_03-52-43/ranging'
client 2021-08-26 04:03:45,518 [INFO] Running workload in testing mode
client 2021-08-26 04:03:45,518 [INFO] Synchronizing with the server and with time.google.com...
client 2021-08-26 04:03:45,638 [INFO] NTP:offset = 0.009 s, delay = 0.105 s 
client 2021-08-26 04:03:45,638 [INFO] Sending command to the server: 'time'
client 2021-08-26 04:03:45,639 [INFO] Got response: '1629968625.6418176'
client 2021-08-26 04:03:45,639 [INFO] The time difference between the client and the server is within range -3.456 ms..-2.074 ms
client 2021-08-26 04:03:45,639 [INFO] Sending command to the server: 'session,2021-08-26_03-52-43,start,testing'
client 2021-08-26 04:03:58,722 [INFO] Got response: 'OK'
client 2021-08-26 04:03:58,723 [INFO] Running the workload 'sleep 0; numactl --interleave=all ck benchmark program:packed-bert-qaic-loadgen --env.CK_SILENT_MODE=YES --skip_print_timers --dep_add_tags.compiler=gcc,v10 --dep_add_tags.python=v3 --dep_add_tags.mlperf-inference-src=r1.1 --dep_add_tags.weights=bert,bert,precision.mixed --dep_add_tags.dataset-tokenized=dataset,squad,tokenized,raw  --dep_add_tags.dataset-tokenized=dataset,squad,tokenized,raw --env.CK_LOADGEN_DATASET_SIZE=10833 --env.CK_ENV_QAIC_DEVICE_IDS=0,1,2,3,4 --env.CK_ENV_QAIC_INPUT_SELECT=0 --env.CK_ENV_QAIC_QUEUE_LENGTH=8 --env.CK_ENV_QAIC_THREADS_PER_QUEUE=8 --env.CK_VERBOSE=0 --env.CK_EXTRA_COMPILER_DEPS=-march=znver2 --env.CK_EXTRA_COMPILER_DEPS2=-DENABLE_ZEN2  --env.ML_MODEL_MODEL_NAME=bert --env.CK_ENV_QAIC_MODEL_BATCH_SIZE=1 --env.CK_ENV_QAIC_ACTIVATION_COUNT=1 --env.CK_LOADGEN_SCENARIO=SingleStream --env.CK_LOADGEN_MODE=PerformanceOnly --env.CK_LOADGEN_TARGET_LATENCY=11 --speed --skip_stat_analysis --process_multi_keys --repetitions=1 --record --record_repo=local --record_uoa=mlperf-closed-r282_z93_q5-qaic-v1.5.9-aic100-bert-bert-precision.mixed-singlestream-performance-target_latency.11-power.workload --tags=mlperf,division.closed,task.language,platform.r282_z93_q5,scenario.singlestream,mode.performance,workload.bert,input_select.0,queue_length.8,threads_per_queue.8,target_latency.11,power.workload "@@@{\'meta\': {\'ck_benchmark_program\': \'sleep 0; numactl --interleave=all ck benchmark program:packed-bert-qaic-loadgen --env.CK_SILENT_MODE=YES --skip_print_timers --dep_add_tags.compiler=gcc,v10 --dep_add_tags.python=v3 --dep_add_tags.mlperf-inference-src=r1.1 --dep_add_tags.weights=bert,bert,precision.mixed --dep_add_tags.dataset-tokenized=dataset,squad,tokenized,raw  --dep_add_tags.dataset-tokenized=dataset,squad,tokenized,raw --env.CK_LOADGEN_DATASET_SIZE=10833 --env.CK_ENV_QAIC_DEVICE_IDS=0,1,2,3,4 --env.CK_ENV_QAIC_INPUT_SELECT=0 --env.CK_ENV_QAIC_QUEUE_LENGTH=8 --env.CK_ENV_QAIC_THREADS_PER_QUEUE=8 --env.CK_VERBOSE=0 --env.CK_EXTRA_COMPILER_DEPS=-march=znver2 --env.CK_EXTRA_COMPILER_DEPS2=-DENABLE_ZEN2  --env.ML_MODEL_MODEL_NAME=bert --env.CK_ENV_QAIC_MODEL_BATCH_SIZE=1 --env.CK_ENV_QAIC_ACTIVATION_COUNT=1 --env.CK_LOADGEN_SCENARIO=SingleStream --env.CK_LOADGEN_MODE=PerformanceOnly --env.CK_LOADGEN_TARGET_LATENCY=11 --speed --skip_stat_analysis --process_multi_keys --repetitions=1 --record --record_repo=local --record_uoa=mlperf-closed-r282_z93_q5-qaic-v1.5.9-aic100-bert-bert-precision.mixed-singlestream-performance-target_latency.11-power.workload --tags=mlperf,division.closed,task.language,platform.r282_z93_q5,scenario.singlestream,mode.performance,workload.bert,input_select.0,queue_length.8,threads_per_queue.8,target_latency.11,power.workload\'}}" && cat `ck find program:packed-bert-qaic-loadgen`/tmp/mlperf_log_summary.txt && mkdir -p "$CK_MLPERF_POWER_CLIENT_LOADGEN_LOGS" && cp "$CK_MLPERF_POWER_CLIENT_LOADGEN_LOGS"/../mlperf_log_* "$CK_MLPERF_POWER_CLIENT_LOADGEN_LOGS"/'
client 2021-08-26 04:14:21,072 [INFO] Sending command to the server: 'session,2021-08-26_03-52-43,stop,testing'
client 2021-08-26 04:14:31,095 [INFO] Got response: 'OK'
client 2021-08-26 04:14:31,097 [INFO] Copying loadgen logs from '/home/krai/CK_REPOS/qualcomm-private-bert/program/packed-bert-qaic-loadgen/tmp/loadgen_logs' to '/home/krai/CK_REPOS/ck-mlperf/program/mlperf-power-client/tmp/2021-08-26_03-52-43/run_1'
client 2021-08-26 04:14:31,097 [INFO] Done runs
