ptd-server 2021-08-26 03:52:43,451 [INFO] Got command from the client 'time'
ptd-server 2021-08-26 03:52:43,451 [INFO] Sending reply to client '1629967963.4516387'
ptd-server 2021-08-26 03:52:43,452 [INFO] Got command from the client 'new,,e254a380-22c8-49b1-a138-76a6390e3d9a'
ptd-server 2021-08-26 03:52:43,453 [INFO] Sending reply to client 'OK 2021-08-26_03-52-43,7a03891d-c945-46d9-b962-ffe0ffcb7623'
ptd-server 2021-08-26 03:52:43,564 [INFO] Got command from the client 'time'
ptd-server 2021-08-26 03:52:43,564 [INFO] Sending reply to client '1629967963.564511'
ptd-server 2021-08-26 03:52:43,565 [INFO] Got command from the client 'session,2021-08-26_03-52-43,start,ranging'
ptd-server 2021-08-26 03:52:43,566 [INFO] Running PTDaemon: ['/local/mnt/workspace/mlcommons/power-main/inference_v1.0/ptd-linux-x86', '-l', '/tmp/tmpa31brwsu/ptd_logfile.txt', '-p', '8888', '49', '/dev/usbtmc1']
ptd-server 2021-08-26 03:53:00,687 [INFO] Sending to ptd: 'Hello'
ptd-server 2021-08-26 03:53:00,688 [INFO] Reply from ptd: 'Hello, PTDaemon here!'
ptd-server 2021-08-26 03:53:00,688 [INFO] Sending to ptd: 'Identify'
ptd-server 2021-08-26 03:53:00,689 [INFO] Reply from ptd: 'YokogawaWT310E,1000,1,1,1,1,0,1,1,version=1.9.2-e8c7a49a-20201208,OS=Linux 4.15.0-64-generic #73-Ubuntu SMP Thu Sep 12 13:16:13 UTC 2019 x86_64,mode=power,1,1,1,0,0,no_cal_date,YOKOGAWA;WT310E;C2XF16030V;F1.04'
ptd-server 2021-08-26 03:53:00,689 [INFO] Connected to PTDaemon
ptd-server 2021-08-26 03:53:00,689 [INFO] Sending to ptd: 'RR'
ptd-server 2021-08-26 03:53:00,690 [INFO] Reply from ptd: 'Ranges,1,2.000000,1,150.000000'
ptd-server 2021-08-26 03:53:00,690 [INFO] Initial range for Amps is Auto for Volts is Auto
ptd-server 2021-08-26 03:53:00,690 [INFO] Sending to ptd: 'SR,V,Auto'
ptd-server 2021-08-26 03:53:01,193 [INFO] Reply from ptd: 'Range V changed'
ptd-server 2021-08-26 03:53:01,193 [INFO] Sending to ptd: 'SR,A,Auto'
ptd-server 2021-08-26 03:53:01,696 [INFO] Reply from ptd: 'Range A changed'
ptd-server 2021-08-26 03:53:11,707 [INFO] Starting ranging mode
ptd-server 2021-08-26 03:53:11,707 [INFO] Sending to ptd: 'Go,1000,0,2021-08-26_03-52-43_ranging'
ptd-server 2021-08-26 03:53:11,708 [INFO] Reply from ptd: 'Starting untimed measurement, maximum 500000 samples at 1000ms with 0 rampup samples'
ptd-server 2021-08-26 03:53:11,708 [INFO] Sending reply to client 'OK'
ptd-server 2021-08-26 04:03:35,481 [INFO] Got command from the client 'session,2021-08-26_03-52-43,stop,ranging'
ptd-server 2021-08-26 04:03:45,492 [INFO] Sending to ptd: 'Stop'
ptd-server 2021-08-26 04:03:45,492 [INFO] Reply from ptd: 'Stopping untimed measurement'
ptd-server 2021-08-26 04:03:45,512 [INFO] Sending reply to client 'OK'
ptd-server 2021-08-26 04:03:45,641 [INFO] Got command from the client 'time'
ptd-server 2021-08-26 04:03:45,641 [INFO] Sending reply to client '1629968625.6418176'
ptd-server 2021-08-26 04:03:45,642 [INFO] Got command from the client 'session,2021-08-26_03-52-43,start,testing'
ptd-server 2021-08-26 04:03:45,643 [INFO] Sending to ptd: 'SR,V,120.720000'
ptd-server 2021-08-26 04:03:47,210 [INFO] Reply from ptd: 'Range V changed'
ptd-server 2021-08-26 04:03:47,211 [INFO] Sending to ptd: 'SR,A,2.238600'
ptd-server 2021-08-26 04:03:48,713 [INFO] Reply from ptd: 'Range A changed'
ptd-server 2021-08-26 04:03:58,723 [INFO] Starting testing mode
ptd-server 2021-08-26 04:03:58,723 [INFO] Sending to ptd: 'Go,1000,0,2021-08-26_03-52-43_testing'
ptd-server 2021-08-26 04:03:58,724 [INFO] Reply from ptd: 'Starting untimed measurement, maximum 500000 samples at 1000ms with 0 rampup samples'
ptd-server 2021-08-26 04:03:58,724 [INFO] Sending reply to client 'OK'
ptd-server 2021-08-26 04:14:21,077 [INFO] Got command from the client 'session,2021-08-26_03-52-43,stop,testing'
ptd-server 2021-08-26 04:14:31,088 [INFO] Sending to ptd: 'Stop'
ptd-server 2021-08-26 04:14:31,088 [INFO] Reply from ptd: 'Stopping untimed measurement'
ptd-server 2021-08-26 04:14:31,098 [INFO] Sending reply to client 'OK'
ptd-server 2021-08-26 04:14:31,104 [INFO] Got command from the client 'session,2021-08-26_03-52-43,done'
ptd-server 2021-08-26 04:14:31,104 [INFO] Sending to ptd: 'Stop'
ptd-server 2021-08-26 04:14:31,725 [INFO] Reply from ptd: 'Error: no measurement to stop'
ptd-server 2021-08-26 04:14:31,725 [INFO] Sending to ptd: 'SR,V,Auto'
ptd-server 2021-08-26 04:14:32,228 [INFO] Reply from ptd: 'Range V changed'
ptd-server 2021-08-26 04:14:32,229 [INFO] Sending to ptd: 'SR,A,Auto'
ptd-server 2021-08-26 04:14:32,732 [INFO] Reply from ptd: 'Range A changed'
ptd-server 2021-08-26 04:14:32,732 [INFO] Set initial values for Amps Auto and Volts Auto
ptd-server 2021-08-26 04:14:32,732 [INFO] Stopping ptd...
