ptd-server 2021-08-30 18:09:04,839 [INFO] Got command from the client 'time'
ptd-server 2021-08-30 18:09:04,839 [INFO] Sending reply to client '1630364944.8397207'
ptd-server 2021-08-30 18:09:04,840 [INFO] Got command from the client 'new,,169d639c-d910-4ad2-8fd6-b23c0dda1c34'
ptd-server 2021-08-30 18:09:04,841 [INFO] Sending reply to client 'OK 2021-08-30_18-09-04,cb17789d-3ac7-4584-a2cb-5dd726c2d6a6'
ptd-server 2021-08-30 18:09:04,951 [INFO] Got command from the client 'time'
ptd-server 2021-08-30 18:09:04,952 [INFO] Sending reply to client '1630364944.9520063'
ptd-server 2021-08-30 18:09:04,952 [INFO] Got command from the client 'session,2021-08-30_18-09-04,start,ranging'
ptd-server 2021-08-30 18:09:04,953 [INFO] Running PTDaemon: ['/local/mnt/workspace/mlcommons/power-main/inference_v1.0/ptd-linux-x86', '-l', '/tmp/tmps4p61isn/ptd_logfile.txt', '-p', '8888', '49', '/dev/usbtmc0']
ptd-server 2021-08-30 18:09:22,076 [INFO] Sending to ptd: 'Hello'
ptd-server 2021-08-30 18:09:22,077 [INFO] Reply from ptd: 'Hello, PTDaemon here!'
ptd-server 2021-08-30 18:09:22,077 [INFO] Sending to ptd: 'Identify'
ptd-server 2021-08-30 18:09:22,078 [INFO] Reply from ptd: 'YokogawaWT310E,1000,1,1,1,1,0,1,1,version=1.9.2-e8c7a49a-20201208,OS=Linux 4.15.0-64-generic #73-Ubuntu SMP Thu Sep 12 13:16:13 UTC 2019 x86_64,mode=power,1,1,1,0,0,no_cal_date,YOKOGAWA;WT310E;C2XF16028V;F1.04'
ptd-server 2021-08-30 18:09:22,078 [INFO] Connected to PTDaemon
ptd-server 2021-08-30 18:09:22,078 [INFO] Sending to ptd: 'RR'
ptd-server 2021-08-30 18:09:22,079 [INFO] Reply from ptd: 'Ranges,1,2.000000,1,150.000000'
ptd-server 2021-08-30 18:09:22,079 [INFO] Initial range for Amps is Auto for Volts is Auto
ptd-server 2021-08-30 18:09:22,079 [INFO] Sending to ptd: 'SR,V,Auto'
ptd-server 2021-08-30 18:09:22,582 [INFO] Reply from ptd: 'Range V changed'
ptd-server 2021-08-30 18:09:22,583 [INFO] Sending to ptd: 'SR,A,Auto'
ptd-server 2021-08-30 18:09:23,086 [INFO] Reply from ptd: 'Range A changed'
ptd-server 2021-08-30 18:09:33,096 [INFO] Starting ranging mode
ptd-server 2021-08-30 18:09:33,096 [INFO] Sending to ptd: 'Go,1000,0,2021-08-30_18-09-04_ranging'
ptd-server 2021-08-30 18:09:33,097 [INFO] Reply from ptd: 'Starting untimed measurement, maximum 500000 samples at 1000ms with 0 rampup samples'
ptd-server 2021-08-30 18:09:33,097 [INFO] Sending reply to client 'OK'
ptd-server 2021-08-30 18:20:44,198 [INFO] Got command from the client 'session,2021-08-30_18-09-04,stop,ranging'
ptd-server 2021-08-30 18:20:54,200 [INFO] Sending to ptd: 'Stop'
ptd-server 2021-08-30 18:20:54,201 [INFO] Reply from ptd: 'Stopping untimed measurement'
ptd-server 2021-08-30 18:20:54,239 [INFO] Sending reply to client 'OK'
ptd-server 2021-08-30 18:20:54,336 [INFO] Got command from the client 'time'
ptd-server 2021-08-30 18:20:54,336 [INFO] Sending reply to client '1630365654.3369431'
ptd-server 2021-08-30 18:20:54,337 [INFO] Got command from the client 'session,2021-08-30_18-09-04,start,testing'
ptd-server 2021-08-30 18:20:54,338 [INFO] Sending to ptd: 'SR,V,120.230000'
ptd-server 2021-08-30 18:20:56,599 [INFO] Reply from ptd: 'Range V changed'
ptd-server 2021-08-30 18:20:56,599 [INFO] Sending to ptd: 'SR,A,6.826000'
ptd-server 2021-08-30 18:20:58,101 [INFO] Reply from ptd: 'Range A changed'
ptd-server 2021-08-30 18:21:08,112 [INFO] Starting testing mode
ptd-server 2021-08-30 18:21:08,112 [INFO] Sending to ptd: 'Go,1000,0,2021-08-30_18-09-04_testing'
ptd-server 2021-08-30 18:21:08,113 [INFO] Reply from ptd: 'Starting untimed measurement, maximum 500000 samples at 1000ms with 0 rampup samples'
ptd-server 2021-08-30 18:21:08,113 [INFO] Sending reply to client 'OK'
ptd-server 2021-08-30 18:32:19,093 [INFO] Got command from the client 'session,2021-08-30_18-09-04,stop,testing'
ptd-server 2021-08-30 18:32:29,098 [INFO] Sending to ptd: 'Stop'
ptd-server 2021-08-30 18:32:29,098 [INFO] Reply from ptd: 'Stopping untimed measurement'
ptd-server 2021-08-30 18:32:29,118 [INFO] Sending reply to client 'OK'
ptd-server 2021-08-30 18:32:29,125 [INFO] Got command from the client 'session,2021-08-30_18-09-04,done'
ptd-server 2021-08-30 18:32:29,125 [INFO] Sending to ptd: 'Stop'
ptd-server 2021-08-30 18:32:29,126 [INFO] Reply from ptd: 'Error: no measurement to stop'
ptd-server 2021-08-30 18:32:29,126 [INFO] Sending to ptd: 'SR,V,Auto'
ptd-server 2021-08-30 18:32:29,629 [INFO] Reply from ptd: 'Range V changed'
ptd-server 2021-08-30 18:32:29,629 [INFO] Sending to ptd: 'SR,A,Auto'
ptd-server 2021-08-30 18:32:30,132 [INFO] Reply from ptd: 'Range A changed'
ptd-server 2021-08-30 18:32:30,132 [INFO] Set initial values for Amps Auto and Volts Auto
ptd-server 2021-08-30 18:32:30,133 [INFO] Stopping ptd...
