client 2021-08-13 10:19:07,538 [INFO] Sending command to the server: 'mlcommons/power client v3'
client 2021-08-13 10:19:07,539 [INFO] Got response: 'mlcommons/power server v3'
client 2021-08-13 10:19:07,539 [INFO] Sending command to the server: 'stop'
client 2021-08-13 10:19:07,542 [INFO] Got response: 'OK'
client 2021-08-13 10:19:07,542 [INFO] Synchronizing with the server and with 100.64.0.18...
client 2021-08-13 10:19:07,545 [INFO] NTP:offset = 0.001 s, delay = 0.001 s 
client 2021-08-13 10:19:07,545 [INFO] Sending command to the server: 'time'
client 2021-08-13 10:19:07,547 [INFO] Got response: '1628849947.465217'
client 2021-08-13 10:19:07,547 [INFO] The time difference between the client and the server is within range 79.851 ms..82.004 ms
client 2021-08-13 10:19:07,547 [INFO] Sending command to the server: 'new,,cb63cb33-7ded-4b2c-a9f1-c6678aeca018'
client 2021-08-13 10:19:07,550 [INFO] Got response: 'OK 2021-08-13_10-19-07,40bc5e24-ca3b-4a5b-a2d8-7ae2b511421d'
client 2021-08-13 10:19:07,550 [INFO] Session id is '2021-08-13_10-19-07'
client 2021-08-13 10:19:07,550 [INFO] Sources: {"sources": {"__init__.py": "da39a3ee5e6b4b0d3255bfef95601890afd80709", "client.py": "33ca4f26368777ac06e01f9567b714a4b8063886", "lib/__init__.py": "da39a3ee5e6b4b0d3255bfef95601890afd80709", "lib/client.py": "4c2b78fb4849a7e5b584ef792d82aaed20b17f57", "lib/common.py": "624d0c0acc7c39aaff3674f0b99d6a09da53d1dc", "lib/external/__init__.py": "da39a3ee5e6b4b0d3255bfef95601890afd80709", "lib/external/ntplib.py": "4da8f970656505a40483206ef2b5d3dd5e81711d", "lib/server.py": "59c9fb92908260d3e9f81a895c7aa009742275e4", "lib/source_hashes.py": "60a2e02193209e8d392803326208d5466342da18", "lib/summary.py": "aa92f0a3f975eecd44d3c0cd0236342ccc9f941d", "lib/time_sync.py": "3210db56eb0ff0df57bf4293dc4d4b03fffd46f1", "server.py": "c3f90f2f7eeb4db30727556d0c815ebc89b3d28b", "tests/unit/__init__.py": "da39a3ee5e6b4b0d3255bfef95601890afd80709", "tests/unit/test_server.py": "99ae15aef722f2000ee6ed1ae1523637bf1ae42b", "tests/unit/test_source_hashes.py": "00468a2907583c593e6574a1f6b404e4651c221a"}, "modules": {"ptd_client_server.lib.client": "lib/client.py", "ptd_client_server.lib.common": "lib/common.py", "ptd_client_server.lib.external.ntplib": "lib/external/ntplib.py", "ptd_client_server.lib.source_hashes": "lib/source_hashes.py", "ptd_client_server.lib.summary": "lib/summary.py", "ptd_client_server.lib.time_sync": "lib/time_sync.py"}}
client 2021-08-13 10:19:07,551 [INFO] Running workload in ranging mode
client 2021-08-13 10:19:07,551 [INFO] Synchronizing with the server and with 100.64.0.18...
client 2021-08-13 10:19:07,552 [INFO] NTP:offset = 0.001 s, delay = 0.001 s 
client 2021-08-13 10:19:07,552 [INFO] Sending command to the server: 'time'
client 2021-08-13 10:19:07,554 [INFO] Got response: '1628849947.465217'
client 2021-08-13 10:19:07,554 [INFO] The time difference between the client and the server is within range 87.132 ms..89.072 ms
client 2021-08-13 10:19:07,554 [INFO] Sending command to the server: 'session,2021-08-13_10-19-07,start,ranging'
client 2021-08-13 10:19:36,616 [INFO] Got response: 'OK'
client 2021-08-13 10:19:36,617 [INFO] Running the workload 'LOG_DIR=/work/build/power_logs_temp python3 code/main.py --benchmarks=dlrm --scenarios=Offline --config_ver=high_accuracy --test_mode=PerformanceOnly --action="run_harness" \\\n\t\t&& if [ ! -d /work/build/power_logs/2021.08.13-10.19.01/ranging_tmp ]; \\\n\t\t\tthen mkdir /work/build/power_logs/2021.08.13-10.19.01/ranging_tmp \\\n\t\t\t\t&& mv /work/build/power_logs_temp/* /work/build/power_logs/2021.08.13-10.19.01/ranging_tmp/ \\\n\t\t\t\t&& cp -v /work/build/power_logs/2021.08.13-10.19.01/ranging_tmp/*/*/*/mlperf_log_detail.txt /work/build/power_logs_temp/ \\\n\t\t\t\t&& cp -v /work/build/power_logs/2021.08.13-10.19.01/ranging_tmp/*/*/*/mlperf_log_summary.txt /work/build/power_logs_temp/; \\\n\t\t\telse mkdir /work/build/power_logs/2021.08.13-10.19.01/testing_tmp \\\n\t\t\t\t&& mv /work/build/power_logs_temp/* /work/build/power_logs/2021.08.13-10.19.01/testing_tmp/ \\\n\t\t\t\t&& cp -v /work/build/power_logs/2021.08.13-10.19.01/testing_tmp/*/*/*/mlperf_log_detail.txt /work/build/power_logs_temp/ \\\n\t\t\t\t&& cp -v /work/build/power_logs/2021.08.13-10.19.01/testing_tmp/*/*/*/mlperf_log_summary.txt /work/build/power_logs_temp/; fi'
client 2021-08-13 10:33:09,714 [INFO] Sending command to the server: 'session,2021-08-13_10-19-07,stop,ranging'
client 2021-08-13 10:33:19,748 [INFO] Got response: 'OK'
client 2021-08-13 10:33:19,754 [INFO] Copying loadgen logs from '/work/build/power_logs_temp' to '/work/build/power_logs/2021.08.13-10.19.01/2021-08-13_10-19-07/ranging'
client 2021-08-13 10:33:19,755 [INFO] Running workload in testing mode
client 2021-08-13 10:33:19,755 [INFO] Synchronizing with the server and with 100.64.0.18...
client 2021-08-13 10:33:19,756 [INFO] NTP:offset = 0.002 s, delay = 0.001 s 
client 2021-08-13 10:33:19,756 [INFO] Sending command to the server: 'time'
client 2021-08-13 10:33:19,759 [INFO] Got response: '1628850799.6727505'
client 2021-08-13 10:33:19,759 [INFO] The time difference between the client and the server is within range 84.212 ms..86.287 ms
client 2021-08-13 10:33:19,759 [INFO] Sending command to the server: 'session,2021-08-13_10-19-07,start,testing'
client 2021-08-13 10:33:32,591 [INFO] Got response: 'OK'
client 2021-08-13 10:33:32,591 [INFO] Running the workload 'LOG_DIR=/work/build/power_logs_temp python3 code/main.py --benchmarks=dlrm --scenarios=Offline --config_ver=high_accuracy --test_mode=PerformanceOnly --action="run_harness" \\\n\t\t&& if [ ! -d /work/build/power_logs/2021.08.13-10.19.01/ranging_tmp ]; \\\n\t\t\tthen mkdir /work/build/power_logs/2021.08.13-10.19.01/ranging_tmp \\\n\t\t\t\t&& mv /work/build/power_logs_temp/* /work/build/power_logs/2021.08.13-10.19.01/ranging_tmp/ \\\n\t\t\t\t&& cp -v /work/build/power_logs/2021.08.13-10.19.01/ranging_tmp/*/*/*/mlperf_log_detail.txt /work/build/power_logs_temp/ \\\n\t\t\t\t&& cp -v /work/build/power_logs/2021.08.13-10.19.01/ranging_tmp/*/*/*/mlperf_log_summary.txt /work/build/power_logs_temp/; \\\n\t\t\telse mkdir /work/build/power_logs/2021.08.13-10.19.01/testing_tmp \\\n\t\t\t\t&& mv /work/build/power_logs_temp/* /work/build/power_logs/2021.08.13-10.19.01/testing_tmp/ \\\n\t\t\t\t&& cp -v /work/build/power_logs/2021.08.13-10.19.01/testing_tmp/*/*/*/mlperf_log_detail.txt /work/build/power_logs_temp/ \\\n\t\t\t\t&& cp -v /work/build/power_logs/2021.08.13-10.19.01/testing_tmp/*/*/*/mlperf_log_summary.txt /work/build/power_logs_temp/; fi'
client 2021-08-13 10:47:03,691 [INFO] Sending command to the server: 'session,2021-08-13_10-19-07,stop,testing'
client 2021-08-13 10:47:13,727 [INFO] Got response: 'OK'
client 2021-08-13 10:47:13,732 [INFO] Copying loadgen logs from '/work/build/power_logs_temp' to '/work/build/power_logs/2021.08.13-10.19.01/2021-08-13_10-19-07/run_1'
client 2021-08-13 10:47:13,732 [INFO] Done runs
