ptd-server 2021-08-07 20:44:04,975 [INFO] Got command from the client 'time'
ptd-server 2021-08-07 20:44:04,975 [INFO] Sending reply to client '1628365444.975253'
ptd-server 2021-08-07 20:44:04,977 [INFO] Got command from the client 'new,,8da24cb7-84ce-465c-9e91-5b05ad8dd355'
ptd-server 2021-08-07 20:44:04,978 [INFO] Sending reply to client 'OK 2021-08-07_20-44-04,c62a63c6-09c9-4683-b33d-17cfb5a359f8'
ptd-server 2021-08-07 20:44:05,024 [INFO] Got command from the client 'time'
ptd-server 2021-08-07 20:44:05,024 [INFO] Sending reply to client '1628365445.024932'
ptd-server 2021-08-07 20:44:05,027 [INFO] Got command from the client 'session,2021-08-07_20-44-04,start,ranging'
ptd-server 2021-08-07 20:44:05,027 [INFO] Running PTDaemon: ['/home/anton/projects/mlperf/power/inference_v1.0/ptd-linux-x86', '-l', '/tmp/tmpr3iqmcco/ptd_logfile.txt', '-p', '8888', '49', '/dev/usbtmc0']
ptd-server 2021-08-07 20:44:22,201 [INFO] Sending to ptd: 'Hello'
ptd-server 2021-08-07 20:44:22,201 [INFO] Reply from ptd: 'Hello, PTDaemon here!'
ptd-server 2021-08-07 20:44:22,202 [INFO] Sending to ptd: 'Identify'
ptd-server 2021-08-07 20:44:22,202 [INFO] Reply from ptd: 'YokogawaWT310E,1000,1,1,1,1,0,1,1,version=1.9.2-e8c7a49a-20201208,OS=Linux 5.8.0-63-generic #71~20.04.1-Ubuntu SMP Thu Jul 15 17:46:08 UTC 2021 x86_64,mode=power,1,1,1,0,0,no_cal_date,YOKOGAWA;WT310E;C3XA04010E;F1.04'
ptd-server 2021-08-07 20:44:22,202 [INFO] Connected to PTDaemon
ptd-server 2021-08-07 20:44:22,202 [INFO] Sending to ptd: 'RR'
ptd-server 2021-08-07 20:44:22,203 [INFO] Reply from ptd: 'Ranges,0,0.500000,0,300.000000'
ptd-server 2021-08-07 20:44:22,203 [INFO] Initial range for Amps is 0.500000 for Volts is 300.000000
ptd-server 2021-08-07 20:44:22,203 [INFO] Sending to ptd: 'SR,V,Auto'
ptd-server 2021-08-07 20:44:22,705 [INFO] Reply from ptd: 'Range V changed'
ptd-server 2021-08-07 20:44:22,705 [INFO] Sending to ptd: 'SR,A,Auto'
ptd-server 2021-08-07 20:44:23,208 [INFO] Reply from ptd: 'Range A changed'
ptd-server 2021-08-07 20:44:33,218 [INFO] Starting ranging mode
ptd-server 2021-08-07 20:44:33,218 [INFO] Sending to ptd: 'Go,1000,0,2021-08-07_20-44-04_ranging'
ptd-server 2021-08-07 20:44:33,219 [INFO] Reply from ptd: 'Starting untimed measurement, maximum 500000 samples at 1000ms with 0 rampup samples'
ptd-server 2021-08-07 20:44:33,219 [INFO] Sending reply to client 'OK'
ptd-server 2021-08-07 20:54:52,881 [INFO] Got command from the client 'session,2021-08-07_20-44-04,stop,ranging'
ptd-server 2021-08-07 20:55:02,892 [INFO] Sending to ptd: 'Stop'
ptd-server 2021-08-07 20:55:02,892 [INFO] Reply from ptd: 'Stopping untimed measurement'
ptd-server 2021-08-07 20:55:02,958 [INFO] Sending reply to client 'OK'
ptd-server 2021-08-07 20:55:03,013 [INFO] Got command from the client 'time'
ptd-server 2021-08-07 20:55:03,013 [INFO] Sending reply to client '1628366103.0134294'
ptd-server 2021-08-07 20:55:03,015 [INFO] Got command from the client 'session,2021-08-07_20-44-04,start,testing'
ptd-server 2021-08-07 20:55:03,016 [INFO] Sending to ptd: 'SR,V,247.970000'
ptd-server 2021-08-07 20:55:04,720 [INFO] Reply from ptd: 'Range V changed'
ptd-server 2021-08-07 20:55:04,720 [INFO] Sending to ptd: 'SR,A,0.221700'
ptd-server 2021-08-07 20:55:06,222 [INFO] Reply from ptd: 'Range A changed'
ptd-server 2021-08-07 20:55:16,232 [INFO] Starting testing mode
ptd-server 2021-08-07 20:55:16,232 [INFO] Sending to ptd: 'Go,1000,0,2021-08-07_20-44-04_testing'
ptd-server 2021-08-07 20:55:16,233 [INFO] Reply from ptd: 'Starting untimed measurement, maximum 500000 samples at 1000ms with 0 rampup samples'
ptd-server 2021-08-07 20:55:16,233 [INFO] Sending reply to client 'OK'
ptd-server 2021-08-07 21:05:35,801 [INFO] Got command from the client 'session,2021-08-07_20-44-04,stop,testing'
ptd-server 2021-08-07 21:05:45,812 [INFO] Sending to ptd: 'Stop'
ptd-server 2021-08-07 21:05:45,812 [INFO] Reply from ptd: 'Stopping untimed measurement'
ptd-server 2021-08-07 21:05:45,849 [INFO] Sending reply to client 'OK'
ptd-server 2021-08-07 21:05:45,867 [INFO] Got command from the client 'session,2021-08-07_20-44-04,done'
ptd-server 2021-08-07 21:05:45,868 [INFO] Sending to ptd: 'Stop'
ptd-server 2021-08-07 21:05:46,233 [INFO] Reply from ptd: 'Error: no measurement to stop'
ptd-server 2021-08-07 21:05:46,233 [INFO] Sending to ptd: 'SR,V,300.000000'
ptd-server 2021-08-07 21:05:47,735 [INFO] Reply from ptd: 'Range V changed'
ptd-server 2021-08-07 21:05:47,735 [INFO] Sending to ptd: 'SR,A,0.500000'
ptd-server 2021-08-07 21:05:49,236 [INFO] Reply from ptd: 'Range A changed'
ptd-server 2021-08-07 21:05:49,237 [INFO] Set initial values for Amps 0.500000 and Volts 300.000000
ptd-server 2021-08-07 21:05:49,237 [INFO] Stopping ptd...
