ptd-server 2021-08-07 13:32:32,011 [INFO] Got command from the client 'time'
ptd-server 2021-08-07 13:32:32,011 [INFO] Sending reply to client '1628339552.011255'
ptd-server 2021-08-07 13:32:32,012 [INFO] Got command from the client 'new,,3fbd2912-a6b2-450b-a747-ccbf416ec582'
ptd-server 2021-08-07 13:32:32,013 [INFO] Sending reply to client 'OK 2021-08-07_13-32-32,d757f7a6-0eed-46a7-88ce-91e88c15a9eb'
ptd-server 2021-08-07 13:32:32,051 [INFO] Got command from the client 'time'
ptd-server 2021-08-07 13:32:32,051 [INFO] Sending reply to client '1628339552.0512614'
ptd-server 2021-08-07 13:32:32,052 [INFO] Got command from the client 'session,2021-08-07_13-32-32,start,ranging'
ptd-server 2021-08-07 13:32:32,053 [INFO] Running PTDaemon: ['/home/anton/projects/mlperf/power/inference_v1.0/ptd-linux-x86', '-l', '/tmp/tmpr3iqmcco/ptd_logfile.txt', '-p', '8888', '49', '/dev/usbtmc0']
ptd-server 2021-08-07 13:32:49,226 [INFO] Sending to ptd: 'Hello'
ptd-server 2021-08-07 13:32:49,226 [INFO] Reply from ptd: 'Hello, PTDaemon here!'
ptd-server 2021-08-07 13:32:49,226 [INFO] Sending to ptd: 'Identify'
ptd-server 2021-08-07 13:32:49,227 [INFO] Reply from ptd: 'YokogawaWT310E,1000,1,1,1,1,0,1,1,version=1.9.2-e8c7a49a-20201208,OS=Linux 5.8.0-63-generic #71~20.04.1-Ubuntu SMP Thu Jul 15 17:46:08 UTC 2021 x86_64,mode=power,1,1,1,0,0,no_cal_date,YOKOGAWA;WT310E;C3XA04010E;F1.04'
ptd-server 2021-08-07 13:32:49,227 [INFO] Connected to PTDaemon
ptd-server 2021-08-07 13:32:49,227 [INFO] Sending to ptd: 'RR'
ptd-server 2021-08-07 13:32:49,227 [INFO] Reply from ptd: 'Ranges,0,0.500000,0,300.000000'
ptd-server 2021-08-07 13:32:49,228 [INFO] Initial range for Amps is 0.500000 for Volts is 300.000000
ptd-server 2021-08-07 13:32:49,228 [INFO] Sending to ptd: 'SR,V,Auto'
ptd-server 2021-08-07 13:32:49,730 [INFO] Reply from ptd: 'Range V changed'
ptd-server 2021-08-07 13:32:49,730 [INFO] Sending to ptd: 'SR,A,Auto'
ptd-server 2021-08-07 13:32:50,233 [INFO] Reply from ptd: 'Range A changed'
ptd-server 2021-08-07 13:33:00,243 [INFO] Starting ranging mode
ptd-server 2021-08-07 13:33:00,243 [INFO] Sending to ptd: 'Go,1000,0,2021-08-07_13-32-32_ranging'
ptd-server 2021-08-07 13:33:00,244 [INFO] Reply from ptd: 'Starting untimed measurement, maximum 500000 samples at 1000ms with 0 rampup samples'
ptd-server 2021-08-07 13:33:00,244 [INFO] Sending reply to client 'OK'
ptd-server 2021-08-07 13:43:19,833 [INFO] Got command from the client 'session,2021-08-07_13-32-32,stop,ranging'
ptd-server 2021-08-07 13:43:29,844 [INFO] Sending to ptd: 'Stop'
ptd-server 2021-08-07 13:43:29,844 [INFO] Reply from ptd: 'Stopping untimed measurement'
ptd-server 2021-08-07 13:43:29,862 [INFO] Sending reply to client 'OK'
ptd-server 2021-08-07 13:43:29,920 [INFO] Got command from the client 'time'
ptd-server 2021-08-07 13:43:29,921 [INFO] Sending reply to client '1628340209.9210699'
ptd-server 2021-08-07 13:43:29,923 [INFO] Got command from the client 'session,2021-08-07_13-32-32,start,testing'
ptd-server 2021-08-07 13:43:29,923 [INFO] Sending to ptd: 'SR,V,250.570000'
ptd-server 2021-08-07 13:43:31,746 [INFO] Reply from ptd: 'Range V changed'
ptd-server 2021-08-07 13:43:31,746 [INFO] Sending to ptd: 'SR,A,0.220910'
ptd-server 2021-08-07 13:43:33,247 [INFO] Reply from ptd: 'Range A changed'
ptd-server 2021-08-07 13:43:43,258 [INFO] Starting testing mode
ptd-server 2021-08-07 13:43:43,258 [INFO] Sending to ptd: 'Go,1000,0,2021-08-07_13-32-32_testing'
ptd-server 2021-08-07 13:43:43,258 [INFO] Reply from ptd: 'Starting untimed measurement, maximum 500000 samples at 1000ms with 0 rampup samples'
ptd-server 2021-08-07 13:43:43,258 [INFO] Sending reply to client 'OK'
ptd-server 2021-08-07 13:54:03,011 [INFO] Got command from the client 'session,2021-08-07_13-32-32,stop,testing'
ptd-server 2021-08-07 13:54:13,021 [INFO] Sending to ptd: 'Stop'
ptd-server 2021-08-07 13:54:13,022 [INFO] Reply from ptd: 'Stopping untimed measurement'
ptd-server 2021-08-07 13:54:13,030 [INFO] Sending reply to client 'OK'
ptd-server 2021-08-07 13:54:13,048 [INFO] Got command from the client 'session,2021-08-07_13-32-32,done'
ptd-server 2021-08-07 13:54:13,049 [INFO] Sending to ptd: 'Stop'
ptd-server 2021-08-07 13:54:13,258 [INFO] Reply from ptd: 'Error: no measurement to stop'
ptd-server 2021-08-07 13:54:13,258 [INFO] Sending to ptd: 'SR,V,300.000000'
ptd-server 2021-08-07 13:54:14,760 [INFO] Reply from ptd: 'Range V changed'
ptd-server 2021-08-07 13:54:14,760 [INFO] Sending to ptd: 'SR,A,0.500000'
ptd-server 2021-08-07 13:54:16,261 [INFO] Reply from ptd: 'Range A changed'
ptd-server 2021-08-07 13:54:16,261 [INFO] Set initial values for Amps 0.500000 and Volts 300.000000
ptd-server 2021-08-07 13:54:16,262 [INFO] Stopping ptd...
