client 2021-08-13 14:37:09,965 [INFO] Sending command to the server: 'mlcommons/power client v3'
client 2021-08-13 14:37:09,966 [INFO] Got response: 'mlcommons/power server v3'
client 2021-08-13 14:37:09,966 [INFO] Sending command to the server: 'stop'
client 2021-08-13 14:37:09,967 [INFO] Got response: 'OK'
client 2021-08-13 14:37:09,967 [INFO] Synchronizing with the server and with ntp.aliyun.com...
client 2021-08-13 14:37:10,131 [INFO] NTP:offset = 0.009 s, delay = 0.053 s 
client 2021-08-13 14:37:10,131 [INFO] Sending command to the server: 'time'
client 2021-08-13 14:37:10,132 [INFO] Got response: '1628865430.1043391'
client 2021-08-13 14:37:10,132 [INFO] The time difference between the client and the server is within range 26.875 ms..28.400 ms
client 2021-08-13 14:37:10,132 [INFO] Sending command to the server: 'new,,0b11358b-092f-4f59-9ac6-3c289694648b'
client 2021-08-13 14:37:10,135 [INFO] Got response: 'OK 2021-08-13_14-37-10,0de83fd5-d599-4e13-8ebe-f4f3cddad946'
client 2021-08-13 14:37:10,135 [INFO] Session id is '2021-08-13_14-37-10'
client 2021-08-13 14:37:10,135 [INFO] Sources: {"sources": {"__init__.py": "da39a3ee5e6b4b0d3255bfef95601890afd80709", "client.py": "33ca4f26368777ac06e01f9567b714a4b8063886", "lib/__init__.py": "da39a3ee5e6b4b0d3255bfef95601890afd80709", "lib/client.py": "4c2b78fb4849a7e5b584ef792d82aaed20b17f57", "lib/common.py": "624d0c0acc7c39aaff3674f0b99d6a09da53d1dc", "lib/external/__init__.py": "da39a3ee5e6b4b0d3255bfef95601890afd80709", "lib/external/ntplib.py": "4da8f970656505a40483206ef2b5d3dd5e81711d", "lib/server.py": "24ae49fb193809cf47f2c18b1c9c7c866244be4d", "lib/source_hashes.py": "60a2e02193209e8d392803326208d5466342da18", "lib/summary.py": "aa92f0a3f975eecd44d3c0cd0236342ccc9f941d", "lib/time_sync.py": "3210db56eb0ff0df57bf4293dc4d4b03fffd46f1", "server.py": "c3f90f2f7eeb4db30727556d0c815ebc89b3d28b", "tests/unit/__init__.py": "da39a3ee5e6b4b0d3255bfef95601890afd80709", "tests/unit/test_server.py": "99ae15aef722f2000ee6ed1ae1523637bf1ae42b", "tests/unit/test_source_hashes.py": "00468a2907583c593e6574a1f6b404e4651c221a"}, "modules": {"ptd_client_server.lib.client": "lib/client.py", "ptd_client_server.lib.common": "lib/common.py", "ptd_client_server.lib.external.ntplib": "lib/external/ntplib.py", "ptd_client_server.lib.source_hashes": "lib/source_hashes.py", "ptd_client_server.lib.summary": "lib/summary.py", "ptd_client_server.lib.time_sync": "lib/time_sync.py"}}
client 2021-08-13 14:37:10,135 [INFO] Running workload in ranging mode
client 2021-08-13 14:37:10,135 [INFO] Synchronizing with the server and with ntp.aliyun.com...
client 2021-08-13 14:37:10,310 [INFO] NTP:offset = 0.006 s, delay = 0.051 s 
client 2021-08-13 14:37:10,310 [INFO] Sending command to the server: 'time'
client 2021-08-13 14:37:10,312 [INFO] Got response: '1628865430.284068'
client 2021-08-13 14:37:10,312 [INFO] The time difference between the client and the server is within range 26.734 ms..28.293 ms
client 2021-08-13 14:37:10,312 [INFO] Sending command to the server: 'session,2021-08-13_14-37-10,start,ranging'
client 2021-08-13 14:37:41,727 [INFO] Got response: 'OK'
client 2021-08-13 14:37:41,727 [INFO] Running the workload 'LOG_DIR=/work/build/power_logs_temp python3 code/main.py --benchmarks=rnnt --scenarios=Offline --test_mode=PerformanceOnly --config_ver=maxq --action="run_harness" \\\n\t\t&& if [ ! -d /work/build/power_logs/2021.08.13-14.36.45/ranging_tmp ]; \\\n\t\t\tthen mkdir /work/build/power_logs/2021.08.13-14.36.45/ranging_tmp \\\n\t\t\t\t&& mv /work/build/power_logs_temp/* /work/build/power_logs/2021.08.13-14.36.45/ranging_tmp/ \\\n\t\t\t\t&& cp -v /work/build/power_logs/2021.08.13-14.36.45/ranging_tmp/*/*/*/mlperf_log_detail.txt /work/build/power_logs_temp/ \\\n\t\t\t\t&& cp -v /work/build/power_logs/2021.08.13-14.36.45/ranging_tmp/*/*/*/mlperf_log_summary.txt /work/build/power_logs_temp/; \\\n\t\t\telse mkdir /work/build/power_logs/2021.08.13-14.36.45/testing_tmp \\\n\t\t\t\t&& mv /work/build/power_logs_temp/* /work/build/power_logs/2021.08.13-14.36.45/testing_tmp/ \\\n\t\t\t\t&& cp -v /work/build/power_logs/2021.08.13-14.36.45/testing_tmp/*/*/*/mlperf_log_detail.txt /work/build/power_logs_temp/ \\\n\t\t\t\t&& cp -v /work/build/power_logs/2021.08.13-14.36.45/testing_tmp/*/*/*/mlperf_log_summary.txt /work/build/power_logs_temp/; fi'
client 2021-08-13 14:50:03,468 [INFO] Sending command to the server: 'session,2021-08-13_14-37-10,stop,ranging'
client 2021-08-13 14:50:13,499 [INFO] Got response: 'OK'
client 2021-08-13 14:50:13,508 [INFO] Copying loadgen logs from '/work/build/power_logs_temp' to '/work/build/power_logs/2021.08.13-14.36.45/2021-08-13_14-37-10/ranging'
client 2021-08-13 14:50:13,509 [INFO] Running workload in testing mode
client 2021-08-13 14:50:13,509 [INFO] Synchronizing with the server and with ntp.aliyun.com...
client 2021-08-13 14:50:18,586 [INFO] NTP:offset = -0.004 s, delay = 0.047 s 
client 2021-08-13 14:50:18,586 [INFO] Sending command to the server: 'time'
client 2021-08-13 14:50:18,593 [INFO] Got response: '1628866218.5555892'
client 2021-08-13 14:50:18,593 [INFO] The time difference between the client and the server is within range 31.368 ms..38.158 ms
client 2021-08-13 14:50:18,593 [INFO] Sending command to the server: 'session,2021-08-13_14-37-10,start,testing'
client 2021-08-13 14:50:31,766 [INFO] Got response: 'OK'
client 2021-08-13 14:50:31,766 [INFO] Running the workload 'LOG_DIR=/work/build/power_logs_temp python3 code/main.py --benchmarks=rnnt --scenarios=Offline --test_mode=PerformanceOnly --config_ver=maxq --action="run_harness" \\\n\t\t&& if [ ! -d /work/build/power_logs/2021.08.13-14.36.45/ranging_tmp ]; \\\n\t\t\tthen mkdir /work/build/power_logs/2021.08.13-14.36.45/ranging_tmp \\\n\t\t\t\t&& mv /work/build/power_logs_temp/* /work/build/power_logs/2021.08.13-14.36.45/ranging_tmp/ \\\n\t\t\t\t&& cp -v /work/build/power_logs/2021.08.13-14.36.45/ranging_tmp/*/*/*/mlperf_log_detail.txt /work/build/power_logs_temp/ \\\n\t\t\t\t&& cp -v /work/build/power_logs/2021.08.13-14.36.45/ranging_tmp/*/*/*/mlperf_log_summary.txt /work/build/power_logs_temp/; \\\n\t\t\telse mkdir /work/build/power_logs/2021.08.13-14.36.45/testing_tmp \\\n\t\t\t\t&& mv /work/build/power_logs_temp/* /work/build/power_logs/2021.08.13-14.36.45/testing_tmp/ \\\n\t\t\t\t&& cp -v /work/build/power_logs/2021.08.13-14.36.45/testing_tmp/*/*/*/mlperf_log_detail.txt /work/build/power_logs_temp/ \\\n\t\t\t\t&& cp -v /work/build/power_logs/2021.08.13-14.36.45/testing_tmp/*/*/*/mlperf_log_summary.txt /work/build/power_logs_temp/; fi'
client 2021-08-13 15:02:54,706 [INFO] Sending command to the server: 'session,2021-08-13_14-37-10,stop,testing'
client 2021-08-13 15:03:04,730 [INFO] Got response: 'OK'
client 2021-08-13 15:03:04,732 [INFO] Copying loadgen logs from '/work/build/power_logs_temp' to '/work/build/power_logs/2021.08.13-14.36.45/2021-08-13_14-37-10/run_1'
client 2021-08-13 15:03:04,733 [INFO] Done runs
