ptd-server 2021-08-13 14:37:09,939 [INFO] Got command from the client 'stop'
ptd-server 2021-08-13 14:37:09,939 [INFO] The server will be stopped after processing this client
ptd-server 2021-08-13 14:37:09,939 [INFO] Sending reply to client 'OK'
ptd-server 2021-08-13 14:37:10,104 [INFO] Got command from the client 'time'
ptd-server 2021-08-13 14:37:10,104 [INFO] Sending reply to client '1628865430.1043391'
ptd-server 2021-08-13 14:37:10,106 [INFO] Got command from the client 'new,,0b11358b-092f-4f59-9ac6-3c289694648b'
ptd-server 2021-08-13 14:37:10,107 [INFO] Sending reply to client 'OK 2021-08-13_14-37-10,0de83fd5-d599-4e13-8ebe-f4f3cddad946'
ptd-server 2021-08-13 14:37:10,284 [INFO] Got command from the client 'time'
ptd-server 2021-08-13 14:37:10,284 [INFO] Sending reply to client '1628865430.284068'
ptd-server 2021-08-13 14:37:10,285 [INFO] Got command from the client 'session,2021-08-13_14-37-10,start,ranging'
ptd-server 2021-08-13 14:37:10,400 [INFO] Running PTDaemon: ['C:\\PTD\\ptd-windows-x86.exe', '-l', 'C:\\Users\\mlperf\\AppData\\Local\\Temp\\tmp1pbwqdt2\\ptd_logfile.txt', '-p', '8888', '49', 'COM4']
ptd-server 2021-08-13 14:37:29,504 [INFO] Sending to ptd: 'Hello'
ptd-server 2021-08-13 14:37:29,509 [INFO] Reply from ptd: 'Hello, PTDaemon here!'
ptd-server 2021-08-13 14:37:29,510 [INFO] Sending to ptd: 'Identify'
ptd-server 2021-08-13 14:37:29,511 [INFO] Reply from ptd: 'YokogawaWT310E,1000,1,1,1,1,0,1,1,version=1.9.2-3976349f-20201208,OS=Windows 8 / Server 2012,mode=power,1,1,1,0,0,no_cal_date,YOKOGAWA;WT310E;C3TA11005E;F1.02'
ptd-server 2021-08-13 14:37:29,511 [INFO] Connected to PTDaemon
ptd-server 2021-08-13 14:37:29,512 [INFO] Sending to ptd: 'RR'
ptd-server 2021-08-13 14:37:29,512 [INFO] Reply from ptd: 'Ranges,0,2.000000,0,300.000000'
ptd-server 2021-08-13 14:37:29,513 [INFO] Initial range for Amps is 2.000000 for Volts is 300.000000
ptd-server 2021-08-13 14:37:29,513 [INFO] Sending to ptd: 'SR,V,Auto'
ptd-server 2021-08-13 14:37:30,081 [INFO] Reply from ptd: 'Range V changed'
ptd-server 2021-08-13 14:37:30,087 [INFO] Sending to ptd: 'SR,A,20'
ptd-server 2021-08-13 14:37:31,683 [INFO] Reply from ptd: 'Range A changed'
ptd-server 2021-08-13 14:37:41,692 [INFO] Starting ranging mode
ptd-server 2021-08-13 14:37:41,697 [INFO] Sending to ptd: 'Go,1000,0,2021-08-13_14-37-10_ranging'
ptd-server 2021-08-13 14:37:41,698 [INFO] Reply from ptd: 'Starting untimed measurement, maximum 500000 samples at 1000ms with 0 rampup samples'
ptd-server 2021-08-13 14:37:41,698 [INFO] Sending reply to client 'OK'
ptd-server 2021-08-13 14:50:03,432 [INFO] Got command from the client 'session,2021-08-13_14-37-10,stop,ranging'
ptd-server 2021-08-13 14:50:13,441 [INFO] Sending to ptd: 'Stop'
ptd-server 2021-08-13 14:50:13,446 [INFO] Reply from ptd: 'Stopping untimed measurement'
ptd-server 2021-08-13 14:50:13,460 [INFO] Sending reply to client 'OK'
ptd-server 2021-08-13 14:50:18,550 [INFO] Got command from the client 'time'
ptd-server 2021-08-13 14:50:18,555 [INFO] Sending reply to client '1628866218.5555892'
ptd-server 2021-08-13 14:50:18,556 [INFO] Got command from the client 'session,2021-08-13_14-37-10,start,testing'
ptd-server 2021-08-13 14:50:18,557 [INFO] Sending to ptd: 'SR,V,223.600000'
ptd-server 2021-08-13 14:50:20,128 [INFO] Reply from ptd: 'Range V changed'
ptd-server 2021-08-13 14:50:20,134 [INFO] Sending to ptd: 'SR,A,3.339000'
ptd-server 2021-08-13 14:50:21,717 [INFO] Reply from ptd: 'Range A changed'
ptd-server 2021-08-13 14:50:31,720 [INFO] Starting testing mode
ptd-server 2021-08-13 14:50:31,726 [INFO] Sending to ptd: 'Go,1000,0,2021-08-13_14-37-10_testing'
ptd-server 2021-08-13 14:50:31,727 [INFO] Reply from ptd: 'Starting untimed measurement, maximum 500000 samples at 1000ms with 0 rampup samples'
ptd-server 2021-08-13 14:50:31,728 [INFO] Sending reply to client 'OK'
ptd-server 2021-08-13 15:02:54,679 [INFO] Got command from the client 'session,2021-08-13_14-37-10,stop,testing'
ptd-server 2021-08-13 15:03:04,687 [INFO] Sending to ptd: 'Stop'
ptd-server 2021-08-13 15:03:04,693 [INFO] Reply from ptd: 'Stopping untimed measurement'
ptd-server 2021-08-13 15:03:04,703 [INFO] Sending reply to client 'OK'
ptd-server 2021-08-13 15:03:04,710 [INFO] Got command from the client 'session,2021-08-13_14-37-10,done'
ptd-server 2021-08-13 15:03:04,710 [INFO] Sending to ptd: 'Stop'
ptd-server 2021-08-13 15:03:04,735 [INFO] Reply from ptd: 'Error: no measurement to stop'
ptd-server 2021-08-13 15:03:04,735 [INFO] Sending to ptd: 'SR,V,300.000000'
ptd-server 2021-08-13 15:03:06,305 [INFO] Reply from ptd: 'Range V changed'
ptd-server 2021-08-13 15:03:06,311 [INFO] Sending to ptd: 'SR,A,2.000000'
ptd-server 2021-08-13 15:03:07,908 [INFO] Reply from ptd: 'Range A changed'
ptd-server 2021-08-13 15:03:07,909 [INFO] Set initial values for Amps 2.000000 and Volts 300.000000
ptd-server 2021-08-13 15:03:07,910 [INFO] Stopping ptd...
