client 2021-08-17 07:02:23,601 [INFO] Sending command to the server: 'mlcommons/power client v3'
client 2021-08-17 07:02:23,602 [INFO] Got response: 'mlcommons/power server v3'
client 2021-08-17 07:02:23,602 [INFO] Sending command to the server: 'stop'
client 2021-08-17 07:02:23,603 [INFO] Got response: 'OK'
client 2021-08-17 07:02:23,603 [INFO] Synchronizing with the server and with 192.168.123.123...
client 2021-08-17 07:02:23,605 [INFO] NTP:offset = -0.000 s, delay = 0.000 s 
client 2021-08-17 07:02:23,605 [INFO] Sending command to the server: 'time'
client 2021-08-17 07:02:23,606 [INFO] Got response: '1629183743.5872517'
client 2021-08-17 07:02:23,606 [INFO] The time difference between the client and the server is within range 18.413 ms..19.346 ms
client 2021-08-17 07:02:23,606 [INFO] Sending command to the server: 'new,,5429b1b2-5142-43eb-8ef2-2502c8eaf267'
client 2021-08-17 07:02:23,607 [INFO] Got response: 'OK 2021-08-17_07-02-23,1153c6c0-f66f-42ea-a4c6-e52aea8bfaf8'
client 2021-08-17 07:02:23,607 [INFO] Session id is '2021-08-17_07-02-23'
client 2021-08-17 07:02:23,607 [INFO] Sources: {"sources": {"__init__.py": "da39a3ee5e6b4b0d3255bfef95601890afd80709", "client.py": "33ca4f26368777ac06e01f9567b714a4b8063886", "lib/__init__.py": "da39a3ee5e6b4b0d3255bfef95601890afd80709", "lib/client.py": "4c2b78fb4849a7e5b584ef792d82aaed20b17f57", "lib/common.py": "624d0c0acc7c39aaff3674f0b99d6a09da53d1dc", "lib/external/__init__.py": "da39a3ee5e6b4b0d3255bfef95601890afd80709", "lib/external/ntplib.py": "4da8f970656505a40483206ef2b5d3dd5e81711d", "lib/server.py": "59c9fb92908260d3e9f81a895c7aa009742275e4", "lib/source_hashes.py": "60a2e02193209e8d392803326208d5466342da18", "lib/summary.py": "aa92f0a3f975eecd44d3c0cd0236342ccc9f941d", "lib/time_sync.py": "3210db56eb0ff0df57bf4293dc4d4b03fffd46f1", "server.py": "c3f90f2f7eeb4db30727556d0c815ebc89b3d28b", "tests/unit/__init__.py": "da39a3ee5e6b4b0d3255bfef95601890afd80709", "tests/unit/test_server.py": "99ae15aef722f2000ee6ed1ae1523637bf1ae42b", "tests/unit/test_source_hashes.py": "00468a2907583c593e6574a1f6b404e4651c221a"}, "modules": {"ptd_client_server.lib.client": "lib/client.py", "ptd_client_server.lib.common": "lib/common.py", "ptd_client_server.lib.external.ntplib": "lib/external/ntplib.py", "ptd_client_server.lib.source_hashes": "lib/source_hashes.py", "ptd_client_server.lib.summary": "lib/summary.py", "ptd_client_server.lib.time_sync": "lib/time_sync.py"}}
client 2021-08-17 07:02:23,610 [INFO] Running workload in ranging mode
client 2021-08-17 07:02:23,610 [INFO] Synchronizing with the server and with 192.168.123.123...
client 2021-08-17 07:02:23,611 [INFO] NTP:offset = -0.000 s, delay = 0.000 s 
client 2021-08-17 07:02:23,611 [INFO] Sending command to the server: 'time'
client 2021-08-17 07:02:23,612 [INFO] Got response: '1629183743.5872517'
client 2021-08-17 07:02:23,612 [INFO] The time difference between the client and the server is within range 24.092 ms..24.902 ms
client 2021-08-17 07:02:23,612 [INFO] Sending command to the server: 'session,2021-08-17_07-02-23,start,ranging'
client 2021-08-17 07:03:02,529 [INFO] Got response: 'OK'
client 2021-08-17 07:03:02,529 [INFO] Running the workload 'LOG_DIR=/work/build/power_logs_temp python3 code/main.py --benchmarks=bert --scenarios=Server --config_ver=maxq_high_accuracy --action="run_harness" \\\n\t\t&& if [ ! -d /work/build/power_logs/2021.08.17-07.02.16/ranging_tmp ]; \\\n\t\t\tthen mkdir /work/build/power_logs/2021.08.17-07.02.16/ranging_tmp \\\n\t\t\t\t&& mv /work/build/power_logs_temp/* /work/build/power_logs/2021.08.17-07.02.16/ranging_tmp/ \\\n\t\t\t\t&& cp -v /work/build/power_logs/2021.08.17-07.02.16/ranging_tmp/*/*/*/mlperf_log_detail.txt /work/build/power_logs_temp/ \\\n\t\t\t\t&& cp -v /work/build/power_logs/2021.08.17-07.02.16/ranging_tmp/*/*/*/mlperf_log_summary.txt /work/build/power_logs_temp/; \\\n\t\t\telse mkdir /work/build/power_logs/2021.08.17-07.02.16/testing_tmp \\\n\t\t\t\t&& mv /work/build/power_logs_temp/* /work/build/power_logs/2021.08.17-07.02.16/testing_tmp/ \\\n\t\t\t\t&& cp -v /work/build/power_logs/2021.08.17-07.02.16/testing_tmp/*/*/*/mlperf_log_detail.txt /work/build/power_logs_temp/ \\\n\t\t\t\t&& cp -v /work/build/power_logs/2021.08.17-07.02.16/testing_tmp/*/*/*/mlperf_log_summary.txt /work/build/power_logs_temp/; fi'
client 2021-08-17 07:13:39,732 [INFO] Sending command to the server: 'session,2021-08-17_07-02-23,stop,ranging'
client 2021-08-17 07:13:49,758 [INFO] Got response: 'OK'
client 2021-08-17 07:13:49,767 [INFO] Copying loadgen logs from '/work/build/power_logs_temp' to '/work/build/power_logs/2021.08.17-07.02.16/2021-08-17_07-02-23/ranging'
client 2021-08-17 07:13:49,776 [INFO] Running workload in testing mode
client 2021-08-17 07:13:49,776 [INFO] Synchronizing with the server and with 192.168.123.123...
client 2021-08-17 07:13:49,777 [INFO] NTP:offset = 0.000 s, delay = 0.000 s 
client 2021-08-17 07:13:49,777 [INFO] Sending command to the server: 'time'
client 2021-08-17 07:13:49,778 [INFO] Got response: '1629184429.7263374'
client 2021-08-17 07:13:49,778 [INFO] The time difference between the client and the server is within range 51.630 ms..52.486 ms
client 2021-08-17 07:13:49,778 [INFO] Sending command to the server: 'session,2021-08-17_07-02-23,start,testing'
client 2021-08-17 07:14:12,209 [INFO] Got response: 'OK'
client 2021-08-17 07:14:12,209 [INFO] Running the workload 'LOG_DIR=/work/build/power_logs_temp python3 code/main.py --benchmarks=bert --scenarios=Server --config_ver=maxq_high_accuracy --action="run_harness" \\\n\t\t&& if [ ! -d /work/build/power_logs/2021.08.17-07.02.16/ranging_tmp ]; \\\n\t\t\tthen mkdir /work/build/power_logs/2021.08.17-07.02.16/ranging_tmp \\\n\t\t\t\t&& mv /work/build/power_logs_temp/* /work/build/power_logs/2021.08.17-07.02.16/ranging_tmp/ \\\n\t\t\t\t&& cp -v /work/build/power_logs/2021.08.17-07.02.16/ranging_tmp/*/*/*/mlperf_log_detail.txt /work/build/power_logs_temp/ \\\n\t\t\t\t&& cp -v /work/build/power_logs/2021.08.17-07.02.16/ranging_tmp/*/*/*/mlperf_log_summary.txt /work/build/power_logs_temp/; \\\n\t\t\telse mkdir /work/build/power_logs/2021.08.17-07.02.16/testing_tmp \\\n\t\t\t\t&& mv /work/build/power_logs_temp/* /work/build/power_logs/2021.08.17-07.02.16/testing_tmp/ \\\n\t\t\t\t&& cp -v /work/build/power_logs/2021.08.17-07.02.16/testing_tmp/*/*/*/mlperf_log_detail.txt /work/build/power_logs_temp/ \\\n\t\t\t\t&& cp -v /work/build/power_logs/2021.08.17-07.02.16/testing_tmp/*/*/*/mlperf_log_summary.txt /work/build/power_logs_temp/; fi'
client 2021-08-17 07:24:49,507 [INFO] Sending command to the server: 'session,2021-08-17_07-02-23,stop,testing'
client 2021-08-17 07:24:59,513 [INFO] Got response: 'OK'
client 2021-08-17 07:24:59,517 [INFO] Copying loadgen logs from '/work/build/power_logs_temp' to '/work/build/power_logs/2021.08.17-07.02.16/2021-08-17_07-02-23/run_1'
client 2021-08-17 07:24:59,527 [INFO] Done runs
