ptd-server 2021-08-17 07:02:23,587 [INFO] Got command from the client 'stop'
ptd-server 2021-08-17 07:02:23,587 [INFO] The server will be stopped after processing this client
ptd-server 2021-08-17 07:02:23,587 [INFO] Sending reply to client 'OK'
ptd-server 2021-08-17 07:02:23,587 [INFO] Got command from the client 'time'
ptd-server 2021-08-17 07:02:23,587 [INFO] Sending reply to client '1629183743.5872517'
ptd-server 2021-08-17 07:02:23,587 [INFO] Got command from the client 'new,,5429b1b2-5142-43eb-8ef2-2502c8eaf267'
ptd-server 2021-08-17 07:02:23,587 [INFO] Sending reply to client 'OK 2021-08-17_07-02-23,1153c6c0-f66f-42ea-a4c6-e52aea8bfaf8'
ptd-server 2021-08-17 07:02:23,587 [INFO] Got command from the client 'time'
ptd-server 2021-08-17 07:02:23,587 [INFO] Sending reply to client '1629183743.5872517'
ptd-server 2021-08-17 07:02:23,587 [INFO] Got command from the client 'session,2021-08-17_07-02-23,start,ranging'
ptd-server 2021-08-17 07:02:23,696 [INFO] Running PTDaemon: ['C:\\PTD\\ptd-windows-x86.exe', '-l', 'C:\\Users\\pa\\AppData\\Local\\Temp\\tmp01kvib04\\ptd_logfile.txt', '-p', '8888', '-c', '1,2', '-y', '77', 'C2WL21005V']
ptd-server 2021-08-17 07:02:41,861 [INFO] Sending to ptd: 'Hello'
ptd-server 2021-08-17 07:02:41,861 [INFO] Reply from ptd: 'Hello, PTDaemon here!'
ptd-server 2021-08-17 07:02:41,861 [INFO] Sending to ptd: 'Identify'
ptd-server 2021-08-17 07:02:41,861 [INFO] Reply from ptd: 'YokogawaWT330_multichannel,1000,1,1,1,1,0,0,1,version=1.9.2-3976349f-20201208,OS=Windows 8 / Server 2012,mode=power,1,1,2,0,0,no_cal_date,YOKOGAWA;WT333E;C2WL21005V;F1.04'
ptd-server 2021-08-17 07:02:41,861 [INFO] Connected to PTDaemon
ptd-server 2021-08-17 07:02:41,861 [INFO] Sending to ptd: 'RR'
ptd-server 2021-08-17 07:02:41,861 [INFO] Reply from ptd: 'Ranges,-1,-1.000000,-1,-1.000000'
ptd-server 2021-08-17 07:02:41,861 [INFO] Initial range for Amps is Auto for Volts is Auto
ptd-server 2021-08-17 07:02:41,861 [INFO] Sending to ptd: 'SR,V,Auto'
ptd-server 2021-08-17 07:02:46,928 [INFO] Reply from ptd: 'Range V changed'
ptd-server 2021-08-17 07:02:46,928 [INFO] Sending to ptd: 'SR,A,20'
ptd-server 2021-08-17 07:02:52,507 [INFO] Reply from ptd: 'Range A changed'
ptd-server 2021-08-17 07:03:02,516 [INFO] Starting ranging mode
ptd-server 2021-08-17 07:03:02,516 [INFO] Sending to ptd: 'Go,1000,0,2021-08-17_07-02-23_ranging'
ptd-server 2021-08-17 07:03:02,516 [INFO] Reply from ptd: 'Starting untimed measurement, maximum 500000 samples at 1000ms with 0 rampup samples'
ptd-server 2021-08-17 07:03:02,516 [INFO] Sending reply to client 'OK'
ptd-server 2021-08-17 07:13:39,695 [INFO] Got command from the client 'session,2021-08-17_07-02-23,stop,ranging'
ptd-server 2021-08-17 07:13:49,695 [INFO] Sending to ptd: 'Stop'
ptd-server 2021-08-17 07:13:49,695 [INFO] Reply from ptd: 'Stopping untimed measurement'
ptd-server 2021-08-17 07:13:49,710 [INFO] Sending reply to client 'OK'
ptd-server 2021-08-17 07:13:49,726 [INFO] Got command from the client 'time'
ptd-server 2021-08-17 07:13:49,726 [INFO] Sending reply to client '1629184429.7263374'
ptd-server 2021-08-17 07:13:49,741 [INFO] Got command from the client 'session,2021-08-17_07-02-23,start,testing'
ptd-server 2021-08-17 07:13:49,741 [INFO] Sending to ptd: 'SR,V,120.480000'
ptd-server 2021-08-17 07:13:56,591 [INFO] Reply from ptd: 'Range V changed'
ptd-server 2021-08-17 07:13:56,591 [INFO] Sending to ptd: 'SR,A,7.100000'
ptd-server 2021-08-17 07:14:02,165 [INFO] Reply from ptd: 'Range A changed'
ptd-server 2021-08-17 07:14:12,170 [INFO] Starting testing mode
ptd-server 2021-08-17 07:14:12,170 [INFO] Sending to ptd: 'Go,1000,0,2021-08-17_07-02-23_testing'
ptd-server 2021-08-17 07:14:12,170 [INFO] Reply from ptd: 'Starting untimed measurement, maximum 500000 samples at 1000ms with 0 rampup samples'
ptd-server 2021-08-17 07:14:12,170 [INFO] Sending reply to client 'OK'
ptd-server 2021-08-17 07:24:49,433 [INFO] Got command from the client 'session,2021-08-17_07-02-23,stop,testing'
ptd-server 2021-08-17 07:24:59,437 [INFO] Sending to ptd: 'Stop'
ptd-server 2021-08-17 07:24:59,437 [INFO] Reply from ptd: 'Stopping untimed measurement'
ptd-server 2021-08-17 07:24:59,437 [INFO] Sending reply to client 'OK'
ptd-server 2021-08-17 07:24:59,468 [INFO] Got command from the client 'session,2021-08-17_07-02-23,done'
ptd-server 2021-08-17 07:24:59,468 [INFO] Sending to ptd: 'Stop'
ptd-server 2021-08-17 07:25:00,174 [INFO] Reply from ptd: 'Error: no measurement to stop'
ptd-server 2021-08-17 07:25:00,174 [INFO] Sending to ptd: 'SR,V,Auto'
ptd-server 2021-08-17 07:25:05,238 [INFO] Reply from ptd: 'Range V changed'
ptd-server 2021-08-17 07:25:05,238 [INFO] Sending to ptd: 'SR,A,Auto'
ptd-server 2021-08-17 07:25:10,311 [INFO] Reply from ptd: 'Range A changed'
ptd-server 2021-08-17 07:25:10,311 [INFO] Set initial values for Amps Auto and Volts Auto
ptd-server 2021-08-17 07:25:10,311 [INFO] Stopping ptd...
