client 2021-08-12 16:58:58,302 [INFO] Sending command to the server: 'mlcommons/power client v3'
client 2021-08-12 16:58:58,303 [INFO] Got response: 'mlcommons/power server v3'
client 2021-08-12 16:58:58,304 [INFO] Sending command to the server: 'stop'
client 2021-08-12 16:58:58,306 [INFO] Got response: 'OK'
client 2021-08-12 16:58:58,306 [INFO] Synchronizing with the server and with 100.64.0.18...
client 2021-08-12 16:58:58,312 [INFO] NTP:offset = -0.000 s, delay = 0.001 s 
client 2021-08-12 16:58:58,312 [INFO] Sending command to the server: 'time'
client 2021-08-12 16:58:58,314 [INFO] Got response: '1628787538.1799347'
client 2021-08-12 16:58:58,315 [INFO] The time difference between the client and the server is within range 132.781 ms..135.213 ms
client 2021-08-12 16:58:58,315 [INFO] Sending command to the server: 'new,,3944984f-d48b-4e16-bb88-6fa75a13df65'
client 2021-08-12 16:58:58,318 [INFO] Got response: 'OK 2021-08-12_16-58-58,a82f8878-8c85-4e34-b28e-c2afcc6d8066'
client 2021-08-12 16:58:58,318 [INFO] Session id is '2021-08-12_16-58-58'
client 2021-08-12 16:58:58,318 [INFO] Sources: {"sources": {"__init__.py": "da39a3ee5e6b4b0d3255bfef95601890afd80709", "client.py": "33ca4f26368777ac06e01f9567b714a4b8063886", "lib/__init__.py": "da39a3ee5e6b4b0d3255bfef95601890afd80709", "lib/client.py": "4c2b78fb4849a7e5b584ef792d82aaed20b17f57", "lib/common.py": "624d0c0acc7c39aaff3674f0b99d6a09da53d1dc", "lib/external/__init__.py": "da39a3ee5e6b4b0d3255bfef95601890afd80709", "lib/external/ntplib.py": "4da8f970656505a40483206ef2b5d3dd5e81711d", "lib/server.py": "59c9fb92908260d3e9f81a895c7aa009742275e4", "lib/source_hashes.py": "60a2e02193209e8d392803326208d5466342da18", "lib/summary.py": "aa92f0a3f975eecd44d3c0cd0236342ccc9f941d", "lib/time_sync.py": "3210db56eb0ff0df57bf4293dc4d4b03fffd46f1", "server.py": "c3f90f2f7eeb4db30727556d0c815ebc89b3d28b", "tests/unit/__init__.py": "da39a3ee5e6b4b0d3255bfef95601890afd80709", "tests/unit/test_server.py": "99ae15aef722f2000ee6ed1ae1523637bf1ae42b", "tests/unit/test_source_hashes.py": "00468a2907583c593e6574a1f6b404e4651c221a"}, "modules": {"ptd_client_server.lib.client": "lib/client.py", "ptd_client_server.lib.common": "lib/common.py", "ptd_client_server.lib.external.ntplib": "lib/external/ntplib.py", "ptd_client_server.lib.source_hashes": "lib/source_hashes.py", "ptd_client_server.lib.summary": "lib/summary.py", "ptd_client_server.lib.time_sync": "lib/time_sync.py"}}
client 2021-08-12 16:58:58,318 [INFO] Running workload in ranging mode
client 2021-08-12 16:58:58,318 [INFO] Synchronizing with the server and with 100.64.0.18...
client 2021-08-12 16:58:58,321 [INFO] NTP:offset = -0.000 s, delay = 0.001 s 
client 2021-08-12 16:58:58,321 [INFO] Sending command to the server: 'time'
client 2021-08-12 16:58:58,323 [INFO] Got response: '1628787538.1799347'
client 2021-08-12 16:58:58,323 [INFO] The time difference between the client and the server is within range 141.309 ms..143.925 ms
client 2021-08-12 16:58:58,324 [INFO] Sending command to the server: 'session,2021-08-12_16-58-58,start,ranging'
client 2021-08-12 16:59:22,157 [INFO] Got response: 'OK'
client 2021-08-12 16:59:22,158 [INFO] Running the workload 'LOG_DIR=/work/build/power_logs_temp python3 code/main.py --benchmarks=resnet50 --scenarios=SingleStream --config_ver=maxq--test_mode=PerformanceOnly --action="run_harness" \\\n\t\t&& if [ ! -d /work/build/power_logs/2021.08.12-16.58.54/ranging_tmp ]; \\\n\t\t\tthen mkdir /work/build/power_logs/2021.08.12-16.58.54/ranging_tmp \\\n\t\t\t\t&& mv /work/build/power_logs_temp/* /work/build/power_logs/2021.08.12-16.58.54/ranging_tmp/ \\\n\t\t\t\t&& cp -v /work/build/power_logs/2021.08.12-16.58.54/ranging_tmp/*/*/*/mlperf_log_detail.txt /work/build/power_logs_temp/ \\\n\t\t\t\t&& cp -v /work/build/power_logs/2021.08.12-16.58.54/ranging_tmp/*/*/*/mlperf_log_summary.txt /work/build/power_logs_temp/; \\\n\t\t\telse mkdir /work/build/power_logs/2021.08.12-16.58.54/testing_tmp \\\n\t\t\t\t&& mv /work/build/power_logs_temp/* /work/build/power_logs/2021.08.12-16.58.54/testing_tmp/ \\\n\t\t\t\t&& cp -v /work/build/power_logs/2021.08.12-16.58.54/testing_tmp/*/*/*/mlperf_log_detail.txt /work/build/power_logs_temp/ \\\n\t\t\t\t&& cp -v /work/build/power_logs/2021.08.12-16.58.54/testing_tmp/*/*/*/mlperf_log_summary.txt /work/build/power_logs_temp/; fi'
client 2021-08-12 17:09:35,838 [INFO] Sending command to the server: 'session,2021-08-12_16-58-58,stop,ranging'
client 2021-08-12 17:09:45,868 [INFO] Got response: 'OK'
client 2021-08-12 17:09:45,877 [INFO] Copying loadgen logs from '/work/build/power_logs_temp' to '/work/build/power_logs/2021.08.12-16.58.54/2021-08-12_16-58-58/ranging'
client 2021-08-12 17:09:45,878 [INFO] Running workload in testing mode
client 2021-08-12 17:09:45,878 [INFO] Synchronizing with the server and with 100.64.0.18...
client 2021-08-12 17:09:45,880 [INFO] NTP:offset = -0.000 s, delay = 0.001 s 
client 2021-08-12 17:09:45,880 [INFO] Sending command to the server: 'time'
client 2021-08-12 17:09:45,882 [INFO] Got response: '1628788185.7192562'
client 2021-08-12 17:09:45,882 [INFO] The time difference between the client and the server is within range 161.489 ms..163.492 ms
client 2021-08-12 17:09:45,882 [INFO] Sending command to the server: 'session,2021-08-12_16-58-58,start,testing'
client 2021-08-12 17:09:59,241 [INFO] Got response: 'OK'
client 2021-08-12 17:09:59,242 [INFO] Running the workload 'LOG_DIR=/work/build/power_logs_temp python3 code/main.py --benchmarks=resnet50 --scenarios=SingleStream --config_ver=maxq--test_mode=PerformanceOnly --action="run_harness" \\\n\t\t&& if [ ! -d /work/build/power_logs/2021.08.12-16.58.54/ranging_tmp ]; \\\n\t\t\tthen mkdir /work/build/power_logs/2021.08.12-16.58.54/ranging_tmp \\\n\t\t\t\t&& mv /work/build/power_logs_temp/* /work/build/power_logs/2021.08.12-16.58.54/ranging_tmp/ \\\n\t\t\t\t&& cp -v /work/build/power_logs/2021.08.12-16.58.54/ranging_tmp/*/*/*/mlperf_log_detail.txt /work/build/power_logs_temp/ \\\n\t\t\t\t&& cp -v /work/build/power_logs/2021.08.12-16.58.54/ranging_tmp/*/*/*/mlperf_log_summary.txt /work/build/power_logs_temp/; \\\n\t\t\telse mkdir /work/build/power_logs/2021.08.12-16.58.54/testing_tmp \\\n\t\t\t\t&& mv /work/build/power_logs_temp/* /work/build/power_logs/2021.08.12-16.58.54/testing_tmp/ \\\n\t\t\t\t&& cp -v /work/build/power_logs/2021.08.12-16.58.54/testing_tmp/*/*/*/mlperf_log_detail.txt /work/build/power_logs_temp/ \\\n\t\t\t\t&& cp -v /work/build/power_logs/2021.08.12-16.58.54/testing_tmp/*/*/*/mlperf_log_summary.txt /work/build/power_logs_temp/; fi'
client 2021-08-12 17:20:12,653 [INFO] Sending command to the server: 'session,2021-08-12_16-58-58,stop,testing'
client 2021-08-12 17:20:22,677 [INFO] Got response: 'OK'
client 2021-08-12 17:20:22,679 [INFO] Copying loadgen logs from '/work/build/power_logs_temp' to '/work/build/power_logs/2021.08.12-16.58.54/2021-08-12_16-58-58/run_1'
client 2021-08-12 17:20:22,680 [INFO] Done runs
