ptd-server 2021-08-12 16:58:58,169 [INFO] Got command from the client 'stop'
ptd-server 2021-08-12 16:58:58,169 [INFO] The server will be stopped after processing this client
ptd-server 2021-08-12 16:58:58,169 [INFO] Sending reply to client 'OK'
ptd-server 2021-08-12 16:58:58,179 [INFO] Got command from the client 'time'
ptd-server 2021-08-12 16:58:58,179 [INFO] Sending reply to client '1628787538.1799347'
ptd-server 2021-08-12 16:58:58,179 [INFO] Got command from the client 'new,,3944984f-d48b-4e16-bb88-6fa75a13df65'
ptd-server 2021-08-12 16:58:58,179 [INFO] Sending reply to client 'OK 2021-08-12_16-58-58,a82f8878-8c85-4e34-b28e-c2afcc6d8066'
ptd-server 2021-08-12 16:58:58,179 [INFO] Got command from the client 'time'
ptd-server 2021-08-12 16:58:58,179 [INFO] Sending reply to client '1628787538.1799347'
ptd-server 2021-08-12 16:58:58,189 [INFO] Got command from the client 'session,2021-08-12_16-58-58,start,ranging'
ptd-server 2021-08-12 16:58:58,289 [INFO] Running PTDaemon: ['.\\ptd-windows-x86.exe', '-l', 'C:\\Users\\root\\AppData\\Local\\Temp\\tmpj3iegryg\\ptd_logfile.txt', '-p', '8888', '-b', '2', '-g', '8', '1']
ptd-server 2021-08-12 16:59:10,969 [INFO] Sending to ptd: 'Hello'
ptd-server 2021-08-12 16:59:10,969 [INFO] Reply from ptd: 'Hello, PTDaemon here!'
ptd-server 2021-08-12 16:59:10,969 [INFO] Sending to ptd: 'Identify'
ptd-server 2021-08-12 16:59:10,969 [INFO] Reply from ptd: 'YokogawaWT210,1000,1,1,1,1,0,0,1,version=1.9.2-3976349f-20201208,OS=Windows 8 / Server 2012,mode=power,1,1,1,0,0,no_cal_date,YOKOGAWA;760401;0;F1.12'
ptd-server 2021-08-12 16:59:10,969 [INFO] Connected to PTDaemon
ptd-server 2021-08-12 16:59:10,969 [INFO] Sending to ptd: 'RR'
ptd-server 2021-08-12 16:59:10,969 [INFO] Reply from ptd: 'Ranges,0,5.000000,0,150.000000'
ptd-server 2021-08-12 16:59:10,969 [INFO] Initial range for Amps is 5.000000 for Volts is 150.000000
ptd-server 2021-08-12 16:59:10,969 [INFO] Sending to ptd: 'SR,V,Auto'
ptd-server 2021-08-12 16:59:11,499 [INFO] Reply from ptd: 'Range V changed'
ptd-server 2021-08-12 16:59:11,499 [INFO] Sending to ptd: 'SR,A,Auto'
ptd-server 2021-08-12 16:59:12,019 [INFO] Reply from ptd: 'Range A changed'
ptd-server 2021-08-12 16:59:22,020 [INFO] Starting ranging mode
ptd-server 2021-08-12 16:59:22,020 [INFO] Sending to ptd: 'Go,1000,0,2021-08-12_16-58-58_ranging'
ptd-server 2021-08-12 16:59:22,020 [INFO] Reply from ptd: 'Starting untimed measurement, maximum 500000 samples at 1000ms with 0 rampup samples'
ptd-server 2021-08-12 16:59:22,020 [INFO] Sending reply to client 'OK'
ptd-server 2021-08-12 17:09:35,679 [INFO] Got command from the client 'session,2021-08-12_16-58-58,stop,ranging'
ptd-server 2021-08-12 17:09:45,679 [INFO] Sending to ptd: 'Stop'
ptd-server 2021-08-12 17:09:45,679 [INFO] Reply from ptd: 'Stopping untimed measurement'
ptd-server 2021-08-12 17:09:45,708 [INFO] Sending reply to client 'OK'
ptd-server 2021-08-12 17:09:45,719 [INFO] Got command from the client 'time'
ptd-server 2021-08-12 17:09:45,719 [INFO] Sending reply to client '1628788185.7192562'
ptd-server 2021-08-12 17:09:45,719 [INFO] Got command from the client 'session,2021-08-12_16-58-58,start,testing'
ptd-server 2021-08-12 17:09:45,719 [INFO] Sending to ptd: 'SR,V,118.250000'
ptd-server 2021-08-12 17:09:47,549 [INFO] Reply from ptd: 'Range V changed'
ptd-server 2021-08-12 17:09:47,549 [INFO] Sending to ptd: 'SR,A,3.053000'
ptd-server 2021-08-12 17:09:49,069 [INFO] Reply from ptd: 'Range A changed'
ptd-server 2021-08-12 17:09:59,079 [INFO] Starting testing mode
ptd-server 2021-08-12 17:09:59,079 [INFO] Sending to ptd: 'Go,1000,0,2021-08-12_16-58-58_testing'
ptd-server 2021-08-12 17:09:59,079 [INFO] Reply from ptd: 'Starting untimed measurement, maximum 500000 samples at 1000ms with 0 rampup samples'
ptd-server 2021-08-12 17:09:59,079 [INFO] Sending reply to client 'OK'
ptd-server 2021-08-12 17:20:12,464 [INFO] Got command from the client 'session,2021-08-12_16-58-58,stop,testing'
ptd-server 2021-08-12 17:20:22,472 [INFO] Sending to ptd: 'Stop'
ptd-server 2021-08-12 17:20:22,472 [INFO] Reply from ptd: 'Stopping untimed measurement'
ptd-server 2021-08-12 17:20:22,492 [INFO] Sending reply to client 'OK'
ptd-server 2021-08-12 17:20:22,492 [INFO] Got command from the client 'session,2021-08-12_16-58-58,done'
ptd-server 2021-08-12 17:20:22,492 [INFO] Sending to ptd: 'Stop'
ptd-server 2021-08-12 17:20:23,082 [INFO] Reply from ptd: 'Error: no measurement to stop'
ptd-server 2021-08-12 17:20:23,082 [INFO] Sending to ptd: 'SR,V,150.000000'
ptd-server 2021-08-12 17:20:24,602 [INFO] Reply from ptd: 'Range V changed'
ptd-server 2021-08-12 17:20:24,602 [INFO] Sending to ptd: 'SR,A,5.000000'
ptd-server 2021-08-12 17:20:26,132 [INFO] Reply from ptd: 'Range A changed'
ptd-server 2021-08-12 17:20:26,132 [INFO] Set initial values for Amps 5.000000 and Volts 150.000000
ptd-server 2021-08-12 17:20:26,132 [INFO] Stopping ptd...
