ptd-server 2021-08-07 13:54:22,999 [INFO] Got command from the client 'time'
ptd-server 2021-08-07 13:54:22,999 [INFO] Sending reply to client '1628340862.9995234'
ptd-server 2021-08-07 13:54:23,001 [INFO] Got command from the client 'new,,34ea2bbf-0989-4ae1-afc0-baf6099e826f'
ptd-server 2021-08-07 13:54:23,002 [INFO] Sending reply to client 'OK 2021-08-07_13-54-23,1ce38cbe-4f18-4383-886e-191858387abf'
ptd-server 2021-08-07 13:54:23,035 [INFO] Got command from the client 'time'
ptd-server 2021-08-07 13:54:23,036 [INFO] Sending reply to client '1628340863.0361705'
ptd-server 2021-08-07 13:54:23,037 [INFO] Got command from the client 'session,2021-08-07_13-54-23,start,ranging'
ptd-server 2021-08-07 13:54:23,037 [INFO] Running PTDaemon: ['/home/anton/projects/mlperf/power/inference_v1.0/ptd-linux-x86', '-l', '/tmp/tmpr3iqmcco/ptd_logfile.txt', '-p', '8888', '49', '/dev/usbtmc0']
ptd-server 2021-08-07 13:54:40,211 [INFO] Sending to ptd: 'Hello'
ptd-server 2021-08-07 13:54:40,211 [INFO] Reply from ptd: 'Hello, PTDaemon here!'
ptd-server 2021-08-07 13:54:40,212 [INFO] Sending to ptd: 'Identify'
ptd-server 2021-08-07 13:54:40,212 [INFO] Reply from ptd: 'YokogawaWT310E,1000,1,1,1,1,0,1,1,version=1.9.2-e8c7a49a-20201208,OS=Linux 5.8.0-63-generic #71~20.04.1-Ubuntu SMP Thu Jul 15 17:46:08 UTC 2021 x86_64,mode=power,1,1,1,0,0,no_cal_date,YOKOGAWA;WT310E;C3XA04010E;F1.04'
ptd-server 2021-08-07 13:54:40,212 [INFO] Connected to PTDaemon
ptd-server 2021-08-07 13:54:40,212 [INFO] Sending to ptd: 'RR'
ptd-server 2021-08-07 13:54:40,213 [INFO] Reply from ptd: 'Ranges,0,0.500000,0,300.000000'
ptd-server 2021-08-07 13:54:40,213 [INFO] Initial range for Amps is 0.500000 for Volts is 300.000000
ptd-server 2021-08-07 13:54:40,213 [INFO] Sending to ptd: 'SR,V,Auto'
ptd-server 2021-08-07 13:54:40,715 [INFO] Reply from ptd: 'Range V changed'
ptd-server 2021-08-07 13:54:40,715 [INFO] Sending to ptd: 'SR,A,Auto'
ptd-server 2021-08-07 13:54:41,218 [INFO] Reply from ptd: 'Range A changed'
ptd-server 2021-08-07 13:54:51,228 [INFO] Starting ranging mode
ptd-server 2021-08-07 13:54:51,228 [INFO] Sending to ptd: 'Go,1000,0,2021-08-07_13-54-23_ranging'
ptd-server 2021-08-07 13:54:51,229 [INFO] Reply from ptd: 'Starting untimed measurement, maximum 500000 samples at 1000ms with 0 rampup samples'
ptd-server 2021-08-07 13:54:51,229 [INFO] Sending reply to client 'OK'
ptd-server 2021-08-07 14:05:10,895 [INFO] Got command from the client 'session,2021-08-07_13-54-23,stop,ranging'
ptd-server 2021-08-07 14:05:20,906 [INFO] Sending to ptd: 'Stop'
ptd-server 2021-08-07 14:05:20,906 [INFO] Reply from ptd: 'Stopping untimed measurement'
ptd-server 2021-08-07 14:05:20,926 [INFO] Sending reply to client 'OK'
ptd-server 2021-08-07 14:05:20,984 [INFO] Got command from the client 'time'
ptd-server 2021-08-07 14:05:20,984 [INFO] Sending reply to client '1628341520.9844694'
ptd-server 2021-08-07 14:05:20,987 [INFO] Got command from the client 'session,2021-08-07_13-54-23,start,testing'
ptd-server 2021-08-07 14:05:20,987 [INFO] Sending to ptd: 'SR,V,251.270000'
ptd-server 2021-08-07 14:05:22,731 [INFO] Reply from ptd: 'Range V changed'
ptd-server 2021-08-07 14:05:22,731 [INFO] Sending to ptd: 'SR,A,0.181250'
ptd-server 2021-08-07 14:05:24,232 [INFO] Reply from ptd: 'Range A changed'
ptd-server 2021-08-07 14:05:34,243 [INFO] Starting testing mode
ptd-server 2021-08-07 14:05:34,243 [INFO] Sending to ptd: 'Go,1000,0,2021-08-07_13-54-23_testing'
ptd-server 2021-08-07 14:05:34,243 [INFO] Reply from ptd: 'Starting untimed measurement, maximum 500000 samples at 1000ms with 0 rampup samples'
ptd-server 2021-08-07 14:05:34,244 [INFO] Sending reply to client 'OK'
ptd-server 2021-08-07 14:15:53,890 [INFO] Got command from the client 'session,2021-08-07_13-54-23,stop,testing'
ptd-server 2021-08-07 14:16:03,900 [INFO] Sending to ptd: 'Stop'
ptd-server 2021-08-07 14:16:03,900 [INFO] Reply from ptd: 'Stopping untimed measurement'
ptd-server 2021-08-07 14:16:03,911 [INFO] Sending reply to client 'OK'
ptd-server 2021-08-07 14:16:03,930 [INFO] Got command from the client 'session,2021-08-07_13-54-23,done'
ptd-server 2021-08-07 14:16:03,930 [INFO] Sending to ptd: 'Stop'
ptd-server 2021-08-07 14:16:04,244 [INFO] Reply from ptd: 'Error: no measurement to stop'
ptd-server 2021-08-07 14:16:04,244 [INFO] Sending to ptd: 'SR,V,300.000000'
ptd-server 2021-08-07 14:16:05,745 [INFO] Reply from ptd: 'Range V changed'
ptd-server 2021-08-07 14:16:05,746 [INFO] Sending to ptd: 'SR,A,0.500000'
ptd-server 2021-08-07 14:16:07,247 [INFO] Reply from ptd: 'Range A changed'
ptd-server 2021-08-07 14:16:07,247 [INFO] Set initial values for Amps 0.500000 and Volts 300.000000
ptd-server 2021-08-07 14:16:07,247 [INFO] Stopping ptd...
