ptd-server 2021-08-10 20:34:33,219 [INFO] Got command from the client 'time'
ptd-server 2021-08-10 20:34:33,220 [INFO] Sending reply to client '1628645673.2201614'
ptd-server 2021-08-10 20:34:33,220 [INFO] Got command from the client 'new,,0deaa4b9-0ef4-491b-b6dd-a972627deebe'
ptd-server 2021-08-10 20:34:33,221 [INFO] Sending reply to client 'OK 2021-08-10_20-34-33,cb76ef93-aae5-4ecc-a0a2-ed3f8cdbedc4'
ptd-server 2021-08-10 20:34:33,331 [INFO] Got command from the client 'time'
ptd-server 2021-08-10 20:34:33,331 [INFO] Sending reply to client '1628645673.3315773'
ptd-server 2021-08-10 20:34:33,332 [INFO] Got command from the client 'session,2021-08-10_20-34-33,start,ranging'
ptd-server 2021-08-10 20:34:33,332 [INFO] Running PTDaemon: ['/local/mnt/workspace/mlcommons/power-main/inference_v1.0/ptd-linux-x86', '-l', '/tmp/tmpgc_or_eg/ptd_logfile.txt', '-p', '8888', '49', '/dev/usbtmc1']
ptd-server 2021-08-10 20:34:50,447 [INFO] Sending to ptd: 'Hello'
ptd-server 2021-08-10 20:34:50,448 [INFO] Reply from ptd: 'Hello, PTDaemon here!'
ptd-server 2021-08-10 20:34:50,448 [INFO] Sending to ptd: 'Identify'
ptd-server 2021-08-10 20:34:50,449 [INFO] Reply from ptd: 'YokogawaWT310E,1000,1,1,1,1,0,1,1,version=1.9.2-e8c7a49a-20201208,OS=Linux 4.15.0-64-generic #73-Ubuntu SMP Thu Sep 12 13:16:13 UTC 2019 x86_64,mode=power,1,1,1,0,0,no_cal_date,YOKOGAWA;WT310E;C2XF16030V;F1.04'
ptd-server 2021-08-10 20:34:50,449 [INFO] Connected to PTDaemon
ptd-server 2021-08-10 20:34:50,449 [INFO] Sending to ptd: 'RR'
ptd-server 2021-08-10 20:34:50,450 [INFO] Reply from ptd: 'Ranges,1,5.000000,1,150.000000'
ptd-server 2021-08-10 20:34:50,450 [INFO] Initial range for Amps is Auto for Volts is Auto
ptd-server 2021-08-10 20:34:50,450 [INFO] Sending to ptd: 'SR,V,Auto'
ptd-server 2021-08-10 20:34:50,953 [INFO] Reply from ptd: 'Range V changed'
ptd-server 2021-08-10 20:34:50,954 [INFO] Sending to ptd: 'SR,A,20'
ptd-server 2021-08-10 20:34:52,456 [INFO] Reply from ptd: 'Range A changed'
ptd-server 2021-08-10 20:35:02,467 [INFO] Starting ranging mode
ptd-server 2021-08-10 20:35:02,467 [INFO] Sending to ptd: 'Go,1000,0,2021-08-10_20-34-33_ranging'
ptd-server 2021-08-10 20:35:02,468 [INFO] Reply from ptd: 'Starting untimed measurement, maximum 500000 samples at 1000ms with 0 rampup samples'
ptd-server 2021-08-10 20:35:02,468 [INFO] Sending reply to client 'OK'
ptd-server 2021-08-10 20:46:55,026 [INFO] Got command from the client 'session,2021-08-10_20-34-33,stop,ranging'
ptd-server 2021-08-10 20:47:05,035 [INFO] Sending to ptd: 'Stop'
ptd-server 2021-08-10 20:47:05,036 [INFO] Reply from ptd: 'Stopping untimed measurement'
ptd-server 2021-08-10 20:47:05,049 [INFO] Sending reply to client 'OK'
ptd-server 2021-08-10 20:47:05,172 [INFO] Got command from the client 'time'
ptd-server 2021-08-10 20:47:05,173 [INFO] Sending reply to client '1628646425.1730013'
ptd-server 2021-08-10 20:47:05,173 [INFO] Got command from the client 'session,2021-08-10_20-34-33,start,testing'
ptd-server 2021-08-10 20:47:05,174 [INFO] Sending to ptd: 'SR,V,119.940000'
ptd-server 2021-08-10 20:47:06,970 [INFO] Reply from ptd: 'Range V changed'
ptd-server 2021-08-10 20:47:06,971 [INFO] Sending to ptd: 'SR,A,5.446000'
ptd-server 2021-08-10 20:47:08,473 [INFO] Reply from ptd: 'Range A changed'
ptd-server 2021-08-10 20:47:18,483 [INFO] Starting testing mode
ptd-server 2021-08-10 20:47:18,484 [INFO] Sending to ptd: 'Go,1000,0,2021-08-10_20-34-33_testing'
ptd-server 2021-08-10 20:47:18,484 [INFO] Reply from ptd: 'Starting untimed measurement, maximum 500000 samples at 1000ms with 0 rampup samples'
ptd-server 2021-08-10 20:47:18,485 [INFO] Sending reply to client 'OK'
ptd-server 2021-08-10 20:59:08,646 [INFO] Got command from the client 'session,2021-08-10_20-34-33,stop,testing'
ptd-server 2021-08-10 20:59:18,657 [INFO] Sending to ptd: 'Stop'
ptd-server 2021-08-10 20:59:18,657 [INFO] Reply from ptd: 'Stopping untimed measurement'
ptd-server 2021-08-10 20:59:18,664 [INFO] Sending reply to client 'OK'
ptd-server 2021-08-10 20:59:18,670 [INFO] Got command from the client 'session,2021-08-10_20-34-33,done'
ptd-server 2021-08-10 20:59:18,670 [INFO] Sending to ptd: 'Stop'
ptd-server 2021-08-10 20:59:19,485 [INFO] Reply from ptd: 'Error: no measurement to stop'
ptd-server 2021-08-10 20:59:19,486 [INFO] Sending to ptd: 'SR,V,Auto'
ptd-server 2021-08-10 20:59:19,988 [INFO] Reply from ptd: 'Range V changed'
ptd-server 2021-08-10 20:59:19,989 [INFO] Sending to ptd: 'SR,A,Auto'
ptd-server 2021-08-10 20:59:20,492 [INFO] Reply from ptd: 'Range A changed'
ptd-server 2021-08-10 20:59:20,492 [INFO] Set initial values for Amps Auto and Volts Auto
ptd-server 2021-08-10 20:59:20,493 [INFO] Stopping ptd...
