ptd-server 2021-08-08 21:01:51,246 [INFO] Got command from the client 'time'
ptd-server 2021-08-08 21:01:51,246 [INFO] Sending reply to client '1628452911.2463772'
ptd-server 2021-08-08 21:01:51,248 [INFO] Got command from the client 'new,,929ba787-9afc-47d3-80ec-8c8476f102b8'
ptd-server 2021-08-08 21:01:51,249 [INFO] Sending reply to client 'OK 2021-08-08_21-01-51,1e706fad-b9cb-4994-9158-f8b4295ab500'
ptd-server 2021-08-08 21:01:51,295 [INFO] Got command from the client 'time'
ptd-server 2021-08-08 21:01:51,295 [INFO] Sending reply to client '1628452911.2953858'
ptd-server 2021-08-08 21:01:51,297 [INFO] Got command from the client 'session,2021-08-08_21-01-51,start,ranging'
ptd-server 2021-08-08 21:01:51,297 [INFO] Running PTDaemon: ['/home/anton/projects/mlperf/power/inference_v1.0/ptd-linux-x86', '-l', '/tmp/tmpr3iqmcco/ptd_logfile.txt', '-p', '8888', '49', '/dev/usbtmc0']
ptd-server 2021-08-08 21:02:08,470 [INFO] Sending to ptd: 'Hello'
ptd-server 2021-08-08 21:02:08,470 [INFO] Reply from ptd: 'Hello, PTDaemon here!'
ptd-server 2021-08-08 21:02:08,470 [INFO] Sending to ptd: 'Identify'
ptd-server 2021-08-08 21:02:08,471 [INFO] Reply from ptd: 'YokogawaWT310E,1000,1,1,1,1,0,1,1,version=1.9.2-e8c7a49a-20201208,OS=Linux 5.8.0-63-generic #71~20.04.1-Ubuntu SMP Thu Jul 15 17:46:08 UTC 2021 x86_64,mode=power,1,1,1,0,0,no_cal_date,YOKOGAWA;WT310E;C3XA04010E;F1.04'
ptd-server 2021-08-08 21:02:08,471 [INFO] Connected to PTDaemon
ptd-server 2021-08-08 21:02:08,471 [INFO] Sending to ptd: 'RR'
ptd-server 2021-08-08 21:02:08,471 [INFO] Reply from ptd: 'Ranges,0,0.500000,0,300.000000'
ptd-server 2021-08-08 21:02:08,471 [INFO] Initial range for Amps is 0.500000 for Volts is 300.000000
ptd-server 2021-08-08 21:02:08,472 [INFO] Sending to ptd: 'SR,V,Auto'
ptd-server 2021-08-08 21:02:08,974 [INFO] Reply from ptd: 'Range V changed'
ptd-server 2021-08-08 21:02:08,974 [INFO] Sending to ptd: 'SR,A,Auto'
ptd-server 2021-08-08 21:02:09,477 [INFO] Reply from ptd: 'Range A changed'
ptd-server 2021-08-08 21:02:19,484 [INFO] Starting ranging mode
ptd-server 2021-08-08 21:02:19,484 [INFO] Sending to ptd: 'Go,1000,0,2021-08-08_21-01-51_ranging'
ptd-server 2021-08-08 21:02:19,484 [INFO] Reply from ptd: 'Starting untimed measurement, maximum 500000 samples at 1000ms with 0 rampup samples'
ptd-server 2021-08-08 21:02:19,484 [INFO] Sending reply to client 'OK'
ptd-server 2021-08-08 21:12:39,078 [INFO] Got command from the client 'session,2021-08-08_21-01-51,stop,ranging'
ptd-server 2021-08-08 21:12:49,080 [INFO] Sending to ptd: 'Stop'
ptd-server 2021-08-08 21:12:49,080 [INFO] Reply from ptd: 'Stopping untimed measurement'
ptd-server 2021-08-08 21:12:49,266 [INFO] Sending reply to client 'OK'
ptd-server 2021-08-08 21:12:49,324 [INFO] Got command from the client 'time'
ptd-server 2021-08-08 21:12:49,324 [INFO] Sending reply to client '1628453569.324211'
ptd-server 2021-08-08 21:12:49,326 [INFO] Got command from the client 'session,2021-08-08_21-01-51,start,testing'
ptd-server 2021-08-08 21:12:49,326 [INFO] Sending to ptd: 'SR,V,249.890000'
ptd-server 2021-08-08 21:12:50,986 [INFO] Reply from ptd: 'Range V changed'
ptd-server 2021-08-08 21:12:50,986 [INFO] Sending to ptd: 'SR,A,0.173630'
ptd-server 2021-08-08 21:12:52,487 [INFO] Reply from ptd: 'Range A changed'
ptd-server 2021-08-08 21:13:02,496 [INFO] Starting testing mode
ptd-server 2021-08-08 21:13:02,496 [INFO] Sending to ptd: 'Go,1000,0,2021-08-08_21-01-51_testing'
ptd-server 2021-08-08 21:13:02,496 [INFO] Reply from ptd: 'Starting untimed measurement, maximum 500000 samples at 1000ms with 0 rampup samples'
ptd-server 2021-08-08 21:13:02,497 [INFO] Sending reply to client 'OK'
ptd-server 2021-08-08 21:23:21,820 [INFO] Got command from the client 'session,2021-08-08_21-01-51,stop,testing'
ptd-server 2021-08-08 21:23:31,830 [INFO] Sending to ptd: 'Stop'
ptd-server 2021-08-08 21:23:31,831 [INFO] Reply from ptd: 'Stopping untimed measurement'
ptd-server 2021-08-08 21:23:31,931 [INFO] Sending reply to client 'OK'
ptd-server 2021-08-08 21:23:31,950 [INFO] Got command from the client 'session,2021-08-08_21-01-51,done'
ptd-server 2021-08-08 21:23:31,950 [INFO] Sending to ptd: 'Stop'
ptd-server 2021-08-08 21:23:32,496 [INFO] Reply from ptd: 'Error: no measurement to stop'
ptd-server 2021-08-08 21:23:32,497 [INFO] Sending to ptd: 'SR,V,300.000000'
ptd-server 2021-08-08 21:23:33,998 [INFO] Reply from ptd: 'Range V changed'
ptd-server 2021-08-08 21:23:33,998 [INFO] Sending to ptd: 'SR,A,0.500000'
ptd-server 2021-08-08 21:23:35,499 [INFO] Reply from ptd: 'Range A changed'
ptd-server 2021-08-08 21:23:35,500 [INFO] Set initial values for Amps 0.500000 and Volts 300.000000
ptd-server 2021-08-08 21:23:35,500 [INFO] Stopping ptd...
