ptd-server 2021-08-10 16:19:14,676 [INFO] Got command from the client 'time'
ptd-server 2021-08-10 16:19:14,676 [INFO] Sending reply to client '1628630354.6764522'
ptd-server 2021-08-10 16:19:14,677 [INFO] Got command from the client 'new,,e7721817-4c0e-4ca2-ae44-97d3e82e9360'
ptd-server 2021-08-10 16:19:14,677 [INFO] Sending reply to client 'OK 2021-08-10_16-19-14,8f683eae-e2c1-4a7d-9ee1-4fbb4df890b0'
ptd-server 2021-08-10 16:19:14,785 [INFO] Got command from the client 'time'
ptd-server 2021-08-10 16:19:14,785 [INFO] Sending reply to client '1628630354.7855382'
ptd-server 2021-08-10 16:19:14,786 [INFO] Got command from the client 'session,2021-08-10_16-19-14,start,ranging'
ptd-server 2021-08-10 16:19:14,786 [INFO] Running PTDaemon: ['/local/mnt/workspace/mlcommons/power-main/inference_v1.0/ptd-linux-x86', '-l', '/tmp/tmpbbjdfg8c/ptd_logfile.txt', '-p', '8888', '49', '/dev/usbtmc0']
ptd-server 2021-08-10 16:19:31,897 [INFO] Sending to ptd: 'Hello'
ptd-server 2021-08-10 16:19:31,898 [INFO] Reply from ptd: 'Hello, PTDaemon here!'
ptd-server 2021-08-10 16:19:31,898 [INFO] Sending to ptd: 'Identify'
ptd-server 2021-08-10 16:19:31,899 [INFO] Reply from ptd: 'YokogawaWT310E,1000,1,1,1,1,0,1,1,version=1.9.2-e8c7a49a-20201208,OS=Linux 4.15.0-64-generic #73-Ubuntu SMP Thu Sep 12 13:16:13 UTC 2019 x86_64,mode=power,1,1,1,0,0,no_cal_date,YOKOGAWA;WT310E;C2XF16028V;F1.04'
ptd-server 2021-08-10 16:19:31,900 [INFO] Connected to PTDaemon
ptd-server 2021-08-10 16:19:31,900 [INFO] Sending to ptd: 'RR'
ptd-server 2021-08-10 16:19:31,900 [INFO] Reply from ptd: 'Ranges,1,5.000000,1,150.000000'
ptd-server 2021-08-10 16:19:31,900 [INFO] Initial range for Amps is Auto for Volts is Auto
ptd-server 2021-08-10 16:19:31,901 [INFO] Sending to ptd: 'SR,V,Auto'
ptd-server 2021-08-10 16:19:32,404 [INFO] Reply from ptd: 'Range V changed'
ptd-server 2021-08-10 16:19:32,404 [INFO] Sending to ptd: 'SR,A,20'
ptd-server 2021-08-10 16:19:33,906 [INFO] Reply from ptd: 'Range A changed'
ptd-server 2021-08-10 16:19:43,916 [INFO] Starting ranging mode
ptd-server 2021-08-10 16:19:43,917 [INFO] Sending to ptd: 'Go,1000,0,2021-08-10_16-19-14_ranging'
ptd-server 2021-08-10 16:19:43,917 [INFO] Reply from ptd: 'Starting untimed measurement, maximum 500000 samples at 1000ms with 0 rampup samples'
ptd-server 2021-08-10 16:19:43,917 [INFO] Sending reply to client 'OK'
ptd-server 2021-08-10 16:31:36,429 [INFO] Got command from the client 'session,2021-08-10_16-19-14,stop,ranging'
ptd-server 2021-08-10 16:31:46,439 [INFO] Sending to ptd: 'Stop'
ptd-server 2021-08-10 16:31:46,439 [INFO] Reply from ptd: 'Stopping untimed measurement'
ptd-server 2021-08-10 16:31:46,460 [INFO] Sending reply to client 'OK'
ptd-server 2021-08-10 16:31:46,581 [INFO] Got command from the client 'time'
ptd-server 2021-08-10 16:31:46,581 [INFO] Sending reply to client '1628631106.5816622'
ptd-server 2021-08-10 16:31:46,582 [INFO] Got command from the client 'session,2021-08-10_16-19-14,start,testing'
ptd-server 2021-08-10 16:31:46,582 [INFO] Sending to ptd: 'SR,V,118.770000'
ptd-server 2021-08-10 16:31:48,419 [INFO] Reply from ptd: 'Range V changed'
ptd-server 2021-08-10 16:31:48,419 [INFO] Sending to ptd: 'SR,A,7.529000'
ptd-server 2021-08-10 16:31:49,921 [INFO] Reply from ptd: 'Range A changed'
ptd-server 2021-08-10 16:31:59,932 [INFO] Starting testing mode
ptd-server 2021-08-10 16:31:59,932 [INFO] Sending to ptd: 'Go,1000,0,2021-08-10_16-19-14_testing'
ptd-server 2021-08-10 16:31:59,933 [INFO] Reply from ptd: 'Starting untimed measurement, maximum 500000 samples at 1000ms with 0 rampup samples'
ptd-server 2021-08-10 16:31:59,933 [INFO] Sending reply to client 'OK'
ptd-server 2021-08-10 16:43:53,297 [INFO] Got command from the client 'session,2021-08-10_16-19-14,stop,testing'
ptd-server 2021-08-10 16:44:03,307 [INFO] Sending to ptd: 'Stop'
ptd-server 2021-08-10 16:44:03,308 [INFO] Reply from ptd: 'Stopping untimed measurement'
ptd-server 2021-08-10 16:44:03,319 [INFO] Sending reply to client 'OK'
ptd-server 2021-08-10 16:44:03,325 [INFO] Got command from the client 'session,2021-08-10_16-19-14,done'
ptd-server 2021-08-10 16:44:03,326 [INFO] Sending to ptd: 'Stop'
ptd-server 2021-08-10 16:44:03,934 [INFO] Reply from ptd: 'Error: no measurement to stop'
ptd-server 2021-08-10 16:44:03,934 [INFO] Sending to ptd: 'SR,V,Auto'
ptd-server 2021-08-10 16:44:04,437 [INFO] Reply from ptd: 'Range V changed'
ptd-server 2021-08-10 16:44:04,438 [INFO] Sending to ptd: 'SR,A,Auto'
ptd-server 2021-08-10 16:44:04,941 [INFO] Reply from ptd: 'Range A changed'
ptd-server 2021-08-10 16:44:04,941 [INFO] Set initial values for Amps Auto and Volts Auto
ptd-server 2021-08-10 16:44:04,941 [INFO] Stopping ptd...
