ptd-server 2021-08-10 04:52:00,420 [INFO] Got command from the client 'stop'
ptd-server 2021-08-10 04:52:00,420 [INFO] The server will be stopped after processing this client
ptd-server 2021-08-10 04:52:00,420 [INFO] Sending reply to client 'OK'
ptd-server 2021-08-10 04:52:00,623 [INFO] Got command from the client 'time'
ptd-server 2021-08-10 04:52:00,639 [INFO] Sending reply to client '1628596320.6394808'
ptd-server 2021-08-10 04:52:00,639 [INFO] Got command from the client 'new,,9f08ede1-6e90-420d-8440-32c6b259617e'
ptd-server 2021-08-10 04:52:00,639 [INFO] Sending reply to client 'OK 2021-08-10_04-52-00,353d2fc1-779a-4907-b945-327c8bd37bbf'
ptd-server 2021-08-10 04:52:00,840 [INFO] Got command from the client 'time'
ptd-server 2021-08-10 04:52:00,840 [INFO] Sending reply to client '1628596320.840039'
ptd-server 2021-08-10 04:52:00,840 [INFO] Got command from the client 'session,2021-08-10_04-52-00,start,ranging'
ptd-server 2021-08-10 04:52:00,949 [INFO] Running PTDaemon: ['C:\\PTD\\ptd-windows-x86.exe', '-l', 'C:\\Users\\lab\\AppData\\Local\\Temp\\tmpg4pqp26f\\ptd_logfile.txt', '-p', '8888', '-c', '1,3', '-y', '77', '172.22.0.90']
ptd-server 2021-08-10 04:52:20,092 [INFO] Sending to ptd: 'Hello'
ptd-server 2021-08-10 04:52:20,092 [INFO] Reply from ptd: 'Hello, PTDaemon here!'
ptd-server 2021-08-10 04:52:20,092 [INFO] Sending to ptd: 'Identify'
ptd-server 2021-08-10 04:52:20,092 [INFO] Reply from ptd: 'YokogawaWT330_multichannel,1000,1,1,1,1,0,0,1,version=1.9.2-3976349f-20201208,OS=Windows 8 / Server 2012,mode=power,1,1,2,0,0,no_cal_date,YOKOGAWA;WT333E;C2WA21018V;F1.04'
ptd-server 2021-08-10 04:52:20,092 [INFO] Connected to PTDaemon
ptd-server 2021-08-10 04:52:20,092 [INFO] Sending to ptd: 'RR'
ptd-server 2021-08-10 04:52:20,092 [INFO] Reply from ptd: 'Ranges,0,20.000000,1,300.000000'
ptd-server 2021-08-10 04:52:20,092 [INFO] Initial range for Amps is 20.000000 for Volts is Auto
ptd-server 2021-08-10 04:52:20,092 [INFO] Sending to ptd: 'SR,V,Auto'
ptd-server 2021-08-10 04:52:25,168 [INFO] Reply from ptd: 'Range V changed'
ptd-server 2021-08-10 04:52:25,168 [INFO] Sending to ptd: 'SR,A,20'
ptd-server 2021-08-10 04:52:30,749 [INFO] Reply from ptd: 'Range A changed'
ptd-server 2021-08-10 04:52:40,753 [INFO] Starting ranging mode
ptd-server 2021-08-10 04:52:40,753 [INFO] Sending to ptd: 'Go,1000,0,2021-08-10_04-52-00_ranging'
ptd-server 2021-08-10 04:52:40,753 [INFO] Reply from ptd: 'Starting untimed measurement, maximum 500000 samples at 1000ms with 0 rampup samples'
ptd-server 2021-08-10 04:52:40,753 [INFO] Sending reply to client 'OK'
ptd-server 2021-08-10 05:09:48,008 [INFO] Got command from the client 'session,2021-08-10_04-52-00,stop,ranging'
ptd-server 2021-08-10 05:09:58,010 [INFO] Sending to ptd: 'Stop'
ptd-server 2021-08-10 05:09:58,010 [INFO] Reply from ptd: 'Stopping untimed measurement'
ptd-server 2021-08-10 05:09:58,057 [INFO] Sending reply to client 'OK'
ptd-server 2021-08-10 05:09:58,311 [INFO] Got command from the client 'time'
ptd-server 2021-08-10 05:09:58,311 [INFO] Sending reply to client '1628597398.311337'
ptd-server 2021-08-10 05:09:58,311 [INFO] Got command from the client 'session,2021-08-10_04-52-00,start,testing'
ptd-server 2021-08-10 05:09:58,311 [INFO] Sending to ptd: 'SR,V,234.580000'
ptd-server 2021-08-10 05:10:04,851 [INFO] Reply from ptd: 'Range V changed'
ptd-server 2021-08-10 05:10:04,851 [INFO] Sending to ptd: 'SR,A,5.358000'
ptd-server 2021-08-10 05:10:10,448 [INFO] Reply from ptd: 'Range A changed'
ptd-server 2021-08-10 05:10:20,459 [INFO] Starting testing mode
ptd-server 2021-08-10 05:10:20,459 [INFO] Sending to ptd: 'Go,1000,0,2021-08-10_04-52-00_testing'
ptd-server 2021-08-10 05:10:20,459 [INFO] Reply from ptd: 'Starting untimed measurement, maximum 500000 samples at 1000ms with 0 rampup samples'
ptd-server 2021-08-10 05:10:20,459 [INFO] Sending reply to client 'OK'
ptd-server 2021-08-10 05:27:33,581 [INFO] Got command from the client 'session,2021-08-10_04-52-00,stop,testing'
ptd-server 2021-08-10 05:27:43,588 [INFO] Sending to ptd: 'Stop'
ptd-server 2021-08-10 05:27:43,588 [INFO] Reply from ptd: 'Stopping untimed measurement'
ptd-server 2021-08-10 05:27:43,604 [INFO] Sending reply to client 'OK'
ptd-server 2021-08-10 05:27:43,779 [INFO] Got command from the client 'session,2021-08-10_04-52-00,done'
ptd-server 2021-08-10 05:27:43,779 [INFO] Sending to ptd: 'Stop'
ptd-server 2021-08-10 05:27:44,463 [INFO] Reply from ptd: 'Error: no measurement to stop'
ptd-server 2021-08-10 05:27:44,463 [INFO] Sending to ptd: 'SR,V,Auto'
ptd-server 2021-08-10 05:27:49,543 [INFO] Reply from ptd: 'Range V changed'
ptd-server 2021-08-10 05:27:49,543 [INFO] Sending to ptd: 'SR,A,20.000000'
ptd-server 2021-08-10 05:27:55,125 [INFO] Reply from ptd: 'Range A changed'
ptd-server 2021-08-10 05:27:55,125 [INFO] Set initial values for Amps 20.000000 and Volts Auto
ptd-server 2021-08-10 05:27:55,125 [INFO] Stopping ptd...
