ptd-server 2021-08-12 10:40:50,421 [INFO] Got command from the client 'stop'
ptd-server 2021-08-12 10:40:50,421 [INFO] The server will be stopped after processing this client
ptd-server 2021-08-12 10:40:50,421 [INFO] Sending reply to client 'OK'
ptd-server 2021-08-12 10:40:50,421 [INFO] Got command from the client 'time'
ptd-server 2021-08-12 10:40:50,421 [INFO] Sending reply to client '1628764850.4219186'
ptd-server 2021-08-12 10:40:50,431 [INFO] Got command from the client 'new,,7c48d49c-ad46-478e-aabd-3b78eb7c42ae'
ptd-server 2021-08-12 10:40:50,431 [INFO] Sending reply to client 'OK 2021-08-12_10-40-50,71ed6733-6b5c-4d81-a140-b3838cb287a4'
ptd-server 2021-08-12 10:40:50,431 [INFO] Got command from the client 'time'
ptd-server 2021-08-12 10:40:50,431 [INFO] Sending reply to client '1628764850.4319186'
ptd-server 2021-08-12 10:40:50,431 [INFO] Got command from the client 'session,2021-08-12_10-40-50,start,ranging'
ptd-server 2021-08-12 10:40:50,532 [INFO] Running PTDaemon: ['.\\ptd-windows-x86.exe', '-l', 'C:\\Users\\root\\AppData\\Local\\Temp\\tmpbbj8irs7\\ptd_logfile.txt', '-p', '8888', '-g', '8', '1']
ptd-server 2021-08-12 10:41:03,210 [INFO] Sending to ptd: 'Hello'
ptd-server 2021-08-12 10:41:03,210 [INFO] Reply from ptd: 'Hello, PTDaemon here!'
ptd-server 2021-08-12 10:41:03,210 [INFO] Sending to ptd: 'Identify'
ptd-server 2021-08-12 10:41:03,210 [INFO] Reply from ptd: 'YokogawaWT210,1000,1,1,1,1,0,0,1,version=1.9.2-3976349f-20201208,OS=Windows 8 / Server 2012,mode=power,1,1,1,0,0,no_cal_date,YOKOGAWA;760401;0;F1.12'
ptd-server 2021-08-12 10:41:03,210 [INFO] Connected to PTDaemon
ptd-server 2021-08-12 10:41:03,210 [INFO] Sending to ptd: 'RR'
ptd-server 2021-08-12 10:41:03,210 [INFO] Reply from ptd: 'Ranges,1,5.000000,1,150.000000'
ptd-server 2021-08-12 10:41:03,210 [INFO] Initial range for Amps is Auto for Volts is Auto
ptd-server 2021-08-12 10:41:03,210 [INFO] Sending to ptd: 'SR,V,Auto'
ptd-server 2021-08-12 10:41:03,730 [INFO] Reply from ptd: 'Range V changed'
ptd-server 2021-08-12 10:41:03,730 [INFO] Sending to ptd: 'SR,A,Auto'
ptd-server 2021-08-12 10:41:04,250 [INFO] Reply from ptd: 'Range A changed'
ptd-server 2021-08-12 10:41:14,259 [INFO] Starting ranging mode
ptd-server 2021-08-12 10:41:14,259 [INFO] Sending to ptd: 'Go,1000,0,2021-08-12_10-40-50_ranging'
ptd-server 2021-08-12 10:41:14,259 [INFO] Reply from ptd: 'Starting untimed measurement, maximum 500000 samples at 1000ms with 0 rampup samples'
ptd-server 2021-08-12 10:41:14,259 [INFO] Sending reply to client 'OK'
ptd-server 2021-08-12 10:56:45,411 [INFO] Got command from the client 'session,2021-08-12_10-40-50,stop,ranging'
ptd-server 2021-08-12 10:56:55,418 [INFO] Sending to ptd: 'Stop'
ptd-server 2021-08-12 10:56:55,418 [INFO] Reply from ptd: 'Stopping untimed measurement'
ptd-server 2021-08-12 10:56:55,438 [INFO] Sending reply to client 'OK'
ptd-server 2021-08-12 10:56:55,458 [INFO] Got command from the client 'time'
ptd-server 2021-08-12 10:56:55,458 [INFO] Sending reply to client '1628765815.4584415'
ptd-server 2021-08-12 10:56:55,458 [INFO] Got command from the client 'session,2021-08-12_10-40-50,start,testing'
ptd-server 2021-08-12 10:56:55,458 [INFO] Sending to ptd: 'SR,V,121.460000'
ptd-server 2021-08-12 10:56:57,789 [INFO] Reply from ptd: 'Range V changed'
ptd-server 2021-08-12 10:56:57,789 [INFO] Sending to ptd: 'SR,A,4.891000'
ptd-server 2021-08-12 10:56:59,321 [INFO] Reply from ptd: 'Range A changed'
ptd-server 2021-08-12 10:57:09,328 [INFO] Starting testing mode
ptd-server 2021-08-12 10:57:09,328 [INFO] Sending to ptd: 'Go,1000,0,2021-08-12_10-40-50_testing'
ptd-server 2021-08-12 10:57:09,328 [INFO] Reply from ptd: 'Starting untimed measurement, maximum 500000 samples at 1000ms with 0 rampup samples'
ptd-server 2021-08-12 10:57:09,328 [INFO] Sending reply to client 'OK'
ptd-server 2021-08-12 11:12:41,306 [INFO] Got command from the client 'session,2021-08-12_10-40-50,stop,testing'
ptd-server 2021-08-12 11:12:51,315 [INFO] Sending to ptd: 'Stop'
ptd-server 2021-08-12 11:12:51,315 [INFO] Reply from ptd: 'Stopping untimed measurement'
ptd-server 2021-08-12 11:12:51,335 [INFO] Sending reply to client 'OK'
ptd-server 2021-08-12 11:12:51,335 [INFO] Got command from the client 'session,2021-08-12_10-40-50,done'
ptd-server 2021-08-12 11:12:51,345 [INFO] Sending to ptd: 'Stop'
ptd-server 2021-08-12 11:12:51,345 [INFO] Reply from ptd: 'Error: no measurement to stop'
ptd-server 2021-08-12 11:12:51,345 [INFO] Sending to ptd: 'SR,V,Auto'
ptd-server 2021-08-12 11:12:51,866 [INFO] Reply from ptd: 'Range V changed'
ptd-server 2021-08-12 11:12:51,866 [INFO] Sending to ptd: 'SR,A,Auto'
ptd-server 2021-08-12 11:12:52,386 [INFO] Reply from ptd: 'Range A changed'
ptd-server 2021-08-12 11:12:52,386 [INFO] Set initial values for Amps Auto and Volts Auto
ptd-server 2021-08-12 11:12:52,386 [INFO] Stopping ptd...
