ptd-server 2021-08-07 14:16:13,996 [INFO] Got command from the client 'time'
ptd-server 2021-08-07 14:16:13,996 [INFO] Sending reply to client '1628342173.9966223'
ptd-server 2021-08-07 14:16:13,998 [INFO] Got command from the client 'new,,0468b32d-1364-4dd0-bc01-dffc763848c5'
ptd-server 2021-08-07 14:16:13,998 [INFO] Sending reply to client 'OK 2021-08-07_14-16-13,dce4c73f-2b78-48da-8427-8f6b46054145'
ptd-server 2021-08-07 14:16:14,037 [INFO] Got command from the client 'time'
ptd-server 2021-08-07 14:16:14,037 [INFO] Sending reply to client '1628342174.037574'
ptd-server 2021-08-07 14:16:14,040 [INFO] Got command from the client 'session,2021-08-07_14-16-13,start,ranging'
ptd-server 2021-08-07 14:16:14,040 [INFO] Running PTDaemon: ['/home/anton/projects/mlperf/power/inference_v1.0/ptd-linux-x86', '-l', '/tmp/tmpr3iqmcco/ptd_logfile.txt', '-p', '8888', '49', '/dev/usbtmc0']
ptd-server 2021-08-07 14:16:31,212 [INFO] Sending to ptd: 'Hello'
ptd-server 2021-08-07 14:16:31,213 [INFO] Reply from ptd: 'Hello, PTDaemon here!'
ptd-server 2021-08-07 14:16:31,213 [INFO] Sending to ptd: 'Identify'
ptd-server 2021-08-07 14:16:31,213 [INFO] Reply from ptd: 'YokogawaWT310E,1000,1,1,1,1,0,1,1,version=1.9.2-e8c7a49a-20201208,OS=Linux 5.8.0-63-generic #71~20.04.1-Ubuntu SMP Thu Jul 15 17:46:08 UTC 2021 x86_64,mode=power,1,1,1,0,0,no_cal_date,YOKOGAWA;WT310E;C3XA04010E;F1.04'
ptd-server 2021-08-07 14:16:31,213 [INFO] Connected to PTDaemon
ptd-server 2021-08-07 14:16:31,213 [INFO] Sending to ptd: 'RR'
ptd-server 2021-08-07 14:16:31,214 [INFO] Reply from ptd: 'Ranges,0,0.500000,0,300.000000'
ptd-server 2021-08-07 14:16:31,214 [INFO] Initial range for Amps is 0.500000 for Volts is 300.000000
ptd-server 2021-08-07 14:16:31,214 [INFO] Sending to ptd: 'SR,V,Auto'
ptd-server 2021-08-07 14:16:31,716 [INFO] Reply from ptd: 'Range V changed'
ptd-server 2021-08-07 14:16:31,717 [INFO] Sending to ptd: 'SR,A,Auto'
ptd-server 2021-08-07 14:16:32,219 [INFO] Reply from ptd: 'Range A changed'
ptd-server 2021-08-07 14:16:42,228 [INFO] Starting ranging mode
ptd-server 2021-08-07 14:16:42,228 [INFO] Sending to ptd: 'Go,1000,0,2021-08-07_14-16-13_ranging'
ptd-server 2021-08-07 14:16:42,228 [INFO] Reply from ptd: 'Starting untimed measurement, maximum 500000 samples at 1000ms with 0 rampup samples'
ptd-server 2021-08-07 14:16:42,229 [INFO] Sending reply to client 'OK'
ptd-server 2021-08-07 14:27:01,994 [INFO] Got command from the client 'session,2021-08-07_14-16-13,stop,ranging'
ptd-server 2021-08-07 14:27:12,004 [INFO] Sending to ptd: 'Stop'
ptd-server 2021-08-07 14:27:12,005 [INFO] Reply from ptd: 'Stopping untimed measurement'
ptd-server 2021-08-07 14:27:12,028 [INFO] Sending reply to client 'OK'
ptd-server 2021-08-07 14:27:12,106 [INFO] Got command from the client 'time'
ptd-server 2021-08-07 14:27:12,107 [INFO] Sending reply to client '1628342832.1070983'
ptd-server 2021-08-07 14:27:12,109 [INFO] Got command from the client 'session,2021-08-07_14-16-13,start,testing'
ptd-server 2021-08-07 14:27:12,109 [INFO] Sending to ptd: 'SR,V,250.850000'
ptd-server 2021-08-07 14:27:13,729 [INFO] Reply from ptd: 'Range V changed'
ptd-server 2021-08-07 14:27:13,729 [INFO] Sending to ptd: 'SR,A,0.229470'
ptd-server 2021-08-07 14:27:15,231 [INFO] Reply from ptd: 'Range A changed'
ptd-server 2021-08-07 14:27:25,241 [INFO] Starting testing mode
ptd-server 2021-08-07 14:27:25,241 [INFO] Sending to ptd: 'Go,1000,0,2021-08-07_14-16-13_testing'
ptd-server 2021-08-07 14:27:25,241 [INFO] Reply from ptd: 'Starting untimed measurement, maximum 500000 samples at 1000ms with 0 rampup samples'
ptd-server 2021-08-07 14:27:25,242 [INFO] Sending reply to client 'OK'
ptd-server 2021-08-07 14:37:44,935 [INFO] Got command from the client 'session,2021-08-07_14-16-13,stop,testing'
ptd-server 2021-08-07 14:37:54,946 [INFO] Sending to ptd: 'Stop'
ptd-server 2021-08-07 14:37:54,946 [INFO] Reply from ptd: 'Stopping untimed measurement'
ptd-server 2021-08-07 14:37:54,959 [INFO] Sending reply to client 'OK'
ptd-server 2021-08-07 14:37:54,980 [INFO] Got command from the client 'session,2021-08-07_14-16-13,done'
ptd-server 2021-08-07 14:37:54,980 [INFO] Sending to ptd: 'Stop'
ptd-server 2021-08-07 14:37:55,241 [INFO] Reply from ptd: 'Error: no measurement to stop'
ptd-server 2021-08-07 14:37:55,242 [INFO] Sending to ptd: 'SR,V,300.000000'
ptd-server 2021-08-07 14:37:56,743 [INFO] Reply from ptd: 'Range V changed'
ptd-server 2021-08-07 14:37:56,743 [INFO] Sending to ptd: 'SR,A,0.500000'
ptd-server 2021-08-07 14:37:58,245 [INFO] Reply from ptd: 'Range A changed'
ptd-server 2021-08-07 14:37:58,245 [INFO] Set initial values for Amps 0.500000 and Volts 300.000000
ptd-server 2021-08-07 14:37:58,245 [INFO] Stopping ptd...
