ptd-server 2021-08-13 15:02:28,725 [INFO] Got command from the client 'stop'
ptd-server 2021-08-13 15:02:28,725 [INFO] The server will be stopped after processing this client
ptd-server 2021-08-13 15:02:28,725 [INFO] Sending reply to client 'OK'
ptd-server 2021-08-13 15:02:28,732 [INFO] Got command from the client 'time'
ptd-server 2021-08-13 15:02:28,732 [INFO] Sending reply to client '1628866948.7329736'
ptd-server 2021-08-13 15:02:28,734 [INFO] Got command from the client 'new,,3c59830b-2dcb-4d24-8095-ec5a5b4b3452'
ptd-server 2021-08-13 15:02:28,735 [INFO] Sending reply to client 'OK 2021-08-13_15-02-28,b520e02e-c1b8-4dd0-9ac2-44802af25682'
ptd-server 2021-08-13 15:02:28,740 [INFO] Got command from the client 'time'
ptd-server 2021-08-13 15:02:28,741 [INFO] Sending reply to client '1628866948.74126'
ptd-server 2021-08-13 15:02:28,742 [INFO] Got command from the client 'session,2021-08-13_15-02-28,start,ranging'
ptd-server 2021-08-13 15:02:28,850 [INFO] Running PTDaemon: ['.\\ptd-windows-x86.exe', '-l', 'C:\\Users\\root\\AppData\\Local\\Temp\\tmpm0atrne1\\ptd_logfile.txt', '-p', '8888', '-g', '8', '1']
ptd-server 2021-08-13 15:02:41,576 [INFO] Sending to ptd: 'Hello'
ptd-server 2021-08-13 15:02:41,577 [INFO] Reply from ptd: 'Hello, PTDaemon here!'
ptd-server 2021-08-13 15:02:41,578 [INFO] Sending to ptd: 'Identify'
ptd-server 2021-08-13 15:02:41,579 [INFO] Reply from ptd: 'YokogawaWT210,1000,1,1,1,1,0,0,1,version=1.9.2-3976349f-20201208,OS=Windows 8 / Server 2012,mode=power,1,1,1,0,0,no_cal_date,YOKOGAWA;760401;0;F1.12'
ptd-server 2021-08-13 15:02:41,580 [INFO] Connected to PTDaemon
ptd-server 2021-08-13 15:02:41,580 [INFO] Sending to ptd: 'RR'
ptd-server 2021-08-13 15:02:41,581 [INFO] Reply from ptd: 'Ranges,1,5.000000,1,150.000000'
ptd-server 2021-08-13 15:02:41,581 [INFO] Initial range for Amps is Auto for Volts is Auto
ptd-server 2021-08-13 15:02:41,582 [INFO] Sending to ptd: 'SR,V,Auto'
ptd-server 2021-08-13 15:02:42,111 [INFO] Reply from ptd: 'Range V changed'
ptd-server 2021-08-13 15:02:42,112 [INFO] Sending to ptd: 'SR,A,Auto'
ptd-server 2021-08-13 15:02:42,642 [INFO] Reply from ptd: 'Range A changed'
ptd-server 2021-08-13 15:02:52,652 [INFO] Starting ranging mode
ptd-server 2021-08-13 15:02:52,653 [INFO] Sending to ptd: 'Go,1000,0,2021-08-13_15-02-28_ranging'
ptd-server 2021-08-13 15:02:52,653 [INFO] Reply from ptd: 'Starting untimed measurement, maximum 500000 samples at 1000ms with 0 rampup samples'
ptd-server 2021-08-13 15:02:52,655 [INFO] Sending reply to client 'OK'
ptd-server 2021-08-13 15:16:59,036 [INFO] Got command from the client 'session,2021-08-13_15-02-28,stop,ranging'
ptd-server 2021-08-13 15:17:09,051 [INFO] Sending to ptd: 'Stop'
ptd-server 2021-08-13 15:17:09,052 [INFO] Reply from ptd: 'Stopping untimed measurement'
ptd-server 2021-08-13 15:17:09,075 [INFO] Sending reply to client 'OK'
ptd-server 2021-08-13 15:17:09,104 [INFO] Got command from the client 'time'
ptd-server 2021-08-13 15:17:09,105 [INFO] Sending reply to client '1628867829.1056294'
ptd-server 2021-08-13 15:17:09,106 [INFO] Got command from the client 'session,2021-08-13_15-02-28,start,testing'
ptd-server 2021-08-13 15:17:09,107 [INFO] Sending to ptd: 'SR,V,120.570000'
ptd-server 2021-08-13 15:17:11,191 [INFO] Reply from ptd: 'Range V changed'
ptd-server 2021-08-13 15:17:11,192 [INFO] Sending to ptd: 'SR,A,4.837900'
ptd-server 2021-08-13 15:17:12,710 [INFO] Reply from ptd: 'Range A changed'
ptd-server 2021-08-13 15:17:22,712 [INFO] Starting testing mode
ptd-server 2021-08-13 15:17:22,712 [INFO] Sending to ptd: 'Go,1000,0,2021-08-13_15-02-28_testing'
ptd-server 2021-08-13 15:17:22,713 [INFO] Reply from ptd: 'Starting untimed measurement, maximum 500000 samples at 1000ms with 0 rampup samples'
ptd-server 2021-08-13 15:17:22,714 [INFO] Sending reply to client 'OK'
ptd-server 2021-08-13 15:31:05,260 [INFO] Got command from the client 'session,2021-08-13_15-02-28,stop,testing'
ptd-server 2021-08-13 15:31:15,262 [INFO] Sending to ptd: 'Stop'
ptd-server 2021-08-13 15:31:15,263 [INFO] Reply from ptd: 'Stopping untimed measurement'
ptd-server 2021-08-13 15:31:15,279 [INFO] Sending reply to client 'OK'
ptd-server 2021-08-13 15:31:15,311 [INFO] Got command from the client 'session,2021-08-13_15-02-28,done'
ptd-server 2021-08-13 15:31:15,311 [INFO] Sending to ptd: 'Stop'
ptd-server 2021-08-13 15:31:15,731 [INFO] Reply from ptd: 'Error: no measurement to stop'
ptd-server 2021-08-13 15:31:15,731 [INFO] Sending to ptd: 'SR,V,Auto'
ptd-server 2021-08-13 15:31:16,250 [INFO] Reply from ptd: 'Range V changed'
ptd-server 2021-08-13 15:31:16,251 [INFO] Sending to ptd: 'SR,A,Auto'
ptd-server 2021-08-13 15:31:16,781 [INFO] Reply from ptd: 'Range A changed'
ptd-server 2021-08-13 15:31:16,782 [INFO] Set initial values for Amps Auto and Volts Auto
ptd-server 2021-08-13 15:31:16,783 [INFO] Stopping ptd...
