ptd-server 2021-08-05 01:26:27,068 [INFO] Got command from the client 'stop'
ptd-server 2021-08-05 01:26:27,068 [INFO] The server will be stopped after processing this client
ptd-server 2021-08-05 01:26:27,068 [INFO] Sending reply to client 'OK'
ptd-server 2021-08-05 01:26:27,284 [INFO] Got command from the client 'time'
ptd-server 2021-08-05 01:26:27,284 [INFO] Sending reply to client '1628151987.2849193'
ptd-server 2021-08-05 01:26:27,284 [INFO] Got command from the client 'new,,b84304f3-77ef-4fae-b62f-95a39358c89a'
ptd-server 2021-08-05 01:26:27,287 [INFO] Sending reply to client 'OK 2021-08-05_01-26-27,d702195f-7545-47b8-81c1-6136f0873adb'
ptd-server 2021-08-05 01:26:27,490 [INFO] Got command from the client 'time'
ptd-server 2021-08-05 01:26:27,490 [INFO] Sending reply to client '1628151987.490123'
ptd-server 2021-08-05 01:26:27,490 [INFO] Got command from the client 'session,2021-08-05_01-26-27,start,ranging'
ptd-server 2021-08-05 01:26:27,599 [INFO] Running PTDaemon: ['C:\\PTD\\ptd-windows-x86.exe', '-l', 'C:\\Users\\lab\\AppData\\Local\\Temp\\tmpay2b60pi\\ptd_logfile.txt', '-p', '8888', '-c', '1,3', '-y', '77', '10.117.41.199']
ptd-server 2021-08-05 01:26:46,651 [INFO] Sending to ptd: 'Hello'
ptd-server 2021-08-05 01:26:46,651 [INFO] Reply from ptd: 'Hello, PTDaemon here!'
ptd-server 2021-08-05 01:26:46,651 [INFO] Sending to ptd: 'Identify'
ptd-server 2021-08-05 01:26:46,651 [INFO] Reply from ptd: 'YokogawaWT330_multichannel,1000,1,1,1,1,0,0,1,version=1.9.2-3976349f-20201208,OS=Windows 8 / Server 2012,mode=power,1,1,2,0,0,no_cal_date,YOKOGAWA;WT333E;C2WL21011V;F1.04'
ptd-server 2021-08-05 01:26:46,651 [INFO] Connected to PTDaemon
ptd-server 2021-08-05 01:26:46,651 [INFO] Sending to ptd: 'RR'
ptd-server 2021-08-05 01:26:46,651 [INFO] Reply from ptd: 'Ranges,0,20.000000,1,300.000000'
ptd-server 2021-08-05 01:26:46,651 [INFO] Initial range for Amps is 20.000000 for Volts is Auto
ptd-server 2021-08-05 01:26:46,651 [INFO] Sending to ptd: 'SR,V,Auto'
ptd-server 2021-08-05 01:26:51,724 [INFO] Reply from ptd: 'Range V changed'
ptd-server 2021-08-05 01:26:51,724 [INFO] Sending to ptd: 'SR,A,20'
ptd-server 2021-08-05 01:26:57,314 [INFO] Reply from ptd: 'Range A changed'
ptd-server 2021-08-05 01:27:07,323 [INFO] Starting ranging mode
ptd-server 2021-08-05 01:27:07,323 [INFO] Sending to ptd: 'Go,1000,0,2021-08-05_01-26-27_ranging'
ptd-server 2021-08-05 01:27:07,323 [INFO] Reply from ptd: 'Starting untimed measurement, maximum 500000 samples at 1000ms with 0 rampup samples'
ptd-server 2021-08-05 01:27:07,323 [INFO] Sending reply to client 'OK'
ptd-server 2021-08-05 01:40:26,851 [INFO] Got command from the client 'session,2021-08-05_01-26-27,stop,ranging'
ptd-server 2021-08-05 01:40:36,882 [INFO] Sending to ptd: 'Stop'
ptd-server 2021-08-05 01:40:36,882 [INFO] Reply from ptd: 'Stopping untimed measurement'
ptd-server 2021-08-05 01:40:36,928 [INFO] Sending reply to client 'OK'
ptd-server 2021-08-05 01:40:37,171 [INFO] Got command from the client 'time'
ptd-server 2021-08-05 01:40:37,171 [INFO] Sending reply to client '1628152837.1715367'
ptd-server 2021-08-05 01:40:37,171 [INFO] Got command from the client 'session,2021-08-05_01-26-27,start,testing'
ptd-server 2021-08-05 01:40:37,171 [INFO] Sending to ptd: 'SR,V,206.150000'
ptd-server 2021-08-05 01:40:43,410 [INFO] Reply from ptd: 'Range V changed'
ptd-server 2021-08-05 01:40:43,410 [INFO] Sending to ptd: 'SR,A,3.462000'
ptd-server 2021-08-05 01:40:49,008 [INFO] Reply from ptd: 'Range A changed'
ptd-server 2021-08-05 01:40:59,022 [INFO] Starting testing mode
ptd-server 2021-08-05 01:40:59,022 [INFO] Sending to ptd: 'Go,1000,0,2021-08-05_01-26-27_testing'
ptd-server 2021-08-05 01:40:59,022 [INFO] Reply from ptd: 'Starting untimed measurement, maximum 500000 samples at 1000ms with 0 rampup samples'
ptd-server 2021-08-05 01:40:59,022 [INFO] Sending reply to client 'OK'
ptd-server 2021-08-05 01:54:19,494 [INFO] Got command from the client 'session,2021-08-05_01-26-27,stop,testing'
ptd-server 2021-08-05 01:54:29,500 [INFO] Sending to ptd: 'Stop'
ptd-server 2021-08-05 01:54:29,500 [INFO] Reply from ptd: 'Stopping untimed measurement'
ptd-server 2021-08-05 01:54:29,516 [INFO] Sending reply to client 'OK'
ptd-server 2021-08-05 01:54:29,563 [INFO] Got command from the client 'session,2021-08-05_01-26-27,done'
ptd-server 2021-08-05 01:54:29,563 [INFO] Sending to ptd: 'Stop'
ptd-server 2021-08-05 01:54:30,032 [INFO] Reply from ptd: 'Error: no measurement to stop'
ptd-server 2021-08-05 01:54:30,032 [INFO] Sending to ptd: 'SR,V,Auto'
ptd-server 2021-08-05 01:54:35,101 [INFO] Reply from ptd: 'Range V changed'
ptd-server 2021-08-05 01:54:35,101 [INFO] Sending to ptd: 'SR,A,20.000000'
ptd-server 2021-08-05 01:54:40,685 [INFO] Reply from ptd: 'Range A changed'
ptd-server 2021-08-05 01:54:40,685 [INFO] Set initial values for Amps 20.000000 and Volts Auto
ptd-server 2021-08-05 01:54:40,685 [INFO] Stopping ptd...
