client 2021-08-10 06:06:31,361 [INFO] Sending command to the server: 'mlcommons/power client v3'
client 2021-08-10 06:06:31,363 [INFO] Got response: 'mlcommons/power server v3'
client 2021-08-10 06:06:31,363 [INFO] Sending command to the server: 'stop'
client 2021-08-10 06:06:31,364 [INFO] Got response: 'OK'
client 2021-08-10 06:06:31,364 [INFO] Synchronizing with the server and with ib-01.dc4-in.nvidia.com...
client 2021-08-10 06:06:31,596 [INFO] NTP:offset = 0.168 s, delay = 0.211 s 
client 2021-08-10 06:06:31,596 [INFO] Sending command to the server: 'time'
client 2021-08-10 06:06:31,599 [INFO] Got response: '1628600791.800618'
client 2021-08-10 06:06:31,599 [INFO] The time difference between the client and the server is within range -204.423 ms..-201.273 ms
client 2021-08-10 06:06:31,599 [WARNING] The time difference between the client and the server is more than 200 ms
client 2021-08-10 06:06:31,599 [INFO] Sending command to the server: 'set_ntp'
client 2021-08-10 06:06:32,815 [INFO] Got response: 'OK'
client 2021-08-10 06:06:32,815 [INFO] Synchronizing with ib-01.dc4-in.nvidia.com time using NTP...
client 2021-08-10 06:06:41,091 [INFO] Set system time at 2021-08-10 06:06:41.091311
client 2021-08-10 06:06:41,293 [INFO] NTP:offset = 0.000 s, delay = 0.201 s 
client 2021-08-10 06:06:41,293 [INFO] Sending command to the server: 'time'
client 2021-08-10 06:06:41,299 [INFO] Got response: '1628600801.2926512'
client 2021-08-10 06:06:41,299 [INFO] The time difference between the client and the server is within range 0.668 ms..6.780 ms
client 2021-08-10 06:06:41,299 [INFO] Sending command to the server: 'new,,7e4b10c1-178c-475c-b589-5373bdc647da'
client 2021-08-10 06:06:41,301 [INFO] Got response: 'OK 2021-08-10_06-06-41,fd4371fa-18e3-4ea5-8d6b-3bdef83855b2'
client 2021-08-10 06:06:41,301 [INFO] Session id is '2021-08-10_06-06-41'
client 2021-08-10 06:06:41,301 [INFO] Sources: {"sources": {"__init__.py": "da39a3ee5e6b4b0d3255bfef95601890afd80709", "client.py": "33ca4f26368777ac06e01f9567b714a4b8063886", "lib/__init__.py": "da39a3ee5e6b4b0d3255bfef95601890afd80709", "lib/client.py": "4c2b78fb4849a7e5b584ef792d82aaed20b17f57", "lib/common.py": "624d0c0acc7c39aaff3674f0b99d6a09da53d1dc", "lib/external/__init__.py": "da39a3ee5e6b4b0d3255bfef95601890afd80709", "lib/external/ntplib.py": "4da8f970656505a40483206ef2b5d3dd5e81711d", "lib/server.py": "24ae49fb193809cf47f2c18b1c9c7c866244be4d", "lib/source_hashes.py": "60a2e02193209e8d392803326208d5466342da18", "lib/summary.py": "aa92f0a3f975eecd44d3c0cd0236342ccc9f941d", "lib/time_sync.py": "3210db56eb0ff0df57bf4293dc4d4b03fffd46f1", "server.py": "c3f90f2f7eeb4db30727556d0c815ebc89b3d28b", "tests/unit/__init__.py": "da39a3ee5e6b4b0d3255bfef95601890afd80709", "tests/unit/test_server.py": "99ae15aef722f2000ee6ed1ae1523637bf1ae42b", "tests/unit/test_source_hashes.py": "00468a2907583c593e6574a1f6b404e4651c221a"}, "modules": {"ptd_client_server.lib.client": "lib/client.py", "ptd_client_server.lib.common": "lib/common.py", "ptd_client_server.lib.external.ntplib": "lib/external/ntplib.py", "ptd_client_server.lib.source_hashes": "lib/source_hashes.py", "ptd_client_server.lib.summary": "lib/summary.py", "ptd_client_server.lib.time_sync": "lib/time_sync.py"}}
client 2021-08-10 06:06:41,304 [INFO] Running workload in ranging mode
client 2021-08-10 06:06:41,304 [INFO] Synchronizing with the server and with ib-01.dc4-in.nvidia.com...
client 2021-08-10 06:06:41,506 [INFO] NTP:offset = 0.001 s, delay = 0.202 s 
client 2021-08-10 06:06:41,506 [INFO] Sending command to the server: 'time'
client 2021-08-10 06:06:41,508 [INFO] Got response: '1628600801.495801'
client 2021-08-10 06:06:41,508 [INFO] The time difference between the client and the server is within range 10.947 ms..12.286 ms
client 2021-08-10 06:06:41,508 [INFO] Sending command to the server: 'session,2021-08-10_06-06-41,start,ranging'
client 2021-08-10 06:07:21,489 [INFO] Got response: 'OK'
client 2021-08-10 06:07:21,490 [INFO] Running the workload 'LOG_DIR=/home/scratch.mlperf_inf_ci/mlPerf/L2/A100x8_MaxQ-Computelab-A100x8-MaxQ-L2-12-2021-08-10-06-58-05-UTC/mlperf-inference/closed/NVIDIA/build/power_logs_temp python3 code/main.py --benchmarks=rnnt --scenarios=Offline --test_mode=PerformanceOnly --config_ver=maxq --action="run_harness" \\\n\t\t&& if [ ! -d /home/scratch.mlperf_inf_ci/mlPerf/L2/A100x8_MaxQ-Computelab-A100x8-MaxQ-L2-12-2021-08-10-06-58-05-UTC/mlperf-inference/closed/NVIDIA/build/power_logs/2021.08.10-06.06.20/ranging_tmp ]; \\\n\t\t\tthen mkdir /home/scratch.mlperf_inf_ci/mlPerf/L2/A100x8_MaxQ-Computelab-A100x8-MaxQ-L2-12-2021-08-10-06-58-05-UTC/mlperf-inference/closed/NVIDIA/build/power_logs/2021.08.10-06.06.20/ranging_tmp \\\n\t\t\t\t&& mv /home/scratch.mlperf_inf_ci/mlPerf/L2/A100x8_MaxQ-Computelab-A100x8-MaxQ-L2-12-2021-08-10-06-58-05-UTC/mlperf-inference/closed/NVIDIA/build/power_logs_temp/* /home/scratch.mlperf_inf_ci/mlPerf/L2/A100x8_MaxQ-Computelab-A100x8-MaxQ-L2-12-2021-08-10-06-58-05-UTC/mlperf-inference/closed/NVIDIA/build/power_logs/2021.08.10-06.06.20/ranging_tmp/ \\\n\t\t\t\t&& cp -v /home/scratch.mlperf_inf_ci/mlPerf/L2/A100x8_MaxQ-Computelab-A100x8-MaxQ-L2-12-2021-08-10-06-58-05-UTC/mlperf-inference/closed/NVIDIA/build/power_logs/2021.08.10-06.06.20/ranging_tmp/*/*/*/mlperf_log_detail.txt /home/scratch.mlperf_inf_ci/mlPerf/L2/A100x8_MaxQ-Computelab-A100x8-MaxQ-L2-12-2021-08-10-06-58-05-UTC/mlperf-inference/closed/NVIDIA/build/power_logs_temp/ \\\n\t\t\t\t&& cp -v /home/scratch.mlperf_inf_ci/mlPerf/L2/A100x8_MaxQ-Computelab-A100x8-MaxQ-L2-12-2021-08-10-06-58-05-UTC/mlperf-inference/closed/NVIDIA/build/power_logs/2021.08.10-06.06.20/ranging_tmp/*/*/*/mlperf_log_summary.txt /home/scratch.mlperf_inf_ci/mlPerf/L2/A100x8_MaxQ-Computelab-A100x8-MaxQ-L2-12-2021-08-10-06-58-05-UTC/mlperf-inference/closed/NVIDIA/build/power_logs_temp/; \\\n\t\t\telse mkdir /home/scratch.mlperf_inf_ci/mlPerf/L2/A100x8_MaxQ-Computelab-A100x8-MaxQ-L2-12-2021-08-10-06-58-05-UTC/mlperf-inference/closed/NVIDIA/build/power_logs/2021.08.10-06.06.20/testing_tmp \\\n\t\t\t\t&& mv /home/scratch.mlperf_inf_ci/mlPerf/L2/A100x8_MaxQ-Computelab-A100x8-MaxQ-L2-12-2021-08-10-06-58-05-UTC/mlperf-inference/closed/NVIDIA/build/power_logs_temp/* /home/scratch.mlperf_inf_ci/mlPerf/L2/A100x8_MaxQ-Computelab-A100x8-MaxQ-L2-12-2021-08-10-06-58-05-UTC/mlperf-inference/closed/NVIDIA/build/power_logs/2021.08.10-06.06.20/testing_tmp/ \\\n\t\t\t\t&& cp -v /home/scratch.mlperf_inf_ci/mlPerf/L2/A100x8_MaxQ-Computelab-A100x8-MaxQ-L2-12-2021-08-10-06-58-05-UTC/mlperf-inference/closed/NVIDIA/build/power_logs/2021.08.10-06.06.20/testing_tmp/*/*/*/mlperf_log_detail.txt /home/scratch.mlperf_inf_ci/mlPerf/L2/A100x8_MaxQ-Computelab-A100x8-MaxQ-L2-12-2021-08-10-06-58-05-UTC/mlperf-inference/closed/NVIDIA/build/power_logs_temp/ \\\n\t\t\t\t&& cp -v /home/scratch.mlperf_inf_ci/mlPerf/L2/A100x8_MaxQ-Computelab-A100x8-MaxQ-L2-12-2021-08-10-06-58-05-UTC/mlperf-inference/closed/NVIDIA/build/power_logs/2021.08.10-06.06.20/testing_tmp/*/*/*/mlperf_log_summary.txt /home/scratch.mlperf_inf_ci/mlPerf/L2/A100x8_MaxQ-Computelab-A100x8-MaxQ-L2-12-2021-08-10-06-58-05-UTC/mlperf-inference/closed/NVIDIA/build/power_logs_temp/; fi'
client 2021-08-10 06:22:31,282 [INFO] Sending command to the server: 'session,2021-08-10_06-06-41,stop,ranging'
client 2021-08-10 06:22:41,346 [INFO] Got response: 'OK'
client 2021-08-10 06:22:41,358 [INFO] Copying loadgen logs from '/home/scratch.mlperf_inf_ci/mlPerf/L2/A100x8_MaxQ-Computelab-A100x8-MaxQ-L2-12-2021-08-10-06-58-05-UTC/mlperf-inference/closed/NVIDIA/build/power_logs_temp' to '/home/scratch.mlperf_inf_ci/mlPerf/L2/A100x8_MaxQ-Computelab-A100x8-MaxQ-L2-12-2021-08-10-06-58-05-UTC/mlperf-inference/closed/NVIDIA/build/power_logs/2021.08.10-06.06.20/2021-08-10_06-06-41/ranging'
client 2021-08-10 06:22:41,371 [INFO] Running workload in testing mode
client 2021-08-10 06:22:41,371 [INFO] Synchronizing with the server and with ib-01.dc4-in.nvidia.com...
client 2021-08-10 06:22:41,574 [INFO] NTP:offset = 0.014 s, delay = 0.201 s 
client 2021-08-10 06:22:41,574 [INFO] Sending command to the server: 'time'
client 2021-08-10 06:22:41,575 [INFO] Got response: '1628601761.5790675'
client 2021-08-10 06:22:41,575 [INFO] The time difference between the client and the server is within range -4.708 ms..-3.482 ms
client 2021-08-10 06:22:41,575 [INFO] Sending command to the server: 'session,2021-08-10_06-06-41,start,testing'
client 2021-08-10 06:23:03,274 [INFO] Got response: 'OK'
client 2021-08-10 06:23:03,275 [INFO] Running the workload 'LOG_DIR=/home/scratch.mlperf_inf_ci/mlPerf/L2/A100x8_MaxQ-Computelab-A100x8-MaxQ-L2-12-2021-08-10-06-58-05-UTC/mlperf-inference/closed/NVIDIA/build/power_logs_temp python3 code/main.py --benchmarks=rnnt --scenarios=Offline --test_mode=PerformanceOnly --config_ver=maxq --action="run_harness" \\\n\t\t&& if [ ! -d /home/scratch.mlperf_inf_ci/mlPerf/L2/A100x8_MaxQ-Computelab-A100x8-MaxQ-L2-12-2021-08-10-06-58-05-UTC/mlperf-inference/closed/NVIDIA/build/power_logs/2021.08.10-06.06.20/ranging_tmp ]; \\\n\t\t\tthen mkdir /home/scratch.mlperf_inf_ci/mlPerf/L2/A100x8_MaxQ-Computelab-A100x8-MaxQ-L2-12-2021-08-10-06-58-05-UTC/mlperf-inference/closed/NVIDIA/build/power_logs/2021.08.10-06.06.20/ranging_tmp \\\n\t\t\t\t&& mv /home/scratch.mlperf_inf_ci/mlPerf/L2/A100x8_MaxQ-Computelab-A100x8-MaxQ-L2-12-2021-08-10-06-58-05-UTC/mlperf-inference/closed/NVIDIA/build/power_logs_temp/* /home/scratch.mlperf_inf_ci/mlPerf/L2/A100x8_MaxQ-Computelab-A100x8-MaxQ-L2-12-2021-08-10-06-58-05-UTC/mlperf-inference/closed/NVIDIA/build/power_logs/2021.08.10-06.06.20/ranging_tmp/ \\\n\t\t\t\t&& cp -v /home/scratch.mlperf_inf_ci/mlPerf/L2/A100x8_MaxQ-Computelab-A100x8-MaxQ-L2-12-2021-08-10-06-58-05-UTC/mlperf-inference/closed/NVIDIA/build/power_logs/2021.08.10-06.06.20/ranging_tmp/*/*/*/mlperf_log_detail.txt /home/scratch.mlperf_inf_ci/mlPerf/L2/A100x8_MaxQ-Computelab-A100x8-MaxQ-L2-12-2021-08-10-06-58-05-UTC/mlperf-inference/closed/NVIDIA/build/power_logs_temp/ \\\n\t\t\t\t&& cp -v /home/scratch.mlperf_inf_ci/mlPerf/L2/A100x8_MaxQ-Computelab-A100x8-MaxQ-L2-12-2021-08-10-06-58-05-UTC/mlperf-inference/closed/NVIDIA/build/power_logs/2021.08.10-06.06.20/ranging_tmp/*/*/*/mlperf_log_summary.txt /home/scratch.mlperf_inf_ci/mlPerf/L2/A100x8_MaxQ-Computelab-A100x8-MaxQ-L2-12-2021-08-10-06-58-05-UTC/mlperf-inference/closed/NVIDIA/build/power_logs_temp/; \\\n\t\t\telse mkdir /home/scratch.mlperf_inf_ci/mlPerf/L2/A100x8_MaxQ-Computelab-A100x8-MaxQ-L2-12-2021-08-10-06-58-05-UTC/mlperf-inference/closed/NVIDIA/build/power_logs/2021.08.10-06.06.20/testing_tmp \\\n\t\t\t\t&& mv /home/scratch.mlperf_inf_ci/mlPerf/L2/A100x8_MaxQ-Computelab-A100x8-MaxQ-L2-12-2021-08-10-06-58-05-UTC/mlperf-inference/closed/NVIDIA/build/power_logs_temp/* /home/scratch.mlperf_inf_ci/mlPerf/L2/A100x8_MaxQ-Computelab-A100x8-MaxQ-L2-12-2021-08-10-06-58-05-UTC/mlperf-inference/closed/NVIDIA/build/power_logs/2021.08.10-06.06.20/testing_tmp/ \\\n\t\t\t\t&& cp -v /home/scratch.mlperf_inf_ci/mlPerf/L2/A100x8_MaxQ-Computelab-A100x8-MaxQ-L2-12-2021-08-10-06-58-05-UTC/mlperf-inference/closed/NVIDIA/build/power_logs/2021.08.10-06.06.20/testing_tmp/*/*/*/mlperf_log_detail.txt /home/scratch.mlperf_inf_ci/mlPerf/L2/A100x8_MaxQ-Computelab-A100x8-MaxQ-L2-12-2021-08-10-06-58-05-UTC/mlperf-inference/closed/NVIDIA/build/power_logs_temp/ \\\n\t\t\t\t&& cp -v /home/scratch.mlperf_inf_ci/mlPerf/L2/A100x8_MaxQ-Computelab-A100x8-MaxQ-L2-12-2021-08-10-06-58-05-UTC/mlperf-inference/closed/NVIDIA/build/power_logs/2021.08.10-06.06.20/testing_tmp/*/*/*/mlperf_log_summary.txt /home/scratch.mlperf_inf_ci/mlPerf/L2/A100x8_MaxQ-Computelab-A100x8-MaxQ-L2-12-2021-08-10-06-58-05-UTC/mlperf-inference/closed/NVIDIA/build/power_logs_temp/; fi'
client 2021-08-10 06:38:14,766 [INFO] Sending command to the server: 'session,2021-08-10_06-06-41,stop,testing'
client 2021-08-10 06:38:24,803 [INFO] Got response: 'OK'
client 2021-08-10 06:38:24,806 [INFO] Copying loadgen logs from '/home/scratch.mlperf_inf_ci/mlPerf/L2/A100x8_MaxQ-Computelab-A100x8-MaxQ-L2-12-2021-08-10-06-58-05-UTC/mlperf-inference/closed/NVIDIA/build/power_logs_temp' to '/home/scratch.mlperf_inf_ci/mlPerf/L2/A100x8_MaxQ-Computelab-A100x8-MaxQ-L2-12-2021-08-10-06-58-05-UTC/mlperf-inference/closed/NVIDIA/build/power_logs/2021.08.10-06.06.20/2021-08-10_06-06-41/run_1'
client 2021-08-10 06:38:24,816 [INFO] Done runs
