ptd-server 2021-08-10 06:06:31,566 [INFO] Got command from the client 'stop'
ptd-server 2021-08-10 06:06:31,566 [INFO] The server will be stopped after processing this client
ptd-server 2021-08-10 06:06:31,566 [INFO] Sending reply to client 'OK'
ptd-server 2021-08-10 06:06:31,800 [INFO] Got command from the client 'time'
ptd-server 2021-08-10 06:06:31,800 [INFO] Sending reply to client '1628600791.800618'
ptd-server 2021-08-10 06:06:31,800 [INFO] Got command from the client 'set_ntp'
ptd-server 2021-08-10 06:06:31,800 [INFO] Synchronizing with ib-01.dc4-in.nvidia.com time using NTP...
ptd-server 2021-08-10 06:06:32,972 [INFO] Set system time at 2021-08-10 06:06:32.972055
ptd-server 2021-08-10 06:06:32,972 [INFO] Sending reply to client 'OK'
ptd-server 2021-08-10 06:06:41,292 [INFO] Got command from the client 'time'
ptd-server 2021-08-10 06:06:41,292 [INFO] Sending reply to client '1628600801.2926512'
ptd-server 2021-08-10 06:06:41,292 [INFO] Got command from the client 'new,,7e4b10c1-178c-475c-b589-5373bdc647da'
ptd-server 2021-08-10 06:06:41,292 [INFO] Sending reply to client 'OK 2021-08-10_06-06-41,fd4371fa-18e3-4ea5-8d6b-3bdef83855b2'
ptd-server 2021-08-10 06:06:41,495 [INFO] Got command from the client 'time'
ptd-server 2021-08-10 06:06:41,495 [INFO] Sending reply to client '1628600801.495801'
ptd-server 2021-08-10 06:06:41,495 [INFO] Got command from the client 'session,2021-08-10_06-06-41,start,ranging'
ptd-server 2021-08-10 06:06:41,605 [INFO] Running PTDaemon: ['C:\\PTD\\ptd-windows-x86.exe', '-l', 'C:\\Users\\lab\\AppData\\Local\\Temp\\tmpdghs_nw1\\ptd_logfile.txt', '-p', '8888', '-c', '1,3', '-y', '77', '172.22.0.90']
ptd-server 2021-08-10 06:07:00,806 [INFO] Sending to ptd: 'Hello'
ptd-server 2021-08-10 06:07:00,806 [INFO] Reply from ptd: 'Hello, PTDaemon here!'
ptd-server 2021-08-10 06:07:00,806 [INFO] Sending to ptd: 'Identify'
ptd-server 2021-08-10 06:07:00,806 [INFO] Reply from ptd: 'YokogawaWT330_multichannel,1000,1,1,1,1,0,0,1,version=1.9.2-3976349f-20201208,OS=Windows 8 / Server 2012,mode=power,1,1,2,0,0,no_cal_date,YOKOGAWA;WT333E;C2WA21018V;F1.04'
ptd-server 2021-08-10 06:07:00,806 [INFO] Connected to PTDaemon
ptd-server 2021-08-10 06:07:00,806 [INFO] Sending to ptd: 'RR'
ptd-server 2021-08-10 06:07:00,806 [INFO] Reply from ptd: 'Ranges,0,20.000000,1,300.000000'
ptd-server 2021-08-10 06:07:00,806 [INFO] Initial range for Amps is 20.000000 for Volts is Auto
ptd-server 2021-08-10 06:07:00,806 [INFO] Sending to ptd: 'SR,V,Auto'
ptd-server 2021-08-10 06:07:05,877 [INFO] Reply from ptd: 'Range V changed'
ptd-server 2021-08-10 06:07:05,877 [INFO] Sending to ptd: 'SR,A,20'
ptd-server 2021-08-10 06:07:11,472 [INFO] Reply from ptd: 'Range A changed'
ptd-server 2021-08-10 06:07:21,482 [INFO] Starting ranging mode
ptd-server 2021-08-10 06:07:21,482 [INFO] Sending to ptd: 'Go,1000,0,2021-08-10_06-06-41_ranging'
ptd-server 2021-08-10 06:07:21,482 [INFO] Reply from ptd: 'Starting untimed measurement, maximum 500000 samples at 1000ms with 0 rampup samples'
ptd-server 2021-08-10 06:07:21,482 [INFO] Sending reply to client 'OK'
ptd-server 2021-08-10 06:22:31,286 [INFO] Got command from the client 'session,2021-08-10_06-06-41,stop,ranging'
ptd-server 2021-08-10 06:22:41,313 [INFO] Sending to ptd: 'Stop'
ptd-server 2021-08-10 06:22:41,313 [INFO] Reply from ptd: 'Stopping untimed measurement'
ptd-server 2021-08-10 06:22:41,360 [INFO] Sending reply to client 'OK'
ptd-server 2021-08-10 06:22:41,579 [INFO] Got command from the client 'time'
ptd-server 2021-08-10 06:22:41,579 [INFO] Sending reply to client '1628601761.5790675'
ptd-server 2021-08-10 06:22:41,579 [INFO] Got command from the client 'session,2021-08-10_06-06-41,start,testing'
ptd-server 2021-08-10 06:22:41,579 [INFO] Sending to ptd: 'SR,V,233.530000'
ptd-server 2021-08-10 06:22:47,685 [INFO] Reply from ptd: 'Range V changed'
ptd-server 2021-08-10 06:22:47,685 [INFO] Sending to ptd: 'SR,A,5.197000'
ptd-server 2021-08-10 06:22:53,278 [INFO] Reply from ptd: 'Range A changed'
ptd-server 2021-08-10 06:23:03,285 [INFO] Starting testing mode
ptd-server 2021-08-10 06:23:03,285 [INFO] Sending to ptd: 'Go,1000,0,2021-08-10_06-06-41_testing'
ptd-server 2021-08-10 06:23:03,285 [INFO] Reply from ptd: 'Starting untimed measurement, maximum 500000 samples at 1000ms with 0 rampup samples'
ptd-server 2021-08-10 06:23:03,285 [INFO] Sending reply to client 'OK'
ptd-server 2021-08-10 06:38:14,789 [INFO] Got command from the client 'session,2021-08-10_06-06-41,stop,testing'
ptd-server 2021-08-10 06:38:24,820 [INFO] Sending to ptd: 'Stop'
ptd-server 2021-08-10 06:38:24,820 [INFO] Reply from ptd: 'Stopping untimed measurement'
ptd-server 2021-08-10 06:38:24,836 [INFO] Sending reply to client 'OK'
ptd-server 2021-08-10 06:38:24,851 [INFO] Got command from the client 'session,2021-08-10_06-06-41,done'
ptd-server 2021-08-10 06:38:24,851 [INFO] Sending to ptd: 'Stop'
ptd-server 2021-08-10 06:38:25,289 [INFO] Reply from ptd: 'Error: no measurement to stop'
ptd-server 2021-08-10 06:38:25,289 [INFO] Sending to ptd: 'SR,V,Auto'
ptd-server 2021-08-10 06:38:30,354 [INFO] Reply from ptd: 'Range V changed'
ptd-server 2021-08-10 06:38:30,354 [INFO] Sending to ptd: 'SR,A,20.000000'
ptd-server 2021-08-10 06:38:35,948 [INFO] Reply from ptd: 'Range A changed'
ptd-server 2021-08-10 06:38:35,948 [INFO] Set initial values for Amps 20.000000 and Volts Auto
ptd-server 2021-08-10 06:38:35,948 [INFO] Stopping ptd...
