ptd-server 2021-08-04 04:27:59,270 [INFO] Got command from the client 'stop'
ptd-server 2021-08-04 04:27:59,270 [INFO] The server will be stopped after processing this client
ptd-server 2021-08-04 04:27:59,270 [INFO] Sending reply to client 'OK'
ptd-server 2021-08-04 04:27:59,683 [INFO] Got command from the client 'time'
ptd-server 2021-08-04 04:27:59,699 [INFO] Sending reply to client '1628076479.6991675'
ptd-server 2021-08-04 04:27:59,699 [INFO] Got command from the client 'new,,2f8750d8-74f0-4e18-9f48-c62c9a456ddc'
ptd-server 2021-08-04 04:27:59,699 [INFO] Sending reply to client 'OK 2021-08-04_04-27-59,54b6578d-d278-4d61-9e65-7c9de585eb40'
ptd-server 2021-08-04 04:27:59,918 [INFO] Got command from the client 'time'
ptd-server 2021-08-04 04:27:59,918 [INFO] Sending reply to client '1628076479.9180586'
ptd-server 2021-08-04 04:27:59,918 [INFO] Got command from the client 'session,2021-08-04_04-27-59,start,ranging'
ptd-server 2021-08-04 04:28:00,027 [INFO] Running PTDaemon: ['C:\\PTD\\ptd-windows-x86.exe', '-l', 'C:\\Users\\lab\\AppData\\Local\\Temp\\tmpt1l2ccd1\\ptd_logfile.txt', '-p', '8888', '-c', '3', '-y', '52', '10.32.209.251']
ptd-server 2021-08-04 04:28:17,629 [INFO] Sending to ptd: 'Hello'
ptd-server 2021-08-04 04:28:17,629 [INFO] Reply from ptd: 'Hello, PTDaemon here!'
ptd-server 2021-08-04 04:28:17,629 [INFO] Sending to ptd: 'Identify'
ptd-server 2021-08-04 04:28:17,629 [INFO] Reply from ptd: 'YokogawaWT330E,1000,1,1,1,1,0,0,1,version=1.9.2-3976349f-20201208,OS=Windows 8 / Server 2012,mode=power,1,1,1,0,0,no_cal_date,YOKOGAWA;WT333E;C2VL22012V;F1.04'
ptd-server 2021-08-04 04:28:17,629 [INFO] Connected to PTDaemon
ptd-server 2021-08-04 04:28:17,629 [INFO] Sending to ptd: 'RR'
ptd-server 2021-08-04 04:28:17,629 [INFO] Reply from ptd: 'Ranges,0,10.000000,1,150.000000'
ptd-server 2021-08-04 04:28:17,629 [INFO] Initial range for Amps is 10.000000 for Volts is Auto
ptd-server 2021-08-04 04:28:17,629 [INFO] Sending to ptd: 'SR,V,Auto'
ptd-server 2021-08-04 04:28:18,145 [INFO] Reply from ptd: 'Range V changed'
ptd-server 2021-08-04 04:28:18,145 [INFO] Sending to ptd: 'SR,A,20'
ptd-server 2021-08-04 04:28:19,677 [INFO] Reply from ptd: 'Range A changed'
ptd-server 2021-08-04 04:28:29,677 [INFO] Starting ranging mode
ptd-server 2021-08-04 04:28:29,677 [INFO] Sending to ptd: 'Go,1000,0,2021-08-04_04-27-59_ranging'
ptd-server 2021-08-04 04:28:29,677 [INFO] Reply from ptd: 'Starting untimed measurement, maximum 500000 samples at 1000ms with 0 rampup samples'
ptd-server 2021-08-04 04:28:29,677 [INFO] Sending reply to client 'OK'
ptd-server 2021-08-04 04:38:56,272 [INFO] Got command from the client 'session,2021-08-04_04-27-59,stop,ranging'
ptd-server 2021-08-04 04:39:06,278 [INFO] Sending to ptd: 'Stop'
ptd-server 2021-08-04 04:39:06,278 [INFO] Reply from ptd: 'Stopping untimed measurement'
ptd-server 2021-08-04 04:39:06,293 [INFO] Sending reply to client 'OK'
ptd-server 2021-08-04 04:39:06,559 [INFO] Got command from the client 'time'
ptd-server 2021-08-04 04:39:06,559 [INFO] Sending reply to client '1628077146.5594943'
ptd-server 2021-08-04 04:39:06,559 [INFO] Got command from the client 'session,2021-08-04_04-27-59,start,testing'
ptd-server 2021-08-04 04:39:06,559 [INFO] Sending to ptd: 'SR,V,120.810000'
ptd-server 2021-08-04 04:39:08,213 [INFO] Reply from ptd: 'Range V changed'
ptd-server 2021-08-04 04:39:08,213 [INFO] Sending to ptd: 'SR,A,0.321000'
ptd-server 2021-08-04 04:39:09,745 [INFO] Reply from ptd: 'Range A changed'
ptd-server 2021-08-04 04:39:19,759 [INFO] Starting testing mode
ptd-server 2021-08-04 04:39:19,759 [INFO] Sending to ptd: 'Go,1000,0,2021-08-04_04-27-59_testing'
ptd-server 2021-08-04 04:39:19,759 [INFO] Reply from ptd: 'Starting untimed measurement, maximum 500000 samples at 1000ms with 0 rampup samples'
ptd-server 2021-08-04 04:39:19,759 [INFO] Sending reply to client 'OK'
ptd-server 2021-08-04 04:49:44,553 [INFO] Got command from the client 'session,2021-08-04_04-27-59,stop,testing'
ptd-server 2021-08-04 04:49:54,559 [INFO] Sending to ptd: 'Stop'
ptd-server 2021-08-04 04:49:54,559 [INFO] Reply from ptd: 'Stopping untimed measurement'
ptd-server 2021-08-04 04:49:54,559 [INFO] Sending reply to client 'OK'
ptd-server 2021-08-04 04:49:54,652 [INFO] Got command from the client 'session,2021-08-04_04-27-59,done'
ptd-server 2021-08-04 04:49:54,652 [INFO] Sending to ptd: 'Stop'
ptd-server 2021-08-04 04:49:54,762 [INFO] Reply from ptd: 'Error: no measurement to stop'
ptd-server 2021-08-04 04:49:54,762 [INFO] Sending to ptd: 'SR,V,Auto'
ptd-server 2021-08-04 04:49:55,278 [INFO] Reply from ptd: 'Range V changed'
ptd-server 2021-08-04 04:49:55,278 [INFO] Sending to ptd: 'SR,A,10.000000'
ptd-server 2021-08-04 04:49:56,810 [INFO] Reply from ptd: 'Range A changed'
ptd-server 2021-08-04 04:49:56,810 [INFO] Set initial values for Amps 10.000000 and Volts Auto
ptd-server 2021-08-04 04:49:56,810 [INFO] Stopping ptd...
