ptd-server 2021-08-12 21:38:32,944 [INFO] Got command from the client 'stop'
ptd-server 2021-08-12 21:38:32,945 [INFO] The server will be stopped after processing this client
ptd-server 2021-08-12 21:38:32,945 [INFO] Sending reply to client 'OK'
ptd-server 2021-08-12 21:38:32,953 [INFO] Got command from the client 'time'
ptd-server 2021-08-12 21:38:32,953 [INFO] Sending reply to client '1628804312.9537206'
ptd-server 2021-08-12 21:38:32,955 [INFO] Got command from the client 'new,,01c54847-3a2b-42b5-9b01-10c3241f9a34'
ptd-server 2021-08-12 21:38:32,956 [INFO] Sending reply to client 'OK 2021-08-12_21-38-32,7b6efa5a-3d72-4a08-8571-a88db22de89c'
ptd-server 2021-08-12 21:38:32,961 [INFO] Got command from the client 'time'
ptd-server 2021-08-12 21:38:32,962 [INFO] Sending reply to client '1628804312.962107'
ptd-server 2021-08-12 21:38:32,963 [INFO] Got command from the client 'session,2021-08-12_21-38-32,start,ranging'
ptd-server 2021-08-12 21:38:33,065 [INFO] Running PTDaemon: ['.\\ptd-windows-x86.exe', '-l', 'C:\\Users\\root\\AppData\\Local\\Temp\\tmpio2_01hk\\ptd_logfile.txt', '-p', '8888', '-g', '8', '1']
ptd-server 2021-08-12 21:38:45,816 [INFO] Sending to ptd: 'Hello'
ptd-server 2021-08-12 21:38:45,818 [INFO] Reply from ptd: 'Hello, PTDaemon here!'
ptd-server 2021-08-12 21:38:45,818 [INFO] Sending to ptd: 'Identify'
ptd-server 2021-08-12 21:38:45,819 [INFO] Reply from ptd: 'YokogawaWT210,1000,1,1,1,1,0,0,1,version=1.9.2-3976349f-20201208,OS=Windows 8 / Server 2012,mode=power,1,1,1,0,0,no_cal_date,YOKOGAWA;760401;0;F1.12'
ptd-server 2021-08-12 21:38:45,820 [INFO] Connected to PTDaemon
ptd-server 2021-08-12 21:38:45,821 [INFO] Sending to ptd: 'RR'
ptd-server 2021-08-12 21:38:45,821 [INFO] Reply from ptd: 'Ranges,1,5.000000,1,150.000000'
ptd-server 2021-08-12 21:38:45,822 [INFO] Initial range for Amps is Auto for Volts is Auto
ptd-server 2021-08-12 21:38:45,822 [INFO] Sending to ptd: 'SR,V,Auto'
ptd-server 2021-08-12 21:38:46,349 [INFO] Reply from ptd: 'Range V changed'
ptd-server 2021-08-12 21:38:46,349 [INFO] Sending to ptd: 'SR,A,Auto'
ptd-server 2021-08-12 21:38:46,879 [INFO] Reply from ptd: 'Range A changed'
ptd-server 2021-08-12 21:38:56,895 [INFO] Starting ranging mode
ptd-server 2021-08-12 21:38:56,895 [INFO] Sending to ptd: 'Go,1000,0,2021-08-12_21-38-32_ranging'
ptd-server 2021-08-12 21:38:56,896 [INFO] Reply from ptd: 'Starting untimed measurement, maximum 500000 samples at 1000ms with 0 rampup samples'
ptd-server 2021-08-12 21:38:56,897 [INFO] Sending reply to client 'OK'
ptd-server 2021-08-12 21:56:48,321 [INFO] Got command from the client 'session,2021-08-12_21-38-32,stop,ranging'
ptd-server 2021-08-12 21:56:58,324 [INFO] Sending to ptd: 'Stop'
ptd-server 2021-08-12 21:56:58,325 [INFO] Reply from ptd: 'Stopping untimed measurement'
ptd-server 2021-08-12 21:56:58,355 [INFO] Sending reply to client 'OK'
ptd-server 2021-08-12 21:56:58,370 [INFO] Got command from the client 'time'
ptd-server 2021-08-12 21:56:58,370 [INFO] Sending reply to client '1628805418.3701735'
ptd-server 2021-08-12 21:56:58,371 [INFO] Got command from the client 'session,2021-08-12_21-38-32,start,testing'
ptd-server 2021-08-12 21:56:58,372 [INFO] Sending to ptd: 'SR,V,120.880000'
ptd-server 2021-08-12 21:57:00,434 [INFO] Reply from ptd: 'Range V changed'
ptd-server 2021-08-12 21:57:00,435 [INFO] Sending to ptd: 'SR,A,4.754000'
ptd-server 2021-08-12 21:57:01,952 [INFO] Reply from ptd: 'Range A changed'
ptd-server 2021-08-12 21:57:11,963 [INFO] Starting testing mode
ptd-server 2021-08-12 21:57:11,963 [INFO] Sending to ptd: 'Go,1000,0,2021-08-12_21-38-32_testing'
ptd-server 2021-08-12 21:57:11,964 [INFO] Reply from ptd: 'Starting untimed measurement, maximum 500000 samples at 1000ms with 0 rampup samples'
ptd-server 2021-08-12 21:57:11,965 [INFO] Sending reply to client 'OK'
ptd-server 2021-08-12 22:15:03,563 [INFO] Got command from the client 'session,2021-08-12_21-38-32,stop,testing'
ptd-server 2021-08-12 22:15:13,573 [INFO] Sending to ptd: 'Stop'
ptd-server 2021-08-12 22:15:13,573 [INFO] Reply from ptd: 'Stopping untimed measurement'
ptd-server 2021-08-12 22:15:13,604 [INFO] Sending reply to client 'OK'
ptd-server 2021-08-12 22:15:13,611 [INFO] Got command from the client 'session,2021-08-12_21-38-32,done'
ptd-server 2021-08-12 22:15:13,611 [INFO] Sending to ptd: 'Stop'
ptd-server 2021-08-12 22:15:13,971 [INFO] Reply from ptd: 'Error: no measurement to stop'
ptd-server 2021-08-12 22:15:13,971 [INFO] Sending to ptd: 'SR,V,Auto'
ptd-server 2021-08-12 22:15:14,490 [INFO] Reply from ptd: 'Range V changed'
ptd-server 2021-08-12 22:15:14,492 [INFO] Sending to ptd: 'SR,A,Auto'
ptd-server 2021-08-12 22:15:15,022 [INFO] Reply from ptd: 'Range A changed'
ptd-server 2021-08-12 22:15:15,023 [INFO] Set initial values for Amps Auto and Volts Auto
ptd-server 2021-08-12 22:15:15,024 [INFO] Stopping ptd...
