ptd-server 2021-08-16 20:02:34,238 [INFO] Got command from the client 'stop'
ptd-server 2021-08-16 20:02:34,238 [INFO] The server will be stopped after processing this client
ptd-server 2021-08-16 20:02:34,238 [INFO] Sending reply to client 'OK'
ptd-server 2021-08-16 20:02:34,238 [INFO] Got command from the client 'time'
ptd-server 2021-08-16 20:02:34,238 [INFO] Sending reply to client '1629144154.238692'
ptd-server 2021-08-16 20:02:34,238 [INFO] Got command from the client 'new,,2f8847e9-5e63-44b0-b9f9-e8ccceb72886'
ptd-server 2021-08-16 20:02:34,238 [INFO] Sending reply to client 'OK 2021-08-16_20-02-34,e861428b-0b64-471d-8300-4e6a8cb88206'
ptd-server 2021-08-16 20:02:34,238 [INFO] Got command from the client 'time'
ptd-server 2021-08-16 20:02:34,238 [INFO] Sending reply to client '1629144154.238692'
ptd-server 2021-08-16 20:02:34,238 [INFO] Got command from the client 'session,2021-08-16_20-02-34,start,ranging'
ptd-server 2021-08-16 20:02:34,348 [INFO] Running PTDaemon: ['C:\\PTD\\ptd-windows-x86.exe', '-l', 'C:\\Users\\pa\\AppData\\Local\\Temp\\tmprc8ihuba\\ptd_logfile.txt', '-p', '8888', '-c', '1,2', '-y', '77', 'C2WL21005V']
ptd-server 2021-08-16 20:02:52,453 [INFO] Sending to ptd: 'Hello'
ptd-server 2021-08-16 20:02:52,453 [INFO] Reply from ptd: 'Hello, PTDaemon here!'
ptd-server 2021-08-16 20:02:52,453 [INFO] Sending to ptd: 'Identify'
ptd-server 2021-08-16 20:02:52,453 [INFO] Reply from ptd: 'YokogawaWT330_multichannel,1000,1,1,1,1,0,0,1,version=1.9.2-3976349f-20201208,OS=Windows 8 / Server 2012,mode=power,1,1,2,0,0,no_cal_date,YOKOGAWA;WT333E;C2WL21005V;F1.04'
ptd-server 2021-08-16 20:02:52,453 [INFO] Connected to PTDaemon
ptd-server 2021-08-16 20:02:52,453 [INFO] Sending to ptd: 'RR'
ptd-server 2021-08-16 20:02:52,453 [INFO] Reply from ptd: 'Ranges,-1,-1.000000,-1,-1.000000'
ptd-server 2021-08-16 20:02:52,453 [INFO] Initial range for Amps is Auto for Volts is Auto
ptd-server 2021-08-16 20:02:52,453 [INFO] Sending to ptd: 'SR,V,Auto'
ptd-server 2021-08-16 20:02:57,520 [INFO] Reply from ptd: 'Range V changed'
ptd-server 2021-08-16 20:02:57,520 [INFO] Sending to ptd: 'SR,A,20'
ptd-server 2021-08-16 20:03:03,105 [INFO] Reply from ptd: 'Range A changed'
ptd-server 2021-08-16 20:03:13,114 [INFO] Starting ranging mode
ptd-server 2021-08-16 20:03:13,114 [INFO] Sending to ptd: 'Go,1000,0,2021-08-16_20-02-34_ranging'
ptd-server 2021-08-16 20:03:13,114 [INFO] Reply from ptd: 'Starting untimed measurement, maximum 500000 samples at 1000ms with 0 rampup samples'
ptd-server 2021-08-16 20:03:13,114 [INFO] Sending reply to client 'OK'
ptd-server 2021-08-16 20:13:30,424 [INFO] Got command from the client 'session,2021-08-16_20-02-34,stop,ranging'
ptd-server 2021-08-16 20:13:40,433 [INFO] Sending to ptd: 'Stop'
ptd-server 2021-08-16 20:13:40,433 [INFO] Reply from ptd: 'Stopping untimed measurement'
ptd-server 2021-08-16 20:13:40,449 [INFO] Sending reply to client 'OK'
ptd-server 2021-08-16 20:13:40,480 [INFO] Got command from the client 'time'
ptd-server 2021-08-16 20:13:40,480 [INFO] Sending reply to client '1629144820.4807546'
ptd-server 2021-08-16 20:13:40,480 [INFO] Got command from the client 'session,2021-08-16_20-02-34,start,testing'
ptd-server 2021-08-16 20:13:40,480 [INFO] Sending to ptd: 'SR,V,118.440000'
ptd-server 2021-08-16 20:13:47,199 [INFO] Reply from ptd: 'Range V changed'
ptd-server 2021-08-16 20:13:47,199 [INFO] Sending to ptd: 'SR,A,7.133000'
ptd-server 2021-08-16 20:13:52,770 [INFO] Reply from ptd: 'Range A changed'
ptd-server 2021-08-16 20:14:02,780 [INFO] Starting testing mode
ptd-server 2021-08-16 20:14:02,780 [INFO] Sending to ptd: 'Go,1000,0,2021-08-16_20-02-34_testing'
ptd-server 2021-08-16 20:14:02,780 [INFO] Reply from ptd: 'Starting untimed measurement, maximum 500000 samples at 1000ms with 0 rampup samples'
ptd-server 2021-08-16 20:14:02,780 [INFO] Sending reply to client 'OK'
ptd-server 2021-08-16 20:24:20,243 [INFO] Got command from the client 'session,2021-08-16_20-02-34,stop,testing'
ptd-server 2021-08-16 20:24:30,265 [INFO] Sending to ptd: 'Stop'
ptd-server 2021-08-16 20:24:30,265 [INFO] Reply from ptd: 'Stopping untimed measurement'
ptd-server 2021-08-16 20:24:30,265 [INFO] Sending reply to client 'OK'
ptd-server 2021-08-16 20:24:30,296 [INFO] Got command from the client 'session,2021-08-16_20-02-34,done'
ptd-server 2021-08-16 20:24:30,296 [INFO] Sending to ptd: 'Stop'
ptd-server 2021-08-16 20:24:30,784 [INFO] Reply from ptd: 'Error: no measurement to stop'
ptd-server 2021-08-16 20:24:30,784 [INFO] Sending to ptd: 'SR,V,Auto'
ptd-server 2021-08-16 20:24:35,851 [INFO] Reply from ptd: 'Range V changed'
ptd-server 2021-08-16 20:24:35,851 [INFO] Sending to ptd: 'SR,A,Auto'
ptd-server 2021-08-16 20:24:40,921 [INFO] Reply from ptd: 'Range A changed'
ptd-server 2021-08-16 20:24:40,921 [INFO] Set initial values for Amps Auto and Volts Auto
ptd-server 2021-08-16 20:24:40,921 [INFO] Stopping ptd...
